20:03:29.170 [main                     ] DEBUG Logger               - Configured Logger
20:03:29.178 [main                     ] DEBUG GameApplication      - Logging settings
Title: Among Us - Java Edition
Version: 0.0
Width: 800
Height: 600
Fullscreen: false
Intro: false
Profiling: false
Single step:false
App Mode: DEVELOPER
Menu Key: ESCAPE
Stage Style: DECORATED
Scene Factory: class com.almasb.fxgl.app.scene.SceneFactory

20:03:29.685 [JavaFX Application Thread] DEBUG FXGLApplication      - Initializing FXGL
20:03:29.688 [JavaFX Application Thread] INFO  Engine               - FXGL-21.1 (26.03.2024 17.33) on WINDOWS (J:25.0.2 FX:21.0.1)
20:03:29.689 [JavaFX Application Thread] DEBUG Engine               - JRE Vendor Name: Oracle Corporation
20:03:29.689 [JavaFX Application Thread] DEBUG Engine               - Running on OS: Windows 11 version 10.0
20:03:29.689 [JavaFX Application Thread] DEBUG Engine               - Architecture: amd64
20:03:29.690 [JavaFX Application Thread] INFO  Engine               - Source code and latest versions at: https://github.com/AlmasB/FXGL
20:03:29.690 [JavaFX Application Thread] INFO  Engine               -       Ask questions and discuss at: https://github.com/AlmasB/FXGL/discussions
20:03:29.690 [JavaFX Application Thread] INFO  Engine               -              Join the FXGL chat at: https://gitter.im/AlmasB/FXGL
20:03:29.786 [JavaFX Application Thread] DEBUG PrimaryStageWindow   - Creating a JavaFX scene
20:03:29.835 [JavaFX Application Thread] DEBUG PrimaryStageWindow   - Target settings size: 800.0 x 600.0
20:03:29.835 [JavaFX Application Thread] DEBUG PrimaryStageWindow   - Scaled scene size:    800.0 x 600.0
20:03:29.836 [JavaFX Application Thread] DEBUG PrimaryStageWindow   - Scaled ratio: (1.0, 1.0)
20:03:29.837 [JavaFX Application Thread] DEBUG PrimaryStageWindow   - Set initial scene to FXGLStartupScene
20:03:29.842 [JavaFX Application Thread] DEBUG PrimaryStageWindow   - Opening main window
20:03:29.970 [JavaFX Application Thread] DEBUG PrimaryStageWindow   - Window border size: (14.66668701171875, 37.33331298828125)
20:03:29.970 [JavaFX Application Thread] DEBUG PrimaryStageWindow   - Scaled size: 800.0 x 600.0
20:03:29.970 [JavaFX Application Thread] DEBUG PrimaryStageWindow   - Scaled ratio: (1.0, 1.0)
20:03:29.970 [JavaFX Application Thread] DEBUG PrimaryStageWindow   - Scene size: 800.0 x 600.0
20:03:29.970 [JavaFX Application Thread] DEBUG PrimaryStageWindow   - Stage size: 814.6666870117188 x 637.3333129882812
20:03:29.978 [FXGL Background Thread 1 ] DEBUG Engine               - Initializing environment variables
20:03:30.083 [FXGL Background Thread 1 ] DEBUG FXGLAssetLoaderServi - User app class for loading assets: class main.java.amongUs.AppPrincipal
20:03:30.083 [FXGL Background Thread 1 ] DEBUG GameApplicationServi - Applying CSS: fxgl_dark.css
20:03:30.084 [FXGL Background Thread 1 ] DEBUG FXGLAssetLoaderServi - Loading from file system: jar:file:/C:/Users/nicol/Desktop/amongu/lib/fxgl-21.1-uber.jar!/fxglassets/ui/css/fxgl_dark.css
20:03:30.119 [FXGL Background Thread 1 ] DEBUG GameApplicationServi - Initializing application scenes
20:03:30.156 [FXGL Background Thread 1 ] DEBUG GameWorld            - Game world initialized
20:03:30.209 [FXGL Background Thread 1 ] DEBUG PhysicsWorld         - Physics world initialized: appHeight=600, physics.ppm=50,0
20:03:30.210 [FXGL Background Thread 1 ] DEBUG PhysicsWorld         - Using strategy: BRUTE_FORCE
20:03:30.215 [FXGL Background Thread 1 ] DEBUG GameScene            - Game scene initialized: 800x600
20:03:30.229 [FXGL Background Thread 1 ] DEBUG FXGL.DefaultMenu     - createMenuBodyGameMenu()
20:03:30.241 [FXGL Background Thread 1 ] DEBUG FXGL.DefaultMenu     - createOptionsMenu()
20:03:30.260 [FXGL Background Thread 1 ] DEBUG FXGLAssetLoaderServi - Loading from file system: jar:file:/C:/Users/nicol/Desktop/amongu/lib/fxgl-21.1-uber.jar!/fxglassets/textures/particles/smoke.png
20:03:30.345 [FXGL Background Thread 1 ] DEBUG FXGLAssetLoaderServi - Loading from file system: jar:file:/C:/Users/nicol/Desktop/amongu/lib/fxgl-21.1-uber.jar!/fxglassets/textures/particles/trace_horizontal.png
20:03:30.366 [FXGL Background Thread 1 ] DEBUG GameApplicationServi - Application scenes initialized
20:03:30.377 [FXGL Background Thread 1 ] DEBUG SystemBundleService  - Loading FXGL system data
20:03:30.381 [FXGL Background Thread 1 ] DEBUG FileSystemAccess     - Reading from: C:\Users\nicol\Desktop\amongu\system\fxgl.bundle
20:03:30.385 [FXGL Background Thread 1 ] DEBUG SystemBundleService  - Bundle FXGL: {}
20:03:30.386 [FXGL Background Thread 1 ] DEBUG UpdaterService       - Checking for updates
20:03:30.390 [FXGL Background Thread 4 ] DEBUG FXGLApplication      - Loading fonts
20:03:30.391 [FXGL Background Thread 1 ] DEBUG FXGLApplication      - Loading default localization
20:03:30.391 [FXGL Background Thread 4 ] DEBUG FXGLAssetLoaderServi - Loading from file system: jar:file:/C:/Users/nicol/Desktop/amongu/lib/fxgl-21.1-uber.jar!/fxglassets/ui/fonts/VarelaRound-Regular.ttf
20:03:30.391 [FXGL Background Thread 1 ] DEBUG FXGLAssetLoaderServi - Loading from file system: jar:file:/C:/Users/nicol/Desktop/amongu/lib/fxgl-21.1-uber.jar!/fxglassets/languages/english.lang
20:03:30.408 [FXGL Background Thread 1 ] INFO  FXGLApplication      - FXGL initialization took: 0,429 sec
20:03:30.409 [JavaFX Application Thread] DEBUG FXGLAssetLoaderServi - Loading from file system: jar:file:/C:/Users/nicol/Desktop/amongu/lib/fxgl-21.1-uber.jar!/fxglassets/textures/fxgl_icon.png
20:03:30.431 [JavaFX Application Thread] DEBUG FXGLAssetLoaderServi - Loading from file system: jar:file:/C:/Users/nicol/Desktop/amongu/lib/fxgl-21.1-uber.jar!/fxglassets/textures/fxgl_default_cursor.png
20:03:30.439 [FXGL Background Thread 4 ] DEBUG FXGLAssetLoaderServi - Loading from file system: jar:file:/C:/Users/nicol/Desktop/amongu/lib/fxgl-21.1-uber.jar!/fxglassets/ui/fonts/Abel-Regular.ttf
20:03:30.442 [JavaFX Application Thread] DEBUG Input                - Registered new binding: Screenshot - CTRL+8
20:03:30.443 [JavaFX Application Thread] DEBUG Input                - Registered new binding: System info dump - CTRL+9
20:03:30.443 [JavaFX Application Thread] DEBUG Input                - Registered new binding: Restart - CTRL+R
20:03:30.444 [FXGL Background Thread 4 ] DEBUG FXGLAssetLoaderServi - Loading from file system: jar:file:/C:/Users/nicol/Desktop/amongu/lib/fxgl-21.1-uber.jar!/fxglassets/ui/fonts/TerminalLandMono-Regular.otf
20:03:30.444 [JavaFX Application Thread] DEBUG Input                - Registered new binding: Toggle Debug Camera - CTRL+7
20:03:30.449 [JavaFX Application Thread] DEBUG LoopRunner           - Starting loop
20:03:30.449 [JavaFX Application Thread] DEBUG LoopRunner           - Initializing JavaFX AnimationTimerLoop
20:03:30.450 [FXGL Background Thread 4 ] DEBUG FXGLAssetLoaderServi - Loading from file system: jar:file:/C:/Users/nicol/Desktop/amongu/lib/fxgl-21.1-uber.jar!/fxglassets/ui/fonts/Courier-Prime.ttf
20:03:30.450 [JavaFX Application Thread] DEBUG GameApplicationServi - Starting new game
20:03:30.450 [JavaFX Application Thread] DEBUG Input                - Clearing active input actions
20:03:30.458 [JavaFX Application Thread] DEBUG GameApplicationServi - Removing overlay from FXGLStartupScene and adding to FXGLLoadingScene
20:03:30.459 [JavaFX Application Thread] DEBUG PrimaryStageWindow   - FXGLStartupScene -> FXGLLoadingScene
20:03:30.459 [JavaFX Application Thread] DEBUG GameApplicationServi - Clearing previous game
20:03:30.459 [JavaFX Application Thread] DEBUG GameScene            - Clearing game scene
20:03:30.459 [JavaFX Application Thread] DEBUG GameWorld            - Clearing game world
20:03:30.460 [JavaFX Application Thread] DEBUG PhysicsWorld         - Clearing physics world
20:03:30.462 [FXGL Background Thread 4 ] DEBUG FXGLApplication      - Initializing game
20:03:30.470 [FXGL Background Thread 4 ] WARN  FXGLAssetLoaderServi - Asset "/assets/levels/mapa2.tmx" was not found!
20:03:30.511 [JavaFX Application Thread] DEBUG FXGLApplication      - Registering font factories with UI factory
20:03:31.014 [FXGL Background Thread 4 ] INFO  FXGLApplication      - Game initialization took: 0,553 sec
20:03:31.015 [JavaFX Application Thread] DEBUG Input                - Clearing active input actions
20:03:31.029 [JavaFX Application Thread] DEBUG GameApplicationServi - Removing overlay from FXGLLoadingScene and adding to GameScene
20:03:31.030 [JavaFX Application Thread] DEBUG PrimaryStageWindow   - FXGLLoadingScene -> GameScene
20:03:31.097 [FXGL Background Thread 2 ] INFO  UpdaterService       - Your current version:  21.1
20:03:31.097 [FXGL Background Thread 2 ] INFO  UpdaterService       - Latest stable version: 25
20:03:33.389 [FXGL Background Thread 3 ] DEBUG Engine               - Logging environment variables
20:03:33.391 [FXGL Background Thread 3 ] DEBUG Engine               - achievements: []
20:03:33.391 [FXGL Background Thread 3 ] DEBUG Engine               - actualHeight: 600.0
20:03:33.391 [FXGL Background Thread 3 ] DEBUG Engine               - actualHeightProperty: ReadOnlyDoubleProperty [value: 600.0]
20:03:33.391 [FXGL Background Thread 3 ] DEBUG Engine               - actualWidth: 800.0
20:03:33.392 [FXGL Background Thread 3 ] DEBUG Engine               - actualWidthProperty: ReadOnlyDoubleProperty [value: 800.0]
20:03:33.392 [FXGL Background Thread 3 ] DEBUG Engine               - appIcon: fxgl_icon.png
20:03:33.392 [FXGL Background Thread 3 ] DEBUG Engine               - applicationMode: DEVELOPER
20:03:33.392 [FXGL Background Thread 3 ] DEBUG Engine               - cSSList: [fxgl_dark.css]
20:03:33.392 [FXGL Background Thread 3 ] DEBUG Engine               - collisionDetectionStrategy: BRUTE_FORCE
20:03:33.392 [FXGL Background Thread 3 ] DEBUG Engine               - configClass: Optional.empty
20:03:33.392 [FXGL Background Thread 3 ] DEBUG Engine               - credits: []
20:03:33.393 [FXGL Background Thread 3 ] DEBUG Engine               - defaultCursor: CursorInfo(imageName=fxgl_default_cursor.png, hotspotX=7.0, hotspotY=6.0)
20:03:33.393 [FXGL Background Thread 3 ] DEBUG Engine               - devBBoxColorProperty: ObjectProperty [value: 0xff0000ff]
20:03:33.393 [FXGL Background Thread 3 ] DEBUG Engine               - devEnableDebugCameraProperty: BooleanProperty [value: false]
20:03:33.393 [FXGL Background Thread 3 ] DEBUG Engine               - devSensorColorProperty: ObjectProperty [value: 0xffff00ff]
20:03:33.394 [FXGL Background Thread 3 ] DEBUG Engine               - devShowBBoxProperty: BooleanProperty [value: false]
20:03:33.394 [FXGL Background Thread 3 ] DEBUG Engine               - devShowPositionProperty: BooleanProperty [value: false]
20:03:33.394 [FXGL Background Thread 3 ] DEBUG Engine               - enabledMenuItems: []
20:03:33.394 [FXGL Background Thread 3 ] DEBUG Engine               - engineServices: [class com.almasb.fxgl.app.services.FXGLAssetLoaderService, class com.almasb.fxgl.app.FXGLApplication$GameApplicationService, class com.almasb.fxgl.app.services.FXGLDialogService, class com.almasb.fxgl.app.services.IOTaskExecutorService, class com.almasb.fxgl.io.FileSystemService, class com.almasb.fxgl.localization.LocalizationService, class com.almasb.fxgl.app.services.SystemBundleService, class com.almasb.fxgl.profile.SaveLoadService, class com.almasb.fxgl.ui.FXGLUIFactoryServiceProvider, class com.almasb.fxgl.ui.FXGLDialogFactoryServiceProvider, class com.almasb.fxgl.audio.AudioPlayer, class com.almasb.fxgl.notification.impl.NotificationServiceProvider, class com.almasb.fxgl.achievement.AchievementService, class com.almasb.fxgl.cutscene.CutsceneService, class com.almasb.fxgl.minigames.MiniGameService, class com.almasb.fxgl.net.NetService, class com.almasb.fxgl.app.services.UpdaterService, class com.almasb.fxgl.dev.DevService]
20:03:33.394 [FXGL Background Thread 3 ] DEBUG Engine               - fontGame: Abel-Regular.ttf
20:03:33.395 [FXGL Background Thread 3 ] DEBUG Engine               - fontMono: TerminalLandMono-Regular.otf
20:03:33.395 [FXGL Background Thread 3 ] DEBUG Engine               - fontSizeScaleUI: 1.0
20:03:33.395 [FXGL Background Thread 3 ] DEBUG Engine               - fontText: Courier-Prime.ttf
20:03:33.396 [FXGL Background Thread 3 ] DEBUG Engine               - fontUI: VarelaRound-Regular.ttf
20:03:33.396 [FXGL Background Thread 3 ] DEBUG Engine               - fullScreen: BooleanProperty [value: false]
20:03:33.397 [FXGL Background Thread 3 ] DEBUG Engine               - gameDifficulty: MEDIUM
20:03:33.397 [FXGL Background Thread 3 ] DEBUG Engine               - gameDifficultyProperty: ObjectProperty [value: MEDIUM]
20:03:33.397 [FXGL Background Thread 3 ] DEBUG Engine               - globalMusicVolume: 0.5
20:03:33.397 [FXGL Background Thread 3 ] DEBUG Engine               - globalMusicVolumeProperty: DoubleProperty [value: 0.5]
20:03:33.397 [FXGL Background Thread 3 ] DEBUG Engine               - globalSoundVolume: 0.5
20:03:33.398 [FXGL Background Thread 3 ] DEBUG Engine               - globalSoundVolumeProperty: DoubleProperty [value: 0.5]
20:03:33.398 [FXGL Background Thread 3 ] DEBUG Engine               - height: 600
20:03:33.398 [FXGL Background Thread 3 ] DEBUG Engine               - is3D: false
20:03:33.398 [FXGL Background Thread 3 ] DEBUG Engine               - isAndroid: false
20:03:33.398 [FXGL Background Thread 3 ] DEBUG Engine               - isBrowser: false
20:03:33.399 [FXGL Background Thread 3 ] DEBUG Engine               - isClickFeedbackEnabled: false
20:03:33.399 [FXGL Background Thread 3 ] DEBUG Engine               - isCloseConfirmation: false
20:03:33.399 [FXGL Background Thread 3 ] DEBUG Engine               - isDesktop: true
20:03:33.399 [FXGL Background Thread 3 ] DEBUG Engine               - isDeveloperMenuEnabled: false
20:03:33.399 [FXGL Background Thread 3 ] DEBUG Engine               - isEmbedded: false
20:03:33.399 [FXGL Background Thread 3 ] DEBUG Engine               - isEntityPreloadEnabled: true
20:03:33.399 [FXGL Background Thread 3 ] DEBUG Engine               - isExperimentalTiledLargeMap: false
20:03:33.400 [FXGL Background Thread 3 ] DEBUG Engine               - isFileSystemWriteAllowed: true
20:03:33.400 [FXGL Background Thread 3 ] DEBUG Engine               - isFullScreenAllowed: false
20:03:33.401 [FXGL Background Thread 3 ] DEBUG Engine               - isFullScreenFromStart: false
20:03:33.401 [FXGL Background Thread 3 ] DEBUG Engine               - isGameMenuEnabled: true
20:03:33.401 [FXGL Background Thread 3 ] DEBUG Engine               - isIOS: false
20:03:33.401 [FXGL Background Thread 3 ] DEBUG Engine               - isIntroEnabled: false
20:03:33.401 [FXGL Background Thread 3 ] DEBUG Engine               - isLinux: false
20:03:33.401 [FXGL Background Thread 3 ] DEBUG Engine               - isMac: false
20:03:33.402 [FXGL Background Thread 3 ] DEBUG Engine               - isMainMenuEnabled: false
20:03:33.402 [FXGL Background Thread 3 ] DEBUG Engine               - isManualResizeEnabled: false
20:03:33.402 [FXGL Background Thread 3 ] DEBUG Engine               - isMobile: false
20:03:33.402 [FXGL Background Thread 3 ] DEBUG Engine               - isNative: false
20:03:33.402 [FXGL Background Thread 3 ] DEBUG Engine               - isPauseMusicWhenMinimized: true
20:03:33.403 [FXGL Background Thread 3 ] DEBUG Engine               - isPreserveResizeRatio: false
20:03:33.403 [FXGL Background Thread 3 ] DEBUG Engine               - isProfilingEnabled: false
20:03:33.403 [FXGL Background Thread 3 ] DEBUG Engine               - isScaleAffectedOnResize: true
20:03:33.403 [FXGL Background Thread 3 ] DEBUG Engine               - isSingleStep: false
20:03:33.403 [FXGL Background Thread 3 ] DEBUG Engine               - isUserProfileEnabled: false
20:03:33.403 [FXGL Background Thread 3 ] DEBUG Engine               - isWindows: true
20:03:33.403 [FXGL Background Thread 3 ] DEBUG Engine               - language: ObjectProperty [value: ENGLISH]
20:03:33.404 [FXGL Background Thread 3 ] DEBUG Engine               - menuKey: ESCAPE
20:03:33.404 [FXGL Background Thread 3 ] DEBUG Engine               - mouseSensitivity: 0.2
20:03:33.404 [FXGL Background Thread 3 ] DEBUG Engine               - notificationViewClass: class com.almasb.fxgl.notification.view.XboxNotificationView
20:03:33.404 [FXGL Background Thread 3 ] DEBUG Engine               - pixelsPerMeter: 50.0
20:03:33.404 [FXGL Background Thread 3 ] DEBUG Engine               - platform: WINDOWS
20:03:33.404 [FXGL Background Thread 3 ] DEBUG Engine               - prefHeightProperty: ReadOnlyDoubleProperty [value: 600.0]
20:03:33.404 [FXGL Background Thread 3 ] DEBUG Engine               - prefWidthProperty: ReadOnlyDoubleProperty [value: 800.0]
20:03:33.404 [FXGL Background Thread 3 ] DEBUG Engine               - profileDir: profiles/
20:03:33.404 [FXGL Background Thread 3 ] DEBUG Engine               - profileName: StringProperty [value: DEFAULT]
20:03:33.404 [FXGL Background Thread 3 ] DEBUG Engine               - randomSeed: -1
20:03:33.405 [FXGL Background Thread 3 ] DEBUG Engine               - runtimeInfo: RuntimeInfo(platform=WINDOWS, version=21.1, build=26.03.2024 17.33)
20:03:33.405 [FXGL Background Thread 3 ] DEBUG Engine               - saveFileExt: sav
20:03:33.406 [FXGL Background Thread 3 ] DEBUG Engine               - scaledHeightProp$fxgl: DoubleProperty [bound, value: 600.0]
20:03:33.406 [FXGL Background Thread 3 ] DEBUG Engine               - scaledWidthProp$fxgl: DoubleProperty [bound, value: 800.0]
20:03:33.407 [FXGL Background Thread 3 ] DEBUG Engine               - sceneFactory: com.almasb.fxgl.app.scene.SceneFactory@6383b8e5
20:03:33.407 [FXGL Background Thread 3 ] DEBUG Engine               - secondsIn24h: 60
20:03:33.407 [FXGL Background Thread 3 ] DEBUG Engine               - soundMenuBack: menu/back.wav
20:03:33.407 [FXGL Background Thread 3 ] DEBUG Engine               - soundMenuPress: menu/press.wav
20:03:33.407 [FXGL Background Thread 3 ] DEBUG Engine               - soundMenuSelect: menu/select.wav
20:03:33.407 [FXGL Background Thread 3 ] DEBUG Engine               - soundNotification: core/notification.wav
20:03:33.407 [FXGL Background Thread 3 ] DEBUG Engine               - stageStyle: DECORATED
20:03:33.408 [FXGL Background Thread 3 ] DEBUG Engine               - supportedLanguages: [ENGLISH, FRENCH, GERMAN, HUNGARIAN, RUSSIAN]
20:03:33.408 [FXGL Background Thread 3 ] DEBUG Engine               - ticksPerSecond: -1
20:03:33.408 [FXGL Background Thread 3 ] DEBUG Engine               - title: Among Us - Java Edition
20:03:33.408 [FXGL Background Thread 3 ] DEBUG Engine               - urlGithub: https://github.com/AlmasB/FXGL
20:03:33.408 [FXGL Background Thread 3 ] DEBUG Engine               - urlLeaderboard: http://fxgl-top.herokuapp.com/
20:03:33.409 [FXGL Background Thread 3 ] DEBUG Engine               - urlPOM: https://raw.githubusercontent.com/AlmasB/FXGL/release/README.md
20:03:33.409 [FXGL Background Thread 3 ] DEBUG Engine               - userAppClass: class main.java.amongUs.AppPrincipal
20:03:33.409 [FXGL Background Thread 3 ] DEBUG Engine               - version: 0.0
20:03:33.409 [FXGL Background Thread 3 ] DEBUG Engine               - versionCheckDays: 7
20:03:33.409 [FXGL Background Thread 3 ] DEBUG Engine               - width: 800
20:03:33.409 [FXGL Background Thread 3 ] DEBUG Engine               - Logging services
20:03:33.409 [FXGL Background Thread 3 ] DEBUG Engine               - class com.almasb.fxgl.app.services.FXGLAssetLoaderService
20:03:33.409 [FXGL Background Thread 3 ] DEBUG Engine               - class com.almasb.fxgl.app.FXGLApplication$GameApplicationService
20:03:33.409 [FXGL Background Thread 3 ] DEBUG Engine               - class com.almasb.fxgl.app.services.FXGLDialogService
20:03:33.409 [FXGL Background Thread 3 ] DEBUG Engine               - class com.almasb.fxgl.app.services.IOTaskExecutorService
20:03:33.410 [FXGL Background Thread 3 ] DEBUG Engine               - class com.almasb.fxgl.io.FileSystemService
20:03:33.410 [FXGL Background Thread 3 ] DEBUG Engine               - class com.almasb.fxgl.localization.LocalizationService
20:03:33.410 [FXGL Background Thread 3 ] DEBUG Engine               - class com.almasb.fxgl.app.services.SystemBundleService
20:03:33.410 [FXGL Background Thread 3 ] DEBUG Engine               - class com.almasb.fxgl.profile.SaveLoadService
20:03:33.411 [FXGL Background Thread 3 ] DEBUG Engine               - class com.almasb.fxgl.ui.FXGLUIFactoryServiceProvider
20:03:33.412 [FXGL Background Thread 3 ] DEBUG Engine               - class com.almasb.fxgl.ui.FXGLDialogFactoryServiceProvider
20:03:33.412 [FXGL Background Thread 3 ] DEBUG Engine               - class com.almasb.fxgl.audio.AudioPlayer
20:03:33.412 [FXGL Background Thread 3 ] DEBUG Engine               - class com.almasb.fxgl.notification.impl.NotificationServiceProvider
20:03:33.413 [FXGL Background Thread 3 ] DEBUG Engine               - class com.almasb.fxgl.achievement.AchievementService
20:03:33.413 [FXGL Background Thread 3 ] DEBUG Engine               - class com.almasb.fxgl.cutscene.CutsceneService
20:03:33.413 [FXGL Background Thread 3 ] DEBUG Engine               - class com.almasb.fxgl.minigames.MiniGameService
20:03:33.413 [FXGL Background Thread 3 ] DEBUG Engine               - class com.almasb.fxgl.net.NetService
20:03:33.413 [FXGL Background Thread 3 ] DEBUG Engine               - class com.almasb.fxgl.app.services.UpdaterService
20:03:33.413 [FXGL Background Thread 3 ] DEBUG Engine               - class com.almasb.fxgl.dev.DevService
20:03:34.295 [JavaFX Application Thread] DEBUG FXGLAssetLoaderServi - Loading from file system: file:/C:/Users/nicol/Desktop/amongu/out/production/Among%20Us/assets/sounds/clickBoton.mp3
20:05:47.829 [JavaFX Application Thread] DEBUG FXGLApplication      - Exiting FXGL
20:05:47.829 [JavaFX Application Thread] DEBUG LoopRunner           - Stopping loop
20:05:47.829 [JavaFX Application Thread] DEBUG SystemBundleService  - Saving FXGL system data
20:05:47.839 [JavaFX Application Thread] DEBUG FileSystemAccess     - Writing to: C:\Users\nicol\Desktop\amongu\system\fxgl.bundle
20:05:47.844 [JavaFX Application Thread] DEBUG Async                - Shutting down background threads
20:05:47.844 [JavaFX Application Thread] DEBUG PrimaryStageWindow   - Closing main window
20:05:47.938 [JavaFX Application Thread] DEBUG Logger               - Closing Logger
