19:31:02.012 [main                     ] DEBUG Logger               - Configured Logger
19:31:02.044 [main                     ] DEBUG GameApplication      - Logging settings
Title: Among Us UNEG
Version: 0.0
Width: 800
Height: 600
Fullscreen: false
Intro: false
Profiling: false
Single step:false
App Mode: DEVELOPER
Menu Key: ESCAPE
Stage Style: DECORATED
Scene Factory: class com.almasb.fxgl.app.scene.SceneFactory

19:31:03.578 [JavaFX Application Thread] DEBUG FXGLApplication      - Initializing FXGL
19:31:03.583 [JavaFX Application Thread] INFO  Engine               - FXGL-21.1 (26.03.2024 17.33) on WINDOWS (J:25.0.2 FX:21.0.1)
19:31:03.583 [JavaFX Application Thread] DEBUG Engine               - JRE Vendor Name: Oracle Corporation
19:31:03.583 [JavaFX Application Thread] DEBUG Engine               - Running on OS: Windows 11 version 10.0
19:31:03.584 [JavaFX Application Thread] DEBUG Engine               - Architecture: amd64
19:31:03.584 [JavaFX Application Thread] INFO  Engine               - Source code and latest versions at: https://github.com/AlmasB/FXGL
19:31:03.584 [JavaFX Application Thread] INFO  Engine               -       Ask questions and discuss at: https://github.com/AlmasB/FXGL/discussions
19:31:03.584 [JavaFX Application Thread] INFO  Engine               -              Join the FXGL chat at: https://gitter.im/AlmasB/FXGL
19:31:03.867 [JavaFX Application Thread] DEBUG PrimaryStageWindow   - Creating a JavaFX scene
19:31:03.999 [JavaFX Application Thread] DEBUG PrimaryStageWindow   - Target settings size: 800.0 x 600.0
19:31:03.999 [JavaFX Application Thread] DEBUG PrimaryStageWindow   - Scaled scene size:    800.0 x 600.0
19:31:03.999 [JavaFX Application Thread] DEBUG PrimaryStageWindow   - Scaled ratio: (1.0, 1.0)
19:31:04.001 [JavaFX Application Thread] DEBUG PrimaryStageWindow   - Set initial scene to FXGLStartupScene
19:31:04.012 [JavaFX Application Thread] DEBUG PrimaryStageWindow   - Opening main window
19:31:04.219 [JavaFX Application Thread] DEBUG PrimaryStageWindow   - Window border size: (16.0, 39.0)
19:31:04.220 [JavaFX Application Thread] DEBUG PrimaryStageWindow   - Scaled size: 800.0 x 600.0
19:31:04.220 [JavaFX Application Thread] DEBUG PrimaryStageWindow   - Scaled ratio: (1.0, 1.0)
19:31:04.220 [JavaFX Application Thread] DEBUG PrimaryStageWindow   - Scene size: 800.0 x 600.0
19:31:04.220 [JavaFX Application Thread] DEBUG PrimaryStageWindow   - Stage size: 816.0 x 639.0
19:31:04.249 [FXGL Background Thread 1 ] DEBUG Engine               - Initializing environment variables
19:31:04.477 [FXGL Background Thread 1 ] DEBUG FXGLAssetLoaderServi - User app class for loading assets: class main.java.amongUs.AppPrincipal
19:31:04.477 [FXGL Background Thread 1 ] DEBUG GameApplicationServi - Applying CSS: fxgl_dark.css
19:31:04.479 [FXGL Background Thread 1 ] DEBUG FXGLAssetLoaderServi - Loading from file system: jar:file:/C:/Users/josue/OneDrive/Desktop/proyecto%20java/Among%20Us/lib/fxgl-21.1-uber.jar!/fxglassets/ui/css/fxgl_dark.css
19:31:04.614 [FXGL Background Thread 1 ] DEBUG GameApplicationServi - Initializing application scenes
19:31:04.890 [FXGL Background Thread 1 ] DEBUG GameWorld            - Game world initialized
19:31:04.986 [FXGL Background Thread 1 ] DEBUG PhysicsWorld         - Physics world initialized: appHeight=600, physics.ppm=50,0
19:31:04.986 [FXGL Background Thread 1 ] DEBUG PhysicsWorld         - Using strategy: BRUTE_FORCE
19:31:04.991 [FXGL Background Thread 1 ] DEBUG GameScene            - Game scene initialized: 800x600
19:31:05.015 [FXGL Background Thread 1 ] DEBUG FXGL.DefaultMenu     - createMenuBodyGameMenu()
19:31:05.043 [FXGL Background Thread 1 ] DEBUG FXGL.DefaultMenu     - createOptionsMenu()
19:31:05.065 [FXGL Background Thread 1 ] DEBUG FXGLAssetLoaderServi - Loading from file system: jar:file:/C:/Users/josue/OneDrive/Desktop/proyecto%20java/Among%20Us/lib/fxgl-21.1-uber.jar!/fxglassets/textures/particles/smoke.png
19:31:05.325 [FXGL Background Thread 1 ] DEBUG FXGLAssetLoaderServi - Loading from file system: jar:file:/C:/Users/josue/OneDrive/Desktop/proyecto%20java/Among%20Us/lib/fxgl-21.1-uber.jar!/fxglassets/textures/particles/trace_horizontal.png
19:31:05.439 [FXGL Background Thread 1 ] DEBUG GameApplicationServi - Application scenes initialized
19:31:05.481 [FXGL Background Thread 1 ] DEBUG SystemBundleService  - Loading FXGL system data
19:31:05.492 [FXGL Background Thread 1 ] DEBUG FileSystemAccess     - Reading from: C:\Users\josue\OneDrive\Desktop\proyecto java\Among Us\system\fxgl.bundle
19:31:05.502 [FXGL Background Thread 1 ] DEBUG SystemBundleService  - Bundle FXGL: {}
19:31:05.502 [FXGL Background Thread 1 ] DEBUG UpdaterService       - Checking for updates
19:31:05.520 [FXGL Background Thread 1 ] DEBUG FXGLApplication      - Loading default localization
19:31:05.522 [FXGL Background Thread 1 ] DEBUG FXGLAssetLoaderServi - Loading from file system: jar:file:/C:/Users/josue/OneDrive/Desktop/proyecto%20java/Among%20Us/lib/fxgl-21.1-uber.jar!/fxglassets/languages/english.lang
19:31:05.560 [FXGL Background Thread 1 ] INFO  FXGLApplication      - FXGL initialization took: 1,311 sec
19:31:05.585 [JavaFX Application Thread] DEBUG Input                - Registered new binding: action0 - W
19:31:05.587 [JavaFX Application Thread] DEBUG Input                - Registered new binding: action1 - S
19:31:05.588 [JavaFX Application Thread] DEBUG Input                - Registered new binding: action2 - A
19:31:05.591 [JavaFX Application Thread] DEBUG Input                - Registered new binding: action3 - D
19:31:05.592 [JavaFX Application Thread] DEBUG FXGLAssetLoaderServi - Loading from file system: file:/C:/Users/josue/OneDrive/Desktop/proyecto%20java/Among%20Us/out/production/Among%20Us/assets/textures/icono.png
19:31:05.695 [FXGL Background Thread 4 ] DEBUG FXGLApplication      - Loading fonts
19:31:05.726 [JavaFX Application Thread] DEBUG FXGLAssetLoaderServi - Loading from file system: jar:file:/C:/Users/josue/OneDrive/Desktop/proyecto%20java/Among%20Us/lib/fxgl-21.1-uber.jar!/fxglassets/textures/fxgl_default_cursor.png
19:31:05.730 [FXGL Background Thread 4 ] DEBUG FXGLAssetLoaderServi - Loading from file system: jar:file:/C:/Users/josue/OneDrive/Desktop/proyecto%20java/Among%20Us/lib/fxgl-21.1-uber.jar!/fxglassets/ui/fonts/VarelaRound-Regular.ttf
19:31:05.764 [JavaFX Application Thread] DEBUG Input                - Registered new binding: Screenshot - CTRL+8
19:31:05.789 [JavaFX Application Thread] DEBUG Input                - Registered new binding: System info dump - CTRL+9
19:31:05.792 [JavaFX Application Thread] DEBUG Input                - Registered new binding: Restart - CTRL+R
19:31:05.794 [JavaFX Application Thread] DEBUG Input                - Registered new binding: Toggle Debug Camera - CTRL+7
19:31:05.828 [JavaFX Application Thread] DEBUG LoopRunner           - Starting loop
19:31:05.828 [JavaFX Application Thread] DEBUG LoopRunner           - Initializing JavaFX AnimationTimerLoop
19:31:05.830 [JavaFX Application Thread] DEBUG GameApplicationServi - Starting new game
19:31:05.832 [JavaFX Application Thread] DEBUG Input                - Clearing active input actions
19:31:05.938 [JavaFX Application Thread] DEBUG GameApplicationServi - Removing overlay from FXGLStartupScene and adding to FXGLLoadingScene
19:31:05.946 [JavaFX Application Thread] DEBUG PrimaryStageWindow   - FXGLStartupScene -> FXGLLoadingScene
19:31:05.947 [JavaFX Application Thread] DEBUG GameApplicationServi - Clearing previous game
19:31:05.947 [JavaFX Application Thread] DEBUG GameScene            - Clearing game scene
19:31:05.947 [JavaFX Application Thread] DEBUG GameWorld            - Clearing game world
19:31:05.948 [JavaFX Application Thread] DEBUG PhysicsWorld         - Clearing physics world
19:31:05.951 [FXGL Background Thread 1 ] DEBUG FXGLApplication      - Initializing game
19:31:05.982 [FXGL Background Thread 1 ] DEBUG FXGLAssetLoaderServi - Loading from file system: file:/C:/Users/josue/OneDrive/Desktop/proyecto%20java/Among%20Us/out/production/Among%20Us/assets/music/musicaMenu.mp3
19:31:06.612 [FXGL Background Thread 1 ] DEBUG AudioPlayer          - Playing music com.almasb.fxgl.audio.Music@6bbcb0ab
19:31:07.780 [FXGL Background Thread 1 ] INFO  FXGLApplication      - Game initialization took: 1,828 sec
19:31:07.781 [JavaFX Application Thread] DEBUG Input                - Clearing active input actions
19:31:07.810 [JavaFX Application Thread] DEBUG GameApplicationServi - Removing overlay from FXGLLoadingScene and adding to GameScene
19:31:07.812 [JavaFX Application Thread] DEBUG PrimaryStageWindow   - FXGLLoadingScene -> GameScene
19:31:08.063 [FXGL Background Thread 4 ] DEBUG FXGLAssetLoaderServi - Loading from file system: jar:file:/C:/Users/josue/OneDrive/Desktop/proyecto%20java/Among%20Us/lib/fxgl-21.1-uber.jar!/fxglassets/ui/fonts/Abel-Regular.ttf
19:31:08.079 [FXGL Background Thread 4 ] DEBUG FXGLAssetLoaderServi - Loading from file system: jar:file:/C:/Users/josue/OneDrive/Desktop/proyecto%20java/Among%20Us/lib/fxgl-21.1-uber.jar!/fxglassets/ui/fonts/TerminalLandMono-Regular.otf
19:31:08.102 [FXGL Background Thread 4 ] DEBUG FXGLAssetLoaderServi - Loading from file system: jar:file:/C:/Users/josue/OneDrive/Desktop/proyecto%20java/Among%20Us/lib/fxgl-21.1-uber.jar!/fxglassets/ui/fonts/Courier-Prime.ttf
19:31:08.148 [JavaFX Application Thread] DEBUG FXGLApplication      - Registering font factories with UI factory
19:31:08.517 [FXGL Background Thread 3 ] DEBUG Engine               - Logging environment variables
19:31:08.518 [FXGL Background Thread 3 ] DEBUG Engine               - achievements: []
19:31:08.532 [FXGL Background Thread 3 ] DEBUG Engine               - actualHeight: 600.0
19:31:08.543 [FXGL Background Thread 3 ] DEBUG Engine               - actualHeightProperty: ReadOnlyDoubleProperty [value: 600.0]
19:31:08.546 [FXGL Background Thread 3 ] DEBUG Engine               - actualWidth: 800.0
19:31:08.546 [FXGL Background Thread 3 ] DEBUG Engine               - actualWidthProperty: ReadOnlyDoubleProperty [value: 800.0]
19:31:08.546 [FXGL Background Thread 3 ] DEBUG Engine               - appIcon: icono.png
19:31:08.546 [FXGL Background Thread 3 ] DEBUG Engine               - applicationMode: DEVELOPER
19:31:08.548 [FXGL Background Thread 3 ] DEBUG Engine               - cSSList: [fxgl_dark.css]
19:31:08.552 [FXGL Background Thread 3 ] DEBUG Engine               - collisionDetectionStrategy: BRUTE_FORCE
19:31:08.601 [FXGL Background Thread 3 ] DEBUG Engine               - configClass: Optional.empty
19:31:08.634 [FXGL Background Thread 3 ] DEBUG Engine               - credits: []
19:31:08.635 [FXGL Background Thread 3 ] DEBUG Engine               - defaultCursor: CursorInfo(imageName=fxgl_default_cursor.png, hotspotX=7.0, hotspotY=6.0)
19:31:08.635 [FXGL Background Thread 3 ] DEBUG Engine               - devBBoxColorProperty: ObjectProperty [value: 0xff0000ff]
19:31:08.635 [FXGL Background Thread 3 ] DEBUG Engine               - devEnableDebugCameraProperty: BooleanProperty [value: false]
19:31:08.635 [FXGL Background Thread 3 ] DEBUG Engine               - devSensorColorProperty: ObjectProperty [value: 0xffff00ff]
19:31:08.639 [FXGL Background Thread 3 ] DEBUG Engine               - devShowBBoxProperty: BooleanProperty [value: false]
19:31:08.639 [FXGL Background Thread 3 ] DEBUG Engine               - devShowPositionProperty: BooleanProperty [value: false]
19:31:08.640 [FXGL Background Thread 3 ] DEBUG Engine               - enabledMenuItems: []
19:31:08.640 [FXGL Background Thread 3 ] DEBUG Engine               - engineServices: [class com.almasb.fxgl.app.services.FXGLAssetLoaderService, class com.almasb.fxgl.app.FXGLApplication$GameApplicationService, class com.almasb.fxgl.app.services.FXGLDialogService, class com.almasb.fxgl.app.services.IOTaskExecutorService, class com.almasb.fxgl.io.FileSystemService, class com.almasb.fxgl.localization.LocalizationService, class com.almasb.fxgl.app.services.SystemBundleService, class com.almasb.fxgl.profile.SaveLoadService, class com.almasb.fxgl.ui.FXGLUIFactoryServiceProvider, class com.almasb.fxgl.ui.FXGLDialogFactoryServiceProvider, class com.almasb.fxgl.audio.AudioPlayer, class com.almasb.fxgl.notification.impl.NotificationServiceProvider, class com.almasb.fxgl.achievement.AchievementService, class com.almasb.fxgl.cutscene.CutsceneService, class com.almasb.fxgl.minigames.MiniGameService, class com.almasb.fxgl.net.NetService, class com.almasb.fxgl.app.services.UpdaterService, class com.almasb.fxgl.dev.DevService]
19:31:08.640 [FXGL Background Thread 3 ] DEBUG Engine               - fontGame: Abel-Regular.ttf
19:31:08.640 [FXGL Background Thread 3 ] DEBUG Engine               - fontMono: TerminalLandMono-Regular.otf
19:31:08.640 [FXGL Background Thread 3 ] DEBUG Engine               - fontSizeScaleUI: 1.0
19:31:08.640 [FXGL Background Thread 3 ] DEBUG Engine               - fontText: Courier-Prime.ttf
19:31:08.643 [FXGL Background Thread 3 ] DEBUG Engine               - fontUI: VarelaRound-Regular.ttf
19:31:08.644 [FXGL Background Thread 3 ] DEBUG Engine               - fullScreen: BooleanProperty [value: false]
19:31:08.644 [FXGL Background Thread 3 ] DEBUG Engine               - gameDifficulty: MEDIUM
19:31:08.644 [FXGL Background Thread 3 ] DEBUG Engine               - gameDifficultyProperty: ObjectProperty [value: MEDIUM]
19:31:08.644 [FXGL Background Thread 3 ] DEBUG Engine               - globalMusicVolume: 0.5
19:31:08.644 [FXGL Background Thread 3 ] DEBUG Engine               - globalMusicVolumeProperty: DoubleProperty [value: 0.4]
19:31:08.647 [FXGL Background Thread 3 ] DEBUG Engine               - globalSoundVolume: 0.5
19:31:08.647 [FXGL Background Thread 3 ] DEBUG Engine               - globalSoundVolumeProperty: DoubleProperty [value: 0.5]
19:31:08.648 [FXGL Background Thread 3 ] DEBUG Engine               - height: 600
19:31:08.648 [FXGL Background Thread 3 ] DEBUG Engine               - is3D: false
19:31:08.649 [FXGL Background Thread 3 ] DEBUG Engine               - isAndroid: false
19:31:08.652 [FXGL Background Thread 3 ] DEBUG Engine               - isBrowser: false
19:31:08.652 [FXGL Background Thread 3 ] DEBUG Engine               - isClickFeedbackEnabled: false
19:31:08.652 [FXGL Background Thread 3 ] DEBUG Engine               - isCloseConfirmation: false
19:31:08.652 [FXGL Background Thread 3 ] DEBUG Engine               - isDesktop: true
19:31:08.652 [FXGL Background Thread 3 ] DEBUG Engine               - isDeveloperMenuEnabled: false
19:31:08.654 [FXGL Background Thread 3 ] DEBUG Engine               - isEmbedded: false
19:31:08.654 [FXGL Background Thread 3 ] DEBUG Engine               - isEntityPreloadEnabled: true
19:31:08.734 [FXGL Background Thread 3 ] DEBUG Engine               - isExperimentalTiledLargeMap: false
19:31:08.740 [FXGL Background Thread 3 ] DEBUG Engine               - isFileSystemWriteAllowed: true
19:31:08.746 [FXGL Background Thread 3 ] DEBUG Engine               - isFullScreenAllowed: false
19:31:08.770 [FXGL Background Thread 3 ] DEBUG Engine               - isFullScreenFromStart: false
19:31:08.770 [FXGL Background Thread 3 ] DEBUG Engine               - isGameMenuEnabled: true
19:31:08.770 [FXGL Background Thread 3 ] DEBUG Engine               - isIOS: false
19:31:08.770 [FXGL Background Thread 3 ] DEBUG Engine               - isIntroEnabled: false
19:31:08.774 [JavaFX Application Thread] DEBUG FXGLAssetLoaderServi - Loading from file system: file:/C:/Users/josue/OneDrive/Desktop/proyecto%20java/Among%20Us/out/production/Among%20Us/assets/sounds/clickBoton.wav
19:31:08.770 [FXGL Background Thread 3 ] DEBUG Engine               - isLinux: false
19:31:08.792 [FXGL Background Thread 3 ] DEBUG Engine               - isMac: false
19:31:08.792 [FXGL Background Thread 3 ] DEBUG Engine               - isMainMenuEnabled: false
19:31:08.819 [FXGL Background Thread 3 ] DEBUG Engine               - isManualResizeEnabled: false
19:31:08.819 [FXGL Background Thread 3 ] DEBUG Engine               - isMobile: false
19:31:08.819 [FXGL Background Thread 3 ] DEBUG Engine               - isNative: false
19:31:08.819 [FXGL Background Thread 3 ] DEBUG Engine               - isPauseMusicWhenMinimized: true
19:31:08.819 [FXGL Background Thread 3 ] DEBUG Engine               - isPreserveResizeRatio: false
19:31:08.819 [FXGL Background Thread 3 ] DEBUG Engine               - isProfilingEnabled: false
19:31:08.819 [FXGL Background Thread 3 ] DEBUG Engine               - isScaleAffectedOnResize: true
19:31:08.819 [FXGL Background Thread 3 ] DEBUG Engine               - isSingleStep: false
19:31:08.819 [FXGL Background Thread 3 ] DEBUG Engine               - isUserProfileEnabled: false
19:31:08.819 [FXGL Background Thread 3 ] DEBUG Engine               - isWindows: true
19:31:08.819 [FXGL Background Thread 3 ] DEBUG Engine               - language: ObjectProperty [value: ENGLISH]
19:31:08.819 [FXGL Background Thread 3 ] DEBUG Engine               - menuKey: ESCAPE
19:31:08.819 [FXGL Background Thread 3 ] DEBUG Engine               - mouseSensitivity: 0.2
19:31:08.819 [FXGL Background Thread 3 ] DEBUG Engine               - notificationViewClass: class com.almasb.fxgl.notification.view.XboxNotificationView
19:31:08.819 [FXGL Background Thread 3 ] DEBUG Engine               - pixelsPerMeter: 50.0
19:31:08.819 [FXGL Background Thread 3 ] DEBUG Engine               - platform: WINDOWS
19:31:08.819 [FXGL Background Thread 3 ] DEBUG Engine               - prefHeightProperty: ReadOnlyDoubleProperty [value: 600.0]
19:31:08.819 [FXGL Background Thread 3 ] DEBUG Engine               - prefWidthProperty: ReadOnlyDoubleProperty [value: 800.0]
19:31:08.819 [FXGL Background Thread 3 ] DEBUG Engine               - profileDir: profiles/
19:31:08.819 [FXGL Background Thread 3 ] DEBUG Engine               - profileName: StringProperty [value: DEFAULT]
19:31:08.819 [FXGL Background Thread 3 ] DEBUG Engine               - randomSeed: -1
19:31:08.835 [FXGL Background Thread 3 ] DEBUG Engine               - runtimeInfo: RuntimeInfo(platform=WINDOWS, version=21.1, build=26.03.2024 17.33)
19:31:08.835 [FXGL Background Thread 3 ] DEBUG Engine               - saveFileExt: sav
19:31:08.835 [FXGL Background Thread 3 ] DEBUG Engine               - scaledHeightProp$fxgl: DoubleProperty [bound, value: 600.0]
19:31:08.835 [FXGL Background Thread 3 ] DEBUG Engine               - scaledWidthProp$fxgl: DoubleProperty [bound, value: 800.0]
19:31:08.835 [FXGL Background Thread 3 ] DEBUG Engine               - sceneFactory: com.almasb.fxgl.app.scene.SceneFactory@16e7cbcf
19:31:08.835 [FXGL Background Thread 3 ] DEBUG Engine               - secondsIn24h: 60
19:31:08.835 [FXGL Background Thread 3 ] DEBUG Engine               - soundMenuBack: menu/back.wav
19:31:08.835 [FXGL Background Thread 3 ] DEBUG Engine               - soundMenuPress: menu/press.wav
19:31:08.835 [FXGL Background Thread 3 ] DEBUG Engine               - soundMenuSelect: menu/select.wav
19:31:08.835 [FXGL Background Thread 3 ] DEBUG Engine               - soundNotification: core/notification.wav
19:31:08.835 [FXGL Background Thread 3 ] DEBUG Engine               - stageStyle: DECORATED
19:31:08.835 [FXGL Background Thread 3 ] DEBUG Engine               - supportedLanguages: [ENGLISH, FRENCH, GERMAN, HUNGARIAN, RUSSIAN]
19:31:08.835 [FXGL Background Thread 3 ] DEBUG Engine               - ticksPerSecond: -1
19:31:08.835 [FXGL Background Thread 3 ] DEBUG Engine               - title: Among Us UNEG
19:31:08.835 [FXGL Background Thread 3 ] DEBUG Engine               - urlGithub: https://github.com/AlmasB/FXGL
19:31:08.835 [FXGL Background Thread 3 ] DEBUG Engine               - urlLeaderboard: http://fxgl-top.herokuapp.com/
19:31:08.835 [FXGL Background Thread 3 ] DEBUG Engine               - urlPOM: https://raw.githubusercontent.com/AlmasB/FXGL/release/README.md
19:31:08.835 [FXGL Background Thread 3 ] DEBUG Engine               - userAppClass: class main.java.amongUs.AppPrincipal
19:31:08.835 [FXGL Background Thread 3 ] DEBUG Engine               - version: 0.0
19:31:08.835 [FXGL Background Thread 3 ] DEBUG Engine               - versionCheckDays: 7
19:31:08.835 [FXGL Background Thread 3 ] DEBUG Engine               - width: 800
19:31:08.835 [FXGL Background Thread 3 ] DEBUG Engine               - Logging services
19:31:08.835 [FXGL Background Thread 3 ] DEBUG Engine               - class com.almasb.fxgl.app.services.FXGLAssetLoaderService
19:31:08.835 [FXGL Background Thread 3 ] DEBUG Engine               - class com.almasb.fxgl.app.FXGLApplication$GameApplicationService
19:31:08.836 [FXGL Background Thread 3 ] DEBUG Engine               - class com.almasb.fxgl.app.services.FXGLDialogService
19:31:08.836 [FXGL Background Thread 3 ] DEBUG Engine               - class com.almasb.fxgl.app.services.IOTaskExecutorService
19:31:08.836 [FXGL Background Thread 3 ] DEBUG Engine               - class com.almasb.fxgl.io.FileSystemService
19:31:08.836 [FXGL Background Thread 3 ] DEBUG Engine               - class com.almasb.fxgl.localization.LocalizationService
19:31:08.836 [FXGL Background Thread 3 ] DEBUG Engine               - class com.almasb.fxgl.app.services.SystemBundleService
19:31:08.836 [FXGL Background Thread 3 ] DEBUG Engine               - class com.almasb.fxgl.profile.SaveLoadService
19:31:08.836 [FXGL Background Thread 3 ] DEBUG Engine               - class com.almasb.fxgl.ui.FXGLUIFactoryServiceProvider
19:31:08.840 [FXGL Background Thread 3 ] DEBUG Engine               - class com.almasb.fxgl.ui.FXGLDialogFactoryServiceProvider
19:31:08.841 [FXGL Background Thread 3 ] DEBUG Engine               - class com.almasb.fxgl.audio.AudioPlayer
19:31:08.841 [FXGL Background Thread 3 ] DEBUG Engine               - class com.almasb.fxgl.notification.impl.NotificationServiceProvider
19:31:08.841 [FXGL Background Thread 3 ] DEBUG Engine               - class com.almasb.fxgl.achievement.AchievementService
19:31:08.841 [FXGL Background Thread 3 ] DEBUG Engine               - class com.almasb.fxgl.cutscene.CutsceneService
19:31:08.841 [FXGL Background Thread 3 ] DEBUG Engine               - class com.almasb.fxgl.minigames.MiniGameService
19:31:08.841 [FXGL Background Thread 3 ] DEBUG Engine               - class com.almasb.fxgl.net.NetService
19:31:08.841 [FXGL Background Thread 3 ] DEBUG Engine               - class com.almasb.fxgl.app.services.UpdaterService
19:31:08.841 [FXGL Background Thread 3 ] DEBUG Engine               - class com.almasb.fxgl.dev.DevService
19:31:10.148 [FXGL Background Thread 2 ] INFO  UpdaterService       - Your current version:  21.1
19:31:10.149 [FXGL Background Thread 2 ] INFO  UpdaterService       - Latest stable version: 25
19:31:14.429 [JavaFX Application Thread] WARN  TMXLevelLoader       - TiledMap generated from 1.11.2. Supported version: 1.9.0. Some features may not be parsed fully.
19:31:14.573 [JavaFX Application Thread] DEBUG TMXLevelLoader       - Parsed TiledMap: file:/C:/Users/josue/OneDrive/Desktop/proyecto%20java/Among%20Us/out/production/Among%20Us/assets/levels/mapa2.tmx
19:31:14.574 [JavaFX Application Thread] DEBUG TMXLevelLoader       - Creating tile layer entities
19:31:14.577 [JavaFX Application Thread] DEBUG TilesetLoader        - Loading view for layer fondo1
19:31:14.578 [JavaFX Application Thread] DEBUG TilesetLoader        - Created buffer with size 992.0x960.0
19:31:14.665 [JavaFX Application Thread] DEBUG TilesetLoader        - Loading view for layer fondo
19:31:14.671 [JavaFX Application Thread] DEBUG TilesetLoader        - Created buffer with size 992.0x960.0
19:31:14.682 [JavaFX Application Thread] DEBUG TilesetLoader        - Loading view for layer piso
19:31:14.682 [JavaFX Application Thread] DEBUG TilesetLoader        - Created buffer with size 992.0x960.0
19:31:14.691 [JavaFX Application Thread] DEBUG TilesetLoader        - Loading view for layer piso1
19:31:14.691 [JavaFX Application Thread] DEBUG TilesetLoader        - Created buffer with size 992.0x960.0
19:31:14.696 [JavaFX Application Thread] WARN  TilesetLoader        - Diagonally flipped tiles are not currently supported
19:31:14.704 [JavaFX Application Thread] WARN  TilesetLoader        - Diagonally flipped tiles are not currently supported
19:31:14.710 [JavaFX Application Thread] WARN  TilesetLoader        - Diagonally flipped tiles are not currently supported
19:31:14.715 [JavaFX Application Thread] WARN  TilesetLoader        - Diagonally flipped tiles are not currently supported
19:31:14.716 [JavaFX Application Thread] DEBUG TilesetLoader        - Loading view for layer izquierda
19:31:14.716 [JavaFX Application Thread] DEBUG TilesetLoader        - Created buffer with size 992.0x960.0
19:31:14.725 [JavaFX Application Thread] DEBUG TilesetLoader        - Loading view for layer detallesatraspared
19:31:14.725 [JavaFX Application Thread] DEBUG TilesetLoader        - Created buffer with size 992.0x960.0
19:31:14.742 [JavaFX Application Thread] WARN  TilesetLoader        - Diagonally flipped tiles are not currently supported
19:31:14.743 [JavaFX Application Thread] WARN  TilesetLoader        - Diagonally flipped tiles are not currently supported
19:31:14.772 [JavaFX Application Thread] DEBUG TilesetLoader        - Loading view for layer pared2
19:31:14.772 [JavaFX Application Thread] DEBUG TilesetLoader        - Created buffer with size 992.0x960.0
19:31:14.793 [JavaFX Application Thread] DEBUG TilesetLoader        - Loading view for layer techo1
19:31:14.795 [JavaFX Application Thread] DEBUG TilesetLoader        - Created buffer with size 992.0x960.0
19:31:14.798 [JavaFX Application Thread] DEBUG TilesetLoader        - Loading view for layer techo2
19:31:14.802 [JavaFX Application Thread] DEBUG TilesetLoader        - Created buffer with size 992.0x960.0
19:31:14.811 [JavaFX Application Thread] DEBUG TilesetLoader        - Loading view for layer puertita
19:31:14.812 [JavaFX Application Thread] DEBUG TilesetLoader        - Created buffer with size 992.0x960.0
19:31:14.814 [JavaFX Application Thread] DEBUG TilesetLoader        - Loading view for layer puerta
19:31:14.815 [JavaFX Application Thread] DEBUG TilesetLoader        - Created buffer with size 992.0x960.0
19:31:14.819 [JavaFX Application Thread] DEBUG TilesetLoader        - Loading view for layer detalles
19:31:14.821 [JavaFX Application Thread] DEBUG TilesetLoader        - Created buffer with size 992.0x960.0
19:31:14.841 [JavaFX Application Thread] DEBUG TilesetLoader        - Loading view for layer detalles 2
19:31:14.842 [JavaFX Application Thread] DEBUG TilesetLoader        - Created buffer with size 992.0x960.0
19:31:14.860 [JavaFX Application Thread] DEBUG TilesetLoader        - Loading view for layer detalles3
19:31:14.861 [JavaFX Application Thread] DEBUG TilesetLoader        - Created buffer with size 992.0x960.0
19:31:14.882 [JavaFX Application Thread] DEBUG TMXLevelLoader       - Creating object layer entities
19:31:15.016 [JavaFX Application Thread] DEBUG GameWorld            - Clearing removable entities
19:31:15.017 [JavaFX Application Thread] DEBUG GameWorld            - Setting level: com.almasb.fxgl.entity.level.Level@3a058886
19:31:15.078 [JavaFX Application Thread] DEBUG FXGLAssetLoaderServi - Loading from file system: file:/C:/Users/josue/OneDrive/Desktop/proyecto%20java/Among%20Us/out/production/Among%20Us/assets/textures/tripulante_negro.png
19:31:15.080 [JavaFX Application Thread] DEBUG FXGLAssetLoaderServi - Loading from file system: file:/C:/Users/josue/OneDrive/Desktop/proyecto%20java/Among%20Us/out/production/Among%20Us/assets/textures/animacion_negro.png
19:31:19.217 [JavaFX Application Thread] DEBUG PrimaryStageWindow   - Push state: FXGLDefaultMenu
19:31:19.225 [JavaFX Application Thread] DEBUG Input                - Clearing active input actions
19:31:19.237 [JavaFX Application Thread] DEBUG GameApplicationServi - Removing overlay from GameScene and adding to FXGLDefaultMenu
19:31:19.238 [JavaFX Application Thread] DEBUG PrimaryStageWindow   - GameScene -> FXGLDefaultMenu
19:31:20.986 [JavaFX Application Thread] DEBUG Menu                 - fireExit()
19:31:20.997 [JavaFX Application Thread] DEBUG PrimaryStageWindow   - Push state: DialogSubScene
19:31:20.997 [JavaFX Application Thread] DEBUG Input                - Clearing active input actions
19:31:20.998 [JavaFX Application Thread] DEBUG GameApplicationServi - Removing overlay from FXGLDefaultMenu and adding to DialogSubScene
19:31:20.998 [JavaFX Application Thread] DEBUG PrimaryStageWindow   - FXGLDefaultMenu -> DialogSubScene
19:31:21.990 [JavaFX Application Thread] DEBUG PrimaryStageWindow   - Pop state: DialogSubScene
19:31:22.040 [JavaFX Application Thread] DEBUG Input                - Clearing active input actions
19:31:22.079 [JavaFX Application Thread] DEBUG GameApplicationServi - Removing overlay from DialogSubScene and adding to FXGLDefaultMenu
19:31:22.111 [JavaFX Application Thread] DEBUG PrimaryStageWindow   - FXGLDefaultMenu <- DialogSubScene
19:31:22.127 [JavaFX Application Thread] DEBUG FXGLApplication      - Exiting FXGL
19:31:22.127 [JavaFX Application Thread] DEBUG LoopRunner           - Stopping loop
19:31:22.136 [JavaFX Application Thread] DEBUG SystemBundleService  - Saving FXGL system data
19:31:22.149 [JavaFX Application Thread] DEBUG FileSystemAccess     - Writing to: C:\Users\josue\OneDrive\Desktop\proyecto java\Among Us\system\fxgl.bundle
19:31:22.179 [JavaFX Application Thread] DEBUG Async                - Shutting down background threads
19:31:22.208 [JavaFX Application Thread] DEBUG PrimaryStageWindow   - Closing main window
19:31:22.460 [JavaFX Application Thread] DEBUG Logger               - Closing Logger
