19:57:01.502 [main                     ] DEBUG Logger               - Configured Logger
19:57:01.519 [main                     ] DEBUG GameApplication      - Logging settings
Title: Among Us UNEG
Version: 0.0
Width: 800
Height: 600
Fullscreen: false
Intro: false
Profiling: false
Single step:false
App Mode: DEVELOPER
Menu Key: ESCAPE
Stage Style: DECORATED
Scene Factory: class com.almasb.fxgl.app.scene.SceneFactory

19:57:02.323 [JavaFX Application Thread] DEBUG FXGLApplication      - Initializing FXGL
19:57:02.332 [JavaFX Application Thread] INFO  Engine               - FXGL-21.1 (26.03.2024 17.33) on WINDOWS (J:25.0.2 FX:21.0.1)
19:57:02.332 [JavaFX Application Thread] DEBUG Engine               - JRE Vendor Name: Oracle Corporation
19:57:02.332 [JavaFX Application Thread] DEBUG Engine               - Running on OS: Windows 11 version 10.0
19:57:02.332 [JavaFX Application Thread] DEBUG Engine               - Architecture: amd64
19:57:02.332 [JavaFX Application Thread] INFO  Engine               - Source code and latest versions at: https://github.com/AlmasB/FXGL
19:57:02.333 [JavaFX Application Thread] INFO  Engine               -       Ask questions and discuss at: https://github.com/AlmasB/FXGL/discussions
19:57:02.333 [JavaFX Application Thread] INFO  Engine               -              Join the FXGL chat at: https://gitter.im/AlmasB/FXGL
19:57:02.512 [JavaFX Application Thread] DEBUG PrimaryStageWindow   - Creating a JavaFX scene
19:57:02.632 [JavaFX Application Thread] DEBUG PrimaryStageWindow   - Target settings size: 800.0 x 600.0
19:57:02.632 [JavaFX Application Thread] DEBUG PrimaryStageWindow   - Scaled scene size:    800.0 x 600.0
19:57:02.632 [JavaFX Application Thread] DEBUG PrimaryStageWindow   - Scaled ratio: (1.0, 1.0)
19:57:02.635 [JavaFX Application Thread] DEBUG PrimaryStageWindow   - Set initial scene to FXGLStartupScene
19:57:02.643 [JavaFX Application Thread] DEBUG PrimaryStageWindow   - Opening main window
19:57:02.807 [JavaFX Application Thread] DEBUG PrimaryStageWindow   - Window border size: (16.0, 39.0)
19:57:02.808 [JavaFX Application Thread] DEBUG PrimaryStageWindow   - Scaled size: 800.0 x 600.0
19:57:02.808 [JavaFX Application Thread] DEBUG PrimaryStageWindow   - Scaled ratio: (1.0, 1.0)
19:57:02.808 [JavaFX Application Thread] DEBUG PrimaryStageWindow   - Scene size: 800.0 x 600.0
19:57:02.808 [JavaFX Application Thread] DEBUG PrimaryStageWindow   - Stage size: 816.0 x 639.0
19:57:02.844 [FXGL Background Thread 1 ] DEBUG Engine               - Initializing environment variables
19:57:03.026 [FXGL Background Thread 1 ] DEBUG FXGLAssetLoaderServi - User app class for loading assets: class main.java.amongUs.AppPrincipal
19:57:03.027 [FXGL Background Thread 1 ] DEBUG GameApplicationServi - Applying CSS: fxgl_dark.css
19:57:03.028 [FXGL Background Thread 1 ] DEBUG FXGLAssetLoaderServi - Loading from file system: jar:file:/C:/Users/josue/OneDrive/Desktop/proyecto%20java/Among%20Us/lib/fxgl-21.1-uber.jar!/fxglassets/ui/css/fxgl_dark.css
19:57:03.131 [FXGL Background Thread 1 ] DEBUG GameApplicationServi - Initializing application scenes
19:57:03.386 [FXGL Background Thread 1 ] DEBUG GameWorld            - Game world initialized
19:57:03.466 [FXGL Background Thread 1 ] DEBUG PhysicsWorld         - Physics world initialized: appHeight=600, physics.ppm=50,0
19:57:03.466 [FXGL Background Thread 1 ] DEBUG PhysicsWorld         - Using strategy: BRUTE_FORCE
19:57:03.471 [FXGL Background Thread 1 ] DEBUG GameScene            - Game scene initialized: 800x600
19:57:03.489 [FXGL Background Thread 1 ] DEBUG FXGL.DefaultMenu     - createMenuBodyGameMenu()
19:57:03.513 [FXGL Background Thread 1 ] DEBUG FXGL.DefaultMenu     - createOptionsMenu()
19:57:03.534 [FXGL Background Thread 1 ] DEBUG FXGLAssetLoaderServi - Loading from file system: jar:file:/C:/Users/josue/OneDrive/Desktop/proyecto%20java/Among%20Us/lib/fxgl-21.1-uber.jar!/fxglassets/textures/particles/smoke.png
19:57:03.693 [FXGL Background Thread 1 ] DEBUG FXGLAssetLoaderServi - Loading from file system: jar:file:/C:/Users/josue/OneDrive/Desktop/proyecto%20java/Among%20Us/lib/fxgl-21.1-uber.jar!/fxglassets/textures/particles/trace_horizontal.png
19:57:03.738 [FXGL Background Thread 1 ] DEBUG GameApplicationServi - Application scenes initialized
19:57:03.761 [FXGL Background Thread 1 ] DEBUG SystemBundleService  - Loading FXGL system data
19:57:03.767 [FXGL Background Thread 1 ] DEBUG FileSystemAccess     - Reading from: C:\Users\josue\OneDrive\Desktop\proyecto java\Among Us\system\fxgl.bundle
19:57:03.781 [FXGL Background Thread 1 ] DEBUG SystemBundleService  - Bundle FXGL: {}
19:57:03.781 [FXGL Background Thread 1 ] DEBUG UpdaterService       - Checking for updates
19:57:03.822 [FXGL Background Thread 1 ] DEBUG FXGLApplication      - Loading default localization
19:57:03.823 [FXGL Background Thread 1 ] DEBUG FXGLAssetLoaderServi - Loading from file system: jar:file:/C:/Users/josue/OneDrive/Desktop/proyecto%20java/Among%20Us/lib/fxgl-21.1-uber.jar!/fxglassets/languages/english.lang
19:57:03.826 [FXGL Background Thread 4 ] DEBUG FXGLApplication      - Loading fonts
19:57:03.830 [FXGL Background Thread 4 ] DEBUG FXGLAssetLoaderServi - Loading from file system: jar:file:/C:/Users/josue/OneDrive/Desktop/proyecto%20java/Among%20Us/lib/fxgl-21.1-uber.jar!/fxglassets/ui/fonts/VarelaRound-Regular.ttf
19:57:03.875 [FXGL Background Thread 1 ] INFO  FXGLApplication      - FXGL initialization took: 1,031 sec
19:57:03.908 [JavaFX Application Thread] DEBUG Input                - Registered new binding: action0 - W
19:57:03.911 [JavaFX Application Thread] DEBUG Input                - Registered new binding: action1 - S
19:57:03.917 [JavaFX Application Thread] DEBUG Input                - Registered new binding: action2 - A
19:57:03.926 [JavaFX Application Thread] DEBUG Input                - Registered new binding: action3 - D
19:57:03.950 [JavaFX Application Thread] DEBUG FXGLAssetLoaderServi - Loading from file system: file:/C:/Users/josue/OneDrive/Desktop/proyecto%20java/Among%20Us/out/production/Among%20Us/assets/textures/icono.png
19:57:04.005 [JavaFX Application Thread] DEBUG FXGLAssetLoaderServi - Loading from file system: jar:file:/C:/Users/josue/OneDrive/Desktop/proyecto%20java/Among%20Us/lib/fxgl-21.1-uber.jar!/fxglassets/textures/fxgl_default_cursor.png
19:57:04.012 [JavaFX Application Thread] DEBUG Input                - Registered new binding: Screenshot - CTRL+8
19:57:04.015 [JavaFX Application Thread] DEBUG Input                - Registered new binding: System info dump - CTRL+9
19:57:04.017 [JavaFX Application Thread] DEBUG Input                - Registered new binding: Restart - CTRL+R
19:57:04.020 [JavaFX Application Thread] DEBUG Input                - Registered new binding: Toggle Debug Camera - CTRL+7
19:57:04.028 [JavaFX Application Thread] DEBUG LoopRunner           - Starting loop
19:57:04.028 [JavaFX Application Thread] DEBUG LoopRunner           - Initializing JavaFX AnimationTimerLoop
19:57:04.032 [JavaFX Application Thread] DEBUG GameApplicationServi - Starting new game
19:57:04.033 [JavaFX Application Thread] DEBUG Input                - Clearing active input actions
19:57:04.099 [JavaFX Application Thread] DEBUG GameApplicationServi - Removing overlay from FXGLStartupScene and adding to FXGLLoadingScene
19:57:04.101 [JavaFX Application Thread] DEBUG PrimaryStageWindow   - FXGLStartupScene -> FXGLLoadingScene
19:57:04.102 [JavaFX Application Thread] DEBUG GameApplicationServi - Clearing previous game
19:57:04.102 [JavaFX Application Thread] DEBUG GameScene            - Clearing game scene
19:57:04.104 [JavaFX Application Thread] DEBUG GameWorld            - Clearing game world
19:57:04.111 [JavaFX Application Thread] DEBUG PhysicsWorld         - Clearing physics world
19:57:04.116 [FXGL Background Thread 1 ] DEBUG FXGLApplication      - Initializing game
19:57:04.139 [FXGL Background Thread 1 ] DEBUG FXGLAssetLoaderServi - Loading from file system: file:/C:/Users/josue/OneDrive/Desktop/proyecto%20java/Among%20Us/out/production/Among%20Us/assets/music/musicaMenu.mp3
19:57:04.588 [FXGL Background Thread 1 ] DEBUG AudioPlayer          - Playing music com.almasb.fxgl.audio.Music@6bbcb0ab
19:57:05.235 [FXGL Background Thread 1 ] INFO  FXGLApplication      - Game initialization took: 1,120 sec
19:57:05.240 [JavaFX Application Thread] DEBUG Input                - Clearing active input actions
19:57:05.264 [JavaFX Application Thread] DEBUG GameApplicationServi - Removing overlay from FXGLLoadingScene and adding to GameScene
19:57:05.265 [JavaFX Application Thread] DEBUG PrimaryStageWindow   - FXGLLoadingScene -> GameScene
19:57:05.534 [FXGL Background Thread 4 ] DEBUG FXGLAssetLoaderServi - Loading from file system: jar:file:/C:/Users/josue/OneDrive/Desktop/proyecto%20java/Among%20Us/lib/fxgl-21.1-uber.jar!/fxglassets/ui/fonts/Abel-Regular.ttf
19:57:05.548 [FXGL Background Thread 4 ] DEBUG FXGLAssetLoaderServi - Loading from file system: jar:file:/C:/Users/josue/OneDrive/Desktop/proyecto%20java/Among%20Us/lib/fxgl-21.1-uber.jar!/fxglassets/ui/fonts/TerminalLandMono-Regular.otf
19:57:05.561 [FXGL Background Thread 4 ] DEBUG FXGLAssetLoaderServi - Loading from file system: jar:file:/C:/Users/josue/OneDrive/Desktop/proyecto%20java/Among%20Us/lib/fxgl-21.1-uber.jar!/fxglassets/ui/fonts/Courier-Prime.ttf
19:57:05.582 [JavaFX Application Thread] DEBUG FXGLApplication      - Registering font factories with UI factory
19:57:06.522 [FXGL Background Thread 2 ] INFO  UpdaterService       - Your current version:  21.1
19:57:06.522 [FXGL Background Thread 2 ] INFO  UpdaterService       - Latest stable version: 25
19:57:06.788 [FXGL Background Thread 3 ] DEBUG Engine               - Logging environment variables
19:57:06.788 [FXGL Background Thread 3 ] DEBUG Engine               - achievements: []
19:57:06.789 [FXGL Background Thread 3 ] DEBUG Engine               - actualHeight: 600.0
19:57:06.789 [FXGL Background Thread 3 ] DEBUG Engine               - actualHeightProperty: ReadOnlyDoubleProperty [value: 600.0]
19:57:06.789 [FXGL Background Thread 3 ] DEBUG Engine               - actualWidth: 800.0
19:57:06.790 [FXGL Background Thread 3 ] DEBUG Engine               - actualWidthProperty: ReadOnlyDoubleProperty [value: 800.0]
19:57:06.790 [FXGL Background Thread 3 ] DEBUG Engine               - appIcon: icono.png
19:57:06.790 [FXGL Background Thread 3 ] DEBUG Engine               - applicationMode: DEVELOPER
19:57:06.790 [FXGL Background Thread 3 ] DEBUG Engine               - cSSList: [fxgl_dark.css]
19:57:06.792 [FXGL Background Thread 3 ] DEBUG Engine               - collisionDetectionStrategy: BRUTE_FORCE
19:57:06.792 [FXGL Background Thread 3 ] DEBUG Engine               - configClass: Optional.empty
19:57:06.792 [FXGL Background Thread 3 ] DEBUG Engine               - credits: []
19:57:06.794 [FXGL Background Thread 3 ] DEBUG Engine               - defaultCursor: CursorInfo(imageName=fxgl_default_cursor.png, hotspotX=7.0, hotspotY=6.0)
19:57:06.794 [FXGL Background Thread 3 ] DEBUG Engine               - devBBoxColorProperty: ObjectProperty [value: 0xff0000ff]
19:57:06.796 [FXGL Background Thread 3 ] DEBUG Engine               - devEnableDebugCameraProperty: BooleanProperty [value: false]
19:57:06.796 [FXGL Background Thread 3 ] DEBUG Engine               - devSensorColorProperty: ObjectProperty [value: 0xffff00ff]
19:57:06.796 [FXGL Background Thread 3 ] DEBUG Engine               - devShowBBoxProperty: BooleanProperty [value: false]
19:57:06.796 [FXGL Background Thread 3 ] DEBUG Engine               - devShowPositionProperty: BooleanProperty [value: false]
19:57:06.796 [FXGL Background Thread 3 ] DEBUG Engine               - enabledMenuItems: []
19:57:06.797 [FXGL Background Thread 3 ] DEBUG Engine               - engineServices: [class com.almasb.fxgl.app.services.FXGLAssetLoaderService, class com.almasb.fxgl.app.FXGLApplication$GameApplicationService, class com.almasb.fxgl.app.services.FXGLDialogService, class com.almasb.fxgl.app.services.IOTaskExecutorService, class com.almasb.fxgl.io.FileSystemService, class com.almasb.fxgl.localization.LocalizationService, class com.almasb.fxgl.app.services.SystemBundleService, class com.almasb.fxgl.profile.SaveLoadService, class com.almasb.fxgl.ui.FXGLUIFactoryServiceProvider, class com.almasb.fxgl.ui.FXGLDialogFactoryServiceProvider, class com.almasb.fxgl.audio.AudioPlayer, class com.almasb.fxgl.notification.impl.NotificationServiceProvider, class com.almasb.fxgl.achievement.AchievementService, class com.almasb.fxgl.cutscene.CutsceneService, class com.almasb.fxgl.minigames.MiniGameService, class com.almasb.fxgl.net.NetService, class com.almasb.fxgl.app.services.UpdaterService, class com.almasb.fxgl.dev.DevService]
19:57:06.797 [FXGL Background Thread 3 ] DEBUG Engine               - fontGame: Abel-Regular.ttf
19:57:06.797 [FXGL Background Thread 3 ] DEBUG Engine               - fontMono: TerminalLandMono-Regular.otf
19:57:06.797 [FXGL Background Thread 3 ] DEBUG Engine               - fontSizeScaleUI: 1.0
19:57:06.798 [FXGL Background Thread 3 ] DEBUG Engine               - fontText: Courier-Prime.ttf
19:57:06.798 [FXGL Background Thread 3 ] DEBUG Engine               - fontUI: VarelaRound-Regular.ttf
19:57:06.798 [FXGL Background Thread 3 ] DEBUG Engine               - fullScreen: BooleanProperty [value: false]
19:57:06.798 [FXGL Background Thread 3 ] DEBUG Engine               - gameDifficulty: MEDIUM
19:57:06.798 [FXGL Background Thread 3 ] DEBUG Engine               - gameDifficultyProperty: ObjectProperty [value: MEDIUM]
19:57:06.798 [FXGL Background Thread 3 ] DEBUG Engine               - globalMusicVolume: 0.5
19:57:06.799 [FXGL Background Thread 3 ] DEBUG Engine               - globalMusicVolumeProperty: DoubleProperty [value: 0.4]
19:57:06.799 [FXGL Background Thread 3 ] DEBUG Engine               - globalSoundVolume: 0.5
19:57:06.799 [FXGL Background Thread 3 ] DEBUG Engine               - globalSoundVolumeProperty: DoubleProperty [value: 0.5]
19:57:06.802 [FXGL Background Thread 3 ] DEBUG Engine               - height: 600
19:57:06.802 [FXGL Background Thread 3 ] DEBUG Engine               - is3D: false
19:57:06.802 [FXGL Background Thread 3 ] DEBUG Engine               - isAndroid: false
19:57:06.802 [FXGL Background Thread 3 ] DEBUG Engine               - isBrowser: false
19:57:06.802 [FXGL Background Thread 3 ] DEBUG Engine               - isClickFeedbackEnabled: false
19:57:06.802 [FXGL Background Thread 3 ] DEBUG Engine               - isCloseConfirmation: false
19:57:06.802 [FXGL Background Thread 3 ] DEBUG Engine               - isDesktop: true
19:57:06.803 [FXGL Background Thread 3 ] DEBUG Engine               - isDeveloperMenuEnabled: false
19:57:06.806 [FXGL Background Thread 3 ] DEBUG Engine               - isEmbedded: false
19:57:06.807 [FXGL Background Thread 3 ] DEBUG Engine               - isEntityPreloadEnabled: true
19:57:06.807 [FXGL Background Thread 3 ] DEBUG Engine               - isExperimentalTiledLargeMap: false
19:57:06.807 [FXGL Background Thread 3 ] DEBUG Engine               - isFileSystemWriteAllowed: true
19:57:06.807 [FXGL Background Thread 3 ] DEBUG Engine               - isFullScreenAllowed: false
19:57:06.807 [FXGL Background Thread 3 ] DEBUG Engine               - isFullScreenFromStart: false
19:57:06.807 [FXGL Background Thread 3 ] DEBUG Engine               - isGameMenuEnabled: true
19:57:06.807 [FXGL Background Thread 3 ] DEBUG Engine               - isIOS: false
19:57:06.807 [FXGL Background Thread 3 ] DEBUG Engine               - isIntroEnabled: false
19:57:06.807 [FXGL Background Thread 3 ] DEBUG Engine               - isLinux: false
19:57:06.807 [FXGL Background Thread 3 ] DEBUG Engine               - isMac: false
19:57:06.807 [FXGL Background Thread 3 ] DEBUG Engine               - isMainMenuEnabled: false
19:57:06.808 [FXGL Background Thread 3 ] DEBUG Engine               - isManualResizeEnabled: false
19:57:06.808 [FXGL Background Thread 3 ] DEBUG Engine               - isMobile: false
19:57:06.808 [FXGL Background Thread 3 ] DEBUG Engine               - isNative: false
19:57:06.808 [FXGL Background Thread 3 ] DEBUG Engine               - isPauseMusicWhenMinimized: true
19:57:06.808 [FXGL Background Thread 3 ] DEBUG Engine               - isPreserveResizeRatio: false
19:57:06.808 [FXGL Background Thread 3 ] DEBUG Engine               - isProfilingEnabled: false
19:57:06.808 [FXGL Background Thread 3 ] DEBUG Engine               - isScaleAffectedOnResize: true
19:57:06.808 [FXGL Background Thread 3 ] DEBUG Engine               - isSingleStep: false
19:57:06.808 [FXGL Background Thread 3 ] DEBUG Engine               - isUserProfileEnabled: false
19:57:06.808 [FXGL Background Thread 3 ] DEBUG Engine               - isWindows: true
19:57:06.808 [FXGL Background Thread 3 ] DEBUG Engine               - language: ObjectProperty [value: ENGLISH]
19:57:06.808 [FXGL Background Thread 3 ] DEBUG Engine               - menuKey: ESCAPE
19:57:06.808 [FXGL Background Thread 3 ] DEBUG Engine               - mouseSensitivity: 0.2
19:57:06.808 [FXGL Background Thread 3 ] DEBUG Engine               - notificationViewClass: class com.almasb.fxgl.notification.view.XboxNotificationView
19:57:06.808 [FXGL Background Thread 3 ] DEBUG Engine               - pixelsPerMeter: 50.0
19:57:06.808 [FXGL Background Thread 3 ] DEBUG Engine               - platform: WINDOWS
19:57:06.808 [FXGL Background Thread 3 ] DEBUG Engine               - prefHeightProperty: ReadOnlyDoubleProperty [value: 600.0]
19:57:06.808 [FXGL Background Thread 3 ] DEBUG Engine               - prefWidthProperty: ReadOnlyDoubleProperty [value: 800.0]
19:57:06.808 [FXGL Background Thread 3 ] DEBUG Engine               - profileDir: profiles/
19:57:06.808 [FXGL Background Thread 3 ] DEBUG Engine               - profileName: StringProperty [value: DEFAULT]
19:57:06.808 [FXGL Background Thread 3 ] DEBUG Engine               - randomSeed: -1
19:57:06.809 [FXGL Background Thread 3 ] DEBUG Engine               - runtimeInfo: RuntimeInfo(platform=WINDOWS, version=21.1, build=26.03.2024 17.33)
19:57:06.809 [FXGL Background Thread 3 ] DEBUG Engine               - saveFileExt: sav
19:57:06.809 [FXGL Background Thread 3 ] DEBUG Engine               - scaledHeightProp$fxgl: DoubleProperty [bound, value: 600.0]
19:57:06.809 [FXGL Background Thread 3 ] DEBUG Engine               - scaledWidthProp$fxgl: DoubleProperty [bound, value: 800.0]
19:57:06.809 [FXGL Background Thread 3 ] DEBUG Engine               - sceneFactory: com.almasb.fxgl.app.scene.SceneFactory@bc645d4
19:57:06.809 [FXGL Background Thread 3 ] DEBUG Engine               - secondsIn24h: 60
19:57:06.809 [FXGL Background Thread 3 ] DEBUG Engine               - soundMenuBack: menu/back.wav
19:57:06.809 [FXGL Background Thread 3 ] DEBUG Engine               - soundMenuPress: menu/press.wav
19:57:06.809 [FXGL Background Thread 3 ] DEBUG Engine               - soundMenuSelect: menu/select.wav
19:57:06.809 [FXGL Background Thread 3 ] DEBUG Engine               - soundNotification: core/notification.wav
19:57:06.809 [FXGL Background Thread 3 ] DEBUG Engine               - stageStyle: DECORATED
19:57:06.810 [FXGL Background Thread 3 ] DEBUG Engine               - supportedLanguages: [ENGLISH, FRENCH, GERMAN, HUNGARIAN, RUSSIAN]
19:57:06.810 [FXGL Background Thread 3 ] DEBUG Engine               - ticksPerSecond: -1
19:57:06.810 [FXGL Background Thread 3 ] DEBUG Engine               - title: Among Us UNEG
19:57:06.810 [FXGL Background Thread 3 ] DEBUG Engine               - urlGithub: https://github.com/AlmasB/FXGL
19:57:06.810 [FXGL Background Thread 3 ] DEBUG Engine               - urlLeaderboard: http://fxgl-top.herokuapp.com/
19:57:06.810 [FXGL Background Thread 3 ] DEBUG Engine               - urlPOM: https://raw.githubusercontent.com/AlmasB/FXGL/release/README.md
19:57:06.810 [FXGL Background Thread 3 ] DEBUG Engine               - userAppClass: class main.java.amongUs.AppPrincipal
19:57:06.810 [FXGL Background Thread 3 ] DEBUG Engine               - version: 0.0
19:57:06.810 [FXGL Background Thread 3 ] DEBUG Engine               - versionCheckDays: 7
19:57:06.810 [FXGL Background Thread 3 ] DEBUG Engine               - width: 800
19:57:06.810 [FXGL Background Thread 3 ] DEBUG Engine               - Logging services
19:57:06.810 [FXGL Background Thread 3 ] DEBUG Engine               - class com.almasb.fxgl.app.services.FXGLAssetLoaderService
19:57:06.810 [FXGL Background Thread 3 ] DEBUG Engine               - class com.almasb.fxgl.app.FXGLApplication$GameApplicationService
19:57:06.810 [FXGL Background Thread 3 ] DEBUG Engine               - class com.almasb.fxgl.app.services.FXGLDialogService
19:57:06.810 [FXGL Background Thread 3 ] DEBUG Engine               - class com.almasb.fxgl.app.services.IOTaskExecutorService
19:57:06.810 [FXGL Background Thread 3 ] DEBUG Engine               - class com.almasb.fxgl.io.FileSystemService
19:57:06.810 [FXGL Background Thread 3 ] DEBUG Engine               - class com.almasb.fxgl.localization.LocalizationService
19:57:06.810 [FXGL Background Thread 3 ] DEBUG Engine               - class com.almasb.fxgl.app.services.SystemBundleService
19:57:06.810 [FXGL Background Thread 3 ] DEBUG Engine               - class com.almasb.fxgl.profile.SaveLoadService
19:57:06.810 [FXGL Background Thread 3 ] DEBUG Engine               - class com.almasb.fxgl.ui.FXGLUIFactoryServiceProvider
19:57:06.810 [FXGL Background Thread 3 ] DEBUG Engine               - class com.almasb.fxgl.ui.FXGLDialogFactoryServiceProvider
19:57:06.810 [FXGL Background Thread 3 ] DEBUG Engine               - class com.almasb.fxgl.audio.AudioPlayer
19:57:06.810 [FXGL Background Thread 3 ] DEBUG Engine               - class com.almasb.fxgl.notification.impl.NotificationServiceProvider
19:57:06.810 [FXGL Background Thread 3 ] DEBUG Engine               - class com.almasb.fxgl.achievement.AchievementService
19:57:06.810 [FXGL Background Thread 3 ] DEBUG Engine               - class com.almasb.fxgl.cutscene.CutsceneService
19:57:06.810 [FXGL Background Thread 3 ] DEBUG Engine               - class com.almasb.fxgl.minigames.MiniGameService
19:57:06.811 [FXGL Background Thread 3 ] DEBUG Engine               - class com.almasb.fxgl.net.NetService
19:57:06.811 [FXGL Background Thread 3 ] DEBUG Engine               - class com.almasb.fxgl.app.services.UpdaterService
19:57:06.811 [FXGL Background Thread 3 ] DEBUG Engine               - class com.almasb.fxgl.dev.DevService
19:57:25.648 [JavaFX Application Thread] DEBUG FXGLAssetLoaderServi - Loading from file system: file:/C:/Users/josue/OneDrive/Desktop/proyecto%20java/Among%20Us/out/production/Among%20Us/assets/sounds/clickBoton.wav
19:57:29.548 [JavaFX Application Thread] DEBUG PrimaryStageWindow   - Push state: FXGLDefaultMenu
19:57:29.561 [JavaFX Application Thread] DEBUG Input                - Clearing active input actions
19:57:29.573 [JavaFX Application Thread] DEBUG GameApplicationServi - Removing overlay from GameScene and adding to FXGLDefaultMenu
19:57:29.576 [JavaFX Application Thread] DEBUG PrimaryStageWindow   - GameScene -> FXGLDefaultMenu
19:57:30.409 [JavaFX Application Thread] DEBUG PrimaryStageWindow   - Pop state: FXGLDefaultMenu
19:57:30.422 [JavaFX Application Thread] DEBUG Input                - Clearing active input actions
19:57:30.428 [JavaFX Application Thread] DEBUG GameApplicationServi - Removing overlay from FXGLDefaultMenu and adding to GameScene
19:57:30.428 [JavaFX Application Thread] DEBUG PrimaryStageWindow   - GameScene <- FXGLDefaultMenu
19:57:31.391 [JavaFX Application Thread] DEBUG PrimaryStageWindow   - Push state: FXGLDefaultMenu
19:57:31.391 [JavaFX Application Thread] DEBUG Input                - Clearing active input actions
19:57:31.392 [JavaFX Application Thread] DEBUG GameApplicationServi - Removing overlay from GameScene and adding to FXGLDefaultMenu
19:57:31.392 [JavaFX Application Thread] DEBUG PrimaryStageWindow   - GameScene -> FXGLDefaultMenu
19:57:32.172 [JavaFX Application Thread] DEBUG PrimaryStageWindow   - Pop state: FXGLDefaultMenu
19:57:32.172 [JavaFX Application Thread] DEBUG Input                - Clearing active input actions
19:57:32.177 [JavaFX Application Thread] DEBUG GameApplicationServi - Removing overlay from FXGLDefaultMenu and adding to GameScene
19:57:32.177 [JavaFX Application Thread] DEBUG PrimaryStageWindow   - GameScene <- FXGLDefaultMenu
19:57:49.252 [JavaFX Application Thread] DEBUG FXGLAssetLoaderServi - Loading from file system: file:/C:/Users/josue/OneDrive/Desktop/proyecto%20java/Among%20Us/out/production/Among%20Us/assets/textures/2.png
19:57:50.134 [JavaFX Application Thread] DEBUG FXGLAssetLoaderServi - Loading from file system: file:/C:/Users/josue/OneDrive/Desktop/proyecto%20java/Among%20Us/out/production/Among%20Us/assets/textures/3.png
19:57:50.165 [JavaFX Application Thread] DEBUG FXGLAssetLoaderServi - Loading from file system: file:/C:/Users/josue/OneDrive/Desktop/proyecto%20java/Among%20Us/out/production/Among%20Us/assets/textures/4.png
19:57:50.207 [JavaFX Application Thread] DEBUG FXGLAssetLoaderServi - Loading from file system: file:/C:/Users/josue/OneDrive/Desktop/proyecto%20java/Among%20Us/out/production/Among%20Us/assets/textures/5.png
19:57:50.855 [JavaFX Application Thread] DEBUG FXGLAssetLoaderServi - Loading from file system: file:/C:/Users/josue/OneDrive/Desktop/proyecto%20java/Among%20Us/out/production/Among%20Us/assets/textures/6.png
19:57:51.395 [JavaFX Application Thread] DEBUG FXGLAssetLoaderServi - Loading from file system: file:/C:/Users/josue/OneDrive/Desktop/proyecto%20java/Among%20Us/out/production/Among%20Us/assets/textures/1.png
19:58:36.197 [JavaFX Application Thread] WARN  TMXLevelLoader       - TiledMap generated from 1.11.2. Supported version: 1.9.0. Some features may not be parsed fully.
19:58:36.308 [JavaFX Application Thread] DEBUG TMXLevelLoader       - Parsed TiledMap: file:/C:/Users/josue/OneDrive/Desktop/proyecto%20java/Among%20Us/out/production/Among%20Us/assets/levels/mapa2.tmx
19:58:36.312 [JavaFX Application Thread] DEBUG TMXLevelLoader       - Creating tile layer entities
19:58:36.315 [JavaFX Application Thread] DEBUG TilesetLoader        - Loading view for layer fondo1
19:58:36.316 [JavaFX Application Thread] DEBUG TilesetLoader        - Created buffer with size 992.0x960.0
19:58:36.722 [JavaFX Application Thread] DEBUG TilesetLoader        - Loading view for layer fondo
19:58:36.725 [JavaFX Application Thread] DEBUG TilesetLoader        - Created buffer with size 992.0x960.0
19:58:36.731 [JavaFX Application Thread] DEBUG TilesetLoader        - Loading view for layer piso
19:58:36.732 [JavaFX Application Thread] DEBUG TilesetLoader        - Created buffer with size 992.0x960.0
19:58:36.740 [JavaFX Application Thread] DEBUG TilesetLoader        - Loading view for layer piso1
19:58:36.741 [JavaFX Application Thread] DEBUG TilesetLoader        - Created buffer with size 992.0x960.0
19:58:36.751 [JavaFX Application Thread] WARN  TilesetLoader        - Diagonally flipped tiles are not currently supported
19:58:36.752 [JavaFX Application Thread] WARN  TilesetLoader        - Diagonally flipped tiles are not currently supported
19:58:36.758 [JavaFX Application Thread] WARN  TilesetLoader        - Diagonally flipped tiles are not currently supported
19:58:36.765 [JavaFX Application Thread] WARN  TilesetLoader        - Diagonally flipped tiles are not currently supported
19:58:36.766 [JavaFX Application Thread] DEBUG TilesetLoader        - Loading view for layer izquierda
19:58:36.770 [JavaFX Application Thread] DEBUG TilesetLoader        - Created buffer with size 992.0x960.0
19:58:36.775 [JavaFX Application Thread] DEBUG TilesetLoader        - Loading view for layer detallesatraspared
19:58:36.776 [JavaFX Application Thread] DEBUG TilesetLoader        - Created buffer with size 992.0x960.0
19:58:36.793 [JavaFX Application Thread] WARN  TilesetLoader        - Diagonally flipped tiles are not currently supported
19:58:36.794 [JavaFX Application Thread] WARN  TilesetLoader        - Diagonally flipped tiles are not currently supported
19:58:36.828 [JavaFX Application Thread] DEBUG TilesetLoader        - Loading view for layer pared2
19:58:36.829 [JavaFX Application Thread] DEBUG TilesetLoader        - Created buffer with size 992.0x960.0
19:58:36.846 [JavaFX Application Thread] DEBUG TilesetLoader        - Loading view for layer techo1
19:58:36.851 [JavaFX Application Thread] DEBUG TilesetLoader        - Created buffer with size 992.0x960.0
19:58:36.856 [JavaFX Application Thread] DEBUG TilesetLoader        - Loading view for layer techo2
19:58:36.857 [JavaFX Application Thread] DEBUG TilesetLoader        - Created buffer with size 992.0x960.0
19:58:36.870 [JavaFX Application Thread] DEBUG TilesetLoader        - Loading view for layer puertita
19:58:36.871 [JavaFX Application Thread] DEBUG TilesetLoader        - Created buffer with size 992.0x960.0
19:58:36.874 [JavaFX Application Thread] DEBUG TilesetLoader        - Loading view for layer puerta
19:58:36.875 [JavaFX Application Thread] DEBUG TilesetLoader        - Created buffer with size 992.0x960.0
19:58:36.890 [JavaFX Application Thread] DEBUG TilesetLoader        - Loading view for layer detalles
19:58:36.891 [JavaFX Application Thread] DEBUG TilesetLoader        - Created buffer with size 992.0x960.0
19:58:36.922 [JavaFX Application Thread] DEBUG TilesetLoader        - Loading view for layer detalles 2
19:58:36.923 [JavaFX Application Thread] DEBUG TilesetLoader        - Created buffer with size 992.0x960.0
19:58:36.942 [JavaFX Application Thread] DEBUG TilesetLoader        - Loading view for layer detalles3
19:58:36.943 [JavaFX Application Thread] DEBUG TilesetLoader        - Created buffer with size 992.0x960.0
19:58:36.962 [JavaFX Application Thread] DEBUG TMXLevelLoader       - Creating object layer entities
19:58:37.070 [JavaFX Application Thread] DEBUG GameWorld            - Clearing removable entities
19:58:37.071 [JavaFX Application Thread] DEBUG GameWorld            - Setting level: com.almasb.fxgl.entity.level.Level@789f340c
19:58:37.124 [JavaFX Application Thread] DEBUG FXGLAssetLoaderServi - Loading from file system: file:/C:/Users/josue/OneDrive/Desktop/proyecto%20java/Among%20Us/out/production/Among%20Us/assets/textures/tripulante_negro.png
19:58:37.129 [JavaFX Application Thread] DEBUG FXGLAssetLoaderServi - Loading from file system: file:/C:/Users/josue/OneDrive/Desktop/proyecto%20java/Among%20Us/out/production/Among%20Us/assets/textures/animacion_negro.png
19:58:47.299 [JavaFX Application Thread] DEBUG PrimaryStageWindow   - Push state: FXGLDefaultMenu
19:58:47.299 [JavaFX Application Thread] DEBUG Input                - Clearing active input actions
19:58:47.300 [JavaFX Application Thread] DEBUG GameApplicationServi - Removing overlay from GameScene and adding to FXGLDefaultMenu
19:58:47.301 [JavaFX Application Thread] DEBUG PrimaryStageWindow   - GameScene -> FXGLDefaultMenu
19:58:51.678 [JavaFX Application Thread] DEBUG PrimaryStageWindow   - Pop state: FXGLDefaultMenu
19:58:51.678 [JavaFX Application Thread] DEBUG Input                - Clearing active input actions
19:58:51.680 [JavaFX Application Thread] DEBUG GameApplicationServi - Removing overlay from FXGLDefaultMenu and adding to GameScene
19:58:51.682 [JavaFX Application Thread] DEBUG PrimaryStageWindow   - GameScene <- FXGLDefaultMenu
19:58:52.379 [JavaFX Application Thread] DEBUG PrimaryStageWindow   - Push state: FXGLDefaultMenu
19:58:52.379 [JavaFX Application Thread] DEBUG Input                - Clearing active input actions
19:58:52.384 [JavaFX Application Thread] DEBUG GameApplicationServi - Removing overlay from GameScene and adding to FXGLDefaultMenu
19:58:52.385 [JavaFX Application Thread] DEBUG PrimaryStageWindow   - GameScene -> FXGLDefaultMenu
19:58:53.509 [JavaFX Application Thread] DEBUG PrimaryStageWindow   - Pop state: FXGLDefaultMenu
19:58:53.509 [JavaFX Application Thread] DEBUG Input                - Clearing active input actions
19:58:53.510 [JavaFX Application Thread] DEBUG GameApplicationServi - Removing overlay from FXGLDefaultMenu and adding to GameScene
19:58:53.511 [JavaFX Application Thread] DEBUG PrimaryStageWindow   - GameScene <- FXGLDefaultMenu
19:58:56.542 [JavaFX Application Thread] DEBUG PrimaryStageWindow   - Push state: FXGLDefaultMenu
19:58:56.542 [JavaFX Application Thread] DEBUG Input                - Clearing active input actions
19:58:56.543 [JavaFX Application Thread] DEBUG GameApplicationServi - Removing overlay from GameScene and adding to FXGLDefaultMenu
19:58:56.544 [JavaFX Application Thread] DEBUG PrimaryStageWindow   - GameScene -> FXGLDefaultMenu
19:59:04.284 [JavaFX Application Thread] DEBUG PrimaryStageWindow   - Pop state: FXGLDefaultMenu
19:59:04.302 [JavaFX Application Thread] DEBUG Input                - Clearing active input actions
19:59:04.303 [JavaFX Application Thread] DEBUG GameApplicationServi - Removing overlay from FXGLDefaultMenu and adding to GameScene
19:59:04.304 [JavaFX Application Thread] DEBUG PrimaryStageWindow   - GameScene <- FXGLDefaultMenu
19:59:07.895 [JavaFX Application Thread] DEBUG PrimaryStageWindow   - Push state: FXGLDefaultMenu
19:59:07.896 [JavaFX Application Thread] DEBUG Input                - Clearing active input actions
19:59:07.897 [JavaFX Application Thread] DEBUG GameApplicationServi - Removing overlay from GameScene and adding to FXGLDefaultMenu
19:59:07.897 [JavaFX Application Thread] DEBUG PrimaryStageWindow   - GameScene -> FXGLDefaultMenu
19:59:18.519 [JavaFX Application Thread] DEBUG FXGL.DefaultMenu     - createContentControls()
19:59:20.214 [JavaFX Application Thread] DEBUG PrimaryStageWindow   - Push state: PressAnyKeyState
19:59:20.214 [JavaFX Application Thread] DEBUG Input                - Clearing active input actions
19:59:20.214 [JavaFX Application Thread] DEBUG GameApplicationServi - Removing overlay from FXGLDefaultMenu and adding to PressAnyKeyState
19:59:20.214 [JavaFX Application Thread] DEBUG PrimaryStageWindow   - FXGLDefaultMenu -> PressAnyKeyState
19:59:20.840 [JavaFX Application Thread] DEBUG PrimaryStageWindow   - Pop state: PressAnyKeyState
19:59:20.840 [JavaFX Application Thread] DEBUG Input                - Clearing active input actions
19:59:20.840 [JavaFX Application Thread] DEBUG GameApplicationServi - Removing overlay from PressAnyKeyState and adding to FXGLDefaultMenu
19:59:20.840 [JavaFX Application Thread] DEBUG PrimaryStageWindow   - FXGLDefaultMenu <- PressAnyKeyState
19:59:21.902 [JavaFX Application Thread] DEBUG PrimaryStageWindow   - Pop state: FXGLDefaultMenu
19:59:21.905 [JavaFX Application Thread] DEBUG Input                - Clearing active input actions
19:59:21.905 [JavaFX Application Thread] DEBUG GameApplicationServi - Removing overlay from FXGLDefaultMenu and adding to GameScene
19:59:21.905 [JavaFX Application Thread] DEBUG PrimaryStageWindow   - GameScene <- FXGLDefaultMenu
19:59:26.847 [JavaFX Application Thread] DEBUG PrimaryStageWindow   - Push state: FXGLDefaultMenu
19:59:26.847 [JavaFX Application Thread] DEBUG Input                - Clearing active input actions
19:59:26.860 [JavaFX Application Thread] DEBUG GameApplicationServi - Removing overlay from GameScene and adding to FXGLDefaultMenu
19:59:26.861 [JavaFX Application Thread] DEBUG PrimaryStageWindow   - GameScene -> FXGLDefaultMenu
19:59:30.581 [JavaFX Application Thread] DEBUG PrimaryStageWindow   - Push state: PressAnyKeyState
19:59:30.581 [JavaFX Application Thread] DEBUG Input                - Clearing active input actions
19:59:30.581 [JavaFX Application Thread] DEBUG GameApplicationServi - Removing overlay from FXGLDefaultMenu and adding to PressAnyKeyState
19:59:30.581 [JavaFX Application Thread] DEBUG PrimaryStageWindow   - FXGLDefaultMenu -> PressAnyKeyState
19:59:30.929 [JavaFX Application Thread] DEBUG PrimaryStageWindow   - Pop state: PressAnyKeyState
19:59:30.929 [JavaFX Application Thread] DEBUG Input                - Clearing active input actions
19:59:30.929 [JavaFX Application Thread] DEBUG GameApplicationServi - Removing overlay from PressAnyKeyState and adding to FXGLDefaultMenu
19:59:30.930 [JavaFX Application Thread] DEBUG PrimaryStageWindow   - FXGLDefaultMenu <- PressAnyKeyState
19:59:35.117 [JavaFX Application Thread] DEBUG FXGL.DefaultMenu     - createContentVideo()
19:59:37.795 [JavaFX Application Thread] DEBUG FXGLAssetLoaderServi - Loading from file system: jar:file:/C:/Users/josue/OneDrive/Desktop/proyecto%20java/Among%20Us/lib/fxgl-21.1-uber.jar!/fxglassets/languages/french.lang
19:59:43.335 [JavaFX Application Thread] DEBUG FXGLAssetLoaderServi - Loading from file system: jar:file:/C:/Users/josue/OneDrive/Desktop/proyecto%20java/Among%20Us/lib/fxgl-21.1-uber.jar!/fxglassets/languages/russian.lang
19:59:45.005 [JavaFX Application Thread] DEBUG FXGLAssetLoaderServi - Loading from file system: jar:file:/C:/Users/josue/OneDrive/Desktop/proyecto%20java/Among%20Us/lib/fxgl-21.1-uber.jar!/fxglassets/languages/hungarian.lang
19:59:46.331 [JavaFX Application Thread] DEBUG FXGLAssetLoaderServi - Loading from file system: jar:file:/C:/Users/josue/OneDrive/Desktop/proyecto%20java/Among%20Us/lib/fxgl-21.1-uber.jar!/fxglassets/languages/german.lang
19:59:49.882 [JavaFX Application Thread] DEBUG FXGL.DefaultMenu     - createContentAudio()
19:59:57.387 [JavaFX Application Thread] DEBUG PrimaryStageWindow   - Push state: DialogSubScene
19:59:57.388 [JavaFX Application Thread] DEBUG Input                - Clearing active input actions
19:59:57.388 [JavaFX Application Thread] DEBUG GameApplicationServi - Removing overlay from FXGLDefaultMenu and adding to DialogSubScene
19:59:57.388 [JavaFX Application Thread] DEBUG PrimaryStageWindow   - FXGLDefaultMenu -> DialogSubScene
19:59:58.354 [JavaFX Application Thread] DEBUG PrimaryStageWindow   - Pop state: DialogSubScene
19:59:58.354 [JavaFX Application Thread] DEBUG Input                - Clearing active input actions
19:59:58.354 [JavaFX Application Thread] DEBUG GameApplicationServi - Removing overlay from DialogSubScene and adding to FXGLDefaultMenu
19:59:58.355 [JavaFX Application Thread] DEBUG PrimaryStageWindow   - FXGLDefaultMenu <- DialogSubScene
19:59:58.355 [JavaFX Application Thread] DEBUG Menu                 - restoreDefaultSettings()
20:00:01.125 [JavaFX Application Thread] DEBUG Menu                 - fireResume()
20:00:01.126 [JavaFX Application Thread] DEBUG PrimaryStageWindow   - Pop state: FXGLDefaultMenu
20:00:01.139 [JavaFX Application Thread] DEBUG Input                - Clearing active input actions
20:00:01.140 [JavaFX Application Thread] DEBUG GameApplicationServi - Removing overlay from FXGLDefaultMenu and adding to GameScene
20:00:01.140 [JavaFX Application Thread] DEBUG PrimaryStageWindow   - GameScene <- FXGLDefaultMenu
20:00:13.039 [JavaFX Application Thread] DEBUG PrimaryStageWindow   - Push state: FXGLDefaultMenu
20:00:13.040 [JavaFX Application Thread] DEBUG Input                - Clearing active input actions
20:00:13.042 [JavaFX Application Thread] DEBUG GameApplicationServi - Removing overlay from GameScene and adding to FXGLDefaultMenu
20:00:13.042 [JavaFX Application Thread] DEBUG PrimaryStageWindow   - GameScene -> FXGLDefaultMenu
20:00:14.239 [JavaFX Application Thread] DEBUG Menu                 - fireExit()
20:00:14.240 [JavaFX Application Thread] DEBUG PrimaryStageWindow   - Push state: DialogSubScene
20:00:14.241 [JavaFX Application Thread] DEBUG Input                - Clearing active input actions
20:00:14.243 [JavaFX Application Thread] DEBUG GameApplicationServi - Removing overlay from FXGLDefaultMenu and adding to DialogSubScene
20:00:14.243 [JavaFX Application Thread] DEBUG PrimaryStageWindow   - FXGLDefaultMenu -> DialogSubScene
20:00:15.414 [JavaFX Application Thread] DEBUG PrimaryStageWindow   - Pop state: DialogSubScene
20:00:15.414 [JavaFX Application Thread] DEBUG Input                - Clearing active input actions
20:00:15.415 [JavaFX Application Thread] DEBUG GameApplicationServi - Removing overlay from DialogSubScene and adding to FXGLDefaultMenu
20:00:15.415 [JavaFX Application Thread] DEBUG PrimaryStageWindow   - FXGLDefaultMenu <- DialogSubScene
20:00:15.415 [JavaFX Application Thread] DEBUG FXGLApplication      - Exiting FXGL
20:00:15.415 [JavaFX Application Thread] DEBUG LoopRunner           - Stopping loop
20:00:15.415 [JavaFX Application Thread] DEBUG SystemBundleService  - Saving FXGL system data
20:00:15.419 [JavaFX Application Thread] DEBUG FileSystemAccess     - Writing to: C:\Users\josue\OneDrive\Desktop\proyecto java\Among Us\system\fxgl.bundle
20:00:15.421 [JavaFX Application Thread] DEBUG Async                - Shutting down background threads
20:00:15.424 [JavaFX Application Thread] DEBUG PrimaryStageWindow   - Closing main window
20:00:15.491 [JavaFX Application Thread] DEBUG Logger               - Closing Logger
