19:50:34.387 [main                     ] DEBUG Logger               - Configured Logger
19:50:34.408 [main                     ] DEBUG GameApplication      - Logging settings
Title: Among Us UNEG
Version: 0.0
Width: 800
Height: 600
Fullscreen: false
Intro: false
Profiling: false
Single step:false
App Mode: DEVELOPER
Menu Key: ESCAPE
Stage Style: DECORATED
Scene Factory: class com.almasb.fxgl.app.scene.SceneFactory

19:50:35.378 [JavaFX Application Thread] DEBUG FXGLApplication      - Initializing FXGL
19:50:35.384 [JavaFX Application Thread] INFO  Engine               - FXGL-21.1 (26.03.2024 17.33) on WINDOWS (J:25.0.2 FX:21.0.1)
19:50:35.385 [JavaFX Application Thread] DEBUG Engine               - JRE Vendor Name: Oracle Corporation
19:50:35.385 [JavaFX Application Thread] DEBUG Engine               - Running on OS: Windows 11 version 10.0
19:50:35.385 [JavaFX Application Thread] DEBUG Engine               - Architecture: amd64
19:50:35.385 [JavaFX Application Thread] INFO  Engine               - Source code and latest versions at: https://github.com/AlmasB/FXGL
19:50:35.385 [JavaFX Application Thread] INFO  Engine               -       Ask questions and discuss at: https://github.com/AlmasB/FXGL/discussions
19:50:35.385 [JavaFX Application Thread] INFO  Engine               -              Join the FXGL chat at: https://gitter.im/AlmasB/FXGL
19:50:35.621 [JavaFX Application Thread] DEBUG PrimaryStageWindow   - Creating a JavaFX scene
19:50:35.751 [JavaFX Application Thread] DEBUG PrimaryStageWindow   - Target settings size: 800.0 x 600.0
19:50:35.752 [JavaFX Application Thread] DEBUG PrimaryStageWindow   - Scaled scene size:    800.0 x 600.0
19:50:35.752 [JavaFX Application Thread] DEBUG PrimaryStageWindow   - Scaled ratio: (1.0, 1.0)
19:50:35.754 [JavaFX Application Thread] DEBUG PrimaryStageWindow   - Set initial scene to FXGLStartupScene
19:50:35.763 [JavaFX Application Thread] DEBUG PrimaryStageWindow   - Opening main window
19:50:35.987 [JavaFX Application Thread] DEBUG PrimaryStageWindow   - Window border size: (16.0, 39.0)
19:50:35.987 [JavaFX Application Thread] DEBUG PrimaryStageWindow   - Scaled size: 800.0 x 600.0
19:50:35.987 [JavaFX Application Thread] DEBUG PrimaryStageWindow   - Scaled ratio: (1.0, 1.0)
19:50:35.987 [JavaFX Application Thread] DEBUG PrimaryStageWindow   - Scene size: 800.0 x 600.0
19:50:35.987 [JavaFX Application Thread] DEBUG PrimaryStageWindow   - Stage size: 816.0 x 639.0
19:50:36.298 [FXGL Background Thread 1 ] DEBUG Engine               - Initializing environment variables
19:50:36.448 [FXGL Background Thread 1 ] DEBUG FXGLAssetLoaderServi - User app class for loading assets: class main.java.amongUs.AppPrincipal
19:50:36.449 [FXGL Background Thread 1 ] DEBUG GameApplicationServi - Applying CSS: fxgl_dark.css
19:50:36.450 [FXGL Background Thread 1 ] DEBUG FXGLAssetLoaderServi - Loading from file system: jar:file:/C:/Users/josue/OneDrive/Desktop/proyecto%20java/Among%20Us/lib/fxgl-21.1-uber.jar!/fxglassets/ui/css/fxgl_dark.css
19:50:36.580 [FXGL Background Thread 1 ] DEBUG GameApplicationServi - Initializing application scenes
19:50:36.910 [FXGL Background Thread 1 ] DEBUG GameWorld            - Game world initialized
19:50:36.990 [FXGL Background Thread 1 ] DEBUG PhysicsWorld         - Physics world initialized: appHeight=600, physics.ppm=50,0
19:50:36.990 [FXGL Background Thread 1 ] DEBUG PhysicsWorld         - Using strategy: BRUTE_FORCE
19:50:37.004 [FXGL Background Thread 1 ] DEBUG GameScene            - Game scene initialized: 800x600
19:50:37.028 [FXGL Background Thread 1 ] DEBUG FXGL.DefaultMenu     - createMenuBodyGameMenu()
19:50:37.056 [FXGL Background Thread 1 ] DEBUG FXGL.DefaultMenu     - createOptionsMenu()
19:50:37.081 [FXGL Background Thread 1 ] DEBUG FXGLAssetLoaderServi - Loading from file system: jar:file:/C:/Users/josue/OneDrive/Desktop/proyecto%20java/Among%20Us/lib/fxgl-21.1-uber.jar!/fxglassets/textures/particles/smoke.png
19:50:37.350 [FXGL Background Thread 1 ] DEBUG FXGLAssetLoaderServi - Loading from file system: jar:file:/C:/Users/josue/OneDrive/Desktop/proyecto%20java/Among%20Us/lib/fxgl-21.1-uber.jar!/fxglassets/textures/particles/trace_horizontal.png
19:50:37.421 [FXGL Background Thread 1 ] DEBUG GameApplicationServi - Application scenes initialized
19:50:37.448 [FXGL Background Thread 1 ] DEBUG SystemBundleService  - Loading FXGL system data
19:50:37.454 [FXGL Background Thread 1 ] DEBUG FileSystemAccess     - Reading from: C:\Users\josue\OneDrive\Desktop\proyecto java\Among Us\system\fxgl.bundle
19:50:37.465 [FXGL Background Thread 1 ] DEBUG SystemBundleService  - Bundle FXGL: {}
19:50:37.465 [FXGL Background Thread 1 ] DEBUG UpdaterService       - Checking for updates
19:50:37.479 [FXGL Background Thread 1 ] DEBUG FXGLApplication      - Loading default localization
19:50:37.480 [FXGL Background Thread 1 ] DEBUG FXGLAssetLoaderServi - Loading from file system: jar:file:/C:/Users/josue/OneDrive/Desktop/proyecto%20java/Among%20Us/lib/fxgl-21.1-uber.jar!/fxglassets/languages/english.lang
19:50:37.513 [FXGL Background Thread 1 ] INFO  FXGLApplication      - FXGL initialization took: 1,214 sec
19:50:37.530 [JavaFX Application Thread] DEBUG Input                - Registered new binding: action0 - W
19:50:37.532 [JavaFX Application Thread] DEBUG Input                - Registered new binding: action1 - S
19:50:37.532 [JavaFX Application Thread] DEBUG Input                - Registered new binding: action2 - A
19:50:37.538 [JavaFX Application Thread] DEBUG Input                - Registered new binding: action3 - D
19:50:37.538 [JavaFX Application Thread] DEBUG FXGLAssetLoaderServi - Loading from file system: file:/C:/Users/josue/OneDrive/Desktop/proyecto%20java/Among%20Us/out/production/Among%20Us/assets/textures/icono.png
19:50:37.672 [FXGL Background Thread 4 ] DEBUG FXGLApplication      - Loading fonts
19:50:37.674 [FXGL Background Thread 4 ] DEBUG FXGLAssetLoaderServi - Loading from file system: jar:file:/C:/Users/josue/OneDrive/Desktop/proyecto%20java/Among%20Us/lib/fxgl-21.1-uber.jar!/fxglassets/ui/fonts/VarelaRound-Regular.ttf
19:50:37.741 [JavaFX Application Thread] DEBUG FXGLAssetLoaderServi - Loading from file system: jar:file:/C:/Users/josue/OneDrive/Desktop/proyecto%20java/Among%20Us/lib/fxgl-21.1-uber.jar!/fxglassets/textures/fxgl_default_cursor.png
19:50:37.750 [JavaFX Application Thread] DEBUG Input                - Registered new binding: Screenshot - CTRL+8
19:50:37.753 [JavaFX Application Thread] DEBUG Input                - Registered new binding: System info dump - CTRL+9
19:50:37.755 [JavaFX Application Thread] DEBUG Input                - Registered new binding: Restart - CTRL+R
19:50:37.757 [JavaFX Application Thread] DEBUG Input                - Registered new binding: Toggle Debug Camera - CTRL+7
19:50:37.774 [JavaFX Application Thread] DEBUG LoopRunner           - Starting loop
19:50:37.775 [JavaFX Application Thread] DEBUG LoopRunner           - Initializing JavaFX AnimationTimerLoop
19:50:37.778 [JavaFX Application Thread] DEBUG GameApplicationServi - Starting new game
19:50:37.780 [JavaFX Application Thread] DEBUG Input                - Clearing active input actions
19:50:37.892 [JavaFX Application Thread] DEBUG GameApplicationServi - Removing overlay from FXGLStartupScene and adding to FXGLLoadingScene
19:50:37.912 [JavaFX Application Thread] DEBUG PrimaryStageWindow   - FXGLStartupScene -> FXGLLoadingScene
19:50:37.913 [JavaFX Application Thread] DEBUG GameApplicationServi - Clearing previous game
19:50:37.914 [JavaFX Application Thread] DEBUG GameScene            - Clearing game scene
19:50:37.916 [JavaFX Application Thread] DEBUG GameWorld            - Clearing game world
19:50:37.917 [JavaFX Application Thread] DEBUG PhysicsWorld         - Clearing physics world
19:50:37.929 [FXGL Background Thread 1 ] DEBUG FXGLApplication      - Initializing game
19:50:37.979 [FXGL Background Thread 1 ] DEBUG FXGLAssetLoaderServi - Loading from file system: file:/C:/Users/josue/OneDrive/Desktop/proyecto%20java/Among%20Us/out/production/Among%20Us/assets/music/musicaMenu.mp3
19:50:38.785 [FXGL Background Thread 4 ] DEBUG FXGLAssetLoaderServi - Loading from file system: jar:file:/C:/Users/josue/OneDrive/Desktop/proyecto%20java/Among%20Us/lib/fxgl-21.1-uber.jar!/fxglassets/ui/fonts/Abel-Regular.ttf
19:50:38.793 [FXGL Background Thread 4 ] DEBUG FXGLAssetLoaderServi - Loading from file system: jar:file:/C:/Users/josue/OneDrive/Desktop/proyecto%20java/Among%20Us/lib/fxgl-21.1-uber.jar!/fxglassets/ui/fonts/TerminalLandMono-Regular.otf
19:50:38.810 [FXGL Background Thread 4 ] DEBUG FXGLAssetLoaderServi - Loading from file system: jar:file:/C:/Users/josue/OneDrive/Desktop/proyecto%20java/Among%20Us/lib/fxgl-21.1-uber.jar!/fxglassets/ui/fonts/Courier-Prime.ttf
19:50:38.850 [JavaFX Application Thread] DEBUG FXGLApplication      - Registering font factories with UI factory
19:50:39.072 [FXGL Background Thread 1 ] DEBUG AudioPlayer          - Playing music com.almasb.fxgl.audio.Music@6bbcb0ab
19:50:40.479 [FXGL Background Thread 3 ] DEBUG Engine               - Logging environment variables
19:50:40.483 [FXGL Background Thread 3 ] DEBUG Engine               - achievements: []
19:50:40.488 [FXGL Background Thread 3 ] DEBUG Engine               - actualHeight: 600.0
19:50:40.488 [FXGL Background Thread 3 ] DEBUG Engine               - actualHeightProperty: ReadOnlyDoubleProperty [value: 600.0]
19:50:40.496 [FXGL Background Thread 3 ] DEBUG Engine               - actualWidth: 800.0
19:50:40.498 [FXGL Background Thread 3 ] DEBUG Engine               - actualWidthProperty: ReadOnlyDoubleProperty [value: 800.0]
19:50:40.498 [FXGL Background Thread 3 ] DEBUG Engine               - appIcon: icono.png
19:50:40.498 [FXGL Background Thread 3 ] DEBUG Engine               - applicationMode: DEVELOPER
19:50:40.498 [FXGL Background Thread 3 ] DEBUG Engine               - cSSList: [fxgl_dark.css]
19:50:40.498 [FXGL Background Thread 3 ] DEBUG Engine               - collisionDetectionStrategy: BRUTE_FORCE
19:50:40.499 [FXGL Background Thread 3 ] DEBUG Engine               - configClass: Optional.empty
19:50:40.499 [FXGL Background Thread 3 ] DEBUG Engine               - credits: []
19:50:40.498 [FXGL Background Thread 1 ] INFO  FXGLApplication      - Game initialization took: 2,569 sec
19:50:40.499 [FXGL Background Thread 3 ] DEBUG Engine               - defaultCursor: CursorInfo(imageName=fxgl_default_cursor.png, hotspotX=7.0, hotspotY=6.0)
19:50:40.508 [FXGL Background Thread 3 ] DEBUG Engine               - devBBoxColorProperty: ObjectProperty [value: 0xff0000ff]
19:50:40.509 [FXGL Background Thread 3 ] DEBUG Engine               - devEnableDebugCameraProperty: BooleanProperty [value: false]
19:50:40.509 [FXGL Background Thread 3 ] DEBUG Engine               - devSensorColorProperty: ObjectProperty [value: 0xffff00ff]
19:50:40.509 [FXGL Background Thread 3 ] DEBUG Engine               - devShowBBoxProperty: BooleanProperty [value: false]
19:50:40.509 [FXGL Background Thread 3 ] DEBUG Engine               - devShowPositionProperty: BooleanProperty [value: false]
19:50:40.509 [FXGL Background Thread 3 ] DEBUG Engine               - enabledMenuItems: []
19:50:40.510 [FXGL Background Thread 3 ] DEBUG Engine               - engineServices: [class com.almasb.fxgl.app.services.FXGLAssetLoaderService, class com.almasb.fxgl.app.FXGLApplication$GameApplicationService, class com.almasb.fxgl.app.services.FXGLDialogService, class com.almasb.fxgl.app.services.IOTaskExecutorService, class com.almasb.fxgl.io.FileSystemService, class com.almasb.fxgl.localization.LocalizationService, class com.almasb.fxgl.app.services.SystemBundleService, class com.almasb.fxgl.profile.SaveLoadService, class com.almasb.fxgl.ui.FXGLUIFactoryServiceProvider, class com.almasb.fxgl.ui.FXGLDialogFactoryServiceProvider, class com.almasb.fxgl.audio.AudioPlayer, class com.almasb.fxgl.notification.impl.NotificationServiceProvider, class com.almasb.fxgl.achievement.AchievementService, class com.almasb.fxgl.cutscene.CutsceneService, class com.almasb.fxgl.minigames.MiniGameService, class com.almasb.fxgl.net.NetService, class com.almasb.fxgl.app.services.UpdaterService, class com.almasb.fxgl.dev.DevService]
19:50:40.510 [FXGL Background Thread 3 ] DEBUG Engine               - fontGame: Abel-Regular.ttf
19:50:40.510 [FXGL Background Thread 3 ] DEBUG Engine               - fontMono: TerminalLandMono-Regular.otf
19:50:40.512 [FXGL Background Thread 3 ] DEBUG Engine               - fontSizeScaleUI: 1.0
19:50:40.512 [FXGL Background Thread 3 ] DEBUG Engine               - fontText: Courier-Prime.ttf
19:50:40.512 [FXGL Background Thread 3 ] DEBUG Engine               - fontUI: VarelaRound-Regular.ttf
19:50:40.513 [FXGL Background Thread 3 ] DEBUG Engine               - fullScreen: BooleanProperty [value: false]
19:50:40.514 [FXGL Background Thread 3 ] DEBUG Engine               - gameDifficulty: MEDIUM
19:50:40.514 [FXGL Background Thread 3 ] DEBUG Engine               - gameDifficultyProperty: ObjectProperty [value: MEDIUM]
19:50:40.515 [FXGL Background Thread 3 ] DEBUG Engine               - globalMusicVolume: 0.5
19:50:40.515 [FXGL Background Thread 3 ] DEBUG Engine               - globalMusicVolumeProperty: DoubleProperty [value: 0.4]
19:50:40.515 [FXGL Background Thread 3 ] DEBUG Engine               - globalSoundVolume: 0.5
19:50:40.515 [FXGL Background Thread 3 ] DEBUG Engine               - globalSoundVolumeProperty: DoubleProperty [value: 0.5]
19:50:40.515 [FXGL Background Thread 3 ] DEBUG Engine               - height: 600
19:50:40.516 [FXGL Background Thread 3 ] DEBUG Engine               - is3D: false
19:50:40.516 [FXGL Background Thread 3 ] DEBUG Engine               - isAndroid: false
19:50:40.516 [FXGL Background Thread 3 ] DEBUG Engine               - isBrowser: false
19:50:40.516 [FXGL Background Thread 3 ] DEBUG Engine               - isClickFeedbackEnabled: false
19:50:40.516 [FXGL Background Thread 3 ] DEBUG Engine               - isCloseConfirmation: false
19:50:40.516 [FXGL Background Thread 3 ] DEBUG Engine               - isDesktop: true
19:50:40.517 [FXGL Background Thread 3 ] DEBUG Engine               - isDeveloperMenuEnabled: false
19:50:40.517 [FXGL Background Thread 3 ] DEBUG Engine               - isEmbedded: false
19:50:40.517 [FXGL Background Thread 3 ] DEBUG Engine               - isEntityPreloadEnabled: true
19:50:40.517 [FXGL Background Thread 3 ] DEBUG Engine               - isExperimentalTiledLargeMap: false
19:50:40.517 [FXGL Background Thread 3 ] DEBUG Engine               - isFileSystemWriteAllowed: true
19:50:40.517 [FXGL Background Thread 3 ] DEBUG Engine               - isFullScreenAllowed: false
19:50:40.518 [FXGL Background Thread 3 ] DEBUG Engine               - isFullScreenFromStart: false
19:50:40.521 [FXGL Background Thread 3 ] DEBUG Engine               - isGameMenuEnabled: true
19:50:40.523 [FXGL Background Thread 3 ] DEBUG Engine               - isIOS: false
19:50:40.523 [FXGL Background Thread 3 ] DEBUG Engine               - isIntroEnabled: false
19:50:40.523 [FXGL Background Thread 3 ] DEBUG Engine               - isLinux: false
19:50:40.524 [FXGL Background Thread 3 ] DEBUG Engine               - isMac: false
19:50:40.524 [FXGL Background Thread 3 ] DEBUG Engine               - isMainMenuEnabled: false
19:50:40.526 [FXGL Background Thread 3 ] DEBUG Engine               - isManualResizeEnabled: false
19:50:40.530 [FXGL Background Thread 3 ] DEBUG Engine               - isMobile: false
19:50:40.531 [FXGL Background Thread 3 ] DEBUG Engine               - isNative: false
19:50:40.531 [FXGL Background Thread 3 ] DEBUG Engine               - isPauseMusicWhenMinimized: true
19:50:40.548 [FXGL Background Thread 3 ] DEBUG Engine               - isPreserveResizeRatio: false
19:50:40.548 [FXGL Background Thread 3 ] DEBUG Engine               - isProfilingEnabled: false
19:50:40.548 [FXGL Background Thread 3 ] DEBUG Engine               - isScaleAffectedOnResize: true
19:50:40.548 [FXGL Background Thread 3 ] DEBUG Engine               - isSingleStep: false
19:50:40.548 [FXGL Background Thread 3 ] DEBUG Engine               - isUserProfileEnabled: false
19:50:40.548 [FXGL Background Thread 3 ] DEBUG Engine               - isWindows: true
19:50:40.548 [FXGL Background Thread 3 ] DEBUG Engine               - language: ObjectProperty [value: ENGLISH]
19:50:40.548 [FXGL Background Thread 3 ] DEBUG Engine               - menuKey: ESCAPE
19:50:40.549 [FXGL Background Thread 3 ] DEBUG Engine               - mouseSensitivity: 0.2
19:50:40.549 [FXGL Background Thread 3 ] DEBUG Engine               - notificationViewClass: class com.almasb.fxgl.notification.view.XboxNotificationView
19:50:40.549 [FXGL Background Thread 3 ] DEBUG Engine               - pixelsPerMeter: 50.0
19:50:40.549 [FXGL Background Thread 3 ] DEBUG Engine               - platform: WINDOWS
19:50:40.549 [FXGL Background Thread 3 ] DEBUG Engine               - prefHeightProperty: ReadOnlyDoubleProperty [value: 600.0]
19:50:40.549 [FXGL Background Thread 3 ] DEBUG Engine               - prefWidthProperty: ReadOnlyDoubleProperty [value: 800.0]
19:50:40.549 [FXGL Background Thread 3 ] DEBUG Engine               - profileDir: profiles/
19:50:40.549 [FXGL Background Thread 3 ] DEBUG Engine               - profileName: StringProperty [value: DEFAULT]
19:50:40.549 [FXGL Background Thread 3 ] DEBUG Engine               - randomSeed: -1
19:50:40.549 [FXGL Background Thread 3 ] DEBUG Engine               - runtimeInfo: RuntimeInfo(platform=WINDOWS, version=21.1, build=26.03.2024 17.33)
19:50:40.549 [FXGL Background Thread 3 ] DEBUG Engine               - saveFileExt: sav
19:50:40.550 [FXGL Background Thread 3 ] DEBUG Engine               - scaledHeightProp$fxgl: DoubleProperty [bound, value: 600.0]
19:50:40.553 [FXGL Background Thread 3 ] DEBUG Engine               - scaledWidthProp$fxgl: DoubleProperty [bound, value: 800.0]
19:50:40.553 [FXGL Background Thread 3 ] DEBUG Engine               - sceneFactory: com.almasb.fxgl.app.scene.SceneFactory@bc645d4
19:50:40.553 [FXGL Background Thread 3 ] DEBUG Engine               - secondsIn24h: 60
19:50:40.553 [FXGL Background Thread 3 ] DEBUG Engine               - soundMenuBack: menu/back.wav
19:50:40.553 [FXGL Background Thread 3 ] DEBUG Engine               - soundMenuPress: menu/press.wav
19:50:40.553 [FXGL Background Thread 3 ] DEBUG Engine               - soundMenuSelect: menu/select.wav
19:50:40.555 [FXGL Background Thread 3 ] DEBUG Engine               - soundNotification: core/notification.wav
19:50:40.555 [FXGL Background Thread 3 ] DEBUG Engine               - stageStyle: DECORATED
19:50:40.555 [FXGL Background Thread 3 ] DEBUG Engine               - supportedLanguages: [ENGLISH, FRENCH, GERMAN, HUNGARIAN, RUSSIAN]
19:50:40.555 [FXGL Background Thread 3 ] DEBUG Engine               - ticksPerSecond: -1
19:50:40.555 [FXGL Background Thread 3 ] DEBUG Engine               - title: Among Us UNEG
19:50:40.555 [FXGL Background Thread 3 ] DEBUG Engine               - urlGithub: https://github.com/AlmasB/FXGL
19:50:40.559 [FXGL Background Thread 3 ] DEBUG Engine               - urlLeaderboard: http://fxgl-top.herokuapp.com/
19:50:40.559 [FXGL Background Thread 3 ] DEBUG Engine               - urlPOM: https://raw.githubusercontent.com/AlmasB/FXGL/release/README.md
19:50:40.559 [FXGL Background Thread 3 ] DEBUG Engine               - userAppClass: class main.java.amongUs.AppPrincipal
19:50:40.559 [FXGL Background Thread 3 ] DEBUG Engine               - version: 0.0
19:50:40.559 [FXGL Background Thread 3 ] DEBUG Engine               - versionCheckDays: 7
19:50:40.559 [FXGL Background Thread 3 ] DEBUG Engine               - width: 800
19:50:40.559 [FXGL Background Thread 3 ] DEBUG Engine               - Logging services
19:50:40.561 [FXGL Background Thread 3 ] DEBUG Engine               - class com.almasb.fxgl.app.services.FXGLAssetLoaderService
19:50:40.561 [FXGL Background Thread 3 ] DEBUG Engine               - class com.almasb.fxgl.app.FXGLApplication$GameApplicationService
19:50:40.561 [FXGL Background Thread 3 ] DEBUG Engine               - class com.almasb.fxgl.app.services.FXGLDialogService
19:50:40.561 [FXGL Background Thread 3 ] DEBUG Engine               - class com.almasb.fxgl.app.services.IOTaskExecutorService
19:50:40.561 [FXGL Background Thread 3 ] DEBUG Engine               - class com.almasb.fxgl.io.FileSystemService
19:50:40.561 [FXGL Background Thread 3 ] DEBUG Engine               - class com.almasb.fxgl.localization.LocalizationService
19:50:40.561 [FXGL Background Thread 3 ] DEBUG Engine               - class com.almasb.fxgl.app.services.SystemBundleService
19:50:40.561 [FXGL Background Thread 3 ] DEBUG Engine               - class com.almasb.fxgl.profile.SaveLoadService
19:50:40.561 [FXGL Background Thread 3 ] DEBUG Engine               - class com.almasb.fxgl.ui.FXGLUIFactoryServiceProvider
19:50:40.561 [FXGL Background Thread 3 ] DEBUG Engine               - class com.almasb.fxgl.ui.FXGLDialogFactoryServiceProvider
19:50:40.561 [FXGL Background Thread 3 ] DEBUG Engine               - class com.almasb.fxgl.audio.AudioPlayer
19:50:40.561 [FXGL Background Thread 3 ] DEBUG Engine               - class com.almasb.fxgl.notification.impl.NotificationServiceProvider
19:50:40.561 [FXGL Background Thread 3 ] DEBUG Engine               - class com.almasb.fxgl.achievement.AchievementService
19:50:40.563 [FXGL Background Thread 3 ] DEBUG Engine               - class com.almasb.fxgl.cutscene.CutsceneService
19:50:40.563 [FXGL Background Thread 3 ] DEBUG Engine               - class com.almasb.fxgl.minigames.MiniGameService
19:50:40.563 [FXGL Background Thread 3 ] DEBUG Engine               - class com.almasb.fxgl.net.NetService
19:50:40.563 [FXGL Background Thread 3 ] DEBUG Engine               - class com.almasb.fxgl.app.services.UpdaterService
19:50:40.563 [FXGL Background Thread 3 ] DEBUG Engine               - class com.almasb.fxgl.dev.DevService
19:50:40.699 [FXGL Background Thread 2 ] INFO  UpdaterService       - Your current version:  21.1
19:50:40.699 [FXGL Background Thread 2 ] INFO  UpdaterService       - Latest stable version: 25
19:50:40.712 [JavaFX Application Thread] DEBUG Input                - Clearing active input actions
19:50:40.792 [JavaFX Application Thread] DEBUG GameApplicationServi - Removing overlay from FXGLLoadingScene and adding to GameScene
19:50:40.792 [JavaFX Application Thread] DEBUG PrimaryStageWindow   - FXGLLoadingScene -> GameScene
19:50:42.254 [JavaFX Application Thread] DEBUG FXGLAssetLoaderServi - Loading from file system: file:/C:/Users/josue/OneDrive/Desktop/proyecto%20java/Among%20Us/out/production/Among%20Us/assets/sounds/clickBoton.wav
19:50:48.736 [JavaFX Application Thread] WARN  TMXLevelLoader       - TiledMap generated from 1.11.2. Supported version: 1.9.0. Some features may not be parsed fully.
19:50:48.893 [JavaFX Application Thread] DEBUG TMXLevelLoader       - Parsed TiledMap: file:/C:/Users/josue/OneDrive/Desktop/proyecto%20java/Among%20Us/out/production/Among%20Us/assets/levels/mapa2.tmx
19:50:48.894 [JavaFX Application Thread] DEBUG TMXLevelLoader       - Creating tile layer entities
19:50:48.899 [JavaFX Application Thread] DEBUG TilesetLoader        - Loading view for layer fondo1
19:50:48.900 [JavaFX Application Thread] DEBUG TilesetLoader        - Created buffer with size 992.0x960.0
19:50:48.964 [JavaFX Application Thread] DEBUG TilesetLoader        - Loading view for layer fondo
19:50:48.964 [JavaFX Application Thread] DEBUG TilesetLoader        - Created buffer with size 992.0x960.0
19:50:48.983 [JavaFX Application Thread] DEBUG TilesetLoader        - Loading view for layer piso
19:50:48.983 [JavaFX Application Thread] DEBUG TilesetLoader        - Created buffer with size 992.0x960.0
19:50:48.993 [JavaFX Application Thread] DEBUG TilesetLoader        - Loading view for layer piso1
19:50:48.993 [JavaFX Application Thread] DEBUG TilesetLoader        - Created buffer with size 992.0x960.0
19:50:49.000 [JavaFX Application Thread] WARN  TilesetLoader        - Diagonally flipped tiles are not currently supported
19:50:49.003 [JavaFX Application Thread] WARN  TilesetLoader        - Diagonally flipped tiles are not currently supported
19:50:49.018 [JavaFX Application Thread] WARN  TilesetLoader        - Diagonally flipped tiles are not currently supported
19:50:49.043 [JavaFX Application Thread] WARN  TilesetLoader        - Diagonally flipped tiles are not currently supported
19:50:49.048 [JavaFX Application Thread] DEBUG TilesetLoader        - Loading view for layer izquierda
19:50:49.049 [JavaFX Application Thread] DEBUG TilesetLoader        - Created buffer with size 992.0x960.0
19:50:49.082 [JavaFX Application Thread] DEBUG TilesetLoader        - Loading view for layer detallesatraspared
19:50:49.083 [JavaFX Application Thread] DEBUG TilesetLoader        - Created buffer with size 992.0x960.0
19:50:49.123 [JavaFX Application Thread] WARN  TilesetLoader        - Diagonally flipped tiles are not currently supported
19:50:49.127 [JavaFX Application Thread] WARN  TilesetLoader        - Diagonally flipped tiles are not currently supported
19:50:49.190 [JavaFX Application Thread] DEBUG TilesetLoader        - Loading view for layer pared2
19:50:49.191 [JavaFX Application Thread] DEBUG TilesetLoader        - Created buffer with size 992.0x960.0
19:50:49.318 [JavaFX Application Thread] DEBUG TilesetLoader        - Loading view for layer techo1
19:50:49.318 [JavaFX Application Thread] DEBUG TilesetLoader        - Created buffer with size 992.0x960.0
19:50:49.324 [JavaFX Application Thread] DEBUG TilesetLoader        - Loading view for layer techo2
19:50:49.329 [JavaFX Application Thread] DEBUG TilesetLoader        - Created buffer with size 992.0x960.0
19:50:49.398 [JavaFX Application Thread] DEBUG TilesetLoader        - Loading view for layer puertita
19:50:49.398 [JavaFX Application Thread] DEBUG TilesetLoader        - Created buffer with size 992.0x960.0
19:50:49.404 [JavaFX Application Thread] DEBUG TilesetLoader        - Loading view for layer puerta
19:50:49.404 [JavaFX Application Thread] DEBUG TilesetLoader        - Created buffer with size 992.0x960.0
19:50:49.422 [JavaFX Application Thread] DEBUG TilesetLoader        - Loading view for layer detalles
19:50:49.423 [JavaFX Application Thread] DEBUG TilesetLoader        - Created buffer with size 992.0x960.0
19:50:49.467 [JavaFX Application Thread] DEBUG TilesetLoader        - Loading view for layer detalles 2
19:50:49.467 [JavaFX Application Thread] DEBUG TilesetLoader        - Created buffer with size 992.0x960.0
19:50:49.490 [JavaFX Application Thread] DEBUG TilesetLoader        - Loading view for layer detalles3
19:50:49.491 [JavaFX Application Thread] DEBUG TilesetLoader        - Created buffer with size 992.0x960.0
19:50:49.510 [JavaFX Application Thread] DEBUG TMXLevelLoader       - Creating object layer entities
19:50:49.594 [JavaFX Application Thread] DEBUG GameWorld            - Clearing removable entities
19:50:49.594 [JavaFX Application Thread] DEBUG GameWorld            - Setting level: com.almasb.fxgl.entity.level.Level@4c024fcf
19:50:49.649 [JavaFX Application Thread] DEBUG FXGLAssetLoaderServi - Loading from file system: file:/C:/Users/josue/OneDrive/Desktop/proyecto%20java/Among%20Us/out/production/Among%20Us/assets/textures/tripulante_negro.png
19:50:49.651 [JavaFX Application Thread] DEBUG FXGLAssetLoaderServi - Loading from file system: file:/C:/Users/josue/OneDrive/Desktop/proyecto%20java/Among%20Us/out/production/Among%20Us/assets/textures/animacion_negro.png
19:50:59.347 [JavaFX Application Thread] DEBUG PrimaryStageWindow   - Push state: FXGLDefaultMenu
19:50:59.353 [JavaFX Application Thread] DEBUG Input                - Clearing active input actions
19:50:59.358 [JavaFX Application Thread] DEBUG GameApplicationServi - Removing overlay from GameScene and adding to FXGLDefaultMenu
19:50:59.367 [JavaFX Application Thread] DEBUG PrimaryStageWindow   - GameScene -> FXGLDefaultMenu
19:51:01.211 [JavaFX Application Thread] DEBUG Menu                 - fireExit()
19:51:01.220 [JavaFX Application Thread] DEBUG PrimaryStageWindow   - Push state: DialogSubScene
19:51:01.220 [JavaFX Application Thread] DEBUG Input                - Clearing active input actions
19:51:01.220 [JavaFX Application Thread] DEBUG GameApplicationServi - Removing overlay from FXGLDefaultMenu and adding to DialogSubScene
19:51:01.221 [JavaFX Application Thread] DEBUG PrimaryStageWindow   - FXGLDefaultMenu -> DialogSubScene
19:51:02.364 [JavaFX Application Thread] DEBUG PrimaryStageWindow   - Pop state: DialogSubScene
19:51:02.364 [JavaFX Application Thread] DEBUG Input                - Clearing active input actions
19:51:02.365 [JavaFX Application Thread] DEBUG GameApplicationServi - Removing overlay from DialogSubScene and adding to FXGLDefaultMenu
19:51:02.366 [JavaFX Application Thread] DEBUG PrimaryStageWindow   - FXGLDefaultMenu <- DialogSubScene
19:51:02.372 [JavaFX Application Thread] DEBUG FXGLApplication      - Exiting FXGL
19:51:02.372 [JavaFX Application Thread] DEBUG LoopRunner           - Stopping loop
19:51:02.374 [JavaFX Application Thread] DEBUG SystemBundleService  - Saving FXGL system data
19:51:02.378 [JavaFX Application Thread] DEBUG FileSystemAccess     - Writing to: C:\Users\josue\OneDrive\Desktop\proyecto java\Among Us\system\fxgl.bundle
19:51:02.382 [JavaFX Application Thread] DEBUG Async                - Shutting down background threads
19:51:02.384 [JavaFX Application Thread] DEBUG PrimaryStageWindow   - Closing main window
19:51:02.441 [JavaFX Application Thread] DEBUG Logger               - Closing Logger
