14:51:59.350 [main                     ] DEBUG Logger               - Configured Logger
14:51:59.366 [main                     ] DEBUG GameApplication      - Logging settings
Title: Among Us UNEG
Version: 0.0
Width: 800
Height: 600
Fullscreen: false
Intro: false
Profiling: false
Single step:false
App Mode: DEVELOPER
Menu Key: ESCAPE
Stage Style: DECORATED
Scene Factory: class com.almasb.fxgl.app.scene.SceneFactory

14:52:01.147 [JavaFX Application Thread] DEBUG FXGLApplication      - Initializing FXGL
14:52:01.154 [JavaFX Application Thread] INFO  Engine               - FXGL-21.1 (26.03.2024 17.33) on WINDOWS (J:25.0.2 FX:21.0.1)
14:52:01.155 [JavaFX Application Thread] DEBUG Engine               - JRE Vendor Name: Oracle Corporation
14:52:01.155 [JavaFX Application Thread] DEBUG Engine               - Running on OS: Windows 11 version 10.0
14:52:01.155 [JavaFX Application Thread] DEBUG Engine               - Architecture: amd64
14:52:01.156 [JavaFX Application Thread] INFO  Engine               - Source code and latest versions at: https://github.com/AlmasB/FXGL
14:52:01.156 [JavaFX Application Thread] INFO  Engine               -       Ask questions and discuss at: https://github.com/AlmasB/FXGL/discussions
14:52:01.156 [JavaFX Application Thread] INFO  Engine               -              Join the FXGL chat at: https://gitter.im/AlmasB/FXGL
14:52:01.695 [JavaFX Application Thread] DEBUG PrimaryStageWindow   - Creating a JavaFX scene
14:52:01.915 [JavaFX Application Thread] DEBUG PrimaryStageWindow   - Target settings size: 800.0 x 600.0
14:52:01.915 [JavaFX Application Thread] DEBUG PrimaryStageWindow   - Scaled scene size:    800.0 x 600.0
14:52:01.916 [JavaFX Application Thread] DEBUG PrimaryStageWindow   - Scaled ratio: (1.0, 1.0)
14:52:01.918 [JavaFX Application Thread] DEBUG PrimaryStageWindow   - Set initial scene to FXGLStartupScene
14:52:01.926 [JavaFX Application Thread] DEBUG PrimaryStageWindow   - Opening main window
14:52:02.232 [JavaFX Application Thread] DEBUG PrimaryStageWindow   - Window border size: (16.0, 39.0)
14:52:02.232 [JavaFX Application Thread] DEBUG PrimaryStageWindow   - Scaled size: 800.0 x 600.0
14:52:02.232 [JavaFX Application Thread] DEBUG PrimaryStageWindow   - Scaled ratio: (1.0, 1.0)
14:52:02.233 [JavaFX Application Thread] DEBUG PrimaryStageWindow   - Scene size: 800.0 x 600.0
14:52:02.233 [JavaFX Application Thread] DEBUG PrimaryStageWindow   - Stage size: 816.0 x 639.0
14:52:02.396 [FXGL Background Thread 1 ] DEBUG Engine               - Initializing environment variables
14:52:02.594 [FXGL Background Thread 1 ] DEBUG FXGLAssetLoaderServi - User app class for loading assets: class main.java.amongUs.AppPrincipal
14:52:02.595 [FXGL Background Thread 1 ] DEBUG GameApplicationServi - Applying CSS: fxgl_dark.css
14:52:02.596 [FXGL Background Thread 1 ] DEBUG FXGLAssetLoaderServi - Loading from file system: jar:file:/C:/Users/josue/OneDrive/Desktop/proyecto%20java/Among%20Us/lib/fxgl-21.1-uber.jar!/fxglassets/ui/css/fxgl_dark.css
14:52:02.791 [FXGL Background Thread 1 ] DEBUG GameApplicationServi - Initializing application scenes
14:52:03.316 [FXGL Background Thread 1 ] DEBUG GameWorld            - Game world initialized
14:52:03.456 [FXGL Background Thread 1 ] DEBUG PhysicsWorld         - Physics world initialized: appHeight=600, physics.ppm=50,0
14:52:03.456 [FXGL Background Thread 1 ] DEBUG PhysicsWorld         - Using strategy: BRUTE_FORCE
14:52:03.466 [FXGL Background Thread 1 ] DEBUG GameScene            - Game scene initialized: 800x600
14:52:03.548 [FXGL Background Thread 1 ] DEBUG FXGL.DefaultMenu     - createMenuBodyGameMenu()
14:52:03.611 [FXGL Background Thread 1 ] DEBUG FXGL.DefaultMenu     - createOptionsMenu()
14:52:03.645 [FXGL Background Thread 1 ] DEBUG FXGLAssetLoaderServi - Loading from file system: jar:file:/C:/Users/josue/OneDrive/Desktop/proyecto%20java/Among%20Us/lib/fxgl-21.1-uber.jar!/fxglassets/textures/particles/smoke.png
14:52:04.050 [FXGL Background Thread 1 ] DEBUG FXGLAssetLoaderServi - Loading from file system: jar:file:/C:/Users/josue/OneDrive/Desktop/proyecto%20java/Among%20Us/lib/fxgl-21.1-uber.jar!/fxglassets/textures/particles/trace_horizontal.png
14:52:04.226 [FXGL Background Thread 1 ] DEBUG GameApplicationServi - Application scenes initialized
14:52:04.290 [FXGL Background Thread 1 ] DEBUG SystemBundleService  - Loading FXGL system data
14:52:04.297 [FXGL Background Thread 1 ] DEBUG FileSystemAccess     - Reading from: C:\Users\josue\OneDrive\Desktop\proyecto java\Among Us\system\fxgl.bundle
14:52:04.322 [FXGL Background Thread 1 ] DEBUG SystemBundleService  - Bundle FXGL: {}
14:52:04.322 [FXGL Background Thread 1 ] DEBUG UpdaterService       - Checking for updates
14:52:04.331 [FXGL Background Thread 4 ] DEBUG FXGLApplication      - Loading fonts
14:52:04.331 [FXGL Background Thread 4 ] DEBUG FXGLAssetLoaderServi - Loading from file system: jar:file:/C:/Users/josue/OneDrive/Desktop/proyecto%20java/Among%20Us/lib/fxgl-21.1-uber.jar!/fxglassets/ui/fonts/VarelaRound-Regular.ttf
14:52:04.331 [FXGL Background Thread 1 ] DEBUG FXGLApplication      - Loading default localization
14:52:04.344 [FXGL Background Thread 1 ] DEBUG FXGLAssetLoaderServi - Loading from file system: jar:file:/C:/Users/josue/OneDrive/Desktop/proyecto%20java/Among%20Us/lib/fxgl-21.1-uber.jar!/fxglassets/languages/english.lang
14:52:04.453 [FXGL Background Thread 1 ] INFO  FXGLApplication      - FXGL initialization took: 2,056 sec
14:52:04.700 [JavaFX Application Thread] DEBUG Input                - Registered new binding: action0 - W
14:52:04.704 [JavaFX Application Thread] DEBUG Input                - Registered new binding: action1 - S
14:52:04.709 [JavaFX Application Thread] DEBUG Input                - Registered new binding: action2 - A
14:52:04.712 [JavaFX Application Thread] DEBUG Input                - Registered new binding: action3 - D
14:52:04.745 [JavaFX Application Thread] DEBUG FXGLAssetLoaderServi - Loading from file system: file:/C:/Users/josue/OneDrive/Desktop/proyecto%20java/Among%20Us/out/production/Among%20Us/assets/textures/icono.png
14:52:04.875 [JavaFX Application Thread] DEBUG FXGLAssetLoaderServi - Loading from file system: jar:file:/C:/Users/josue/OneDrive/Desktop/proyecto%20java/Among%20Us/lib/fxgl-21.1-uber.jar!/fxglassets/textures/fxgl_default_cursor.png
14:52:04.881 [JavaFX Application Thread] DEBUG Input                - Registered new binding: Screenshot - CTRL+8
14:52:04.883 [JavaFX Application Thread] DEBUG Input                - Registered new binding: System info dump - CTRL+9
14:52:04.883 [JavaFX Application Thread] DEBUG Input                - Registered new binding: Restart - CTRL+R
14:52:04.897 [JavaFX Application Thread] DEBUG Input                - Registered new binding: Toggle Debug Camera - CTRL+7
14:52:04.907 [JavaFX Application Thread] DEBUG LoopRunner           - Starting loop
14:52:04.907 [JavaFX Application Thread] DEBUG LoopRunner           - Initializing JavaFX AnimationTimerLoop
14:52:04.914 [JavaFX Application Thread] DEBUG GameApplicationServi - Starting new game
14:52:04.915 [JavaFX Application Thread] DEBUG Input                - Clearing active input actions
14:52:05.033 [JavaFX Application Thread] DEBUG GameApplicationServi - Removing overlay from FXGLStartupScene and adding to FXGLLoadingScene
14:52:05.034 [JavaFX Application Thread] DEBUG PrimaryStageWindow   - FXGLStartupScene -> FXGLLoadingScene
14:52:05.034 [JavaFX Application Thread] DEBUG GameApplicationServi - Clearing previous game
14:52:05.034 [JavaFX Application Thread] DEBUG GameScene            - Clearing game scene
14:52:05.035 [JavaFX Application Thread] DEBUG GameWorld            - Clearing game world
14:52:05.035 [JavaFX Application Thread] DEBUG PhysicsWorld         - Clearing physics world
14:52:05.042 [FXGL Background Thread 1 ] DEBUG FXGLApplication      - Initializing game
14:52:05.076 [FXGL Background Thread 1 ] DEBUG FXGLAssetLoaderServi - Loading from file system: file:/C:/Users/josue/OneDrive/Desktop/proyecto%20java/Among%20Us/out/production/Among%20Us/assets/music/musicaMenu.mp3
14:52:05.905 [FXGL Background Thread 1 ] DEBUG AudioPlayer          - Playing music com.almasb.fxgl.audio.Music@318ab417
14:52:07.100 [FXGL Background Thread 1 ] INFO  FXGLApplication      - Game initialization took: 2,058 sec
14:52:07.112 [JavaFX Application Thread] DEBUG Input                - Clearing active input actions
14:52:07.473 [FXGL Background Thread 3 ] DEBUG Engine               - Logging environment variables
14:52:07.480 [FXGL Background Thread 3 ] DEBUG Engine               - achievements: []
14:52:07.480 [FXGL Background Thread 3 ] DEBUG Engine               - actualHeight: 600.0
14:52:07.481 [FXGL Background Thread 3 ] DEBUG Engine               - actualHeightProperty: ReadOnlyDoubleProperty [value: 600.0]
14:52:07.481 [FXGL Background Thread 3 ] DEBUG Engine               - actualWidth: 800.0
14:52:07.481 [FXGL Background Thread 3 ] DEBUG Engine               - actualWidthProperty: ReadOnlyDoubleProperty [value: 800.0]
14:52:07.481 [FXGL Background Thread 3 ] DEBUG Engine               - appIcon: icono.png
14:52:07.481 [FXGL Background Thread 3 ] DEBUG Engine               - applicationMode: DEVELOPER
14:52:07.486 [FXGL Background Thread 3 ] DEBUG Engine               - cSSList: [fxgl_dark.css]
14:52:07.506 [FXGL Background Thread 3 ] DEBUG Engine               - collisionDetectionStrategy: BRUTE_FORCE
14:52:07.506 [FXGL Background Thread 3 ] DEBUG Engine               - configClass: Optional.empty
14:52:07.540 [FXGL Background Thread 3 ] DEBUG Engine               - credits: []
14:52:07.540 [FXGL Background Thread 3 ] DEBUG Engine               - defaultCursor: CursorInfo(imageName=fxgl_default_cursor.png, hotspotX=7.0, hotspotY=6.0)
14:52:07.540 [FXGL Background Thread 3 ] DEBUG Engine               - devBBoxColorProperty: ObjectProperty [value: 0xff0000ff]
14:52:07.540 [FXGL Background Thread 3 ] DEBUG Engine               - devEnableDebugCameraProperty: BooleanProperty [value: false]
14:52:07.640 [FXGL Background Thread 3 ] DEBUG Engine               - devSensorColorProperty: ObjectProperty [value: 0xffff00ff]
14:52:07.641 [FXGL Background Thread 3 ] DEBUG Engine               - devShowBBoxProperty: BooleanProperty [value: false]
14:52:07.644 [FXGL Background Thread 3 ] DEBUG Engine               - devShowPositionProperty: BooleanProperty [value: false]
14:52:07.645 [FXGL Background Thread 3 ] DEBUG Engine               - enabledMenuItems: []
14:52:07.645 [FXGL Background Thread 3 ] DEBUG Engine               - engineServices: [class com.almasb.fxgl.app.services.FXGLAssetLoaderService, class com.almasb.fxgl.app.FXGLApplication$GameApplicationService, class com.almasb.fxgl.app.services.FXGLDialogService, class com.almasb.fxgl.app.services.IOTaskExecutorService, class com.almasb.fxgl.io.FileSystemService, class com.almasb.fxgl.localization.LocalizationService, class com.almasb.fxgl.app.services.SystemBundleService, class com.almasb.fxgl.profile.SaveLoadService, class com.almasb.fxgl.ui.FXGLUIFactoryServiceProvider, class com.almasb.fxgl.ui.FXGLDialogFactoryServiceProvider, class com.almasb.fxgl.audio.AudioPlayer, class com.almasb.fxgl.notification.impl.NotificationServiceProvider, class com.almasb.fxgl.achievement.AchievementService, class com.almasb.fxgl.cutscene.CutsceneService, class com.almasb.fxgl.minigames.MiniGameService, class com.almasb.fxgl.net.NetService, class com.almasb.fxgl.app.services.UpdaterService, class com.almasb.fxgl.dev.DevService]
14:52:07.645 [FXGL Background Thread 3 ] DEBUG Engine               - fontGame: Abel-Regular.ttf
14:52:07.645 [FXGL Background Thread 3 ] DEBUG Engine               - fontMono: TerminalLandMono-Regular.otf
14:52:07.645 [FXGL Background Thread 3 ] DEBUG Engine               - fontSizeScaleUI: 1.0
14:52:07.645 [FXGL Background Thread 3 ] DEBUG Engine               - fontText: Courier-Prime.ttf
14:52:07.645 [FXGL Background Thread 3 ] DEBUG Engine               - fontUI: VarelaRound-Regular.ttf
14:52:07.645 [FXGL Background Thread 3 ] DEBUG Engine               - fullScreen: BooleanProperty [value: false]
14:52:07.646 [FXGL Background Thread 3 ] DEBUG Engine               - gameDifficulty: MEDIUM
14:52:07.646 [FXGL Background Thread 3 ] DEBUG Engine               - gameDifficultyProperty: ObjectProperty [value: MEDIUM]
14:52:07.646 [FXGL Background Thread 3 ] DEBUG Engine               - globalMusicVolume: 0.5
14:52:07.646 [FXGL Background Thread 3 ] DEBUG Engine               - globalMusicVolumeProperty: DoubleProperty [value: 0.4]
14:52:07.647 [FXGL Background Thread 3 ] DEBUG Engine               - globalSoundVolume: 0.5
14:52:07.647 [FXGL Background Thread 3 ] DEBUG Engine               - globalSoundVolumeProperty: DoubleProperty [value: 0.5]
14:52:07.647 [FXGL Background Thread 3 ] DEBUG Engine               - height: 600
14:52:07.647 [FXGL Background Thread 3 ] DEBUG Engine               - is3D: false
14:52:07.647 [FXGL Background Thread 3 ] DEBUG Engine               - isAndroid: false
14:52:07.647 [FXGL Background Thread 3 ] DEBUG Engine               - isBrowser: false
14:52:07.647 [FXGL Background Thread 3 ] DEBUG Engine               - isClickFeedbackEnabled: false
14:52:07.647 [FXGL Background Thread 3 ] DEBUG Engine               - isCloseConfirmation: false
14:52:07.647 [FXGL Background Thread 3 ] DEBUG Engine               - isDesktop: true
14:52:07.647 [FXGL Background Thread 3 ] DEBUG Engine               - isDeveloperMenuEnabled: false
14:52:07.647 [FXGL Background Thread 3 ] DEBUG Engine               - isEmbedded: false
14:52:07.647 [FXGL Background Thread 3 ] DEBUG Engine               - isEntityPreloadEnabled: true
14:52:07.647 [FXGL Background Thread 3 ] DEBUG Engine               - isExperimentalTiledLargeMap: false
14:52:07.647 [FXGL Background Thread 3 ] DEBUG Engine               - isFileSystemWriteAllowed: true
14:52:07.647 [FXGL Background Thread 3 ] DEBUG Engine               - isFullScreenAllowed: false
14:52:07.648 [FXGL Background Thread 3 ] DEBUG Engine               - isFullScreenFromStart: false
14:52:07.648 [FXGL Background Thread 3 ] DEBUG Engine               - isGameMenuEnabled: true
14:52:07.652 [JavaFX Application Thread] DEBUG GameApplicationServi - Removing overlay from FXGLLoadingScene and adding to GameScene
14:52:07.648 [FXGL Background Thread 3 ] DEBUG Engine               - isIOS: false
14:52:07.654 [FXGL Background Thread 3 ] DEBUG Engine               - isIntroEnabled: false
14:52:07.654 [FXGL Background Thread 3 ] DEBUG Engine               - isLinux: false
14:52:07.655 [FXGL Background Thread 3 ] DEBUG Engine               - isMac: false
14:52:07.655 [FXGL Background Thread 3 ] DEBUG Engine               - isMainMenuEnabled: false
14:52:07.655 [FXGL Background Thread 3 ] DEBUG Engine               - isManualResizeEnabled: false
14:52:07.655 [FXGL Background Thread 3 ] DEBUG Engine               - isMobile: false
14:52:07.655 [FXGL Background Thread 3 ] DEBUG Engine               - isNative: false
14:52:07.655 [JavaFX Application Thread] DEBUG PrimaryStageWindow   - FXGLLoadingScene -> GameScene
14:52:07.655 [FXGL Background Thread 3 ] DEBUG Engine               - isPauseMusicWhenMinimized: true
14:52:07.655 [FXGL Background Thread 3 ] DEBUG Engine               - isPreserveResizeRatio: false
14:52:07.656 [FXGL Background Thread 3 ] DEBUG Engine               - isProfilingEnabled: false
14:52:07.657 [FXGL Background Thread 3 ] DEBUG Engine               - isScaleAffectedOnResize: true
14:52:07.657 [FXGL Background Thread 3 ] DEBUG Engine               - isSingleStep: false
14:52:07.657 [FXGL Background Thread 3 ] DEBUG Engine               - isUserProfileEnabled: false
14:52:07.657 [FXGL Background Thread 3 ] DEBUG Engine               - isWindows: true
14:52:07.657 [FXGL Background Thread 3 ] DEBUG Engine               - language: ObjectProperty [value: ENGLISH]
14:52:07.657 [FXGL Background Thread 3 ] DEBUG Engine               - menuKey: ESCAPE
14:52:07.657 [FXGL Background Thread 3 ] DEBUG Engine               - mouseSensitivity: 0.2
14:52:07.658 [FXGL Background Thread 3 ] DEBUG Engine               - notificationViewClass: class com.almasb.fxgl.notification.view.XboxNotificationView
14:52:07.658 [FXGL Background Thread 3 ] DEBUG Engine               - pixelsPerMeter: 50.0
14:52:07.658 [FXGL Background Thread 3 ] DEBUG Engine               - platform: WINDOWS
14:52:07.658 [FXGL Background Thread 3 ] DEBUG Engine               - prefHeightProperty: ReadOnlyDoubleProperty [value: 600.0]
14:52:07.658 [FXGL Background Thread 3 ] DEBUG Engine               - prefWidthProperty: ReadOnlyDoubleProperty [value: 800.0]
14:52:07.658 [FXGL Background Thread 3 ] DEBUG Engine               - profileDir: profiles/
14:52:07.658 [FXGL Background Thread 3 ] DEBUG Engine               - profileName: StringProperty [value: DEFAULT]
14:52:07.658 [FXGL Background Thread 3 ] DEBUG Engine               - randomSeed: -1
14:52:07.658 [FXGL Background Thread 3 ] DEBUG Engine               - runtimeInfo: RuntimeInfo(platform=WINDOWS, version=21.1, build=26.03.2024 17.33)
14:52:07.658 [FXGL Background Thread 3 ] DEBUG Engine               - saveFileExt: sav
14:52:07.658 [FXGL Background Thread 3 ] DEBUG Engine               - scaledHeightProp$fxgl: DoubleProperty [bound, value: 600.0]
14:52:07.658 [FXGL Background Thread 3 ] DEBUG Engine               - scaledWidthProp$fxgl: DoubleProperty [bound, value: 800.0]
14:52:07.658 [FXGL Background Thread 3 ] DEBUG Engine               - sceneFactory: com.almasb.fxgl.app.scene.SceneFactory@208a86b
14:52:07.659 [FXGL Background Thread 3 ] DEBUG Engine               - secondsIn24h: 60
14:52:07.659 [FXGL Background Thread 3 ] DEBUG Engine               - soundMenuBack: menu/back.wav
14:52:07.659 [FXGL Background Thread 3 ] DEBUG Engine               - soundMenuPress: menu/press.wav
14:52:07.659 [FXGL Background Thread 3 ] DEBUG Engine               - soundMenuSelect: menu/select.wav
14:52:07.659 [FXGL Background Thread 3 ] DEBUG Engine               - soundNotification: core/notification.wav
14:52:07.659 [FXGL Background Thread 3 ] DEBUG Engine               - stageStyle: DECORATED
14:52:07.659 [FXGL Background Thread 3 ] DEBUG Engine               - supportedLanguages: [ENGLISH, FRENCH, GERMAN, HUNGARIAN, RUSSIAN]
14:52:07.659 [FXGL Background Thread 3 ] DEBUG Engine               - ticksPerSecond: -1
14:52:07.659 [FXGL Background Thread 3 ] DEBUG Engine               - title: Among Us UNEG
14:52:07.659 [FXGL Background Thread 3 ] DEBUG Engine               - urlGithub: https://github.com/AlmasB/FXGL
14:52:07.659 [FXGL Background Thread 3 ] DEBUG Engine               - urlLeaderboard: http://fxgl-top.herokuapp.com/
14:52:07.659 [FXGL Background Thread 3 ] DEBUG Engine               - urlPOM: https://raw.githubusercontent.com/AlmasB/FXGL/release/README.md
14:52:07.659 [FXGL Background Thread 3 ] DEBUG Engine               - userAppClass: class main.java.amongUs.AppPrincipal
14:52:07.659 [FXGL Background Thread 3 ] DEBUG Engine               - version: 0.0
14:52:07.659 [FXGL Background Thread 3 ] DEBUG Engine               - versionCheckDays: 7
14:52:07.659 [FXGL Background Thread 3 ] DEBUG Engine               - width: 800
14:52:07.659 [FXGL Background Thread 3 ] DEBUG Engine               - Logging services
14:52:07.659 [FXGL Background Thread 3 ] DEBUG Engine               - class com.almasb.fxgl.app.services.FXGLAssetLoaderService
14:52:07.659 [FXGL Background Thread 3 ] DEBUG Engine               - class com.almasb.fxgl.app.FXGLApplication$GameApplicationService
14:52:07.659 [FXGL Background Thread 3 ] DEBUG Engine               - class com.almasb.fxgl.app.services.FXGLDialogService
14:52:07.659 [FXGL Background Thread 3 ] DEBUG Engine               - class com.almasb.fxgl.app.services.IOTaskExecutorService
14:52:07.659 [FXGL Background Thread 3 ] DEBUG Engine               - class com.almasb.fxgl.io.FileSystemService
14:52:07.659 [FXGL Background Thread 3 ] DEBUG Engine               - class com.almasb.fxgl.localization.LocalizationService
14:52:07.659 [FXGL Background Thread 3 ] DEBUG Engine               - class com.almasb.fxgl.app.services.SystemBundleService
14:52:07.659 [FXGL Background Thread 3 ] DEBUG Engine               - class com.almasb.fxgl.profile.SaveLoadService
14:52:07.659 [FXGL Background Thread 3 ] DEBUG Engine               - class com.almasb.fxgl.ui.FXGLUIFactoryServiceProvider
14:52:07.659 [FXGL Background Thread 3 ] DEBUG Engine               - class com.almasb.fxgl.ui.FXGLDialogFactoryServiceProvider
14:52:07.659 [FXGL Background Thread 3 ] DEBUG Engine               - class com.almasb.fxgl.audio.AudioPlayer
14:52:07.659 [FXGL Background Thread 3 ] DEBUG Engine               - class com.almasb.fxgl.notification.impl.NotificationServiceProvider
14:52:07.659 [FXGL Background Thread 3 ] DEBUG Engine               - class com.almasb.fxgl.achievement.AchievementService
14:52:07.659 [FXGL Background Thread 3 ] DEBUG Engine               - class com.almasb.fxgl.cutscene.CutsceneService
14:52:07.659 [FXGL Background Thread 3 ] DEBUG Engine               - class com.almasb.fxgl.minigames.MiniGameService
14:52:07.659 [FXGL Background Thread 3 ] DEBUG Engine               - class com.almasb.fxgl.net.NetService
14:52:07.668 [FXGL Background Thread 3 ] DEBUG Engine               - class com.almasb.fxgl.app.services.UpdaterService
14:52:07.668 [FXGL Background Thread 3 ] DEBUG Engine               - class com.almasb.fxgl.dev.DevService
14:52:08.285 [FXGL Background Thread 4 ] DEBUG FXGLAssetLoaderServi - Loading from file system: jar:file:/C:/Users/josue/OneDrive/Desktop/proyecto%20java/Among%20Us/lib/fxgl-21.1-uber.jar!/fxglassets/ui/fonts/Abel-Regular.ttf
14:52:08.303 [FXGL Background Thread 4 ] DEBUG FXGLAssetLoaderServi - Loading from file system: jar:file:/C:/Users/josue/OneDrive/Desktop/proyecto%20java/Among%20Us/lib/fxgl-21.1-uber.jar!/fxglassets/ui/fonts/TerminalLandMono-Regular.otf
14:52:08.315 [FXGL Background Thread 4 ] DEBUG FXGLAssetLoaderServi - Loading from file system: jar:file:/C:/Users/josue/OneDrive/Desktop/proyecto%20java/Among%20Us/lib/fxgl-21.1-uber.jar!/fxglassets/ui/fonts/Courier-Prime.ttf
14:52:08.344 [JavaFX Application Thread] DEBUG FXGLApplication      - Registering font factories with UI factory
14:52:08.442 [JavaFX Application Thread] DEBUG FXGLAssetLoaderServi - Loading from file system: file:/C:/Users/josue/OneDrive/Desktop/proyecto%20java/Among%20Us/out/production/Among%20Us/assets/sounds/clickBoton.wav
14:52:12.431 [FXGL Background Thread 2 ] INFO  UpdaterService       - Your current version:  21.1
14:52:12.432 [FXGL Background Thread 2 ] INFO  UpdaterService       - Latest stable version: 25
14:53:09.336 [JavaFX Application Thread] DEBUG FXGLApplication      - Exiting FXGL
14:53:09.336 [JavaFX Application Thread] DEBUG LoopRunner           - Stopping loop
14:53:09.336 [JavaFX Application Thread] DEBUG SystemBundleService  - Saving FXGL system data
14:53:09.343 [JavaFX Application Thread] DEBUG FileSystemAccess     - Writing to: C:\Users\josue\OneDrive\Desktop\proyecto java\Among Us\system\fxgl.bundle
14:53:09.347 [JavaFX Application Thread] DEBUG Async                - Shutting down background threads
14:53:09.347 [JavaFX Application Thread] DEBUG PrimaryStageWindow   - Closing main window
14:53:09.517 [JavaFX Application Thread] DEBUG Logger               - Closing Logger
