14:14:51.133 [main                     ] DEBUG Logger               - Configured Logger
14:14:51.144 [main                     ] DEBUG GameApplication      - Logging settings
Title: Among Us - Java Edition
Version: 0.0
Width: 800
Height: 600
Fullscreen: false
Intro: false
Profiling: false
Single step:false
App Mode: DEVELOPER
Menu Key: ESCAPE
Stage Style: DECORATED
Scene Factory: class com.almasb.fxgl.app.scene.SceneFactory

14:14:51.925 [JavaFX Application Thread] DEBUG FXGLApplication      - Initializing FXGL
14:14:51.932 [JavaFX Application Thread] INFO  Engine               - FXGL-21.1 (26.03.2024 17.33) on WINDOWS (J:25.0.2 FX:21.0.1)
14:14:51.933 [JavaFX Application Thread] DEBUG Engine               - JRE Vendor Name: Oracle Corporation
14:14:51.933 [JavaFX Application Thread] DEBUG Engine               - Running on OS: Windows 11 version 10.0
14:14:51.933 [JavaFX Application Thread] DEBUG Engine               - Architecture: amd64
14:14:51.933 [JavaFX Application Thread] INFO  Engine               - Source code and latest versions at: https://github.com/AlmasB/FXGL
14:14:51.933 [JavaFX Application Thread] INFO  Engine               -       Ask questions and discuss at: https://github.com/AlmasB/FXGL/discussions
14:14:51.934 [JavaFX Application Thread] INFO  Engine               -              Join the FXGL chat at: https://gitter.im/AlmasB/FXGL
14:14:52.182 [JavaFX Application Thread] DEBUG PrimaryStageWindow   - Creating a JavaFX scene
14:14:52.293 [JavaFX Application Thread] DEBUG PrimaryStageWindow   - Target settings size: 800.0 x 600.0
14:14:52.294 [JavaFX Application Thread] DEBUG PrimaryStageWindow   - Scaled scene size:    800.0 x 600.0
14:14:52.294 [JavaFX Application Thread] DEBUG PrimaryStageWindow   - Scaled ratio: (1.0, 1.0)
14:14:52.297 [JavaFX Application Thread] DEBUG PrimaryStageWindow   - Set initial scene to FXGLStartupScene
14:14:52.305 [JavaFX Application Thread] DEBUG PrimaryStageWindow   - Opening main window
14:14:52.458 [JavaFX Application Thread] DEBUG PrimaryStageWindow   - Window border size: (16.0, 39.0)
14:14:52.458 [JavaFX Application Thread] DEBUG PrimaryStageWindow   - Scaled size: 800.0 x 600.0
14:14:52.458 [JavaFX Application Thread] DEBUG PrimaryStageWindow   - Scaled ratio: (1.0, 1.0)
14:14:52.459 [JavaFX Application Thread] DEBUG PrimaryStageWindow   - Scene size: 800.0 x 600.0
14:14:52.459 [JavaFX Application Thread] DEBUG PrimaryStageWindow   - Stage size: 816.0 x 639.0
14:14:52.483 [FXGL Background Thread 1 ] DEBUG Engine               - Initializing environment variables
14:14:52.642 [FXGL Background Thread 1 ] DEBUG FXGLAssetLoaderServi - User app class for loading assets: class main.java.amongUs.AppPrincipal
14:14:52.642 [FXGL Background Thread 1 ] DEBUG GameApplicationServi - Applying CSS: fxgl_dark.css
14:14:52.643 [FXGL Background Thread 1 ] DEBUG FXGLAssetLoaderServi - Loading from file system: jar:file:/C:/Users/josue/OneDrive/Desktop/proyecto%20java/Among%20Us/lib/fxgl-21.1-uber.jar!/fxglassets/ui/css/fxgl_dark.css
14:14:52.740 [FXGL Background Thread 1 ] DEBUG GameApplicationServi - Initializing application scenes
14:14:53.026 [FXGL Background Thread 1 ] DEBUG GameWorld            - Game world initialized
14:14:53.098 [FXGL Background Thread 1 ] DEBUG PhysicsWorld         - Physics world initialized: appHeight=600, physics.ppm=50,0
14:14:53.098 [FXGL Background Thread 1 ] DEBUG PhysicsWorld         - Using strategy: BRUTE_FORCE
14:14:53.103 [FXGL Background Thread 1 ] DEBUG GameScene            - Game scene initialized: 800x600
14:14:53.121 [FXGL Background Thread 1 ] DEBUG FXGL.DefaultMenu     - createMenuBodyGameMenu()
14:14:53.143 [FXGL Background Thread 1 ] DEBUG FXGL.DefaultMenu     - createOptionsMenu()
14:14:53.160 [FXGL Background Thread 1 ] DEBUG FXGLAssetLoaderServi - Loading from file system: jar:file:/C:/Users/josue/OneDrive/Desktop/proyecto%20java/Among%20Us/lib/fxgl-21.1-uber.jar!/fxglassets/textures/particles/smoke.png
14:14:53.313 [FXGL Background Thread 1 ] DEBUG FXGLAssetLoaderServi - Loading from file system: jar:file:/C:/Users/josue/OneDrive/Desktop/proyecto%20java/Among%20Us/lib/fxgl-21.1-uber.jar!/fxglassets/textures/particles/trace_horizontal.png
14:14:53.356 [FXGL Background Thread 1 ] DEBUG GameApplicationServi - Application scenes initialized
14:14:53.388 [FXGL Background Thread 1 ] DEBUG SystemBundleService  - Loading FXGL system data
14:14:53.399 [FXGL Background Thread 1 ] DEBUG FileSystemAccess     - Reading from: C:\Users\josue\OneDrive\Desktop\proyecto java\Among Us\system\fxgl.bundle
14:14:53.410 [FXGL Background Thread 1 ] DEBUG SystemBundleService  - Bundle FXGL: {}
14:14:53.411 [FXGL Background Thread 1 ] DEBUG UpdaterService       - Checking for updates
14:14:53.420 [FXGL Background Thread 1 ] DEBUG FXGLApplication      - Loading default localization
14:14:53.420 [FXGL Background Thread 4 ] DEBUG FXGLApplication      - Loading fonts
14:14:53.421 [FXGL Background Thread 1 ] DEBUG FXGLAssetLoaderServi - Loading from file system: jar:file:/C:/Users/josue/OneDrive/Desktop/proyecto%20java/Among%20Us/lib/fxgl-21.1-uber.jar!/fxglassets/languages/english.lang
14:14:53.421 [FXGL Background Thread 4 ] DEBUG FXGLAssetLoaderServi - Loading from file system: jar:file:/C:/Users/josue/OneDrive/Desktop/proyecto%20java/Among%20Us/lib/fxgl-21.1-uber.jar!/fxglassets/ui/fonts/VarelaRound-Regular.ttf
14:14:53.486 [FXGL Background Thread 1 ] INFO  FXGLApplication      - FXGL initialization took: 1,003 sec
14:14:53.511 [JavaFX Application Thread] DEBUG Input                - Registered new binding: action0 - W
14:14:53.516 [JavaFX Application Thread] DEBUG Input                - Registered new binding: action1 - S
14:14:53.518 [JavaFX Application Thread] DEBUG Input                - Registered new binding: action2 - A
14:14:53.524 [JavaFX Application Thread] DEBUG Input                - Registered new binding: action3 - D
14:14:53.525 [JavaFX Application Thread] DEBUG FXGLAssetLoaderServi - Loading from file system: file:/C:/Users/josue/OneDrive/Desktop/proyecto%20java/Among%20Us/out/production/Among%20Us/assets/textures/icono.png
14:14:53.575 [JavaFX Application Thread] DEBUG FXGLAssetLoaderServi - Loading from file system: jar:file:/C:/Users/josue/OneDrive/Desktop/proyecto%20java/Among%20Us/lib/fxgl-21.1-uber.jar!/fxglassets/textures/fxgl_default_cursor.png
14:14:53.579 [JavaFX Application Thread] DEBUG Input                - Registered new binding: Screenshot - CTRL+8
14:14:53.580 [JavaFX Application Thread] DEBUG Input                - Registered new binding: System info dump - CTRL+9
14:14:53.581 [JavaFX Application Thread] DEBUG Input                - Registered new binding: Restart - CTRL+R
14:14:53.586 [JavaFX Application Thread] DEBUG Input                - Registered new binding: Toggle Debug Camera - CTRL+7
14:14:53.590 [JavaFX Application Thread] DEBUG LoopRunner           - Starting loop
14:14:53.590 [JavaFX Application Thread] DEBUG LoopRunner           - Initializing JavaFX AnimationTimerLoop
14:14:53.593 [JavaFX Application Thread] DEBUG GameApplicationServi - Starting new game
14:14:53.594 [JavaFX Application Thread] DEBUG Input                - Clearing active input actions
14:14:53.632 [JavaFX Application Thread] DEBUG GameApplicationServi - Removing overlay from FXGLStartupScene and adding to FXGLLoadingScene
14:14:53.632 [JavaFX Application Thread] DEBUG PrimaryStageWindow   - FXGLStartupScene -> FXGLLoadingScene
14:14:53.633 [JavaFX Application Thread] DEBUG GameApplicationServi - Clearing previous game
14:14:53.633 [JavaFX Application Thread] DEBUG GameScene            - Clearing game scene
14:14:53.633 [JavaFX Application Thread] DEBUG GameWorld            - Clearing game world
14:14:53.634 [JavaFX Application Thread] DEBUG PhysicsWorld         - Clearing physics world
14:14:53.637 [FXGL Background Thread 1 ] DEBUG FXGLApplication      - Initializing game
14:14:53.672 [FXGL Background Thread 1 ] DEBUG FXGLAssetLoaderServi - Loading from file system: file:/C:/Users/josue/OneDrive/Desktop/proyecto%20java/Among%20Us/out/production/Among%20Us/assets/music/musicaMenu.mp3
14:14:54.063 [FXGL Background Thread 1 ] DEBUG AudioPlayer          - Playing music com.almasb.fxgl.audio.Music@db38424
14:14:54.672 [FXGL Background Thread 1 ] INFO  FXGLApplication      - Game initialization took: 1,034 sec
14:14:54.779 [FXGL Background Thread 4 ] DEBUG FXGLAssetLoaderServi - Loading from file system: jar:file:/C:/Users/josue/OneDrive/Desktop/proyecto%20java/Among%20Us/lib/fxgl-21.1-uber.jar!/fxglassets/ui/fonts/Abel-Regular.ttf
14:14:54.790 [FXGL Background Thread 4 ] DEBUG FXGLAssetLoaderServi - Loading from file system: jar:file:/C:/Users/josue/OneDrive/Desktop/proyecto%20java/Among%20Us/lib/fxgl-21.1-uber.jar!/fxglassets/ui/fonts/TerminalLandMono-Regular.otf
14:14:54.799 [JavaFX Application Thread] DEBUG Input                - Clearing active input actions
14:14:54.802 [FXGL Background Thread 4 ] DEBUG FXGLAssetLoaderServi - Loading from file system: jar:file:/C:/Users/josue/OneDrive/Desktop/proyecto%20java/Among%20Us/lib/fxgl-21.1-uber.jar!/fxglassets/ui/fonts/Courier-Prime.ttf
14:14:54.843 [JavaFX Application Thread] DEBUG GameApplicationServi - Removing overlay from FXGLLoadingScene and adding to GameScene
14:14:54.843 [JavaFX Application Thread] DEBUG PrimaryStageWindow   - FXGLLoadingScene -> GameScene
14:14:54.856 [JavaFX Application Thread] DEBUG FXGLApplication      - Registering font factories with UI factory
14:14:55.694 [FXGL Background Thread 2 ] INFO  UpdaterService       - Your current version:  21.1
14:14:55.696 [FXGL Background Thread 2 ] INFO  UpdaterService       - Latest stable version: 25
14:14:55.932 [JavaFX Application Thread] DEBUG FXGLAssetLoaderServi - Loading from file system: file:/C:/Users/josue/OneDrive/Desktop/proyecto%20java/Among%20Us/out/production/Among%20Us/assets/sounds/clickBoton.wav
14:14:56.415 [FXGL Background Thread 3 ] DEBUG Engine               - Logging environment variables
14:14:56.419 [FXGL Background Thread 3 ] DEBUG Engine               - achievements: []
14:14:56.419 [FXGL Background Thread 3 ] DEBUG Engine               - actualHeight: 600.0
14:14:56.465 [FXGL Background Thread 3 ] DEBUG Engine               - actualHeightProperty: ReadOnlyDoubleProperty [value: 600.0]
14:14:56.471 [FXGL Background Thread 3 ] DEBUG Engine               - actualWidth: 800.0
14:14:56.471 [FXGL Background Thread 3 ] DEBUG Engine               - actualWidthProperty: ReadOnlyDoubleProperty [value: 800.0]
14:14:56.471 [FXGL Background Thread 3 ] DEBUG Engine               - appIcon: icono.png
14:14:56.472 [FXGL Background Thread 3 ] DEBUG Engine               - applicationMode: DEVELOPER
14:14:56.475 [FXGL Background Thread 3 ] DEBUG Engine               - cSSList: [fxgl_dark.css]
14:14:56.475 [FXGL Background Thread 3 ] DEBUG Engine               - collisionDetectionStrategy: BRUTE_FORCE
14:14:56.476 [FXGL Background Thread 3 ] DEBUG Engine               - configClass: Optional.empty
14:14:56.476 [FXGL Background Thread 3 ] DEBUG Engine               - credits: []
14:14:56.476 [FXGL Background Thread 3 ] DEBUG Engine               - defaultCursor: CursorInfo(imageName=fxgl_default_cursor.png, hotspotX=7.0, hotspotY=6.0)
14:14:56.476 [FXGL Background Thread 3 ] DEBUG Engine               - devBBoxColorProperty: ObjectProperty [value: 0xff0000ff]
14:14:56.476 [FXGL Background Thread 3 ] DEBUG Engine               - devEnableDebugCameraProperty: BooleanProperty [value: false]
14:14:56.476 [FXGL Background Thread 3 ] DEBUG Engine               - devSensorColorProperty: ObjectProperty [value: 0xffff00ff]
14:14:56.476 [FXGL Background Thread 3 ] DEBUG Engine               - devShowBBoxProperty: BooleanProperty [value: false]
14:14:56.476 [FXGL Background Thread 3 ] DEBUG Engine               - devShowPositionProperty: BooleanProperty [value: false]
14:14:56.476 [FXGL Background Thread 3 ] DEBUG Engine               - enabledMenuItems: []
14:14:56.476 [FXGL Background Thread 3 ] DEBUG Engine               - engineServices: [class com.almasb.fxgl.app.services.FXGLAssetLoaderService, class com.almasb.fxgl.app.FXGLApplication$GameApplicationService, class com.almasb.fxgl.app.services.FXGLDialogService, class com.almasb.fxgl.app.services.IOTaskExecutorService, class com.almasb.fxgl.io.FileSystemService, class com.almasb.fxgl.localization.LocalizationService, class com.almasb.fxgl.app.services.SystemBundleService, class com.almasb.fxgl.profile.SaveLoadService, class com.almasb.fxgl.ui.FXGLUIFactoryServiceProvider, class com.almasb.fxgl.ui.FXGLDialogFactoryServiceProvider, class com.almasb.fxgl.audio.AudioPlayer, class com.almasb.fxgl.notification.impl.NotificationServiceProvider, class com.almasb.fxgl.achievement.AchievementService, class com.almasb.fxgl.cutscene.CutsceneService, class com.almasb.fxgl.minigames.MiniGameService, class com.almasb.fxgl.net.NetService, class com.almasb.fxgl.app.services.UpdaterService, class com.almasb.fxgl.dev.DevService]
14:14:56.478 [FXGL Background Thread 3 ] DEBUG Engine               - fontGame: Abel-Regular.ttf
14:14:56.478 [FXGL Background Thread 3 ] DEBUG Engine               - fontMono: TerminalLandMono-Regular.otf
14:14:56.478 [FXGL Background Thread 3 ] DEBUG Engine               - fontSizeScaleUI: 1.0
14:14:56.478 [FXGL Background Thread 3 ] DEBUG Engine               - fontText: Courier-Prime.ttf
14:14:56.478 [FXGL Background Thread 3 ] DEBUG Engine               - fontUI: VarelaRound-Regular.ttf
14:14:56.478 [FXGL Background Thread 3 ] DEBUG Engine               - fullScreen: BooleanProperty [value: false]
14:14:56.478 [FXGL Background Thread 3 ] DEBUG Engine               - gameDifficulty: MEDIUM
14:14:56.478 [FXGL Background Thread 3 ] DEBUG Engine               - gameDifficultyProperty: ObjectProperty [value: MEDIUM]
14:14:56.478 [FXGL Background Thread 3 ] DEBUG Engine               - globalMusicVolume: 0.5
14:14:56.478 [FXGL Background Thread 3 ] DEBUG Engine               - globalMusicVolumeProperty: DoubleProperty [value: 0.4]
14:14:56.478 [FXGL Background Thread 3 ] DEBUG Engine               - globalSoundVolume: 0.5
14:14:56.479 [FXGL Background Thread 3 ] DEBUG Engine               - globalSoundVolumeProperty: DoubleProperty [value: 0.5]
14:14:56.479 [FXGL Background Thread 3 ] DEBUG Engine               - height: 600
14:14:56.479 [FXGL Background Thread 3 ] DEBUG Engine               - is3D: false
14:14:56.479 [FXGL Background Thread 3 ] DEBUG Engine               - isAndroid: false
14:14:56.481 [FXGL Background Thread 3 ] DEBUG Engine               - isBrowser: false
14:14:56.481 [FXGL Background Thread 3 ] DEBUG Engine               - isClickFeedbackEnabled: false
14:14:56.481 [FXGL Background Thread 3 ] DEBUG Engine               - isCloseConfirmation: false
14:14:56.481 [FXGL Background Thread 3 ] DEBUG Engine               - isDesktop: true
14:14:56.481 [FXGL Background Thread 3 ] DEBUG Engine               - isDeveloperMenuEnabled: false
14:14:56.482 [FXGL Background Thread 3 ] DEBUG Engine               - isEmbedded: false
14:14:56.482 [FXGL Background Thread 3 ] DEBUG Engine               - isEntityPreloadEnabled: true
14:14:56.486 [FXGL Background Thread 3 ] DEBUG Engine               - isExperimentalTiledLargeMap: false
14:14:56.486 [FXGL Background Thread 3 ] DEBUG Engine               - isFileSystemWriteAllowed: true
14:14:56.486 [FXGL Background Thread 3 ] DEBUG Engine               - isFullScreenAllowed: false
14:14:56.486 [FXGL Background Thread 3 ] DEBUG Engine               - isFullScreenFromStart: false
14:14:56.486 [FXGL Background Thread 3 ] DEBUG Engine               - isGameMenuEnabled: true
14:14:56.486 [FXGL Background Thread 3 ] DEBUG Engine               - isIOS: false
14:14:56.486 [FXGL Background Thread 3 ] DEBUG Engine               - isIntroEnabled: false
14:14:56.486 [FXGL Background Thread 3 ] DEBUG Engine               - isLinux: false
14:14:56.487 [FXGL Background Thread 3 ] DEBUG Engine               - isMac: false
14:14:56.487 [FXGL Background Thread 3 ] DEBUG Engine               - isMainMenuEnabled: false
14:14:56.488 [FXGL Background Thread 3 ] DEBUG Engine               - isManualResizeEnabled: false
14:14:56.488 [FXGL Background Thread 3 ] DEBUG Engine               - isMobile: false
14:14:56.488 [FXGL Background Thread 3 ] DEBUG Engine               - isNative: false
14:14:56.488 [FXGL Background Thread 3 ] DEBUG Engine               - isPauseMusicWhenMinimized: true
14:14:56.488 [FXGL Background Thread 3 ] DEBUG Engine               - isPreserveResizeRatio: false
14:14:56.488 [FXGL Background Thread 3 ] DEBUG Engine               - isProfilingEnabled: false
14:14:56.488 [FXGL Background Thread 3 ] DEBUG Engine               - isScaleAffectedOnResize: true
14:14:56.488 [FXGL Background Thread 3 ] DEBUG Engine               - isSingleStep: false
14:14:56.488 [FXGL Background Thread 3 ] DEBUG Engine               - isUserProfileEnabled: false
14:14:56.488 [FXGL Background Thread 3 ] DEBUG Engine               - isWindows: true
14:14:56.488 [FXGL Background Thread 3 ] DEBUG Engine               - language: ObjectProperty [value: ENGLISH]
14:14:56.488 [FXGL Background Thread 3 ] DEBUG Engine               - menuKey: ESCAPE
14:14:56.488 [FXGL Background Thread 3 ] DEBUG Engine               - mouseSensitivity: 0.2
14:14:56.488 [FXGL Background Thread 3 ] DEBUG Engine               - notificationViewClass: class com.almasb.fxgl.notification.view.XboxNotificationView
14:14:56.489 [FXGL Background Thread 3 ] DEBUG Engine               - pixelsPerMeter: 50.0
14:14:56.489 [FXGL Background Thread 3 ] DEBUG Engine               - platform: WINDOWS
14:14:56.489 [FXGL Background Thread 3 ] DEBUG Engine               - prefHeightProperty: ReadOnlyDoubleProperty [value: 600.0]
14:14:56.489 [FXGL Background Thread 3 ] DEBUG Engine               - prefWidthProperty: ReadOnlyDoubleProperty [value: 800.0]
14:14:56.489 [FXGL Background Thread 3 ] DEBUG Engine               - profileDir: profiles/
14:14:56.489 [FXGL Background Thread 3 ] DEBUG Engine               - profileName: StringProperty [value: DEFAULT]
14:14:56.490 [FXGL Background Thread 3 ] DEBUG Engine               - randomSeed: -1
14:14:56.490 [FXGL Background Thread 3 ] DEBUG Engine               - runtimeInfo: RuntimeInfo(platform=WINDOWS, version=21.1, build=26.03.2024 17.33)
14:14:56.490 [FXGL Background Thread 3 ] DEBUG Engine               - saveFileExt: sav
14:14:56.490 [FXGL Background Thread 3 ] DEBUG Engine               - scaledHeightProp$fxgl: DoubleProperty [bound, value: 600.0]
14:14:56.490 [FXGL Background Thread 3 ] DEBUG Engine               - scaledWidthProp$fxgl: DoubleProperty [bound, value: 800.0]
14:14:56.490 [FXGL Background Thread 3 ] DEBUG Engine               - sceneFactory: com.almasb.fxgl.app.scene.SceneFactory@7f332451
14:14:56.490 [FXGL Background Thread 3 ] DEBUG Engine               - secondsIn24h: 60
14:14:56.490 [FXGL Background Thread 3 ] DEBUG Engine               - soundMenuBack: menu/back.wav
14:14:56.490 [FXGL Background Thread 3 ] DEBUG Engine               - soundMenuPress: menu/press.wav
14:14:56.490 [FXGL Background Thread 3 ] DEBUG Engine               - soundMenuSelect: menu/select.wav
14:14:56.490 [FXGL Background Thread 3 ] DEBUG Engine               - soundNotification: core/notification.wav
14:14:56.490 [FXGL Background Thread 3 ] DEBUG Engine               - stageStyle: DECORATED
14:14:56.490 [FXGL Background Thread 3 ] DEBUG Engine               - supportedLanguages: [ENGLISH, FRENCH, GERMAN, HUNGARIAN, RUSSIAN]
14:14:56.490 [FXGL Background Thread 3 ] DEBUG Engine               - ticksPerSecond: -1
14:14:56.490 [FXGL Background Thread 3 ] DEBUG Engine               - title: Among Us - Java Edition
14:14:56.490 [FXGL Background Thread 3 ] DEBUG Engine               - urlGithub: https://github.com/AlmasB/FXGL
14:14:56.490 [FXGL Background Thread 3 ] DEBUG Engine               - urlLeaderboard: http://fxgl-top.herokuapp.com/
14:14:56.490 [FXGL Background Thread 3 ] DEBUG Engine               - urlPOM: https://raw.githubusercontent.com/AlmasB/FXGL/release/README.md
14:14:56.490 [FXGL Background Thread 3 ] DEBUG Engine               - userAppClass: class main.java.amongUs.AppPrincipal
14:14:56.491 [FXGL Background Thread 3 ] DEBUG Engine               - version: 0.0
14:14:56.491 [FXGL Background Thread 3 ] DEBUG Engine               - versionCheckDays: 7
14:14:56.491 [FXGL Background Thread 3 ] DEBUG Engine               - width: 800
14:14:56.491 [FXGL Background Thread 3 ] DEBUG Engine               - Logging services
14:14:56.491 [FXGL Background Thread 3 ] DEBUG Engine               - class com.almasb.fxgl.app.services.FXGLAssetLoaderService
14:14:56.491 [FXGL Background Thread 3 ] DEBUG Engine               - class com.almasb.fxgl.app.FXGLApplication$GameApplicationService
14:14:56.491 [FXGL Background Thread 3 ] DEBUG Engine               - class com.almasb.fxgl.app.services.FXGLDialogService
14:14:56.491 [FXGL Background Thread 3 ] DEBUG Engine               - class com.almasb.fxgl.app.services.IOTaskExecutorService
14:14:56.491 [FXGL Background Thread 3 ] DEBUG Engine               - class com.almasb.fxgl.io.FileSystemService
14:14:56.491 [FXGL Background Thread 3 ] DEBUG Engine               - class com.almasb.fxgl.localization.LocalizationService
14:14:56.491 [FXGL Background Thread 3 ] DEBUG Engine               - class com.almasb.fxgl.app.services.SystemBundleService
14:14:56.491 [FXGL Background Thread 3 ] DEBUG Engine               - class com.almasb.fxgl.profile.SaveLoadService
14:14:56.491 [FXGL Background Thread 3 ] DEBUG Engine               - class com.almasb.fxgl.ui.FXGLUIFactoryServiceProvider
14:14:56.491 [FXGL Background Thread 3 ] DEBUG Engine               - class com.almasb.fxgl.ui.FXGLDialogFactoryServiceProvider
14:14:56.491 [FXGL Background Thread 3 ] DEBUG Engine               - class com.almasb.fxgl.audio.AudioPlayer
14:14:56.491 [FXGL Background Thread 3 ] DEBUG Engine               - class com.almasb.fxgl.notification.impl.NotificationServiceProvider
14:14:56.491 [FXGL Background Thread 3 ] DEBUG Engine               - class com.almasb.fxgl.achievement.AchievementService
14:14:56.491 [FXGL Background Thread 3 ] DEBUG Engine               - class com.almasb.fxgl.cutscene.CutsceneService
14:14:56.491 [FXGL Background Thread 3 ] DEBUG Engine               - class com.almasb.fxgl.minigames.MiniGameService
14:14:56.491 [FXGL Background Thread 3 ] DEBUG Engine               - class com.almasb.fxgl.net.NetService
14:14:56.491 [FXGL Background Thread 3 ] DEBUG Engine               - class com.almasb.fxgl.app.services.UpdaterService
14:14:56.491 [FXGL Background Thread 3 ] DEBUG Engine               - class com.almasb.fxgl.dev.DevService
14:15:38.277 [JavaFX Application Thread] DEBUG FXGLApplication      - Exiting FXGL
14:15:38.277 [JavaFX Application Thread] DEBUG LoopRunner           - Stopping loop
14:15:38.277 [JavaFX Application Thread] DEBUG SystemBundleService  - Saving FXGL system data
14:15:38.282 [JavaFX Application Thread] DEBUG FileSystemAccess     - Writing to: C:\Users\josue\OneDrive\Desktop\proyecto java\Among Us\system\fxgl.bundle
14:15:38.286 [JavaFX Application Thread] DEBUG Async                - Shutting down background threads
14:15:38.286 [JavaFX Application Thread] DEBUG PrimaryStageWindow   - Closing main window
14:15:38.347 [JavaFX Application Thread] DEBUG Logger               - Closing Logger
