18:23:56.592 [main                     ] DEBUG Logger               - Configured Logger
18:23:56.625 [main                     ] DEBUG GameApplication      - Logging settings
Title: Among Us UNEG
Version: 0.0
Width: 800
Height: 600
Fullscreen: false
Intro: false
Profiling: false
Single step:false
App Mode: DEVELOPER
Menu Key: ESCAPE
Stage Style: DECORATED
Scene Factory: class com.almasb.fxgl.app.scene.SceneFactory

18:23:58.004 [JavaFX Application Thread] DEBUG FXGLApplication      - Initializing FXGL
18:23:58.010 [JavaFX Application Thread] INFO  Engine               - FXGL-21.1 (26.03.2024 17.33) on WINDOWS (J:25.0.2 FX:21.0.1)
18:23:58.010 [JavaFX Application Thread] DEBUG Engine               - JRE Vendor Name: Oracle Corporation
18:23:58.010 [JavaFX Application Thread] DEBUG Engine               - Running on OS: Windows 11 version 10.0
18:23:58.010 [JavaFX Application Thread] DEBUG Engine               - Architecture: amd64
18:23:58.010 [JavaFX Application Thread] INFO  Engine               - Source code and latest versions at: https://github.com/AlmasB/FXGL
18:23:58.011 [JavaFX Application Thread] INFO  Engine               -       Ask questions and discuss at: https://github.com/AlmasB/FXGL/discussions
18:23:58.011 [JavaFX Application Thread] INFO  Engine               -              Join the FXGL chat at: https://gitter.im/AlmasB/FXGL
18:23:58.327 [JavaFX Application Thread] DEBUG PrimaryStageWindow   - Creating a JavaFX scene
18:23:58.481 [JavaFX Application Thread] DEBUG PrimaryStageWindow   - Target settings size: 800.0 x 600.0
18:23:58.482 [JavaFX Application Thread] DEBUG PrimaryStageWindow   - Scaled scene size:    800.0 x 600.0
18:23:58.482 [JavaFX Application Thread] DEBUG PrimaryStageWindow   - Scaled ratio: (1.0, 1.0)
18:23:58.484 [JavaFX Application Thread] DEBUG PrimaryStageWindow   - Set initial scene to FXGLStartupScene
18:23:58.492 [JavaFX Application Thread] DEBUG PrimaryStageWindow   - Opening main window
18:23:58.715 [JavaFX Application Thread] DEBUG PrimaryStageWindow   - Window border size: (16.0, 39.0)
18:23:58.715 [JavaFX Application Thread] DEBUG PrimaryStageWindow   - Scaled size: 800.0 x 600.0
18:23:58.715 [JavaFX Application Thread] DEBUG PrimaryStageWindow   - Scaled ratio: (1.0, 1.0)
18:23:58.715 [JavaFX Application Thread] DEBUG PrimaryStageWindow   - Scene size: 800.0 x 600.0
18:23:58.716 [JavaFX Application Thread] DEBUG PrimaryStageWindow   - Stage size: 816.0 x 639.0
18:23:58.792 [FXGL Background Thread 1 ] DEBUG Engine               - Initializing environment variables
18:23:58.977 [FXGL Background Thread 1 ] DEBUG FXGLAssetLoaderServi - User app class for loading assets: class main.java.amongUs.AppPrincipal
18:23:58.978 [FXGL Background Thread 1 ] DEBUG GameApplicationServi - Applying CSS: fxgl_dark.css
18:23:58.980 [FXGL Background Thread 1 ] DEBUG FXGLAssetLoaderServi - Loading from file system: jar:file:/C:/Users/josue/OneDrive/Desktop/proyecto%20java/Among%20Us/lib/fxgl-21.1-uber.jar!/fxglassets/ui/css/fxgl_dark.css
18:23:59.116 [FXGL Background Thread 1 ] DEBUG GameApplicationServi - Initializing application scenes
18:23:59.435 [FXGL Background Thread 1 ] DEBUG GameWorld            - Game world initialized
18:23:59.538 [FXGL Background Thread 1 ] DEBUG PhysicsWorld         - Physics world initialized: appHeight=600, physics.ppm=50,0
18:23:59.540 [FXGL Background Thread 1 ] DEBUG PhysicsWorld         - Using strategy: BRUTE_FORCE
18:23:59.548 [FXGL Background Thread 1 ] DEBUG GameScene            - Game scene initialized: 800x600
18:23:59.575 [FXGL Background Thread 1 ] DEBUG FXGL.DefaultMenu     - createMenuBodyGameMenu()
18:23:59.621 [FXGL Background Thread 1 ] DEBUG FXGL.DefaultMenu     - createOptionsMenu()
18:23:59.654 [FXGL Background Thread 1 ] DEBUG FXGLAssetLoaderServi - Loading from file system: jar:file:/C:/Users/josue/OneDrive/Desktop/proyecto%20java/Among%20Us/lib/fxgl-21.1-uber.jar!/fxglassets/textures/particles/smoke.png
18:24:00.231 [FXGL Background Thread 1 ] DEBUG FXGLAssetLoaderServi - Loading from file system: jar:file:/C:/Users/josue/OneDrive/Desktop/proyecto%20java/Among%20Us/lib/fxgl-21.1-uber.jar!/fxglassets/textures/particles/trace_horizontal.png
18:24:00.335 [FXGL Background Thread 1 ] DEBUG GameApplicationServi - Application scenes initialized
18:24:00.359 [FXGL Background Thread 1 ] DEBUG SystemBundleService  - Loading FXGL system data
18:24:00.374 [FXGL Background Thread 1 ] DEBUG FileSystemAccess     - Reading from: C:\Users\josue\OneDrive\Desktop\proyecto java\Among Us\system\fxgl.bundle
18:24:00.389 [FXGL Background Thread 1 ] DEBUG SystemBundleService  - Bundle FXGL: {}
18:24:00.389 [FXGL Background Thread 1 ] DEBUG UpdaterService       - Checking for updates
18:24:00.400 [FXGL Background Thread 1 ] DEBUG FXGLApplication      - Loading default localization
18:24:00.401 [FXGL Background Thread 1 ] DEBUG FXGLAssetLoaderServi - Loading from file system: jar:file:/C:/Users/josue/OneDrive/Desktop/proyecto%20java/Among%20Us/lib/fxgl-21.1-uber.jar!/fxglassets/languages/english.lang
18:24:00.438 [FXGL Background Thread 1 ] INFO  FXGLApplication      - FXGL initialization took: 1,646 sec
18:24:00.459 [JavaFX Application Thread] DEBUG Input                - Registered new binding: action0 - W
18:24:00.460 [JavaFX Application Thread] DEBUG Input                - Registered new binding: action1 - S
18:24:00.460 [JavaFX Application Thread] DEBUG Input                - Registered new binding: action2 - A
18:24:00.467 [JavaFX Application Thread] DEBUG Input                - Registered new binding: action3 - D
18:24:00.470 [JavaFX Application Thread] DEBUG FXGLAssetLoaderServi - Loading from file system: file:/C:/Users/josue/OneDrive/Desktop/proyecto%20java/Among%20Us/out/production/Among%20Us/assets/textures/icono.png
18:24:00.617 [FXGL Background Thread 4 ] DEBUG FXGLApplication      - Loading fonts
18:24:00.620 [FXGL Background Thread 4 ] DEBUG FXGLAssetLoaderServi - Loading from file system: jar:file:/C:/Users/josue/OneDrive/Desktop/proyecto%20java/Among%20Us/lib/fxgl-21.1-uber.jar!/fxglassets/ui/fonts/VarelaRound-Regular.ttf
18:24:00.628 [JavaFX Application Thread] DEBUG FXGLAssetLoaderServi - Loading from file system: jar:file:/C:/Users/josue/OneDrive/Desktop/proyecto%20java/Among%20Us/lib/fxgl-21.1-uber.jar!/fxglassets/textures/fxgl_default_cursor.png
18:24:00.658 [JavaFX Application Thread] DEBUG Input                - Registered new binding: Screenshot - CTRL+8
18:24:00.658 [JavaFX Application Thread] DEBUG Input                - Registered new binding: System info dump - CTRL+9
18:24:00.676 [JavaFX Application Thread] DEBUG Input                - Registered new binding: Restart - CTRL+R
18:24:00.677 [JavaFX Application Thread] DEBUG Input                - Registered new binding: Toggle Debug Camera - CTRL+7
18:24:00.694 [JavaFX Application Thread] DEBUG LoopRunner           - Starting loop
18:24:00.700 [JavaFX Application Thread] DEBUG LoopRunner           - Initializing JavaFX AnimationTimerLoop
18:24:00.705 [JavaFX Application Thread] DEBUG GameApplicationServi - Starting new game
18:24:00.708 [JavaFX Application Thread] DEBUG Input                - Clearing active input actions
18:24:00.997 [JavaFX Application Thread] DEBUG GameApplicationServi - Removing overlay from FXGLStartupScene and adding to FXGLLoadingScene
18:24:01.003 [JavaFX Application Thread] DEBUG PrimaryStageWindow   - FXGLStartupScene -> FXGLLoadingScene
18:24:01.004 [JavaFX Application Thread] DEBUG GameApplicationServi - Clearing previous game
18:24:01.004 [JavaFX Application Thread] DEBUG GameScene            - Clearing game scene
18:24:01.007 [JavaFX Application Thread] DEBUG GameWorld            - Clearing game world
18:24:01.008 [JavaFX Application Thread] DEBUG PhysicsWorld         - Clearing physics world
18:24:01.013 [FXGL Background Thread 1 ] DEBUG FXGLApplication      - Initializing game
18:24:01.026 [FXGL Background Thread 1 ] DEBUG FXGLAssetLoaderServi - Loading from file system: file:/C:/Users/josue/OneDrive/Desktop/proyecto%20java/Among%20Us/out/production/Among%20Us/assets/music/musicaMenu.mp3
18:24:01.983 [FXGL Background Thread 4 ] DEBUG FXGLAssetLoaderServi - Loading from file system: jar:file:/C:/Users/josue/OneDrive/Desktop/proyecto%20java/Among%20Us/lib/fxgl-21.1-uber.jar!/fxglassets/ui/fonts/Abel-Regular.ttf
18:24:01.995 [FXGL Background Thread 4 ] DEBUG FXGLAssetLoaderServi - Loading from file system: jar:file:/C:/Users/josue/OneDrive/Desktop/proyecto%20java/Among%20Us/lib/fxgl-21.1-uber.jar!/fxglassets/ui/fonts/TerminalLandMono-Regular.otf
18:24:02.005 [FXGL Background Thread 4 ] DEBUG FXGLAssetLoaderServi - Loading from file system: jar:file:/C:/Users/josue/OneDrive/Desktop/proyecto%20java/Among%20Us/lib/fxgl-21.1-uber.jar!/fxglassets/ui/fonts/Courier-Prime.ttf
18:24:02.017 [JavaFX Application Thread] DEBUG FXGLApplication      - Registering font factories with UI factory
18:24:02.178 [FXGL Background Thread 1 ] DEBUG AudioPlayer          - Playing music com.almasb.fxgl.audio.Music@3033d007
18:24:03.415 [FXGL Background Thread 3 ] DEBUG Engine               - Logging environment variables
18:24:03.418 [FXGL Background Thread 3 ] DEBUG Engine               - achievements: []
18:24:03.418 [FXGL Background Thread 3 ] DEBUG Engine               - actualHeight: 600.0
18:24:03.418 [FXGL Background Thread 3 ] DEBUG Engine               - actualHeightProperty: ReadOnlyDoubleProperty [value: 600.0]
18:24:03.419 [FXGL Background Thread 3 ] DEBUG Engine               - actualWidth: 800.0
18:24:03.420 [FXGL Background Thread 3 ] DEBUG Engine               - actualWidthProperty: ReadOnlyDoubleProperty [value: 800.0]
18:24:03.420 [FXGL Background Thread 3 ] DEBUG Engine               - appIcon: icono.png
18:24:03.430 [FXGL Background Thread 3 ] DEBUG Engine               - applicationMode: DEVELOPER
18:24:03.430 [FXGL Background Thread 3 ] DEBUG Engine               - cSSList: [fxgl_dark.css]
18:24:03.430 [FXGL Background Thread 3 ] DEBUG Engine               - collisionDetectionStrategy: BRUTE_FORCE
18:24:03.430 [FXGL Background Thread 3 ] DEBUG Engine               - configClass: Optional.empty
18:24:03.431 [FXGL Background Thread 3 ] DEBUG Engine               - credits: []
18:24:03.442 [FXGL Background Thread 3 ] DEBUG Engine               - defaultCursor: CursorInfo(imageName=fxgl_default_cursor.png, hotspotX=7.0, hotspotY=6.0)
18:24:03.444 [FXGL Background Thread 3 ] DEBUG Engine               - devBBoxColorProperty: ObjectProperty [value: 0xff0000ff]
18:24:03.444 [FXGL Background Thread 3 ] DEBUG Engine               - devEnableDebugCameraProperty: BooleanProperty [value: false]
18:24:03.445 [FXGL Background Thread 3 ] DEBUG Engine               - devSensorColorProperty: ObjectProperty [value: 0xffff00ff]
18:24:03.445 [FXGL Background Thread 3 ] DEBUG Engine               - devShowBBoxProperty: BooleanProperty [value: false]
18:24:03.445 [FXGL Background Thread 3 ] DEBUG Engine               - devShowPositionProperty: BooleanProperty [value: false]
18:24:03.447 [FXGL Background Thread 3 ] DEBUG Engine               - enabledMenuItems: []
18:24:03.447 [FXGL Background Thread 3 ] DEBUG Engine               - engineServices: [class com.almasb.fxgl.app.services.FXGLAssetLoaderService, class com.almasb.fxgl.app.FXGLApplication$GameApplicationService, class com.almasb.fxgl.app.services.FXGLDialogService, class com.almasb.fxgl.app.services.IOTaskExecutorService, class com.almasb.fxgl.io.FileSystemService, class com.almasb.fxgl.localization.LocalizationService, class com.almasb.fxgl.app.services.SystemBundleService, class com.almasb.fxgl.profile.SaveLoadService, class com.almasb.fxgl.ui.FXGLUIFactoryServiceProvider, class com.almasb.fxgl.ui.FXGLDialogFactoryServiceProvider, class com.almasb.fxgl.audio.AudioPlayer, class com.almasb.fxgl.notification.impl.NotificationServiceProvider, class com.almasb.fxgl.achievement.AchievementService, class com.almasb.fxgl.cutscene.CutsceneService, class com.almasb.fxgl.minigames.MiniGameService, class com.almasb.fxgl.net.NetService, class com.almasb.fxgl.app.services.UpdaterService, class com.almasb.fxgl.dev.DevService]
18:24:03.447 [FXGL Background Thread 3 ] DEBUG Engine               - fontGame: Abel-Regular.ttf
18:24:03.447 [FXGL Background Thread 3 ] DEBUG Engine               - fontMono: TerminalLandMono-Regular.otf
18:24:03.447 [FXGL Background Thread 3 ] DEBUG Engine               - fontSizeScaleUI: 1.0
18:24:03.447 [FXGL Background Thread 3 ] DEBUG Engine               - fontText: Courier-Prime.ttf
18:24:03.447 [FXGL Background Thread 3 ] DEBUG Engine               - fontUI: VarelaRound-Regular.ttf
18:24:03.448 [FXGL Background Thread 3 ] DEBUG Engine               - fullScreen: BooleanProperty [value: false]
18:24:03.448 [FXGL Background Thread 3 ] DEBUG Engine               - gameDifficulty: MEDIUM
18:24:03.448 [FXGL Background Thread 3 ] DEBUG Engine               - gameDifficultyProperty: ObjectProperty [value: MEDIUM]
18:24:03.449 [FXGL Background Thread 3 ] DEBUG Engine               - globalMusicVolume: 0.5
18:24:03.449 [FXGL Background Thread 3 ] DEBUG Engine               - globalMusicVolumeProperty: DoubleProperty [value: 0.4]
18:24:03.450 [FXGL Background Thread 3 ] DEBUG Engine               - globalSoundVolume: 0.5
18:24:03.450 [FXGL Background Thread 3 ] DEBUG Engine               - globalSoundVolumeProperty: DoubleProperty [value: 0.5]
18:24:03.450 [FXGL Background Thread 3 ] DEBUG Engine               - height: 600
18:24:03.450 [FXGL Background Thread 3 ] DEBUG Engine               - is3D: false
18:24:03.450 [FXGL Background Thread 3 ] DEBUG Engine               - isAndroid: false
18:24:03.450 [FXGL Background Thread 3 ] DEBUG Engine               - isBrowser: false
18:24:03.450 [FXGL Background Thread 3 ] DEBUG Engine               - isClickFeedbackEnabled: false
18:24:03.450 [FXGL Background Thread 3 ] DEBUG Engine               - isCloseConfirmation: false
18:24:03.451 [FXGL Background Thread 3 ] DEBUG Engine               - isDesktop: true
18:24:03.451 [FXGL Background Thread 3 ] DEBUG Engine               - isDeveloperMenuEnabled: false
18:24:03.451 [FXGL Background Thread 3 ] DEBUG Engine               - isEmbedded: false
18:24:03.451 [FXGL Background Thread 3 ] DEBUG Engine               - isEntityPreloadEnabled: true
18:24:03.451 [FXGL Background Thread 3 ] DEBUG Engine               - isExperimentalTiledLargeMap: false
18:24:03.451 [FXGL Background Thread 3 ] DEBUG Engine               - isFileSystemWriteAllowed: true
18:24:03.451 [FXGL Background Thread 3 ] DEBUG Engine               - isFullScreenAllowed: false
18:24:03.451 [FXGL Background Thread 3 ] DEBUG Engine               - isFullScreenFromStart: false
18:24:03.454 [FXGL Background Thread 3 ] DEBUG Engine               - isGameMenuEnabled: true
18:24:03.454 [FXGL Background Thread 3 ] DEBUG Engine               - isIOS: false
18:24:03.455 [FXGL Background Thread 1 ] INFO  FXGLApplication      - Game initialization took: 2,442 sec
18:24:03.454 [FXGL Background Thread 3 ] DEBUG Engine               - isIntroEnabled: false
18:24:03.457 [FXGL Background Thread 3 ] DEBUG Engine               - isLinux: false
18:24:03.457 [FXGL Background Thread 3 ] DEBUG Engine               - isMac: false
18:24:03.457 [FXGL Background Thread 3 ] DEBUG Engine               - isMainMenuEnabled: false
18:24:03.457 [FXGL Background Thread 3 ] DEBUG Engine               - isManualResizeEnabled: false
18:24:03.460 [FXGL Background Thread 3 ] DEBUG Engine               - isMobile: false
18:24:03.461 [FXGL Background Thread 3 ] DEBUG Engine               - isNative: false
18:24:03.461 [FXGL Background Thread 3 ] DEBUG Engine               - isPauseMusicWhenMinimized: true
18:24:03.464 [FXGL Background Thread 3 ] DEBUG Engine               - isPreserveResizeRatio: false
18:24:03.464 [FXGL Background Thread 3 ] DEBUG Engine               - isProfilingEnabled: false
18:24:03.464 [FXGL Background Thread 3 ] DEBUG Engine               - isScaleAffectedOnResize: true
18:24:03.464 [FXGL Background Thread 3 ] DEBUG Engine               - isSingleStep: false
18:24:03.464 [FXGL Background Thread 3 ] DEBUG Engine               - isUserProfileEnabled: false
18:24:03.464 [FXGL Background Thread 3 ] DEBUG Engine               - isWindows: true
18:24:03.464 [FXGL Background Thread 3 ] DEBUG Engine               - language: ObjectProperty [value: ENGLISH]
18:24:03.464 [FXGL Background Thread 3 ] DEBUG Engine               - menuKey: ESCAPE
18:24:03.464 [FXGL Background Thread 3 ] DEBUG Engine               - mouseSensitivity: 0.2
18:24:03.464 [FXGL Background Thread 3 ] DEBUG Engine               - notificationViewClass: class com.almasb.fxgl.notification.view.XboxNotificationView
18:24:03.464 [FXGL Background Thread 3 ] DEBUG Engine               - pixelsPerMeter: 50.0
18:24:03.464 [FXGL Background Thread 3 ] DEBUG Engine               - platform: WINDOWS
18:24:03.464 [FXGL Background Thread 3 ] DEBUG Engine               - prefHeightProperty: ReadOnlyDoubleProperty [value: 600.0]
18:24:03.464 [FXGL Background Thread 3 ] DEBUG Engine               - prefWidthProperty: ReadOnlyDoubleProperty [value: 800.0]
18:24:03.464 [FXGL Background Thread 3 ] DEBUG Engine               - profileDir: profiles/
18:24:03.464 [FXGL Background Thread 3 ] DEBUG Engine               - profileName: StringProperty [value: DEFAULT]
18:24:03.464 [FXGL Background Thread 3 ] DEBUG Engine               - randomSeed: -1
18:24:03.465 [FXGL Background Thread 3 ] DEBUG Engine               - runtimeInfo: RuntimeInfo(platform=WINDOWS, version=21.1, build=26.03.2024 17.33)
18:24:03.465 [FXGL Background Thread 3 ] DEBUG Engine               - saveFileExt: sav
18:24:03.468 [FXGL Background Thread 3 ] DEBUG Engine               - scaledHeightProp$fxgl: DoubleProperty [bound, value: 600.0]
18:24:03.468 [FXGL Background Thread 3 ] DEBUG Engine               - scaledWidthProp$fxgl: DoubleProperty [bound, value: 800.0]
18:24:03.468 [FXGL Background Thread 3 ] DEBUG Engine               - sceneFactory: com.almasb.fxgl.app.scene.SceneFactory@501aadc
18:24:03.468 [FXGL Background Thread 3 ] DEBUG Engine               - secondsIn24h: 60
18:24:03.468 [FXGL Background Thread 3 ] DEBUG Engine               - soundMenuBack: menu/back.wav
18:24:03.468 [FXGL Background Thread 3 ] DEBUG Engine               - soundMenuPress: menu/press.wav
18:24:03.468 [FXGL Background Thread 3 ] DEBUG Engine               - soundMenuSelect: menu/select.wav
18:24:03.468 [FXGL Background Thread 3 ] DEBUG Engine               - soundNotification: core/notification.wav
18:24:03.468 [FXGL Background Thread 3 ] DEBUG Engine               - stageStyle: DECORATED
18:24:03.468 [FXGL Background Thread 3 ] DEBUG Engine               - supportedLanguages: [ENGLISH, FRENCH, GERMAN, HUNGARIAN, RUSSIAN]
18:24:03.470 [FXGL Background Thread 3 ] DEBUG Engine               - ticksPerSecond: -1
18:24:03.470 [FXGL Background Thread 3 ] DEBUG Engine               - title: Among Us UNEG
18:24:03.470 [FXGL Background Thread 3 ] DEBUG Engine               - urlGithub: https://github.com/AlmasB/FXGL
18:24:03.470 [FXGL Background Thread 3 ] DEBUG Engine               - urlLeaderboard: http://fxgl-top.herokuapp.com/
18:24:03.470 [FXGL Background Thread 3 ] DEBUG Engine               - urlPOM: https://raw.githubusercontent.com/AlmasB/FXGL/release/README.md
18:24:03.470 [FXGL Background Thread 3 ] DEBUG Engine               - userAppClass: class main.java.amongUs.AppPrincipal
18:24:03.470 [FXGL Background Thread 3 ] DEBUG Engine               - version: 0.0
18:24:03.470 [FXGL Background Thread 3 ] DEBUG Engine               - versionCheckDays: 7
18:24:03.470 [FXGL Background Thread 3 ] DEBUG Engine               - width: 800
18:24:03.470 [FXGL Background Thread 3 ] DEBUG Engine               - Logging services
18:24:03.470 [FXGL Background Thread 3 ] DEBUG Engine               - class com.almasb.fxgl.app.services.FXGLAssetLoaderService
18:24:03.470 [FXGL Background Thread 3 ] DEBUG Engine               - class com.almasb.fxgl.app.FXGLApplication$GameApplicationService
18:24:03.471 [FXGL Background Thread 3 ] DEBUG Engine               - class com.almasb.fxgl.app.services.FXGLDialogService
18:24:03.471 [FXGL Background Thread 3 ] DEBUG Engine               - class com.almasb.fxgl.app.services.IOTaskExecutorService
18:24:03.471 [FXGL Background Thread 3 ] DEBUG Engine               - class com.almasb.fxgl.io.FileSystemService
18:24:03.471 [FXGL Background Thread 3 ] DEBUG Engine               - class com.almasb.fxgl.localization.LocalizationService
18:24:03.471 [FXGL Background Thread 3 ] DEBUG Engine               - class com.almasb.fxgl.app.services.SystemBundleService
18:24:03.471 [FXGL Background Thread 3 ] DEBUG Engine               - class com.almasb.fxgl.profile.SaveLoadService
18:24:03.471 [FXGL Background Thread 3 ] DEBUG Engine               - class com.almasb.fxgl.ui.FXGLUIFactoryServiceProvider
18:24:03.471 [FXGL Background Thread 3 ] DEBUG Engine               - class com.almasb.fxgl.ui.FXGLDialogFactoryServiceProvider
18:24:03.471 [FXGL Background Thread 3 ] DEBUG Engine               - class com.almasb.fxgl.audio.AudioPlayer
18:24:03.471 [FXGL Background Thread 3 ] DEBUG Engine               - class com.almasb.fxgl.notification.impl.NotificationServiceProvider
18:24:03.471 [FXGL Background Thread 3 ] DEBUG Engine               - class com.almasb.fxgl.achievement.AchievementService
18:24:03.471 [FXGL Background Thread 3 ] DEBUG Engine               - class com.almasb.fxgl.cutscene.CutsceneService
18:24:03.471 [FXGL Background Thread 3 ] DEBUG Engine               - class com.almasb.fxgl.minigames.MiniGameService
18:24:03.471 [FXGL Background Thread 3 ] DEBUG Engine               - class com.almasb.fxgl.net.NetService
18:24:03.471 [FXGL Background Thread 3 ] DEBUG Engine               - class com.almasb.fxgl.app.services.UpdaterService
18:24:03.471 [FXGL Background Thread 3 ] DEBUG Engine               - class com.almasb.fxgl.dev.DevService
18:24:04.060 [FXGL Background Thread 2 ] INFO  UpdaterService       - Your current version:  21.1
18:24:04.060 [FXGL Background Thread 2 ] INFO  UpdaterService       - Latest stable version: 25
18:24:04.732 [JavaFX Application Thread] DEBUG Input                - Clearing active input actions
18:24:04.972 [JavaFX Application Thread] DEBUG GameApplicationServi - Removing overlay from FXGLLoadingScene and adding to GameScene
18:24:04.975 [JavaFX Application Thread] DEBUG PrimaryStageWindow   - FXGLLoadingScene -> GameScene
18:24:05.849 [JavaFX Application Thread] DEBUG FXGLAssetLoaderServi - Loading from file system: file:/C:/Users/josue/OneDrive/Desktop/proyecto%20java/Among%20Us/out/production/Among%20Us/assets/sounds/clickBoton.wav
18:24:10.165 [JavaFX Application Thread] WARN  TMXLevelLoader       - TiledMap generated from 1.11.2. Supported version: 1.9.0. Some features may not be parsed fully.
18:24:10.284 [JavaFX Application Thread] DEBUG TMXLevelLoader       - Parsed TiledMap: file:/C:/Users/josue/OneDrive/Desktop/proyecto%20java/Among%20Us/out/production/Among%20Us/assets/levels/mapa2.tmx
18:24:10.332 [JavaFX Application Thread] DEBUG TMXLevelLoader       - Creating tile layer entities
18:24:10.336 [JavaFX Application Thread] DEBUG TilesetLoader        - Loading view for layer fondo1
18:24:10.337 [JavaFX Application Thread] DEBUG TilesetLoader        - Created buffer with size 992.0x960.0
18:24:10.386 [JavaFX Application Thread] DEBUG TilesetLoader        - Loading view for layer fondo
18:24:10.386 [JavaFX Application Thread] DEBUG TilesetLoader        - Created buffer with size 992.0x960.0
18:24:10.395 [JavaFX Application Thread] DEBUG TilesetLoader        - Loading view for layer piso
18:24:10.396 [JavaFX Application Thread] DEBUG TilesetLoader        - Created buffer with size 992.0x960.0
18:24:10.406 [JavaFX Application Thread] DEBUG TilesetLoader        - Loading view for layer piso1
18:24:10.406 [JavaFX Application Thread] DEBUG TilesetLoader        - Created buffer with size 992.0x960.0
18:24:10.416 [JavaFX Application Thread] WARN  TilesetLoader        - Diagonally flipped tiles are not currently supported
18:24:10.420 [JavaFX Application Thread] WARN  TilesetLoader        - Diagonally flipped tiles are not currently supported
18:24:10.423 [JavaFX Application Thread] WARN  TilesetLoader        - Diagonally flipped tiles are not currently supported
18:24:10.433 [JavaFX Application Thread] WARN  TilesetLoader        - Diagonally flipped tiles are not currently supported
18:24:10.433 [JavaFX Application Thread] DEBUG TilesetLoader        - Loading view for layer izquierda
18:24:10.434 [JavaFX Application Thread] DEBUG TilesetLoader        - Created buffer with size 992.0x960.0
18:24:10.453 [JavaFX Application Thread] DEBUG TilesetLoader        - Loading view for layer detallesatraspared
18:24:10.454 [JavaFX Application Thread] DEBUG TilesetLoader        - Created buffer with size 992.0x960.0
18:24:10.693 [JavaFX Application Thread] WARN  TilesetLoader        - Diagonally flipped tiles are not currently supported
18:24:10.735 [JavaFX Application Thread] WARN  TilesetLoader        - Diagonally flipped tiles are not currently supported
18:24:10.811 [JavaFX Application Thread] DEBUG TilesetLoader        - Loading view for layer pared2
18:24:10.812 [JavaFX Application Thread] DEBUG TilesetLoader        - Created buffer with size 992.0x960.0
18:24:10.824 [JavaFX Application Thread] DEBUG TilesetLoader        - Loading view for layer techo1
18:24:10.825 [JavaFX Application Thread] DEBUG TilesetLoader        - Created buffer with size 992.0x960.0
18:24:10.832 [JavaFX Application Thread] DEBUG TilesetLoader        - Loading view for layer techo2
18:24:10.833 [JavaFX Application Thread] DEBUG TilesetLoader        - Created buffer with size 992.0x960.0
18:24:10.843 [JavaFX Application Thread] DEBUG TilesetLoader        - Loading view for layer puertita
18:24:10.845 [JavaFX Application Thread] DEBUG TilesetLoader        - Created buffer with size 992.0x960.0
18:24:10.848 [JavaFX Application Thread] DEBUG TilesetLoader        - Loading view for layer puerta
18:24:10.850 [JavaFX Application Thread] DEBUG TilesetLoader        - Created buffer with size 992.0x960.0
18:24:10.853 [JavaFX Application Thread] DEBUG TilesetLoader        - Loading view for layer detalles
18:24:10.854 [JavaFX Application Thread] DEBUG TilesetLoader        - Created buffer with size 992.0x960.0
18:24:10.889 [JavaFX Application Thread] DEBUG TilesetLoader        - Loading view for layer detalles 2
18:24:10.891 [JavaFX Application Thread] DEBUG TilesetLoader        - Created buffer with size 992.0x960.0
18:24:10.912 [JavaFX Application Thread] DEBUG TilesetLoader        - Loading view for layer detalles3
18:24:10.914 [JavaFX Application Thread] DEBUG TilesetLoader        - Created buffer with size 992.0x960.0
18:24:10.935 [JavaFX Application Thread] DEBUG TMXLevelLoader       - Creating object layer entities
18:24:11.044 [JavaFX Application Thread] DEBUG GameWorld            - Clearing removable entities
18:24:11.045 [JavaFX Application Thread] DEBUG GameWorld            - Setting level: com.almasb.fxgl.entity.level.Level@19dce7fe
18:25:50.877 [JavaFX Application Thread] DEBUG FXGLApplication      - Exiting FXGL
18:25:50.877 [JavaFX Application Thread] DEBUG LoopRunner           - Stopping loop
18:25:50.877 [JavaFX Application Thread] DEBUG SystemBundleService  - Saving FXGL system data
18:25:50.881 [JavaFX Application Thread] DEBUG FileSystemAccess     - Writing to: C:\Users\josue\OneDrive\Desktop\proyecto java\Among Us\system\fxgl.bundle
18:25:50.886 [JavaFX Application Thread] DEBUG Async                - Shutting down background threads
18:25:50.886 [JavaFX Application Thread] DEBUG PrimaryStageWindow   - Closing main window
18:25:50.957 [JavaFX Application Thread] DEBUG Logger               - Closing Logger
