16:33:38.514 [main                     ] DEBUG Logger               - Configured Logger
16:33:38.529 [main                     ] DEBUG GameApplication      - Logging settings
Title: Among Us UNEG
Version: 0.0
Width: 800
Height: 600
Fullscreen: false
Intro: false
Profiling: false
Single step:false
App Mode: DEVELOPER
Menu Key: ESCAPE
Stage Style: DECORATED
Scene Factory: class com.almasb.fxgl.app.scene.SceneFactory

16:33:39.962 [JavaFX Application Thread] DEBUG FXGLApplication      - Initializing FXGL
16:33:39.968 [JavaFX Application Thread] INFO  Engine               - FXGL-21.1 (26.03.2024 17.33) on WINDOWS (J:25.0.2 FX:21.0.1)
16:33:39.969 [JavaFX Application Thread] DEBUG Engine               - JRE Vendor Name: Oracle Corporation
16:33:39.969 [JavaFX Application Thread] DEBUG Engine               - Running on OS: Windows 11 version 10.0
16:33:39.969 [JavaFX Application Thread] DEBUG Engine               - Architecture: amd64
16:33:39.969 [JavaFX Application Thread] INFO  Engine               - Source code and latest versions at: https://github.com/AlmasB/FXGL
16:33:39.970 [JavaFX Application Thread] INFO  Engine               -       Ask questions and discuss at: https://github.com/AlmasB/FXGL/discussions
16:33:39.970 [JavaFX Application Thread] INFO  Engine               -              Join the FXGL chat at: https://gitter.im/AlmasB/FXGL
16:33:40.350 [JavaFX Application Thread] DEBUG PrimaryStageWindow   - Creating a JavaFX scene
16:33:40.551 [JavaFX Application Thread] DEBUG PrimaryStageWindow   - Target settings size: 800.0 x 600.0
16:33:40.551 [JavaFX Application Thread] DEBUG PrimaryStageWindow   - Scaled scene size:    800.0 x 600.0
16:33:40.551 [JavaFX Application Thread] DEBUG PrimaryStageWindow   - Scaled ratio: (1.0, 1.0)
16:33:40.553 [JavaFX Application Thread] DEBUG PrimaryStageWindow   - Set initial scene to FXGLStartupScene
16:33:40.562 [JavaFX Application Thread] DEBUG PrimaryStageWindow   - Opening main window
16:33:40.803 [JavaFX Application Thread] DEBUG PrimaryStageWindow   - Window border size: (16.0, 39.0)
16:33:40.803 [JavaFX Application Thread] DEBUG PrimaryStageWindow   - Scaled size: 800.0 x 600.0
16:33:40.803 [JavaFX Application Thread] DEBUG PrimaryStageWindow   - Scaled ratio: (1.0, 1.0)
16:33:40.804 [JavaFX Application Thread] DEBUG PrimaryStageWindow   - Scene size: 800.0 x 600.0
16:33:40.804 [JavaFX Application Thread] DEBUG PrimaryStageWindow   - Stage size: 816.0 x 639.0
16:33:40.866 [FXGL Background Thread 1 ] DEBUG Engine               - Initializing environment variables
16:33:41.115 [FXGL Background Thread 1 ] DEBUG FXGLAssetLoaderServi - User app class for loading assets: class main.java.amongUs.AppPrincipal
16:33:41.115 [FXGL Background Thread 1 ] DEBUG GameApplicationServi - Applying CSS: fxgl_dark.css
16:33:41.117 [FXGL Background Thread 1 ] DEBUG FXGLAssetLoaderServi - Loading from file system: jar:file:/C:/Users/josue/OneDrive/Desktop/proyecto%20java/Among%20Us/lib/fxgl-21.1-uber.jar!/fxglassets/ui/css/fxgl_dark.css
16:33:41.359 [FXGL Background Thread 1 ] DEBUG GameApplicationServi - Initializing application scenes
16:33:41.828 [FXGL Background Thread 1 ] DEBUG GameWorld            - Game world initialized
16:33:41.950 [FXGL Background Thread 1 ] DEBUG PhysicsWorld         - Physics world initialized: appHeight=600, physics.ppm=50,0
16:33:41.951 [FXGL Background Thread 1 ] DEBUG PhysicsWorld         - Using strategy: BRUTE_FORCE
16:33:41.960 [FXGL Background Thread 1 ] DEBUG GameScene            - Game scene initialized: 800x600
16:33:41.985 [FXGL Background Thread 1 ] DEBUG FXGL.DefaultMenu     - createMenuBodyGameMenu()
16:33:42.029 [FXGL Background Thread 1 ] DEBUG FXGL.DefaultMenu     - createOptionsMenu()
16:33:42.061 [FXGL Background Thread 1 ] DEBUG FXGLAssetLoaderServi - Loading from file system: jar:file:/C:/Users/josue/OneDrive/Desktop/proyecto%20java/Among%20Us/lib/fxgl-21.1-uber.jar!/fxglassets/textures/particles/smoke.png
16:33:42.318 [FXGL Background Thread 1 ] DEBUG FXGLAssetLoaderServi - Loading from file system: jar:file:/C:/Users/josue/OneDrive/Desktop/proyecto%20java/Among%20Us/lib/fxgl-21.1-uber.jar!/fxglassets/textures/particles/trace_horizontal.png
16:33:42.403 [FXGL Background Thread 1 ] DEBUG GameApplicationServi - Application scenes initialized
16:33:42.440 [FXGL Background Thread 1 ] DEBUG SystemBundleService  - Loading FXGL system data
16:33:42.454 [FXGL Background Thread 1 ] DEBUG FileSystemAccess     - Reading from: C:\Users\josue\OneDrive\Desktop\proyecto java\Among Us\system\fxgl.bundle
16:33:42.469 [FXGL Background Thread 1 ] DEBUG SystemBundleService  - Bundle FXGL: {}
16:33:42.469 [FXGL Background Thread 1 ] DEBUG UpdaterService       - Checking for updates
16:33:42.484 [FXGL Background Thread 1 ] DEBUG FXGLApplication      - Loading default localization
16:33:42.486 [FXGL Background Thread 1 ] DEBUG FXGLAssetLoaderServi - Loading from file system: jar:file:/C:/Users/josue/OneDrive/Desktop/proyecto%20java/Among%20Us/lib/fxgl-21.1-uber.jar!/fxglassets/languages/english.lang
16:33:42.488 [FXGL Background Thread 4 ] DEBUG FXGLApplication      - Loading fonts
16:33:42.518 [FXGL Background Thread 4 ] DEBUG FXGLAssetLoaderServi - Loading from file system: jar:file:/C:/Users/josue/OneDrive/Desktop/proyecto%20java/Among%20Us/lib/fxgl-21.1-uber.jar!/fxglassets/ui/fonts/VarelaRound-Regular.ttf
16:33:42.588 [FXGL Background Thread 1 ] INFO  FXGLApplication      - FXGL initialization took: 1,721 sec
16:33:42.629 [JavaFX Application Thread] DEBUG Input                - Registered new binding: action0 - W
16:33:42.633 [JavaFX Application Thread] DEBUG Input                - Registered new binding: action1 - S
16:33:42.637 [JavaFX Application Thread] DEBUG Input                - Registered new binding: action2 - A
16:33:42.650 [JavaFX Application Thread] DEBUG Input                - Registered new binding: action3 - D
16:33:42.654 [JavaFX Application Thread] DEBUG FXGLAssetLoaderServi - Loading from file system: file:/C:/Users/josue/OneDrive/Desktop/proyecto%20java/Among%20Us/out/production/Among%20Us/assets/textures/icono.png
16:33:42.761 [JavaFX Application Thread] DEBUG FXGLAssetLoaderServi - Loading from file system: jar:file:/C:/Users/josue/OneDrive/Desktop/proyecto%20java/Among%20Us/lib/fxgl-21.1-uber.jar!/fxglassets/textures/fxgl_default_cursor.png
16:33:42.769 [JavaFX Application Thread] DEBUG Input                - Registered new binding: Screenshot - CTRL+8
16:33:42.770 [JavaFX Application Thread] DEBUG Input                - Registered new binding: System info dump - CTRL+9
16:33:42.771 [JavaFX Application Thread] DEBUG Input                - Registered new binding: Restart - CTRL+R
16:33:42.772 [JavaFX Application Thread] DEBUG Input                - Registered new binding: Toggle Debug Camera - CTRL+7
16:33:42.789 [JavaFX Application Thread] DEBUG LoopRunner           - Starting loop
16:33:42.790 [JavaFX Application Thread] DEBUG LoopRunner           - Initializing JavaFX AnimationTimerLoop
16:33:42.795 [JavaFX Application Thread] DEBUG GameApplicationServi - Starting new game
16:33:42.796 [JavaFX Application Thread] DEBUG Input                - Clearing active input actions
16:33:42.893 [JavaFX Application Thread] DEBUG GameApplicationServi - Removing overlay from FXGLStartupScene and adding to FXGLLoadingScene
16:33:42.895 [JavaFX Application Thread] DEBUG PrimaryStageWindow   - FXGLStartupScene -> FXGLLoadingScene
16:33:42.896 [JavaFX Application Thread] DEBUG GameApplicationServi - Clearing previous game
16:33:42.896 [JavaFX Application Thread] DEBUG GameScene            - Clearing game scene
16:33:42.897 [JavaFX Application Thread] DEBUG GameWorld            - Clearing game world
16:33:42.898 [JavaFX Application Thread] DEBUG PhysicsWorld         - Clearing physics world
16:33:42.902 [FXGL Background Thread 1 ] DEBUG FXGLApplication      - Initializing game
16:33:42.958 [FXGL Background Thread 1 ] DEBUG FXGLAssetLoaderServi - Loading from file system: file:/C:/Users/josue/OneDrive/Desktop/proyecto%20java/Among%20Us/out/production/Among%20Us/assets/music/musicaMenu.mp3
16:33:44.040 [FXGL Background Thread 4 ] DEBUG FXGLAssetLoaderServi - Loading from file system: jar:file:/C:/Users/josue/OneDrive/Desktop/proyecto%20java/Among%20Us/lib/fxgl-21.1-uber.jar!/fxglassets/ui/fonts/Abel-Regular.ttf
16:33:44.054 [FXGL Background Thread 4 ] DEBUG FXGLAssetLoaderServi - Loading from file system: jar:file:/C:/Users/josue/OneDrive/Desktop/proyecto%20java/Among%20Us/lib/fxgl-21.1-uber.jar!/fxglassets/ui/fonts/TerminalLandMono-Regular.otf
16:33:44.064 [FXGL Background Thread 4 ] DEBUG FXGLAssetLoaderServi - Loading from file system: jar:file:/C:/Users/josue/OneDrive/Desktop/proyecto%20java/Among%20Us/lib/fxgl-21.1-uber.jar!/fxglassets/ui/fonts/Courier-Prime.ttf
16:33:44.085 [JavaFX Application Thread] DEBUG FXGLApplication      - Registering font factories with UI factory
16:33:44.196 [FXGL Background Thread 1 ] DEBUG AudioPlayer          - Playing music com.almasb.fxgl.audio.Music@3033d007
16:33:45.495 [FXGL Background Thread 3 ] DEBUG Engine               - Logging environment variables
16:33:45.500 [FXGL Background Thread 3 ] DEBUG Engine               - achievements: []
16:33:45.500 [FXGL Background Thread 3 ] DEBUG Engine               - actualHeight: 600.0
16:33:45.500 [FXGL Background Thread 3 ] DEBUG Engine               - actualHeightProperty: ReadOnlyDoubleProperty [value: 600.0]
16:33:45.501 [FXGL Background Thread 3 ] DEBUG Engine               - actualWidth: 800.0
16:33:45.502 [FXGL Background Thread 3 ] DEBUG Engine               - actualWidthProperty: ReadOnlyDoubleProperty [value: 800.0]
16:33:45.502 [FXGL Background Thread 3 ] DEBUG Engine               - appIcon: icono.png
16:33:45.511 [FXGL Background Thread 3 ] DEBUG Engine               - applicationMode: DEVELOPER
16:33:45.516 [FXGL Background Thread 3 ] DEBUG Engine               - cSSList: [fxgl_dark.css]
16:33:45.516 [FXGL Background Thread 3 ] DEBUG Engine               - collisionDetectionStrategy: BRUTE_FORCE
16:33:45.517 [FXGL Background Thread 3 ] DEBUG Engine               - configClass: Optional.empty
16:33:45.517 [FXGL Background Thread 3 ] DEBUG Engine               - credits: []
16:33:45.517 [FXGL Background Thread 3 ] DEBUG Engine               - defaultCursor: CursorInfo(imageName=fxgl_default_cursor.png, hotspotX=7.0, hotspotY=6.0)
16:33:45.518 [FXGL Background Thread 3 ] DEBUG Engine               - devBBoxColorProperty: ObjectProperty [value: 0xff0000ff]
16:33:45.520 [FXGL Background Thread 3 ] DEBUG Engine               - devEnableDebugCameraProperty: BooleanProperty [value: false]
16:33:45.529 [FXGL Background Thread 3 ] DEBUG Engine               - devSensorColorProperty: ObjectProperty [value: 0xffff00ff]
16:33:45.529 [FXGL Background Thread 3 ] DEBUG Engine               - devShowBBoxProperty: BooleanProperty [value: false]
16:33:45.529 [FXGL Background Thread 3 ] DEBUG Engine               - devShowPositionProperty: BooleanProperty [value: false]
16:33:45.568 [FXGL Background Thread 3 ] DEBUG Engine               - enabledMenuItems: []
16:33:45.568 [FXGL Background Thread 3 ] DEBUG Engine               - engineServices: [class com.almasb.fxgl.app.services.FXGLAssetLoaderService, class com.almasb.fxgl.app.FXGLApplication$GameApplicationService, class com.almasb.fxgl.app.services.FXGLDialogService, class com.almasb.fxgl.app.services.IOTaskExecutorService, class com.almasb.fxgl.io.FileSystemService, class com.almasb.fxgl.localization.LocalizationService, class com.almasb.fxgl.app.services.SystemBundleService, class com.almasb.fxgl.profile.SaveLoadService, class com.almasb.fxgl.ui.FXGLUIFactoryServiceProvider, class com.almasb.fxgl.ui.FXGLDialogFactoryServiceProvider, class com.almasb.fxgl.audio.AudioPlayer, class com.almasb.fxgl.notification.impl.NotificationServiceProvider, class com.almasb.fxgl.achievement.AchievementService, class com.almasb.fxgl.cutscene.CutsceneService, class com.almasb.fxgl.minigames.MiniGameService, class com.almasb.fxgl.net.NetService, class com.almasb.fxgl.app.services.UpdaterService, class com.almasb.fxgl.dev.DevService]
16:33:45.568 [FXGL Background Thread 3 ] DEBUG Engine               - fontGame: Abel-Regular.ttf
16:33:45.569 [FXGL Background Thread 3 ] DEBUG Engine               - fontMono: TerminalLandMono-Regular.otf
16:33:45.569 [FXGL Background Thread 3 ] DEBUG Engine               - fontSizeScaleUI: 1.0
16:33:45.569 [FXGL Background Thread 3 ] DEBUG Engine               - fontText: Courier-Prime.ttf
16:33:45.569 [FXGL Background Thread 3 ] DEBUG Engine               - fontUI: VarelaRound-Regular.ttf
16:33:45.569 [FXGL Background Thread 3 ] DEBUG Engine               - fullScreen: BooleanProperty [value: false]
16:33:45.569 [FXGL Background Thread 3 ] DEBUG Engine               - gameDifficulty: MEDIUM
16:33:45.569 [FXGL Background Thread 3 ] DEBUG Engine               - gameDifficultyProperty: ObjectProperty [value: MEDIUM]
16:33:45.570 [FXGL Background Thread 3 ] DEBUG Engine               - globalMusicVolume: 0.5
16:33:45.570 [FXGL Background Thread 3 ] DEBUG Engine               - globalMusicVolumeProperty: DoubleProperty [value: 0.4]
16:33:45.570 [FXGL Background Thread 3 ] DEBUG Engine               - globalSoundVolume: 0.5
16:33:45.570 [FXGL Background Thread 3 ] DEBUG Engine               - globalSoundVolumeProperty: DoubleProperty [value: 0.5]
16:33:45.570 [FXGL Background Thread 3 ] DEBUG Engine               - height: 600
16:33:45.570 [FXGL Background Thread 3 ] DEBUG Engine               - is3D: false
16:33:45.570 [FXGL Background Thread 3 ] DEBUG Engine               - isAndroid: false
16:33:45.570 [FXGL Background Thread 3 ] DEBUG Engine               - isBrowser: false
16:33:45.576 [FXGL Background Thread 3 ] DEBUG Engine               - isClickFeedbackEnabled: false
16:33:45.576 [FXGL Background Thread 3 ] DEBUG Engine               - isCloseConfirmation: false
16:33:45.578 [FXGL Background Thread 3 ] DEBUG Engine               - isDesktop: true
16:33:45.578 [FXGL Background Thread 3 ] DEBUG Engine               - isDeveloperMenuEnabled: false
16:33:45.578 [FXGL Background Thread 3 ] DEBUG Engine               - isEmbedded: false
16:33:45.578 [FXGL Background Thread 3 ] DEBUG Engine               - isEntityPreloadEnabled: true
16:33:45.578 [FXGL Background Thread 3 ] DEBUG Engine               - isExperimentalTiledLargeMap: false
16:33:45.578 [FXGL Background Thread 3 ] DEBUG Engine               - isFileSystemWriteAllowed: true
16:33:45.578 [FXGL Background Thread 3 ] DEBUG Engine               - isFullScreenAllowed: false
16:33:45.578 [FXGL Background Thread 3 ] DEBUG Engine               - isFullScreenFromStart: false
16:33:45.592 [FXGL Background Thread 3 ] DEBUG Engine               - isGameMenuEnabled: true
16:33:45.593 [FXGL Background Thread 3 ] DEBUG Engine               - isIOS: false
16:33:45.593 [FXGL Background Thread 3 ] DEBUG Engine               - isIntroEnabled: false
16:33:45.598 [FXGL Background Thread 3 ] DEBUG Engine               - isLinux: false
16:33:45.598 [FXGL Background Thread 3 ] DEBUG Engine               - isMac: false
16:33:45.598 [FXGL Background Thread 3 ] DEBUG Engine               - isMainMenuEnabled: false
16:33:45.598 [FXGL Background Thread 3 ] DEBUG Engine               - isManualResizeEnabled: false
16:33:45.598 [FXGL Background Thread 3 ] DEBUG Engine               - isMobile: false
16:33:45.600 [FXGL Background Thread 3 ] DEBUG Engine               - isNative: false
16:33:45.600 [FXGL Background Thread 3 ] DEBUG Engine               - isPauseMusicWhenMinimized: true
16:33:45.600 [FXGL Background Thread 3 ] DEBUG Engine               - isPreserveResizeRatio: false
16:33:45.602 [FXGL Background Thread 3 ] DEBUG Engine               - isProfilingEnabled: false
16:33:45.602 [FXGL Background Thread 3 ] DEBUG Engine               - isScaleAffectedOnResize: true
16:33:45.602 [FXGL Background Thread 3 ] DEBUG Engine               - isSingleStep: false
16:33:45.602 [FXGL Background Thread 3 ] DEBUG Engine               - isUserProfileEnabled: false
16:33:45.602 [FXGL Background Thread 3 ] DEBUG Engine               - isWindows: true
16:33:45.603 [FXGL Background Thread 3 ] DEBUG Engine               - language: ObjectProperty [value: ENGLISH]
16:33:45.603 [FXGL Background Thread 3 ] DEBUG Engine               - menuKey: ESCAPE
16:33:45.603 [FXGL Background Thread 3 ] DEBUG Engine               - mouseSensitivity: 0.2
16:33:45.603 [FXGL Background Thread 3 ] DEBUG Engine               - notificationViewClass: class com.almasb.fxgl.notification.view.XboxNotificationView
16:33:45.603 [FXGL Background Thread 3 ] DEBUG Engine               - pixelsPerMeter: 50.0
16:33:45.603 [FXGL Background Thread 3 ] DEBUG Engine               - platform: WINDOWS
16:33:45.603 [FXGL Background Thread 3 ] DEBUG Engine               - prefHeightProperty: ReadOnlyDoubleProperty [value: 600.0]
16:33:45.603 [FXGL Background Thread 3 ] DEBUG Engine               - prefWidthProperty: ReadOnlyDoubleProperty [value: 800.0]
16:33:45.603 [FXGL Background Thread 3 ] DEBUG Engine               - profileDir: profiles/
16:33:45.603 [FXGL Background Thread 3 ] DEBUG Engine               - profileName: StringProperty [value: DEFAULT]
16:33:45.603 [FXGL Background Thread 3 ] DEBUG Engine               - randomSeed: -1
16:33:45.604 [FXGL Background Thread 3 ] DEBUG Engine               - runtimeInfo: RuntimeInfo(platform=WINDOWS, version=21.1, build=26.03.2024 17.33)
16:33:45.604 [FXGL Background Thread 3 ] DEBUG Engine               - saveFileExt: sav
16:33:45.604 [FXGL Background Thread 3 ] DEBUG Engine               - scaledHeightProp$fxgl: DoubleProperty [bound, value: 600.0]
16:33:45.604 [FXGL Background Thread 3 ] DEBUG Engine               - scaledWidthProp$fxgl: DoubleProperty [bound, value: 800.0]
16:33:45.604 [FXGL Background Thread 3 ] DEBUG Engine               - sceneFactory: com.almasb.fxgl.app.scene.SceneFactory@764271c8
16:33:45.604 [FXGL Background Thread 3 ] DEBUG Engine               - secondsIn24h: 60
16:33:45.604 [FXGL Background Thread 3 ] DEBUG Engine               - soundMenuBack: menu/back.wav
16:33:45.604 [FXGL Background Thread 3 ] DEBUG Engine               - soundMenuPress: menu/press.wav
16:33:45.604 [FXGL Background Thread 3 ] DEBUG Engine               - soundMenuSelect: menu/select.wav
16:33:45.604 [FXGL Background Thread 3 ] DEBUG Engine               - soundNotification: core/notification.wav
16:33:45.604 [FXGL Background Thread 3 ] DEBUG Engine               - stageStyle: DECORATED
16:33:45.611 [FXGL Background Thread 3 ] DEBUG Engine               - supportedLanguages: [ENGLISH, FRENCH, GERMAN, HUNGARIAN, RUSSIAN]
16:33:45.611 [FXGL Background Thread 3 ] DEBUG Engine               - ticksPerSecond: -1
16:33:45.611 [FXGL Background Thread 3 ] DEBUG Engine               - title: Among Us UNEG
16:33:45.611 [FXGL Background Thread 3 ] DEBUG Engine               - urlGithub: https://github.com/AlmasB/FXGL
16:33:45.611 [FXGL Background Thread 3 ] DEBUG Engine               - urlLeaderboard: http://fxgl-top.herokuapp.com/
16:33:45.611 [FXGL Background Thread 3 ] DEBUG Engine               - urlPOM: https://raw.githubusercontent.com/AlmasB/FXGL/release/README.md
16:33:45.611 [FXGL Background Thread 3 ] DEBUG Engine               - userAppClass: class main.java.amongUs.AppPrincipal
16:33:45.611 [FXGL Background Thread 3 ] DEBUG Engine               - version: 0.0
16:33:45.611 [FXGL Background Thread 3 ] DEBUG Engine               - versionCheckDays: 7
16:33:45.611 [FXGL Background Thread 3 ] DEBUG Engine               - width: 800
16:33:45.611 [FXGL Background Thread 3 ] DEBUG Engine               - Logging services
16:33:45.618 [FXGL Background Thread 3 ] DEBUG Engine               - class com.almasb.fxgl.app.services.FXGLAssetLoaderService
16:33:45.618 [FXGL Background Thread 3 ] DEBUG Engine               - class com.almasb.fxgl.app.FXGLApplication$GameApplicationService
16:33:45.618 [FXGL Background Thread 3 ] DEBUG Engine               - class com.almasb.fxgl.app.services.FXGLDialogService
16:33:45.619 [FXGL Background Thread 3 ] DEBUG Engine               - class com.almasb.fxgl.app.services.IOTaskExecutorService
16:33:45.619 [FXGL Background Thread 3 ] DEBUG Engine               - class com.almasb.fxgl.io.FileSystemService
16:33:45.619 [FXGL Background Thread 3 ] DEBUG Engine               - class com.almasb.fxgl.localization.LocalizationService
16:33:45.619 [FXGL Background Thread 3 ] DEBUG Engine               - class com.almasb.fxgl.app.services.SystemBundleService
16:33:45.619 [FXGL Background Thread 3 ] DEBUG Engine               - class com.almasb.fxgl.profile.SaveLoadService
16:33:45.619 [FXGL Background Thread 3 ] DEBUG Engine               - class com.almasb.fxgl.ui.FXGLUIFactoryServiceProvider
16:33:45.619 [FXGL Background Thread 3 ] DEBUG Engine               - class com.almasb.fxgl.ui.FXGLDialogFactoryServiceProvider
16:33:45.619 [FXGL Background Thread 3 ] DEBUG Engine               - class com.almasb.fxgl.audio.AudioPlayer
16:33:45.619 [FXGL Background Thread 3 ] DEBUG Engine               - class com.almasb.fxgl.notification.impl.NotificationServiceProvider
16:33:45.619 [FXGL Background Thread 3 ] DEBUG Engine               - class com.almasb.fxgl.achievement.AchievementService
16:33:45.619 [FXGL Background Thread 3 ] DEBUG Engine               - class com.almasb.fxgl.cutscene.CutsceneService
16:33:45.619 [FXGL Background Thread 3 ] DEBUG Engine               - class com.almasb.fxgl.minigames.MiniGameService
16:33:45.619 [FXGL Background Thread 3 ] DEBUG Engine               - class com.almasb.fxgl.net.NetService
16:33:45.619 [FXGL Background Thread 3 ] DEBUG Engine               - class com.almasb.fxgl.app.services.UpdaterService
16:33:45.621 [FXGL Background Thread 3 ] DEBUG Engine               - class com.almasb.fxgl.dev.DevService
16:33:45.689 [FXGL Background Thread 1 ] INFO  FXGLApplication      - Game initialization took: 2,787 sec
16:33:47.876 [JavaFX Application Thread] DEBUG Input                - Clearing active input actions
16:33:47.931 [JavaFX Application Thread] DEBUG GameApplicationServi - Removing overlay from FXGLLoadingScene and adding to GameScene
16:33:47.931 [JavaFX Application Thread] DEBUG PrimaryStageWindow   - FXGLLoadingScene -> GameScene
16:33:47.998 [FXGL Background Thread 2 ] INFO  UpdaterService       - Your current version:  21.1
16:33:47.998 [FXGL Background Thread 2 ] INFO  UpdaterService       - Latest stable version: 25
16:33:48.739 [JavaFX Application Thread] DEBUG FXGLAssetLoaderServi - Loading from file system: file:/C:/Users/josue/OneDrive/Desktop/proyecto%20java/Among%20Us/out/production/Among%20Us/assets/sounds/clickBoton.wav
16:33:52.732 [JavaFX Application Thread] WARN  TMXLevelLoader       - TiledMap generated from 1.11.2. Supported version: 1.9.0. Some features may not be parsed fully.
16:33:52.910 [JavaFX Application Thread] DEBUG TMXLevelLoader       - Parsed TiledMap: file:/C:/Users/josue/OneDrive/Desktop/proyecto%20java/Among%20Us/out/production/Among%20Us/assets/levels/mapa2.tmx
16:33:52.910 [JavaFX Application Thread] DEBUG TMXLevelLoader       - Creating tile layer entities
16:33:52.915 [JavaFX Application Thread] DEBUG TilesetLoader        - Loading view for layer fondo1
16:33:52.915 [JavaFX Application Thread] DEBUG TilesetLoader        - Created buffer with size 992.0x960.0
16:33:52.920 [JavaFX Application Thread] WARN  TMXLevelLoader       - Parse error
java.lang.IllegalArgumentException: Tileset for gid=337 not found
	at com.almasb.fxgl.entity.level.tiled.TilesetLoader.findTileset(TilesetLoader.kt:418)
	at com.almasb.fxgl.entity.level.tiled.TilesetLoader.loadView(TilesetLoader.kt:117)
	at com.almasb.fxgl.entity.level.tiled.TMXLevelLoader$createTileLayerEntities$1.invoke(TMXLevelLoader.kt:99)
	at com.almasb.fxgl.entity.level.tiled.TMXLevelLoader$createTileLayerEntities$1.invoke(TMXLevelLoader.kt:88)
	at com.almasb.fxgl.entity.level.tiled.TMXLevelLoader.createTileLayerEntities$lambda$3(TMXLevelLoader.kt:88)
	at java.base/java.util.stream.ReferencePipeline$3$1.accept(ReferencePipeline.java:214)
	at java.base/java.util.ArrayList$ArrayListSpliterator.forEachRemaining(ArrayList.java:1716)
	at java.base/java.util.stream.AbstractPipeline.copyInto(AbstractPipeline.java:570)
	at java.base/java.util.stream.AbstractPipeline.wrapAndCopyInto(AbstractPipeline.java:560)
	at java.base/java.util.stream.ReduceOps$ReduceOp.evaluateSequential(ReduceOps.java:921)
	at java.base/java.util.stream.AbstractPipeline.evaluate(AbstractPipeline.java:265)
	at java.base/java.util.stream.ReferencePipeline.collect(ReferencePipeline.java:723)
	at com.almasb.fxgl.entity.level.tiled.TMXLevelLoader.createTileLayerEntities(TMXLevelLoader.kt:116)
	at com.almasb.fxgl.entity.level.tiled.TMXLevelLoader.load(TMXLevelLoader.kt:58)
	at com.almasb.fxgl.app.services.FXGLAssetLoaderService.loadLevel(FXGLAssetLoaderService.kt:449)
	at com.almasb.fxgl.dsl.FXGL$Companion.setLevelFromMap(FXGL.kt:643)
	at com.almasb.fxgl.dsl.FXGL.setLevelFromMap(FXGL.kt)
	at main.java.amongUs.AppPrincipal.empezarPartida(AppPrincipal.java:93)
	at main.java.amongUs.Cliente$1.lambda$received$1(Cliente.java:38)
	at com.sun.javafx.application.PlatformImpl.lambda$runLater$10(PlatformImpl.java:456)
	at java.base/java.security.AccessController.doPrivileged(AccessController.java:138)
	at com.sun.javafx.application.PlatformImpl.lambda$runLater$11(PlatformImpl.java:455)
	at com.sun.glass.ui.InvokeLaterDispatcher$Future.run(InvokeLaterDispatcher.java:95)
	at com.sun.glass.ui.win.WinApplication._runLoop(Native Method)
	at com.sun.glass.ui.win.WinApplication.lambda$runLoop$3(WinApplication.java:185)
	at java.base/java.lang.Thread.run(Thread.java:1474)

16:33:59.730 [JavaFX Application Thread] DEBUG FXGLApplication      - Exiting FXGL
16:33:59.731 [JavaFX Application Thread] DEBUG LoopRunner           - Stopping loop
16:33:59.731 [JavaFX Application Thread] DEBUG SystemBundleService  - Saving FXGL system data
16:33:59.736 [JavaFX Application Thread] DEBUG FileSystemAccess     - Writing to: C:\Users\josue\OneDrive\Desktop\proyecto java\Among Us\system\fxgl.bundle
16:33:59.781 [JavaFX Application Thread] DEBUG Async                - Shutting down background threads
16:33:59.781 [JavaFX Application Thread] DEBUG PrimaryStageWindow   - Closing main window
16:33:59.865 [JavaFX Application Thread] DEBUG Logger               - Closing Logger
