16:46:56.043 [main                     ] DEBUG Logger               - Configured Logger
16:46:56.049 [main                     ] DEBUG GameApplication      - Logging settings
Title: Among Us UNEG
Version: 0.0
Width: 800
Height: 600
Fullscreen: false
Intro: false
Profiling: false
Single step:false
App Mode: DEVELOPER
Menu Key: ESCAPE
Stage Style: DECORATED
Scene Factory: class com.almasb.fxgl.app.scene.SceneFactory

16:46:56.539 [JavaFX Application Thread] DEBUG FXGLApplication      - Initializing FXGL
16:46:56.542 [JavaFX Application Thread] INFO  Engine               - FXGL-21.1 (26.03.2024 17.33) on WINDOWS (J:25.0.2 FX:21.0.1)
16:46:56.542 [JavaFX Application Thread] DEBUG Engine               - JRE Vendor Name: Oracle Corporation
16:46:56.542 [JavaFX Application Thread] DEBUG Engine               - Running on OS: Windows 11 version 10.0
16:46:56.542 [JavaFX Application Thread] DEBUG Engine               - Architecture: amd64
16:46:56.542 [JavaFX Application Thread] INFO  Engine               - Source code and latest versions at: https://github.com/AlmasB/FXGL
16:46:56.542 [JavaFX Application Thread] INFO  Engine               -       Ask questions and discuss at: https://github.com/AlmasB/FXGL/discussions
16:46:56.542 [JavaFX Application Thread] INFO  Engine               -              Join the FXGL chat at: https://gitter.im/AlmasB/FXGL
16:46:56.628 [JavaFX Application Thread] DEBUG PrimaryStageWindow   - Creating a JavaFX scene
16:46:56.685 [JavaFX Application Thread] DEBUG PrimaryStageWindow   - Target settings size: 800.0 x 600.0
16:46:56.685 [JavaFX Application Thread] DEBUG PrimaryStageWindow   - Scaled scene size:    800.0 x 600.0
16:46:56.685 [JavaFX Application Thread] DEBUG PrimaryStageWindow   - Scaled ratio: (1.0, 1.0)
16:46:56.686 [JavaFX Application Thread] DEBUG PrimaryStageWindow   - Set initial scene to FXGLStartupScene
16:46:56.688 [JavaFX Application Thread] DEBUG PrimaryStageWindow   - Opening main window
16:46:56.793 [JavaFX Application Thread] DEBUG PrimaryStageWindow   - Window border size: (14.66668701171875, 37.33331298828125)
16:46:56.793 [JavaFX Application Thread] DEBUG PrimaryStageWindow   - Scaled size: 800.0 x 600.0
16:46:56.794 [JavaFX Application Thread] DEBUG PrimaryStageWindow   - Scaled ratio: (1.0, 1.0)
16:46:56.794 [JavaFX Application Thread] DEBUG PrimaryStageWindow   - Scene size: 800.0 x 600.0
16:46:56.794 [JavaFX Application Thread] DEBUG PrimaryStageWindow   - Stage size: 814.6666870117188 x 637.3333129882812
16:46:56.801 [FXGL Background Thread 1 ] DEBUG Engine               - Initializing environment variables
16:46:56.861 [FXGL Background Thread 1 ] DEBUG FXGLAssetLoaderServi - User app class for loading assets: class main.java.amongUs.AppPrincipal
16:46:56.861 [FXGL Background Thread 1 ] DEBUG GameApplicationServi - Applying CSS: fxgl_dark.css
16:46:56.861 [FXGL Background Thread 1 ] DEBUG FXGLAssetLoaderServi - Loading from file system: jar:file:/C:/Users/nicol/Desktop/amongu/lib/fxgl-21.1-uber.jar!/fxglassets/ui/css/fxgl_dark.css
16:46:56.892 [FXGL Background Thread 1 ] DEBUG GameApplicationServi - Initializing application scenes
16:46:56.927 [FXGL Background Thread 1 ] DEBUG GameWorld            - Game world initialized
16:46:56.971 [FXGL Background Thread 1 ] DEBUG PhysicsWorld         - Physics world initialized: appHeight=600, physics.ppm=50,0
16:46:56.971 [FXGL Background Thread 1 ] DEBUG PhysicsWorld         - Using strategy: BRUTE_FORCE
16:46:56.974 [FXGL Background Thread 1 ] DEBUG GameScene            - Game scene initialized: 800x600
16:46:56.984 [FXGL Background Thread 1 ] DEBUG FXGL.DefaultMenu     - createMenuBodyGameMenu()
16:46:56.994 [FXGL Background Thread 1 ] DEBUG FXGL.DefaultMenu     - createOptionsMenu()
16:46:57.003 [FXGL Background Thread 1 ] DEBUG FXGLAssetLoaderServi - Loading from file system: jar:file:/C:/Users/nicol/Desktop/amongu/lib/fxgl-21.1-uber.jar!/fxglassets/textures/particles/smoke.png
16:46:57.075 [FXGL Background Thread 1 ] DEBUG FXGLAssetLoaderServi - Loading from file system: jar:file:/C:/Users/nicol/Desktop/amongu/lib/fxgl-21.1-uber.jar!/fxglassets/textures/particles/trace_horizontal.png
16:46:57.102 [FXGL Background Thread 1 ] DEBUG GameApplicationServi - Application scenes initialized
16:46:57.115 [FXGL Background Thread 1 ] DEBUG SystemBundleService  - Loading FXGL system data
16:46:57.121 [FXGL Background Thread 1 ] DEBUG FileSystemAccess     - Reading from: C:\Users\nicol\Desktop\amongu\system\fxgl.bundle
16:46:57.127 [FXGL Background Thread 1 ] DEBUG SystemBundleService  - Bundle FXGL: {}
16:46:57.127 [FXGL Background Thread 1 ] DEBUG UpdaterService       - Checking for updates
16:46:57.130 [FXGL Background Thread 4 ] DEBUG FXGLApplication      - Loading fonts
16:46:57.131 [FXGL Background Thread 4 ] DEBUG FXGLAssetLoaderServi - Loading from file system: jar:file:/C:/Users/nicol/Desktop/amongu/lib/fxgl-21.1-uber.jar!/fxglassets/ui/fonts/VarelaRound-Regular.ttf
16:46:57.131 [FXGL Background Thread 1 ] DEBUG FXGLApplication      - Loading default localization
16:46:57.131 [FXGL Background Thread 1 ] DEBUG FXGLAssetLoaderServi - Loading from file system: jar:file:/C:/Users/nicol/Desktop/amongu/lib/fxgl-21.1-uber.jar!/fxglassets/languages/english.lang
16:46:57.146 [FXGL Background Thread 1 ] INFO  FXGLApplication      - FXGL initialization took: 0,345 sec
16:46:57.153 [JavaFX Application Thread] DEBUG Input                - Registered new binding: Mover Arriba - W
16:46:57.153 [JavaFX Application Thread] DEBUG Input                - Registered new binding: Mover Abajo - S
16:46:57.153 [JavaFX Application Thread] DEBUG Input                - Registered new binding: Mover Izquierda - A
16:46:57.153 [JavaFX Application Thread] DEBUG Input                - Registered new binding: Mover Derecha - D
16:46:57.153 [JavaFX Application Thread] DEBUG FXGLAssetLoaderServi - Loading from file system: file:/C:/Users/nicol/Desktop/amongu/out/production/Among%20Us/assets/textures/icono.png
16:46:57.174 [JavaFX Application Thread] DEBUG FXGLAssetLoaderServi - Loading from file system: jar:file:/C:/Users/nicol/Desktop/amongu/lib/fxgl-21.1-uber.jar!/fxglassets/textures/fxgl_default_cursor.png
16:46:57.176 [JavaFX Application Thread] DEBUG Input                - Registered new binding: Screenshot - CTRL+8
16:46:57.177 [JavaFX Application Thread] DEBUG Input                - Registered new binding: System info dump - CTRL+9
16:46:57.177 [FXGL Background Thread 4 ] DEBUG FXGLAssetLoaderServi - Loading from file system: jar:file:/C:/Users/nicol/Desktop/amongu/lib/fxgl-21.1-uber.jar!/fxglassets/ui/fonts/Abel-Regular.ttf
16:46:57.177 [JavaFX Application Thread] DEBUG Input                - Registered new binding: Restart - CTRL+R
16:46:57.177 [JavaFX Application Thread] DEBUG Input                - Registered new binding: Toggle Debug Camera - CTRL+7
16:46:57.180 [JavaFX Application Thread] DEBUG LoopRunner           - Starting loop
16:46:57.180 [JavaFX Application Thread] DEBUG LoopRunner           - Initializing JavaFX AnimationTimerLoop
16:46:57.182 [JavaFX Application Thread] DEBUG GameApplicationServi - Starting new game
16:46:57.182 [FXGL Background Thread 4 ] DEBUG FXGLAssetLoaderServi - Loading from file system: jar:file:/C:/Users/nicol/Desktop/amongu/lib/fxgl-21.1-uber.jar!/fxglassets/ui/fonts/TerminalLandMono-Regular.otf
16:46:57.183 [JavaFX Application Thread] DEBUG Input                - Clearing active input actions
16:46:57.188 [FXGL Background Thread 4 ] DEBUG FXGLAssetLoaderServi - Loading from file system: jar:file:/C:/Users/nicol/Desktop/amongu/lib/fxgl-21.1-uber.jar!/fxglassets/ui/fonts/Courier-Prime.ttf
16:46:57.193 [JavaFX Application Thread] DEBUG GameApplicationServi - Removing overlay from FXGLStartupScene and adding to FXGLLoadingScene
16:46:57.194 [JavaFX Application Thread] DEBUG PrimaryStageWindow   - FXGLStartupScene -> FXGLLoadingScene
16:46:57.194 [JavaFX Application Thread] DEBUG GameApplicationServi - Clearing previous game
16:46:57.194 [JavaFX Application Thread] DEBUG GameScene            - Clearing game scene
16:46:57.194 [JavaFX Application Thread] DEBUG GameWorld            - Clearing game world
16:46:57.194 [JavaFX Application Thread] DEBUG PhysicsWorld         - Clearing physics world
16:46:57.195 [FXGL Background Thread 4 ] DEBUG FXGLApplication      - Initializing game
16:46:57.202 [FXGL Background Thread 4 ] DEBUG FXGLAssetLoaderServi - Loading from file system: file:/C:/Users/nicol/Desktop/amongu/out/production/Among%20Us/assets/music/musicaMenu.mp3
16:46:57.245 [JavaFX Application Thread] DEBUG FXGLApplication      - Registering font factories with UI factory
16:46:57.340 [FXGL Background Thread 4 ] DEBUG AudioPlayer          - Playing music com.almasb.fxgl.audio.Music@47b1e2ac
16:46:57.638 [FXGL Background Thread 4 ] INFO  FXGLApplication      - Game initialization took: 0,442 sec
16:46:57.639 [JavaFX Application Thread] DEBUG Input                - Clearing active input actions
16:46:57.644 [JavaFX Application Thread] DEBUG GameApplicationServi - Removing overlay from FXGLLoadingScene and adding to GameScene
16:46:57.644 [JavaFX Application Thread] DEBUG PrimaryStageWindow   - FXGLLoadingScene -> GameScene
16:46:57.687 [FXGL Background Thread 2 ] INFO  UpdaterService       - Your current version:  21.1
16:46:57.687 [FXGL Background Thread 2 ] INFO  UpdaterService       - Latest stable version: 25
16:46:58.702 [JavaFX Application Thread] DEBUG FXGLAssetLoaderServi - Loading from file system: file:/C:/Users/nicol/Desktop/amongu/out/production/Among%20Us/assets/sounds/clickBoton.wav
16:47:00.130 [FXGL Background Thread 3 ] DEBUG Engine               - Logging environment variables
16:47:00.130 [FXGL Background Thread 3 ] DEBUG Engine               - achievements: []
16:47:00.130 [FXGL Background Thread 3 ] DEBUG Engine               - actualHeight: 600.0
16:47:00.130 [FXGL Background Thread 3 ] DEBUG Engine               - actualHeightProperty: ReadOnlyDoubleProperty [value: 600.0]
16:47:00.130 [FXGL Background Thread 3 ] DEBUG Engine               - actualWidth: 800.0
16:47:00.131 [FXGL Background Thread 3 ] DEBUG Engine               - actualWidthProperty: ReadOnlyDoubleProperty [value: 800.0]
16:47:00.131 [FXGL Background Thread 3 ] DEBUG Engine               - appIcon: icono.png
16:47:00.131 [FXGL Background Thread 3 ] DEBUG Engine               - applicationMode: DEVELOPER
16:47:00.131 [FXGL Background Thread 3 ] DEBUG Engine               - cSSList: [fxgl_dark.css]
16:47:00.131 [FXGL Background Thread 3 ] DEBUG Engine               - collisionDetectionStrategy: BRUTE_FORCE
16:47:00.131 [FXGL Background Thread 3 ] DEBUG Engine               - configClass: Optional.empty
16:47:00.131 [FXGL Background Thread 3 ] DEBUG Engine               - credits: []
16:47:00.131 [FXGL Background Thread 3 ] DEBUG Engine               - defaultCursor: CursorInfo(imageName=fxgl_default_cursor.png, hotspotX=7.0, hotspotY=6.0)
16:47:00.131 [FXGL Background Thread 3 ] DEBUG Engine               - devBBoxColorProperty: ObjectProperty [value: 0xff0000ff]
16:47:00.131 [FXGL Background Thread 3 ] DEBUG Engine               - devEnableDebugCameraProperty: BooleanProperty [value: false]
16:47:00.131 [FXGL Background Thread 3 ] DEBUG Engine               - devSensorColorProperty: ObjectProperty [value: 0xffff00ff]
16:47:00.131 [FXGL Background Thread 3 ] DEBUG Engine               - devShowBBoxProperty: BooleanProperty [value: false]
16:47:00.131 [FXGL Background Thread 3 ] DEBUG Engine               - devShowPositionProperty: BooleanProperty [value: false]
16:47:00.131 [FXGL Background Thread 3 ] DEBUG Engine               - enabledMenuItems: []
16:47:00.131 [FXGL Background Thread 3 ] DEBUG Engine               - engineServices: [class com.almasb.fxgl.app.services.FXGLAssetLoaderService, class com.almasb.fxgl.app.FXGLApplication$GameApplicationService, class com.almasb.fxgl.app.services.FXGLDialogService, class com.almasb.fxgl.app.services.IOTaskExecutorService, class com.almasb.fxgl.io.FileSystemService, class com.almasb.fxgl.localization.LocalizationService, class com.almasb.fxgl.app.services.SystemBundleService, class com.almasb.fxgl.profile.SaveLoadService, class com.almasb.fxgl.ui.FXGLUIFactoryServiceProvider, class com.almasb.fxgl.ui.FXGLDialogFactoryServiceProvider, class com.almasb.fxgl.audio.AudioPlayer, class com.almasb.fxgl.notification.impl.NotificationServiceProvider, class com.almasb.fxgl.achievement.AchievementService, class com.almasb.fxgl.cutscene.CutsceneService, class com.almasb.fxgl.minigames.MiniGameService, class com.almasb.fxgl.net.NetService, class com.almasb.fxgl.app.services.UpdaterService, class com.almasb.fxgl.dev.DevService]
16:47:00.132 [FXGL Background Thread 3 ] DEBUG Engine               - fontGame: Abel-Regular.ttf
16:47:00.132 [FXGL Background Thread 3 ] DEBUG Engine               - fontMono: TerminalLandMono-Regular.otf
16:47:00.132 [FXGL Background Thread 3 ] DEBUG Engine               - fontSizeScaleUI: 1.0
16:47:00.132 [FXGL Background Thread 3 ] DEBUG Engine               - fontText: Courier-Prime.ttf
16:47:00.132 [FXGL Background Thread 3 ] DEBUG Engine               - fontUI: VarelaRound-Regular.ttf
16:47:00.132 [FXGL Background Thread 3 ] DEBUG Engine               - fullScreen: BooleanProperty [value: false]
16:47:00.132 [FXGL Background Thread 3 ] DEBUG Engine               - gameDifficulty: MEDIUM
16:47:00.132 [FXGL Background Thread 3 ] DEBUG Engine               - gameDifficultyProperty: ObjectProperty [value: MEDIUM]
16:47:00.132 [FXGL Background Thread 3 ] DEBUG Engine               - globalMusicVolume: 0.5
16:47:00.132 [FXGL Background Thread 3 ] DEBUG Engine               - globalMusicVolumeProperty: DoubleProperty [value: 0.4]
16:47:00.132 [FXGL Background Thread 3 ] DEBUG Engine               - globalSoundVolume: 0.5
16:47:00.132 [FXGL Background Thread 3 ] DEBUG Engine               - globalSoundVolumeProperty: DoubleProperty [value: 0.5]
16:47:00.132 [FXGL Background Thread 3 ] DEBUG Engine               - height: 600
16:47:00.132 [FXGL Background Thread 3 ] DEBUG Engine               - is3D: false
16:47:00.133 [FXGL Background Thread 3 ] DEBUG Engine               - isAndroid: false
16:47:00.133 [FXGL Background Thread 3 ] DEBUG Engine               - isBrowser: false
16:47:00.133 [FXGL Background Thread 3 ] DEBUG Engine               - isClickFeedbackEnabled: false
16:47:00.133 [FXGL Background Thread 3 ] DEBUG Engine               - isCloseConfirmation: false
16:47:00.133 [FXGL Background Thread 3 ] DEBUG Engine               - isDesktop: true
16:47:00.133 [FXGL Background Thread 3 ] DEBUG Engine               - isDeveloperMenuEnabled: false
16:47:00.133 [FXGL Background Thread 3 ] DEBUG Engine               - isEmbedded: false
16:47:00.133 [FXGL Background Thread 3 ] DEBUG Engine               - isEntityPreloadEnabled: true
16:47:00.133 [FXGL Background Thread 3 ] DEBUG Engine               - isExperimentalTiledLargeMap: false
16:47:00.133 [FXGL Background Thread 3 ] DEBUG Engine               - isFileSystemWriteAllowed: true
16:47:00.133 [FXGL Background Thread 3 ] DEBUG Engine               - isFullScreenAllowed: false
16:47:00.133 [FXGL Background Thread 3 ] DEBUG Engine               - isFullScreenFromStart: false
16:47:00.133 [FXGL Background Thread 3 ] DEBUG Engine               - isGameMenuEnabled: true
16:47:00.133 [FXGL Background Thread 3 ] DEBUG Engine               - isIOS: false
16:47:00.133 [FXGL Background Thread 3 ] DEBUG Engine               - isIntroEnabled: false
16:47:00.133 [FXGL Background Thread 3 ] DEBUG Engine               - isLinux: false
16:47:00.133 [FXGL Background Thread 3 ] DEBUG Engine               - isMac: false
16:47:00.133 [FXGL Background Thread 3 ] DEBUG Engine               - isMainMenuEnabled: false
16:47:00.133 [FXGL Background Thread 3 ] DEBUG Engine               - isManualResizeEnabled: false
16:47:00.134 [FXGL Background Thread 3 ] DEBUG Engine               - isMobile: false
16:47:00.134 [FXGL Background Thread 3 ] DEBUG Engine               - isNative: false
16:47:00.134 [FXGL Background Thread 3 ] DEBUG Engine               - isPauseMusicWhenMinimized: true
16:47:00.134 [FXGL Background Thread 3 ] DEBUG Engine               - isPreserveResizeRatio: false
16:47:00.134 [FXGL Background Thread 3 ] DEBUG Engine               - isProfilingEnabled: false
16:47:00.134 [FXGL Background Thread 3 ] DEBUG Engine               - isScaleAffectedOnResize: true
16:47:00.134 [FXGL Background Thread 3 ] DEBUG Engine               - isSingleStep: false
16:47:00.134 [FXGL Background Thread 3 ] DEBUG Engine               - isUserProfileEnabled: false
16:47:00.134 [FXGL Background Thread 3 ] DEBUG Engine               - isWindows: true
16:47:00.134 [FXGL Background Thread 3 ] DEBUG Engine               - language: ObjectProperty [value: ENGLISH]
16:47:00.134 [FXGL Background Thread 3 ] DEBUG Engine               - menuKey: ESCAPE
16:47:00.134 [FXGL Background Thread 3 ] DEBUG Engine               - mouseSensitivity: 0.2
16:47:00.134 [FXGL Background Thread 3 ] DEBUG Engine               - notificationViewClass: class com.almasb.fxgl.notification.view.XboxNotificationView
16:47:00.134 [FXGL Background Thread 3 ] DEBUG Engine               - pixelsPerMeter: 50.0
16:47:00.134 [FXGL Background Thread 3 ] DEBUG Engine               - platform: WINDOWS
16:47:00.134 [FXGL Background Thread 3 ] DEBUG Engine               - prefHeightProperty: ReadOnlyDoubleProperty [value: 600.0]
16:47:00.134 [FXGL Background Thread 3 ] DEBUG Engine               - prefWidthProperty: ReadOnlyDoubleProperty [value: 800.0]
16:47:00.134 [FXGL Background Thread 3 ] DEBUG Engine               - profileDir: profiles/
16:47:00.135 [FXGL Background Thread 3 ] DEBUG Engine               - profileName: StringProperty [value: DEFAULT]
16:47:00.135 [FXGL Background Thread 3 ] DEBUG Engine               - randomSeed: -1
16:47:00.135 [FXGL Background Thread 3 ] DEBUG Engine               - runtimeInfo: RuntimeInfo(platform=WINDOWS, version=21.1, build=26.03.2024 17.33)
16:47:00.135 [FXGL Background Thread 3 ] DEBUG Engine               - saveFileExt: sav
16:47:00.135 [FXGL Background Thread 3 ] DEBUG Engine               - scaledHeightProp$fxgl: DoubleProperty [bound, value: 600.0]
16:47:00.135 [FXGL Background Thread 3 ] DEBUG Engine               - scaledWidthProp$fxgl: DoubleProperty [bound, value: 800.0]
16:47:00.135 [FXGL Background Thread 3 ] DEBUG Engine               - sceneFactory: com.almasb.fxgl.app.scene.SceneFactory@56b08aaa
16:47:00.135 [FXGL Background Thread 3 ] DEBUG Engine               - secondsIn24h: 60
16:47:00.135 [FXGL Background Thread 3 ] DEBUG Engine               - soundMenuBack: menu/back.wav
16:47:00.135 [FXGL Background Thread 3 ] DEBUG Engine               - soundMenuPress: menu/press.wav
16:47:00.135 [FXGL Background Thread 3 ] DEBUG Engine               - soundMenuSelect: menu/select.wav
16:47:00.135 [FXGL Background Thread 3 ] DEBUG Engine               - soundNotification: core/notification.wav
16:47:00.135 [FXGL Background Thread 3 ] DEBUG Engine               - stageStyle: DECORATED
16:47:00.135 [FXGL Background Thread 3 ] DEBUG Engine               - supportedLanguages: [ENGLISH, FRENCH, GERMAN, HUNGARIAN, RUSSIAN]
16:47:00.135 [FXGL Background Thread 3 ] DEBUG Engine               - ticksPerSecond: -1
16:47:00.135 [FXGL Background Thread 3 ] DEBUG Engine               - title: Among Us UNEG
16:47:00.135 [FXGL Background Thread 3 ] DEBUG Engine               - urlGithub: https://github.com/AlmasB/FXGL
16:47:00.135 [FXGL Background Thread 3 ] DEBUG Engine               - urlLeaderboard: http://fxgl-top.herokuapp.com/
16:47:00.135 [FXGL Background Thread 3 ] DEBUG Engine               - urlPOM: https://raw.githubusercontent.com/AlmasB/FXGL/release/README.md
16:47:00.135 [FXGL Background Thread 3 ] DEBUG Engine               - userAppClass: class main.java.amongUs.AppPrincipal
16:47:00.135 [FXGL Background Thread 3 ] DEBUG Engine               - version: 0.0
16:47:00.135 [FXGL Background Thread 3 ] DEBUG Engine               - versionCheckDays: 7
16:47:00.135 [FXGL Background Thread 3 ] DEBUG Engine               - width: 800
16:47:00.135 [FXGL Background Thread 3 ] DEBUG Engine               - Logging services
16:47:00.135 [FXGL Background Thread 3 ] DEBUG Engine               - class com.almasb.fxgl.app.services.FXGLAssetLoaderService
16:47:00.135 [FXGL Background Thread 3 ] DEBUG Engine               - class com.almasb.fxgl.app.FXGLApplication$GameApplicationService
16:47:00.135 [FXGL Background Thread 3 ] DEBUG Engine               - class com.almasb.fxgl.app.services.FXGLDialogService
16:47:00.136 [FXGL Background Thread 3 ] DEBUG Engine               - class com.almasb.fxgl.app.services.IOTaskExecutorService
16:47:00.136 [FXGL Background Thread 3 ] DEBUG Engine               - class com.almasb.fxgl.io.FileSystemService
16:47:00.136 [FXGL Background Thread 3 ] DEBUG Engine               - class com.almasb.fxgl.localization.LocalizationService
16:47:00.136 [FXGL Background Thread 3 ] DEBUG Engine               - class com.almasb.fxgl.app.services.SystemBundleService
16:47:00.136 [FXGL Background Thread 3 ] DEBUG Engine               - class com.almasb.fxgl.profile.SaveLoadService
16:47:00.136 [FXGL Background Thread 3 ] DEBUG Engine               - class com.almasb.fxgl.ui.FXGLUIFactoryServiceProvider
16:47:00.136 [FXGL Background Thread 3 ] DEBUG Engine               - class com.almasb.fxgl.ui.FXGLDialogFactoryServiceProvider
16:47:00.136 [FXGL Background Thread 3 ] DEBUG Engine               - class com.almasb.fxgl.audio.AudioPlayer
16:47:00.136 [FXGL Background Thread 3 ] DEBUG Engine               - class com.almasb.fxgl.notification.impl.NotificationServiceProvider
16:47:00.136 [FXGL Background Thread 3 ] DEBUG Engine               - class com.almasb.fxgl.achievement.AchievementService
16:47:00.136 [FXGL Background Thread 3 ] DEBUG Engine               - class com.almasb.fxgl.cutscene.CutsceneService
16:47:00.136 [FXGL Background Thread 3 ] DEBUG Engine               - class com.almasb.fxgl.minigames.MiniGameService
16:47:00.136 [FXGL Background Thread 3 ] DEBUG Engine               - class com.almasb.fxgl.net.NetService
16:47:00.136 [FXGL Background Thread 3 ] DEBUG Engine               - class com.almasb.fxgl.app.services.UpdaterService
16:47:00.136 [FXGL Background Thread 3 ] DEBUG Engine               - class com.almasb.fxgl.dev.DevService
16:47:02.126 [JavaFX Application Thread] WARN  TMXLevelLoader       - TiledMap generated from 1.11.2. Supported version: 1.9.0. Some features may not be parsed fully.
16:47:02.152 [JavaFX Application Thread] DEBUG TMXLevelLoader       - Parsed TiledMap: file:/C:/Users/nicol/Desktop/amongu/out/production/Among%20Us/assets/levels/mapa2.tmx
16:47:02.153 [JavaFX Application Thread] DEBUG TMXLevelLoader       - Creating tile layer entities
16:47:02.156 [JavaFX Application Thread] DEBUG TilesetLoader        - Loading view for layer fondo1
16:47:02.156 [JavaFX Application Thread] DEBUG TilesetLoader        - Created buffer with size 992.0x960.0
16:47:02.163 [JavaFX Application Thread] DEBUG TilesetLoader        - Loading view for layer fondo
16:47:02.164 [JavaFX Application Thread] DEBUG TilesetLoader        - Created buffer with size 992.0x960.0
16:47:02.170 [JavaFX Application Thread] DEBUG TilesetLoader        - Loading view for layer piso
16:47:02.171 [JavaFX Application Thread] DEBUG TilesetLoader        - Created buffer with size 992.0x960.0
16:47:02.174 [JavaFX Application Thread] DEBUG TilesetLoader        - Loading view for layer piso1
16:47:02.174 [JavaFX Application Thread] DEBUG TilesetLoader        - Created buffer with size 992.0x960.0
16:47:02.176 [JavaFX Application Thread] WARN  TilesetLoader        - Diagonally flipped tiles are not currently supported
16:47:02.180 [JavaFX Application Thread] WARN  TilesetLoader        - Diagonally flipped tiles are not currently supported
16:47:02.181 [JavaFX Application Thread] DEBUG TilesetLoader        - Loading view for layer izquierda
16:47:02.182 [JavaFX Application Thread] DEBUG TilesetLoader        - Created buffer with size 992.0x960.0
16:47:02.186 [JavaFX Application Thread] DEBUG TilesetLoader        - Loading view for layer detallesatraspared
16:47:02.187 [JavaFX Application Thread] DEBUG TilesetLoader        - Created buffer with size 992.0x960.0
16:47:02.207 [JavaFX Application Thread] DEBUG TilesetLoader        - Loading view for layer pared2
16:47:02.213 [JavaFX Application Thread] DEBUG TilesetLoader        - Created buffer with size 992.0x960.0
16:47:02.226 [JavaFX Application Thread] DEBUG TilesetLoader        - Loading view for layer techo1
16:47:02.227 [JavaFX Application Thread] DEBUG TilesetLoader        - Created buffer with size 992.0x960.0
16:47:02.230 [JavaFX Application Thread] DEBUG TilesetLoader        - Loading view for layer techo2
16:47:02.231 [JavaFX Application Thread] DEBUG TilesetLoader        - Created buffer with size 992.0x960.0
16:47:02.235 [JavaFX Application Thread] DEBUG TilesetLoader        - Loading view for layer puertita
16:47:02.236 [JavaFX Application Thread] DEBUG TilesetLoader        - Created buffer with size 992.0x960.0
16:47:02.236 [JavaFX Application Thread] DEBUG TilesetLoader        - Loading view for layer puerta
16:47:02.237 [JavaFX Application Thread] DEBUG TilesetLoader        - Created buffer with size 992.0x960.0
16:47:02.237 [JavaFX Application Thread] DEBUG TilesetLoader        - Loading view for layer detalles
16:47:02.238 [JavaFX Application Thread] DEBUG TilesetLoader        - Created buffer with size 992.0x960.0
16:47:02.246 [JavaFX Application Thread] DEBUG TilesetLoader        - Loading view for layer detalles 2
16:47:02.247 [JavaFX Application Thread] DEBUG TilesetLoader        - Created buffer with size 992.0x960.0
16:47:02.256 [JavaFX Application Thread] DEBUG TilesetLoader        - Loading view for layer detalles3
16:47:02.257 [JavaFX Application Thread] DEBUG TilesetLoader        - Created buffer with size 992.0x960.0
16:47:02.264 [JavaFX Application Thread] DEBUG TilesetLoader        - Loading view for layer grieta
16:47:02.266 [JavaFX Application Thread] DEBUG TilesetLoader        - Created buffer with size 992.0x960.0
16:47:02.266 [JavaFX Application Thread] DEBUG TilesetLoader        - Loading view for layer camaras
16:47:02.268 [JavaFX Application Thread] DEBUG TilesetLoader        - Created buffer with size 992.0x960.0
16:47:02.269 [JavaFX Application Thread] DEBUG TilesetLoader        - Loading view for layer Techo
16:47:02.270 [JavaFX Application Thread] DEBUG TilesetLoader        - Created buffer with size 992.0x960.0
16:47:02.271 [JavaFX Application Thread] DEBUG TMXLevelLoader       - Creating object layer entities
16:47:02.308 [JavaFX Application Thread] DEBUG GameWorld            - Clearing removable entities
16:47:02.309 [JavaFX Application Thread] DEBUG GameWorld            - Setting level: com.almasb.fxgl.entity.level.Level@1b1b09ce
16:47:02.321 [JavaFX Application Thread] DEBUG FXGLAssetLoaderServi - Loading from file system: file:/C:/Users/nicol/Desktop/amongu/out/production/Among%20Us/assets/textures/tripulante_negro.png
16:47:02.324 [JavaFX Application Thread] DEBUG FXGLAssetLoaderServi - Loading from file system: file:/C:/Users/nicol/Desktop/amongu/out/production/Among%20Us/assets/textures/animacion_negro.png
16:48:39.325 [JavaFX Application Thread] DEBUG FXGLApplication      - Exiting FXGL
16:48:39.325 [JavaFX Application Thread] DEBUG LoopRunner           - Stopping loop
16:48:39.325 [JavaFX Application Thread] DEBUG SystemBundleService  - Saving FXGL system data
16:48:39.328 [JavaFX Application Thread] DEBUG FileSystemAccess     - Writing to: C:\Users\nicol\Desktop\amongu\system\fxgl.bundle
16:48:39.330 [JavaFX Application Thread] DEBUG Async                - Shutting down background threads
16:48:39.330 [JavaFX Application Thread] DEBUG PrimaryStageWindow   - Closing main window
16:48:39.356 [JavaFX Application Thread] DEBUG Logger               - Closing Logger
