10:57:44.329 [main                     ] DEBUG Logger               - Configured Logger
10:57:44.348 [main                     ] DEBUG GameApplication      - Logging settings
Title: Among Us UNEG
Version: 0.0
Width: 800
Height: 600
Fullscreen: false
Intro: false
Profiling: false
Single step:false
App Mode: DEVELOPER
Menu Key: ESCAPE
Stage Style: DECORATED
Scene Factory: class com.almasb.fxgl.app.scene.SceneFactory

10:57:45.274 [JavaFX Application Thread] DEBUG FXGLApplication      - Initializing FXGL
10:57:45.281 [JavaFX Application Thread] INFO  Engine               - FXGL-21.1 (26.03.2024 17.33) on WINDOWS (J:25.0.2 FX:21.0.1)
10:57:45.282 [JavaFX Application Thread] DEBUG Engine               - JRE Vendor Name: Oracle Corporation
10:57:45.282 [JavaFX Application Thread] DEBUG Engine               - Running on OS: Windows 11 version 10.0
10:57:45.282 [JavaFX Application Thread] DEBUG Engine               - Architecture: amd64
10:57:45.282 [JavaFX Application Thread] INFO  Engine               - Source code and latest versions at: https://github.com/AlmasB/FXGL
10:57:45.283 [JavaFX Application Thread] INFO  Engine               -       Ask questions and discuss at: https://github.com/AlmasB/FXGL/discussions
10:57:45.283 [JavaFX Application Thread] INFO  Engine               -              Join the FXGL chat at: https://gitter.im/AlmasB/FXGL
10:57:45.472 [JavaFX Application Thread] DEBUG PrimaryStageWindow   - Creating a JavaFX scene
10:57:45.598 [JavaFX Application Thread] DEBUG PrimaryStageWindow   - Target settings size: 800.0 x 600.0
10:57:45.598 [JavaFX Application Thread] DEBUG PrimaryStageWindow   - Scaled scene size:    800.0 x 600.0
10:57:45.599 [JavaFX Application Thread] DEBUG PrimaryStageWindow   - Scaled ratio: (1.0, 1.0)
10:57:45.600 [JavaFX Application Thread] DEBUG PrimaryStageWindow   - Set initial scene to FXGLStartupScene
10:57:45.607 [JavaFX Application Thread] DEBUG PrimaryStageWindow   - Opening main window
10:57:45.808 [JavaFX Application Thread] DEBUG PrimaryStageWindow   - Window border size: (16.0, 39.0)
10:57:45.808 [JavaFX Application Thread] DEBUG PrimaryStageWindow   - Scaled size: 800.0 x 600.0
10:57:45.808 [JavaFX Application Thread] DEBUG PrimaryStageWindow   - Scaled ratio: (1.0, 1.0)
10:57:45.808 [JavaFX Application Thread] DEBUG PrimaryStageWindow   - Scene size: 800.0 x 600.0
10:57:45.808 [JavaFX Application Thread] DEBUG PrimaryStageWindow   - Stage size: 816.0 x 639.0
10:57:45.825 [FXGL Background Thread 1 ] DEBUG Engine               - Initializing environment variables
10:57:45.994 [FXGL Background Thread 1 ] DEBUG FXGLAssetLoaderServi - User app class for loading assets: class main.java.amongUs.AppPrincipal
10:57:45.994 [FXGL Background Thread 1 ] DEBUG GameApplicationServi - Applying CSS: fxgl_dark.css
10:57:45.995 [FXGL Background Thread 1 ] DEBUG FXGLAssetLoaderServi - Loading from file system: jar:file:/C:/Users/josue/OneDrive/Desktop/proyecto%20java/Among%20Us/lib/fxgl-21.1-uber.jar!/fxglassets/ui/css/fxgl_dark.css
10:57:46.087 [FXGL Background Thread 1 ] DEBUG GameApplicationServi - Initializing application scenes
10:57:46.257 [FXGL Background Thread 1 ] DEBUG GameWorld            - Game world initialized
10:57:46.327 [FXGL Background Thread 1 ] DEBUG PhysicsWorld         - Physics world initialized: appHeight=600, physics.ppm=50,0
10:57:46.328 [FXGL Background Thread 1 ] DEBUG PhysicsWorld         - Using strategy: BRUTE_FORCE
10:57:46.334 [FXGL Background Thread 1 ] DEBUG GameScene            - Game scene initialized: 800x600
10:57:46.353 [FXGL Background Thread 1 ] DEBUG FXGL.DefaultMenu     - createMenuBodyGameMenu()
10:57:46.376 [FXGL Background Thread 1 ] DEBUG FXGL.DefaultMenu     - createOptionsMenu()
10:57:46.398 [FXGL Background Thread 1 ] DEBUG FXGLAssetLoaderServi - Loading from file system: jar:file:/C:/Users/josue/OneDrive/Desktop/proyecto%20java/Among%20Us/lib/fxgl-21.1-uber.jar!/fxglassets/textures/particles/smoke.png
10:57:46.539 [FXGL Background Thread 1 ] DEBUG FXGLAssetLoaderServi - Loading from file system: jar:file:/C:/Users/josue/OneDrive/Desktop/proyecto%20java/Among%20Us/lib/fxgl-21.1-uber.jar!/fxglassets/textures/particles/trace_horizontal.png
10:57:46.595 [FXGL Background Thread 1 ] DEBUG GameApplicationServi - Application scenes initialized
10:57:46.616 [FXGL Background Thread 1 ] DEBUG SystemBundleService  - Loading FXGL system data
10:57:46.625 [FXGL Background Thread 1 ] DEBUG FileSystemAccess     - Reading from: C:\Users\josue\OneDrive\Desktop\proyecto java\Among Us\system\fxgl.bundle
10:57:46.637 [FXGL Background Thread 1 ] DEBUG SystemBundleService  - Bundle FXGL: {}
10:57:46.637 [FXGL Background Thread 1 ] DEBUG UpdaterService       - Checking for updates
10:57:46.647 [FXGL Background Thread 1 ] DEBUG FXGLApplication      - Loading default localization
10:57:46.647 [FXGL Background Thread 1 ] DEBUG FXGLAssetLoaderServi - Loading from file system: jar:file:/C:/Users/josue/OneDrive/Desktop/proyecto%20java/Among%20Us/lib/fxgl-21.1-uber.jar!/fxglassets/languages/english.lang
10:57:46.673 [FXGL Background Thread 1 ] INFO  FXGLApplication      - FXGL initialization took: 0,849 sec
10:57:46.685 [JavaFX Application Thread] DEBUG Input                - Registered new binding: Mover Arriba - W
10:57:46.685 [JavaFX Application Thread] DEBUG Input                - Registered new binding: Mover Abajo - S
10:57:46.685 [JavaFX Application Thread] DEBUG Input                - Registered new binding: Mover Izquierda - A
10:57:46.685 [JavaFX Application Thread] DEBUG Input                - Registered new binding: Mover Derecha - D
10:57:46.686 [JavaFX Application Thread] DEBUG FXGLAssetLoaderServi - Loading from file system: file:/C:/Users/josue/OneDrive/Desktop/proyecto%20java/Among%20Us/out/production/Among%20Us/assets/textures/icono.png
10:57:46.890 [FXGL Background Thread 4 ] DEBUG FXGLApplication      - Loading fonts
10:57:46.891 [FXGL Background Thread 4 ] DEBUG FXGLAssetLoaderServi - Loading from file system: jar:file:/C:/Users/josue/OneDrive/Desktop/proyecto%20java/Among%20Us/lib/fxgl-21.1-uber.jar!/fxglassets/ui/fonts/VarelaRound-Regular.ttf
10:57:46.910 [JavaFX Application Thread] DEBUG FXGLAssetLoaderServi - Loading from file system: jar:file:/C:/Users/josue/OneDrive/Desktop/proyecto%20java/Among%20Us/lib/fxgl-21.1-uber.jar!/fxglassets/textures/fxgl_default_cursor.png
10:57:46.914 [JavaFX Application Thread] DEBUG Input                - Registered new binding: Screenshot - CTRL+8
10:57:46.917 [JavaFX Application Thread] DEBUG Input                - Registered new binding: System info dump - CTRL+9
10:57:46.919 [JavaFX Application Thread] DEBUG Input                - Registered new binding: Restart - CTRL+R
10:57:46.921 [JavaFX Application Thread] DEBUG Input                - Registered new binding: Toggle Debug Camera - CTRL+7
10:57:46.927 [JavaFX Application Thread] DEBUG LoopRunner           - Starting loop
10:57:46.928 [JavaFX Application Thread] DEBUG LoopRunner           - Initializing JavaFX AnimationTimerLoop
10:57:46.929 [JavaFX Application Thread] DEBUG GameApplicationServi - Starting new game
10:57:46.931 [JavaFX Application Thread] DEBUG Input                - Clearing active input actions
10:57:47.011 [JavaFX Application Thread] DEBUG GameApplicationServi - Removing overlay from FXGLStartupScene and adding to FXGLLoadingScene
10:57:47.012 [JavaFX Application Thread] DEBUG PrimaryStageWindow   - FXGLStartupScene -> FXGLLoadingScene
10:57:47.013 [JavaFX Application Thread] DEBUG GameApplicationServi - Clearing previous game
10:57:47.013 [JavaFX Application Thread] DEBUG GameScene            - Clearing game scene
10:57:47.013 [JavaFX Application Thread] DEBUG GameWorld            - Clearing game world
10:57:47.014 [JavaFX Application Thread] DEBUG PhysicsWorld         - Clearing physics world
10:57:47.017 [FXGL Background Thread 1 ] DEBUG FXGLApplication      - Initializing game
10:57:47.026 [FXGL Background Thread 1 ] DEBUG FXGLAssetLoaderServi - Loading from file system: file:/C:/Users/josue/OneDrive/Desktop/proyecto%20java/Among%20Us/out/production/Among%20Us/assets/music/musicaMenu.mp3
10:57:47.560 [FXGL Background Thread 1 ] DEBUG AudioPlayer          - Playing music com.almasb.fxgl.audio.Music@719d8db1
10:57:48.177 [FXGL Background Thread 1 ] INFO  FXGLApplication      - Game initialization took: 1,160 sec
10:57:48.261 [FXGL Background Thread 4 ] DEBUG FXGLAssetLoaderServi - Loading from file system: jar:file:/C:/Users/josue/OneDrive/Desktop/proyecto%20java/Among%20Us/lib/fxgl-21.1-uber.jar!/fxglassets/ui/fonts/Abel-Regular.ttf
10:57:48.267 [FXGL Background Thread 4 ] DEBUG FXGLAssetLoaderServi - Loading from file system: jar:file:/C:/Users/josue/OneDrive/Desktop/proyecto%20java/Among%20Us/lib/fxgl-21.1-uber.jar!/fxglassets/ui/fonts/TerminalLandMono-Regular.otf
10:57:48.287 [FXGL Background Thread 4 ] DEBUG FXGLAssetLoaderServi - Loading from file system: jar:file:/C:/Users/josue/OneDrive/Desktop/proyecto%20java/Among%20Us/lib/fxgl-21.1-uber.jar!/fxglassets/ui/fonts/Courier-Prime.ttf
10:57:48.359 [JavaFX Application Thread] DEBUG Input                - Clearing active input actions
10:57:48.369 [JavaFX Application Thread] DEBUG GameApplicationServi - Removing overlay from FXGLLoadingScene and adding to GameScene
10:57:48.369 [JavaFX Application Thread] DEBUG PrimaryStageWindow   - FXGLLoadingScene -> GameScene
10:57:48.370 [JavaFX Application Thread] DEBUG FXGLApplication      - Registering font factories with UI factory
10:57:49.100 [FXGL Background Thread 2 ] INFO  UpdaterService       - Your current version:  21.1
10:57:49.100 [FXGL Background Thread 2 ] INFO  UpdaterService       - Latest stable version: 25
10:57:49.643 [FXGL Background Thread 3 ] DEBUG Engine               - Logging environment variables
10:57:49.643 [FXGL Background Thread 3 ] DEBUG Engine               - achievements: []
10:57:49.644 [FXGL Background Thread 3 ] DEBUG Engine               - actualHeight: 600.0
10:57:49.644 [FXGL Background Thread 3 ] DEBUG Engine               - actualHeightProperty: ReadOnlyDoubleProperty [value: 600.0]
10:57:49.644 [FXGL Background Thread 3 ] DEBUG Engine               - actualWidth: 800.0
10:57:49.644 [FXGL Background Thread 3 ] DEBUG Engine               - actualWidthProperty: ReadOnlyDoubleProperty [value: 800.0]
10:57:49.644 [FXGL Background Thread 3 ] DEBUG Engine               - appIcon: icono.png
10:57:49.644 [FXGL Background Thread 3 ] DEBUG Engine               - applicationMode: DEVELOPER
10:57:49.644 [FXGL Background Thread 3 ] DEBUG Engine               - cSSList: [fxgl_dark.css]
10:57:49.644 [FXGL Background Thread 3 ] DEBUG Engine               - collisionDetectionStrategy: BRUTE_FORCE
10:57:49.644 [FXGL Background Thread 3 ] DEBUG Engine               - configClass: Optional.empty
10:57:49.644 [FXGL Background Thread 3 ] DEBUG Engine               - credits: []
10:57:49.644 [FXGL Background Thread 3 ] DEBUG Engine               - defaultCursor: CursorInfo(imageName=fxgl_default_cursor.png, hotspotX=7.0, hotspotY=6.0)
10:57:49.644 [FXGL Background Thread 3 ] DEBUG Engine               - devBBoxColorProperty: ObjectProperty [value: 0xff0000ff]
10:57:49.645 [FXGL Background Thread 3 ] DEBUG Engine               - devEnableDebugCameraProperty: BooleanProperty [value: false]
10:57:49.645 [FXGL Background Thread 3 ] DEBUG Engine               - devSensorColorProperty: ObjectProperty [value: 0xffff00ff]
10:57:49.645 [FXGL Background Thread 3 ] DEBUG Engine               - devShowBBoxProperty: BooleanProperty [value: false]
10:57:49.645 [FXGL Background Thread 3 ] DEBUG Engine               - devShowPositionProperty: BooleanProperty [value: false]
10:57:49.645 [FXGL Background Thread 3 ] DEBUG Engine               - enabledMenuItems: []
10:57:49.645 [FXGL Background Thread 3 ] DEBUG Engine               - engineServices: [class com.almasb.fxgl.app.services.FXGLAssetLoaderService, class com.almasb.fxgl.app.FXGLApplication$GameApplicationService, class com.almasb.fxgl.app.services.FXGLDialogService, class com.almasb.fxgl.app.services.IOTaskExecutorService, class com.almasb.fxgl.io.FileSystemService, class com.almasb.fxgl.localization.LocalizationService, class com.almasb.fxgl.app.services.SystemBundleService, class com.almasb.fxgl.profile.SaveLoadService, class com.almasb.fxgl.ui.FXGLUIFactoryServiceProvider, class com.almasb.fxgl.ui.FXGLDialogFactoryServiceProvider, class com.almasb.fxgl.audio.AudioPlayer, class com.almasb.fxgl.notification.impl.NotificationServiceProvider, class com.almasb.fxgl.achievement.AchievementService, class com.almasb.fxgl.cutscene.CutsceneService, class com.almasb.fxgl.minigames.MiniGameService, class com.almasb.fxgl.net.NetService, class com.almasb.fxgl.app.services.UpdaterService, class com.almasb.fxgl.dev.DevService]
10:57:49.645 [FXGL Background Thread 3 ] DEBUG Engine               - fontGame: Abel-Regular.ttf
10:57:49.645 [FXGL Background Thread 3 ] DEBUG Engine               - fontMono: TerminalLandMono-Regular.otf
10:57:49.645 [FXGL Background Thread 3 ] DEBUG Engine               - fontSizeScaleUI: 1.0
10:57:49.645 [FXGL Background Thread 3 ] DEBUG Engine               - fontText: Courier-Prime.ttf
10:57:49.645 [FXGL Background Thread 3 ] DEBUG Engine               - fontUI: VarelaRound-Regular.ttf
10:57:49.645 [FXGL Background Thread 3 ] DEBUG Engine               - fullScreen: BooleanProperty [value: false]
10:57:49.645 [FXGL Background Thread 3 ] DEBUG Engine               - gameDifficulty: MEDIUM
10:57:49.646 [FXGL Background Thread 3 ] DEBUG Engine               - gameDifficultyProperty: ObjectProperty [value: MEDIUM]
10:57:49.646 [FXGL Background Thread 3 ] DEBUG Engine               - globalMusicVolume: 0.5
10:57:49.646 [FXGL Background Thread 3 ] DEBUG Engine               - globalMusicVolumeProperty: DoubleProperty [value: 0.4]
10:57:49.646 [FXGL Background Thread 3 ] DEBUG Engine               - globalSoundVolume: 0.5
10:57:49.646 [FXGL Background Thread 3 ] DEBUG Engine               - globalSoundVolumeProperty: DoubleProperty [value: 0.5]
10:57:49.646 [FXGL Background Thread 3 ] DEBUG Engine               - height: 600
10:57:49.646 [FXGL Background Thread 3 ] DEBUG Engine               - is3D: false
10:57:49.646 [FXGL Background Thread 3 ] DEBUG Engine               - isAndroid: false
10:57:49.646 [FXGL Background Thread 3 ] DEBUG Engine               - isBrowser: false
10:57:49.646 [FXGL Background Thread 3 ] DEBUG Engine               - isClickFeedbackEnabled: false
10:57:49.646 [FXGL Background Thread 3 ] DEBUG Engine               - isCloseConfirmation: false
10:57:49.646 [FXGL Background Thread 3 ] DEBUG Engine               - isDesktop: true
10:57:49.646 [FXGL Background Thread 3 ] DEBUG Engine               - isDeveloperMenuEnabled: false
10:57:49.646 [FXGL Background Thread 3 ] DEBUG Engine               - isEmbedded: false
10:57:49.647 [FXGL Background Thread 3 ] DEBUG Engine               - isEntityPreloadEnabled: true
10:57:49.647 [FXGL Background Thread 3 ] DEBUG Engine               - isExperimentalTiledLargeMap: false
10:57:49.647 [FXGL Background Thread 3 ] DEBUG Engine               - isFileSystemWriteAllowed: true
10:57:49.647 [FXGL Background Thread 3 ] DEBUG Engine               - isFullScreenAllowed: false
10:57:49.647 [FXGL Background Thread 3 ] DEBUG Engine               - isFullScreenFromStart: false
10:57:49.647 [FXGL Background Thread 3 ] DEBUG Engine               - isGameMenuEnabled: true
10:57:49.647 [FXGL Background Thread 3 ] DEBUG Engine               - isIOS: false
10:57:49.647 [FXGL Background Thread 3 ] DEBUG Engine               - isIntroEnabled: false
10:57:49.647 [FXGL Background Thread 3 ] DEBUG Engine               - isLinux: false
10:57:49.647 [FXGL Background Thread 3 ] DEBUG Engine               - isMac: false
10:57:49.647 [FXGL Background Thread 3 ] DEBUG Engine               - isMainMenuEnabled: false
10:57:49.647 [FXGL Background Thread 3 ] DEBUG Engine               - isManualResizeEnabled: false
10:57:49.647 [FXGL Background Thread 3 ] DEBUG Engine               - isMobile: false
10:57:49.647 [FXGL Background Thread 3 ] DEBUG Engine               - isNative: false
10:57:49.647 [FXGL Background Thread 3 ] DEBUG Engine               - isPauseMusicWhenMinimized: true
10:57:49.647 [FXGL Background Thread 3 ] DEBUG Engine               - isPreserveResizeRatio: false
10:57:49.647 [FXGL Background Thread 3 ] DEBUG Engine               - isProfilingEnabled: false
10:57:49.648 [FXGL Background Thread 3 ] DEBUG Engine               - isScaleAffectedOnResize: true
10:57:49.648 [FXGL Background Thread 3 ] DEBUG Engine               - isSingleStep: false
10:57:49.648 [FXGL Background Thread 3 ] DEBUG Engine               - isUserProfileEnabled: false
10:57:49.648 [FXGL Background Thread 3 ] DEBUG Engine               - isWindows: true
10:57:49.648 [FXGL Background Thread 3 ] DEBUG Engine               - language: ObjectProperty [value: ENGLISH]
10:57:49.648 [FXGL Background Thread 3 ] DEBUG Engine               - menuKey: ESCAPE
10:57:49.648 [FXGL Background Thread 3 ] DEBUG Engine               - mouseSensitivity: 0.2
10:57:49.648 [FXGL Background Thread 3 ] DEBUG Engine               - notificationViewClass: class com.almasb.fxgl.notification.view.XboxNotificationView
10:57:49.648 [FXGL Background Thread 3 ] DEBUG Engine               - pixelsPerMeter: 50.0
10:57:49.648 [FXGL Background Thread 3 ] DEBUG Engine               - platform: WINDOWS
10:57:49.648 [FXGL Background Thread 3 ] DEBUG Engine               - prefHeightProperty: ReadOnlyDoubleProperty [value: 600.0]
10:57:49.648 [FXGL Background Thread 3 ] DEBUG Engine               - prefWidthProperty: ReadOnlyDoubleProperty [value: 800.0]
10:57:49.649 [FXGL Background Thread 3 ] DEBUG Engine               - profileDir: profiles/
10:57:49.649 [FXGL Background Thread 3 ] DEBUG Engine               - profileName: StringProperty [value: DEFAULT]
10:57:49.649 [FXGL Background Thread 3 ] DEBUG Engine               - randomSeed: -1
10:57:49.649 [FXGL Background Thread 3 ] DEBUG Engine               - runtimeInfo: RuntimeInfo(platform=WINDOWS, version=21.1, build=26.03.2024 17.33)
10:57:49.649 [FXGL Background Thread 3 ] DEBUG Engine               - saveFileExt: sav
10:57:49.649 [FXGL Background Thread 3 ] DEBUG Engine               - scaledHeightProp$fxgl: DoubleProperty [bound, value: 600.0]
10:57:49.649 [FXGL Background Thread 3 ] DEBUG Engine               - scaledWidthProp$fxgl: DoubleProperty [bound, value: 800.0]
10:57:49.649 [FXGL Background Thread 3 ] DEBUG Engine               - sceneFactory: com.almasb.fxgl.app.scene.SceneFactory@75dd9964
10:57:49.649 [FXGL Background Thread 3 ] DEBUG Engine               - secondsIn24h: 60
10:57:49.649 [FXGL Background Thread 3 ] DEBUG Engine               - soundMenuBack: menu/back.wav
10:57:49.649 [FXGL Background Thread 3 ] DEBUG Engine               - soundMenuPress: menu/press.wav
10:57:49.649 [FXGL Background Thread 3 ] DEBUG Engine               - soundMenuSelect: menu/select.wav
10:57:49.649 [FXGL Background Thread 3 ] DEBUG Engine               - soundNotification: core/notification.wav
10:57:49.649 [FXGL Background Thread 3 ] DEBUG Engine               - stageStyle: DECORATED
10:57:49.649 [FXGL Background Thread 3 ] DEBUG Engine               - supportedLanguages: [ENGLISH, FRENCH, GERMAN, HUNGARIAN, RUSSIAN]
10:57:49.649 [FXGL Background Thread 3 ] DEBUG Engine               - ticksPerSecond: -1
10:57:49.649 [FXGL Background Thread 3 ] DEBUG Engine               - title: Among Us UNEG
10:57:49.649 [FXGL Background Thread 3 ] DEBUG Engine               - urlGithub: https://github.com/AlmasB/FXGL
10:57:49.649 [FXGL Background Thread 3 ] DEBUG Engine               - urlLeaderboard: http://fxgl-top.herokuapp.com/
10:57:49.649 [FXGL Background Thread 3 ] DEBUG Engine               - urlPOM: https://raw.githubusercontent.com/AlmasB/FXGL/release/README.md
10:57:49.649 [FXGL Background Thread 3 ] DEBUG Engine               - userAppClass: class main.java.amongUs.AppPrincipal
10:57:49.649 [FXGL Background Thread 3 ] DEBUG Engine               - version: 0.0
10:57:49.650 [FXGL Background Thread 3 ] DEBUG Engine               - versionCheckDays: 7
10:57:49.650 [FXGL Background Thread 3 ] DEBUG Engine               - width: 800
10:57:49.650 [FXGL Background Thread 3 ] DEBUG Engine               - Logging services
10:57:49.650 [FXGL Background Thread 3 ] DEBUG Engine               - class com.almasb.fxgl.app.services.FXGLAssetLoaderService
10:57:49.650 [FXGL Background Thread 3 ] DEBUG Engine               - class com.almasb.fxgl.app.FXGLApplication$GameApplicationService
10:57:49.650 [FXGL Background Thread 3 ] DEBUG Engine               - class com.almasb.fxgl.app.services.FXGLDialogService
10:57:49.650 [FXGL Background Thread 3 ] DEBUG Engine               - class com.almasb.fxgl.app.services.IOTaskExecutorService
10:57:49.650 [FXGL Background Thread 3 ] DEBUG Engine               - class com.almasb.fxgl.io.FileSystemService
10:57:49.650 [FXGL Background Thread 3 ] DEBUG Engine               - class com.almasb.fxgl.localization.LocalizationService
10:57:49.650 [FXGL Background Thread 3 ] DEBUG Engine               - class com.almasb.fxgl.app.services.SystemBundleService
10:57:49.650 [FXGL Background Thread 3 ] DEBUG Engine               - class com.almasb.fxgl.profile.SaveLoadService
10:57:49.650 [FXGL Background Thread 3 ] DEBUG Engine               - class com.almasb.fxgl.ui.FXGLUIFactoryServiceProvider
10:57:49.650 [FXGL Background Thread 3 ] DEBUG Engine               - class com.almasb.fxgl.ui.FXGLDialogFactoryServiceProvider
10:57:49.650 [FXGL Background Thread 3 ] DEBUG Engine               - class com.almasb.fxgl.audio.AudioPlayer
10:57:49.650 [FXGL Background Thread 3 ] DEBUG Engine               - class com.almasb.fxgl.notification.impl.NotificationServiceProvider
10:57:49.650 [FXGL Background Thread 3 ] DEBUG Engine               - class com.almasb.fxgl.achievement.AchievementService
10:57:49.650 [FXGL Background Thread 3 ] DEBUG Engine               - class com.almasb.fxgl.cutscene.CutsceneService
10:57:49.650 [FXGL Background Thread 3 ] DEBUG Engine               - class com.almasb.fxgl.minigames.MiniGameService
10:57:49.650 [FXGL Background Thread 3 ] DEBUG Engine               - class com.almasb.fxgl.net.NetService
10:57:49.650 [FXGL Background Thread 3 ] DEBUG Engine               - class com.almasb.fxgl.app.services.UpdaterService
10:57:49.650 [FXGL Background Thread 3 ] DEBUG Engine               - class com.almasb.fxgl.dev.DevService
10:57:54.867 [JavaFX Application Thread] DEBUG FXGLAssetLoaderServi - Loading from file system: file:/C:/Users/josue/OneDrive/Desktop/proyecto%20java/Among%20Us/out/production/Among%20Us/assets/sounds/clickBoton.wav
10:57:57.414 [JavaFX Application Thread] WARN  TMXLevelLoader       - TiledMap generated from 1.11.2. Supported version: 1.9.0. Some features may not be parsed fully.
10:57:57.493 [JavaFX Application Thread] DEBUG TMXLevelLoader       - Parsed TiledMap: file:/C:/Users/josue/OneDrive/Desktop/proyecto%20java/Among%20Us/out/production/Among%20Us/assets/levels/mapa2.tmx
10:57:57.495 [JavaFX Application Thread] DEBUG TMXLevelLoader       - Creating tile layer entities
10:57:57.497 [JavaFX Application Thread] DEBUG TilesetLoader        - Loading view for layer fondo1
10:57:57.498 [JavaFX Application Thread] DEBUG TilesetLoader        - Created buffer with size 992.0x960.0
10:57:57.527 [JavaFX Application Thread] DEBUG TilesetLoader        - Loading view for layer fondo
10:57:57.527 [JavaFX Application Thread] DEBUG TilesetLoader        - Created buffer with size 992.0x960.0
10:57:57.533 [JavaFX Application Thread] DEBUG TilesetLoader        - Loading view for layer piso
10:57:57.533 [JavaFX Application Thread] DEBUG TilesetLoader        - Created buffer with size 992.0x960.0
10:57:57.538 [JavaFX Application Thread] DEBUG TilesetLoader        - Loading view for layer piso1
10:57:57.540 [JavaFX Application Thread] DEBUG TilesetLoader        - Created buffer with size 992.0x960.0
10:57:57.543 [JavaFX Application Thread] WARN  TilesetLoader        - Diagonally flipped tiles are not currently supported
10:57:57.546 [JavaFX Application Thread] WARN  TilesetLoader        - Diagonally flipped tiles are not currently supported
10:57:57.549 [JavaFX Application Thread] WARN  TilesetLoader        - Diagonally flipped tiles are not currently supported
10:57:57.555 [JavaFX Application Thread] WARN  TilesetLoader        - Diagonally flipped tiles are not currently supported
10:57:57.556 [JavaFX Application Thread] DEBUG TilesetLoader        - Loading view for layer izquierda
10:57:57.558 [JavaFX Application Thread] DEBUG TilesetLoader        - Created buffer with size 992.0x960.0
10:57:57.566 [JavaFX Application Thread] DEBUG TilesetLoader        - Loading view for layer detallesatraspared
10:57:57.568 [JavaFX Application Thread] DEBUG TilesetLoader        - Created buffer with size 992.0x960.0
10:57:57.578 [JavaFX Application Thread] WARN  TilesetLoader        - Diagonally flipped tiles are not currently supported
10:57:57.579 [JavaFX Application Thread] WARN  TilesetLoader        - Diagonally flipped tiles are not currently supported
10:57:57.603 [JavaFX Application Thread] DEBUG TilesetLoader        - Loading view for layer pared2
10:57:57.604 [JavaFX Application Thread] DEBUG TilesetLoader        - Created buffer with size 992.0x960.0
10:57:57.617 [JavaFX Application Thread] DEBUG TilesetLoader        - Loading view for layer techo1
10:57:57.618 [JavaFX Application Thread] DEBUG TilesetLoader        - Created buffer with size 992.0x960.0
10:57:57.626 [JavaFX Application Thread] DEBUG TilesetLoader        - Loading view for layer techo2
10:57:57.626 [JavaFX Application Thread] DEBUG TilesetLoader        - Created buffer with size 992.0x960.0
10:57:57.638 [JavaFX Application Thread] DEBUG TilesetLoader        - Loading view for layer puertita
10:57:57.639 [JavaFX Application Thread] DEBUG TilesetLoader        - Created buffer with size 992.0x960.0
10:57:57.641 [JavaFX Application Thread] DEBUG TilesetLoader        - Loading view for layer puerta
10:57:57.642 [JavaFX Application Thread] DEBUG TilesetLoader        - Created buffer with size 992.0x960.0
10:57:57.645 [JavaFX Application Thread] DEBUG TilesetLoader        - Loading view for layer detalles
10:57:57.646 [JavaFX Application Thread] DEBUG TilesetLoader        - Created buffer with size 992.0x960.0
10:57:57.664 [JavaFX Application Thread] DEBUG TilesetLoader        - Loading view for layer detalles 2
10:57:57.664 [JavaFX Application Thread] DEBUG TilesetLoader        - Created buffer with size 992.0x960.0
10:57:57.680 [JavaFX Application Thread] DEBUG TilesetLoader        - Loading view for layer detalles3
10:57:57.681 [JavaFX Application Thread] DEBUG TilesetLoader        - Created buffer with size 992.0x960.0
10:57:57.695 [JavaFX Application Thread] DEBUG TMXLevelLoader       - Creating object layer entities
10:57:57.780 [JavaFX Application Thread] DEBUG GameWorld            - Clearing removable entities
10:57:57.781 [JavaFX Application Thread] DEBUG GameWorld            - Setting level: com.almasb.fxgl.entity.level.Level@995c39e
10:57:57.848 [JavaFX Application Thread] DEBUG FXGLAssetLoaderServi - Loading from file system: file:/C:/Users/josue/OneDrive/Desktop/proyecto%20java/Among%20Us/out/production/Among%20Us/assets/textures/tripulante_negro.png
10:57:57.852 [JavaFX Application Thread] DEBUG FXGLAssetLoaderServi - Loading from file system: file:/C:/Users/josue/OneDrive/Desktop/proyecto%20java/Among%20Us/out/production/Among%20Us/assets/textures/animacion_negro.png
10:58:08.734 [JavaFX Application Thread] DEBUG FXGLApplication      - Exiting FXGL
10:58:08.734 [JavaFX Application Thread] DEBUG LoopRunner           - Stopping loop
10:58:08.734 [JavaFX Application Thread] DEBUG SystemBundleService  - Saving FXGL system data
10:58:08.736 [JavaFX Application Thread] DEBUG FileSystemAccess     - Writing to: C:\Users\josue\OneDrive\Desktop\proyecto java\Among Us\system\fxgl.bundle
10:58:08.740 [JavaFX Application Thread] DEBUG Async                - Shutting down background threads
10:58:08.740 [JavaFX Application Thread] DEBUG PrimaryStageWindow   - Closing main window
10:58:08.794 [JavaFX Application Thread] DEBUG Logger               - Closing Logger
