11:08:54.144 [main                     ] DEBUG Logger               - Configured Logger
11:08:54.159 [main                     ] DEBUG GameApplication      - Logging settings
Title: Among Us UNEG
Version: 0.0
Width: 800
Height: 600
Fullscreen: false
Intro: false
Profiling: false
Single step:false
App Mode: DEVELOPER
Menu Key: ESCAPE
Stage Style: DECORATED
Scene Factory: class com.almasb.fxgl.app.scene.SceneFactory

11:08:54.914 [JavaFX Application Thread] DEBUG FXGLApplication      - Initializing FXGL
11:08:54.922 [JavaFX Application Thread] INFO  Engine               - FXGL-21.1 (26.03.2024 17.33) on WINDOWS (J:25.0.2 FX:21.0.1)
11:08:54.922 [JavaFX Application Thread] DEBUG Engine               - JRE Vendor Name: Oracle Corporation
11:08:54.922 [JavaFX Application Thread] DEBUG Engine               - Running on OS: Windows 11 version 10.0
11:08:54.923 [JavaFX Application Thread] DEBUG Engine               - Architecture: amd64
11:08:54.923 [JavaFX Application Thread] INFO  Engine               - Source code and latest versions at: https://github.com/AlmasB/FXGL
11:08:54.923 [JavaFX Application Thread] INFO  Engine               -       Ask questions and discuss at: https://github.com/AlmasB/FXGL/discussions
11:08:54.923 [JavaFX Application Thread] INFO  Engine               -              Join the FXGL chat at: https://gitter.im/AlmasB/FXGL
11:08:55.092 [JavaFX Application Thread] DEBUG PrimaryStageWindow   - Creating a JavaFX scene
11:08:55.199 [JavaFX Application Thread] DEBUG PrimaryStageWindow   - Target settings size: 800.0 x 600.0
11:08:55.200 [JavaFX Application Thread] DEBUG PrimaryStageWindow   - Scaled scene size:    800.0 x 600.0
11:08:55.200 [JavaFX Application Thread] DEBUG PrimaryStageWindow   - Scaled ratio: (1.0, 1.0)
11:08:55.202 [JavaFX Application Thread] DEBUG PrimaryStageWindow   - Set initial scene to FXGLStartupScene
11:08:55.209 [JavaFX Application Thread] DEBUG PrimaryStageWindow   - Opening main window
11:08:55.412 [JavaFX Application Thread] DEBUG PrimaryStageWindow   - Window border size: (16.0, 39.0)
11:08:55.412 [JavaFX Application Thread] DEBUG PrimaryStageWindow   - Scaled size: 800.0 x 600.0
11:08:55.413 [JavaFX Application Thread] DEBUG PrimaryStageWindow   - Scaled ratio: (1.0, 1.0)
11:08:55.413 [JavaFX Application Thread] DEBUG PrimaryStageWindow   - Scene size: 800.0 x 600.0
11:08:55.413 [JavaFX Application Thread] DEBUG PrimaryStageWindow   - Stage size: 816.0 x 639.0
11:08:55.523 [FXGL Background Thread 1 ] DEBUG Engine               - Initializing environment variables
11:08:55.644 [FXGL Background Thread 1 ] DEBUG FXGLAssetLoaderServi - User app class for loading assets: class main.java.amongUs.AppPrincipal
11:08:55.645 [FXGL Background Thread 1 ] DEBUG GameApplicationServi - Applying CSS: fxgl_dark.css
11:08:55.646 [FXGL Background Thread 1 ] DEBUG FXGLAssetLoaderServi - Loading from file system: jar:file:/C:/Users/josue/OneDrive/Desktop/proyecto%20java/Among%20Us/lib/fxgl-21.1-uber.jar!/fxglassets/ui/css/fxgl_dark.css
11:08:55.736 [FXGL Background Thread 1 ] DEBUG GameApplicationServi - Initializing application scenes
11:08:55.897 [FXGL Background Thread 1 ] DEBUG GameWorld            - Game world initialized
11:08:55.964 [FXGL Background Thread 1 ] DEBUG PhysicsWorld         - Physics world initialized: appHeight=600, physics.ppm=50,0
11:08:55.964 [FXGL Background Thread 1 ] DEBUG PhysicsWorld         - Using strategy: BRUTE_FORCE
11:08:55.971 [FXGL Background Thread 1 ] DEBUG GameScene            - Game scene initialized: 800x600
11:08:55.993 [FXGL Background Thread 1 ] DEBUG FXGL.DefaultMenu     - createMenuBodyGameMenu()
11:08:56.017 [FXGL Background Thread 1 ] DEBUG FXGL.DefaultMenu     - createOptionsMenu()
11:08:56.035 [FXGL Background Thread 1 ] DEBUG FXGLAssetLoaderServi - Loading from file system: jar:file:/C:/Users/josue/OneDrive/Desktop/proyecto%20java/Among%20Us/lib/fxgl-21.1-uber.jar!/fxglassets/textures/particles/smoke.png
11:08:56.201 [FXGL Background Thread 1 ] DEBUG FXGLAssetLoaderServi - Loading from file system: jar:file:/C:/Users/josue/OneDrive/Desktop/proyecto%20java/Among%20Us/lib/fxgl-21.1-uber.jar!/fxglassets/textures/particles/trace_horizontal.png
11:08:56.247 [FXGL Background Thread 1 ] DEBUG GameApplicationServi - Application scenes initialized
11:08:56.271 [FXGL Background Thread 1 ] DEBUG SystemBundleService  - Loading FXGL system data
11:08:56.281 [FXGL Background Thread 1 ] DEBUG FileSystemAccess     - Reading from: C:\Users\josue\OneDrive\Desktop\proyecto java\Among Us\system\fxgl.bundle
11:08:56.291 [FXGL Background Thread 1 ] DEBUG SystemBundleService  - Bundle FXGL: {}
11:08:56.291 [FXGL Background Thread 1 ] DEBUG UpdaterService       - Checking for updates
11:08:56.300 [FXGL Background Thread 1 ] DEBUG FXGLApplication      - Loading default localization
11:08:56.300 [FXGL Background Thread 1 ] DEBUG FXGLAssetLoaderServi - Loading from file system: jar:file:/C:/Users/josue/OneDrive/Desktop/proyecto%20java/Among%20Us/lib/fxgl-21.1-uber.jar!/fxglassets/languages/english.lang
11:08:56.323 [FXGL Background Thread 1 ] INFO  FXGLApplication      - FXGL initialization took: 0,799 sec
11:08:56.334 [JavaFX Application Thread] DEBUG Input                - Registered new binding: Mover Arriba - W
11:08:56.334 [JavaFX Application Thread] DEBUG Input                - Registered new binding: Mover Abajo - S
11:08:56.334 [JavaFX Application Thread] DEBUG Input                - Registered new binding: Mover Izquierda - A
11:08:56.334 [JavaFX Application Thread] DEBUG Input                - Registered new binding: Mover Derecha - D
11:08:56.336 [JavaFX Application Thread] DEBUG FXGLAssetLoaderServi - Loading from file system: file:/C:/Users/josue/OneDrive/Desktop/proyecto%20java/Among%20Us/out/production/Among%20Us/assets/textures/icono.png
11:08:56.428 [FXGL Background Thread 4 ] DEBUG FXGLApplication      - Loading fonts
11:08:56.428 [FXGL Background Thread 4 ] DEBUG FXGLAssetLoaderServi - Loading from file system: jar:file:/C:/Users/josue/OneDrive/Desktop/proyecto%20java/Among%20Us/lib/fxgl-21.1-uber.jar!/fxglassets/ui/fonts/VarelaRound-Regular.ttf
11:08:56.462 [JavaFX Application Thread] DEBUG FXGLAssetLoaderServi - Loading from file system: jar:file:/C:/Users/josue/OneDrive/Desktop/proyecto%20java/Among%20Us/lib/fxgl-21.1-uber.jar!/fxglassets/textures/fxgl_default_cursor.png
11:08:56.485 [JavaFX Application Thread] DEBUG Input                - Registered new binding: Screenshot - CTRL+8
11:08:56.486 [JavaFX Application Thread] DEBUG Input                - Registered new binding: System info dump - CTRL+9
11:08:56.487 [JavaFX Application Thread] DEBUG Input                - Registered new binding: Restart - CTRL+R
11:08:56.488 [JavaFX Application Thread] DEBUG Input                - Registered new binding: Toggle Debug Camera - CTRL+7
11:08:56.513 [JavaFX Application Thread] DEBUG LoopRunner           - Starting loop
11:08:56.514 [JavaFX Application Thread] DEBUG LoopRunner           - Initializing JavaFX AnimationTimerLoop
11:08:56.516 [JavaFX Application Thread] DEBUG GameApplicationServi - Starting new game
11:08:56.517 [JavaFX Application Thread] DEBUG Input                - Clearing active input actions
11:08:56.654 [JavaFX Application Thread] DEBUG GameApplicationServi - Removing overlay from FXGLStartupScene and adding to FXGLLoadingScene
11:08:56.655 [JavaFX Application Thread] DEBUG PrimaryStageWindow   - FXGLStartupScene -> FXGLLoadingScene
11:08:56.655 [JavaFX Application Thread] DEBUG GameApplicationServi - Clearing previous game
11:08:56.655 [JavaFX Application Thread] DEBUG GameScene            - Clearing game scene
11:08:56.656 [JavaFX Application Thread] DEBUG GameWorld            - Clearing game world
11:08:56.657 [JavaFX Application Thread] DEBUG PhysicsWorld         - Clearing physics world
11:08:56.659 [FXGL Background Thread 1 ] DEBUG FXGLApplication      - Initializing game
11:08:56.667 [FXGL Background Thread 1 ] DEBUG FXGLAssetLoaderServi - Loading from file system: file:/C:/Users/josue/OneDrive/Desktop/proyecto%20java/Among%20Us/out/production/Among%20Us/assets/music/musicaMenu.mp3
11:08:57.039 [FXGL Background Thread 1 ] DEBUG AudioPlayer          - Playing music com.almasb.fxgl.audio.Music@719d8db1
11:08:57.263 [FXGL Background Thread 4 ] DEBUG FXGLAssetLoaderServi - Loading from file system: jar:file:/C:/Users/josue/OneDrive/Desktop/proyecto%20java/Among%20Us/lib/fxgl-21.1-uber.jar!/fxglassets/ui/fonts/Abel-Regular.ttf
11:08:57.298 [FXGL Background Thread 4 ] DEBUG FXGLAssetLoaderServi - Loading from file system: jar:file:/C:/Users/josue/OneDrive/Desktop/proyecto%20java/Among%20Us/lib/fxgl-21.1-uber.jar!/fxglassets/ui/fonts/TerminalLandMono-Regular.otf
11:08:57.303 [FXGL Background Thread 4 ] DEBUG FXGLAssetLoaderServi - Loading from file system: jar:file:/C:/Users/josue/OneDrive/Desktop/proyecto%20java/Among%20Us/lib/fxgl-21.1-uber.jar!/fxglassets/ui/fonts/Courier-Prime.ttf
11:08:57.773 [FXGL Background Thread 1 ] INFO  FXGLApplication      - Game initialization took: 1,113 sec
11:08:57.896 [JavaFX Application Thread] DEBUG FXGLApplication      - Registering font factories with UI factory
11:08:57.916 [JavaFX Application Thread] DEBUG Input                - Clearing active input actions
11:08:57.938 [JavaFX Application Thread] DEBUG GameApplicationServi - Removing overlay from FXGLLoadingScene and adding to GameScene
11:08:57.939 [JavaFX Application Thread] DEBUG PrimaryStageWindow   - FXGLLoadingScene -> GameScene
11:08:58.563 [FXGL Background Thread 2 ] INFO  UpdaterService       - Your current version:  21.1
11:08:58.563 [FXGL Background Thread 2 ] INFO  UpdaterService       - Latest stable version: 25
11:08:59.327 [FXGL Background Thread 3 ] DEBUG Engine               - Logging environment variables
11:08:59.334 [FXGL Background Thread 3 ] DEBUG Engine               - achievements: []
11:08:59.334 [FXGL Background Thread 3 ] DEBUG Engine               - actualHeight: 600.0
11:08:59.335 [FXGL Background Thread 3 ] DEBUG Engine               - actualHeightProperty: ReadOnlyDoubleProperty [value: 600.0]
11:08:59.335 [FXGL Background Thread 3 ] DEBUG Engine               - actualWidth: 800.0
11:08:59.335 [FXGL Background Thread 3 ] DEBUG Engine               - actualWidthProperty: ReadOnlyDoubleProperty [value: 800.0]
11:08:59.336 [FXGL Background Thread 3 ] DEBUG Engine               - appIcon: icono.png
11:08:59.336 [FXGL Background Thread 3 ] DEBUG Engine               - applicationMode: DEVELOPER
11:08:59.336 [FXGL Background Thread 3 ] DEBUG Engine               - cSSList: [fxgl_dark.css]
11:08:59.336 [FXGL Background Thread 3 ] DEBUG Engine               - collisionDetectionStrategy: BRUTE_FORCE
11:08:59.336 [FXGL Background Thread 3 ] DEBUG Engine               - configClass: Optional.empty
11:08:59.336 [FXGL Background Thread 3 ] DEBUG Engine               - credits: []
11:08:59.336 [FXGL Background Thread 3 ] DEBUG Engine               - defaultCursor: CursorInfo(imageName=fxgl_default_cursor.png, hotspotX=7.0, hotspotY=6.0)
11:08:59.336 [FXGL Background Thread 3 ] DEBUG Engine               - devBBoxColorProperty: ObjectProperty [value: 0xff0000ff]
11:08:59.336 [FXGL Background Thread 3 ] DEBUG Engine               - devEnableDebugCameraProperty: BooleanProperty [value: false]
11:08:59.336 [FXGL Background Thread 3 ] DEBUG Engine               - devSensorColorProperty: ObjectProperty [value: 0xffff00ff]
11:08:59.336 [FXGL Background Thread 3 ] DEBUG Engine               - devShowBBoxProperty: BooleanProperty [value: false]
11:08:59.336 [FXGL Background Thread 3 ] DEBUG Engine               - devShowPositionProperty: BooleanProperty [value: false]
11:08:59.336 [FXGL Background Thread 3 ] DEBUG Engine               - enabledMenuItems: []
11:08:59.337 [FXGL Background Thread 3 ] DEBUG Engine               - engineServices: [class com.almasb.fxgl.app.services.FXGLAssetLoaderService, class com.almasb.fxgl.app.FXGLApplication$GameApplicationService, class com.almasb.fxgl.app.services.FXGLDialogService, class com.almasb.fxgl.app.services.IOTaskExecutorService, class com.almasb.fxgl.io.FileSystemService, class com.almasb.fxgl.localization.LocalizationService, class com.almasb.fxgl.app.services.SystemBundleService, class com.almasb.fxgl.profile.SaveLoadService, class com.almasb.fxgl.ui.FXGLUIFactoryServiceProvider, class com.almasb.fxgl.ui.FXGLDialogFactoryServiceProvider, class com.almasb.fxgl.audio.AudioPlayer, class com.almasb.fxgl.notification.impl.NotificationServiceProvider, class com.almasb.fxgl.achievement.AchievementService, class com.almasb.fxgl.cutscene.CutsceneService, class com.almasb.fxgl.minigames.MiniGameService, class com.almasb.fxgl.net.NetService, class com.almasb.fxgl.app.services.UpdaterService, class com.almasb.fxgl.dev.DevService]
11:08:59.337 [FXGL Background Thread 3 ] DEBUG Engine               - fontGame: Abel-Regular.ttf
11:08:59.337 [FXGL Background Thread 3 ] DEBUG Engine               - fontMono: TerminalLandMono-Regular.otf
11:08:59.337 [FXGL Background Thread 3 ] DEBUG Engine               - fontSizeScaleUI: 1.0
11:08:59.337 [FXGL Background Thread 3 ] DEBUG Engine               - fontText: Courier-Prime.ttf
11:08:59.337 [FXGL Background Thread 3 ] DEBUG Engine               - fontUI: VarelaRound-Regular.ttf
11:08:59.337 [FXGL Background Thread 3 ] DEBUG Engine               - fullScreen: BooleanProperty [value: false]
11:08:59.337 [FXGL Background Thread 3 ] DEBUG Engine               - gameDifficulty: MEDIUM
11:08:59.337 [FXGL Background Thread 3 ] DEBUG Engine               - gameDifficultyProperty: ObjectProperty [value: MEDIUM]
11:08:59.337 [FXGL Background Thread 3 ] DEBUG Engine               - globalMusicVolume: 0.5
11:08:59.338 [FXGL Background Thread 3 ] DEBUG Engine               - globalMusicVolumeProperty: DoubleProperty [value: 0.4]
11:08:59.338 [FXGL Background Thread 3 ] DEBUG Engine               - globalSoundVolume: 0.5
11:08:59.338 [FXGL Background Thread 3 ] DEBUG Engine               - globalSoundVolumeProperty: DoubleProperty [value: 0.5]
11:08:59.338 [FXGL Background Thread 3 ] DEBUG Engine               - height: 600
11:08:59.338 [FXGL Background Thread 3 ] DEBUG Engine               - is3D: false
11:08:59.338 [FXGL Background Thread 3 ] DEBUG Engine               - isAndroid: false
11:08:59.338 [FXGL Background Thread 3 ] DEBUG Engine               - isBrowser: false
11:08:59.338 [FXGL Background Thread 3 ] DEBUG Engine               - isClickFeedbackEnabled: false
11:08:59.338 [FXGL Background Thread 3 ] DEBUG Engine               - isCloseConfirmation: false
11:08:59.338 [FXGL Background Thread 3 ] DEBUG Engine               - isDesktop: true
11:08:59.338 [FXGL Background Thread 3 ] DEBUG Engine               - isDeveloperMenuEnabled: false
11:08:59.338 [FXGL Background Thread 3 ] DEBUG Engine               - isEmbedded: false
11:08:59.338 [FXGL Background Thread 3 ] DEBUG Engine               - isEntityPreloadEnabled: true
11:08:59.338 [FXGL Background Thread 3 ] DEBUG Engine               - isExperimentalTiledLargeMap: false
11:08:59.339 [FXGL Background Thread 3 ] DEBUG Engine               - isFileSystemWriteAllowed: true
11:08:59.339 [FXGL Background Thread 3 ] DEBUG Engine               - isFullScreenAllowed: false
11:08:59.339 [FXGL Background Thread 3 ] DEBUG Engine               - isFullScreenFromStart: false
11:08:59.339 [FXGL Background Thread 3 ] DEBUG Engine               - isGameMenuEnabled: true
11:08:59.339 [FXGL Background Thread 3 ] DEBUG Engine               - isIOS: false
11:08:59.339 [FXGL Background Thread 3 ] DEBUG Engine               - isIntroEnabled: false
11:08:59.339 [FXGL Background Thread 3 ] DEBUG Engine               - isLinux: false
11:08:59.339 [FXGL Background Thread 3 ] DEBUG Engine               - isMac: false
11:08:59.339 [FXGL Background Thread 3 ] DEBUG Engine               - isMainMenuEnabled: false
11:08:59.339 [FXGL Background Thread 3 ] DEBUG Engine               - isManualResizeEnabled: false
11:08:59.339 [FXGL Background Thread 3 ] DEBUG Engine               - isMobile: false
11:08:59.339 [FXGL Background Thread 3 ] DEBUG Engine               - isNative: false
11:08:59.339 [FXGL Background Thread 3 ] DEBUG Engine               - isPauseMusicWhenMinimized: true
11:08:59.339 [FXGL Background Thread 3 ] DEBUG Engine               - isPreserveResizeRatio: false
11:08:59.339 [FXGL Background Thread 3 ] DEBUG Engine               - isProfilingEnabled: false
11:08:59.339 [FXGL Background Thread 3 ] DEBUG Engine               - isScaleAffectedOnResize: true
11:08:59.339 [FXGL Background Thread 3 ] DEBUG Engine               - isSingleStep: false
11:08:59.339 [FXGL Background Thread 3 ] DEBUG Engine               - isUserProfileEnabled: false
11:08:59.340 [FXGL Background Thread 3 ] DEBUG Engine               - isWindows: true
11:08:59.340 [FXGL Background Thread 3 ] DEBUG Engine               - language: ObjectProperty [value: ENGLISH]
11:08:59.340 [FXGL Background Thread 3 ] DEBUG Engine               - menuKey: ESCAPE
11:08:59.340 [FXGL Background Thread 3 ] DEBUG Engine               - mouseSensitivity: 0.2
11:08:59.340 [FXGL Background Thread 3 ] DEBUG Engine               - notificationViewClass: class com.almasb.fxgl.notification.view.XboxNotificationView
11:08:59.340 [FXGL Background Thread 3 ] DEBUG Engine               - pixelsPerMeter: 50.0
11:08:59.340 [FXGL Background Thread 3 ] DEBUG Engine               - platform: WINDOWS
11:08:59.340 [FXGL Background Thread 3 ] DEBUG Engine               - prefHeightProperty: ReadOnlyDoubleProperty [value: 600.0]
11:08:59.340 [FXGL Background Thread 3 ] DEBUG Engine               - prefWidthProperty: ReadOnlyDoubleProperty [value: 800.0]
11:08:59.340 [FXGL Background Thread 3 ] DEBUG Engine               - profileDir: profiles/
11:08:59.340 [FXGL Background Thread 3 ] DEBUG Engine               - profileName: StringProperty [value: DEFAULT]
11:08:59.340 [FXGL Background Thread 3 ] DEBUG Engine               - randomSeed: -1
11:08:59.341 [FXGL Background Thread 3 ] DEBUG Engine               - runtimeInfo: RuntimeInfo(platform=WINDOWS, version=21.1, build=26.03.2024 17.33)
11:08:59.342 [FXGL Background Thread 3 ] DEBUG Engine               - saveFileExt: sav
11:08:59.342 [FXGL Background Thread 3 ] DEBUG Engine               - scaledHeightProp$fxgl: DoubleProperty [bound, value: 600.0]
11:08:59.342 [FXGL Background Thread 3 ] DEBUG Engine               - scaledWidthProp$fxgl: DoubleProperty [bound, value: 800.0]
11:08:59.342 [FXGL Background Thread 3 ] DEBUG Engine               - sceneFactory: com.almasb.fxgl.app.scene.SceneFactory@75dd9964
11:08:59.342 [FXGL Background Thread 3 ] DEBUG Engine               - secondsIn24h: 60
11:08:59.342 [FXGL Background Thread 3 ] DEBUG Engine               - soundMenuBack: menu/back.wav
11:08:59.342 [FXGL Background Thread 3 ] DEBUG Engine               - soundMenuPress: menu/press.wav
11:08:59.342 [FXGL Background Thread 3 ] DEBUG Engine               - soundMenuSelect: menu/select.wav
11:08:59.342 [FXGL Background Thread 3 ] DEBUG Engine               - soundNotification: core/notification.wav
11:08:59.343 [FXGL Background Thread 3 ] DEBUG Engine               - stageStyle: DECORATED
11:08:59.344 [FXGL Background Thread 3 ] DEBUG Engine               - supportedLanguages: [ENGLISH, FRENCH, GERMAN, HUNGARIAN, RUSSIAN]
11:08:59.344 [FXGL Background Thread 3 ] DEBUG Engine               - ticksPerSecond: -1
11:08:59.344 [FXGL Background Thread 3 ] DEBUG Engine               - title: Among Us UNEG
11:08:59.344 [FXGL Background Thread 3 ] DEBUG Engine               - urlGithub: https://github.com/AlmasB/FXGL
11:08:59.344 [FXGL Background Thread 3 ] DEBUG Engine               - urlLeaderboard: http://fxgl-top.herokuapp.com/
11:08:59.344 [FXGL Background Thread 3 ] DEBUG Engine               - urlPOM: https://raw.githubusercontent.com/AlmasB/FXGL/release/README.md
11:08:59.344 [FXGL Background Thread 3 ] DEBUG Engine               - userAppClass: class main.java.amongUs.AppPrincipal
11:08:59.344 [FXGL Background Thread 3 ] DEBUG Engine               - version: 0.0
11:08:59.344 [FXGL Background Thread 3 ] DEBUG Engine               - versionCheckDays: 7
11:08:59.344 [FXGL Background Thread 3 ] DEBUG Engine               - width: 800
11:08:59.344 [FXGL Background Thread 3 ] DEBUG Engine               - Logging services
11:08:59.344 [FXGL Background Thread 3 ] DEBUG Engine               - class com.almasb.fxgl.app.services.FXGLAssetLoaderService
11:08:59.344 [FXGL Background Thread 3 ] DEBUG Engine               - class com.almasb.fxgl.app.FXGLApplication$GameApplicationService
11:08:59.344 [FXGL Background Thread 3 ] DEBUG Engine               - class com.almasb.fxgl.app.services.FXGLDialogService
11:08:59.344 [FXGL Background Thread 3 ] DEBUG Engine               - class com.almasb.fxgl.app.services.IOTaskExecutorService
11:08:59.344 [FXGL Background Thread 3 ] DEBUG Engine               - class com.almasb.fxgl.io.FileSystemService
11:08:59.344 [FXGL Background Thread 3 ] DEBUG Engine               - class com.almasb.fxgl.localization.LocalizationService
11:08:59.345 [FXGL Background Thread 3 ] DEBUG Engine               - class com.almasb.fxgl.app.services.SystemBundleService
11:08:59.345 [FXGL Background Thread 3 ] DEBUG Engine               - class com.almasb.fxgl.profile.SaveLoadService
11:08:59.345 [FXGL Background Thread 3 ] DEBUG Engine               - class com.almasb.fxgl.ui.FXGLUIFactoryServiceProvider
11:08:59.345 [FXGL Background Thread 3 ] DEBUG Engine               - class com.almasb.fxgl.ui.FXGLDialogFactoryServiceProvider
11:08:59.345 [FXGL Background Thread 3 ] DEBUG Engine               - class com.almasb.fxgl.audio.AudioPlayer
11:08:59.345 [FXGL Background Thread 3 ] DEBUG Engine               - class com.almasb.fxgl.notification.impl.NotificationServiceProvider
11:08:59.345 [FXGL Background Thread 3 ] DEBUG Engine               - class com.almasb.fxgl.achievement.AchievementService
11:08:59.345 [FXGL Background Thread 3 ] DEBUG Engine               - class com.almasb.fxgl.cutscene.CutsceneService
11:08:59.345 [FXGL Background Thread 3 ] DEBUG Engine               - class com.almasb.fxgl.minigames.MiniGameService
11:08:59.345 [FXGL Background Thread 3 ] DEBUG Engine               - class com.almasb.fxgl.net.NetService
11:08:59.345 [FXGL Background Thread 3 ] DEBUG Engine               - class com.almasb.fxgl.app.services.UpdaterService
11:08:59.345 [FXGL Background Thread 3 ] DEBUG Engine               - class com.almasb.fxgl.dev.DevService
11:08:59.792 [JavaFX Application Thread] DEBUG FXGLAssetLoaderServi - Loading from file system: file:/C:/Users/josue/OneDrive/Desktop/proyecto%20java/Among%20Us/out/production/Among%20Us/assets/sounds/clickBoton.wav
11:09:04.490 [JavaFX Application Thread] WARN  TMXLevelLoader       - TiledMap generated from 1.11.2. Supported version: 1.9.0. Some features may not be parsed fully.
11:09:04.565 [JavaFX Application Thread] DEBUG TMXLevelLoader       - Parsed TiledMap: file:/C:/Users/josue/OneDrive/Desktop/proyecto%20java/Among%20Us/out/production/Among%20Us/assets/levels/mapa2.tmx
11:09:04.566 [JavaFX Application Thread] DEBUG TMXLevelLoader       - Creating tile layer entities
11:09:04.569 [JavaFX Application Thread] DEBUG TilesetLoader        - Loading view for layer fondo1
11:09:04.570 [JavaFX Application Thread] DEBUG TilesetLoader        - Created buffer with size 992.0x960.0
11:09:04.600 [JavaFX Application Thread] DEBUG TilesetLoader        - Loading view for layer fondo
11:09:04.600 [JavaFX Application Thread] DEBUG TilesetLoader        - Created buffer with size 992.0x960.0
11:09:04.606 [JavaFX Application Thread] DEBUG TilesetLoader        - Loading view for layer piso
11:09:04.607 [JavaFX Application Thread] DEBUG TilesetLoader        - Created buffer with size 992.0x960.0
11:09:04.612 [JavaFX Application Thread] DEBUG TilesetLoader        - Loading view for layer piso1
11:09:04.612 [JavaFX Application Thread] DEBUG TilesetLoader        - Created buffer with size 992.0x960.0
11:09:04.616 [JavaFX Application Thread] WARN  TilesetLoader        - Diagonally flipped tiles are not currently supported
11:09:04.616 [JavaFX Application Thread] WARN  TilesetLoader        - Diagonally flipped tiles are not currently supported
11:09:04.620 [JavaFX Application Thread] WARN  TilesetLoader        - Diagonally flipped tiles are not currently supported
11:09:04.625 [JavaFX Application Thread] WARN  TilesetLoader        - Diagonally flipped tiles are not currently supported
11:09:04.626 [JavaFX Application Thread] DEBUG TilesetLoader        - Loading view for layer izquierda
11:09:04.627 [JavaFX Application Thread] DEBUG TilesetLoader        - Created buffer with size 992.0x960.0
11:09:04.658 [JavaFX Application Thread] DEBUG TilesetLoader        - Loading view for layer detallesatraspared
11:09:04.659 [JavaFX Application Thread] DEBUG TilesetLoader        - Created buffer with size 992.0x960.0
11:09:04.668 [JavaFX Application Thread] WARN  TilesetLoader        - Diagonally flipped tiles are not currently supported
11:09:04.669 [JavaFX Application Thread] WARN  TilesetLoader        - Diagonally flipped tiles are not currently supported
11:09:04.692 [JavaFX Application Thread] DEBUG TilesetLoader        - Loading view for layer pared2
11:09:04.692 [JavaFX Application Thread] DEBUG TilesetLoader        - Created buffer with size 992.0x960.0
11:09:04.704 [JavaFX Application Thread] DEBUG TilesetLoader        - Loading view for layer techo1
11:09:04.705 [JavaFX Application Thread] DEBUG TilesetLoader        - Created buffer with size 992.0x960.0
11:09:04.708 [JavaFX Application Thread] DEBUG TilesetLoader        - Loading view for layer techo2
11:09:04.709 [JavaFX Application Thread] DEBUG TilesetLoader        - Created buffer with size 992.0x960.0
11:09:04.715 [JavaFX Application Thread] DEBUG TilesetLoader        - Loading view for layer puertita
11:09:04.716 [JavaFX Application Thread] DEBUG TilesetLoader        - Created buffer with size 992.0x960.0
11:09:04.717 [JavaFX Application Thread] DEBUG TilesetLoader        - Loading view for layer puerta
11:09:04.719 [JavaFX Application Thread] DEBUG TilesetLoader        - Created buffer with size 992.0x960.0
11:09:04.721 [JavaFX Application Thread] DEBUG TilesetLoader        - Loading view for layer detalles
11:09:04.722 [JavaFX Application Thread] DEBUG TilesetLoader        - Created buffer with size 992.0x960.0
11:09:04.739 [JavaFX Application Thread] DEBUG TilesetLoader        - Loading view for layer detalles 2
11:09:04.740 [JavaFX Application Thread] DEBUG TilesetLoader        - Created buffer with size 992.0x960.0
11:09:04.756 [JavaFX Application Thread] DEBUG TilesetLoader        - Loading view for layer detalles3
11:09:04.756 [JavaFX Application Thread] DEBUG TilesetLoader        - Created buffer with size 992.0x960.0
11:09:04.776 [JavaFX Application Thread] DEBUG TMXLevelLoader       - Creating object layer entities
11:09:04.855 [JavaFX Application Thread] DEBUG GameWorld            - Clearing removable entities
11:09:04.856 [JavaFX Application Thread] DEBUG GameWorld            - Setting level: com.almasb.fxgl.entity.level.Level@71eb2c70
11:09:04.893 [JavaFX Application Thread] DEBUG FXGLAssetLoaderServi - Loading from file system: file:/C:/Users/josue/OneDrive/Desktop/proyecto%20java/Among%20Us/out/production/Among%20Us/assets/textures/tripulante_negro.png
11:09:04.895 [JavaFX Application Thread] DEBUG FXGLAssetLoaderServi - Loading from file system: file:/C:/Users/josue/OneDrive/Desktop/proyecto%20java/Among%20Us/out/production/Among%20Us/assets/textures/animacion_negro.png
11:09:12.072 [JavaFX Application Thread] DEBUG FXGLApplication      - Exiting FXGL
11:09:12.074 [JavaFX Application Thread] DEBUG LoopRunner           - Stopping loop
11:09:12.075 [JavaFX Application Thread] DEBUG SystemBundleService  - Saving FXGL system data
11:09:12.081 [JavaFX Application Thread] DEBUG FileSystemAccess     - Writing to: C:\Users\josue\OneDrive\Desktop\proyecto java\Among Us\system\fxgl.bundle
11:09:12.085 [JavaFX Application Thread] DEBUG Async                - Shutting down background threads
11:09:12.085 [JavaFX Application Thread] DEBUG PrimaryStageWindow   - Closing main window
11:09:12.100 [JavaFX Application Thread] DEBUG Logger               - Closing Logger
