21:27:27.422 [main                     ] DEBUG Logger               - Configured Logger
21:27:27.436 [main                     ] DEBUG GameApplication      - Logging settings
Title: Among Us - Java Edition
Version: 0.0
Width: 800
Height: 600
Fullscreen: false
Intro: false
Profiling: false
Single step:false
App Mode: DEVELOPER
Menu Key: ESCAPE
Stage Style: DECORATED
Scene Factory: class com.almasb.fxgl.app.scene.SceneFactory

21:27:28.191 [JavaFX Application Thread] DEBUG FXGLApplication      - Initializing FXGL
21:27:28.197 [JavaFX Application Thread] INFO  Engine               - FXGL-21.1 (26.03.2024 17.33) on WINDOWS (J:25.0.2 FX:21.0.1)
21:27:28.197 [JavaFX Application Thread] DEBUG Engine               - JRE Vendor Name: Oracle Corporation
21:27:28.197 [JavaFX Application Thread] DEBUG Engine               - Running on OS: Windows 11 version 10.0
21:27:28.197 [JavaFX Application Thread] DEBUG Engine               - Architecture: amd64
21:27:28.198 [JavaFX Application Thread] INFO  Engine               - Source code and latest versions at: https://github.com/AlmasB/FXGL
21:27:28.198 [JavaFX Application Thread] INFO  Engine               -       Ask questions and discuss at: https://github.com/AlmasB/FXGL/discussions
21:27:28.198 [JavaFX Application Thread] INFO  Engine               -              Join the FXGL chat at: https://gitter.im/AlmasB/FXGL
21:27:28.368 [JavaFX Application Thread] DEBUG PrimaryStageWindow   - Creating a JavaFX scene
21:27:28.527 [JavaFX Application Thread] DEBUG PrimaryStageWindow   - Target settings size: 800.0 x 600.0
21:27:28.529 [JavaFX Application Thread] DEBUG PrimaryStageWindow   - Scaled scene size:    800.0 x 600.0
21:27:28.530 [JavaFX Application Thread] DEBUG PrimaryStageWindow   - Scaled ratio: (1.0, 1.0)
21:27:28.536 [JavaFX Application Thread] DEBUG PrimaryStageWindow   - Set initial scene to FXGLStartupScene
21:27:28.548 [JavaFX Application Thread] DEBUG PrimaryStageWindow   - Opening main window
21:27:28.715 [JavaFX Application Thread] DEBUG PrimaryStageWindow   - Window border size: (16.0, 39.0)
21:27:28.715 [JavaFX Application Thread] DEBUG PrimaryStageWindow   - Scaled size: 800.0 x 600.0
21:27:28.715 [JavaFX Application Thread] DEBUG PrimaryStageWindow   - Scaled ratio: (1.0, 1.0)
21:27:28.715 [JavaFX Application Thread] DEBUG PrimaryStageWindow   - Scene size: 800.0 x 600.0
21:27:28.716 [JavaFX Application Thread] DEBUG PrimaryStageWindow   - Stage size: 816.0 x 639.0
21:27:28.741 [FXGL Background Thread 1 ] DEBUG Engine               - Initializing environment variables
21:27:28.893 [FXGL Background Thread 1 ] DEBUG FXGLAssetLoaderServi - User app class for loading assets: class main.java.amongUs.AppPrincipal
21:27:28.893 [FXGL Background Thread 1 ] DEBUG GameApplicationServi - Applying CSS: fxgl_dark.css
21:27:28.894 [FXGL Background Thread 1 ] DEBUG FXGLAssetLoaderServi - Loading from file system: jar:file:/C:/Users/josue/OneDrive/Desktop/proyecto%20java/Among%20Us/lib/fxgl-21.1-uber.jar!/fxglassets/ui/css/fxgl_dark.css
21:27:29.006 [FXGL Background Thread 1 ] DEBUG GameApplicationServi - Initializing application scenes
21:27:29.134 [FXGL Background Thread 1 ] DEBUG GameWorld            - Game world initialized
21:27:29.206 [FXGL Background Thread 1 ] DEBUG PhysicsWorld         - Physics world initialized: appHeight=600, physics.ppm=50,0
21:27:29.207 [FXGL Background Thread 1 ] DEBUG PhysicsWorld         - Using strategy: BRUTE_FORCE
21:27:29.215 [FXGL Background Thread 1 ] DEBUG GameScene            - Game scene initialized: 800x600
21:27:29.235 [FXGL Background Thread 1 ] DEBUG FXGL.DefaultMenu     - createMenuBodyGameMenu()
21:27:29.259 [FXGL Background Thread 1 ] DEBUG FXGL.DefaultMenu     - createOptionsMenu()
21:27:29.276 [FXGL Background Thread 1 ] DEBUG FXGLAssetLoaderServi - Loading from file system: jar:file:/C:/Users/josue/OneDrive/Desktop/proyecto%20java/Among%20Us/lib/fxgl-21.1-uber.jar!/fxglassets/textures/particles/smoke.png
21:27:29.418 [FXGL Background Thread 1 ] DEBUG FXGLAssetLoaderServi - Loading from file system: jar:file:/C:/Users/josue/OneDrive/Desktop/proyecto%20java/Among%20Us/lib/fxgl-21.1-uber.jar!/fxglassets/textures/particles/trace_horizontal.png
21:27:29.453 [FXGL Background Thread 1 ] DEBUG GameApplicationServi - Application scenes initialized
21:27:29.476 [FXGL Background Thread 1 ] DEBUG SystemBundleService  - Loading FXGL system data
21:27:29.486 [FXGL Background Thread 1 ] DEBUG FileSystemAccess     - Reading from: C:\Users\josue\OneDrive\Desktop\proyecto java\Among Us\system\fxgl.bundle
21:27:29.494 [FXGL Background Thread 1 ] DEBUG SystemBundleService  - Bundle FXGL: {}
21:27:29.494 [FXGL Background Thread 1 ] DEBUG UpdaterService       - Checking for updates
21:27:29.504 [FXGL Background Thread 1 ] DEBUG FXGLApplication      - Loading default localization
21:27:29.505 [FXGL Background Thread 1 ] DEBUG FXGLAssetLoaderServi - Loading from file system: jar:file:/C:/Users/josue/OneDrive/Desktop/proyecto%20java/Among%20Us/lib/fxgl-21.1-uber.jar!/fxglassets/languages/english.lang
21:27:29.506 [FXGL Background Thread 4 ] DEBUG FXGLApplication      - Loading fonts
21:27:29.507 [FXGL Background Thread 4 ] DEBUG FXGLAssetLoaderServi - Loading from file system: jar:file:/C:/Users/josue/OneDrive/Desktop/proyecto%20java/Among%20Us/lib/fxgl-21.1-uber.jar!/fxglassets/ui/fonts/VarelaRound-Regular.ttf
21:27:29.556 [FXGL Background Thread 1 ] INFO  FXGLApplication      - FXGL initialization took: 0,814 sec
21:27:29.560 [JavaFX Application Thread] DEBUG FXGLAssetLoaderServi - Loading from file system: jar:file:/C:/Users/josue/OneDrive/Desktop/proyecto%20java/Among%20Us/lib/fxgl-21.1-uber.jar!/fxglassets/textures/fxgl_icon.png
21:27:29.614 [JavaFX Application Thread] DEBUG FXGLAssetLoaderServi - Loading from file system: jar:file:/C:/Users/josue/OneDrive/Desktop/proyecto%20java/Among%20Us/lib/fxgl-21.1-uber.jar!/fxglassets/textures/fxgl_default_cursor.png
21:27:29.632 [JavaFX Application Thread] DEBUG Input                - Registered new binding: Screenshot - CTRL+8
21:27:29.633 [JavaFX Application Thread] DEBUG Input                - Registered new binding: System info dump - CTRL+9
21:27:29.633 [JavaFX Application Thread] DEBUG Input                - Registered new binding: Restart - CTRL+R
21:27:29.634 [JavaFX Application Thread] DEBUG Input                - Registered new binding: Toggle Debug Camera - CTRL+7
21:27:29.645 [JavaFX Application Thread] DEBUG LoopRunner           - Starting loop
21:27:29.645 [JavaFX Application Thread] DEBUG LoopRunner           - Initializing JavaFX AnimationTimerLoop
21:27:29.647 [JavaFX Application Thread] DEBUG GameApplicationServi - Starting new game
21:27:29.649 [JavaFX Application Thread] DEBUG Input                - Clearing active input actions
21:27:29.687 [JavaFX Application Thread] DEBUG GameApplicationServi - Removing overlay from FXGLStartupScene and adding to FXGLLoadingScene
21:27:29.688 [JavaFX Application Thread] DEBUG PrimaryStageWindow   - FXGLStartupScene -> FXGLLoadingScene
21:27:29.689 [JavaFX Application Thread] DEBUG GameApplicationServi - Clearing previous game
21:27:29.689 [JavaFX Application Thread] DEBUG GameScene            - Clearing game scene
21:27:29.689 [JavaFX Application Thread] DEBUG GameWorld            - Clearing game world
21:27:29.690 [JavaFX Application Thread] DEBUG PhysicsWorld         - Clearing physics world
21:27:29.692 [FXGL Background Thread 1 ] DEBUG FXGLApplication      - Initializing game
21:27:30.470 [FXGL Background Thread 1 ] INFO  FXGLApplication      - Game initialization took: 0,778 sec
21:27:30.479 [JavaFX Application Thread] DEBUG Input                - Clearing active input actions
21:27:30.508 [JavaFX Application Thread] DEBUG GameApplicationServi - Removing overlay from FXGLLoadingScene and adding to GameScene
21:27:30.508 [JavaFX Application Thread] DEBUG PrimaryStageWindow   - FXGLLoadingScene -> GameScene
21:27:30.866 [FXGL Background Thread 4 ] DEBUG FXGLAssetLoaderServi - Loading from file system: jar:file:/C:/Users/josue/OneDrive/Desktop/proyecto%20java/Among%20Us/lib/fxgl-21.1-uber.jar!/fxglassets/ui/fonts/Abel-Regular.ttf
21:27:30.871 [FXGL Background Thread 4 ] DEBUG FXGLAssetLoaderServi - Loading from file system: jar:file:/C:/Users/josue/OneDrive/Desktop/proyecto%20java/Among%20Us/lib/fxgl-21.1-uber.jar!/fxglassets/ui/fonts/TerminalLandMono-Regular.otf
21:27:30.881 [FXGL Background Thread 4 ] DEBUG FXGLAssetLoaderServi - Loading from file system: jar:file:/C:/Users/josue/OneDrive/Desktop/proyecto%20java/Among%20Us/lib/fxgl-21.1-uber.jar!/fxglassets/ui/fonts/Courier-Prime.ttf
21:27:30.891 [JavaFX Application Thread] DEBUG FXGLApplication      - Registering font factories with UI factory
21:27:32.500 [FXGL Background Thread 3 ] DEBUG Engine               - Logging environment variables
21:27:32.500 [FXGL Background Thread 3 ] DEBUG Engine               - achievements: []
21:27:32.501 [FXGL Background Thread 3 ] DEBUG Engine               - actualHeight: 600.0
21:27:32.502 [FXGL Background Thread 3 ] DEBUG Engine               - actualHeightProperty: ReadOnlyDoubleProperty [value: 600.0]
21:27:32.502 [FXGL Background Thread 3 ] DEBUG Engine               - actualWidth: 800.0
21:27:32.502 [FXGL Background Thread 3 ] DEBUG Engine               - actualWidthProperty: ReadOnlyDoubleProperty [value: 800.0]
21:27:32.502 [FXGL Background Thread 3 ] DEBUG Engine               - appIcon: fxgl_icon.png
21:27:32.502 [FXGL Background Thread 3 ] DEBUG Engine               - applicationMode: DEVELOPER
21:27:32.502 [FXGL Background Thread 3 ] DEBUG Engine               - cSSList: [fxgl_dark.css]
21:27:32.502 [FXGL Background Thread 3 ] DEBUG Engine               - collisionDetectionStrategy: BRUTE_FORCE
21:27:32.502 [FXGL Background Thread 3 ] DEBUG Engine               - configClass: Optional.empty
21:27:32.502 [FXGL Background Thread 3 ] DEBUG Engine               - credits: []
21:27:32.502 [FXGL Background Thread 3 ] DEBUG Engine               - defaultCursor: CursorInfo(imageName=fxgl_default_cursor.png, hotspotX=7.0, hotspotY=6.0)
21:27:32.503 [FXGL Background Thread 3 ] DEBUG Engine               - devBBoxColorProperty: ObjectProperty [value: 0xff0000ff]
21:27:32.503 [FXGL Background Thread 3 ] DEBUG Engine               - devEnableDebugCameraProperty: BooleanProperty [value: false]
21:27:32.504 [FXGL Background Thread 3 ] DEBUG Engine               - devSensorColorProperty: ObjectProperty [value: 0xffff00ff]
21:27:32.504 [FXGL Background Thread 3 ] DEBUG Engine               - devShowBBoxProperty: BooleanProperty [value: false]
21:27:32.504 [FXGL Background Thread 3 ] DEBUG Engine               - devShowPositionProperty: BooleanProperty [value: false]
21:27:32.504 [FXGL Background Thread 3 ] DEBUG Engine               - enabledMenuItems: []
21:27:32.504 [FXGL Background Thread 3 ] DEBUG Engine               - engineServices: [class com.almasb.fxgl.app.services.FXGLAssetLoaderService, class com.almasb.fxgl.app.FXGLApplication$GameApplicationService, class com.almasb.fxgl.app.services.FXGLDialogService, class com.almasb.fxgl.app.services.IOTaskExecutorService, class com.almasb.fxgl.io.FileSystemService, class com.almasb.fxgl.localization.LocalizationService, class com.almasb.fxgl.app.services.SystemBundleService, class com.almasb.fxgl.profile.SaveLoadService, class com.almasb.fxgl.ui.FXGLUIFactoryServiceProvider, class com.almasb.fxgl.ui.FXGLDialogFactoryServiceProvider, class com.almasb.fxgl.audio.AudioPlayer, class com.almasb.fxgl.notification.impl.NotificationServiceProvider, class com.almasb.fxgl.achievement.AchievementService, class com.almasb.fxgl.cutscene.CutsceneService, class com.almasb.fxgl.minigames.MiniGameService, class com.almasb.fxgl.net.NetService, class com.almasb.fxgl.app.services.UpdaterService, class com.almasb.fxgl.dev.DevService]
21:27:32.505 [FXGL Background Thread 3 ] DEBUG Engine               - fontGame: Abel-Regular.ttf
21:27:32.505 [FXGL Background Thread 3 ] DEBUG Engine               - fontMono: TerminalLandMono-Regular.otf
21:27:32.505 [FXGL Background Thread 3 ] DEBUG Engine               - fontSizeScaleUI: 1.0
21:27:32.505 [FXGL Background Thread 3 ] DEBUG Engine               - fontText: Courier-Prime.ttf
21:27:32.505 [FXGL Background Thread 3 ] DEBUG Engine               - fontUI: VarelaRound-Regular.ttf
21:27:32.505 [FXGL Background Thread 3 ] DEBUG Engine               - fullScreen: BooleanProperty [value: false]
21:27:32.505 [FXGL Background Thread 3 ] DEBUG Engine               - gameDifficulty: MEDIUM
21:27:32.506 [FXGL Background Thread 3 ] DEBUG Engine               - gameDifficultyProperty: ObjectProperty [value: MEDIUM]
21:27:32.506 [FXGL Background Thread 3 ] DEBUG Engine               - globalMusicVolume: 0.5
21:27:32.506 [FXGL Background Thread 3 ] DEBUG Engine               - globalMusicVolumeProperty: DoubleProperty [value: 0.5]
21:27:32.506 [FXGL Background Thread 3 ] DEBUG Engine               - globalSoundVolume: 0.5
21:27:32.506 [FXGL Background Thread 3 ] DEBUG Engine               - globalSoundVolumeProperty: DoubleProperty [value: 0.5]
21:27:32.506 [FXGL Background Thread 3 ] DEBUG Engine               - height: 600
21:27:32.506 [FXGL Background Thread 3 ] DEBUG Engine               - is3D: false
21:27:32.506 [FXGL Background Thread 3 ] DEBUG Engine               - isAndroid: false
21:27:32.506 [FXGL Background Thread 3 ] DEBUG Engine               - isBrowser: false
21:27:32.506 [FXGL Background Thread 3 ] DEBUG Engine               - isClickFeedbackEnabled: false
21:27:32.506 [FXGL Background Thread 3 ] DEBUG Engine               - isCloseConfirmation: false
21:27:32.506 [FXGL Background Thread 3 ] DEBUG Engine               - isDesktop: true
21:27:32.506 [FXGL Background Thread 3 ] DEBUG Engine               - isDeveloperMenuEnabled: false
21:27:32.506 [FXGL Background Thread 3 ] DEBUG Engine               - isEmbedded: false
21:27:32.506 [FXGL Background Thread 3 ] DEBUG Engine               - isEntityPreloadEnabled: true
21:27:32.507 [FXGL Background Thread 3 ] DEBUG Engine               - isExperimentalTiledLargeMap: false
21:27:32.507 [FXGL Background Thread 3 ] DEBUG Engine               - isFileSystemWriteAllowed: true
21:27:32.507 [FXGL Background Thread 3 ] DEBUG Engine               - isFullScreenAllowed: false
21:27:32.507 [FXGL Background Thread 3 ] DEBUG Engine               - isFullScreenFromStart: false
21:27:32.507 [FXGL Background Thread 3 ] DEBUG Engine               - isGameMenuEnabled: true
21:27:32.507 [FXGL Background Thread 3 ] DEBUG Engine               - isIOS: false
21:27:32.507 [FXGL Background Thread 3 ] DEBUG Engine               - isIntroEnabled: false
21:27:32.507 [FXGL Background Thread 3 ] DEBUG Engine               - isLinux: false
21:27:32.507 [FXGL Background Thread 3 ] DEBUG Engine               - isMac: false
21:27:32.507 [FXGL Background Thread 3 ] DEBUG Engine               - isMainMenuEnabled: false
21:27:32.507 [FXGL Background Thread 3 ] DEBUG Engine               - isManualResizeEnabled: false
21:27:32.507 [FXGL Background Thread 3 ] DEBUG Engine               - isMobile: false
21:27:32.507 [FXGL Background Thread 3 ] DEBUG Engine               - isNative: false
21:27:32.507 [FXGL Background Thread 3 ] DEBUG Engine               - isPauseMusicWhenMinimized: true
21:27:32.507 [FXGL Background Thread 3 ] DEBUG Engine               - isPreserveResizeRatio: false
21:27:32.507 [FXGL Background Thread 3 ] DEBUG Engine               - isProfilingEnabled: false
21:27:32.507 [FXGL Background Thread 3 ] DEBUG Engine               - isScaleAffectedOnResize: true
21:27:32.508 [FXGL Background Thread 3 ] DEBUG Engine               - isSingleStep: false
21:27:32.508 [FXGL Background Thread 3 ] DEBUG Engine               - isUserProfileEnabled: false
21:27:32.508 [FXGL Background Thread 3 ] DEBUG Engine               - isWindows: true
21:27:32.508 [FXGL Background Thread 3 ] DEBUG Engine               - language: ObjectProperty [value: ENGLISH]
21:27:32.508 [FXGL Background Thread 3 ] DEBUG Engine               - menuKey: ESCAPE
21:27:32.508 [FXGL Background Thread 3 ] DEBUG Engine               - mouseSensitivity: 0.2
21:27:32.508 [FXGL Background Thread 3 ] DEBUG Engine               - notificationViewClass: class com.almasb.fxgl.notification.view.XboxNotificationView
21:27:32.508 [FXGL Background Thread 3 ] DEBUG Engine               - pixelsPerMeter: 50.0
21:27:32.508 [FXGL Background Thread 3 ] DEBUG Engine               - platform: WINDOWS
21:27:32.508 [FXGL Background Thread 3 ] DEBUG Engine               - prefHeightProperty: ReadOnlyDoubleProperty [value: 600.0]
21:27:32.508 [FXGL Background Thread 3 ] DEBUG Engine               - prefWidthProperty: ReadOnlyDoubleProperty [value: 800.0]
21:27:32.508 [FXGL Background Thread 3 ] DEBUG Engine               - profileDir: profiles/
21:27:32.508 [FXGL Background Thread 3 ] DEBUG Engine               - profileName: StringProperty [value: DEFAULT]
21:27:32.508 [FXGL Background Thread 3 ] DEBUG Engine               - randomSeed: -1
21:27:32.508 [FXGL Background Thread 3 ] DEBUG Engine               - runtimeInfo: RuntimeInfo(platform=WINDOWS, version=21.1, build=26.03.2024 17.33)
21:27:32.508 [FXGL Background Thread 3 ] DEBUG Engine               - saveFileExt: sav
21:27:32.509 [FXGL Background Thread 3 ] DEBUG Engine               - scaledHeightProp$fxgl: DoubleProperty [bound, value: 600.0]
21:27:32.509 [FXGL Background Thread 3 ] DEBUG Engine               - scaledWidthProp$fxgl: DoubleProperty [bound, value: 800.0]
21:27:32.509 [FXGL Background Thread 3 ] DEBUG Engine               - sceneFactory: com.almasb.fxgl.app.scene.SceneFactory@430c7be6
21:27:32.509 [FXGL Background Thread 3 ] DEBUG Engine               - secondsIn24h: 60
21:27:32.509 [FXGL Background Thread 3 ] DEBUG Engine               - soundMenuBack: menu/back.wav
21:27:32.509 [FXGL Background Thread 3 ] DEBUG Engine               - soundMenuPress: menu/press.wav
21:27:32.509 [FXGL Background Thread 3 ] DEBUG Engine               - soundMenuSelect: menu/select.wav
21:27:32.509 [FXGL Background Thread 3 ] DEBUG Engine               - soundNotification: core/notification.wav
21:27:32.509 [FXGL Background Thread 3 ] DEBUG Engine               - stageStyle: DECORATED
21:27:32.509 [FXGL Background Thread 3 ] DEBUG Engine               - supportedLanguages: [ENGLISH, FRENCH, GERMAN, HUNGARIAN, RUSSIAN]
21:27:32.509 [FXGL Background Thread 3 ] DEBUG Engine               - ticksPerSecond: -1
21:27:32.509 [FXGL Background Thread 3 ] DEBUG Engine               - title: Among Us - Java Edition
21:27:32.509 [FXGL Background Thread 3 ] DEBUG Engine               - urlGithub: https://github.com/AlmasB/FXGL
21:27:32.509 [FXGL Background Thread 3 ] DEBUG Engine               - urlLeaderboard: http://fxgl-top.herokuapp.com/
21:27:32.509 [FXGL Background Thread 3 ] DEBUG Engine               - urlPOM: https://raw.githubusercontent.com/AlmasB/FXGL/release/README.md
21:27:32.509 [FXGL Background Thread 3 ] DEBUG Engine               - userAppClass: class main.java.amongUs.AppPrincipal
21:27:32.509 [FXGL Background Thread 3 ] DEBUG Engine               - version: 0.0
21:27:32.510 [FXGL Background Thread 3 ] DEBUG Engine               - versionCheckDays: 7
21:27:32.510 [FXGL Background Thread 3 ] DEBUG Engine               - width: 800
21:27:32.510 [FXGL Background Thread 3 ] DEBUG Engine               - Logging services
21:27:32.510 [FXGL Background Thread 3 ] DEBUG Engine               - class com.almasb.fxgl.app.services.FXGLAssetLoaderService
21:27:32.510 [FXGL Background Thread 3 ] DEBUG Engine               - class com.almasb.fxgl.app.FXGLApplication$GameApplicationService
21:27:32.510 [FXGL Background Thread 3 ] DEBUG Engine               - class com.almasb.fxgl.app.services.FXGLDialogService
21:27:32.510 [FXGL Background Thread 3 ] DEBUG Engine               - class com.almasb.fxgl.app.services.IOTaskExecutorService
21:27:32.510 [FXGL Background Thread 3 ] DEBUG Engine               - class com.almasb.fxgl.io.FileSystemService
21:27:32.510 [FXGL Background Thread 3 ] DEBUG Engine               - class com.almasb.fxgl.localization.LocalizationService
21:27:32.510 [FXGL Background Thread 3 ] DEBUG Engine               - class com.almasb.fxgl.app.services.SystemBundleService
21:27:32.510 [FXGL Background Thread 3 ] DEBUG Engine               - class com.almasb.fxgl.profile.SaveLoadService
21:27:32.510 [FXGL Background Thread 3 ] DEBUG Engine               - class com.almasb.fxgl.ui.FXGLUIFactoryServiceProvider
21:27:32.510 [FXGL Background Thread 3 ] DEBUG Engine               - class com.almasb.fxgl.ui.FXGLDialogFactoryServiceProvider
21:27:32.510 [FXGL Background Thread 3 ] DEBUG Engine               - class com.almasb.fxgl.audio.AudioPlayer
21:27:32.510 [FXGL Background Thread 3 ] DEBUG Engine               - class com.almasb.fxgl.notification.impl.NotificationServiceProvider
21:27:32.510 [FXGL Background Thread 3 ] DEBUG Engine               - class com.almasb.fxgl.achievement.AchievementService
21:27:32.510 [FXGL Background Thread 3 ] DEBUG Engine               - class com.almasb.fxgl.cutscene.CutsceneService
21:27:32.510 [FXGL Background Thread 3 ] DEBUG Engine               - class com.almasb.fxgl.minigames.MiniGameService
21:27:32.510 [FXGL Background Thread 3 ] DEBUG Engine               - class com.almasb.fxgl.net.NetService
21:27:32.514 [FXGL Background Thread 3 ] DEBUG Engine               - class com.almasb.fxgl.app.services.UpdaterService
21:27:32.514 [FXGL Background Thread 3 ] DEBUG Engine               - class com.almasb.fxgl.dev.DevService
21:27:37.776 [JavaFX Application Thread] DEBUG FXGLApplication      - Exiting FXGL
21:27:37.777 [JavaFX Application Thread] DEBUG LoopRunner           - Stopping loop
21:27:37.777 [JavaFX Application Thread] DEBUG SystemBundleService  - Saving FXGL system data
21:27:37.780 [JavaFX Application Thread] DEBUG FileSystemAccess     - Writing to: C:\Users\josue\OneDrive\Desktop\proyecto java\Among Us\system\fxgl.bundle
21:27:37.783 [JavaFX Application Thread] DEBUG Async                - Shutting down background threads
21:27:37.784 [JavaFX Application Thread] DEBUG PrimaryStageWindow   - Closing main window
21:27:37.810 [JavaFX Application Thread] DEBUG Logger               - Closing Logger
