23:52:20.242 [main                     ] DEBUG Logger               - Configured Logger
23:52:20.311 [main                     ] DEBUG GameApplication      - Logging settings
Title: Among Us UNEG
Version: 0.0
Width: 800
Height: 600
Fullscreen: false
Intro: false
Profiling: false
Single step:false
App Mode: DEVELOPER
Menu Key: ESCAPE
Stage Style: DECORATED
Scene Factory: class com.almasb.fxgl.app.scene.SceneFactory

23:52:22.716 [JavaFX Application Thread] DEBUG FXGLApplication      - Initializing FXGL
23:52:22.721 [JavaFX Application Thread] INFO  Engine               - FXGL-21.1 (26.03.2024 17.33) on WINDOWS (J:25.0.2 FX:21.0.1)
23:52:22.721 [JavaFX Application Thread] DEBUG Engine               - JRE Vendor Name: Oracle Corporation
23:52:22.721 [JavaFX Application Thread] DEBUG Engine               - Running on OS: Windows 11 version 10.0
23:52:22.721 [JavaFX Application Thread] DEBUG Engine               - Architecture: amd64
23:52:22.721 [JavaFX Application Thread] INFO  Engine               - Source code and latest versions at: https://github.com/AlmasB/FXGL
23:52:22.722 [JavaFX Application Thread] INFO  Engine               -       Ask questions and discuss at: https://github.com/AlmasB/FXGL/discussions
23:52:22.722 [JavaFX Application Thread] INFO  Engine               -              Join the FXGL chat at: https://gitter.im/AlmasB/FXGL
23:52:22.898 [JavaFX Application Thread] DEBUG PrimaryStageWindow   - Creating a JavaFX scene
23:52:23.060 [JavaFX Application Thread] DEBUG PrimaryStageWindow   - Target settings size: 800.0 x 600.0
23:52:23.060 [JavaFX Application Thread] DEBUG PrimaryStageWindow   - Scaled scene size:    800.0 x 600.0
23:52:23.060 [JavaFX Application Thread] DEBUG PrimaryStageWindow   - Scaled ratio: (1.0, 1.0)
23:52:23.062 [JavaFX Application Thread] DEBUG PrimaryStageWindow   - Set initial scene to FXGLStartupScene
23:52:23.072 [JavaFX Application Thread] DEBUG PrimaryStageWindow   - Opening main window
23:52:23.280 [JavaFX Application Thread] DEBUG PrimaryStageWindow   - Window border size: (16.0, 39.0)
23:52:23.281 [JavaFX Application Thread] DEBUG PrimaryStageWindow   - Scaled size: 800.0 x 600.0
23:52:23.281 [JavaFX Application Thread] DEBUG PrimaryStageWindow   - Scaled ratio: (1.0, 1.0)
23:52:23.281 [JavaFX Application Thread] DEBUG PrimaryStageWindow   - Scene size: 800.0 x 600.0
23:52:23.281 [JavaFX Application Thread] DEBUG PrimaryStageWindow   - Stage size: 816.0 x 639.0
23:52:23.353 [FXGL Background Thread 1 ] DEBUG Engine               - Initializing environment variables
23:52:23.585 [FXGL Background Thread 1 ] DEBUG FXGLAssetLoaderServi - User app class for loading assets: class main.java.amongUs.AppPrincipal
23:52:23.586 [FXGL Background Thread 1 ] DEBUG GameApplicationServi - Applying CSS: fxgl_dark.css
23:52:23.587 [FXGL Background Thread 1 ] DEBUG FXGLAssetLoaderServi - Loading from file system: jar:file:/C:/Users/josue/OneDrive/Desktop/proyecto%20java/Among%20Us/lib/fxgl-21.1-uber.jar!/fxglassets/ui/css/fxgl_dark.css
23:52:23.747 [FXGL Background Thread 1 ] DEBUG GameApplicationServi - Initializing application scenes
23:52:23.866 [FXGL Background Thread 1 ] DEBUG GameWorld            - Game world initialized
23:52:24.072 [FXGL Background Thread 1 ] DEBUG PhysicsWorld         - Physics world initialized: appHeight=600, physics.ppm=50,0
23:52:24.074 [FXGL Background Thread 1 ] DEBUG PhysicsWorld         - Using strategy: BRUTE_FORCE
23:52:24.083 [FXGL Background Thread 1 ] DEBUG GameScene            - Game scene initialized: 800x600
23:52:24.107 [FXGL Background Thread 1 ] DEBUG FXGL.DefaultMenu     - createMenuBodyGameMenu()
23:52:24.138 [FXGL Background Thread 1 ] DEBUG FXGL.DefaultMenu     - createOptionsMenu()
23:52:24.409 [FXGL Background Thread 1 ] DEBUG FXGLAssetLoaderServi - Loading from file system: jar:file:/C:/Users/josue/OneDrive/Desktop/proyecto%20java/Among%20Us/lib/fxgl-21.1-uber.jar!/fxglassets/textures/particles/smoke.png
23:52:24.682 [FXGL Background Thread 1 ] DEBUG FXGLAssetLoaderServi - Loading from file system: jar:file:/C:/Users/josue/OneDrive/Desktop/proyecto%20java/Among%20Us/lib/fxgl-21.1-uber.jar!/fxglassets/textures/particles/trace_horizontal.png
23:52:24.736 [FXGL Background Thread 1 ] DEBUG GameApplicationServi - Application scenes initialized
23:52:24.758 [FXGL Background Thread 1 ] DEBUG SystemBundleService  - Loading FXGL system data
23:52:24.762 [FXGL Background Thread 1 ] DEBUG FileSystemAccess     - Reading from: C:\Users\josue\OneDrive\Desktop\proyecto java\Among Us\system\fxgl.bundle
23:52:24.773 [FXGL Background Thread 1 ] DEBUG SystemBundleService  - Bundle FXGL: {}
23:52:24.773 [FXGL Background Thread 1 ] DEBUG UpdaterService       - Checking for updates
23:52:24.806 [FXGL Background Thread 1 ] DEBUG FXGLApplication      - Loading default localization
23:52:24.807 [FXGL Background Thread 1 ] DEBUG FXGLAssetLoaderServi - Loading from file system: jar:file:/C:/Users/josue/OneDrive/Desktop/proyecto%20java/Among%20Us/lib/fxgl-21.1-uber.jar!/fxglassets/languages/english.lang
23:52:24.928 [FXGL Background Thread 4 ] DEBUG FXGLApplication      - Loading fonts
23:52:24.929 [FXGL Background Thread 4 ] DEBUG FXGLAssetLoaderServi - Loading from file system: jar:file:/C:/Users/josue/OneDrive/Desktop/proyecto%20java/Among%20Us/lib/fxgl-21.1-uber.jar!/fxglassets/ui/fonts/VarelaRound-Regular.ttf
23:52:25.079 [FXGL Background Thread 1 ] INFO  FXGLApplication      - FXGL initialization took: 1,725 sec
23:52:25.112 [JavaFX Application Thread] DEBUG Input                - Registered new binding: Mover Arriba - W
23:52:25.112 [JavaFX Application Thread] DEBUG Input                - Registered new binding: Mover Abajo - S
23:52:25.112 [JavaFX Application Thread] DEBUG Input                - Registered new binding: Mover Izquierda - A
23:52:25.116 [JavaFX Application Thread] DEBUG Input                - Registered new binding: Mover Derecha - D
23:52:25.119 [JavaFX Application Thread] DEBUG FXGLAssetLoaderServi - Loading from file system: file:/C:/Users/josue/OneDrive/Desktop/proyecto%20java/Among%20Us/out/production/Among%20Us/assets/textures/icono.png
23:52:25.341 [JavaFX Application Thread] DEBUG FXGLAssetLoaderServi - Loading from file system: jar:file:/C:/Users/josue/OneDrive/Desktop/proyecto%20java/Among%20Us/lib/fxgl-21.1-uber.jar!/fxglassets/textures/fxgl_default_cursor.png
23:52:25.388 [JavaFX Application Thread] DEBUG Input                - Registered new binding: Screenshot - CTRL+8
23:52:25.392 [JavaFX Application Thread] DEBUG Input                - Registered new binding: System info dump - CTRL+9
23:52:25.395 [JavaFX Application Thread] DEBUG Input                - Registered new binding: Restart - CTRL+R
23:52:25.400 [JavaFX Application Thread] DEBUG Input                - Registered new binding: Toggle Debug Camera - CTRL+7
23:52:25.418 [JavaFX Application Thread] DEBUG LoopRunner           - Starting loop
23:52:25.426 [JavaFX Application Thread] DEBUG LoopRunner           - Initializing JavaFX AnimationTimerLoop
23:52:25.429 [JavaFX Application Thread] DEBUG GameApplicationServi - Starting new game
23:52:25.429 [JavaFX Application Thread] DEBUG Input                - Clearing active input actions
23:52:25.876 [FXGL Background Thread 4 ] DEBUG FXGLAssetLoaderServi - Loading from file system: jar:file:/C:/Users/josue/OneDrive/Desktop/proyecto%20java/Among%20Us/lib/fxgl-21.1-uber.jar!/fxglassets/ui/fonts/Abel-Regular.ttf
23:52:26.104 [FXGL Background Thread 4 ] DEBUG FXGLAssetLoaderServi - Loading from file system: jar:file:/C:/Users/josue/OneDrive/Desktop/proyecto%20java/Among%20Us/lib/fxgl-21.1-uber.jar!/fxglassets/ui/fonts/TerminalLandMono-Regular.otf
23:52:26.223 [JavaFX Application Thread] DEBUG GameApplicationServi - Removing overlay from FXGLStartupScene and adding to FXGLLoadingScene
23:52:26.252 [FXGL Background Thread 4 ] DEBUG FXGLAssetLoaderServi - Loading from file system: jar:file:/C:/Users/josue/OneDrive/Desktop/proyecto%20java/Among%20Us/lib/fxgl-21.1-uber.jar!/fxglassets/ui/fonts/Courier-Prime.ttf
23:52:26.233 [JavaFX Application Thread] DEBUG PrimaryStageWindow   - FXGLStartupScene -> FXGLLoadingScene
23:52:26.267 [JavaFX Application Thread] DEBUG GameApplicationServi - Clearing previous game
23:52:26.291 [JavaFX Application Thread] DEBUG GameScene            - Clearing game scene
23:52:26.292 [JavaFX Application Thread] DEBUG GameWorld            - Clearing game world
23:52:26.292 [JavaFX Application Thread] DEBUG PhysicsWorld         - Clearing physics world
23:52:26.298 [FXGL Background Thread 1 ] DEBUG FXGLApplication      - Initializing game
23:52:26.341 [FXGL Background Thread 1 ] DEBUG FXGLAssetLoaderServi - Loading from file system: file:/C:/Users/josue/OneDrive/Desktop/proyecto%20java/Among%20Us/out/production/Among%20Us/assets/music/musicaMenu.mp3
23:52:26.476 [JavaFX Application Thread] DEBUG FXGLApplication      - Registering font factories with UI factory
23:52:27.091 [FXGL Background Thread 1 ] DEBUG AudioPlayer          - Playing music com.almasb.fxgl.audio.Music@3fcccfb1
23:52:27.831 [FXGL Background Thread 3 ] DEBUG Engine               - Logging environment variables
23:52:28.326 [FXGL Background Thread 3 ] DEBUG Engine               - achievements: []
23:52:28.326 [FXGL Background Thread 3 ] DEBUG Engine               - actualHeight: 600.0
23:52:28.326 [FXGL Background Thread 3 ] DEBUG Engine               - actualHeightProperty: ReadOnlyDoubleProperty [value: 600.0]
23:52:28.375 [FXGL Background Thread 3 ] DEBUG Engine               - actualWidth: 800.0
23:52:28.441 [FXGL Background Thread 3 ] DEBUG Engine               - actualWidthProperty: ReadOnlyDoubleProperty [value: 800.0]
23:52:28.441 [FXGL Background Thread 3 ] DEBUG Engine               - appIcon: icono.png
23:52:28.462 [FXGL Background Thread 3 ] DEBUG Engine               - applicationMode: DEVELOPER
23:52:28.462 [FXGL Background Thread 3 ] DEBUG Engine               - cSSList: [fxgl_dark.css]
23:52:28.462 [FXGL Background Thread 3 ] DEBUG Engine               - collisionDetectionStrategy: BRUTE_FORCE
23:52:28.462 [FXGL Background Thread 3 ] DEBUG Engine               - configClass: Optional.empty
23:52:28.462 [FXGL Background Thread 3 ] DEBUG Engine               - credits: []
23:52:28.463 [FXGL Background Thread 3 ] DEBUG Engine               - defaultCursor: CursorInfo(imageName=fxgl_default_cursor.png, hotspotX=7.0, hotspotY=6.0)
23:52:28.467 [FXGL Background Thread 3 ] DEBUG Engine               - devBBoxColorProperty: ObjectProperty [value: 0xff0000ff]
23:52:28.467 [FXGL Background Thread 3 ] DEBUG Engine               - devEnableDebugCameraProperty: BooleanProperty [value: false]
23:52:28.470 [FXGL Background Thread 3 ] DEBUG Engine               - devSensorColorProperty: ObjectProperty [value: 0xffff00ff]
23:52:28.470 [FXGL Background Thread 3 ] DEBUG Engine               - devShowBBoxProperty: BooleanProperty [value: false]
23:52:28.470 [FXGL Background Thread 3 ] DEBUG Engine               - devShowPositionProperty: BooleanProperty [value: false]
23:52:28.471 [FXGL Background Thread 3 ] DEBUG Engine               - enabledMenuItems: []
23:52:28.471 [FXGL Background Thread 3 ] DEBUG Engine               - engineServices: [class com.almasb.fxgl.app.services.FXGLAssetLoaderService, class com.almasb.fxgl.app.FXGLApplication$GameApplicationService, class com.almasb.fxgl.app.services.FXGLDialogService, class com.almasb.fxgl.app.services.IOTaskExecutorService, class com.almasb.fxgl.io.FileSystemService, class com.almasb.fxgl.localization.LocalizationService, class com.almasb.fxgl.app.services.SystemBundleService, class com.almasb.fxgl.profile.SaveLoadService, class com.almasb.fxgl.ui.FXGLUIFactoryServiceProvider, class com.almasb.fxgl.ui.FXGLDialogFactoryServiceProvider, class com.almasb.fxgl.audio.AudioPlayer, class com.almasb.fxgl.notification.impl.NotificationServiceProvider, class com.almasb.fxgl.achievement.AchievementService, class com.almasb.fxgl.cutscene.CutsceneService, class com.almasb.fxgl.minigames.MiniGameService, class com.almasb.fxgl.net.NetService, class com.almasb.fxgl.app.services.UpdaterService, class com.almasb.fxgl.dev.DevService]
23:52:28.471 [FXGL Background Thread 3 ] DEBUG Engine               - fontGame: Abel-Regular.ttf
23:52:28.471 [FXGL Background Thread 3 ] DEBUG Engine               - fontMono: TerminalLandMono-Regular.otf
23:52:28.471 [FXGL Background Thread 3 ] DEBUG Engine               - fontSizeScaleUI: 1.0
23:52:28.471 [FXGL Background Thread 3 ] DEBUG Engine               - fontText: Courier-Prime.ttf
23:52:28.471 [FXGL Background Thread 3 ] DEBUG Engine               - fontUI: VarelaRound-Regular.ttf
23:52:28.471 [FXGL Background Thread 3 ] DEBUG Engine               - fullScreen: BooleanProperty [value: false]
23:52:28.471 [FXGL Background Thread 3 ] DEBUG Engine               - gameDifficulty: MEDIUM
23:52:28.471 [FXGL Background Thread 3 ] DEBUG Engine               - gameDifficultyProperty: ObjectProperty [value: MEDIUM]
23:52:28.471 [FXGL Background Thread 3 ] DEBUG Engine               - globalMusicVolume: 0.5
23:52:28.471 [FXGL Background Thread 3 ] DEBUG Engine               - globalMusicVolumeProperty: DoubleProperty [value: 0.4]
23:52:28.472 [FXGL Background Thread 3 ] DEBUG Engine               - globalSoundVolume: 0.5
23:52:28.472 [FXGL Background Thread 3 ] DEBUG Engine               - globalSoundVolumeProperty: DoubleProperty [value: 0.5]
23:52:28.472 [FXGL Background Thread 3 ] DEBUG Engine               - height: 600
23:52:28.472 [FXGL Background Thread 3 ] DEBUG Engine               - is3D: false
23:52:28.472 [FXGL Background Thread 3 ] DEBUG Engine               - isAndroid: false
23:52:28.472 [FXGL Background Thread 3 ] DEBUG Engine               - isBrowser: false
23:52:28.472 [FXGL Background Thread 3 ] DEBUG Engine               - isClickFeedbackEnabled: false
23:52:28.472 [FXGL Background Thread 3 ] DEBUG Engine               - isCloseConfirmation: false
23:52:28.472 [FXGL Background Thread 3 ] DEBUG Engine               - isDesktop: true
23:52:28.472 [FXGL Background Thread 3 ] DEBUG Engine               - isDeveloperMenuEnabled: false
23:52:28.472 [FXGL Background Thread 3 ] DEBUG Engine               - isEmbedded: false
23:52:28.473 [FXGL Background Thread 3 ] DEBUG Engine               - isEntityPreloadEnabled: true
23:52:28.477 [FXGL Background Thread 3 ] DEBUG Engine               - isExperimentalTiledLargeMap: false
23:52:28.477 [FXGL Background Thread 3 ] DEBUG Engine               - isFileSystemWriteAllowed: true
23:52:28.478 [FXGL Background Thread 3 ] DEBUG Engine               - isFullScreenAllowed: false
23:52:28.478 [FXGL Background Thread 3 ] DEBUG Engine               - isFullScreenFromStart: false
23:52:28.480 [FXGL Background Thread 3 ] DEBUG Engine               - isGameMenuEnabled: true
23:52:28.480 [FXGL Background Thread 3 ] DEBUG Engine               - isIOS: false
23:52:28.480 [FXGL Background Thread 3 ] DEBUG Engine               - isIntroEnabled: false
23:52:28.480 [FXGL Background Thread 3 ] DEBUG Engine               - isLinux: false
23:52:28.480 [FXGL Background Thread 3 ] DEBUG Engine               - isMac: false
23:52:28.480 [FXGL Background Thread 3 ] DEBUG Engine               - isMainMenuEnabled: false
23:52:28.480 [FXGL Background Thread 3 ] DEBUG Engine               - isManualResizeEnabled: false
23:52:28.480 [FXGL Background Thread 3 ] DEBUG Engine               - isMobile: false
23:52:28.480 [FXGL Background Thread 3 ] DEBUG Engine               - isNative: false
23:52:28.480 [FXGL Background Thread 3 ] DEBUG Engine               - isPauseMusicWhenMinimized: true
23:52:28.480 [FXGL Background Thread 3 ] DEBUG Engine               - isPreserveResizeRatio: false
23:52:28.480 [FXGL Background Thread 3 ] DEBUG Engine               - isProfilingEnabled: false
23:52:28.482 [FXGL Background Thread 3 ] DEBUG Engine               - isScaleAffectedOnResize: true
23:52:28.482 [FXGL Background Thread 3 ] DEBUG Engine               - isSingleStep: false
23:52:28.482 [FXGL Background Thread 3 ] DEBUG Engine               - isUserProfileEnabled: false
23:52:28.482 [FXGL Background Thread 3 ] DEBUG Engine               - isWindows: true
23:52:28.482 [FXGL Background Thread 3 ] DEBUG Engine               - language: ObjectProperty [value: ENGLISH]
23:52:28.482 [FXGL Background Thread 3 ] DEBUG Engine               - menuKey: ESCAPE
23:52:28.482 [FXGL Background Thread 3 ] DEBUG Engine               - mouseSensitivity: 0.2
23:52:28.482 [FXGL Background Thread 3 ] DEBUG Engine               - notificationViewClass: class com.almasb.fxgl.notification.view.XboxNotificationView
23:52:28.482 [FXGL Background Thread 3 ] DEBUG Engine               - pixelsPerMeter: 50.0
23:52:28.482 [FXGL Background Thread 3 ] DEBUG Engine               - platform: WINDOWS
23:52:28.482 [FXGL Background Thread 3 ] DEBUG Engine               - prefHeightProperty: ReadOnlyDoubleProperty [value: 600.0]
23:52:28.482 [FXGL Background Thread 3 ] DEBUG Engine               - prefWidthProperty: ReadOnlyDoubleProperty [value: 800.0]
23:52:28.482 [FXGL Background Thread 3 ] DEBUG Engine               - profileDir: profiles/
23:52:28.482 [FXGL Background Thread 3 ] DEBUG Engine               - profileName: StringProperty [value: DEFAULT]
23:52:28.482 [FXGL Background Thread 3 ] DEBUG Engine               - randomSeed: -1
23:52:28.484 [FXGL Background Thread 3 ] DEBUG Engine               - runtimeInfo: RuntimeInfo(platform=WINDOWS, version=21.1, build=26.03.2024 17.33)
23:52:28.484 [FXGL Background Thread 3 ] DEBUG Engine               - saveFileExt: sav
23:52:28.484 [FXGL Background Thread 3 ] DEBUG Engine               - scaledHeightProp$fxgl: DoubleProperty [bound, value: 600.0]
23:52:28.484 [FXGL Background Thread 3 ] DEBUG Engine               - scaledWidthProp$fxgl: DoubleProperty [bound, value: 800.0]
23:52:28.484 [FXGL Background Thread 3 ] DEBUG Engine               - sceneFactory: com.almasb.fxgl.app.scene.SceneFactory@5767a336
23:52:28.484 [FXGL Background Thread 3 ] DEBUG Engine               - secondsIn24h: 60
23:52:28.484 [FXGL Background Thread 3 ] DEBUG Engine               - soundMenuBack: menu/back.wav
23:52:28.484 [FXGL Background Thread 3 ] DEBUG Engine               - soundMenuPress: menu/press.wav
23:52:28.484 [FXGL Background Thread 3 ] DEBUG Engine               - soundMenuSelect: menu/select.wav
23:52:28.484 [FXGL Background Thread 3 ] DEBUG Engine               - soundNotification: core/notification.wav
23:52:28.484 [FXGL Background Thread 3 ] DEBUG Engine               - stageStyle: DECORATED
23:52:28.484 [FXGL Background Thread 3 ] DEBUG Engine               - supportedLanguages: [ENGLISH, FRENCH, GERMAN, HUNGARIAN, RUSSIAN]
23:52:28.484 [FXGL Background Thread 3 ] DEBUG Engine               - ticksPerSecond: -1
23:52:28.484 [FXGL Background Thread 3 ] DEBUG Engine               - title: Among Us UNEG
23:52:28.484 [FXGL Background Thread 3 ] DEBUG Engine               - urlGithub: https://github.com/AlmasB/FXGL
23:52:28.485 [FXGL Background Thread 3 ] DEBUG Engine               - urlLeaderboard: http://fxgl-top.herokuapp.com/
23:52:28.485 [FXGL Background Thread 3 ] DEBUG Engine               - urlPOM: https://raw.githubusercontent.com/AlmasB/FXGL/release/README.md
23:52:28.485 [FXGL Background Thread 3 ] DEBUG Engine               - userAppClass: class main.java.amongUs.AppPrincipal
23:52:28.485 [FXGL Background Thread 3 ] DEBUG Engine               - version: 0.0
23:52:28.485 [FXGL Background Thread 3 ] DEBUG Engine               - versionCheckDays: 7
23:52:28.485 [FXGL Background Thread 3 ] DEBUG Engine               - width: 800
23:52:28.485 [FXGL Background Thread 3 ] DEBUG Engine               - Logging services
23:52:28.485 [FXGL Background Thread 3 ] DEBUG Engine               - class com.almasb.fxgl.app.services.FXGLAssetLoaderService
23:52:28.485 [FXGL Background Thread 3 ] DEBUG Engine               - class com.almasb.fxgl.app.FXGLApplication$GameApplicationService
23:52:28.485 [FXGL Background Thread 3 ] DEBUG Engine               - class com.almasb.fxgl.app.services.FXGLDialogService
23:52:28.486 [FXGL Background Thread 3 ] DEBUG Engine               - class com.almasb.fxgl.app.services.IOTaskExecutorService
23:52:28.486 [FXGL Background Thread 3 ] DEBUG Engine               - class com.almasb.fxgl.io.FileSystemService
23:52:28.486 [FXGL Background Thread 3 ] DEBUG Engine               - class com.almasb.fxgl.localization.LocalizationService
23:52:28.486 [FXGL Background Thread 3 ] DEBUG Engine               - class com.almasb.fxgl.app.services.SystemBundleService
23:52:28.486 [FXGL Background Thread 3 ] DEBUG Engine               - class com.almasb.fxgl.profile.SaveLoadService
23:52:28.486 [FXGL Background Thread 3 ] DEBUG Engine               - class com.almasb.fxgl.ui.FXGLUIFactoryServiceProvider
23:52:28.486 [FXGL Background Thread 3 ] DEBUG Engine               - class com.almasb.fxgl.ui.FXGLDialogFactoryServiceProvider
23:52:28.486 [FXGL Background Thread 3 ] DEBUG Engine               - class com.almasb.fxgl.audio.AudioPlayer
23:52:28.486 [FXGL Background Thread 3 ] DEBUG Engine               - class com.almasb.fxgl.notification.impl.NotificationServiceProvider
23:52:28.486 [FXGL Background Thread 3 ] DEBUG Engine               - class com.almasb.fxgl.achievement.AchievementService
23:52:28.486 [FXGL Background Thread 3 ] DEBUG Engine               - class com.almasb.fxgl.cutscene.CutsceneService
23:52:28.486 [FXGL Background Thread 3 ] DEBUG Engine               - class com.almasb.fxgl.minigames.MiniGameService
23:52:28.486 [FXGL Background Thread 3 ] DEBUG Engine               - class com.almasb.fxgl.net.NetService
23:52:28.486 [FXGL Background Thread 3 ] DEBUG Engine               - class com.almasb.fxgl.app.services.UpdaterService
23:52:28.487 [FXGL Background Thread 3 ] DEBUG Engine               - class com.almasb.fxgl.dev.DevService
23:52:29.071 [FXGL Background Thread 1 ] INFO  FXGLApplication      - Game initialization took: 2,773 sec
23:52:29.072 [JavaFX Application Thread] DEBUG Input                - Clearing active input actions
23:52:29.111 [JavaFX Application Thread] DEBUG GameApplicationServi - Removing overlay from FXGLLoadingScene and adding to GameScene
23:52:29.112 [JavaFX Application Thread] DEBUG PrimaryStageWindow   - FXGLLoadingScene -> GameScene
23:52:29.297 [FXGL Background Thread 2 ] INFO  UpdaterService       - Your current version:  21.1
23:52:29.297 [FXGL Background Thread 2 ] INFO  UpdaterService       - Latest stable version: 25
23:52:30.319 [JavaFX Application Thread] DEBUG FXGLAssetLoaderServi - Loading from file system: file:/C:/Users/josue/OneDrive/Desktop/proyecto%20java/Among%20Us/out/production/Among%20Us/assets/sounds/clickBoton.wav
23:52:39.107 [JavaFX Application Thread] DEBUG FXGLAssetLoaderServi - Loading from file system: file:/C:/Users/josue/OneDrive/Desktop/proyecto%20java/Among%20Us/out/production/Among%20Us/assets/textures/tripulante_negro.png
23:53:00.477 [JavaFX Application Thread] DEBUG FXGLAssetLoaderServi - Loading from file system: file:/C:/Users/josue/OneDrive/Desktop/proyecto%20java/Among%20Us/out/production/Among%20Us/assets/textures/tripulante_blanco.png
23:53:04.517 [JavaFX Application Thread] DEBUG FXGLAssetLoaderServi - Loading from file system: file:/C:/Users/josue/OneDrive/Desktop/proyecto%20java/Among%20Us/out/production/Among%20Us/assets/textures/tripulante_rosa.png
23:53:07.052 [JavaFX Application Thread] WARN  TMXLevelLoader       - TiledMap generated from 1.11.2. Supported version: 1.9.0. Some features may not be parsed fully.
23:53:07.117 [JavaFX Application Thread] DEBUG TMXLevelLoader       - Parsed TiledMap: file:/C:/Users/josue/OneDrive/Desktop/proyecto%20java/Among%20Us/out/production/Among%20Us/assets/levels/mapa2.tmx
23:53:07.118 [JavaFX Application Thread] DEBUG TMXLevelLoader       - Creating tile layer entities
23:53:07.120 [JavaFX Application Thread] DEBUG TilesetLoader        - Loading view for layer fondo1
23:53:07.160 [JavaFX Application Thread] DEBUG TilesetLoader        - Created buffer with size 992.0x960.0
23:53:07.195 [JavaFX Application Thread] DEBUG TilesetLoader        - Loading view for layer fondo
23:53:07.196 [JavaFX Application Thread] DEBUG TilesetLoader        - Created buffer with size 992.0x960.0
23:53:07.200 [JavaFX Application Thread] DEBUG TilesetLoader        - Loading view for layer piso
23:53:07.201 [JavaFX Application Thread] DEBUG TilesetLoader        - Created buffer with size 992.0x960.0
23:53:07.207 [JavaFX Application Thread] DEBUG TilesetLoader        - Loading view for layer piso1
23:53:07.208 [JavaFX Application Thread] DEBUG TilesetLoader        - Created buffer with size 992.0x960.0
23:53:07.212 [JavaFX Application Thread] WARN  TilesetLoader        - Diagonally flipped tiles are not currently supported
23:53:07.223 [JavaFX Application Thread] WARN  TilesetLoader        - Diagonally flipped tiles are not currently supported
23:53:07.224 [JavaFX Application Thread] DEBUG TilesetLoader        - Loading view for layer izquierda
23:53:07.225 [JavaFX Application Thread] DEBUG TilesetLoader        - Created buffer with size 992.0x960.0
23:53:07.232 [JavaFX Application Thread] DEBUG TilesetLoader        - Loading view for layer detallesatraspared
23:53:07.232 [JavaFX Application Thread] DEBUG TilesetLoader        - Created buffer with size 992.0x960.0
23:53:07.286 [JavaFX Application Thread] DEBUG TilesetLoader        - Loading view for layer pared2
23:53:07.288 [JavaFX Application Thread] DEBUG TilesetLoader        - Created buffer with size 992.0x960.0
23:53:07.303 [JavaFX Application Thread] DEBUG TilesetLoader        - Loading view for layer techo1
23:53:07.305 [JavaFX Application Thread] DEBUG TilesetLoader        - Created buffer with size 992.0x960.0
23:53:07.309 [JavaFX Application Thread] DEBUG TilesetLoader        - Loading view for layer techo2
23:53:07.310 [JavaFX Application Thread] DEBUG TilesetLoader        - Created buffer with size 992.0x960.0
23:53:07.318 [JavaFX Application Thread] DEBUG TilesetLoader        - Loading view for layer puertita
23:53:07.321 [JavaFX Application Thread] DEBUG TilesetLoader        - Created buffer with size 992.0x960.0
23:53:07.323 [JavaFX Application Thread] DEBUG TilesetLoader        - Loading view for layer puerta
23:53:07.324 [JavaFX Application Thread] DEBUG TilesetLoader        - Created buffer with size 992.0x960.0
23:53:07.326 [JavaFX Application Thread] DEBUG TilesetLoader        - Loading view for layer detalles
23:53:07.327 [JavaFX Application Thread] DEBUG TilesetLoader        - Created buffer with size 992.0x960.0
23:53:07.354 [JavaFX Application Thread] DEBUG TilesetLoader        - Loading view for layer detalles 2
23:53:07.354 [JavaFX Application Thread] DEBUG TilesetLoader        - Created buffer with size 992.0x960.0
23:53:07.369 [JavaFX Application Thread] DEBUG TilesetLoader        - Loading view for layer detalles3
23:53:07.370 [JavaFX Application Thread] DEBUG TilesetLoader        - Created buffer with size 992.0x960.0
23:53:07.388 [JavaFX Application Thread] DEBUG TilesetLoader        - Loading view for layer grieta
23:53:07.389 [JavaFX Application Thread] DEBUG TilesetLoader        - Created buffer with size 992.0x960.0
23:53:07.391 [JavaFX Application Thread] DEBUG TilesetLoader        - Loading view for layer camaras
23:53:07.391 [JavaFX Application Thread] DEBUG TilesetLoader        - Created buffer with size 992.0x960.0
23:53:07.395 [JavaFX Application Thread] DEBUG TilesetLoader        - Loading view for layer Techo
23:53:07.396 [JavaFX Application Thread] DEBUG TilesetLoader        - Created buffer with size 992.0x960.0
23:53:07.399 [JavaFX Application Thread] DEBUG TMXLevelLoader       - Creating object layer entities
23:53:07.492 [JavaFX Application Thread] DEBUG GameWorld            - Clearing removable entities
23:53:07.492 [JavaFX Application Thread] DEBUG GameWorld            - Setting level: com.almasb.fxgl.entity.level.Level@398c4284
23:53:07.529 [JavaFX Application Thread] DEBUG FXGLAssetLoaderServi - Loading from file system: file:/C:/Users/josue/OneDrive/Desktop/proyecto%20java/Among%20Us/out/production/Among%20Us/assets/textures/animacion_blanco.png
23:53:07.542 [JavaFX Application Thread] DEBUG FXGLAssetLoaderServi - Loading from file system: file:/C:/Users/josue/OneDrive/Desktop/proyecto%20java/Among%20Us/out/production/Among%20Us/assets/textures/animacion_rosa.png
23:53:29.295 [JavaFX Application Thread] DEBUG FXGLApplication      - Exiting FXGL
23:53:29.295 [JavaFX Application Thread] DEBUG LoopRunner           - Stopping loop
23:53:29.295 [JavaFX Application Thread] DEBUG SystemBundleService  - Saving FXGL system data
23:53:29.298 [JavaFX Application Thread] DEBUG FileSystemAccess     - Writing to: C:\Users\josue\OneDrive\Desktop\proyecto java\Among Us\system\fxgl.bundle
23:53:29.301 [JavaFX Application Thread] DEBUG Async                - Shutting down background threads
23:53:29.301 [JavaFX Application Thread] DEBUG PrimaryStageWindow   - Closing main window
23:53:29.357 [JavaFX Application Thread] DEBUG Logger               - Closing Logger
