12:33:24.836 [main                     ] DEBUG Logger               - Configured Logger
12:33:24.858 [main                     ] DEBUG GameApplication      - Logging settings
Title: Among Us UNEG
Version: 0.0
Width: 800
Height: 600
Fullscreen: false
Intro: false
Profiling: false
Single step:false
App Mode: DEVELOPER
Menu Key: ESCAPE
Stage Style: DECORATED
Scene Factory: class com.almasb.fxgl.app.scene.SceneFactory

12:33:25.574 [JavaFX Application Thread] DEBUG FXGLApplication      - Initializing FXGL
12:33:25.579 [JavaFX Application Thread] INFO  Engine               - FXGL-21.1 (26.03.2024 17.33) on WINDOWS (J:25.0.2 FX:21.0.1)
12:33:25.580 [JavaFX Application Thread] DEBUG Engine               - JRE Vendor Name: Oracle Corporation
12:33:25.580 [JavaFX Application Thread] DEBUG Engine               - Running on OS: Windows 11 version 10.0
12:33:25.580 [JavaFX Application Thread] DEBUG Engine               - Architecture: amd64
12:33:25.580 [JavaFX Application Thread] INFO  Engine               - Source code and latest versions at: https://github.com/AlmasB/FXGL
12:33:25.580 [JavaFX Application Thread] INFO  Engine               -       Ask questions and discuss at: https://github.com/AlmasB/FXGL/discussions
12:33:25.580 [JavaFX Application Thread] INFO  Engine               -              Join the FXGL chat at: https://gitter.im/AlmasB/FXGL
12:33:25.806 [JavaFX Application Thread] DEBUG PrimaryStageWindow   - Creating a JavaFX scene
12:33:25.914 [JavaFX Application Thread] DEBUG PrimaryStageWindow   - Target settings size: 800.0 x 600.0
12:33:25.914 [JavaFX Application Thread] DEBUG PrimaryStageWindow   - Scaled scene size:    800.0 x 600.0
12:33:25.914 [JavaFX Application Thread] DEBUG PrimaryStageWindow   - Scaled ratio: (1.0, 1.0)
12:33:25.916 [JavaFX Application Thread] DEBUG PrimaryStageWindow   - Set initial scene to FXGLStartupScene
12:33:25.922 [JavaFX Application Thread] DEBUG PrimaryStageWindow   - Opening main window
12:33:26.072 [JavaFX Application Thread] DEBUG PrimaryStageWindow   - Window border size: (16.0, 39.0)
12:33:26.072 [JavaFX Application Thread] DEBUG PrimaryStageWindow   - Scaled size: 800.0 x 600.0
12:33:26.073 [JavaFX Application Thread] DEBUG PrimaryStageWindow   - Scaled ratio: (1.0, 1.0)
12:33:26.073 [JavaFX Application Thread] DEBUG PrimaryStageWindow   - Scene size: 800.0 x 600.0
12:33:26.073 [JavaFX Application Thread] DEBUG PrimaryStageWindow   - Stage size: 816.0 x 639.0
12:33:26.102 [FXGL Background Thread 1 ] DEBUG Engine               - Initializing environment variables
12:33:26.264 [FXGL Background Thread 1 ] DEBUG FXGLAssetLoaderServi - User app class for loading assets: class main.java.amongUs.AppPrincipal
12:33:26.264 [FXGL Background Thread 1 ] DEBUG GameApplicationServi - Applying CSS: fxgl_dark.css
12:33:26.265 [FXGL Background Thread 1 ] DEBUG FXGLAssetLoaderServi - Loading from file system: jar:file:/C:/Users/josue/OneDrive/Desktop/proyecto%20java/Among%20Us/lib/fxgl-21.1-uber.jar!/fxglassets/ui/css/fxgl_dark.css
12:33:26.356 [FXGL Background Thread 1 ] DEBUG GameApplicationServi - Initializing application scenes
12:33:26.505 [FXGL Background Thread 1 ] DEBUG GameWorld            - Game world initialized
12:33:26.568 [FXGL Background Thread 1 ] DEBUG PhysicsWorld         - Physics world initialized: appHeight=600, physics.ppm=50,0
12:33:26.569 [FXGL Background Thread 1 ] DEBUG PhysicsWorld         - Using strategy: BRUTE_FORCE
12:33:26.575 [FXGL Background Thread 1 ] DEBUG GameScene            - Game scene initialized: 800x600
12:33:26.598 [FXGL Background Thread 1 ] DEBUG FXGL.DefaultMenu     - createMenuBodyGameMenu()
12:33:26.625 [FXGL Background Thread 1 ] DEBUG FXGL.DefaultMenu     - createOptionsMenu()
12:33:26.644 [FXGL Background Thread 1 ] DEBUG FXGLAssetLoaderServi - Loading from file system: jar:file:/C:/Users/josue/OneDrive/Desktop/proyecto%20java/Among%20Us/lib/fxgl-21.1-uber.jar!/fxglassets/textures/particles/smoke.png
12:33:26.796 [FXGL Background Thread 1 ] DEBUG FXGLAssetLoaderServi - Loading from file system: jar:file:/C:/Users/josue/OneDrive/Desktop/proyecto%20java/Among%20Us/lib/fxgl-21.1-uber.jar!/fxglassets/textures/particles/trace_horizontal.png
12:33:26.840 [FXGL Background Thread 1 ] DEBUG GameApplicationServi - Application scenes initialized
12:33:26.862 [FXGL Background Thread 1 ] DEBUG SystemBundleService  - Loading FXGL system data
12:33:26.868 [FXGL Background Thread 1 ] DEBUG FileSystemAccess     - Reading from: C:\Users\josue\OneDrive\Desktop\proyecto java\Among Us\system\fxgl.bundle
12:33:26.878 [FXGL Background Thread 1 ] DEBUG SystemBundleService  - Bundle FXGL: {}
12:33:26.878 [FXGL Background Thread 1 ] DEBUG UpdaterService       - Checking for updates
12:33:26.886 [FXGL Background Thread 1 ] DEBUG FXGLApplication      - Loading default localization
12:33:26.887 [FXGL Background Thread 1 ] DEBUG FXGLAssetLoaderServi - Loading from file system: jar:file:/C:/Users/josue/OneDrive/Desktop/proyecto%20java/Among%20Us/lib/fxgl-21.1-uber.jar!/fxglassets/languages/english.lang
12:33:26.914 [FXGL Background Thread 1 ] INFO  FXGLApplication      - FXGL initialization took: 0,812 sec
12:33:26.912 [FXGL Background Thread 4 ] DEBUG FXGLApplication      - Loading fonts
12:33:26.917 [FXGL Background Thread 4 ] DEBUG FXGLAssetLoaderServi - Loading from file system: jar:file:/C:/Users/josue/OneDrive/Desktop/proyecto%20java/Among%20Us/lib/fxgl-21.1-uber.jar!/fxglassets/ui/fonts/VarelaRound-Regular.ttf
12:33:26.926 [JavaFX Application Thread] DEBUG Input                - Registered new binding: Mover Arriba - W
12:33:26.926 [JavaFX Application Thread] DEBUG Input                - Registered new binding: Mover Abajo - S
12:33:26.926 [JavaFX Application Thread] DEBUG Input                - Registered new binding: Mover Izquierda - A
12:33:26.927 [JavaFX Application Thread] DEBUG Input                - Registered new binding: Mover Derecha - D
12:33:26.927 [JavaFX Application Thread] DEBUG Input                - Registered new binding: Abrir Camaras - C
12:33:26.927 [JavaFX Application Thread] DEBUG Input                - Registered new binding: Usar Alcantarilla - Space
12:33:26.927 [JavaFX Application Thread] DEBUG Input                - Registered new binding: Vent Izquierda - Left
12:33:26.928 [JavaFX Application Thread] DEBUG Input                - Registered new binding: Vent Derecha - Right
12:33:26.928 [JavaFX Application Thread] DEBUG FXGLAssetLoaderServi - Loading from file system: file:/C:/Users/josue/OneDrive/Desktop/proyecto%20java/Among%20Us/out/production/Among%20Us/assets/textures/icono.png
12:33:26.970 [JavaFX Application Thread] DEBUG FXGLAssetLoaderServi - Loading from file system: jar:file:/C:/Users/josue/OneDrive/Desktop/proyecto%20java/Among%20Us/lib/fxgl-21.1-uber.jar!/fxglassets/textures/fxgl_default_cursor.png
12:33:26.974 [JavaFX Application Thread] DEBUG Input                - Registered new binding: Screenshot - CTRL+8
12:33:26.974 [JavaFX Application Thread] DEBUG Input                - Registered new binding: System info dump - CTRL+9
12:33:26.975 [JavaFX Application Thread] DEBUG Input                - Registered new binding: Restart - CTRL+R
12:33:26.977 [JavaFX Application Thread] DEBUG Input                - Registered new binding: Toggle Debug Camera - CTRL+7
12:33:26.982 [JavaFX Application Thread] DEBUG LoopRunner           - Starting loop
12:33:26.984 [JavaFX Application Thread] DEBUG LoopRunner           - Initializing JavaFX AnimationTimerLoop
12:33:26.986 [JavaFX Application Thread] DEBUG GameApplicationServi - Starting new game
12:33:26.986 [JavaFX Application Thread] DEBUG Input                - Clearing active input actions
12:33:27.022 [JavaFX Application Thread] DEBUG GameApplicationServi - Removing overlay from FXGLStartupScene and adding to FXGLLoadingScene
12:33:27.030 [JavaFX Application Thread] DEBUG PrimaryStageWindow   - FXGLStartupScene -> FXGLLoadingScene
12:33:27.036 [JavaFX Application Thread] DEBUG GameApplicationServi - Clearing previous game
12:33:27.036 [JavaFX Application Thread] DEBUG GameScene            - Clearing game scene
12:33:27.036 [JavaFX Application Thread] DEBUG GameWorld            - Clearing game world
12:33:27.036 [JavaFX Application Thread] DEBUG PhysicsWorld         - Clearing physics world
12:33:27.042 [FXGL Background Thread 1 ] DEBUG FXGLApplication      - Initializing game
12:33:27.052 [FXGL Background Thread 1 ] DEBUG FXGLAssetLoaderServi - Loading from file system: file:/C:/Users/josue/OneDrive/Desktop/proyecto%20java/Among%20Us/out/production/Among%20Us/assets/textures/MonitorDeCamaras.png
12:33:27.101 [FXGL Background Thread 1 ] DEBUG FXGLAssetLoaderServi - Loading from file system: file:/C:/Users/josue/OneDrive/Desktop/proyecto%20java/Among%20Us/out/production/Among%20Us/assets/textures/flechaAmarillaIzq.png
12:33:27.105 [FXGL Background Thread 1 ] DEBUG FXGLAssetLoaderServi - Loading from file system: file:/C:/Users/josue/OneDrive/Desktop/proyecto%20java/Among%20Us/out/production/Among%20Us/assets/textures/flechaAmarillaDer.png
12:33:27.121 [FXGL Background Thread 1 ] DEBUG FXGLAssetLoaderServi - Loading from file system: file:/C:/Users/josue/OneDrive/Desktop/proyecto%20java/Among%20Us/out/production/Among%20Us/assets/music/musicaMenu.mp3
12:33:27.611 [FXGL Background Thread 1 ] DEBUG AudioPlayer          - Playing music com.almasb.fxgl.audio.Music@230add74
12:33:28.243 [FXGL Background Thread 1 ] INFO  FXGLApplication      - Game initialization took: 1,200 sec
12:33:28.316 [FXGL Background Thread 4 ] DEBUG FXGLAssetLoaderServi - Loading from file system: jar:file:/C:/Users/josue/OneDrive/Desktop/proyecto%20java/Among%20Us/lib/fxgl-21.1-uber.jar!/fxglassets/ui/fonts/Abel-Regular.ttf
12:33:28.348 [FXGL Background Thread 4 ] DEBUG FXGLAssetLoaderServi - Loading from file system: jar:file:/C:/Users/josue/OneDrive/Desktop/proyecto%20java/Among%20Us/lib/fxgl-21.1-uber.jar!/fxglassets/ui/fonts/TerminalLandMono-Regular.otf
12:33:28.377 [FXGL Background Thread 4 ] DEBUG FXGLAssetLoaderServi - Loading from file system: jar:file:/C:/Users/josue/OneDrive/Desktop/proyecto%20java/Among%20Us/lib/fxgl-21.1-uber.jar!/fxglassets/ui/fonts/Courier-Prime.ttf
12:33:28.403 [JavaFX Application Thread] DEBUG Input                - Clearing active input actions
12:33:28.421 [JavaFX Application Thread] DEBUG GameApplicationServi - Removing overlay from FXGLLoadingScene and adding to GameScene
12:33:28.421 [JavaFX Application Thread] DEBUG PrimaryStageWindow   - FXGLLoadingScene -> GameScene
12:33:28.448 [JavaFX Application Thread] DEBUG FXGLApplication      - Registering font factories with UI factory
12:33:29.180 [FXGL Background Thread 2 ] INFO  UpdaterService       - Your current version:  21.1
12:33:29.180 [FXGL Background Thread 2 ] INFO  UpdaterService       - Latest stable version: 25
12:33:29.882 [FXGL Background Thread 3 ] DEBUG Engine               - Logging environment variables
12:33:29.885 [FXGL Background Thread 3 ] DEBUG Engine               - achievements: []
12:33:29.891 [FXGL Background Thread 3 ] DEBUG Engine               - actualHeight: 600.0
12:33:29.891 [FXGL Background Thread 3 ] DEBUG Engine               - actualHeightProperty: ReadOnlyDoubleProperty [value: 600.0]
12:33:29.891 [FXGL Background Thread 3 ] DEBUG Engine               - actualWidth: 800.0
12:33:29.891 [FXGL Background Thread 3 ] DEBUG Engine               - actualWidthProperty: ReadOnlyDoubleProperty [value: 800.0]
12:33:29.891 [FXGL Background Thread 3 ] DEBUG Engine               - appIcon: icono.png
12:33:29.891 [FXGL Background Thread 3 ] DEBUG Engine               - applicationMode: DEVELOPER
12:33:29.892 [FXGL Background Thread 3 ] DEBUG Engine               - cSSList: [fxgl_dark.css]
12:33:29.892 [FXGL Background Thread 3 ] DEBUG Engine               - collisionDetectionStrategy: BRUTE_FORCE
12:33:29.892 [FXGL Background Thread 3 ] DEBUG Engine               - configClass: Optional.empty
12:33:29.892 [FXGL Background Thread 3 ] DEBUG Engine               - credits: []
12:33:29.892 [FXGL Background Thread 3 ] DEBUG Engine               - defaultCursor: CursorInfo(imageName=fxgl_default_cursor.png, hotspotX=7.0, hotspotY=6.0)
12:33:29.892 [FXGL Background Thread 3 ] DEBUG Engine               - devBBoxColorProperty: ObjectProperty [value: 0xff0000ff]
12:33:29.892 [FXGL Background Thread 3 ] DEBUG Engine               - devEnableDebugCameraProperty: BooleanProperty [value: false]
12:33:29.892 [FXGL Background Thread 3 ] DEBUG Engine               - devSensorColorProperty: ObjectProperty [value: 0xffff00ff]
12:33:29.892 [FXGL Background Thread 3 ] DEBUG Engine               - devShowBBoxProperty: BooleanProperty [value: false]
12:33:29.892 [FXGL Background Thread 3 ] DEBUG Engine               - devShowPositionProperty: BooleanProperty [value: false]
12:33:29.892 [FXGL Background Thread 3 ] DEBUG Engine               - enabledMenuItems: []
12:33:29.892 [FXGL Background Thread 3 ] DEBUG Engine               - engineServices: [class com.almasb.fxgl.app.services.FXGLAssetLoaderService, class com.almasb.fxgl.app.FXGLApplication$GameApplicationService, class com.almasb.fxgl.app.services.FXGLDialogService, class com.almasb.fxgl.app.services.IOTaskExecutorService, class com.almasb.fxgl.io.FileSystemService, class com.almasb.fxgl.localization.LocalizationService, class com.almasb.fxgl.app.services.SystemBundleService, class com.almasb.fxgl.profile.SaveLoadService, class com.almasb.fxgl.ui.FXGLUIFactoryServiceProvider, class com.almasb.fxgl.ui.FXGLDialogFactoryServiceProvider, class com.almasb.fxgl.audio.AudioPlayer, class com.almasb.fxgl.notification.impl.NotificationServiceProvider, class com.almasb.fxgl.achievement.AchievementService, class com.almasb.fxgl.cutscene.CutsceneService, class com.almasb.fxgl.minigames.MiniGameService, class com.almasb.fxgl.net.NetService, class com.almasb.fxgl.app.services.UpdaterService, class com.almasb.fxgl.dev.DevService]
12:33:29.892 [FXGL Background Thread 3 ] DEBUG Engine               - fontGame: Abel-Regular.ttf
12:33:29.892 [FXGL Background Thread 3 ] DEBUG Engine               - fontMono: TerminalLandMono-Regular.otf
12:33:29.894 [FXGL Background Thread 3 ] DEBUG Engine               - fontSizeScaleUI: 1.0
12:33:29.894 [FXGL Background Thread 3 ] DEBUG Engine               - fontText: Courier-Prime.ttf
12:33:29.894 [FXGL Background Thread 3 ] DEBUG Engine               - fontUI: VarelaRound-Regular.ttf
12:33:29.894 [FXGL Background Thread 3 ] DEBUG Engine               - fullScreen: BooleanProperty [value: false]
12:33:29.894 [FXGL Background Thread 3 ] DEBUG Engine               - gameDifficulty: MEDIUM
12:33:29.894 [FXGL Background Thread 3 ] DEBUG Engine               - gameDifficultyProperty: ObjectProperty [value: MEDIUM]
12:33:29.894 [FXGL Background Thread 3 ] DEBUG Engine               - globalMusicVolume: 0.5
12:33:29.894 [FXGL Background Thread 3 ] DEBUG Engine               - globalMusicVolumeProperty: DoubleProperty [value: 0.4]
12:33:29.894 [FXGL Background Thread 3 ] DEBUG Engine               - globalSoundVolume: 0.5
12:33:29.894 [FXGL Background Thread 3 ] DEBUG Engine               - globalSoundVolumeProperty: DoubleProperty [value: 0.5]
12:33:29.894 [FXGL Background Thread 3 ] DEBUG Engine               - height: 600
12:33:29.894 [FXGL Background Thread 3 ] DEBUG Engine               - is3D: false
12:33:29.894 [FXGL Background Thread 3 ] DEBUG Engine               - isAndroid: false
12:33:29.894 [FXGL Background Thread 3 ] DEBUG Engine               - isBrowser: false
12:33:29.894 [FXGL Background Thread 3 ] DEBUG Engine               - isClickFeedbackEnabled: false
12:33:29.894 [FXGL Background Thread 3 ] DEBUG Engine               - isCloseConfirmation: false
12:33:29.895 [FXGL Background Thread 3 ] DEBUG Engine               - isDesktop: true
12:33:29.895 [FXGL Background Thread 3 ] DEBUG Engine               - isDeveloperMenuEnabled: false
12:33:29.895 [FXGL Background Thread 3 ] DEBUG Engine               - isEmbedded: false
12:33:29.895 [FXGL Background Thread 3 ] DEBUG Engine               - isEntityPreloadEnabled: true
12:33:29.895 [FXGL Background Thread 3 ] DEBUG Engine               - isExperimentalTiledLargeMap: false
12:33:29.895 [FXGL Background Thread 3 ] DEBUG Engine               - isFileSystemWriteAllowed: true
12:33:29.895 [FXGL Background Thread 3 ] DEBUG Engine               - isFullScreenAllowed: false
12:33:29.895 [FXGL Background Thread 3 ] DEBUG Engine               - isFullScreenFromStart: false
12:33:29.895 [FXGL Background Thread 3 ] DEBUG Engine               - isGameMenuEnabled: true
12:33:29.895 [FXGL Background Thread 3 ] DEBUG Engine               - isIOS: false
12:33:29.895 [FXGL Background Thread 3 ] DEBUG Engine               - isIntroEnabled: false
12:33:29.895 [FXGL Background Thread 3 ] DEBUG Engine               - isLinux: false
12:33:29.895 [FXGL Background Thread 3 ] DEBUG Engine               - isMac: false
12:33:29.895 [FXGL Background Thread 3 ] DEBUG Engine               - isMainMenuEnabled: false
12:33:29.895 [FXGL Background Thread 3 ] DEBUG Engine               - isManualResizeEnabled: false
12:33:29.895 [FXGL Background Thread 3 ] DEBUG Engine               - isMobile: false
12:33:29.895 [FXGL Background Thread 3 ] DEBUG Engine               - isNative: false
12:33:29.895 [FXGL Background Thread 3 ] DEBUG Engine               - isPauseMusicWhenMinimized: true
12:33:29.895 [FXGL Background Thread 3 ] DEBUG Engine               - isPreserveResizeRatio: false
12:33:29.895 [FXGL Background Thread 3 ] DEBUG Engine               - isProfilingEnabled: false
12:33:29.895 [FXGL Background Thread 3 ] DEBUG Engine               - isScaleAffectedOnResize: true
12:33:29.895 [FXGL Background Thread 3 ] DEBUG Engine               - isSingleStep: false
12:33:29.895 [FXGL Background Thread 3 ] DEBUG Engine               - isUserProfileEnabled: false
12:33:29.895 [FXGL Background Thread 3 ] DEBUG Engine               - isWindows: true
12:33:29.895 [FXGL Background Thread 3 ] DEBUG Engine               - language: ObjectProperty [value: ENGLISH]
12:33:29.895 [FXGL Background Thread 3 ] DEBUG Engine               - menuKey: ESCAPE
12:33:29.895 [FXGL Background Thread 3 ] DEBUG Engine               - mouseSensitivity: 0.2
12:33:29.895 [FXGL Background Thread 3 ] DEBUG Engine               - notificationViewClass: class com.almasb.fxgl.notification.view.XboxNotificationView
12:33:29.895 [FXGL Background Thread 3 ] DEBUG Engine               - pixelsPerMeter: 50.0
12:33:29.896 [FXGL Background Thread 3 ] DEBUG Engine               - platform: WINDOWS
12:33:29.896 [FXGL Background Thread 3 ] DEBUG Engine               - prefHeightProperty: ReadOnlyDoubleProperty [value: 600.0]
12:33:29.896 [FXGL Background Thread 3 ] DEBUG Engine               - prefWidthProperty: ReadOnlyDoubleProperty [value: 800.0]
12:33:29.896 [FXGL Background Thread 3 ] DEBUG Engine               - profileDir: profiles/
12:33:29.896 [FXGL Background Thread 3 ] DEBUG Engine               - profileName: StringProperty [value: DEFAULT]
12:33:29.896 [FXGL Background Thread 3 ] DEBUG Engine               - randomSeed: -1
12:33:29.897 [FXGL Background Thread 3 ] DEBUG Engine               - runtimeInfo: RuntimeInfo(platform=WINDOWS, version=21.1, build=26.03.2024 17.33)
12:33:29.897 [FXGL Background Thread 3 ] DEBUG Engine               - saveFileExt: sav
12:33:29.897 [FXGL Background Thread 3 ] DEBUG Engine               - scaledHeightProp$fxgl: DoubleProperty [bound, value: 600.0]
12:33:29.897 [FXGL Background Thread 3 ] DEBUG Engine               - scaledWidthProp$fxgl: DoubleProperty [bound, value: 800.0]
12:33:29.897 [FXGL Background Thread 3 ] DEBUG Engine               - sceneFactory: com.almasb.fxgl.app.scene.SceneFactory@45836555
12:33:29.897 [FXGL Background Thread 3 ] DEBUG Engine               - secondsIn24h: 60
12:33:29.897 [FXGL Background Thread 3 ] DEBUG Engine               - soundMenuBack: menu/back.wav
12:33:29.897 [FXGL Background Thread 3 ] DEBUG Engine               - soundMenuPress: menu/press.wav
12:33:29.898 [FXGL Background Thread 3 ] DEBUG Engine               - soundMenuSelect: menu/select.wav
12:33:29.898 [FXGL Background Thread 3 ] DEBUG Engine               - soundNotification: core/notification.wav
12:33:29.898 [FXGL Background Thread 3 ] DEBUG Engine               - stageStyle: DECORATED
12:33:29.899 [FXGL Background Thread 3 ] DEBUG Engine               - supportedLanguages: [ENGLISH, FRENCH, GERMAN, HUNGARIAN, RUSSIAN]
12:33:29.899 [FXGL Background Thread 3 ] DEBUG Engine               - ticksPerSecond: -1
12:33:29.899 [FXGL Background Thread 3 ] DEBUG Engine               - title: Among Us UNEG
12:33:29.899 [FXGL Background Thread 3 ] DEBUG Engine               - urlGithub: https://github.com/AlmasB/FXGL
12:33:29.899 [FXGL Background Thread 3 ] DEBUG Engine               - urlLeaderboard: http://fxgl-top.herokuapp.com/
12:33:29.899 [FXGL Background Thread 3 ] DEBUG Engine               - urlPOM: https://raw.githubusercontent.com/AlmasB/FXGL/release/README.md
12:33:29.900 [FXGL Background Thread 3 ] DEBUG Engine               - userAppClass: class main.java.amongUs.AppPrincipal
12:33:29.900 [FXGL Background Thread 3 ] DEBUG Engine               - version: 0.0
12:33:29.900 [FXGL Background Thread 3 ] DEBUG Engine               - versionCheckDays: 7
12:33:29.900 [FXGL Background Thread 3 ] DEBUG Engine               - width: 800
12:33:29.900 [FXGL Background Thread 3 ] DEBUG Engine               - Logging services
12:33:29.900 [FXGL Background Thread 3 ] DEBUG Engine               - class com.almasb.fxgl.app.services.FXGLAssetLoaderService
12:33:29.900 [FXGL Background Thread 3 ] DEBUG Engine               - class com.almasb.fxgl.app.FXGLApplication$GameApplicationService
12:33:29.900 [FXGL Background Thread 3 ] DEBUG Engine               - class com.almasb.fxgl.app.services.FXGLDialogService
12:33:29.900 [FXGL Background Thread 3 ] DEBUG Engine               - class com.almasb.fxgl.app.services.IOTaskExecutorService
12:33:29.900 [FXGL Background Thread 3 ] DEBUG Engine               - class com.almasb.fxgl.io.FileSystemService
12:33:29.901 [FXGL Background Thread 3 ] DEBUG Engine               - class com.almasb.fxgl.localization.LocalizationService
12:33:29.901 [FXGL Background Thread 3 ] DEBUG Engine               - class com.almasb.fxgl.app.services.SystemBundleService
12:33:29.901 [FXGL Background Thread 3 ] DEBUG Engine               - class com.almasb.fxgl.profile.SaveLoadService
12:33:29.901 [FXGL Background Thread 3 ] DEBUG Engine               - class com.almasb.fxgl.ui.FXGLUIFactoryServiceProvider
12:33:29.901 [FXGL Background Thread 3 ] DEBUG Engine               - class com.almasb.fxgl.ui.FXGLDialogFactoryServiceProvider
12:33:29.901 [FXGL Background Thread 3 ] DEBUG Engine               - class com.almasb.fxgl.audio.AudioPlayer
12:33:29.901 [FXGL Background Thread 3 ] DEBUG Engine               - class com.almasb.fxgl.notification.impl.NotificationServiceProvider
12:33:29.901 [FXGL Background Thread 3 ] DEBUG Engine               - class com.almasb.fxgl.achievement.AchievementService
12:33:29.901 [FXGL Background Thread 3 ] DEBUG Engine               - class com.almasb.fxgl.cutscene.CutsceneService
12:33:29.901 [FXGL Background Thread 3 ] DEBUG Engine               - class com.almasb.fxgl.minigames.MiniGameService
12:33:29.901 [FXGL Background Thread 3 ] DEBUG Engine               - class com.almasb.fxgl.net.NetService
12:33:29.901 [FXGL Background Thread 3 ] DEBUG Engine               - class com.almasb.fxgl.app.services.UpdaterService
12:33:29.901 [FXGL Background Thread 3 ] DEBUG Engine               - class com.almasb.fxgl.dev.DevService
12:33:31.159 [JavaFX Application Thread] DEBUG FXGLAssetLoaderServi - Loading from file system: file:/C:/Users/josue/OneDrive/Desktop/proyecto%20java/Among%20Us/out/production/Among%20Us/assets/sounds/clickBoton.wav
12:33:36.078 [JavaFX Application Thread] DEBUG FXGLAssetLoaderServi - Loading from file system: file:/C:/Users/josue/OneDrive/Desktop/proyecto%20java/Among%20Us/out/production/Among%20Us/assets/textures/tripulante_negro.png
12:33:38.949 [JavaFX Application Thread] DEBUG FXGLAssetLoaderServi - Loading from file system: file:/C:/Users/josue/OneDrive/Desktop/proyecto%20java/Among%20Us/out/production/Among%20Us/assets/textures/tripulante_rosa.png
12:33:39.820 [JavaFX Application Thread] WARN  TMXLevelLoader       - TiledMap generated from 1.11.2. Supported version: 1.9.0. Some features may not be parsed fully.
12:33:39.882 [JavaFX Application Thread] DEBUG TMXLevelLoader       - Parsed TiledMap: file:/C:/Users/josue/OneDrive/Desktop/proyecto%20java/Among%20Us/out/production/Among%20Us/assets/levels/mapa2.tmx
12:33:39.884 [JavaFX Application Thread] DEBUG TMXLevelLoader       - Creating tile layer entities
12:33:39.887 [JavaFX Application Thread] DEBUG TilesetLoader        - Loading view for layer fondo1
12:33:39.888 [JavaFX Application Thread] DEBUG TilesetLoader        - Created buffer with size 992.0x960.0
12:33:39.909 [JavaFX Application Thread] DEBUG TilesetLoader        - Loading view for layer fondo
12:33:39.911 [JavaFX Application Thread] DEBUG TilesetLoader        - Created buffer with size 992.0x960.0
12:33:39.915 [JavaFX Application Thread] DEBUG TilesetLoader        - Loading view for layer piso
12:33:39.915 [JavaFX Application Thread] DEBUG TilesetLoader        - Created buffer with size 992.0x960.0
12:33:39.920 [JavaFX Application Thread] DEBUG TilesetLoader        - Loading view for layer piso1
12:33:39.921 [JavaFX Application Thread] DEBUG TilesetLoader        - Created buffer with size 992.0x960.0
12:33:39.929 [JavaFX Application Thread] DEBUG TilesetLoader        - Loading view for layer izquierda
12:33:39.929 [JavaFX Application Thread] DEBUG TilesetLoader        - Created buffer with size 992.0x960.0
12:33:39.934 [JavaFX Application Thread] DEBUG TilesetLoader        - Loading view for layer detallesatraspared
12:33:39.935 [JavaFX Application Thread] DEBUG TilesetLoader        - Created buffer with size 992.0x960.0
12:33:39.972 [JavaFX Application Thread] DEBUG TilesetLoader        - Loading view for layer pared2
12:33:39.973 [JavaFX Application Thread] DEBUG TilesetLoader        - Created buffer with size 992.0x960.0
12:33:39.985 [JavaFX Application Thread] DEBUG TilesetLoader        - Loading view for layer techo1
12:33:39.987 [JavaFX Application Thread] DEBUG TilesetLoader        - Created buffer with size 992.0x960.0
12:33:39.989 [JavaFX Application Thread] DEBUG TilesetLoader        - Loading view for layer techo2
12:33:39.990 [JavaFX Application Thread] DEBUG TilesetLoader        - Created buffer with size 992.0x960.0
12:33:39.994 [JavaFX Application Thread] DEBUG TilesetLoader        - Loading view for layer puertita
12:33:39.995 [JavaFX Application Thread] DEBUG TilesetLoader        - Created buffer with size 992.0x960.0
12:33:39.996 [JavaFX Application Thread] DEBUG TilesetLoader        - Loading view for layer puerta
12:33:39.996 [JavaFX Application Thread] DEBUG TilesetLoader        - Created buffer with size 992.0x960.0
12:33:39.999 [JavaFX Application Thread] DEBUG TilesetLoader        - Loading view for layer detalles
12:33:39.999 [JavaFX Application Thread] DEBUG TilesetLoader        - Created buffer with size 992.0x960.0
12:33:40.027 [JavaFX Application Thread] DEBUG TilesetLoader        - Loading view for layer detalles 2
12:33:40.152 [JavaFX Application Thread] DEBUG TilesetLoader        - Created buffer with size 992.0x960.0
12:33:40.172 [JavaFX Application Thread] DEBUG TilesetLoader        - Loading view for layer detalles3
12:33:40.172 [JavaFX Application Thread] DEBUG TilesetLoader        - Created buffer with size 992.0x960.0
12:33:40.192 [JavaFX Application Thread] DEBUG TilesetLoader        - Loading view for layer grieta
12:33:40.193 [JavaFX Application Thread] DEBUG TilesetLoader        - Created buffer with size 992.0x960.0
12:33:40.202 [JavaFX Application Thread] DEBUG TilesetLoader        - Loading view for layer camaras
12:33:40.202 [JavaFX Application Thread] DEBUG TilesetLoader        - Created buffer with size 992.0x960.0
12:33:40.212 [JavaFX Application Thread] DEBUG TilesetLoader        - Loading view for layer Techo
12:33:40.212 [JavaFX Application Thread] DEBUG TilesetLoader        - Created buffer with size 992.0x960.0
12:33:40.281 [JavaFX Application Thread] DEBUG TMXLevelLoader       - Creating object layer entities
12:33:40.355 [JavaFX Application Thread] DEBUG GameWorld            - Clearing removable entities
12:33:40.356 [JavaFX Application Thread] DEBUG GameWorld            - Setting level: com.almasb.fxgl.entity.level.Level@7d9f791c
12:33:40.386 [JavaFX Application Thread] DEBUG FXGLAssetLoaderServi - Loading from file system: file:/C:/Users/josue/OneDrive/Desktop/proyecto%20java/Among%20Us/out/production/Among%20Us/assets/textures/animacion_rosa.png
12:33:40.389 [JavaFX Application Thread] DEBUG FXGLAssetLoaderServi - Loading from file system: file:/C:/Users/josue/OneDrive/Desktop/proyecto%20java/Among%20Us/out/production/Among%20Us/assets/textures/alcantarilla_rosa.png
12:33:40.399 [JavaFX Application Thread] DEBUG FXGLAssetLoaderServi - Loading from file system: file:/C:/Users/josue/OneDrive/Desktop/proyecto%20java/Among%20Us/out/production/Among%20Us/assets/textures/accionNegada.png
12:33:44.926 [JavaFX Application Thread] DEBUG FXGLAssetLoaderServi - Loading from file system: file:/C:/Users/josue/OneDrive/Desktop/proyecto%20java/Among%20Us/out/production/Among%20Us/assets/textures/flechaRojaIzq.png
12:33:44.930 [JavaFX Application Thread] DEBUG FXGLAssetLoaderServi - Loading from file system: file:/C:/Users/josue/OneDrive/Desktop/proyecto%20java/Among%20Us/out/production/Among%20Us/assets/textures/flechaRojaDer.png
12:34:14.635 [JavaFX Application Thread] DEBUG FXGLAssetLoaderServi - Loading from file system: file:/C:/Users/josue/OneDrive/Desktop/proyecto%20java/Among%20Us/out/production/Among%20Us/assets/textures/accion.png
12:36:50.981 [JavaFX Application Thread] DEBUG FXGLApplication      - Exiting FXGL
12:36:50.981 [JavaFX Application Thread] DEBUG LoopRunner           - Stopping loop
12:36:50.982 [JavaFX Application Thread] DEBUG SystemBundleService  - Saving FXGL system data
12:36:50.989 [JavaFX Application Thread] DEBUG FileSystemAccess     - Writing to: C:\Users\josue\OneDrive\Desktop\proyecto java\Among Us\system\fxgl.bundle
12:36:50.993 [JavaFX Application Thread] DEBUG Async                - Shutting down background threads
12:36:50.994 [JavaFX Application Thread] DEBUG PrimaryStageWindow   - Closing main window
12:36:51.018 [JavaFX Application Thread] DEBUG Logger               - Closing Logger
