13:21:52.720 [main                     ] DEBUG Logger               - Configured Logger
13:21:52.733 [main                     ] DEBUG GameApplication      - Logging settings
Title: Among Us UNEG
Version: 0.0
Width: 800
Height: 600
Fullscreen: false
Intro: false
Profiling: false
Single step:false
App Mode: DEVELOPER
Menu Key: ESCAPE
Stage Style: DECORATED
Scene Factory: class com.almasb.fxgl.app.scene.SceneFactory

13:21:53.577 [JavaFX Application Thread] DEBUG FXGLApplication      - Initializing FXGL
13:21:53.586 [JavaFX Application Thread] INFO  Engine               - FXGL-21.1 (26.03.2024 17.33) on WINDOWS (J:25.0.2 FX:21.0.1)
13:21:53.587 [JavaFX Application Thread] DEBUG Engine               - JRE Vendor Name: Oracle Corporation
13:21:53.587 [JavaFX Application Thread] DEBUG Engine               - Running on OS: Windows 11 version 10.0
13:21:53.587 [JavaFX Application Thread] DEBUG Engine               - Architecture: amd64
13:21:53.587 [JavaFX Application Thread] INFO  Engine               - Source code and latest versions at: https://github.com/AlmasB/FXGL
13:21:53.588 [JavaFX Application Thread] INFO  Engine               -       Ask questions and discuss at: https://github.com/AlmasB/FXGL/discussions
13:21:53.588 [JavaFX Application Thread] INFO  Engine               -              Join the FXGL chat at: https://gitter.im/AlmasB/FXGL
13:21:53.860 [JavaFX Application Thread] DEBUG PrimaryStageWindow   - Creating a JavaFX scene
13:21:53.998 [JavaFX Application Thread] DEBUG PrimaryStageWindow   - Target settings size: 800.0 x 600.0
13:21:53.998 [JavaFX Application Thread] DEBUG PrimaryStageWindow   - Scaled scene size:    800.0 x 600.0
13:21:53.998 [JavaFX Application Thread] DEBUG PrimaryStageWindow   - Scaled ratio: (1.0, 1.0)
13:21:54.000 [JavaFX Application Thread] DEBUG PrimaryStageWindow   - Set initial scene to FXGLStartupScene
13:21:54.007 [JavaFX Application Thread] DEBUG PrimaryStageWindow   - Opening main window
13:21:54.236 [JavaFX Application Thread] DEBUG PrimaryStageWindow   - Window border size: (16.0, 39.0)
13:21:54.236 [JavaFX Application Thread] DEBUG PrimaryStageWindow   - Scaled size: 800.0 x 600.0
13:21:54.236 [JavaFX Application Thread] DEBUG PrimaryStageWindow   - Scaled ratio: (1.0, 1.0)
13:21:54.236 [JavaFX Application Thread] DEBUG PrimaryStageWindow   - Scene size: 800.0 x 600.0
13:21:54.236 [JavaFX Application Thread] DEBUG PrimaryStageWindow   - Stage size: 816.0 x 639.0
13:21:54.268 [FXGL Background Thread 1 ] DEBUG Engine               - Initializing environment variables
13:21:54.432 [FXGL Background Thread 1 ] DEBUG FXGLAssetLoaderServi - User app class for loading assets: class main.java.amongUs.AppPrincipal
13:21:54.432 [FXGL Background Thread 1 ] DEBUG GameApplicationServi - Applying CSS: fxgl_dark.css
13:21:54.433 [FXGL Background Thread 1 ] DEBUG FXGLAssetLoaderServi - Loading from file system: jar:file:/C:/Users/josue/OneDrive/Desktop/proyecto%20java/Among%20Us/lib/fxgl-21.1-uber.jar!/fxglassets/ui/css/fxgl_dark.css
13:21:54.540 [FXGL Background Thread 1 ] DEBUG GameApplicationServi - Initializing application scenes
13:21:54.785 [FXGL Background Thread 1 ] DEBUG GameWorld            - Game world initialized
13:21:54.863 [FXGL Background Thread 1 ] DEBUG PhysicsWorld         - Physics world initialized: appHeight=600, physics.ppm=50,0
13:21:54.863 [FXGL Background Thread 1 ] DEBUG PhysicsWorld         - Using strategy: BRUTE_FORCE
13:21:54.869 [FXGL Background Thread 1 ] DEBUG GameScene            - Game scene initialized: 800x600
13:21:54.888 [FXGL Background Thread 1 ] DEBUG FXGL.DefaultMenu     - createMenuBodyGameMenu()
13:21:54.919 [FXGL Background Thread 1 ] DEBUG FXGL.DefaultMenu     - createOptionsMenu()
13:21:54.939 [FXGL Background Thread 1 ] DEBUG FXGLAssetLoaderServi - Loading from file system: jar:file:/C:/Users/josue/OneDrive/Desktop/proyecto%20java/Among%20Us/lib/fxgl-21.1-uber.jar!/fxglassets/textures/particles/smoke.png
13:21:55.091 [FXGL Background Thread 1 ] DEBUG FXGLAssetLoaderServi - Loading from file system: jar:file:/C:/Users/josue/OneDrive/Desktop/proyecto%20java/Among%20Us/lib/fxgl-21.1-uber.jar!/fxglassets/textures/particles/trace_horizontal.png
13:21:55.137 [FXGL Background Thread 1 ] DEBUG GameApplicationServi - Application scenes initialized
13:21:55.167 [FXGL Background Thread 1 ] DEBUG SystemBundleService  - Loading FXGL system data
13:21:55.184 [FXGL Background Thread 1 ] DEBUG FileSystemAccess     - Reading from: C:\Users\josue\OneDrive\Desktop\proyecto java\Among Us\system\fxgl.bundle
13:21:55.199 [FXGL Background Thread 1 ] DEBUG SystemBundleService  - Bundle FXGL: {}
13:21:55.200 [FXGL Background Thread 1 ] DEBUG UpdaterService       - Checking for updates
13:21:55.207 [FXGL Background Thread 1 ] DEBUG FXGLApplication      - Loading default localization
13:21:55.208 [FXGL Background Thread 1 ] DEBUG FXGLAssetLoaderServi - Loading from file system: jar:file:/C:/Users/josue/OneDrive/Desktop/proyecto%20java/Among%20Us/lib/fxgl-21.1-uber.jar!/fxglassets/languages/english.lang
13:21:55.240 [FXGL Background Thread 1 ] INFO  FXGLApplication      - FXGL initialization took: 0,971 sec
13:21:55.245 [FXGL Background Thread 4 ] DEBUG FXGLApplication      - Loading fonts
13:21:55.246 [FXGL Background Thread 4 ] DEBUG FXGLAssetLoaderServi - Loading from file system: jar:file:/C:/Users/josue/OneDrive/Desktop/proyecto%20java/Among%20Us/lib/fxgl-21.1-uber.jar!/fxglassets/ui/fonts/VarelaRound-Regular.ttf
13:21:55.250 [JavaFX Application Thread] DEBUG Input                - Registered new binding: Mover Arriba - W
13:21:55.251 [JavaFX Application Thread] DEBUG Input                - Registered new binding: Mover Abajo - S
13:21:55.251 [JavaFX Application Thread] DEBUG Input                - Registered new binding: Mover Izquierda - A
13:21:55.252 [JavaFX Application Thread] DEBUG Input                - Registered new binding: Mover Derecha - D
13:21:55.252 [JavaFX Application Thread] DEBUG Input                - Registered new binding: Abrir Camaras - C
13:21:55.252 [JavaFX Application Thread] DEBUG Input                - Registered new binding: Usar Alcantarilla - Space
13:21:55.252 [JavaFX Application Thread] DEBUG Input                - Registered new binding: Vent Izquierda - Left
13:21:55.252 [JavaFX Application Thread] DEBUG Input                - Registered new binding: Vent Derecha - Right
13:21:55.252 [JavaFX Application Thread] DEBUG Input                - Registered new binding: Vent Arriba - Up
13:21:55.252 [JavaFX Application Thread] DEBUG Input                - Registered new binding: Vent Abajo - Down
13:21:55.253 [JavaFX Application Thread] DEBUG FXGLAssetLoaderServi - Loading from file system: file:/C:/Users/josue/OneDrive/Desktop/proyecto%20java/Among%20Us/out/production/Among%20Us/assets/textures/icono.png
13:21:55.292 [JavaFX Application Thread] DEBUG FXGLAssetLoaderServi - Loading from file system: jar:file:/C:/Users/josue/OneDrive/Desktop/proyecto%20java/Among%20Us/lib/fxgl-21.1-uber.jar!/fxglassets/textures/fxgl_default_cursor.png
13:21:55.294 [JavaFX Application Thread] DEBUG Input                - Registered new binding: Screenshot - CTRL+8
13:21:55.298 [JavaFX Application Thread] DEBUG Input                - Registered new binding: System info dump - CTRL+9
13:21:55.302 [JavaFX Application Thread] DEBUG Input                - Registered new binding: Restart - CTRL+R
13:21:55.305 [JavaFX Application Thread] DEBUG Input                - Registered new binding: Toggle Debug Camera - CTRL+7
13:21:55.316 [JavaFX Application Thread] DEBUG LoopRunner           - Starting loop
13:21:55.316 [JavaFX Application Thread] DEBUG LoopRunner           - Initializing JavaFX AnimationTimerLoop
13:21:55.319 [JavaFX Application Thread] DEBUG GameApplicationServi - Starting new game
13:21:55.320 [JavaFX Application Thread] DEBUG Input                - Clearing active input actions
13:21:55.400 [JavaFX Application Thread] DEBUG GameApplicationServi - Removing overlay from FXGLStartupScene and adding to FXGLLoadingScene
13:21:55.409 [JavaFX Application Thread] DEBUG PrimaryStageWindow   - FXGLStartupScene -> FXGLLoadingScene
13:21:55.409 [JavaFX Application Thread] DEBUG GameApplicationServi - Clearing previous game
13:21:55.409 [JavaFX Application Thread] DEBUG GameScene            - Clearing game scene
13:21:55.409 [JavaFX Application Thread] DEBUG GameWorld            - Clearing game world
13:21:55.409 [JavaFX Application Thread] DEBUG PhysicsWorld         - Clearing physics world
13:21:55.412 [FXGL Background Thread 1 ] DEBUG FXGLApplication      - Initializing game
13:21:55.421 [FXGL Background Thread 1 ] DEBUG FXGLAssetLoaderServi - Loading from file system: file:/C:/Users/josue/OneDrive/Desktop/proyecto%20java/Among%20Us/out/production/Among%20Us/assets/textures/MonitorDeCamaras.png
13:21:55.550 [FXGL Background Thread 1 ] DEBUG FXGLAssetLoaderServi - Loading from file system: file:/C:/Users/josue/OneDrive/Desktop/proyecto%20java/Among%20Us/out/production/Among%20Us/assets/textures/flechaAmarillaIzq.png
13:21:55.571 [FXGL Background Thread 1 ] DEBUG FXGLAssetLoaderServi - Loading from file system: file:/C:/Users/josue/OneDrive/Desktop/proyecto%20java/Among%20Us/out/production/Among%20Us/assets/textures/flechaAmarillaDer.png
13:21:55.576 [FXGL Background Thread 1 ] DEBUG FXGLAssetLoaderServi - Loading from file system: file:/C:/Users/josue/OneDrive/Desktop/proyecto%20java/Among%20Us/out/production/Among%20Us/assets/music/musicaMenu.mp3
13:21:56.207 [FXGL Background Thread 1 ] DEBUG AudioPlayer          - Playing music com.almasb.fxgl.audio.Music@313a3be1
13:21:56.932 [FXGL Background Thread 1 ] INFO  FXGLApplication      - Game initialization took: 1,519 sec
13:21:56.935 [JavaFX Application Thread] DEBUG Input                - Clearing active input actions
13:21:56.951 [JavaFX Application Thread] DEBUG GameApplicationServi - Removing overlay from FXGLLoadingScene and adding to GameScene
13:21:56.951 [JavaFX Application Thread] DEBUG PrimaryStageWindow   - FXGLLoadingScene -> GameScene
13:21:57.051 [FXGL Background Thread 4 ] DEBUG FXGLAssetLoaderServi - Loading from file system: jar:file:/C:/Users/josue/OneDrive/Desktop/proyecto%20java/Among%20Us/lib/fxgl-21.1-uber.jar!/fxglassets/ui/fonts/Abel-Regular.ttf
13:21:57.058 [FXGL Background Thread 4 ] DEBUG FXGLAssetLoaderServi - Loading from file system: jar:file:/C:/Users/josue/OneDrive/Desktop/proyecto%20java/Among%20Us/lib/fxgl-21.1-uber.jar!/fxglassets/ui/fonts/TerminalLandMono-Regular.otf
13:21:57.095 [FXGL Background Thread 4 ] DEBUG FXGLAssetLoaderServi - Loading from file system: jar:file:/C:/Users/josue/OneDrive/Desktop/proyecto%20java/Among%20Us/lib/fxgl-21.1-uber.jar!/fxglassets/ui/fonts/Courier-Prime.ttf
13:21:57.135 [JavaFX Application Thread] DEBUG FXGLApplication      - Registering font factories with UI factory
13:21:58.184 [FXGL Background Thread 2 ] INFO  UpdaterService       - Your current version:  21.1
13:21:58.184 [FXGL Background Thread 2 ] INFO  UpdaterService       - Latest stable version: 25
13:21:58.204 [FXGL Background Thread 3 ] DEBUG Engine               - Logging environment variables
13:21:58.209 [FXGL Background Thread 3 ] DEBUG Engine               - achievements: []
13:21:58.209 [FXGL Background Thread 3 ] DEBUG Engine               - actualHeight: 600.0
13:21:58.209 [FXGL Background Thread 3 ] DEBUG Engine               - actualHeightProperty: ReadOnlyDoubleProperty [value: 600.0]
13:21:58.209 [FXGL Background Thread 3 ] DEBUG Engine               - actualWidth: 800.0
13:21:58.209 [FXGL Background Thread 3 ] DEBUG Engine               - actualWidthProperty: ReadOnlyDoubleProperty [value: 800.0]
13:21:58.209 [FXGL Background Thread 3 ] DEBUG Engine               - appIcon: icono.png
13:21:58.209 [FXGL Background Thread 3 ] DEBUG Engine               - applicationMode: DEVELOPER
13:21:58.209 [FXGL Background Thread 3 ] DEBUG Engine               - cSSList: [fxgl_dark.css]
13:21:58.209 [FXGL Background Thread 3 ] DEBUG Engine               - collisionDetectionStrategy: BRUTE_FORCE
13:21:58.209 [FXGL Background Thread 3 ] DEBUG Engine               - configClass: Optional.empty
13:21:58.209 [FXGL Background Thread 3 ] DEBUG Engine               - credits: []
13:21:58.210 [FXGL Background Thread 3 ] DEBUG Engine               - defaultCursor: CursorInfo(imageName=fxgl_default_cursor.png, hotspotX=7.0, hotspotY=6.0)
13:21:58.210 [FXGL Background Thread 3 ] DEBUG Engine               - devBBoxColorProperty: ObjectProperty [value: 0xff0000ff]
13:21:58.210 [FXGL Background Thread 3 ] DEBUG Engine               - devEnableDebugCameraProperty: BooleanProperty [value: false]
13:21:58.210 [FXGL Background Thread 3 ] DEBUG Engine               - devSensorColorProperty: ObjectProperty [value: 0xffff00ff]
13:21:58.210 [FXGL Background Thread 3 ] DEBUG Engine               - devShowBBoxProperty: BooleanProperty [value: false]
13:21:58.210 [FXGL Background Thread 3 ] DEBUG Engine               - devShowPositionProperty: BooleanProperty [value: false]
13:21:58.210 [FXGL Background Thread 3 ] DEBUG Engine               - enabledMenuItems: []
13:21:58.210 [FXGL Background Thread 3 ] DEBUG Engine               - engineServices: [class com.almasb.fxgl.app.services.FXGLAssetLoaderService, class com.almasb.fxgl.app.FXGLApplication$GameApplicationService, class com.almasb.fxgl.app.services.FXGLDialogService, class com.almasb.fxgl.app.services.IOTaskExecutorService, class com.almasb.fxgl.io.FileSystemService, class com.almasb.fxgl.localization.LocalizationService, class com.almasb.fxgl.app.services.SystemBundleService, class com.almasb.fxgl.profile.SaveLoadService, class com.almasb.fxgl.ui.FXGLUIFactoryServiceProvider, class com.almasb.fxgl.ui.FXGLDialogFactoryServiceProvider, class com.almasb.fxgl.audio.AudioPlayer, class com.almasb.fxgl.notification.impl.NotificationServiceProvider, class com.almasb.fxgl.achievement.AchievementService, class com.almasb.fxgl.cutscene.CutsceneService, class com.almasb.fxgl.minigames.MiniGameService, class com.almasb.fxgl.net.NetService, class com.almasb.fxgl.app.services.UpdaterService, class com.almasb.fxgl.dev.DevService]
13:21:58.210 [FXGL Background Thread 3 ] DEBUG Engine               - fontGame: Abel-Regular.ttf
13:21:58.210 [FXGL Background Thread 3 ] DEBUG Engine               - fontMono: TerminalLandMono-Regular.otf
13:21:58.210 [FXGL Background Thread 3 ] DEBUG Engine               - fontSizeScaleUI: 1.0
13:21:58.211 [FXGL Background Thread 3 ] DEBUG Engine               - fontText: Courier-Prime.ttf
13:21:58.211 [FXGL Background Thread 3 ] DEBUG Engine               - fontUI: VarelaRound-Regular.ttf
13:21:58.211 [FXGL Background Thread 3 ] DEBUG Engine               - fullScreen: BooleanProperty [value: false]
13:21:58.211 [FXGL Background Thread 3 ] DEBUG Engine               - gameDifficulty: MEDIUM
13:21:58.211 [FXGL Background Thread 3 ] DEBUG Engine               - gameDifficultyProperty: ObjectProperty [value: MEDIUM]
13:21:58.211 [FXGL Background Thread 3 ] DEBUG Engine               - globalMusicVolume: 0.5
13:21:58.211 [FXGL Background Thread 3 ] DEBUG Engine               - globalMusicVolumeProperty: DoubleProperty [value: 0.4]
13:21:58.211 [FXGL Background Thread 3 ] DEBUG Engine               - globalSoundVolume: 0.5
13:21:58.211 [FXGL Background Thread 3 ] DEBUG Engine               - globalSoundVolumeProperty: DoubleProperty [value: 0.5]
13:21:58.211 [FXGL Background Thread 3 ] DEBUG Engine               - height: 600
13:21:58.211 [FXGL Background Thread 3 ] DEBUG Engine               - is3D: false
13:21:58.211 [FXGL Background Thread 3 ] DEBUG Engine               - isAndroid: false
13:21:58.211 [FXGL Background Thread 3 ] DEBUG Engine               - isBrowser: false
13:21:58.211 [FXGL Background Thread 3 ] DEBUG Engine               - isClickFeedbackEnabled: false
13:21:58.211 [FXGL Background Thread 3 ] DEBUG Engine               - isCloseConfirmation: false
13:21:58.212 [FXGL Background Thread 3 ] DEBUG Engine               - isDesktop: true
13:21:58.212 [FXGL Background Thread 3 ] DEBUG Engine               - isDeveloperMenuEnabled: false
13:21:58.212 [FXGL Background Thread 3 ] DEBUG Engine               - isEmbedded: false
13:21:58.212 [FXGL Background Thread 3 ] DEBUG Engine               - isEntityPreloadEnabled: true
13:21:58.212 [FXGL Background Thread 3 ] DEBUG Engine               - isExperimentalTiledLargeMap: false
13:21:58.212 [FXGL Background Thread 3 ] DEBUG Engine               - isFileSystemWriteAllowed: true
13:21:58.212 [FXGL Background Thread 3 ] DEBUG Engine               - isFullScreenAllowed: false
13:21:58.212 [FXGL Background Thread 3 ] DEBUG Engine               - isFullScreenFromStart: false
13:21:58.213 [FXGL Background Thread 3 ] DEBUG Engine               - isGameMenuEnabled: true
13:21:58.213 [FXGL Background Thread 3 ] DEBUG Engine               - isIOS: false
13:21:58.214 [FXGL Background Thread 3 ] DEBUG Engine               - isIntroEnabled: false
13:21:58.214 [FXGL Background Thread 3 ] DEBUG Engine               - isLinux: false
13:21:58.214 [FXGL Background Thread 3 ] DEBUG Engine               - isMac: false
13:21:58.214 [FXGL Background Thread 3 ] DEBUG Engine               - isMainMenuEnabled: false
13:21:58.214 [FXGL Background Thread 3 ] DEBUG Engine               - isManualResizeEnabled: false
13:21:58.214 [FXGL Background Thread 3 ] DEBUG Engine               - isMobile: false
13:21:58.214 [FXGL Background Thread 3 ] DEBUG Engine               - isNative: false
13:21:58.214 [FXGL Background Thread 3 ] DEBUG Engine               - isPauseMusicWhenMinimized: true
13:21:58.215 [FXGL Background Thread 3 ] DEBUG Engine               - isPreserveResizeRatio: false
13:21:58.215 [FXGL Background Thread 3 ] DEBUG Engine               - isProfilingEnabled: false
13:21:58.215 [FXGL Background Thread 3 ] DEBUG Engine               - isScaleAffectedOnResize: true
13:21:58.215 [FXGL Background Thread 3 ] DEBUG Engine               - isSingleStep: false
13:21:58.215 [FXGL Background Thread 3 ] DEBUG Engine               - isUserProfileEnabled: false
13:21:58.215 [FXGL Background Thread 3 ] DEBUG Engine               - isWindows: true
13:21:58.215 [FXGL Background Thread 3 ] DEBUG Engine               - language: ObjectProperty [value: ENGLISH]
13:21:58.215 [FXGL Background Thread 3 ] DEBUG Engine               - menuKey: ESCAPE
13:21:58.215 [FXGL Background Thread 3 ] DEBUG Engine               - mouseSensitivity: 0.2
13:21:58.215 [FXGL Background Thread 3 ] DEBUG Engine               - notificationViewClass: class com.almasb.fxgl.notification.view.XboxNotificationView
13:21:58.215 [FXGL Background Thread 3 ] DEBUG Engine               - pixelsPerMeter: 50.0
13:21:58.215 [FXGL Background Thread 3 ] DEBUG Engine               - platform: WINDOWS
13:21:58.215 [FXGL Background Thread 3 ] DEBUG Engine               - prefHeightProperty: ReadOnlyDoubleProperty [value: 600.0]
13:21:58.215 [FXGL Background Thread 3 ] DEBUG Engine               - prefWidthProperty: ReadOnlyDoubleProperty [value: 800.0]
13:21:58.215 [FXGL Background Thread 3 ] DEBUG Engine               - profileDir: profiles/
13:21:58.215 [FXGL Background Thread 3 ] DEBUG Engine               - profileName: StringProperty [value: DEFAULT]
13:21:58.215 [FXGL Background Thread 3 ] DEBUG Engine               - randomSeed: -1
13:21:58.216 [FXGL Background Thread 3 ] DEBUG Engine               - runtimeInfo: RuntimeInfo(platform=WINDOWS, version=21.1, build=26.03.2024 17.33)
13:21:58.216 [FXGL Background Thread 3 ] DEBUG Engine               - saveFileExt: sav
13:21:58.216 [FXGL Background Thread 3 ] DEBUG Engine               - scaledHeightProp$fxgl: DoubleProperty [bound, value: 600.0]
13:21:58.217 [FXGL Background Thread 3 ] DEBUG Engine               - scaledWidthProp$fxgl: DoubleProperty [bound, value: 800.0]
13:21:58.217 [FXGL Background Thread 3 ] DEBUG Engine               - sceneFactory: com.almasb.fxgl.app.scene.SceneFactory@1495d1cb
13:21:58.217 [FXGL Background Thread 3 ] DEBUG Engine               - secondsIn24h: 60
13:21:58.217 [FXGL Background Thread 3 ] DEBUG Engine               - soundMenuBack: menu/back.wav
13:21:58.217 [FXGL Background Thread 3 ] DEBUG Engine               - soundMenuPress: menu/press.wav
13:21:58.217 [FXGL Background Thread 3 ] DEBUG Engine               - soundMenuSelect: menu/select.wav
13:21:58.218 [FXGL Background Thread 3 ] DEBUG Engine               - soundNotification: core/notification.wav
13:21:58.218 [FXGL Background Thread 3 ] DEBUG Engine               - stageStyle: DECORATED
13:21:58.218 [FXGL Background Thread 3 ] DEBUG Engine               - supportedLanguages: [ENGLISH, FRENCH, GERMAN, HUNGARIAN, RUSSIAN]
13:21:58.218 [FXGL Background Thread 3 ] DEBUG Engine               - ticksPerSecond: -1
13:21:58.218 [FXGL Background Thread 3 ] DEBUG Engine               - title: Among Us UNEG
13:21:58.218 [FXGL Background Thread 3 ] DEBUG Engine               - urlGithub: https://github.com/AlmasB/FXGL
13:21:58.218 [FXGL Background Thread 3 ] DEBUG Engine               - urlLeaderboard: http://fxgl-top.herokuapp.com/
13:21:58.218 [FXGL Background Thread 3 ] DEBUG Engine               - urlPOM: https://raw.githubusercontent.com/AlmasB/FXGL/release/README.md
13:21:58.218 [FXGL Background Thread 3 ] DEBUG Engine               - userAppClass: class main.java.amongUs.AppPrincipal
13:21:58.218 [FXGL Background Thread 3 ] DEBUG Engine               - version: 0.0
13:21:58.218 [FXGL Background Thread 3 ] DEBUG Engine               - versionCheckDays: 7
13:21:58.218 [FXGL Background Thread 3 ] DEBUG Engine               - width: 800
13:21:58.218 [FXGL Background Thread 3 ] DEBUG Engine               - Logging services
13:21:58.218 [FXGL Background Thread 3 ] DEBUG Engine               - class com.almasb.fxgl.app.services.FXGLAssetLoaderService
13:21:58.218 [FXGL Background Thread 3 ] DEBUG Engine               - class com.almasb.fxgl.app.FXGLApplication$GameApplicationService
13:21:58.218 [FXGL Background Thread 3 ] DEBUG Engine               - class com.almasb.fxgl.app.services.FXGLDialogService
13:21:58.219 [FXGL Background Thread 3 ] DEBUG Engine               - class com.almasb.fxgl.app.services.IOTaskExecutorService
13:21:58.219 [FXGL Background Thread 3 ] DEBUG Engine               - class com.almasb.fxgl.io.FileSystemService
13:21:58.219 [FXGL Background Thread 3 ] DEBUG Engine               - class com.almasb.fxgl.localization.LocalizationService
13:21:58.219 [FXGL Background Thread 3 ] DEBUG Engine               - class com.almasb.fxgl.app.services.SystemBundleService
13:21:58.219 [FXGL Background Thread 3 ] DEBUG Engine               - class com.almasb.fxgl.profile.SaveLoadService
13:21:58.219 [FXGL Background Thread 3 ] DEBUG Engine               - class com.almasb.fxgl.ui.FXGLUIFactoryServiceProvider
13:21:58.219 [FXGL Background Thread 3 ] DEBUG Engine               - class com.almasb.fxgl.ui.FXGLDialogFactoryServiceProvider
13:21:58.219 [FXGL Background Thread 3 ] DEBUG Engine               - class com.almasb.fxgl.audio.AudioPlayer
13:21:58.219 [FXGL Background Thread 3 ] DEBUG Engine               - class com.almasb.fxgl.notification.impl.NotificationServiceProvider
13:21:58.219 [FXGL Background Thread 3 ] DEBUG Engine               - class com.almasb.fxgl.achievement.AchievementService
13:21:58.219 [FXGL Background Thread 3 ] DEBUG Engine               - class com.almasb.fxgl.cutscene.CutsceneService
13:21:58.219 [FXGL Background Thread 3 ] DEBUG Engine               - class com.almasb.fxgl.minigames.MiniGameService
13:21:58.219 [FXGL Background Thread 3 ] DEBUG Engine               - class com.almasb.fxgl.net.NetService
13:21:58.219 [FXGL Background Thread 3 ] DEBUG Engine               - class com.almasb.fxgl.app.services.UpdaterService
13:21:58.219 [FXGL Background Thread 3 ] DEBUG Engine               - class com.almasb.fxgl.dev.DevService
13:21:58.319 [JavaFX Application Thread] DEBUG FXGLAssetLoaderServi - Loading from file system: file:/C:/Users/josue/OneDrive/Desktop/proyecto%20java/Among%20Us/out/production/Among%20Us/assets/sounds/clickBoton.wav
13:22:03.278 [JavaFX Application Thread] DEBUG FXGLAssetLoaderServi - Loading from file system: file:/C:/Users/josue/OneDrive/Desktop/proyecto%20java/Among%20Us/out/production/Among%20Us/assets/textures/tripulante_negro.png
13:22:04.533 [JavaFX Application Thread] WARN  TMXLevelLoader       - TiledMap generated from 1.11.2. Supported version: 1.9.0. Some features may not be parsed fully.
13:22:04.600 [JavaFX Application Thread] DEBUG TMXLevelLoader       - Parsed TiledMap: file:/C:/Users/josue/OneDrive/Desktop/proyecto%20java/Among%20Us/out/production/Among%20Us/assets/levels/mapa2.tmx
13:22:04.601 [JavaFX Application Thread] DEBUG TMXLevelLoader       - Creating tile layer entities
13:22:04.603 [JavaFX Application Thread] DEBUG TilesetLoader        - Loading view for layer fondo1
13:22:04.604 [JavaFX Application Thread] DEBUG TilesetLoader        - Created buffer with size 992.0x960.0
13:22:04.628 [JavaFX Application Thread] DEBUG TilesetLoader        - Loading view for layer fondo
13:22:04.628 [JavaFX Application Thread] DEBUG TilesetLoader        - Created buffer with size 992.0x960.0
13:22:04.634 [JavaFX Application Thread] DEBUG TilesetLoader        - Loading view for layer piso
13:22:04.635 [JavaFX Application Thread] DEBUG TilesetLoader        - Created buffer with size 992.0x960.0
13:22:04.642 [JavaFX Application Thread] DEBUG TilesetLoader        - Loading view for layer piso1
13:22:04.642 [JavaFX Application Thread] DEBUG TilesetLoader        - Created buffer with size 992.0x960.0
13:22:04.649 [JavaFX Application Thread] DEBUG TilesetLoader        - Loading view for layer izquierda
13:22:04.649 [JavaFX Application Thread] DEBUG TilesetLoader        - Created buffer with size 992.0x960.0
13:22:04.656 [JavaFX Application Thread] DEBUG TilesetLoader        - Loading view for layer detallesatraspared
13:22:04.656 [JavaFX Application Thread] DEBUG TilesetLoader        - Created buffer with size 992.0x960.0
13:22:04.760 [JavaFX Application Thread] DEBUG TilesetLoader        - Loading view for layer pared2
13:22:04.761 [JavaFX Application Thread] DEBUG TilesetLoader        - Created buffer with size 992.0x960.0
13:22:04.776 [JavaFX Application Thread] DEBUG TilesetLoader        - Loading view for layer techo1
13:22:04.777 [JavaFX Application Thread] DEBUG TilesetLoader        - Created buffer with size 992.0x960.0
13:22:04.788 [JavaFX Application Thread] DEBUG TilesetLoader        - Loading view for layer techo2
13:22:04.788 [JavaFX Application Thread] DEBUG TilesetLoader        - Created buffer with size 992.0x960.0
13:22:04.795 [JavaFX Application Thread] DEBUG TilesetLoader        - Loading view for layer puertita
13:22:04.796 [JavaFX Application Thread] DEBUG TilesetLoader        - Created buffer with size 992.0x960.0
13:22:04.798 [JavaFX Application Thread] DEBUG TilesetLoader        - Loading view for layer puerta
13:22:04.800 [JavaFX Application Thread] DEBUG TilesetLoader        - Created buffer with size 992.0x960.0
13:22:04.815 [JavaFX Application Thread] DEBUG TilesetLoader        - Loading view for layer detalles
13:22:04.816 [JavaFX Application Thread] DEBUG TilesetLoader        - Created buffer with size 992.0x960.0
13:22:04.834 [JavaFX Application Thread] DEBUG TilesetLoader        - Loading view for layer detalles 2
13:22:04.835 [JavaFX Application Thread] DEBUG TilesetLoader        - Created buffer with size 992.0x960.0
13:22:04.849 [JavaFX Application Thread] DEBUG TilesetLoader        - Loading view for layer detalles3
13:22:04.850 [JavaFX Application Thread] DEBUG TilesetLoader        - Created buffer with size 992.0x960.0
13:22:04.868 [JavaFX Application Thread] DEBUG TilesetLoader        - Loading view for layer grieta
13:22:04.868 [JavaFX Application Thread] DEBUG TilesetLoader        - Created buffer with size 992.0x960.0
13:22:04.872 [JavaFX Application Thread] DEBUG TilesetLoader        - Loading view for layer camaras
13:22:04.873 [JavaFX Application Thread] DEBUG TilesetLoader        - Created buffer with size 992.0x960.0
13:22:04.877 [JavaFX Application Thread] DEBUG TilesetLoader        - Loading view for layer Techo
13:22:04.878 [JavaFX Application Thread] DEBUG TilesetLoader        - Created buffer with size 992.0x960.0
13:22:04.880 [JavaFX Application Thread] DEBUG TMXLevelLoader       - Creating object layer entities
13:22:04.961 [JavaFX Application Thread] DEBUG GameWorld            - Clearing removable entities
13:22:04.962 [JavaFX Application Thread] DEBUG GameWorld            - Setting level: com.almasb.fxgl.entity.level.Level@39c30ba5
13:22:05.000 [JavaFX Application Thread] DEBUG FXGLAssetLoaderServi - Loading from file system: file:/C:/Users/josue/OneDrive/Desktop/proyecto%20java/Among%20Us/out/production/Among%20Us/assets/textures/animacion_negro.png
13:22:05.001 [JavaFX Application Thread] DEBUG FXGLAssetLoaderServi - Loading from file system: file:/C:/Users/josue/OneDrive/Desktop/proyecto%20java/Among%20Us/out/production/Among%20Us/assets/textures/alcantarilla_negro.png
13:22:05.004 [JavaFX Application Thread] WARN  FXGLAssetLoaderServi - Asset "/assets/textures/alcantarilla_negroE.png" was not found!
13:22:05.004 [JavaFX Application Thread] WARN  FXGLAssetLoaderServi - Failed to load IMAGE
13:22:05.025 [JavaFX Application Thread] DEBUG FXGLAssetLoaderServi - Loading from file system: file:/C:/Users/josue/OneDrive/Desktop/proyecto%20java/Among%20Us/out/production/Among%20Us/assets/textures/accionNegada.png
13:22:09.160 [JavaFX Application Thread] DEBUG FXGLAssetLoaderServi - Loading from file system: file:/C:/Users/josue/OneDrive/Desktop/proyecto%20java/Among%20Us/out/production/Among%20Us/assets/textures/flechaRojaDer.png
13:22:09.167 [JavaFX Application Thread] DEBUG FXGLAssetLoaderServi - Loading from file system: file:/C:/Users/josue/OneDrive/Desktop/proyecto%20java/Among%20Us/out/production/Among%20Us/assets/textures/flechaRojaAbajo.png
13:22:13.240 [JavaFX Application Thread] DEBUG FXGLAssetLoaderServi - Loading from file system: file:/C:/Users/josue/OneDrive/Desktop/proyecto%20java/Among%20Us/out/production/Among%20Us/assets/textures/flechaRojaIzq.png
13:22:20.055 [JavaFX Application Thread] DEBUG FXGLAssetLoaderServi - Loading from file system: file:/C:/Users/josue/OneDrive/Desktop/proyecto%20java/Among%20Us/out/production/Among%20Us/assets/textures/flechaRojaArriba.png
13:22:31.435 [JavaFX Application Thread] DEBUG FXGLAssetLoaderServi - Loading from file system: file:/C:/Users/josue/OneDrive/Desktop/proyecto%20java/Among%20Us/out/production/Among%20Us/assets/textures/accion.png
13:22:38.341 [JavaFX Application Thread] DEBUG FXGLApplication      - Exiting FXGL
13:22:38.341 [JavaFX Application Thread] DEBUG LoopRunner           - Stopping loop
13:22:38.341 [JavaFX Application Thread] DEBUG SystemBundleService  - Saving FXGL system data
13:22:38.345 [JavaFX Application Thread] DEBUG FileSystemAccess     - Writing to: C:\Users\josue\OneDrive\Desktop\proyecto java\Among Us\system\fxgl.bundle
13:22:38.349 [JavaFX Application Thread] DEBUG Async                - Shutting down background threads
13:22:38.350 [JavaFX Application Thread] DEBUG PrimaryStageWindow   - Closing main window
13:22:38.393 [JavaFX Application Thread] DEBUG Logger               - Closing Logger
