11:14:50.209 [main                     ] DEBUG Logger               - Configured Logger
11:14:50.223 [main                     ] DEBUG GameApplication      - Logging settings
Title: Among Us UNEG
Version: 0.0
Width: 800
Height: 600
Fullscreen: false
Intro: false
Profiling: false
Single step:false
App Mode: DEVELOPER
Menu Key: ESCAPE
Stage Style: DECORATED
Scene Factory: class com.almasb.fxgl.app.scene.SceneFactory

11:14:50.949 [JavaFX Application Thread] DEBUG FXGLApplication      - Initializing FXGL
11:14:50.955 [JavaFX Application Thread] INFO  Engine               - FXGL-21.1 (26.03.2024 17.33) on WINDOWS (J:25.0.2 FX:21.0.1)
11:14:50.955 [JavaFX Application Thread] DEBUG Engine               - JRE Vendor Name: Oracle Corporation
11:14:50.956 [JavaFX Application Thread] DEBUG Engine               - Running on OS: Windows 11 version 10.0
11:14:50.956 [JavaFX Application Thread] DEBUG Engine               - Architecture: amd64
11:14:50.956 [JavaFX Application Thread] INFO  Engine               - Source code and latest versions at: https://github.com/AlmasB/FXGL
11:14:50.956 [JavaFX Application Thread] INFO  Engine               -       Ask questions and discuss at: https://github.com/AlmasB/FXGL/discussions
11:14:50.956 [JavaFX Application Thread] INFO  Engine               -              Join the FXGL chat at: https://gitter.im/AlmasB/FXGL
11:14:51.137 [JavaFX Application Thread] DEBUG PrimaryStageWindow   - Creating a JavaFX scene
11:14:51.248 [JavaFX Application Thread] DEBUG PrimaryStageWindow   - Target settings size: 800.0 x 600.0
11:14:51.249 [JavaFX Application Thread] DEBUG PrimaryStageWindow   - Scaled scene size:    800.0 x 600.0
11:14:51.249 [JavaFX Application Thread] DEBUG PrimaryStageWindow   - Scaled ratio: (1.0, 1.0)
11:14:51.251 [JavaFX Application Thread] DEBUG PrimaryStageWindow   - Set initial scene to FXGLStartupScene
11:14:51.257 [JavaFX Application Thread] DEBUG PrimaryStageWindow   - Opening main window
11:14:51.418 [JavaFX Application Thread] DEBUG PrimaryStageWindow   - Window border size: (16.0, 39.0)
11:14:51.418 [JavaFX Application Thread] DEBUG PrimaryStageWindow   - Scaled size: 800.0 x 600.0
11:14:51.418 [JavaFX Application Thread] DEBUG PrimaryStageWindow   - Scaled ratio: (1.0, 1.0)
11:14:51.418 [JavaFX Application Thread] DEBUG PrimaryStageWindow   - Scene size: 800.0 x 600.0
11:14:51.418 [JavaFX Application Thread] DEBUG PrimaryStageWindow   - Stage size: 816.0 x 639.0
11:14:51.451 [FXGL Background Thread 1 ] DEBUG Engine               - Initializing environment variables
11:14:51.626 [FXGL Background Thread 1 ] DEBUG FXGLAssetLoaderServi - User app class for loading assets: class main.java.amongUs.AppPrincipal
11:14:51.627 [FXGL Background Thread 1 ] DEBUG GameApplicationServi - Applying CSS: fxgl_dark.css
11:14:51.628 [FXGL Background Thread 1 ] DEBUG FXGLAssetLoaderServi - Loading from file system: jar:file:/C:/Users/josue/OneDrive/Desktop/proyecto%20java/Among%20Us/lib/fxgl-21.1-uber.jar!/fxglassets/ui/css/fxgl_dark.css
11:14:51.722 [FXGL Background Thread 1 ] DEBUG GameApplicationServi - Initializing application scenes
11:14:51.845 [FXGL Background Thread 1 ] DEBUG GameWorld            - Game world initialized
11:14:51.922 [FXGL Background Thread 1 ] DEBUG PhysicsWorld         - Physics world initialized: appHeight=600, physics.ppm=50,0
11:14:51.922 [FXGL Background Thread 1 ] DEBUG PhysicsWorld         - Using strategy: BRUTE_FORCE
11:14:51.927 [FXGL Background Thread 1 ] DEBUG GameScene            - Game scene initialized: 800x600
11:14:51.944 [FXGL Background Thread 1 ] DEBUG FXGL.DefaultMenu     - createMenuBodyGameMenu()
11:14:51.968 [FXGL Background Thread 1 ] DEBUG FXGL.DefaultMenu     - createOptionsMenu()
11:14:51.987 [FXGL Background Thread 1 ] DEBUG FXGLAssetLoaderServi - Loading from file system: jar:file:/C:/Users/josue/OneDrive/Desktop/proyecto%20java/Among%20Us/lib/fxgl-21.1-uber.jar!/fxglassets/textures/particles/smoke.png
11:14:52.146 [FXGL Background Thread 1 ] DEBUG FXGLAssetLoaderServi - Loading from file system: jar:file:/C:/Users/josue/OneDrive/Desktop/proyecto%20java/Among%20Us/lib/fxgl-21.1-uber.jar!/fxglassets/textures/particles/trace_horizontal.png
11:14:52.193 [FXGL Background Thread 1 ] DEBUG GameApplicationServi - Application scenes initialized
11:14:52.215 [FXGL Background Thread 1 ] DEBUG SystemBundleService  - Loading FXGL system data
11:14:52.223 [FXGL Background Thread 1 ] DEBUG FileSystemAccess     - Reading from: C:\Users\josue\OneDrive\Desktop\proyecto java\Among Us\system\fxgl.bundle
11:14:52.238 [FXGL Background Thread 1 ] DEBUG SystemBundleService  - Bundle FXGL: {}
11:14:52.238 [FXGL Background Thread 1 ] DEBUG UpdaterService       - Checking for updates
11:14:52.253 [FXGL Background Thread 1 ] DEBUG FXGLApplication      - Loading default localization
11:14:52.254 [FXGL Background Thread 1 ] DEBUG FXGLAssetLoaderServi - Loading from file system: jar:file:/C:/Users/josue/OneDrive/Desktop/proyecto%20java/Among%20Us/lib/fxgl-21.1-uber.jar!/fxglassets/languages/english.lang
11:14:52.279 [FXGL Background Thread 1 ] INFO  FXGLApplication      - FXGL initialization took: 0,827 sec
11:14:52.290 [JavaFX Application Thread] DEBUG Input                - Registered new binding: Mover Arriba - W
11:14:52.290 [JavaFX Application Thread] DEBUG Input                - Registered new binding: Mover Abajo - S
11:14:52.290 [JavaFX Application Thread] DEBUG Input                - Registered new binding: Mover Izquierda - A
11:14:52.290 [JavaFX Application Thread] DEBUG Input                - Registered new binding: Mover Derecha - D
11:14:52.292 [JavaFX Application Thread] DEBUG FXGLAssetLoaderServi - Loading from file system: file:/C:/Users/josue/OneDrive/Desktop/proyecto%20java/Among%20Us/out/production/Among%20Us/assets/textures/icono.png
11:14:52.394 [FXGL Background Thread 4 ] DEBUG FXGLApplication      - Loading fonts
11:14:52.395 [FXGL Background Thread 4 ] DEBUG FXGLAssetLoaderServi - Loading from file system: jar:file:/C:/Users/josue/OneDrive/Desktop/proyecto%20java/Among%20Us/lib/fxgl-21.1-uber.jar!/fxglassets/ui/fonts/VarelaRound-Regular.ttf
11:14:52.421 [JavaFX Application Thread] DEBUG FXGLAssetLoaderServi - Loading from file system: jar:file:/C:/Users/josue/OneDrive/Desktop/proyecto%20java/Among%20Us/lib/fxgl-21.1-uber.jar!/fxglassets/textures/fxgl_default_cursor.png
11:14:52.425 [JavaFX Application Thread] DEBUG Input                - Registered new binding: Screenshot - CTRL+8
11:14:52.427 [JavaFX Application Thread] DEBUG Input                - Registered new binding: System info dump - CTRL+9
11:14:52.428 [JavaFX Application Thread] DEBUG Input                - Registered new binding: Restart - CTRL+R
11:14:52.429 [JavaFX Application Thread] DEBUG Input                - Registered new binding: Toggle Debug Camera - CTRL+7
11:14:52.437 [JavaFX Application Thread] DEBUG LoopRunner           - Starting loop
11:14:52.437 [JavaFX Application Thread] DEBUG LoopRunner           - Initializing JavaFX AnimationTimerLoop
11:14:52.438 [JavaFX Application Thread] DEBUG GameApplicationServi - Starting new game
11:14:52.441 [JavaFX Application Thread] DEBUG Input                - Clearing active input actions
11:14:52.521 [JavaFX Application Thread] DEBUG GameApplicationServi - Removing overlay from FXGLStartupScene and adding to FXGLLoadingScene
11:14:52.523 [JavaFX Application Thread] DEBUG PrimaryStageWindow   - FXGLStartupScene -> FXGLLoadingScene
11:14:52.527 [JavaFX Application Thread] DEBUG GameApplicationServi - Clearing previous game
11:14:52.527 [JavaFX Application Thread] DEBUG GameScene            - Clearing game scene
11:14:52.529 [JavaFX Application Thread] DEBUG GameWorld            - Clearing game world
11:14:52.542 [JavaFX Application Thread] DEBUG PhysicsWorld         - Clearing physics world
11:14:52.556 [FXGL Background Thread 1 ] DEBUG FXGLApplication      - Initializing game
11:14:52.570 [FXGL Background Thread 1 ] DEBUG FXGLAssetLoaderServi - Loading from file system: file:/C:/Users/josue/OneDrive/Desktop/proyecto%20java/Among%20Us/out/production/Among%20Us/assets/music/musicaMenu.mp3
11:14:53.092 [FXGL Background Thread 1 ] DEBUG AudioPlayer          - Playing music com.almasb.fxgl.audio.Music@719d8db1
11:14:53.514 [FXGL Background Thread 4 ] DEBUG FXGLAssetLoaderServi - Loading from file system: jar:file:/C:/Users/josue/OneDrive/Desktop/proyecto%20java/Among%20Us/lib/fxgl-21.1-uber.jar!/fxglassets/ui/fonts/Abel-Regular.ttf
11:14:53.519 [FXGL Background Thread 4 ] DEBUG FXGLAssetLoaderServi - Loading from file system: jar:file:/C:/Users/josue/OneDrive/Desktop/proyecto%20java/Among%20Us/lib/fxgl-21.1-uber.jar!/fxglassets/ui/fonts/TerminalLandMono-Regular.otf
11:14:53.541 [FXGL Background Thread 4 ] DEBUG FXGLAssetLoaderServi - Loading from file system: jar:file:/C:/Users/josue/OneDrive/Desktop/proyecto%20java/Among%20Us/lib/fxgl-21.1-uber.jar!/fxglassets/ui/fonts/Courier-Prime.ttf
11:14:53.871 [FXGL Background Thread 1 ] INFO  FXGLApplication      - Game initialization took: 1,316 sec
11:14:54.180 [JavaFX Application Thread] DEBUG FXGLApplication      - Registering font factories with UI factory
11:14:54.200 [JavaFX Application Thread] DEBUG Input                - Clearing active input actions
11:14:54.222 [JavaFX Application Thread] DEBUG GameApplicationServi - Removing overlay from FXGLLoadingScene and adding to GameScene
11:14:54.223 [JavaFX Application Thread] DEBUG PrimaryStageWindow   - FXGLLoadingScene -> GameScene
11:14:54.277 [FXGL Background Thread 2 ] INFO  UpdaterService       - Your current version:  21.1
11:14:54.278 [FXGL Background Thread 2 ] INFO  UpdaterService       - Latest stable version: 25
11:14:55.134 [JavaFX Application Thread] DEBUG FXGLAssetLoaderServi - Loading from file system: file:/C:/Users/josue/OneDrive/Desktop/proyecto%20java/Among%20Us/out/production/Among%20Us/assets/sounds/clickBoton.wav
11:14:55.591 [FXGL Background Thread 3 ] DEBUG Engine               - Logging environment variables
11:14:55.631 [FXGL Background Thread 3 ] DEBUG Engine               - achievements: []
11:14:55.632 [FXGL Background Thread 3 ] DEBUG Engine               - actualHeight: 600.0
11:14:55.633 [FXGL Background Thread 3 ] DEBUG Engine               - actualHeightProperty: ReadOnlyDoubleProperty [value: 600.0]
11:14:55.638 [FXGL Background Thread 3 ] DEBUG Engine               - actualWidth: 800.0
11:14:55.638 [FXGL Background Thread 3 ] DEBUG Engine               - actualWidthProperty: ReadOnlyDoubleProperty [value: 800.0]
11:14:55.638 [FXGL Background Thread 3 ] DEBUG Engine               - appIcon: icono.png
11:14:55.638 [FXGL Background Thread 3 ] DEBUG Engine               - applicationMode: DEVELOPER
11:14:55.641 [FXGL Background Thread 3 ] DEBUG Engine               - cSSList: [fxgl_dark.css]
11:14:55.641 [FXGL Background Thread 3 ] DEBUG Engine               - collisionDetectionStrategy: BRUTE_FORCE
11:14:55.642 [FXGL Background Thread 3 ] DEBUG Engine               - configClass: Optional.empty
11:14:55.642 [FXGL Background Thread 3 ] DEBUG Engine               - credits: []
11:14:55.642 [FXGL Background Thread 3 ] DEBUG Engine               - defaultCursor: CursorInfo(imageName=fxgl_default_cursor.png, hotspotX=7.0, hotspotY=6.0)
11:14:55.642 [FXGL Background Thread 3 ] DEBUG Engine               - devBBoxColorProperty: ObjectProperty [value: 0xff0000ff]
11:14:55.643 [FXGL Background Thread 3 ] DEBUG Engine               - devEnableDebugCameraProperty: BooleanProperty [value: false]
11:14:55.643 [FXGL Background Thread 3 ] DEBUG Engine               - devSensorColorProperty: ObjectProperty [value: 0xffff00ff]
11:14:55.643 [FXGL Background Thread 3 ] DEBUG Engine               - devShowBBoxProperty: BooleanProperty [value: false]
11:14:55.643 [FXGL Background Thread 3 ] DEBUG Engine               - devShowPositionProperty: BooleanProperty [value: false]
11:14:55.643 [FXGL Background Thread 3 ] DEBUG Engine               - enabledMenuItems: []
11:14:55.643 [FXGL Background Thread 3 ] DEBUG Engine               - engineServices: [class com.almasb.fxgl.app.services.FXGLAssetLoaderService, class com.almasb.fxgl.app.FXGLApplication$GameApplicationService, class com.almasb.fxgl.app.services.FXGLDialogService, class com.almasb.fxgl.app.services.IOTaskExecutorService, class com.almasb.fxgl.io.FileSystemService, class com.almasb.fxgl.localization.LocalizationService, class com.almasb.fxgl.app.services.SystemBundleService, class com.almasb.fxgl.profile.SaveLoadService, class com.almasb.fxgl.ui.FXGLUIFactoryServiceProvider, class com.almasb.fxgl.ui.FXGLDialogFactoryServiceProvider, class com.almasb.fxgl.audio.AudioPlayer, class com.almasb.fxgl.notification.impl.NotificationServiceProvider, class com.almasb.fxgl.achievement.AchievementService, class com.almasb.fxgl.cutscene.CutsceneService, class com.almasb.fxgl.minigames.MiniGameService, class com.almasb.fxgl.net.NetService, class com.almasb.fxgl.app.services.UpdaterService, class com.almasb.fxgl.dev.DevService]
11:14:55.643 [FXGL Background Thread 3 ] DEBUG Engine               - fontGame: Abel-Regular.ttf
11:14:55.643 [FXGL Background Thread 3 ] DEBUG Engine               - fontMono: TerminalLandMono-Regular.otf
11:14:55.643 [FXGL Background Thread 3 ] DEBUG Engine               - fontSizeScaleUI: 1.0
11:14:55.643 [FXGL Background Thread 3 ] DEBUG Engine               - fontText: Courier-Prime.ttf
11:14:55.643 [FXGL Background Thread 3 ] DEBUG Engine               - fontUI: VarelaRound-Regular.ttf
11:14:55.643 [FXGL Background Thread 3 ] DEBUG Engine               - fullScreen: BooleanProperty [value: false]
11:14:55.644 [FXGL Background Thread 3 ] DEBUG Engine               - gameDifficulty: MEDIUM
11:14:55.644 [FXGL Background Thread 3 ] DEBUG Engine               - gameDifficultyProperty: ObjectProperty [value: MEDIUM]
11:14:55.644 [FXGL Background Thread 3 ] DEBUG Engine               - globalMusicVolume: 0.5
11:14:55.644 [FXGL Background Thread 3 ] DEBUG Engine               - globalMusicVolumeProperty: DoubleProperty [value: 0.4]
11:14:55.644 [FXGL Background Thread 3 ] DEBUG Engine               - globalSoundVolume: 0.5
11:14:55.644 [FXGL Background Thread 3 ] DEBUG Engine               - globalSoundVolumeProperty: DoubleProperty [value: 0.5]
11:14:55.644 [FXGL Background Thread 3 ] DEBUG Engine               - height: 600
11:14:55.644 [FXGL Background Thread 3 ] DEBUG Engine               - is3D: false
11:14:55.644 [FXGL Background Thread 3 ] DEBUG Engine               - isAndroid: false
11:14:55.644 [FXGL Background Thread 3 ] DEBUG Engine               - isBrowser: false
11:14:55.647 [FXGL Background Thread 3 ] DEBUG Engine               - isClickFeedbackEnabled: false
11:14:55.647 [FXGL Background Thread 3 ] DEBUG Engine               - isCloseConfirmation: false
11:14:55.647 [FXGL Background Thread 3 ] DEBUG Engine               - isDesktop: true
11:14:55.648 [FXGL Background Thread 3 ] DEBUG Engine               - isDeveloperMenuEnabled: false
11:14:55.648 [FXGL Background Thread 3 ] DEBUG Engine               - isEmbedded: false
11:14:55.648 [FXGL Background Thread 3 ] DEBUG Engine               - isEntityPreloadEnabled: true
11:14:55.649 [FXGL Background Thread 3 ] DEBUG Engine               - isExperimentalTiledLargeMap: false
11:14:55.649 [FXGL Background Thread 3 ] DEBUG Engine               - isFileSystemWriteAllowed: true
11:14:55.649 [FXGL Background Thread 3 ] DEBUG Engine               - isFullScreenAllowed: false
11:14:55.649 [FXGL Background Thread 3 ] DEBUG Engine               - isFullScreenFromStart: false
11:14:55.649 [FXGL Background Thread 3 ] DEBUG Engine               - isGameMenuEnabled: true
11:14:55.650 [FXGL Background Thread 3 ] DEBUG Engine               - isIOS: false
11:14:55.650 [FXGL Background Thread 3 ] DEBUG Engine               - isIntroEnabled: false
11:14:55.650 [FXGL Background Thread 3 ] DEBUG Engine               - isLinux: false
11:14:55.651 [FXGL Background Thread 3 ] DEBUG Engine               - isMac: false
11:14:55.651 [FXGL Background Thread 3 ] DEBUG Engine               - isMainMenuEnabled: false
11:14:55.651 [FXGL Background Thread 3 ] DEBUG Engine               - isManualResizeEnabled: false
11:14:55.651 [FXGL Background Thread 3 ] DEBUG Engine               - isMobile: false
11:14:55.651 [FXGL Background Thread 3 ] DEBUG Engine               - isNative: false
11:14:55.652 [FXGL Background Thread 3 ] DEBUG Engine               - isPauseMusicWhenMinimized: true
11:14:55.652 [FXGL Background Thread 3 ] DEBUG Engine               - isPreserveResizeRatio: false
11:14:55.652 [FXGL Background Thread 3 ] DEBUG Engine               - isProfilingEnabled: false
11:14:55.652 [FXGL Background Thread 3 ] DEBUG Engine               - isScaleAffectedOnResize: true
11:14:55.652 [FXGL Background Thread 3 ] DEBUG Engine               - isSingleStep: false
11:14:55.652 [FXGL Background Thread 3 ] DEBUG Engine               - isUserProfileEnabled: false
11:14:55.652 [FXGL Background Thread 3 ] DEBUG Engine               - isWindows: true
11:14:55.652 [FXGL Background Thread 3 ] DEBUG Engine               - language: ObjectProperty [value: ENGLISH]
11:14:55.652 [FXGL Background Thread 3 ] DEBUG Engine               - menuKey: ESCAPE
11:14:55.652 [FXGL Background Thread 3 ] DEBUG Engine               - mouseSensitivity: 0.2
11:14:55.652 [FXGL Background Thread 3 ] DEBUG Engine               - notificationViewClass: class com.almasb.fxgl.notification.view.XboxNotificationView
11:14:55.652 [FXGL Background Thread 3 ] DEBUG Engine               - pixelsPerMeter: 50.0
11:14:55.652 [FXGL Background Thread 3 ] DEBUG Engine               - platform: WINDOWS
11:14:55.652 [FXGL Background Thread 3 ] DEBUG Engine               - prefHeightProperty: ReadOnlyDoubleProperty [value: 600.0]
11:14:55.652 [FXGL Background Thread 3 ] DEBUG Engine               - prefWidthProperty: ReadOnlyDoubleProperty [value: 800.0]
11:14:55.652 [FXGL Background Thread 3 ] DEBUG Engine               - profileDir: profiles/
11:14:55.653 [FXGL Background Thread 3 ] DEBUG Engine               - profileName: StringProperty [value: DEFAULT]
11:14:55.653 [FXGL Background Thread 3 ] DEBUG Engine               - randomSeed: -1
11:14:55.653 [FXGL Background Thread 3 ] DEBUG Engine               - runtimeInfo: RuntimeInfo(platform=WINDOWS, version=21.1, build=26.03.2024 17.33)
11:14:55.653 [FXGL Background Thread 3 ] DEBUG Engine               - saveFileExt: sav
11:14:55.653 [FXGL Background Thread 3 ] DEBUG Engine               - scaledHeightProp$fxgl: DoubleProperty [bound, value: 600.0]
11:14:55.653 [FXGL Background Thread 3 ] DEBUG Engine               - scaledWidthProp$fxgl: DoubleProperty [bound, value: 800.0]
11:14:55.653 [FXGL Background Thread 3 ] DEBUG Engine               - sceneFactory: com.almasb.fxgl.app.scene.SceneFactory@75dd9964
11:14:55.654 [FXGL Background Thread 3 ] DEBUG Engine               - secondsIn24h: 60
11:14:55.654 [FXGL Background Thread 3 ] DEBUG Engine               - soundMenuBack: menu/back.wav
11:14:55.654 [FXGL Background Thread 3 ] DEBUG Engine               - soundMenuPress: menu/press.wav
11:14:55.654 [FXGL Background Thread 3 ] DEBUG Engine               - soundMenuSelect: menu/select.wav
11:14:55.654 [FXGL Background Thread 3 ] DEBUG Engine               - soundNotification: core/notification.wav
11:14:55.654 [FXGL Background Thread 3 ] DEBUG Engine               - stageStyle: DECORATED
11:14:55.654 [FXGL Background Thread 3 ] DEBUG Engine               - supportedLanguages: [ENGLISH, FRENCH, GERMAN, HUNGARIAN, RUSSIAN]
11:14:55.654 [FXGL Background Thread 3 ] DEBUG Engine               - ticksPerSecond: -1
11:14:55.654 [FXGL Background Thread 3 ] DEBUG Engine               - title: Among Us UNEG
11:14:55.654 [FXGL Background Thread 3 ] DEBUG Engine               - urlGithub: https://github.com/AlmasB/FXGL
11:14:55.654 [FXGL Background Thread 3 ] DEBUG Engine               - urlLeaderboard: http://fxgl-top.herokuapp.com/
11:14:55.654 [FXGL Background Thread 3 ] DEBUG Engine               - urlPOM: https://raw.githubusercontent.com/AlmasB/FXGL/release/README.md
11:14:55.654 [FXGL Background Thread 3 ] DEBUG Engine               - userAppClass: class main.java.amongUs.AppPrincipal
11:14:55.654 [FXGL Background Thread 3 ] DEBUG Engine               - version: 0.0
11:14:55.654 [FXGL Background Thread 3 ] DEBUG Engine               - versionCheckDays: 7
11:14:55.654 [FXGL Background Thread 3 ] DEBUG Engine               - width: 800
11:14:55.654 [FXGL Background Thread 3 ] DEBUG Engine               - Logging services
11:14:55.654 [FXGL Background Thread 3 ] DEBUG Engine               - class com.almasb.fxgl.app.services.FXGLAssetLoaderService
11:14:55.654 [FXGL Background Thread 3 ] DEBUG Engine               - class com.almasb.fxgl.app.FXGLApplication$GameApplicationService
11:14:55.654 [FXGL Background Thread 3 ] DEBUG Engine               - class com.almasb.fxgl.app.services.FXGLDialogService
11:14:55.654 [FXGL Background Thread 3 ] DEBUG Engine               - class com.almasb.fxgl.app.services.IOTaskExecutorService
11:14:55.654 [FXGL Background Thread 3 ] DEBUG Engine               - class com.almasb.fxgl.io.FileSystemService
11:14:55.654 [FXGL Background Thread 3 ] DEBUG Engine               - class com.almasb.fxgl.localization.LocalizationService
11:14:55.654 [FXGL Background Thread 3 ] DEBUG Engine               - class com.almasb.fxgl.app.services.SystemBundleService
11:14:55.654 [FXGL Background Thread 3 ] DEBUG Engine               - class com.almasb.fxgl.profile.SaveLoadService
11:14:55.654 [FXGL Background Thread 3 ] DEBUG Engine               - class com.almasb.fxgl.ui.FXGLUIFactoryServiceProvider
11:14:55.654 [FXGL Background Thread 3 ] DEBUG Engine               - class com.almasb.fxgl.ui.FXGLDialogFactoryServiceProvider
11:14:55.654 [FXGL Background Thread 3 ] DEBUG Engine               - class com.almasb.fxgl.audio.AudioPlayer
11:14:55.655 [FXGL Background Thread 3 ] DEBUG Engine               - class com.almasb.fxgl.notification.impl.NotificationServiceProvider
11:14:55.655 [FXGL Background Thread 3 ] DEBUG Engine               - class com.almasb.fxgl.achievement.AchievementService
11:14:55.655 [FXGL Background Thread 3 ] DEBUG Engine               - class com.almasb.fxgl.cutscene.CutsceneService
11:14:55.655 [FXGL Background Thread 3 ] DEBUG Engine               - class com.almasb.fxgl.minigames.MiniGameService
11:14:55.655 [FXGL Background Thread 3 ] DEBUG Engine               - class com.almasb.fxgl.net.NetService
11:14:55.655 [FXGL Background Thread 3 ] DEBUG Engine               - class com.almasb.fxgl.app.services.UpdaterService
11:14:55.655 [FXGL Background Thread 3 ] DEBUG Engine               - class com.almasb.fxgl.dev.DevService
11:14:58.320 [JavaFX Application Thread] WARN  TMXLevelLoader       - TiledMap generated from 1.11.2. Supported version: 1.9.0. Some features may not be parsed fully.
11:14:58.416 [JavaFX Application Thread] DEBUG TMXLevelLoader       - Parsed TiledMap: file:/C:/Users/josue/OneDrive/Desktop/proyecto%20java/Among%20Us/out/production/Among%20Us/assets/levels/mapa2.tmx
11:14:58.417 [JavaFX Application Thread] DEBUG TMXLevelLoader       - Creating tile layer entities
11:14:58.420 [JavaFX Application Thread] DEBUG TilesetLoader        - Loading view for layer fondo1
11:14:58.421 [JavaFX Application Thread] DEBUG TilesetLoader        - Created buffer with size 992.0x960.0
11:14:58.451 [JavaFX Application Thread] DEBUG TilesetLoader        - Loading view for layer fondo
11:14:58.452 [JavaFX Application Thread] DEBUG TilesetLoader        - Created buffer with size 992.0x960.0
11:14:58.460 [JavaFX Application Thread] DEBUG TilesetLoader        - Loading view for layer piso
11:14:58.461 [JavaFX Application Thread] DEBUG TilesetLoader        - Created buffer with size 992.0x960.0
11:14:58.468 [JavaFX Application Thread] DEBUG TilesetLoader        - Loading view for layer piso1
11:14:58.469 [JavaFX Application Thread] DEBUG TilesetLoader        - Created buffer with size 992.0x960.0
11:14:58.474 [JavaFX Application Thread] WARN  TilesetLoader        - Diagonally flipped tiles are not currently supported
11:14:58.477 [JavaFX Application Thread] WARN  TilesetLoader        - Diagonally flipped tiles are not currently supported
11:14:58.480 [JavaFX Application Thread] WARN  TilesetLoader        - Diagonally flipped tiles are not currently supported
11:14:58.485 [JavaFX Application Thread] WARN  TilesetLoader        - Diagonally flipped tiles are not currently supported
11:14:58.487 [JavaFX Application Thread] DEBUG TilesetLoader        - Loading view for layer izquierda
11:14:58.487 [JavaFX Application Thread] DEBUG TilesetLoader        - Created buffer with size 992.0x960.0
11:14:58.495 [JavaFX Application Thread] DEBUG TilesetLoader        - Loading view for layer detallesatraspared
11:14:58.497 [JavaFX Application Thread] DEBUG TilesetLoader        - Created buffer with size 992.0x960.0
11:14:58.519 [JavaFX Application Thread] WARN  TilesetLoader        - Diagonally flipped tiles are not currently supported
11:14:58.521 [JavaFX Application Thread] WARN  TilesetLoader        - Diagonally flipped tiles are not currently supported
11:14:58.562 [JavaFX Application Thread] DEBUG TilesetLoader        - Loading view for layer pared2
11:14:58.563 [JavaFX Application Thread] DEBUG TilesetLoader        - Created buffer with size 992.0x960.0
11:14:58.588 [JavaFX Application Thread] DEBUG TilesetLoader        - Loading view for layer techo1
11:14:58.590 [JavaFX Application Thread] DEBUG TilesetLoader        - Created buffer with size 992.0x960.0
11:14:58.602 [JavaFX Application Thread] DEBUG TilesetLoader        - Loading view for layer techo2
11:14:58.603 [JavaFX Application Thread] DEBUG TilesetLoader        - Created buffer with size 992.0x960.0
11:14:58.800 [JavaFX Application Thread] DEBUG TilesetLoader        - Loading view for layer puertita
11:14:58.801 [JavaFX Application Thread] DEBUG TilesetLoader        - Created buffer with size 992.0x960.0
11:14:58.804 [JavaFX Application Thread] DEBUG TilesetLoader        - Loading view for layer puerta
11:14:58.805 [JavaFX Application Thread] DEBUG TilesetLoader        - Created buffer with size 992.0x960.0
11:14:58.808 [JavaFX Application Thread] DEBUG TilesetLoader        - Loading view for layer detalles
11:14:58.809 [JavaFX Application Thread] DEBUG TilesetLoader        - Created buffer with size 992.0x960.0
11:14:58.833 [JavaFX Application Thread] DEBUG TilesetLoader        - Loading view for layer detalles 2
11:14:58.834 [JavaFX Application Thread] DEBUG TilesetLoader        - Created buffer with size 992.0x960.0
11:14:58.851 [JavaFX Application Thread] DEBUG TilesetLoader        - Loading view for layer detalles3
11:14:58.852 [JavaFX Application Thread] DEBUG TilesetLoader        - Created buffer with size 992.0x960.0
11:14:58.867 [JavaFX Application Thread] DEBUG TMXLevelLoader       - Creating object layer entities
11:14:58.974 [JavaFX Application Thread] DEBUG GameWorld            - Clearing removable entities
11:14:58.974 [JavaFX Application Thread] DEBUG GameWorld            - Setting level: com.almasb.fxgl.entity.level.Level@46d30220
11:14:59.008 [JavaFX Application Thread] DEBUG FXGLAssetLoaderServi - Loading from file system: file:/C:/Users/josue/OneDrive/Desktop/proyecto%20java/Among%20Us/out/production/Among%20Us/assets/textures/tripulante_negro.png
11:14:59.010 [JavaFX Application Thread] DEBUG FXGLAssetLoaderServi - Loading from file system: file:/C:/Users/josue/OneDrive/Desktop/proyecto%20java/Among%20Us/out/production/Among%20Us/assets/textures/animacion_negro.png
11:14:59.037 [JavaFX Application Thread] WARN  Entity               - Entity already has component: com.almasb.fxgl.physics.PhysicsComponent
11:16:43.942 [JavaFX Application Thread] DEBUG FXGLApplication      - Exiting FXGL
11:16:43.942 [JavaFX Application Thread] DEBUG LoopRunner           - Stopping loop
11:16:43.942 [JavaFX Application Thread] DEBUG SystemBundleService  - Saving FXGL system data
11:16:43.945 [JavaFX Application Thread] DEBUG FileSystemAccess     - Writing to: C:\Users\josue\OneDrive\Desktop\proyecto java\Among Us\system\fxgl.bundle
11:16:43.948 [JavaFX Application Thread] DEBUG Async                - Shutting down background threads
11:16:43.948 [JavaFX Application Thread] DEBUG PrimaryStageWindow   - Closing main window
11:16:44.043 [JavaFX Application Thread] DEBUG Logger               - Closing Logger
