23:12:26.547 [main                     ] DEBUG Logger               - Configured Logger
23:12:26.569 [main                     ] DEBUG GameApplication      - Logging settings
Title: Among Us UNEG
Version: 0.0
Width: 800
Height: 600
Fullscreen: false
Intro: false
Profiling: false
Single step:false
App Mode: DEVELOPER
Menu Key: ESCAPE
Stage Style: DECORATED
Scene Factory: class com.almasb.fxgl.app.scene.SceneFactory

23:12:27.483 [JavaFX Application Thread] DEBUG FXGLApplication      - Initializing FXGL
23:12:27.490 [JavaFX Application Thread] INFO  Engine               - FXGL-21.1 (26.03.2024 17.33) on WINDOWS (J:25.0.2 FX:21.0.1)
23:12:27.490 [JavaFX Application Thread] DEBUG Engine               - JRE Vendor Name: Oracle Corporation
23:12:27.491 [JavaFX Application Thread] DEBUG Engine               - Running on OS: Windows 11 version 10.0
23:12:27.491 [JavaFX Application Thread] DEBUG Engine               - Architecture: amd64
23:12:27.491 [JavaFX Application Thread] INFO  Engine               - Source code and latest versions at: https://github.com/AlmasB/FXGL
23:12:27.492 [JavaFX Application Thread] INFO  Engine               -       Ask questions and discuss at: https://github.com/AlmasB/FXGL/discussions
23:12:27.492 [JavaFX Application Thread] INFO  Engine               -              Join the FXGL chat at: https://gitter.im/AlmasB/FXGL
23:12:27.770 [JavaFX Application Thread] DEBUG PrimaryStageWindow   - Creating a JavaFX scene
23:12:27.892 [JavaFX Application Thread] DEBUG PrimaryStageWindow   - Target settings size: 800.0 x 600.0
23:12:27.892 [JavaFX Application Thread] DEBUG PrimaryStageWindow   - Scaled scene size:    800.0 x 600.0
23:12:27.892 [JavaFX Application Thread] DEBUG PrimaryStageWindow   - Scaled ratio: (1.0, 1.0)
23:12:27.894 [JavaFX Application Thread] DEBUG PrimaryStageWindow   - Set initial scene to FXGLStartupScene
23:12:27.901 [JavaFX Application Thread] DEBUG PrimaryStageWindow   - Opening main window
23:12:28.096 [JavaFX Application Thread] DEBUG PrimaryStageWindow   - Window border size: (16.0, 39.0)
23:12:28.096 [JavaFX Application Thread] DEBUG PrimaryStageWindow   - Scaled size: 800.0 x 600.0
23:12:28.096 [JavaFX Application Thread] DEBUG PrimaryStageWindow   - Scaled ratio: (1.0, 1.0)
23:12:28.096 [JavaFX Application Thread] DEBUG PrimaryStageWindow   - Scene size: 800.0 x 600.0
23:12:28.096 [JavaFX Application Thread] DEBUG PrimaryStageWindow   - Stage size: 816.0 x 639.0
23:12:28.130 [FXGL Background Thread 1 ] DEBUG Engine               - Initializing environment variables
23:12:28.330 [FXGL Background Thread 1 ] DEBUG FXGLAssetLoaderServi - User app class for loading assets: class main.java.amongUs.AppPrincipal
23:12:28.330 [FXGL Background Thread 1 ] DEBUG GameApplicationServi - Applying CSS: fxgl_dark.css
23:12:28.331 [FXGL Background Thread 1 ] DEBUG FXGLAssetLoaderServi - Loading from file system: jar:file:/C:/Users/josue/OneDrive/Desktop/proyecto%20java/Among%20Us/lib/fxgl-21.1-uber.jar!/fxglassets/ui/css/fxgl_dark.css
23:12:28.454 [FXGL Background Thread 1 ] DEBUG GameApplicationServi - Initializing application scenes
23:12:28.630 [FXGL Background Thread 1 ] DEBUG GameWorld            - Game world initialized
23:12:28.715 [FXGL Background Thread 1 ] DEBUG PhysicsWorld         - Physics world initialized: appHeight=600, physics.ppm=50,0
23:12:28.715 [FXGL Background Thread 1 ] DEBUG PhysicsWorld         - Using strategy: BRUTE_FORCE
23:12:28.721 [FXGL Background Thread 1 ] DEBUG GameScene            - Game scene initialized: 800x600
23:12:28.741 [FXGL Background Thread 1 ] DEBUG FXGL.DefaultMenu     - createMenuBodyGameMenu()
23:12:28.773 [FXGL Background Thread 1 ] DEBUG FXGL.DefaultMenu     - createOptionsMenu()
23:12:28.792 [FXGL Background Thread 1 ] DEBUG FXGLAssetLoaderServi - Loading from file system: jar:file:/C:/Users/josue/OneDrive/Desktop/proyecto%20java/Among%20Us/lib/fxgl-21.1-uber.jar!/fxglassets/textures/particles/smoke.png
23:12:28.959 [FXGL Background Thread 1 ] DEBUG FXGLAssetLoaderServi - Loading from file system: jar:file:/C:/Users/josue/OneDrive/Desktop/proyecto%20java/Among%20Us/lib/fxgl-21.1-uber.jar!/fxglassets/textures/particles/trace_horizontal.png
23:12:29.002 [FXGL Background Thread 1 ] DEBUG GameApplicationServi - Application scenes initialized
23:12:29.026 [FXGL Background Thread 1 ] DEBUG SystemBundleService  - Loading FXGL system data
23:12:29.032 [FXGL Background Thread 1 ] DEBUG FileSystemAccess     - Reading from: C:\Users\josue\OneDrive\Desktop\proyecto java\Among Us\system\fxgl.bundle
23:12:29.045 [FXGL Background Thread 1 ] DEBUG SystemBundleService  - Bundle FXGL: {}
23:12:29.045 [FXGL Background Thread 1 ] DEBUG UpdaterService       - Checking for updates
23:12:29.054 [FXGL Background Thread 1 ] DEBUG FXGLApplication      - Loading default localization
23:12:29.055 [FXGL Background Thread 1 ] DEBUG FXGLAssetLoaderServi - Loading from file system: jar:file:/C:/Users/josue/OneDrive/Desktop/proyecto%20java/Among%20Us/lib/fxgl-21.1-uber.jar!/fxglassets/languages/english.lang
23:12:29.056 [FXGL Background Thread 4 ] DEBUG FXGLApplication      - Loading fonts
23:12:29.067 [FXGL Background Thread 4 ] DEBUG FXGLAssetLoaderServi - Loading from file system: jar:file:/C:/Users/josue/OneDrive/Desktop/proyecto%20java/Among%20Us/lib/fxgl-21.1-uber.jar!/fxglassets/ui/fonts/VarelaRound-Regular.ttf
23:12:29.107 [FXGL Background Thread 1 ] INFO  FXGLApplication      - FXGL initialization took: 0,977 sec
23:12:29.119 [JavaFX Application Thread] DEBUG Input                - Registered new binding: Mover Arriba - W
23:12:29.119 [JavaFX Application Thread] DEBUG Input                - Registered new binding: Mover Abajo - S
23:12:29.119 [JavaFX Application Thread] DEBUG Input                - Registered new binding: Mover Izquierda - A
23:12:29.119 [JavaFX Application Thread] DEBUG Input                - Registered new binding: Mover Derecha - D
23:12:29.120 [JavaFX Application Thread] DEBUG FXGLAssetLoaderServi - Loading from file system: file:/C:/Users/josue/OneDrive/Desktop/proyecto%20java/Among%20Us/out/production/Among%20Us/assets/textures/icono.png
23:12:29.150 [JavaFX Application Thread] DEBUG FXGLAssetLoaderServi - Loading from file system: jar:file:/C:/Users/josue/OneDrive/Desktop/proyecto%20java/Among%20Us/lib/fxgl-21.1-uber.jar!/fxglassets/textures/fxgl_default_cursor.png
23:12:29.155 [JavaFX Application Thread] DEBUG Input                - Registered new binding: Screenshot - CTRL+8
23:12:29.156 [JavaFX Application Thread] DEBUG Input                - Registered new binding: System info dump - CTRL+9
23:12:29.156 [JavaFX Application Thread] DEBUG Input                - Registered new binding: Restart - CTRL+R
23:12:29.157 [JavaFX Application Thread] DEBUG Input                - Registered new binding: Toggle Debug Camera - CTRL+7
23:12:29.160 [JavaFX Application Thread] DEBUG LoopRunner           - Starting loop
23:12:29.161 [JavaFX Application Thread] DEBUG LoopRunner           - Initializing JavaFX AnimationTimerLoop
23:12:29.163 [JavaFX Application Thread] DEBUG GameApplicationServi - Starting new game
23:12:29.166 [JavaFX Application Thread] DEBUG Input                - Clearing active input actions
23:12:29.200 [JavaFX Application Thread] DEBUG GameApplicationServi - Removing overlay from FXGLStartupScene and adding to FXGLLoadingScene
23:12:29.202 [JavaFX Application Thread] DEBUG PrimaryStageWindow   - FXGLStartupScene -> FXGLLoadingScene
23:12:29.202 [JavaFX Application Thread] DEBUG GameApplicationServi - Clearing previous game
23:12:29.202 [JavaFX Application Thread] DEBUG GameScene            - Clearing game scene
23:12:29.202 [JavaFX Application Thread] DEBUG GameWorld            - Clearing game world
23:12:29.203 [JavaFX Application Thread] DEBUG PhysicsWorld         - Clearing physics world
23:12:29.210 [FXGL Background Thread 1 ] DEBUG FXGLApplication      - Initializing game
23:12:29.340 [FXGL Background Thread 1 ] DEBUG FXGLAssetLoaderServi - Loading from file system: file:/C:/Users/josue/OneDrive/Desktop/proyecto%20java/Among%20Us/out/production/Among%20Us/assets/music/musicaMenu.mp3
23:12:29.748 [FXGL Background Thread 4 ] DEBUG FXGLAssetLoaderServi - Loading from file system: jar:file:/C:/Users/josue/OneDrive/Desktop/proyecto%20java/Among%20Us/lib/fxgl-21.1-uber.jar!/fxglassets/ui/fonts/Abel-Regular.ttf
23:12:29.754 [FXGL Background Thread 4 ] DEBUG FXGLAssetLoaderServi - Loading from file system: jar:file:/C:/Users/josue/OneDrive/Desktop/proyecto%20java/Among%20Us/lib/fxgl-21.1-uber.jar!/fxglassets/ui/fonts/TerminalLandMono-Regular.otf
23:12:29.819 [FXGL Background Thread 4 ] DEBUG FXGLAssetLoaderServi - Loading from file system: jar:file:/C:/Users/josue/OneDrive/Desktop/proyecto%20java/Among%20Us/lib/fxgl-21.1-uber.jar!/fxglassets/ui/fonts/Courier-Prime.ttf
23:12:29.885 [JavaFX Application Thread] DEBUG FXGLApplication      - Registering font factories with UI factory
23:12:29.985 [FXGL Background Thread 1 ] DEBUG AudioPlayer          - Playing music com.almasb.fxgl.audio.Music@10e34233
23:12:31.477 [FXGL Background Thread 1 ] INFO  FXGLApplication      - Game initialization took: 2,267 sec
23:12:31.484 [JavaFX Application Thread] DEBUG Input                - Clearing active input actions
23:12:31.497 [JavaFX Application Thread] DEBUG GameApplicationServi - Removing overlay from FXGLLoadingScene and adding to GameScene
23:12:31.497 [JavaFX Application Thread] DEBUG PrimaryStageWindow   - FXGLLoadingScene -> GameScene
23:12:31.611 [FXGL Background Thread 2 ] INFO  UpdaterService       - Your current version:  21.1
23:12:31.611 [FXGL Background Thread 2 ] INFO  UpdaterService       - Latest stable version: 25
23:12:32.050 [FXGL Background Thread 3 ] DEBUG Engine               - Logging environment variables
23:12:32.051 [FXGL Background Thread 3 ] DEBUG Engine               - achievements: []
23:12:32.051 [FXGL Background Thread 3 ] DEBUG Engine               - actualHeight: 600.0
23:12:32.051 [FXGL Background Thread 3 ] DEBUG Engine               - actualHeightProperty: ReadOnlyDoubleProperty [value: 600.0]
23:12:32.053 [FXGL Background Thread 3 ] DEBUG Engine               - actualWidth: 800.0
23:12:32.053 [FXGL Background Thread 3 ] DEBUG Engine               - actualWidthProperty: ReadOnlyDoubleProperty [value: 800.0]
23:12:32.053 [FXGL Background Thread 3 ] DEBUG Engine               - appIcon: icono.png
23:12:32.053 [FXGL Background Thread 3 ] DEBUG Engine               - applicationMode: DEVELOPER
23:12:32.053 [FXGL Background Thread 3 ] DEBUG Engine               - cSSList: [fxgl_dark.css]
23:12:32.053 [FXGL Background Thread 3 ] DEBUG Engine               - collisionDetectionStrategy: BRUTE_FORCE
23:12:32.053 [FXGL Background Thread 3 ] DEBUG Engine               - configClass: Optional.empty
23:12:32.053 [FXGL Background Thread 3 ] DEBUG Engine               - credits: []
23:12:32.053 [FXGL Background Thread 3 ] DEBUG Engine               - defaultCursor: CursorInfo(imageName=fxgl_default_cursor.png, hotspotX=7.0, hotspotY=6.0)
23:12:32.053 [FXGL Background Thread 3 ] DEBUG Engine               - devBBoxColorProperty: ObjectProperty [value: 0xff0000ff]
23:12:32.054 [FXGL Background Thread 3 ] DEBUG Engine               - devEnableDebugCameraProperty: BooleanProperty [value: false]
23:12:32.054 [FXGL Background Thread 3 ] DEBUG Engine               - devSensorColorProperty: ObjectProperty [value: 0xffff00ff]
23:12:32.054 [FXGL Background Thread 3 ] DEBUG Engine               - devShowBBoxProperty: BooleanProperty [value: false]
23:12:32.054 [FXGL Background Thread 3 ] DEBUG Engine               - devShowPositionProperty: BooleanProperty [value: false]
23:12:32.054 [FXGL Background Thread 3 ] DEBUG Engine               - enabledMenuItems: []
23:12:32.054 [FXGL Background Thread 3 ] DEBUG Engine               - engineServices: [class com.almasb.fxgl.app.services.FXGLAssetLoaderService, class com.almasb.fxgl.app.FXGLApplication$GameApplicationService, class com.almasb.fxgl.app.services.FXGLDialogService, class com.almasb.fxgl.app.services.IOTaskExecutorService, class com.almasb.fxgl.io.FileSystemService, class com.almasb.fxgl.localization.LocalizationService, class com.almasb.fxgl.app.services.SystemBundleService, class com.almasb.fxgl.profile.SaveLoadService, class com.almasb.fxgl.ui.FXGLUIFactoryServiceProvider, class com.almasb.fxgl.ui.FXGLDialogFactoryServiceProvider, class com.almasb.fxgl.audio.AudioPlayer, class com.almasb.fxgl.notification.impl.NotificationServiceProvider, class com.almasb.fxgl.achievement.AchievementService, class com.almasb.fxgl.cutscene.CutsceneService, class com.almasb.fxgl.minigames.MiniGameService, class com.almasb.fxgl.net.NetService, class com.almasb.fxgl.app.services.UpdaterService, class com.almasb.fxgl.dev.DevService]
23:12:32.054 [FXGL Background Thread 3 ] DEBUG Engine               - fontGame: Abel-Regular.ttf
23:12:32.054 [FXGL Background Thread 3 ] DEBUG Engine               - fontMono: TerminalLandMono-Regular.otf
23:12:32.054 [FXGL Background Thread 3 ] DEBUG Engine               - fontSizeScaleUI: 1.0
23:12:32.054 [FXGL Background Thread 3 ] DEBUG Engine               - fontText: Courier-Prime.ttf
23:12:32.054 [FXGL Background Thread 3 ] DEBUG Engine               - fontUI: VarelaRound-Regular.ttf
23:12:32.054 [FXGL Background Thread 3 ] DEBUG Engine               - fullScreen: BooleanProperty [value: false]
23:12:32.054 [FXGL Background Thread 3 ] DEBUG Engine               - gameDifficulty: MEDIUM
23:12:32.054 [FXGL Background Thread 3 ] DEBUG Engine               - gameDifficultyProperty: ObjectProperty [value: MEDIUM]
23:12:32.055 [FXGL Background Thread 3 ] DEBUG Engine               - globalMusicVolume: 0.5
23:12:32.055 [FXGL Background Thread 3 ] DEBUG Engine               - globalMusicVolumeProperty: DoubleProperty [value: 0.4]
23:12:32.055 [FXGL Background Thread 3 ] DEBUG Engine               - globalSoundVolume: 0.5
23:12:32.055 [FXGL Background Thread 3 ] DEBUG Engine               - globalSoundVolumeProperty: DoubleProperty [value: 0.5]
23:12:32.055 [FXGL Background Thread 3 ] DEBUG Engine               - height: 600
23:12:32.055 [FXGL Background Thread 3 ] DEBUG Engine               - is3D: false
23:12:32.055 [FXGL Background Thread 3 ] DEBUG Engine               - isAndroid: false
23:12:32.055 [FXGL Background Thread 3 ] DEBUG Engine               - isBrowser: false
23:12:32.055 [FXGL Background Thread 3 ] DEBUG Engine               - isClickFeedbackEnabled: false
23:12:32.055 [FXGL Background Thread 3 ] DEBUG Engine               - isCloseConfirmation: false
23:12:32.055 [FXGL Background Thread 3 ] DEBUG Engine               - isDesktop: true
23:12:32.055 [FXGL Background Thread 3 ] DEBUG Engine               - isDeveloperMenuEnabled: false
23:12:32.055 [FXGL Background Thread 3 ] DEBUG Engine               - isEmbedded: false
23:12:32.055 [FXGL Background Thread 3 ] DEBUG Engine               - isEntityPreloadEnabled: true
23:12:32.055 [FXGL Background Thread 3 ] DEBUG Engine               - isExperimentalTiledLargeMap: false
23:12:32.055 [FXGL Background Thread 3 ] DEBUG Engine               - isFileSystemWriteAllowed: true
23:12:32.056 [FXGL Background Thread 3 ] DEBUG Engine               - isFullScreenAllowed: false
23:12:32.056 [FXGL Background Thread 3 ] DEBUG Engine               - isFullScreenFromStart: false
23:12:32.056 [FXGL Background Thread 3 ] DEBUG Engine               - isGameMenuEnabled: true
23:12:32.056 [FXGL Background Thread 3 ] DEBUG Engine               - isIOS: false
23:12:32.056 [FXGL Background Thread 3 ] DEBUG Engine               - isIntroEnabled: false
23:12:32.056 [FXGL Background Thread 3 ] DEBUG Engine               - isLinux: false
23:12:32.056 [FXGL Background Thread 3 ] DEBUG Engine               - isMac: false
23:12:32.056 [FXGL Background Thread 3 ] DEBUG Engine               - isMainMenuEnabled: false
23:12:32.056 [FXGL Background Thread 3 ] DEBUG Engine               - isManualResizeEnabled: false
23:12:32.056 [FXGL Background Thread 3 ] DEBUG Engine               - isMobile: false
23:12:32.057 [FXGL Background Thread 3 ] DEBUG Engine               - isNative: false
23:12:32.057 [FXGL Background Thread 3 ] DEBUG Engine               - isPauseMusicWhenMinimized: true
23:12:32.057 [FXGL Background Thread 3 ] DEBUG Engine               - isPreserveResizeRatio: false
23:12:32.057 [FXGL Background Thread 3 ] DEBUG Engine               - isProfilingEnabled: false
23:12:32.057 [FXGL Background Thread 3 ] DEBUG Engine               - isScaleAffectedOnResize: true
23:12:32.057 [FXGL Background Thread 3 ] DEBUG Engine               - isSingleStep: false
23:12:32.057 [FXGL Background Thread 3 ] DEBUG Engine               - isUserProfileEnabled: false
23:12:32.058 [FXGL Background Thread 3 ] DEBUG Engine               - isWindows: true
23:12:32.058 [FXGL Background Thread 3 ] DEBUG Engine               - language: ObjectProperty [value: ENGLISH]
23:12:32.058 [FXGL Background Thread 3 ] DEBUG Engine               - menuKey: ESCAPE
23:12:32.058 [FXGL Background Thread 3 ] DEBUG Engine               - mouseSensitivity: 0.2
23:12:32.058 [FXGL Background Thread 3 ] DEBUG Engine               - notificationViewClass: class com.almasb.fxgl.notification.view.XboxNotificationView
23:12:32.058 [FXGL Background Thread 3 ] DEBUG Engine               - pixelsPerMeter: 50.0
23:12:32.058 [FXGL Background Thread 3 ] DEBUG Engine               - platform: WINDOWS
23:12:32.058 [FXGL Background Thread 3 ] DEBUG Engine               - prefHeightProperty: ReadOnlyDoubleProperty [value: 600.0]
23:12:32.058 [FXGL Background Thread 3 ] DEBUG Engine               - prefWidthProperty: ReadOnlyDoubleProperty [value: 800.0]
23:12:32.058 [FXGL Background Thread 3 ] DEBUG Engine               - profileDir: profiles/
23:12:32.058 [FXGL Background Thread 3 ] DEBUG Engine               - profileName: StringProperty [value: DEFAULT]
23:12:32.058 [FXGL Background Thread 3 ] DEBUG Engine               - randomSeed: -1
23:12:32.058 [FXGL Background Thread 3 ] DEBUG Engine               - runtimeInfo: RuntimeInfo(platform=WINDOWS, version=21.1, build=26.03.2024 17.33)
23:12:32.058 [FXGL Background Thread 3 ] DEBUG Engine               - saveFileExt: sav
23:12:32.058 [FXGL Background Thread 3 ] DEBUG Engine               - scaledHeightProp$fxgl: DoubleProperty [bound, value: 600.0]
23:12:32.059 [FXGL Background Thread 3 ] DEBUG Engine               - scaledWidthProp$fxgl: DoubleProperty [bound, value: 800.0]
23:12:32.059 [FXGL Background Thread 3 ] DEBUG Engine               - sceneFactory: com.almasb.fxgl.app.scene.SceneFactory@23fef25e
23:12:32.059 [FXGL Background Thread 3 ] DEBUG Engine               - secondsIn24h: 60
23:12:32.059 [FXGL Background Thread 3 ] DEBUG Engine               - soundMenuBack: menu/back.wav
23:12:32.059 [FXGL Background Thread 3 ] DEBUG Engine               - soundMenuPress: menu/press.wav
23:12:32.059 [FXGL Background Thread 3 ] DEBUG Engine               - soundMenuSelect: menu/select.wav
23:12:32.059 [FXGL Background Thread 3 ] DEBUG Engine               - soundNotification: core/notification.wav
23:12:32.059 [FXGL Background Thread 3 ] DEBUG Engine               - stageStyle: DECORATED
23:12:32.059 [FXGL Background Thread 3 ] DEBUG Engine               - supportedLanguages: [ENGLISH, FRENCH, GERMAN, HUNGARIAN, RUSSIAN]
23:12:32.059 [FXGL Background Thread 3 ] DEBUG Engine               - ticksPerSecond: -1
23:12:32.059 [FXGL Background Thread 3 ] DEBUG Engine               - title: Among Us UNEG
23:12:32.059 [FXGL Background Thread 3 ] DEBUG Engine               - urlGithub: https://github.com/AlmasB/FXGL
23:12:32.059 [FXGL Background Thread 3 ] DEBUG Engine               - urlLeaderboard: http://fxgl-top.herokuapp.com/
23:12:32.059 [FXGL Background Thread 3 ] DEBUG Engine               - urlPOM: https://raw.githubusercontent.com/AlmasB/FXGL/release/README.md
23:12:32.059 [FXGL Background Thread 3 ] DEBUG Engine               - userAppClass: class main.java.amongUs.AppPrincipal
23:12:32.063 [FXGL Background Thread 3 ] DEBUG Engine               - version: 0.0
23:12:32.063 [FXGL Background Thread 3 ] DEBUG Engine               - versionCheckDays: 7
23:12:32.063 [FXGL Background Thread 3 ] DEBUG Engine               - width: 800
23:12:32.063 [FXGL Background Thread 3 ] DEBUG Engine               - Logging services
23:12:32.063 [FXGL Background Thread 3 ] DEBUG Engine               - class com.almasb.fxgl.app.services.FXGLAssetLoaderService
23:12:32.063 [FXGL Background Thread 3 ] DEBUG Engine               - class com.almasb.fxgl.app.FXGLApplication$GameApplicationService
23:12:32.063 [FXGL Background Thread 3 ] DEBUG Engine               - class com.almasb.fxgl.app.services.FXGLDialogService
23:12:32.063 [FXGL Background Thread 3 ] DEBUG Engine               - class com.almasb.fxgl.app.services.IOTaskExecutorService
23:12:32.063 [FXGL Background Thread 3 ] DEBUG Engine               - class com.almasb.fxgl.io.FileSystemService
23:12:32.063 [FXGL Background Thread 3 ] DEBUG Engine               - class com.almasb.fxgl.localization.LocalizationService
23:12:32.063 [FXGL Background Thread 3 ] DEBUG Engine               - class com.almasb.fxgl.app.services.SystemBundleService
23:12:32.063 [FXGL Background Thread 3 ] DEBUG Engine               - class com.almasb.fxgl.profile.SaveLoadService
23:12:32.063 [FXGL Background Thread 3 ] DEBUG Engine               - class com.almasb.fxgl.ui.FXGLUIFactoryServiceProvider
23:12:32.063 [FXGL Background Thread 3 ] DEBUG Engine               - class com.almasb.fxgl.ui.FXGLDialogFactoryServiceProvider
23:12:32.063 [FXGL Background Thread 3 ] DEBUG Engine               - class com.almasb.fxgl.audio.AudioPlayer
23:12:32.063 [FXGL Background Thread 3 ] DEBUG Engine               - class com.almasb.fxgl.notification.impl.NotificationServiceProvider
23:12:32.064 [FXGL Background Thread 3 ] DEBUG Engine               - class com.almasb.fxgl.achievement.AchievementService
23:12:32.064 [FXGL Background Thread 3 ] DEBUG Engine               - class com.almasb.fxgl.cutscene.CutsceneService
23:12:32.064 [FXGL Background Thread 3 ] DEBUG Engine               - class com.almasb.fxgl.minigames.MiniGameService
23:12:32.064 [FXGL Background Thread 3 ] DEBUG Engine               - class com.almasb.fxgl.net.NetService
23:12:32.064 [FXGL Background Thread 3 ] DEBUG Engine               - class com.almasb.fxgl.app.services.UpdaterService
23:12:32.064 [FXGL Background Thread 3 ] DEBUG Engine               - class com.almasb.fxgl.dev.DevService
23:12:34.113 [JavaFX Application Thread] DEBUG FXGLAssetLoaderServi - Loading from file system: file:/C:/Users/josue/OneDrive/Desktop/proyecto%20java/Among%20Us/out/production/Among%20Us/assets/sounds/clickBoton.wav
23:12:38.468 [JavaFX Application Thread] DEBUG FXGLAssetLoaderServi - Loading from file system: file:/C:/Users/josue/OneDrive/Desktop/proyecto%20java/Among%20Us/out/production/Among%20Us/assets/textures/tripulante_negro.png
23:12:43.569 [JavaFX Application Thread] DEBUG FXGLAssetLoaderServi - Loading from file system: file:/C:/Users/josue/OneDrive/Desktop/proyecto%20java/Among%20Us/out/production/Among%20Us/assets/textures/tripulante_azul.png
23:12:46.361 [JavaFX Application Thread] DEBUG FXGLAssetLoaderServi - Loading from file system: file:/C:/Users/josue/OneDrive/Desktop/proyecto%20java/Among%20Us/out/production/Among%20Us/assets/textures/tripulante_verde.png
23:12:47.476 [JavaFX Application Thread] DEBUG FXGLAssetLoaderServi - Loading from file system: file:/C:/Users/josue/OneDrive/Desktop/proyecto%20java/Among%20Us/out/production/Among%20Us/assets/textures/tripulante_amarillo.png
23:12:48.806 [JavaFX Application Thread] DEBUG FXGLAssetLoaderServi - Loading from file system: file:/C:/Users/josue/OneDrive/Desktop/proyecto%20java/Among%20Us/out/production/Among%20Us/assets/textures/tripulante_rojo.png
23:12:49.902 [JavaFX Application Thread] DEBUG FXGLAssetLoaderServi - Loading from file system: file:/C:/Users/josue/OneDrive/Desktop/proyecto%20java/Among%20Us/out/production/Among%20Us/assets/textures/tripulante_blanco.png
23:12:58.000 [JavaFX Application Thread] DEBUG FXGLApplication      - Exiting FXGL
23:12:58.000 [JavaFX Application Thread] DEBUG LoopRunner           - Stopping loop
23:12:58.000 [JavaFX Application Thread] DEBUG SystemBundleService  - Saving FXGL system data
23:12:58.004 [JavaFX Application Thread] DEBUG FileSystemAccess     - Writing to: C:\Users\josue\OneDrive\Desktop\proyecto java\Among Us\system\fxgl.bundle
23:12:58.007 [JavaFX Application Thread] DEBUG Async                - Shutting down background threads
23:12:58.007 [JavaFX Application Thread] DEBUG PrimaryStageWindow   - Closing main window
23:12:58.078 [JavaFX Application Thread] DEBUG Logger               - Closing Logger
