22:14:24.715 [main                     ] DEBUG Logger               - Configured Logger
22:14:24.721 [main                     ] DEBUG GameApplication      - Logging settings
Title: Among Us UNEG
Version: 0.0
Width: 800
Height: 600
Fullscreen: false
Intro: false
Profiling: false
Single step:false
App Mode: DEVELOPER
Menu Key: ESCAPE
Stage Style: DECORATED
Scene Factory: class com.almasb.fxgl.app.scene.SceneFactory

22:14:25.145 [JavaFX Application Thread] DEBUG FXGLApplication      - Initializing FXGL
22:14:25.148 [JavaFX Application Thread] INFO  Engine               - FXGL-21.1 (26.03.2024 17.33) on WINDOWS (J:25.0.2 FX:21.0.1)
22:14:25.148 [JavaFX Application Thread] DEBUG Engine               - JRE Vendor Name: Oracle Corporation
22:14:25.148 [JavaFX Application Thread] DEBUG Engine               - Running on OS: Windows 11 version 10.0
22:14:25.148 [JavaFX Application Thread] DEBUG Engine               - Architecture: amd64
22:14:25.148 [JavaFX Application Thread] INFO  Engine               - Source code and latest versions at: https://github.com/AlmasB/FXGL
22:14:25.148 [JavaFX Application Thread] INFO  Engine               -       Ask questions and discuss at: https://github.com/AlmasB/FXGL/discussions
22:14:25.148 [JavaFX Application Thread] INFO  Engine               -              Join the FXGL chat at: https://gitter.im/AlmasB/FXGL
22:14:25.229 [JavaFX Application Thread] DEBUG PrimaryStageWindow   - Creating a JavaFX scene
22:14:25.273 [JavaFX Application Thread] DEBUG PrimaryStageWindow   - Target settings size: 800.0 x 600.0
22:14:25.273 [JavaFX Application Thread] DEBUG PrimaryStageWindow   - Scaled scene size:    800.0 x 600.0
22:14:25.274 [JavaFX Application Thread] DEBUG PrimaryStageWindow   - Scaled ratio: (1.0, 1.0)
22:14:25.275 [JavaFX Application Thread] DEBUG PrimaryStageWindow   - Set initial scene to FXGLStartupScene
22:14:25.278 [JavaFX Application Thread] DEBUG PrimaryStageWindow   - Opening main window
22:14:25.371 [JavaFX Application Thread] DEBUG PrimaryStageWindow   - Window border size: (14.66668701171875, 37.33331298828125)
22:14:25.371 [JavaFX Application Thread] DEBUG PrimaryStageWindow   - Scaled size: 800.0 x 600.0
22:14:25.371 [JavaFX Application Thread] DEBUG PrimaryStageWindow   - Scaled ratio: (1.0, 1.0)
22:14:25.371 [JavaFX Application Thread] DEBUG PrimaryStageWindow   - Scene size: 800.0 x 600.0
22:14:25.371 [JavaFX Application Thread] DEBUG PrimaryStageWindow   - Stage size: 814.6666870117188 x 637.3333129882812
22:14:25.382 [FXGL Background Thread 1 ] DEBUG Engine               - Initializing environment variables
22:14:25.436 [FXGL Background Thread 1 ] DEBUG FXGLAssetLoaderServi - User app class for loading assets: class main.java.amongUs.AppPrincipal
22:14:25.437 [FXGL Background Thread 1 ] DEBUG GameApplicationServi - Applying CSS: fxgl_dark.css
22:14:25.437 [FXGL Background Thread 1 ] DEBUG FXGLAssetLoaderServi - Loading from file system: jar:file:/C:/Users/nicol/Desktop/amongu/lib/fxgl-21.1-uber.jar!/fxglassets/ui/css/fxgl_dark.css
22:14:25.468 [FXGL Background Thread 1 ] DEBUG GameApplicationServi - Initializing application scenes
22:14:25.498 [FXGL Background Thread 1 ] DEBUG GameWorld            - Game world initialized
22:14:25.538 [FXGL Background Thread 1 ] DEBUG PhysicsWorld         - Physics world initialized: appHeight=600, physics.ppm=50,0
22:14:25.538 [FXGL Background Thread 1 ] DEBUG PhysicsWorld         - Using strategy: BRUTE_FORCE
22:14:25.541 [FXGL Background Thread 1 ] DEBUG GameScene            - Game scene initialized: 800x600
22:14:25.550 [FXGL Background Thread 1 ] DEBUG FXGL.DefaultMenu     - createMenuBodyGameMenu()
22:14:25.561 [FXGL Background Thread 1 ] DEBUG FXGL.DefaultMenu     - createOptionsMenu()
22:14:25.568 [FXGL Background Thread 1 ] DEBUG FXGLAssetLoaderServi - Loading from file system: jar:file:/C:/Users/nicol/Desktop/amongu/lib/fxgl-21.1-uber.jar!/fxglassets/textures/particles/smoke.png
22:14:25.638 [FXGL Background Thread 1 ] DEBUG FXGLAssetLoaderServi - Loading from file system: jar:file:/C:/Users/nicol/Desktop/amongu/lib/fxgl-21.1-uber.jar!/fxglassets/textures/particles/trace_horizontal.png
22:14:25.654 [FXGL Background Thread 1 ] DEBUG GameApplicationServi - Application scenes initialized
22:14:25.665 [FXGL Background Thread 1 ] DEBUG SystemBundleService  - Loading FXGL system data
22:14:25.669 [FXGL Background Thread 1 ] DEBUG FileSystemAccess     - Reading from: C:\Users\nicol\Desktop\amongu\system\fxgl.bundle
22:14:25.675 [FXGL Background Thread 1 ] DEBUG SystemBundleService  - Bundle FXGL: {}
22:14:25.675 [FXGL Background Thread 1 ] DEBUG UpdaterService       - Checking for updates
22:14:25.679 [FXGL Background Thread 4 ] DEBUG FXGLApplication      - Loading fonts
22:14:25.680 [FXGL Background Thread 1 ] DEBUG FXGLApplication      - Loading default localization
22:14:25.680 [FXGL Background Thread 4 ] DEBUG FXGLAssetLoaderServi - Loading from file system: jar:file:/C:/Users/nicol/Desktop/amongu/lib/fxgl-21.1-uber.jar!/fxglassets/ui/fonts/VarelaRound-Regular.ttf
22:14:25.680 [FXGL Background Thread 1 ] DEBUG FXGLAssetLoaderServi - Loading from file system: jar:file:/C:/Users/nicol/Desktop/amongu/lib/fxgl-21.1-uber.jar!/fxglassets/languages/english.lang
22:14:25.695 [FXGL Background Thread 1 ] INFO  FXGLApplication      - FXGL initialization took: 0,314 sec
22:14:25.701 [JavaFX Application Thread] DEBUG Input                - Registered new binding: Mover Arriba - W
22:14:25.701 [JavaFX Application Thread] DEBUG Input                - Registered new binding: Mover Abajo - S
22:14:25.701 [JavaFX Application Thread] DEBUG Input                - Registered new binding: Mover Izquierda - A
22:14:25.701 [JavaFX Application Thread] DEBUG Input                - Registered new binding: Mover Derecha - D
22:14:25.701 [JavaFX Application Thread] DEBUG Input                - Registered new binding: Abrir Camaras - C
22:14:25.703 [JavaFX Application Thread] DEBUG FXGLAssetLoaderServi - Loading from file system: file:/C:/Users/nicol/Desktop/amongu/out/production/Among%20Us/assets/textures/icono.png
22:14:25.721 [FXGL Background Thread 4 ] DEBUG FXGLAssetLoaderServi - Loading from file system: jar:file:/C:/Users/nicol/Desktop/amongu/lib/fxgl-21.1-uber.jar!/fxglassets/ui/fonts/Abel-Regular.ttf
22:14:25.726 [FXGL Background Thread 4 ] DEBUG FXGLAssetLoaderServi - Loading from file system: jar:file:/C:/Users/nicol/Desktop/amongu/lib/fxgl-21.1-uber.jar!/fxglassets/ui/fonts/TerminalLandMono-Regular.otf
22:14:25.726 [JavaFX Application Thread] DEBUG FXGLAssetLoaderServi - Loading from file system: jar:file:/C:/Users/nicol/Desktop/amongu/lib/fxgl-21.1-uber.jar!/fxglassets/textures/fxgl_default_cursor.png
22:14:25.729 [JavaFX Application Thread] DEBUG Input                - Registered new binding: Screenshot - CTRL+8
22:14:25.729 [JavaFX Application Thread] DEBUG Input                - Registered new binding: System info dump - CTRL+9
22:14:25.730 [JavaFX Application Thread] DEBUG Input                - Registered new binding: Restart - CTRL+R
22:14:25.731 [JavaFX Application Thread] DEBUG Input                - Registered new binding: Toggle Debug Camera - CTRL+7
22:14:25.731 [FXGL Background Thread 4 ] DEBUG FXGLAssetLoaderServi - Loading from file system: jar:file:/C:/Users/nicol/Desktop/amongu/lib/fxgl-21.1-uber.jar!/fxglassets/ui/fonts/Courier-Prime.ttf
22:14:25.734 [JavaFX Application Thread] DEBUG LoopRunner           - Starting loop
22:14:25.734 [JavaFX Application Thread] DEBUG LoopRunner           - Initializing JavaFX AnimationTimerLoop
22:14:25.736 [JavaFX Application Thread] DEBUG GameApplicationServi - Starting new game
22:14:25.736 [JavaFX Application Thread] DEBUG Input                - Clearing active input actions
22:14:25.750 [JavaFX Application Thread] DEBUG GameApplicationServi - Removing overlay from FXGLStartupScene and adding to FXGLLoadingScene
22:14:25.750 [JavaFX Application Thread] DEBUG PrimaryStageWindow   - FXGLStartupScene -> FXGLLoadingScene
22:14:25.750 [JavaFX Application Thread] DEBUG GameApplicationServi - Clearing previous game
22:14:25.750 [JavaFX Application Thread] DEBUG GameScene            - Clearing game scene
22:14:25.750 [JavaFX Application Thread] DEBUG GameWorld            - Clearing game world
22:14:25.750 [JavaFX Application Thread] DEBUG PhysicsWorld         - Clearing physics world
22:14:25.751 [FXGL Background Thread 4 ] DEBUG FXGLApplication      - Initializing game
22:14:25.751 [JavaFX Application Thread] DEBUG FXGLApplication      - Registering font factories with UI factory
22:14:25.756 [FXGL Background Thread 4 ] DEBUG FXGLAssetLoaderServi - Loading from file system: file:/C:/Users/nicol/Desktop/amongu/out/production/Among%20Us/assets/textures/MonitorDeCamaras.png
22:14:25.791 [FXGL Background Thread 4 ] DEBUG FXGLAssetLoaderServi - Loading from file system: file:/C:/Users/nicol/Desktop/amongu/out/production/Among%20Us/assets/textures/flechaAmarillaIzq.png
22:14:25.793 [FXGL Background Thread 4 ] DEBUG FXGLAssetLoaderServi - Loading from file system: file:/C:/Users/nicol/Desktop/amongu/out/production/Among%20Us/assets/textures/flechaAmarillaDer.png
22:14:25.796 [FXGL Background Thread 4 ] DEBUG FXGLAssetLoaderServi - Loading from file system: file:/C:/Users/nicol/Desktop/amongu/out/production/Among%20Us/assets/music/musicaMenu.mp3
22:14:25.911 [FXGL Background Thread 4 ] DEBUG AudioPlayer          - Playing music com.almasb.fxgl.audio.Music@449eb3ca
22:14:26.191 [FXGL Background Thread 4 ] INFO  FXGLApplication      - Game initialization took: 0,441 sec
22:14:26.193 [JavaFX Application Thread] DEBUG Input                - Clearing active input actions
22:14:26.199 [JavaFX Application Thread] DEBUG GameApplicationServi - Removing overlay from FXGLLoadingScene and adding to GameScene
22:14:26.200 [JavaFX Application Thread] DEBUG PrimaryStageWindow   - FXGLLoadingScene -> GameScene
22:14:26.272 [FXGL Background Thread 2 ] INFO  UpdaterService       - Your current version:  21.1
22:14:26.272 [FXGL Background Thread 2 ] INFO  UpdaterService       - Latest stable version: 25
22:14:26.931 [JavaFX Application Thread] DEBUG FXGLAssetLoaderServi - Loading from file system: file:/C:/Users/nicol/Desktop/amongu/out/production/Among%20Us/assets/sounds/clickBoton.wav
22:14:28.679 [FXGL Background Thread 3 ] DEBUG Engine               - Logging environment variables
22:14:28.679 [FXGL Background Thread 3 ] DEBUG Engine               - achievements: []
22:14:28.679 [FXGL Background Thread 3 ] DEBUG Engine               - actualHeight: 600.0
22:14:28.679 [FXGL Background Thread 3 ] DEBUG Engine               - actualHeightProperty: ReadOnlyDoubleProperty [value: 600.0]
22:14:28.679 [FXGL Background Thread 3 ] DEBUG Engine               - actualWidth: 800.0
22:14:28.679 [FXGL Background Thread 3 ] DEBUG Engine               - actualWidthProperty: ReadOnlyDoubleProperty [value: 800.0]
22:14:28.679 [FXGL Background Thread 3 ] DEBUG Engine               - appIcon: icono.png
22:14:28.679 [FXGL Background Thread 3 ] DEBUG Engine               - applicationMode: DEVELOPER
22:14:28.679 [FXGL Background Thread 3 ] DEBUG Engine               - cSSList: [fxgl_dark.css]
22:14:28.680 [FXGL Background Thread 3 ] DEBUG Engine               - collisionDetectionStrategy: BRUTE_FORCE
22:14:28.680 [FXGL Background Thread 3 ] DEBUG Engine               - configClass: Optional.empty
22:14:28.680 [FXGL Background Thread 3 ] DEBUG Engine               - credits: []
22:14:28.680 [FXGL Background Thread 3 ] DEBUG Engine               - defaultCursor: CursorInfo(imageName=fxgl_default_cursor.png, hotspotX=7.0, hotspotY=6.0)
22:14:28.680 [FXGL Background Thread 3 ] DEBUG Engine               - devBBoxColorProperty: ObjectProperty [value: 0xff0000ff]
22:14:28.680 [FXGL Background Thread 3 ] DEBUG Engine               - devEnableDebugCameraProperty: BooleanProperty [value: false]
22:14:28.680 [FXGL Background Thread 3 ] DEBUG Engine               - devSensorColorProperty: ObjectProperty [value: 0xffff00ff]
22:14:28.680 [FXGL Background Thread 3 ] DEBUG Engine               - devShowBBoxProperty: BooleanProperty [value: false]
22:14:28.680 [FXGL Background Thread 3 ] DEBUG Engine               - devShowPositionProperty: BooleanProperty [value: false]
22:14:28.680 [FXGL Background Thread 3 ] DEBUG Engine               - enabledMenuItems: []
22:14:28.680 [FXGL Background Thread 3 ] DEBUG Engine               - engineServices: [class com.almasb.fxgl.app.services.FXGLAssetLoaderService, class com.almasb.fxgl.app.FXGLApplication$GameApplicationService, class com.almasb.fxgl.app.services.FXGLDialogService, class com.almasb.fxgl.app.services.IOTaskExecutorService, class com.almasb.fxgl.io.FileSystemService, class com.almasb.fxgl.localization.LocalizationService, class com.almasb.fxgl.app.services.SystemBundleService, class com.almasb.fxgl.profile.SaveLoadService, class com.almasb.fxgl.ui.FXGLUIFactoryServiceProvider, class com.almasb.fxgl.ui.FXGLDialogFactoryServiceProvider, class com.almasb.fxgl.audio.AudioPlayer, class com.almasb.fxgl.notification.impl.NotificationServiceProvider, class com.almasb.fxgl.achievement.AchievementService, class com.almasb.fxgl.cutscene.CutsceneService, class com.almasb.fxgl.minigames.MiniGameService, class com.almasb.fxgl.net.NetService, class com.almasb.fxgl.app.services.UpdaterService, class com.almasb.fxgl.dev.DevService]
22:14:28.680 [FXGL Background Thread 3 ] DEBUG Engine               - fontGame: Abel-Regular.ttf
22:14:28.680 [FXGL Background Thread 3 ] DEBUG Engine               - fontMono: TerminalLandMono-Regular.otf
22:14:28.680 [FXGL Background Thread 3 ] DEBUG Engine               - fontSizeScaleUI: 1.0
22:14:28.680 [FXGL Background Thread 3 ] DEBUG Engine               - fontText: Courier-Prime.ttf
22:14:28.680 [FXGL Background Thread 3 ] DEBUG Engine               - fontUI: VarelaRound-Regular.ttf
22:14:28.680 [FXGL Background Thread 3 ] DEBUG Engine               - fullScreen: BooleanProperty [value: false]
22:14:28.680 [FXGL Background Thread 3 ] DEBUG Engine               - gameDifficulty: MEDIUM
22:14:28.680 [FXGL Background Thread 3 ] DEBUG Engine               - gameDifficultyProperty: ObjectProperty [value: MEDIUM]
22:14:28.680 [FXGL Background Thread 3 ] DEBUG Engine               - globalMusicVolume: 0.5
22:14:28.680 [FXGL Background Thread 3 ] DEBUG Engine               - globalMusicVolumeProperty: DoubleProperty [value: 0.4]
22:14:28.680 [FXGL Background Thread 3 ] DEBUG Engine               - globalSoundVolume: 0.5
22:14:28.680 [FXGL Background Thread 3 ] DEBUG Engine               - globalSoundVolumeProperty: DoubleProperty [value: 0.5]
22:14:28.681 [FXGL Background Thread 3 ] DEBUG Engine               - height: 600
22:14:28.681 [FXGL Background Thread 3 ] DEBUG Engine               - is3D: false
22:14:28.681 [FXGL Background Thread 3 ] DEBUG Engine               - isAndroid: false
22:14:28.681 [FXGL Background Thread 3 ] DEBUG Engine               - isBrowser: false
22:14:28.681 [FXGL Background Thread 3 ] DEBUG Engine               - isClickFeedbackEnabled: false
22:14:28.681 [FXGL Background Thread 3 ] DEBUG Engine               - isCloseConfirmation: false
22:14:28.681 [FXGL Background Thread 3 ] DEBUG Engine               - isDesktop: true
22:14:28.681 [FXGL Background Thread 3 ] DEBUG Engine               - isDeveloperMenuEnabled: false
22:14:28.681 [FXGL Background Thread 3 ] DEBUG Engine               - isEmbedded: false
22:14:28.681 [FXGL Background Thread 3 ] DEBUG Engine               - isEntityPreloadEnabled: true
22:14:28.681 [FXGL Background Thread 3 ] DEBUG Engine               - isExperimentalTiledLargeMap: false
22:14:28.681 [FXGL Background Thread 3 ] DEBUG Engine               - isFileSystemWriteAllowed: true
22:14:28.681 [FXGL Background Thread 3 ] DEBUG Engine               - isFullScreenAllowed: false
22:14:28.681 [FXGL Background Thread 3 ] DEBUG Engine               - isFullScreenFromStart: false
22:14:28.681 [FXGL Background Thread 3 ] DEBUG Engine               - isGameMenuEnabled: true
22:14:28.681 [FXGL Background Thread 3 ] DEBUG Engine               - isIOS: false
22:14:28.681 [FXGL Background Thread 3 ] DEBUG Engine               - isIntroEnabled: false
22:14:28.681 [FXGL Background Thread 3 ] DEBUG Engine               - isLinux: false
22:14:28.681 [FXGL Background Thread 3 ] DEBUG Engine               - isMac: false
22:14:28.681 [FXGL Background Thread 3 ] DEBUG Engine               - isMainMenuEnabled: false
22:14:28.681 [FXGL Background Thread 3 ] DEBUG Engine               - isManualResizeEnabled: false
22:14:28.681 [FXGL Background Thread 3 ] DEBUG Engine               - isMobile: false
22:14:28.681 [FXGL Background Thread 3 ] DEBUG Engine               - isNative: false
22:14:28.681 [FXGL Background Thread 3 ] DEBUG Engine               - isPauseMusicWhenMinimized: true
22:14:28.681 [FXGL Background Thread 3 ] DEBUG Engine               - isPreserveResizeRatio: false
22:14:28.681 [FXGL Background Thread 3 ] DEBUG Engine               - isProfilingEnabled: false
22:14:28.681 [FXGL Background Thread 3 ] DEBUG Engine               - isScaleAffectedOnResize: true
22:14:28.681 [FXGL Background Thread 3 ] DEBUG Engine               - isSingleStep: false
22:14:28.681 [FXGL Background Thread 3 ] DEBUG Engine               - isUserProfileEnabled: false
22:14:28.681 [FXGL Background Thread 3 ] DEBUG Engine               - isWindows: true
22:14:28.682 [FXGL Background Thread 3 ] DEBUG Engine               - language: ObjectProperty [value: ENGLISH]
22:14:28.682 [FXGL Background Thread 3 ] DEBUG Engine               - menuKey: ESCAPE
22:14:28.682 [FXGL Background Thread 3 ] DEBUG Engine               - mouseSensitivity: 0.2
22:14:28.682 [FXGL Background Thread 3 ] DEBUG Engine               - notificationViewClass: class com.almasb.fxgl.notification.view.XboxNotificationView
22:14:28.682 [FXGL Background Thread 3 ] DEBUG Engine               - pixelsPerMeter: 50.0
22:14:28.682 [FXGL Background Thread 3 ] DEBUG Engine               - platform: WINDOWS
22:14:28.682 [FXGL Background Thread 3 ] DEBUG Engine               - prefHeightProperty: ReadOnlyDoubleProperty [value: 600.0]
22:14:28.682 [FXGL Background Thread 3 ] DEBUG Engine               - prefWidthProperty: ReadOnlyDoubleProperty [value: 800.0]
22:14:28.682 [FXGL Background Thread 3 ] DEBUG Engine               - profileDir: profiles/
22:14:28.682 [FXGL Background Thread 3 ] DEBUG Engine               - profileName: StringProperty [value: DEFAULT]
22:14:28.682 [FXGL Background Thread 3 ] DEBUG Engine               - randomSeed: -1
22:14:28.682 [FXGL Background Thread 3 ] DEBUG Engine               - runtimeInfo: RuntimeInfo(platform=WINDOWS, version=21.1, build=26.03.2024 17.33)
22:14:28.682 [FXGL Background Thread 3 ] DEBUG Engine               - saveFileExt: sav
22:14:28.682 [FXGL Background Thread 3 ] DEBUG Engine               - scaledHeightProp$fxgl: DoubleProperty [bound, value: 600.0]
22:14:28.682 [FXGL Background Thread 3 ] DEBUG Engine               - scaledWidthProp$fxgl: DoubleProperty [bound, value: 800.0]
22:14:28.682 [FXGL Background Thread 3 ] DEBUG Engine               - sceneFactory: com.almasb.fxgl.app.scene.SceneFactory@2045f612
22:14:28.682 [FXGL Background Thread 3 ] DEBUG Engine               - secondsIn24h: 60
22:14:28.682 [FXGL Background Thread 3 ] DEBUG Engine               - soundMenuBack: menu/back.wav
22:14:28.682 [FXGL Background Thread 3 ] DEBUG Engine               - soundMenuPress: menu/press.wav
22:14:28.682 [FXGL Background Thread 3 ] DEBUG Engine               - soundMenuSelect: menu/select.wav
22:14:28.682 [FXGL Background Thread 3 ] DEBUG Engine               - soundNotification: core/notification.wav
22:14:28.682 [FXGL Background Thread 3 ] DEBUG Engine               - stageStyle: DECORATED
22:14:28.682 [FXGL Background Thread 3 ] DEBUG Engine               - supportedLanguages: [ENGLISH, FRENCH, GERMAN, HUNGARIAN, RUSSIAN]
22:14:28.682 [FXGL Background Thread 3 ] DEBUG Engine               - ticksPerSecond: -1
22:14:28.682 [FXGL Background Thread 3 ] DEBUG Engine               - title: Among Us UNEG
22:14:28.682 [FXGL Background Thread 3 ] DEBUG Engine               - urlGithub: https://github.com/AlmasB/FXGL
22:14:28.682 [FXGL Background Thread 3 ] DEBUG Engine               - urlLeaderboard: http://fxgl-top.herokuapp.com/
22:14:28.683 [FXGL Background Thread 3 ] DEBUG Engine               - urlPOM: https://raw.githubusercontent.com/AlmasB/FXGL/release/README.md
22:14:28.683 [FXGL Background Thread 3 ] DEBUG Engine               - userAppClass: class main.java.amongUs.AppPrincipal
22:14:28.683 [FXGL Background Thread 3 ] DEBUG Engine               - version: 0.0
22:14:28.683 [FXGL Background Thread 3 ] DEBUG Engine               - versionCheckDays: 7
22:14:28.683 [FXGL Background Thread 3 ] DEBUG Engine               - width: 800
22:14:28.683 [FXGL Background Thread 3 ] DEBUG Engine               - Logging services
22:14:28.683 [FXGL Background Thread 3 ] DEBUG Engine               - class com.almasb.fxgl.app.services.FXGLAssetLoaderService
22:14:28.683 [FXGL Background Thread 3 ] DEBUG Engine               - class com.almasb.fxgl.app.FXGLApplication$GameApplicationService
22:14:28.683 [FXGL Background Thread 3 ] DEBUG Engine               - class com.almasb.fxgl.app.services.FXGLDialogService
22:14:28.683 [FXGL Background Thread 3 ] DEBUG Engine               - class com.almasb.fxgl.app.services.IOTaskExecutorService
22:14:28.683 [FXGL Background Thread 3 ] DEBUG Engine               - class com.almasb.fxgl.io.FileSystemService
22:14:28.683 [FXGL Background Thread 3 ] DEBUG Engine               - class com.almasb.fxgl.localization.LocalizationService
22:14:28.683 [FXGL Background Thread 3 ] DEBUG Engine               - class com.almasb.fxgl.app.services.SystemBundleService
22:14:28.683 [FXGL Background Thread 3 ] DEBUG Engine               - class com.almasb.fxgl.profile.SaveLoadService
22:14:28.683 [FXGL Background Thread 3 ] DEBUG Engine               - class com.almasb.fxgl.ui.FXGLUIFactoryServiceProvider
22:14:28.683 [FXGL Background Thread 3 ] DEBUG Engine               - class com.almasb.fxgl.ui.FXGLDialogFactoryServiceProvider
22:14:28.683 [FXGL Background Thread 3 ] DEBUG Engine               - class com.almasb.fxgl.audio.AudioPlayer
22:14:28.683 [FXGL Background Thread 3 ] DEBUG Engine               - class com.almasb.fxgl.notification.impl.NotificationServiceProvider
22:14:28.683 [FXGL Background Thread 3 ] DEBUG Engine               - class com.almasb.fxgl.achievement.AchievementService
22:14:28.683 [FXGL Background Thread 3 ] DEBUG Engine               - class com.almasb.fxgl.cutscene.CutsceneService
22:14:28.683 [FXGL Background Thread 3 ] DEBUG Engine               - class com.almasb.fxgl.minigames.MiniGameService
22:14:28.683 [FXGL Background Thread 3 ] DEBUG Engine               - class com.almasb.fxgl.net.NetService
22:14:28.683 [FXGL Background Thread 3 ] DEBUG Engine               - class com.almasb.fxgl.app.services.UpdaterService
22:14:28.683 [FXGL Background Thread 3 ] DEBUG Engine               - class com.almasb.fxgl.dev.DevService
22:14:29.971 [JavaFX Application Thread] DEBUG FXGLAssetLoaderServi - Loading from file system: file:/C:/Users/nicol/Desktop/amongu/out/production/Among%20Us/assets/textures/tripulante_negro.png
22:14:31.008 [JavaFX Application Thread] WARN  TMXLevelLoader       - TiledMap generated from 1.11.2. Supported version: 1.9.0. Some features may not be parsed fully.
22:14:31.028 [JavaFX Application Thread] DEBUG TMXLevelLoader       - Parsed TiledMap: file:/C:/Users/nicol/Desktop/amongu/out/production/Among%20Us/assets/levels/mapa2.tmx
22:14:31.029 [JavaFX Application Thread] DEBUG TMXLevelLoader       - Creating tile layer entities
22:14:31.030 [JavaFX Application Thread] DEBUG TilesetLoader        - Loading view for layer fondo1
22:14:31.037 [JavaFX Application Thread] DEBUG TilesetLoader        - Created buffer with size 992.0x960.0
22:14:31.042 [JavaFX Application Thread] DEBUG TilesetLoader        - Loading view for layer fondo
22:14:31.043 [JavaFX Application Thread] DEBUG TilesetLoader        - Created buffer with size 992.0x960.0
22:14:31.046 [JavaFX Application Thread] DEBUG TilesetLoader        - Loading view for layer piso
22:14:31.047 [JavaFX Application Thread] DEBUG TilesetLoader        - Created buffer with size 992.0x960.0
22:14:31.049 [JavaFX Application Thread] DEBUG TilesetLoader        - Loading view for layer piso1
22:14:31.050 [JavaFX Application Thread] DEBUG TilesetLoader        - Created buffer with size 992.0x960.0
22:14:31.054 [JavaFX Application Thread] DEBUG TilesetLoader        - Loading view for layer izquierda
22:14:31.055 [JavaFX Application Thread] DEBUG TilesetLoader        - Created buffer with size 992.0x960.0
22:14:31.057 [JavaFX Application Thread] DEBUG TilesetLoader        - Loading view for layer detallesatraspared
22:14:31.057 [JavaFX Application Thread] DEBUG TilesetLoader        - Created buffer with size 992.0x960.0
22:14:31.075 [JavaFX Application Thread] DEBUG TilesetLoader        - Loading view for layer pared2
22:14:31.075 [JavaFX Application Thread] DEBUG TilesetLoader        - Created buffer with size 992.0x960.0
22:14:31.079 [JavaFX Application Thread] DEBUG TilesetLoader        - Loading view for layer techo1
22:14:31.080 [JavaFX Application Thread] DEBUG TilesetLoader        - Created buffer with size 992.0x960.0
22:14:31.082 [JavaFX Application Thread] DEBUG TilesetLoader        - Loading view for layer techo2
22:14:31.082 [JavaFX Application Thread] DEBUG TilesetLoader        - Created buffer with size 992.0x960.0
22:14:31.084 [JavaFX Application Thread] DEBUG TilesetLoader        - Loading view for layer puertita
22:14:31.084 [JavaFX Application Thread] DEBUG TilesetLoader        - Created buffer with size 992.0x960.0
22:14:31.086 [JavaFX Application Thread] DEBUG TilesetLoader        - Loading view for layer puerta
22:14:31.086 [JavaFX Application Thread] DEBUG TilesetLoader        - Created buffer with size 992.0x960.0
22:14:31.087 [JavaFX Application Thread] DEBUG TilesetLoader        - Loading view for layer detalles
22:14:31.087 [JavaFX Application Thread] DEBUG TilesetLoader        - Created buffer with size 992.0x960.0
22:14:31.097 [JavaFX Application Thread] DEBUG TilesetLoader        - Loading view for layer detalles 2
22:14:31.097 [JavaFX Application Thread] DEBUG TilesetLoader        - Created buffer with size 992.0x960.0
22:14:31.105 [JavaFX Application Thread] DEBUG TilesetLoader        - Loading view for layer detalles3
22:14:31.106 [JavaFX Application Thread] DEBUG TilesetLoader        - Created buffer with size 992.0x960.0
22:14:31.114 [JavaFX Application Thread] DEBUG TilesetLoader        - Loading view for layer grieta
22:14:31.115 [JavaFX Application Thread] DEBUG TilesetLoader        - Created buffer with size 992.0x960.0
22:14:31.115 [JavaFX Application Thread] DEBUG TilesetLoader        - Loading view for layer camaras
22:14:31.116 [JavaFX Application Thread] DEBUG TilesetLoader        - Created buffer with size 992.0x960.0
22:14:31.117 [JavaFX Application Thread] DEBUG TilesetLoader        - Loading view for layer Techo
22:14:31.118 [JavaFX Application Thread] DEBUG TilesetLoader        - Created buffer with size 992.0x960.0
22:14:31.118 [JavaFX Application Thread] DEBUG TMXLevelLoader       - Creating object layer entities
22:14:31.152 [JavaFX Application Thread] DEBUG GameWorld            - Clearing removable entities
22:14:31.152 [JavaFX Application Thread] DEBUG GameWorld            - Setting level: com.almasb.fxgl.entity.level.Level@9f67dc0
22:14:31.167 [JavaFX Application Thread] DEBUG FXGLAssetLoaderServi - Loading from file system: file:/C:/Users/nicol/Desktop/amongu/out/production/Among%20Us/assets/textures/animacion_negro.png
22:14:48.104 [JavaFX Application Thread] DEBUG FXGLApplication      - Exiting FXGL
22:14:48.104 [JavaFX Application Thread] DEBUG LoopRunner           - Stopping loop
22:14:48.104 [JavaFX Application Thread] DEBUG SystemBundleService  - Saving FXGL system data
22:14:48.107 [JavaFX Application Thread] DEBUG FileSystemAccess     - Writing to: C:\Users\nicol\Desktop\amongu\system\fxgl.bundle
22:14:48.107 [JavaFX Application Thread] DEBUG Async                - Shutting down background threads
22:14:48.107 [JavaFX Application Thread] DEBUG PrimaryStageWindow   - Closing main window
22:14:48.126 [JavaFX Application Thread] DEBUG Logger               - Closing Logger
