11:43:33.413 [main                     ] DEBUG Logger               - Configured Logger
11:43:33.424 [main                     ] DEBUG GameApplication      - Logging settings
Title: Among Us UNEG
Version: 0.0
Width: 800
Height: 600
Fullscreen: false
Intro: false
Profiling: false
Single step:false
App Mode: DEVELOPER
Menu Key: ESCAPE
Stage Style: DECORATED
Scene Factory: class com.almasb.fxgl.app.scene.SceneFactory

11:43:34.143 [JavaFX Application Thread] DEBUG FXGLApplication      - Initializing FXGL
11:43:34.148 [JavaFX Application Thread] INFO  Engine               - FXGL-21.1 (26.03.2024 17.33) on WINDOWS (J:25.0.2 FX:21.0.1)
11:43:34.149 [JavaFX Application Thread] DEBUG Engine               - JRE Vendor Name: Oracle Corporation
11:43:34.149 [JavaFX Application Thread] DEBUG Engine               - Running on OS: Windows 11 version 10.0
11:43:34.149 [JavaFX Application Thread] DEBUG Engine               - Architecture: amd64
11:43:34.149 [JavaFX Application Thread] INFO  Engine               - Source code and latest versions at: https://github.com/AlmasB/FXGL
11:43:34.150 [JavaFX Application Thread] INFO  Engine               -       Ask questions and discuss at: https://github.com/AlmasB/FXGL/discussions
11:43:34.150 [JavaFX Application Thread] INFO  Engine               -              Join the FXGL chat at: https://gitter.im/AlmasB/FXGL
11:43:34.316 [JavaFX Application Thread] DEBUG PrimaryStageWindow   - Creating a JavaFX scene
11:43:34.431 [JavaFX Application Thread] DEBUG PrimaryStageWindow   - Target settings size: 800.0 x 600.0
11:43:34.433 [JavaFX Application Thread] DEBUG PrimaryStageWindow   - Scaled scene size:    800.0 x 600.0
11:43:34.433 [JavaFX Application Thread] DEBUG PrimaryStageWindow   - Scaled ratio: (1.0, 1.0)
11:43:34.434 [JavaFX Application Thread] DEBUG PrimaryStageWindow   - Set initial scene to FXGLStartupScene
11:43:34.440 [JavaFX Application Thread] DEBUG PrimaryStageWindow   - Opening main window
11:43:34.626 [JavaFX Application Thread] DEBUG PrimaryStageWindow   - Window border size: (16.0, 39.0)
11:43:34.626 [JavaFX Application Thread] DEBUG PrimaryStageWindow   - Scaled size: 800.0 x 600.0
11:43:34.626 [JavaFX Application Thread] DEBUG PrimaryStageWindow   - Scaled ratio: (1.0, 1.0)
11:43:34.627 [JavaFX Application Thread] DEBUG PrimaryStageWindow   - Scene size: 800.0 x 600.0
11:43:34.627 [JavaFX Application Thread] DEBUG PrimaryStageWindow   - Stage size: 816.0 x 639.0
11:43:34.680 [FXGL Background Thread 1 ] DEBUG Engine               - Initializing environment variables
11:43:34.809 [FXGL Background Thread 1 ] DEBUG FXGLAssetLoaderServi - User app class for loading assets: class main.java.amongUs.AppPrincipal
11:43:34.809 [FXGL Background Thread 1 ] DEBUG GameApplicationServi - Applying CSS: fxgl_dark.css
11:43:34.810 [FXGL Background Thread 1 ] DEBUG FXGLAssetLoaderServi - Loading from file system: jar:file:/C:/Users/josue/OneDrive/Desktop/proyecto%20java/Among%20Us/lib/fxgl-21.1-uber.jar!/fxglassets/ui/css/fxgl_dark.css
11:43:34.897 [FXGL Background Thread 1 ] DEBUG GameApplicationServi - Initializing application scenes
11:43:35.126 [FXGL Background Thread 1 ] DEBUG GameWorld            - Game world initialized
11:43:35.205 [FXGL Background Thread 1 ] DEBUG PhysicsWorld         - Physics world initialized: appHeight=600, physics.ppm=50,0
11:43:35.206 [FXGL Background Thread 1 ] DEBUG PhysicsWorld         - Using strategy: BRUTE_FORCE
11:43:35.213 [FXGL Background Thread 1 ] DEBUG GameScene            - Game scene initialized: 800x600
11:43:35.232 [FXGL Background Thread 1 ] DEBUG FXGL.DefaultMenu     - createMenuBodyGameMenu()
11:43:35.256 [FXGL Background Thread 1 ] DEBUG FXGL.DefaultMenu     - createOptionsMenu()
11:43:35.271 [FXGL Background Thread 1 ] DEBUG FXGLAssetLoaderServi - Loading from file system: jar:file:/C:/Users/josue/OneDrive/Desktop/proyecto%20java/Among%20Us/lib/fxgl-21.1-uber.jar!/fxglassets/textures/particles/smoke.png
11:43:35.413 [FXGL Background Thread 1 ] DEBUG FXGLAssetLoaderServi - Loading from file system: jar:file:/C:/Users/josue/OneDrive/Desktop/proyecto%20java/Among%20Us/lib/fxgl-21.1-uber.jar!/fxglassets/textures/particles/trace_horizontal.png
11:43:35.453 [FXGL Background Thread 1 ] DEBUG GameApplicationServi - Application scenes initialized
11:43:35.475 [FXGL Background Thread 1 ] DEBUG SystemBundleService  - Loading FXGL system data
11:43:35.485 [FXGL Background Thread 1 ] DEBUG FileSystemAccess     - Reading from: C:\Users\josue\OneDrive\Desktop\proyecto java\Among Us\system\fxgl.bundle
11:43:35.494 [FXGL Background Thread 1 ] DEBUG SystemBundleService  - Bundle FXGL: {}
11:43:35.494 [FXGL Background Thread 1 ] DEBUG UpdaterService       - Checking for updates
11:43:35.501 [FXGL Background Thread 1 ] DEBUG FXGLApplication      - Loading default localization
11:43:35.502 [FXGL Background Thread 1 ] DEBUG FXGLAssetLoaderServi - Loading from file system: jar:file:/C:/Users/josue/OneDrive/Desktop/proyecto%20java/Among%20Us/lib/fxgl-21.1-uber.jar!/fxglassets/languages/english.lang
11:43:35.527 [FXGL Background Thread 1 ] INFO  FXGLApplication      - FXGL initialization took: 0,847 sec
11:43:35.539 [JavaFX Application Thread] DEBUG Input                - Registered new binding: Mover Arriba - W
11:43:35.539 [JavaFX Application Thread] DEBUG Input                - Registered new binding: Mover Abajo - S
11:43:35.539 [JavaFX Application Thread] DEBUG Input                - Registered new binding: Mover Izquierda - A
11:43:35.539 [JavaFX Application Thread] DEBUG Input                - Registered new binding: Mover Derecha - D
11:43:35.540 [JavaFX Application Thread] DEBUG Input                - Registered new binding: Abrir Camaras - C
11:43:35.540 [JavaFX Application Thread] DEBUG Input                - Registered new binding: Usar Alcantarilla - Space
11:43:35.540 [JavaFX Application Thread] DEBUG Input                - Registered new binding: Vent Izquierda - Left
11:43:35.540 [JavaFX Application Thread] DEBUG Input                - Registered new binding: Vent Derecha - Right
11:43:35.540 [JavaFX Application Thread] DEBUG FXGLAssetLoaderServi - Loading from file system: file:/C:/Users/josue/OneDrive/Desktop/proyecto%20java/Among%20Us/out/production/Among%20Us/assets/textures/icono.png
11:43:35.544 [FXGL Background Thread 4 ] DEBUG FXGLApplication      - Loading fonts
11:43:35.545 [FXGL Background Thread 4 ] DEBUG FXGLAssetLoaderServi - Loading from file system: jar:file:/C:/Users/josue/OneDrive/Desktop/proyecto%20java/Among%20Us/lib/fxgl-21.1-uber.jar!/fxglassets/ui/fonts/VarelaRound-Regular.ttf
11:43:35.575 [JavaFX Application Thread] DEBUG FXGLAssetLoaderServi - Loading from file system: jar:file:/C:/Users/josue/OneDrive/Desktop/proyecto%20java/Among%20Us/lib/fxgl-21.1-uber.jar!/fxglassets/textures/fxgl_default_cursor.png
11:43:35.578 [JavaFX Application Thread] DEBUG Input                - Registered new binding: Screenshot - CTRL+8
11:43:35.578 [JavaFX Application Thread] DEBUG Input                - Registered new binding: System info dump - CTRL+9
11:43:35.579 [JavaFX Application Thread] DEBUG Input                - Registered new binding: Restart - CTRL+R
11:43:35.580 [JavaFX Application Thread] DEBUG Input                - Registered new binding: Toggle Debug Camera - CTRL+7
11:43:35.597 [JavaFX Application Thread] DEBUG LoopRunner           - Starting loop
11:43:35.598 [JavaFX Application Thread] DEBUG LoopRunner           - Initializing JavaFX AnimationTimerLoop
11:43:35.600 [JavaFX Application Thread] DEBUG GameApplicationServi - Starting new game
11:43:35.600 [JavaFX Application Thread] DEBUG Input                - Clearing active input actions
11:43:35.634 [JavaFX Application Thread] DEBUG GameApplicationServi - Removing overlay from FXGLStartupScene and adding to FXGLLoadingScene
11:43:35.635 [JavaFX Application Thread] DEBUG PrimaryStageWindow   - FXGLStartupScene -> FXGLLoadingScene
11:43:35.636 [JavaFX Application Thread] DEBUG GameApplicationServi - Clearing previous game
11:43:35.636 [JavaFX Application Thread] DEBUG GameScene            - Clearing game scene
11:43:35.636 [JavaFX Application Thread] DEBUG GameWorld            - Clearing game world
11:43:35.636 [JavaFX Application Thread] DEBUG PhysicsWorld         - Clearing physics world
11:43:35.641 [FXGL Background Thread 1 ] DEBUG FXGLApplication      - Initializing game
11:43:35.701 [FXGL Background Thread 1 ] DEBUG FXGLAssetLoaderServi - Loading from file system: file:/C:/Users/josue/OneDrive/Desktop/proyecto%20java/Among%20Us/out/production/Among%20Us/assets/textures/MonitorDeCamaras.png
11:43:35.863 [FXGL Background Thread 1 ] DEBUG FXGLAssetLoaderServi - Loading from file system: file:/C:/Users/josue/OneDrive/Desktop/proyecto%20java/Among%20Us/out/production/Among%20Us/assets/textures/flechaAmarillaIzq.png
11:43:35.871 [FXGL Background Thread 1 ] DEBUG FXGLAssetLoaderServi - Loading from file system: file:/C:/Users/josue/OneDrive/Desktop/proyecto%20java/Among%20Us/out/production/Among%20Us/assets/textures/flechaAmarillaDer.png
11:43:35.889 [FXGL Background Thread 1 ] DEBUG FXGLAssetLoaderServi - Loading from file system: file:/C:/Users/josue/OneDrive/Desktop/proyecto%20java/Among%20Us/out/production/Among%20Us/assets/music/musicaMenu.mp3
11:43:36.321 [FXGL Background Thread 1 ] DEBUG AudioPlayer          - Playing music com.almasb.fxgl.audio.Music@1fdb6f08
11:43:36.437 [FXGL Background Thread 4 ] DEBUG FXGLAssetLoaderServi - Loading from file system: jar:file:/C:/Users/josue/OneDrive/Desktop/proyecto%20java/Among%20Us/lib/fxgl-21.1-uber.jar!/fxglassets/ui/fonts/Abel-Regular.ttf
11:43:36.541 [FXGL Background Thread 4 ] DEBUG FXGLAssetLoaderServi - Loading from file system: jar:file:/C:/Users/josue/OneDrive/Desktop/proyecto%20java/Among%20Us/lib/fxgl-21.1-uber.jar!/fxglassets/ui/fonts/TerminalLandMono-Regular.otf
11:43:36.564 [FXGL Background Thread 4 ] DEBUG FXGLAssetLoaderServi - Loading from file system: jar:file:/C:/Users/josue/OneDrive/Desktop/proyecto%20java/Among%20Us/lib/fxgl-21.1-uber.jar!/fxglassets/ui/fonts/Courier-Prime.ttf
11:43:36.712 [JavaFX Application Thread] DEBUG FXGLApplication      - Registering font factories with UI factory
11:43:37.739 [FXGL Background Thread 1 ] INFO  FXGLApplication      - Game initialization took: 2,099 sec
11:43:37.832 [FXGL Background Thread 2 ] INFO  UpdaterService       - Your current version:  21.1
11:43:37.832 [FXGL Background Thread 2 ] INFO  UpdaterService       - Latest stable version: 25
11:43:37.836 [JavaFX Application Thread] DEBUG Input                - Clearing active input actions
11:43:37.856 [JavaFX Application Thread] DEBUG GameApplicationServi - Removing overlay from FXGLLoadingScene and adding to GameScene
11:43:37.857 [JavaFX Application Thread] DEBUG PrimaryStageWindow   - FXGLLoadingScene -> GameScene
11:43:38.498 [FXGL Background Thread 3 ] DEBUG Engine               - Logging environment variables
11:43:38.498 [FXGL Background Thread 3 ] DEBUG Engine               - achievements: []
11:43:38.498 [FXGL Background Thread 3 ] DEBUG Engine               - actualHeight: 600.0
11:43:38.499 [FXGL Background Thread 3 ] DEBUG Engine               - actualHeightProperty: ReadOnlyDoubleProperty [value: 600.0]
11:43:38.499 [FXGL Background Thread 3 ] DEBUG Engine               - actualWidth: 800.0
11:43:38.499 [FXGL Background Thread 3 ] DEBUG Engine               - actualWidthProperty: ReadOnlyDoubleProperty [value: 800.0]
11:43:38.499 [FXGL Background Thread 3 ] DEBUG Engine               - appIcon: icono.png
11:43:38.499 [FXGL Background Thread 3 ] DEBUG Engine               - applicationMode: DEVELOPER
11:43:38.499 [FXGL Background Thread 3 ] DEBUG Engine               - cSSList: [fxgl_dark.css]
11:43:38.499 [FXGL Background Thread 3 ] DEBUG Engine               - collisionDetectionStrategy: BRUTE_FORCE
11:43:38.499 [FXGL Background Thread 3 ] DEBUG Engine               - configClass: Optional.empty
11:43:38.499 [FXGL Background Thread 3 ] DEBUG Engine               - credits: []
11:43:38.499 [FXGL Background Thread 3 ] DEBUG Engine               - defaultCursor: CursorInfo(imageName=fxgl_default_cursor.png, hotspotX=7.0, hotspotY=6.0)
11:43:38.500 [FXGL Background Thread 3 ] DEBUG Engine               - devBBoxColorProperty: ObjectProperty [value: 0xff0000ff]
11:43:38.501 [FXGL Background Thread 3 ] DEBUG Engine               - devEnableDebugCameraProperty: BooleanProperty [value: false]
11:43:38.501 [FXGL Background Thread 3 ] DEBUG Engine               - devSensorColorProperty: ObjectProperty [value: 0xffff00ff]
11:43:38.501 [FXGL Background Thread 3 ] DEBUG Engine               - devShowBBoxProperty: BooleanProperty [value: false]
11:43:38.501 [FXGL Background Thread 3 ] DEBUG Engine               - devShowPositionProperty: BooleanProperty [value: false]
11:43:38.501 [FXGL Background Thread 3 ] DEBUG Engine               - enabledMenuItems: []
11:43:38.501 [FXGL Background Thread 3 ] DEBUG Engine               - engineServices: [class com.almasb.fxgl.app.services.FXGLAssetLoaderService, class com.almasb.fxgl.app.FXGLApplication$GameApplicationService, class com.almasb.fxgl.app.services.FXGLDialogService, class com.almasb.fxgl.app.services.IOTaskExecutorService, class com.almasb.fxgl.io.FileSystemService, class com.almasb.fxgl.localization.LocalizationService, class com.almasb.fxgl.app.services.SystemBundleService, class com.almasb.fxgl.profile.SaveLoadService, class com.almasb.fxgl.ui.FXGLUIFactoryServiceProvider, class com.almasb.fxgl.ui.FXGLDialogFactoryServiceProvider, class com.almasb.fxgl.audio.AudioPlayer, class com.almasb.fxgl.notification.impl.NotificationServiceProvider, class com.almasb.fxgl.achievement.AchievementService, class com.almasb.fxgl.cutscene.CutsceneService, class com.almasb.fxgl.minigames.MiniGameService, class com.almasb.fxgl.net.NetService, class com.almasb.fxgl.app.services.UpdaterService, class com.almasb.fxgl.dev.DevService]
11:43:38.501 [FXGL Background Thread 3 ] DEBUG Engine               - fontGame: Abel-Regular.ttf
11:43:38.501 [FXGL Background Thread 3 ] DEBUG Engine               - fontMono: TerminalLandMono-Regular.otf
11:43:38.501 [FXGL Background Thread 3 ] DEBUG Engine               - fontSizeScaleUI: 1.0
11:43:38.501 [FXGL Background Thread 3 ] DEBUG Engine               - fontText: Courier-Prime.ttf
11:43:38.501 [FXGL Background Thread 3 ] DEBUG Engine               - fontUI: VarelaRound-Regular.ttf
11:43:38.501 [FXGL Background Thread 3 ] DEBUG Engine               - fullScreen: BooleanProperty [value: false]
11:43:38.503 [FXGL Background Thread 3 ] DEBUG Engine               - gameDifficulty: MEDIUM
11:43:38.503 [FXGL Background Thread 3 ] DEBUG Engine               - gameDifficultyProperty: ObjectProperty [value: MEDIUM]
11:43:38.503 [FXGL Background Thread 3 ] DEBUG Engine               - globalMusicVolume: 0.5
11:43:38.503 [FXGL Background Thread 3 ] DEBUG Engine               - globalMusicVolumeProperty: DoubleProperty [value: 0.4]
11:43:38.503 [FXGL Background Thread 3 ] DEBUG Engine               - globalSoundVolume: 0.5
11:43:38.503 [FXGL Background Thread 3 ] DEBUG Engine               - globalSoundVolumeProperty: DoubleProperty [value: 0.5]
11:43:38.503 [FXGL Background Thread 3 ] DEBUG Engine               - height: 600
11:43:38.503 [FXGL Background Thread 3 ] DEBUG Engine               - is3D: false
11:43:38.503 [FXGL Background Thread 3 ] DEBUG Engine               - isAndroid: false
11:43:38.503 [FXGL Background Thread 3 ] DEBUG Engine               - isBrowser: false
11:43:38.503 [FXGL Background Thread 3 ] DEBUG Engine               - isClickFeedbackEnabled: false
11:43:38.503 [FXGL Background Thread 3 ] DEBUG Engine               - isCloseConfirmation: false
11:43:38.503 [FXGL Background Thread 3 ] DEBUG Engine               - isDesktop: true
11:43:38.503 [FXGL Background Thread 3 ] DEBUG Engine               - isDeveloperMenuEnabled: false
11:43:38.504 [FXGL Background Thread 3 ] DEBUG Engine               - isEmbedded: false
11:43:38.504 [FXGL Background Thread 3 ] DEBUG Engine               - isEntityPreloadEnabled: true
11:43:38.508 [FXGL Background Thread 3 ] DEBUG Engine               - isExperimentalTiledLargeMap: false
11:43:38.508 [FXGL Background Thread 3 ] DEBUG Engine               - isFileSystemWriteAllowed: true
11:43:38.510 [FXGL Background Thread 3 ] DEBUG Engine               - isFullScreenAllowed: false
11:43:38.511 [FXGL Background Thread 3 ] DEBUG Engine               - isFullScreenFromStart: false
11:43:38.511 [FXGL Background Thread 3 ] DEBUG Engine               - isGameMenuEnabled: true
11:43:38.511 [FXGL Background Thread 3 ] DEBUG Engine               - isIOS: false
11:43:38.511 [FXGL Background Thread 3 ] DEBUG Engine               - isIntroEnabled: false
11:43:38.511 [FXGL Background Thread 3 ] DEBUG Engine               - isLinux: false
11:43:38.511 [FXGL Background Thread 3 ] DEBUG Engine               - isMac: false
11:43:38.511 [FXGL Background Thread 3 ] DEBUG Engine               - isMainMenuEnabled: false
11:43:38.511 [FXGL Background Thread 3 ] DEBUG Engine               - isManualResizeEnabled: false
11:43:38.511 [FXGL Background Thread 3 ] DEBUG Engine               - isMobile: false
11:43:38.511 [FXGL Background Thread 3 ] DEBUG Engine               - isNative: false
11:43:38.511 [FXGL Background Thread 3 ] DEBUG Engine               - isPauseMusicWhenMinimized: true
11:43:38.511 [FXGL Background Thread 3 ] DEBUG Engine               - isPreserveResizeRatio: false
11:43:38.511 [FXGL Background Thread 3 ] DEBUG Engine               - isProfilingEnabled: false
11:43:38.511 [FXGL Background Thread 3 ] DEBUG Engine               - isScaleAffectedOnResize: true
11:43:38.511 [FXGL Background Thread 3 ] DEBUG Engine               - isSingleStep: false
11:43:38.511 [FXGL Background Thread 3 ] DEBUG Engine               - isUserProfileEnabled: false
11:43:38.511 [FXGL Background Thread 3 ] DEBUG Engine               - isWindows: true
11:43:38.512 [FXGL Background Thread 3 ] DEBUG Engine               - language: ObjectProperty [value: ENGLISH]
11:43:38.512 [FXGL Background Thread 3 ] DEBUG Engine               - menuKey: ESCAPE
11:43:38.512 [FXGL Background Thread 3 ] DEBUG Engine               - mouseSensitivity: 0.2
11:43:38.512 [FXGL Background Thread 3 ] DEBUG Engine               - notificationViewClass: class com.almasb.fxgl.notification.view.XboxNotificationView
11:43:38.512 [FXGL Background Thread 3 ] DEBUG Engine               - pixelsPerMeter: 50.0
11:43:38.512 [FXGL Background Thread 3 ] DEBUG Engine               - platform: WINDOWS
11:43:38.512 [FXGL Background Thread 3 ] DEBUG Engine               - prefHeightProperty: ReadOnlyDoubleProperty [value: 600.0]
11:43:38.512 [FXGL Background Thread 3 ] DEBUG Engine               - prefWidthProperty: ReadOnlyDoubleProperty [value: 800.0]
11:43:38.512 [FXGL Background Thread 3 ] DEBUG Engine               - profileDir: profiles/
11:43:38.512 [FXGL Background Thread 3 ] DEBUG Engine               - profileName: StringProperty [value: DEFAULT]
11:43:38.512 [FXGL Background Thread 3 ] DEBUG Engine               - randomSeed: -1
11:43:38.513 [FXGL Background Thread 3 ] DEBUG Engine               - runtimeInfo: RuntimeInfo(platform=WINDOWS, version=21.1, build=26.03.2024 17.33)
11:43:38.513 [FXGL Background Thread 3 ] DEBUG Engine               - saveFileExt: sav
11:43:38.513 [FXGL Background Thread 3 ] DEBUG Engine               - scaledHeightProp$fxgl: DoubleProperty [bound, value: 600.0]
11:43:38.513 [FXGL Background Thread 3 ] DEBUG Engine               - scaledWidthProp$fxgl: DoubleProperty [bound, value: 800.0]
11:43:38.513 [FXGL Background Thread 3 ] DEBUG Engine               - sceneFactory: com.almasb.fxgl.app.scene.SceneFactory@1f80d1fe
11:43:38.513 [FXGL Background Thread 3 ] DEBUG Engine               - secondsIn24h: 60
11:43:38.513 [FXGL Background Thread 3 ] DEBUG Engine               - soundMenuBack: menu/back.wav
11:43:38.513 [FXGL Background Thread 3 ] DEBUG Engine               - soundMenuPress: menu/press.wav
11:43:38.513 [FXGL Background Thread 3 ] DEBUG Engine               - soundMenuSelect: menu/select.wav
11:43:38.513 [FXGL Background Thread 3 ] DEBUG Engine               - soundNotification: core/notification.wav
11:43:38.513 [FXGL Background Thread 3 ] DEBUG Engine               - stageStyle: DECORATED
11:43:38.513 [FXGL Background Thread 3 ] DEBUG Engine               - supportedLanguages: [ENGLISH, FRENCH, GERMAN, HUNGARIAN, RUSSIAN]
11:43:38.513 [FXGL Background Thread 3 ] DEBUG Engine               - ticksPerSecond: -1
11:43:38.513 [FXGL Background Thread 3 ] DEBUG Engine               - title: Among Us UNEG
11:43:38.514 [FXGL Background Thread 3 ] DEBUG Engine               - urlGithub: https://github.com/AlmasB/FXGL
11:43:38.514 [FXGL Background Thread 3 ] DEBUG Engine               - urlLeaderboard: http://fxgl-top.herokuapp.com/
11:43:38.514 [FXGL Background Thread 3 ] DEBUG Engine               - urlPOM: https://raw.githubusercontent.com/AlmasB/FXGL/release/README.md
11:43:38.514 [FXGL Background Thread 3 ] DEBUG Engine               - userAppClass: class main.java.amongUs.AppPrincipal
11:43:38.514 [FXGL Background Thread 3 ] DEBUG Engine               - version: 0.0
11:43:38.514 [FXGL Background Thread 3 ] DEBUG Engine               - versionCheckDays: 7
11:43:38.514 [FXGL Background Thread 3 ] DEBUG Engine               - width: 800
11:43:38.514 [FXGL Background Thread 3 ] DEBUG Engine               - Logging services
11:43:38.514 [FXGL Background Thread 3 ] DEBUG Engine               - class com.almasb.fxgl.app.services.FXGLAssetLoaderService
11:43:38.514 [FXGL Background Thread 3 ] DEBUG Engine               - class com.almasb.fxgl.app.FXGLApplication$GameApplicationService
11:43:38.514 [FXGL Background Thread 3 ] DEBUG Engine               - class com.almasb.fxgl.app.services.FXGLDialogService
11:43:38.514 [FXGL Background Thread 3 ] DEBUG Engine               - class com.almasb.fxgl.app.services.IOTaskExecutorService
11:43:38.514 [FXGL Background Thread 3 ] DEBUG Engine               - class com.almasb.fxgl.io.FileSystemService
11:43:38.514 [FXGL Background Thread 3 ] DEBUG Engine               - class com.almasb.fxgl.localization.LocalizationService
11:43:38.514 [FXGL Background Thread 3 ] DEBUG Engine               - class com.almasb.fxgl.app.services.SystemBundleService
11:43:38.515 [FXGL Background Thread 3 ] DEBUG Engine               - class com.almasb.fxgl.profile.SaveLoadService
11:43:38.515 [FXGL Background Thread 3 ] DEBUG Engine               - class com.almasb.fxgl.ui.FXGLUIFactoryServiceProvider
11:43:38.515 [FXGL Background Thread 3 ] DEBUG Engine               - class com.almasb.fxgl.ui.FXGLDialogFactoryServiceProvider
11:43:38.515 [FXGL Background Thread 3 ] DEBUG Engine               - class com.almasb.fxgl.audio.AudioPlayer
11:43:38.515 [FXGL Background Thread 3 ] DEBUG Engine               - class com.almasb.fxgl.notification.impl.NotificationServiceProvider
11:43:38.515 [FXGL Background Thread 3 ] DEBUG Engine               - class com.almasb.fxgl.achievement.AchievementService
11:43:38.515 [FXGL Background Thread 3 ] DEBUG Engine               - class com.almasb.fxgl.cutscene.CutsceneService
11:43:38.515 [FXGL Background Thread 3 ] DEBUG Engine               - class com.almasb.fxgl.minigames.MiniGameService
11:43:38.515 [FXGL Background Thread 3 ] DEBUG Engine               - class com.almasb.fxgl.net.NetService
11:43:38.515 [FXGL Background Thread 3 ] DEBUG Engine               - class com.almasb.fxgl.app.services.UpdaterService
11:43:38.515 [FXGL Background Thread 3 ] DEBUG Engine               - class com.almasb.fxgl.dev.DevService
11:43:38.766 [JavaFX Application Thread] DEBUG FXGLAssetLoaderServi - Loading from file system: file:/C:/Users/josue/OneDrive/Desktop/proyecto%20java/Among%20Us/out/production/Among%20Us/assets/sounds/clickBoton.wav
11:43:42.702 [JavaFX Application Thread] DEBUG FXGLAssetLoaderServi - Loading from file system: file:/C:/Users/josue/OneDrive/Desktop/proyecto%20java/Among%20Us/out/production/Among%20Us/assets/textures/tripulante_negro.png
11:43:43.731 [JavaFX Application Thread] WARN  TMXLevelLoader       - TiledMap generated from 1.11.2. Supported version: 1.9.0. Some features may not be parsed fully.
11:43:43.793 [JavaFX Application Thread] DEBUG TMXLevelLoader       - Parsed TiledMap: file:/C:/Users/josue/OneDrive/Desktop/proyecto%20java/Among%20Us/out/production/Among%20Us/assets/levels/mapa2.tmx
11:43:43.795 [JavaFX Application Thread] DEBUG TMXLevelLoader       - Creating tile layer entities
11:43:43.798 [JavaFX Application Thread] DEBUG TilesetLoader        - Loading view for layer fondo1
11:43:43.799 [JavaFX Application Thread] DEBUG TilesetLoader        - Created buffer with size 992.0x960.0
11:43:43.819 [JavaFX Application Thread] DEBUG TilesetLoader        - Loading view for layer fondo
11:43:43.820 [JavaFX Application Thread] DEBUG TilesetLoader        - Created buffer with size 992.0x960.0
11:43:43.825 [JavaFX Application Thread] DEBUG TilesetLoader        - Loading view for layer piso
11:43:43.826 [JavaFX Application Thread] DEBUG TilesetLoader        - Created buffer with size 992.0x960.0
11:43:43.831 [JavaFX Application Thread] DEBUG TilesetLoader        - Loading view for layer piso1
11:43:43.832 [JavaFX Application Thread] DEBUG TilesetLoader        - Created buffer with size 992.0x960.0
11:43:43.842 [JavaFX Application Thread] DEBUG TilesetLoader        - Loading view for layer izquierda
11:43:43.843 [JavaFX Application Thread] DEBUG TilesetLoader        - Created buffer with size 992.0x960.0
11:43:43.852 [JavaFX Application Thread] DEBUG TilesetLoader        - Loading view for layer detallesatraspared
11:43:43.853 [JavaFX Application Thread] DEBUG TilesetLoader        - Created buffer with size 992.0x960.0
11:43:43.888 [JavaFX Application Thread] DEBUG TilesetLoader        - Loading view for layer pared2
11:43:43.889 [JavaFX Application Thread] DEBUG TilesetLoader        - Created buffer with size 992.0x960.0
11:43:43.902 [JavaFX Application Thread] DEBUG TilesetLoader        - Loading view for layer techo1
11:43:43.902 [JavaFX Application Thread] DEBUG TilesetLoader        - Created buffer with size 992.0x960.0
11:43:43.909 [JavaFX Application Thread] DEBUG TilesetLoader        - Loading view for layer techo2
11:43:43.910 [JavaFX Application Thread] DEBUG TilesetLoader        - Created buffer with size 992.0x960.0
11:43:43.915 [JavaFX Application Thread] DEBUG TilesetLoader        - Loading view for layer puertita
11:43:43.915 [JavaFX Application Thread] DEBUG TilesetLoader        - Created buffer with size 992.0x960.0
11:43:43.917 [JavaFX Application Thread] DEBUG TilesetLoader        - Loading view for layer puerta
11:43:43.918 [JavaFX Application Thread] DEBUG TilesetLoader        - Created buffer with size 992.0x960.0
11:43:43.921 [JavaFX Application Thread] DEBUG TilesetLoader        - Loading view for layer detalles
11:43:43.922 [JavaFX Application Thread] DEBUG TilesetLoader        - Created buffer with size 992.0x960.0
11:43:43.960 [JavaFX Application Thread] DEBUG TilesetLoader        - Loading view for layer detalles 2
11:43:43.962 [JavaFX Application Thread] DEBUG TilesetLoader        - Created buffer with size 992.0x960.0
11:43:43.982 [JavaFX Application Thread] DEBUG TilesetLoader        - Loading view for layer detalles3
11:43:43.984 [JavaFX Application Thread] DEBUG TilesetLoader        - Created buffer with size 992.0x960.0
11:43:44.016 [JavaFX Application Thread] DEBUG TilesetLoader        - Loading view for layer grieta
11:43:44.018 [JavaFX Application Thread] DEBUG TilesetLoader        - Created buffer with size 992.0x960.0
11:43:44.024 [JavaFX Application Thread] DEBUG TilesetLoader        - Loading view for layer camaras
11:43:44.027 [JavaFX Application Thread] DEBUG TilesetLoader        - Created buffer with size 992.0x960.0
11:43:44.030 [JavaFX Application Thread] DEBUG TilesetLoader        - Loading view for layer Techo
11:43:44.033 [JavaFX Application Thread] DEBUG TilesetLoader        - Created buffer with size 992.0x960.0
11:43:44.035 [JavaFX Application Thread] DEBUG TMXLevelLoader       - Creating object layer entities
11:43:44.122 [JavaFX Application Thread] DEBUG GameWorld            - Clearing removable entities
11:43:44.123 [JavaFX Application Thread] DEBUG GameWorld            - Setting level: com.almasb.fxgl.entity.level.Level@4d6aea4
11:43:44.153 [JavaFX Application Thread] DEBUG FXGLAssetLoaderServi - Loading from file system: file:/C:/Users/josue/OneDrive/Desktop/proyecto%20java/Among%20Us/out/production/Among%20Us/assets/textures/animacion_negro.png
11:43:44.156 [JavaFX Application Thread] DEBUG FXGLAssetLoaderServi - Loading from file system: file:/C:/Users/josue/OneDrive/Desktop/proyecto%20java/Among%20Us/out/production/Among%20Us/assets/textures/alcantarilla_negro.png
11:43:44.166 [JavaFX Application Thread] DEBUG FXGLAssetLoaderServi - Loading from file system: file:/C:/Users/josue/OneDrive/Desktop/proyecto%20java/Among%20Us/out/production/Among%20Us/assets/textures/accionNegada.png
11:44:03.081 [JavaFX Application Thread] DEBUG FXGLAssetLoaderServi - Loading from file system: file:/C:/Users/josue/OneDrive/Desktop/proyecto%20java/Among%20Us/out/production/Among%20Us/assets/textures/accion.png
11:44:16.556 [JavaFX Application Thread] DEBUG FXGLApplication      - Exiting FXGL
11:44:16.558 [JavaFX Application Thread] DEBUG LoopRunner           - Stopping loop
11:44:16.558 [JavaFX Application Thread] DEBUG SystemBundleService  - Saving FXGL system data
11:44:16.561 [JavaFX Application Thread] DEBUG FileSystemAccess     - Writing to: C:\Users\josue\OneDrive\Desktop\proyecto java\Among Us\system\fxgl.bundle
11:44:16.564 [JavaFX Application Thread] DEBUG Async                - Shutting down background threads
11:44:16.564 [JavaFX Application Thread] DEBUG PrimaryStageWindow   - Closing main window
11:44:16.613 [JavaFX Application Thread] DEBUG Logger               - Closing Logger
