14:12:19.198 [main                     ] DEBUG Logger               - Configured Logger
14:12:19.219 [main                     ] DEBUG GameApplication      - Logging settings
Title: Among Us - Java Edition
Version: 0.0
Width: 800
Height: 600
Fullscreen: false
Intro: false
Profiling: false
Single step:false
App Mode: DEVELOPER
Menu Key: ESCAPE
Stage Style: DECORATED
Scene Factory: class com.almasb.fxgl.app.scene.SceneFactory

14:12:20.111 [JavaFX Application Thread] DEBUG FXGLApplication      - Initializing FXGL
14:12:20.115 [JavaFX Application Thread] INFO  Engine               - FXGL-21.1 (26.03.2024 17.33) on WINDOWS (J:25.0.2 FX:21.0.1)
14:12:20.116 [JavaFX Application Thread] DEBUG Engine               - JRE Vendor Name: Oracle Corporation
14:12:20.116 [JavaFX Application Thread] DEBUG Engine               - Running on OS: Windows 11 version 10.0
14:12:20.116 [JavaFX Application Thread] DEBUG Engine               - Architecture: amd64
14:12:20.116 [JavaFX Application Thread] INFO  Engine               - Source code and latest versions at: https://github.com/AlmasB/FXGL
14:12:20.117 [JavaFX Application Thread] INFO  Engine               -       Ask questions and discuss at: https://github.com/AlmasB/FXGL/discussions
14:12:20.117 [JavaFX Application Thread] INFO  Engine               -              Join the FXGL chat at: https://gitter.im/AlmasB/FXGL
14:12:20.295 [JavaFX Application Thread] DEBUG PrimaryStageWindow   - Creating a JavaFX scene
14:12:20.410 [JavaFX Application Thread] DEBUG PrimaryStageWindow   - Target settings size: 800.0 x 600.0
14:12:20.410 [JavaFX Application Thread] DEBUG PrimaryStageWindow   - Scaled scene size:    800.0 x 600.0
14:12:20.410 [JavaFX Application Thread] DEBUG PrimaryStageWindow   - Scaled ratio: (1.0, 1.0)
14:12:20.412 [JavaFX Application Thread] DEBUG PrimaryStageWindow   - Set initial scene to FXGLStartupScene
14:12:20.419 [JavaFX Application Thread] DEBUG PrimaryStageWindow   - Opening main window
14:12:20.640 [JavaFX Application Thread] DEBUG PrimaryStageWindow   - Window border size: (16.0, 39.0)
14:12:20.640 [JavaFX Application Thread] DEBUG PrimaryStageWindow   - Scaled size: 800.0 x 600.0
14:12:20.640 [JavaFX Application Thread] DEBUG PrimaryStageWindow   - Scaled ratio: (1.0, 1.0)
14:12:20.641 [JavaFX Application Thread] DEBUG PrimaryStageWindow   - Scene size: 800.0 x 600.0
14:12:20.641 [JavaFX Application Thread] DEBUG PrimaryStageWindow   - Stage size: 816.0 x 639.0
14:12:20.815 [FXGL Background Thread 1 ] DEBUG Engine               - Initializing environment variables
14:12:20.981 [FXGL Background Thread 1 ] DEBUG FXGLAssetLoaderServi - User app class for loading assets: class main.java.amongUs.AppPrincipal
14:12:20.981 [FXGL Background Thread 1 ] DEBUG GameApplicationServi - Applying CSS: fxgl_dark.css
14:12:20.982 [FXGL Background Thread 1 ] DEBUG FXGLAssetLoaderServi - Loading from file system: jar:file:/C:/Users/josue/OneDrive/Desktop/proyecto%20java/Among%20Us/lib/fxgl-21.1-uber.jar!/fxglassets/ui/css/fxgl_dark.css
14:12:21.079 [FXGL Background Thread 1 ] DEBUG GameApplicationServi - Initializing application scenes
14:12:21.382 [FXGL Background Thread 1 ] DEBUG GameWorld            - Game world initialized
14:12:21.456 [FXGL Background Thread 1 ] DEBUG PhysicsWorld         - Physics world initialized: appHeight=600, physics.ppm=50,0
14:12:21.456 [FXGL Background Thread 1 ] DEBUG PhysicsWorld         - Using strategy: BRUTE_FORCE
14:12:21.467 [FXGL Background Thread 1 ] DEBUG GameScene            - Game scene initialized: 800x600
14:12:21.488 [FXGL Background Thread 1 ] DEBUG FXGL.DefaultMenu     - createMenuBodyGameMenu()
14:12:21.512 [FXGL Background Thread 1 ] DEBUG FXGL.DefaultMenu     - createOptionsMenu()
14:12:21.530 [FXGL Background Thread 1 ] DEBUG FXGLAssetLoaderServi - Loading from file system: jar:file:/C:/Users/josue/OneDrive/Desktop/proyecto%20java/Among%20Us/lib/fxgl-21.1-uber.jar!/fxglassets/textures/particles/smoke.png
14:12:21.679 [FXGL Background Thread 1 ] DEBUG FXGLAssetLoaderServi - Loading from file system: jar:file:/C:/Users/josue/OneDrive/Desktop/proyecto%20java/Among%20Us/lib/fxgl-21.1-uber.jar!/fxglassets/textures/particles/trace_horizontal.png
14:12:21.761 [FXGL Background Thread 1 ] DEBUG GameApplicationServi - Application scenes initialized
14:12:21.781 [FXGL Background Thread 1 ] DEBUG SystemBundleService  - Loading FXGL system data
14:12:21.789 [FXGL Background Thread 1 ] DEBUG FileSystemAccess     - Reading from: C:\Users\josue\OneDrive\Desktop\proyecto java\Among Us\system\fxgl.bundle
14:12:21.798 [FXGL Background Thread 1 ] DEBUG SystemBundleService  - Bundle FXGL: {}
14:12:21.798 [FXGL Background Thread 1 ] DEBUG UpdaterService       - Checking for updates
14:12:21.808 [FXGL Background Thread 1 ] DEBUG FXGLApplication      - Loading default localization
14:12:21.808 [FXGL Background Thread 1 ] DEBUG FXGLAssetLoaderServi - Loading from file system: jar:file:/C:/Users/josue/OneDrive/Desktop/proyecto%20java/Among%20Us/lib/fxgl-21.1-uber.jar!/fxglassets/languages/english.lang
14:12:21.812 [FXGL Background Thread 4 ] DEBUG FXGLApplication      - Loading fonts
14:12:21.820 [FXGL Background Thread 4 ] DEBUG FXGLAssetLoaderServi - Loading from file system: jar:file:/C:/Users/josue/OneDrive/Desktop/proyecto%20java/Among%20Us/lib/fxgl-21.1-uber.jar!/fxglassets/ui/fonts/VarelaRound-Regular.ttf
14:12:21.852 [FXGL Background Thread 1 ] INFO  FXGLApplication      - FXGL initialization took: 1,037 sec
14:12:21.880 [JavaFX Application Thread] DEBUG Input                - Registered new binding: action0 - W
14:12:21.881 [JavaFX Application Thread] DEBUG Input                - Registered new binding: action1 - S
14:12:21.884 [JavaFX Application Thread] DEBUG Input                - Registered new binding: action2 - A
14:12:21.888 [JavaFX Application Thread] DEBUG Input                - Registered new binding: action3 - D
14:12:21.894 [JavaFX Application Thread] DEBUG FXGLAssetLoaderServi - Loading from file system: file:/C:/Users/josue/OneDrive/Desktop/proyecto%20java/Among%20Us/out/production/Among%20Us/assets/textures/icono.png
14:12:21.959 [JavaFX Application Thread] DEBUG FXGLAssetLoaderServi - Loading from file system: jar:file:/C:/Users/josue/OneDrive/Desktop/proyecto%20java/Among%20Us/lib/fxgl-21.1-uber.jar!/fxglassets/textures/fxgl_default_cursor.png
14:12:21.965 [JavaFX Application Thread] DEBUG Input                - Registered new binding: Screenshot - CTRL+8
14:12:21.966 [JavaFX Application Thread] DEBUG Input                - Registered new binding: System info dump - CTRL+9
14:12:21.967 [JavaFX Application Thread] DEBUG Input                - Registered new binding: Restart - CTRL+R
14:12:21.969 [JavaFX Application Thread] DEBUG Input                - Registered new binding: Toggle Debug Camera - CTRL+7
14:12:21.978 [JavaFX Application Thread] DEBUG LoopRunner           - Starting loop
14:12:21.978 [JavaFX Application Thread] DEBUG LoopRunner           - Initializing JavaFX AnimationTimerLoop
14:12:21.981 [JavaFX Application Thread] DEBUG GameApplicationServi - Starting new game
14:12:21.981 [JavaFX Application Thread] DEBUG Input                - Clearing active input actions
14:12:22.049 [JavaFX Application Thread] DEBUG GameApplicationServi - Removing overlay from FXGLStartupScene and adding to FXGLLoadingScene
14:12:22.051 [JavaFX Application Thread] DEBUG PrimaryStageWindow   - FXGLStartupScene -> FXGLLoadingScene
14:12:22.052 [JavaFX Application Thread] DEBUG GameApplicationServi - Clearing previous game
14:12:22.052 [JavaFX Application Thread] DEBUG GameScene            - Clearing game scene
14:12:22.053 [JavaFX Application Thread] DEBUG GameWorld            - Clearing game world
14:12:22.054 [JavaFX Application Thread] DEBUG PhysicsWorld         - Clearing physics world
14:12:22.065 [FXGL Background Thread 1 ] DEBUG FXGLApplication      - Initializing game
14:12:22.084 [FXGL Background Thread 1 ] DEBUG FXGLAssetLoaderServi - Loading from file system: file:/C:/Users/josue/OneDrive/Desktop/proyecto%20java/Among%20Us/out/production/Among%20Us/assets/music/musicaMenu.mp3
14:12:22.633 [FXGL Background Thread 4 ] DEBUG FXGLAssetLoaderServi - Loading from file system: jar:file:/C:/Users/josue/OneDrive/Desktop/proyecto%20java/Among%20Us/lib/fxgl-21.1-uber.jar!/fxglassets/ui/fonts/Abel-Regular.ttf
14:12:22.641 [FXGL Background Thread 4 ] DEBUG FXGLAssetLoaderServi - Loading from file system: jar:file:/C:/Users/josue/OneDrive/Desktop/proyecto%20java/Among%20Us/lib/fxgl-21.1-uber.jar!/fxglassets/ui/fonts/TerminalLandMono-Regular.otf
14:12:22.649 [FXGL Background Thread 4 ] DEBUG FXGLAssetLoaderServi - Loading from file system: jar:file:/C:/Users/josue/OneDrive/Desktop/proyecto%20java/Among%20Us/lib/fxgl-21.1-uber.jar!/fxglassets/ui/fonts/Courier-Prime.ttf
14:12:22.662 [JavaFX Application Thread] DEBUG FXGLApplication      - Registering font factories with UI factory
14:12:22.772 [FXGL Background Thread 1 ] DEBUG AudioPlayer          - Playing music com.almasb.fxgl.audio.Music@db38424
14:12:23.529 [FXGL Background Thread 1 ] INFO  FXGLApplication      - Game initialization took: 1,463 sec
14:12:23.538 [JavaFX Application Thread] DEBUG Input                - Clearing active input actions
14:12:23.619 [JavaFX Application Thread] DEBUG GameApplicationServi - Removing overlay from FXGLLoadingScene and adding to GameScene
14:12:23.624 [JavaFX Application Thread] DEBUG PrimaryStageWindow   - FXGLLoadingScene -> GameScene
14:12:23.992 [FXGL Background Thread 2 ] INFO  UpdaterService       - Your current version:  21.1
14:12:23.992 [FXGL Background Thread 2 ] INFO  UpdaterService       - Latest stable version: 25
14:12:24.806 [FXGL Background Thread 3 ] DEBUG Engine               - Logging environment variables
14:12:24.808 [FXGL Background Thread 3 ] DEBUG Engine               - achievements: []
14:12:24.809 [FXGL Background Thread 3 ] DEBUG Engine               - actualHeight: 600.0
14:12:24.809 [FXGL Background Thread 3 ] DEBUG Engine               - actualHeightProperty: ReadOnlyDoubleProperty [value: 600.0]
14:12:24.814 [FXGL Background Thread 3 ] DEBUG Engine               - actualWidth: 800.0
14:12:24.815 [FXGL Background Thread 3 ] DEBUG Engine               - actualWidthProperty: ReadOnlyDoubleProperty [value: 800.0]
14:12:24.816 [FXGL Background Thread 3 ] DEBUG Engine               - appIcon: icono.png
14:12:24.816 [FXGL Background Thread 3 ] DEBUG Engine               - applicationMode: DEVELOPER
14:12:24.817 [FXGL Background Thread 3 ] DEBUG Engine               - cSSList: [fxgl_dark.css]
14:12:24.822 [FXGL Background Thread 3 ] DEBUG Engine               - collisionDetectionStrategy: BRUTE_FORCE
14:12:24.822 [FXGL Background Thread 3 ] DEBUG Engine               - configClass: Optional.empty
14:12:24.822 [FXGL Background Thread 3 ] DEBUG Engine               - credits: []
14:12:24.823 [FXGL Background Thread 3 ] DEBUG Engine               - defaultCursor: CursorInfo(imageName=fxgl_default_cursor.png, hotspotX=7.0, hotspotY=6.0)
14:12:24.823 [FXGL Background Thread 3 ] DEBUG Engine               - devBBoxColorProperty: ObjectProperty [value: 0xff0000ff]
14:12:24.824 [FXGL Background Thread 3 ] DEBUG Engine               - devEnableDebugCameraProperty: BooleanProperty [value: false]
14:12:24.824 [FXGL Background Thread 3 ] DEBUG Engine               - devSensorColorProperty: ObjectProperty [value: 0xffff00ff]
14:12:24.824 [FXGL Background Thread 3 ] DEBUG Engine               - devShowBBoxProperty: BooleanProperty [value: false]
14:12:24.824 [FXGL Background Thread 3 ] DEBUG Engine               - devShowPositionProperty: BooleanProperty [value: false]
14:12:24.824 [FXGL Background Thread 3 ] DEBUG Engine               - enabledMenuItems: []
14:12:24.824 [FXGL Background Thread 3 ] DEBUG Engine               - engineServices: [class com.almasb.fxgl.app.services.FXGLAssetLoaderService, class com.almasb.fxgl.app.FXGLApplication$GameApplicationService, class com.almasb.fxgl.app.services.FXGLDialogService, class com.almasb.fxgl.app.services.IOTaskExecutorService, class com.almasb.fxgl.io.FileSystemService, class com.almasb.fxgl.localization.LocalizationService, class com.almasb.fxgl.app.services.SystemBundleService, class com.almasb.fxgl.profile.SaveLoadService, class com.almasb.fxgl.ui.FXGLUIFactoryServiceProvider, class com.almasb.fxgl.ui.FXGLDialogFactoryServiceProvider, class com.almasb.fxgl.audio.AudioPlayer, class com.almasb.fxgl.notification.impl.NotificationServiceProvider, class com.almasb.fxgl.achievement.AchievementService, class com.almasb.fxgl.cutscene.CutsceneService, class com.almasb.fxgl.minigames.MiniGameService, class com.almasb.fxgl.net.NetService, class com.almasb.fxgl.app.services.UpdaterService, class com.almasb.fxgl.dev.DevService]
14:12:24.825 [FXGL Background Thread 3 ] DEBUG Engine               - fontGame: Abel-Regular.ttf
14:12:24.826 [FXGL Background Thread 3 ] DEBUG Engine               - fontMono: TerminalLandMono-Regular.otf
14:12:24.826 [FXGL Background Thread 3 ] DEBUG Engine               - fontSizeScaleUI: 1.0
14:12:24.827 [FXGL Background Thread 3 ] DEBUG Engine               - fontText: Courier-Prime.ttf
14:12:24.828 [FXGL Background Thread 3 ] DEBUG Engine               - fontUI: VarelaRound-Regular.ttf
14:12:24.828 [FXGL Background Thread 3 ] DEBUG Engine               - fullScreen: BooleanProperty [value: false]
14:12:24.828 [FXGL Background Thread 3 ] DEBUG Engine               - gameDifficulty: MEDIUM
14:12:24.828 [FXGL Background Thread 3 ] DEBUG Engine               - gameDifficultyProperty: ObjectProperty [value: MEDIUM]
14:12:24.828 [FXGL Background Thread 3 ] DEBUG Engine               - globalMusicVolume: 0.5
14:12:24.828 [FXGL Background Thread 3 ] DEBUG Engine               - globalMusicVolumeProperty: DoubleProperty [value: 0.4]
14:12:24.828 [FXGL Background Thread 3 ] DEBUG Engine               - globalSoundVolume: 0.5
14:12:24.828 [FXGL Background Thread 3 ] DEBUG Engine               - globalSoundVolumeProperty: DoubleProperty [value: 0.5]
14:12:24.829 [FXGL Background Thread 3 ] DEBUG Engine               - height: 600
14:12:24.829 [FXGL Background Thread 3 ] DEBUG Engine               - is3D: false
14:12:24.830 [FXGL Background Thread 3 ] DEBUG Engine               - isAndroid: false
14:12:24.830 [FXGL Background Thread 3 ] DEBUG Engine               - isBrowser: false
14:12:24.830 [FXGL Background Thread 3 ] DEBUG Engine               - isClickFeedbackEnabled: false
14:12:24.830 [FXGL Background Thread 3 ] DEBUG Engine               - isCloseConfirmation: false
14:12:24.832 [FXGL Background Thread 3 ] DEBUG Engine               - isDesktop: true
14:12:24.832 [FXGL Background Thread 3 ] DEBUG Engine               - isDeveloperMenuEnabled: false
14:12:24.842 [FXGL Background Thread 3 ] DEBUG Engine               - isEmbedded: false
14:12:24.842 [FXGL Background Thread 3 ] DEBUG Engine               - isEntityPreloadEnabled: true
14:12:24.845 [FXGL Background Thread 3 ] DEBUG Engine               - isExperimentalTiledLargeMap: false
14:12:24.846 [FXGL Background Thread 3 ] DEBUG Engine               - isFileSystemWriteAllowed: true
14:12:24.846 [FXGL Background Thread 3 ] DEBUG Engine               - isFullScreenAllowed: false
14:12:24.846 [FXGL Background Thread 3 ] DEBUG Engine               - isFullScreenFromStart: false
14:12:24.846 [FXGL Background Thread 3 ] DEBUG Engine               - isGameMenuEnabled: true
14:12:24.846 [FXGL Background Thread 3 ] DEBUG Engine               - isIOS: false
14:12:24.846 [FXGL Background Thread 3 ] DEBUG Engine               - isIntroEnabled: false
14:12:24.846 [FXGL Background Thread 3 ] DEBUG Engine               - isLinux: false
14:12:24.846 [FXGL Background Thread 3 ] DEBUG Engine               - isMac: false
14:12:24.846 [FXGL Background Thread 3 ] DEBUG Engine               - isMainMenuEnabled: false
14:12:24.847 [FXGL Background Thread 3 ] DEBUG Engine               - isManualResizeEnabled: false
14:12:24.847 [FXGL Background Thread 3 ] DEBUG Engine               - isMobile: false
14:12:24.847 [FXGL Background Thread 3 ] DEBUG Engine               - isNative: false
14:12:24.847 [FXGL Background Thread 3 ] DEBUG Engine               - isPauseMusicWhenMinimized: true
14:12:24.847 [FXGL Background Thread 3 ] DEBUG Engine               - isPreserveResizeRatio: false
14:12:24.847 [FXGL Background Thread 3 ] DEBUG Engine               - isProfilingEnabled: false
14:12:24.847 [FXGL Background Thread 3 ] DEBUG Engine               - isScaleAffectedOnResize: true
14:12:24.847 [FXGL Background Thread 3 ] DEBUG Engine               - isSingleStep: false
14:12:24.847 [FXGL Background Thread 3 ] DEBUG Engine               - isUserProfileEnabled: false
14:12:24.847 [FXGL Background Thread 3 ] DEBUG Engine               - isWindows: true
14:12:24.847 [FXGL Background Thread 3 ] DEBUG Engine               - language: ObjectProperty [value: ENGLISH]
14:12:24.847 [FXGL Background Thread 3 ] DEBUG Engine               - menuKey: ESCAPE
14:12:24.847 [FXGL Background Thread 3 ] DEBUG Engine               - mouseSensitivity: 0.2
14:12:24.848 [FXGL Background Thread 3 ] DEBUG Engine               - notificationViewClass: class com.almasb.fxgl.notification.view.XboxNotificationView
14:12:24.848 [FXGL Background Thread 3 ] DEBUG Engine               - pixelsPerMeter: 50.0
14:12:24.848 [FXGL Background Thread 3 ] DEBUG Engine               - platform: WINDOWS
14:12:24.848 [FXGL Background Thread 3 ] DEBUG Engine               - prefHeightProperty: ReadOnlyDoubleProperty [value: 600.0]
14:12:24.848 [FXGL Background Thread 3 ] DEBUG Engine               - prefWidthProperty: ReadOnlyDoubleProperty [value: 800.0]
14:12:24.848 [FXGL Background Thread 3 ] DEBUG Engine               - profileDir: profiles/
14:12:24.848 [FXGL Background Thread 3 ] DEBUG Engine               - profileName: StringProperty [value: DEFAULT]
14:12:24.848 [FXGL Background Thread 3 ] DEBUG Engine               - randomSeed: -1
14:12:24.848 [FXGL Background Thread 3 ] DEBUG Engine               - runtimeInfo: RuntimeInfo(platform=WINDOWS, version=21.1, build=26.03.2024 17.33)
14:12:24.848 [FXGL Background Thread 3 ] DEBUG Engine               - saveFileExt: sav
14:12:24.848 [FXGL Background Thread 3 ] DEBUG Engine               - scaledHeightProp$fxgl: DoubleProperty [bound, value: 600.0]
14:12:24.848 [FXGL Background Thread 3 ] DEBUG Engine               - scaledWidthProp$fxgl: DoubleProperty [bound, value: 800.0]
14:12:24.849 [FXGL Background Thread 3 ] DEBUG Engine               - sceneFactory: com.almasb.fxgl.app.scene.SceneFactory@72c93912
14:12:24.850 [FXGL Background Thread 3 ] DEBUG Engine               - secondsIn24h: 60
14:12:24.850 [FXGL Background Thread 3 ] DEBUG Engine               - soundMenuBack: menu/back.wav
14:12:24.850 [FXGL Background Thread 3 ] DEBUG Engine               - soundMenuPress: menu/press.wav
14:12:24.850 [FXGL Background Thread 3 ] DEBUG Engine               - soundMenuSelect: menu/select.wav
14:12:24.850 [FXGL Background Thread 3 ] DEBUG Engine               - soundNotification: core/notification.wav
14:12:24.850 [FXGL Background Thread 3 ] DEBUG Engine               - stageStyle: DECORATED
14:12:24.850 [FXGL Background Thread 3 ] DEBUG Engine               - supportedLanguages: [ENGLISH, FRENCH, GERMAN, HUNGARIAN, RUSSIAN]
14:12:24.851 [FXGL Background Thread 3 ] DEBUG Engine               - ticksPerSecond: -1
14:12:24.851 [FXGL Background Thread 3 ] DEBUG Engine               - title: Among Us - Java Edition
14:12:24.851 [FXGL Background Thread 3 ] DEBUG Engine               - urlGithub: https://github.com/AlmasB/FXGL
14:12:24.851 [FXGL Background Thread 3 ] DEBUG Engine               - urlLeaderboard: http://fxgl-top.herokuapp.com/
14:12:24.851 [FXGL Background Thread 3 ] DEBUG Engine               - urlPOM: https://raw.githubusercontent.com/AlmasB/FXGL/release/README.md
14:12:24.851 [FXGL Background Thread 3 ] DEBUG Engine               - userAppClass: class main.java.amongUs.AppPrincipal
14:12:24.851 [FXGL Background Thread 3 ] DEBUG Engine               - version: 0.0
14:12:24.851 [FXGL Background Thread 3 ] DEBUG Engine               - versionCheckDays: 7
14:12:24.851 [FXGL Background Thread 3 ] DEBUG Engine               - width: 800
14:12:24.851 [FXGL Background Thread 3 ] DEBUG Engine               - Logging services
14:12:24.851 [FXGL Background Thread 3 ] DEBUG Engine               - class com.almasb.fxgl.app.services.FXGLAssetLoaderService
14:12:24.851 [FXGL Background Thread 3 ] DEBUG Engine               - class com.almasb.fxgl.app.FXGLApplication$GameApplicationService
14:12:24.851 [FXGL Background Thread 3 ] DEBUG Engine               - class com.almasb.fxgl.app.services.FXGLDialogService
14:12:24.851 [FXGL Background Thread 3 ] DEBUG Engine               - class com.almasb.fxgl.app.services.IOTaskExecutorService
14:12:24.851 [FXGL Background Thread 3 ] DEBUG Engine               - class com.almasb.fxgl.io.FileSystemService
14:12:24.851 [FXGL Background Thread 3 ] DEBUG Engine               - class com.almasb.fxgl.localization.LocalizationService
14:12:24.851 [FXGL Background Thread 3 ] DEBUG Engine               - class com.almasb.fxgl.app.services.SystemBundleService
14:12:24.851 [FXGL Background Thread 3 ] DEBUG Engine               - class com.almasb.fxgl.profile.SaveLoadService
14:12:24.851 [FXGL Background Thread 3 ] DEBUG Engine               - class com.almasb.fxgl.ui.FXGLUIFactoryServiceProvider
14:12:24.851 [FXGL Background Thread 3 ] DEBUG Engine               - class com.almasb.fxgl.ui.FXGLDialogFactoryServiceProvider
14:12:24.852 [FXGL Background Thread 3 ] DEBUG Engine               - class com.almasb.fxgl.audio.AudioPlayer
14:12:24.853 [FXGL Background Thread 3 ] DEBUG Engine               - class com.almasb.fxgl.notification.impl.NotificationServiceProvider
14:12:24.853 [FXGL Background Thread 3 ] DEBUG Engine               - class com.almasb.fxgl.achievement.AchievementService
14:12:24.853 [FXGL Background Thread 3 ] DEBUG Engine               - class com.almasb.fxgl.cutscene.CutsceneService
14:12:24.853 [FXGL Background Thread 3 ] DEBUG Engine               - class com.almasb.fxgl.minigames.MiniGameService
14:12:24.853 [FXGL Background Thread 3 ] DEBUG Engine               - class com.almasb.fxgl.net.NetService
14:12:24.853 [FXGL Background Thread 3 ] DEBUG Engine               - class com.almasb.fxgl.app.services.UpdaterService
14:12:24.853 [FXGL Background Thread 3 ] DEBUG Engine               - class com.almasb.fxgl.dev.DevService
14:12:25.224 [JavaFX Application Thread] DEBUG FXGLAssetLoaderServi - Loading from file system: file:/C:/Users/josue/OneDrive/Desktop/proyecto%20java/Among%20Us/out/production/Among%20Us/assets/sounds/clickBoton.wav
14:13:14.165 [JavaFX Application Thread] DEBUG FXGLApplication      - Exiting FXGL
14:13:14.165 [JavaFX Application Thread] DEBUG LoopRunner           - Stopping loop
14:13:14.165 [JavaFX Application Thread] DEBUG SystemBundleService  - Saving FXGL system data
14:13:14.169 [JavaFX Application Thread] DEBUG FileSystemAccess     - Writing to: C:\Users\josue\OneDrive\Desktop\proyecto java\Among Us\system\fxgl.bundle
14:13:14.172 [JavaFX Application Thread] DEBUG Async                - Shutting down background threads
14:13:14.172 [JavaFX Application Thread] DEBUG PrimaryStageWindow   - Closing main window
14:13:14.188 [JavaFX Application Thread] DEBUG Logger               - Closing Logger
