19:51:22.852 [main                     ] DEBUG Logger               - Configured Logger
19:51:22.858 [main                     ] DEBUG GameApplication      - Logging settings
Title: Among Us - Java Edition
Version: 0.0
Width: 800
Height: 600
Fullscreen: false
Intro: false
Profiling: false
Single step:false
App Mode: DEVELOPER
Menu Key: ESCAPE
Stage Style: DECORATED
Scene Factory: class com.almasb.fxgl.app.scene.SceneFactory

19:51:23.374 [JavaFX Application Thread] DEBUG FXGLApplication      - Initializing FXGL
19:51:23.377 [JavaFX Application Thread] INFO  Engine               - FXGL-21.1 (26.03.2024 17.33) on WINDOWS (J:25.0.2 FX:21.0.1)
19:51:23.377 [JavaFX Application Thread] DEBUG Engine               - JRE Vendor Name: Oracle Corporation
19:51:23.377 [JavaFX Application Thread] DEBUG Engine               - Running on OS: Windows 11 version 10.0
19:51:23.377 [JavaFX Application Thread] DEBUG Engine               - Architecture: amd64
19:51:23.377 [JavaFX Application Thread] INFO  Engine               - Source code and latest versions at: https://github.com/AlmasB/FXGL
19:51:23.377 [JavaFX Application Thread] INFO  Engine               -       Ask questions and discuss at: https://github.com/AlmasB/FXGL/discussions
19:51:23.377 [JavaFX Application Thread] INFO  Engine               -              Join the FXGL chat at: https://gitter.im/AlmasB/FXGL
19:51:23.473 [JavaFX Application Thread] DEBUG PrimaryStageWindow   - Creating a JavaFX scene
19:51:23.519 [JavaFX Application Thread] DEBUG PrimaryStageWindow   - Target settings size: 800.0 x 600.0
19:51:23.519 [JavaFX Application Thread] DEBUG PrimaryStageWindow   - Scaled scene size:    800.0 x 600.0
19:51:23.520 [JavaFX Application Thread] DEBUG PrimaryStageWindow   - Scaled ratio: (1.0, 1.0)
19:51:23.520 [JavaFX Application Thread] DEBUG PrimaryStageWindow   - Set initial scene to FXGLStartupScene
19:51:23.524 [JavaFX Application Thread] DEBUG PrimaryStageWindow   - Opening main window
19:51:23.646 [JavaFX Application Thread] DEBUG PrimaryStageWindow   - Window border size: (14.66668701171875, 37.33331298828125)
19:51:23.647 [JavaFX Application Thread] DEBUG PrimaryStageWindow   - Scaled size: 800.0 x 600.0
19:51:23.647 [JavaFX Application Thread] DEBUG PrimaryStageWindow   - Scaled ratio: (1.0, 1.0)
19:51:23.647 [JavaFX Application Thread] DEBUG PrimaryStageWindow   - Scene size: 800.0 x 600.0
19:51:23.648 [JavaFX Application Thread] DEBUG PrimaryStageWindow   - Stage size: 814.6666870117188 x 637.3333129882812
19:51:23.669 [FXGL Background Thread 1 ] DEBUG Engine               - Initializing environment variables
19:51:23.776 [FXGL Background Thread 1 ] DEBUG FXGLAssetLoaderServi - User app class for loading assets: class main.java.amongUs.AppPrincipal
19:51:23.776 [FXGL Background Thread 1 ] DEBUG GameApplicationServi - Applying CSS: fxgl_dark.css
19:51:23.776 [FXGL Background Thread 1 ] DEBUG FXGLAssetLoaderServi - Loading from file system: jar:file:/C:/Users/nicol/Desktop/amongu/lib/fxgl-21.1-uber.jar!/fxglassets/ui/css/fxgl_dark.css
19:51:23.827 [FXGL Background Thread 1 ] DEBUG GameApplicationServi - Initializing application scenes
19:51:23.882 [FXGL Background Thread 1 ] DEBUG GameWorld            - Game world initialized
19:51:23.949 [FXGL Background Thread 1 ] DEBUG PhysicsWorld         - Physics world initialized: appHeight=600, physics.ppm=50,0
19:51:23.949 [FXGL Background Thread 1 ] DEBUG PhysicsWorld         - Using strategy: BRUTE_FORCE
19:51:23.955 [FXGL Background Thread 1 ] DEBUG GameScene            - Game scene initialized: 800x600
19:51:23.967 [FXGL Background Thread 1 ] DEBUG FXGL.DefaultMenu     - createMenuBodyGameMenu()
19:51:23.978 [FXGL Background Thread 1 ] DEBUG FXGL.DefaultMenu     - createOptionsMenu()
19:51:23.998 [FXGL Background Thread 1 ] DEBUG FXGLAssetLoaderServi - Loading from file system: jar:file:/C:/Users/nicol/Desktop/amongu/lib/fxgl-21.1-uber.jar!/fxglassets/textures/particles/smoke.png
19:51:24.090 [FXGL Background Thread 1 ] DEBUG FXGLAssetLoaderServi - Loading from file system: jar:file:/C:/Users/nicol/Desktop/amongu/lib/fxgl-21.1-uber.jar!/fxglassets/textures/particles/trace_horizontal.png
19:51:24.108 [FXGL Background Thread 1 ] DEBUG GameApplicationServi - Application scenes initialized
19:51:24.119 [FXGL Background Thread 1 ] DEBUG SystemBundleService  - Loading FXGL system data
19:51:24.120 [FXGL Background Thread 1 ] DEBUG FileSystemAccess     - Reading from: C:\Users\nicol\Desktop\amongu\system\fxgl.bundle
19:51:24.128 [FXGL Background Thread 1 ] DEBUG SystemBundleService  - Bundle FXGL: {}
19:51:24.128 [FXGL Background Thread 1 ] DEBUG UpdaterService       - Checking for updates
19:51:24.129 [FXGL Background Thread 4 ] DEBUG FXGLApplication      - Loading fonts
19:51:24.131 [FXGL Background Thread 4 ] DEBUG FXGLAssetLoaderServi - Loading from file system: jar:file:/C:/Users/nicol/Desktop/amongu/lib/fxgl-21.1-uber.jar!/fxglassets/ui/fonts/VarelaRound-Regular.ttf
19:51:24.131 [FXGL Background Thread 1 ] DEBUG FXGLApplication      - Loading default localization
19:51:24.132 [FXGL Background Thread 1 ] DEBUG FXGLAssetLoaderServi - Loading from file system: jar:file:/C:/Users/nicol/Desktop/amongu/lib/fxgl-21.1-uber.jar!/fxglassets/languages/english.lang
19:51:24.150 [FXGL Background Thread 1 ] INFO  FXGLApplication      - FXGL initialization took: 0,479 sec
19:51:24.151 [JavaFX Application Thread] DEBUG FXGLAssetLoaderServi - Loading from file system: jar:file:/C:/Users/nicol/Desktop/amongu/lib/fxgl-21.1-uber.jar!/fxglassets/textures/fxgl_icon.png
19:51:24.169 [JavaFX Application Thread] DEBUG FXGLAssetLoaderServi - Loading from file system: jar:file:/C:/Users/nicol/Desktop/amongu/lib/fxgl-21.1-uber.jar!/fxglassets/textures/fxgl_default_cursor.png
19:51:24.172 [FXGL Background Thread 4 ] DEBUG FXGLAssetLoaderServi - Loading from file system: jar:file:/C:/Users/nicol/Desktop/amongu/lib/fxgl-21.1-uber.jar!/fxglassets/ui/fonts/Abel-Regular.ttf
19:51:24.177 [FXGL Background Thread 4 ] DEBUG FXGLAssetLoaderServi - Loading from file system: jar:file:/C:/Users/nicol/Desktop/amongu/lib/fxgl-21.1-uber.jar!/fxglassets/ui/fonts/TerminalLandMono-Regular.otf
19:51:24.183 [JavaFX Application Thread] DEBUG Input                - Registered new binding: Screenshot - CTRL+8
19:51:24.183 [FXGL Background Thread 4 ] DEBUG FXGLAssetLoaderServi - Loading from file system: jar:file:/C:/Users/nicol/Desktop/amongu/lib/fxgl-21.1-uber.jar!/fxglassets/ui/fonts/Courier-Prime.ttf
19:51:24.183 [JavaFX Application Thread] DEBUG Input                - Registered new binding: System info dump - CTRL+9
19:51:24.184 [JavaFX Application Thread] DEBUG Input                - Registered new binding: Restart - CTRL+R
19:51:24.184 [JavaFX Application Thread] DEBUG Input                - Registered new binding: Toggle Debug Camera - CTRL+7
19:51:24.186 [JavaFX Application Thread] DEBUG LoopRunner           - Starting loop
19:51:24.186 [JavaFX Application Thread] DEBUG LoopRunner           - Initializing JavaFX AnimationTimerLoop
19:51:24.187 [JavaFX Application Thread] DEBUG GameApplicationServi - Starting new game
19:51:24.187 [JavaFX Application Thread] DEBUG Input                - Clearing active input actions
19:51:24.199 [JavaFX Application Thread] DEBUG GameApplicationServi - Removing overlay from FXGLStartupScene and adding to FXGLLoadingScene
19:51:24.199 [JavaFX Application Thread] DEBUG PrimaryStageWindow   - FXGLStartupScene -> FXGLLoadingScene
19:51:24.199 [JavaFX Application Thread] DEBUG GameApplicationServi - Clearing previous game
19:51:24.199 [JavaFX Application Thread] DEBUG GameScene            - Clearing game scene
19:51:24.199 [JavaFX Application Thread] DEBUG GameWorld            - Clearing game world
19:51:24.199 [JavaFX Application Thread] DEBUG PhysicsWorld         - Clearing physics world
19:51:24.202 [JavaFX Application Thread] DEBUG FXGLApplication      - Registering font factories with UI factory
19:51:24.202 [FXGL Background Thread 4 ] DEBUG FXGLApplication      - Initializing game
19:51:24.212 [FXGL Background Thread 4 ] WARN  FXGLAssetLoaderServi - Asset "/assets/levels/mapa2.tmx" was not found!
19:51:24.213 [FXGL Background Thread 4 ] WARN  FXGLAssetLoaderServi - Asset "/assets/levels/mapa2.tmx" was not found!
19:51:24.247 [JavaFX Application Thread] DEBUG LoopRunner           - Stopping loop
19:51:24.249 [JavaFX Application Thread] FATAL FXGLApplication      - Uncaught Exception:
java.lang.RuntimeException: Initialization failed
	at com.almasb.fxgl.app.FXGLApplication$InitAppTask.failed(FXGLApplication.kt:347)
	at javafx.concurrent.Task.setState(Task.java:710)
	at javafx.concurrent.Task$TaskCallable.lambda$call$2(Task.java:1429)
	at com.sun.javafx.application.PlatformImpl.lambda$runLater$10(PlatformImpl.java:456)
	at java.base/java.security.AccessController.doPrivileged(AccessController.java:138)
	at com.sun.javafx.application.PlatformImpl.lambda$runLater$11(PlatformImpl.java:455)
	at com.sun.glass.ui.InvokeLaterDispatcher$Future.run(InvokeLaterDispatcher.java:95)
	at com.sun.glass.ui.win.WinApplication._runLoop(Native Method)
	at com.sun.glass.ui.win.WinApplication.lambda$runLoop$3(WinApplication.java:185)
	at java.base/java.lang.Thread.run(Thread.java:1474)
Caused by: java.lang.IllegalArgumentException: Loading level failed. Asset not found: mapa2.tmx
	at com.almasb.fxgl.app.services.FXGLAssetLoaderService.loadLevel(FXGLAssetLoaderService.kt:446)
	at com.almasb.fxgl.dsl.FXGL$Companion.setLevelFromMap(FXGL.kt:643)
	at com.almasb.fxgl.dsl.FXGL.setLevelFromMap(FXGL.kt)
	at main.java.amongUs.AppPrincipal.initGame(AppPrincipal.java:51)
	at com.almasb.fxgl.app.FXGLApplication$InitAppTask.initGame(FXGLApplication.kt:343)
	at com.almasb.fxgl.app.FXGLApplication$InitAppTask.call(FXGLApplication.kt:321)
	at com.almasb.fxgl.app.FXGLApplication$InitAppTask.call(FXGLApplication.kt:313)
	at javafx.concurrent.Task$TaskCallable.call(Task.java:1399)
	at java.base/java.util.concurrent.FutureTask.run(FutureTask.java:328)
	at java.base/java.util.concurrent.Executors$RunnableAdapter.call(Executors.java:545)
	at java.base/java.util.concurrent.FutureTask.run(FutureTask.java:328)
	at java.base/java.util.concurrent.ThreadPoolExecutor.runWorker(ThreadPoolExecutor.java:1090)
	at java.base/java.util.concurrent.ThreadPoolExecutor$Worker.run(ThreadPoolExecutor.java:614)
	... 1 more

19:51:24.249 [JavaFX Application Thread] FATAL FXGLApplication      - Application will now exit
19:51:24.298 [JavaFX Application Thread] DEBUG PrimaryStageWindow   - Push state: ErrorSubScene
19:51:24.300 [JavaFX Application Thread] DEBUG Input                - Clearing active input actions
19:51:24.308 [JavaFX Application Thread] DEBUG GameApplicationServi - Removing overlay from FXGLLoadingScene and adding to ErrorSubScene
19:51:24.308 [JavaFX Application Thread] DEBUG PrimaryStageWindow   - FXGLLoadingScene -> ErrorSubScene
19:51:24.760 [FXGL Background Thread 2 ] INFO  UpdaterService       - Your current version:  21.1
19:51:24.762 [FXGL Background Thread 2 ] INFO  UpdaterService       - Latest stable version: 25
19:51:26.231 [JavaFX Application Thread] DEBUG FXGLApplication      - Exiting FXGL
19:51:26.231 [JavaFX Application Thread] DEBUG Async                - Shutting down background threads
19:51:26.231 [JavaFX Application Thread] DEBUG PrimaryStageWindow   - Closing main window
19:51:26.277 [JavaFX Application Thread] DEBUG Logger               - Closing Logger
