10:45:07.656 [main                     ] DEBUG Logger               - Configured Logger
10:45:07.684 [main                     ] DEBUG GameApplication      - Logging settings
Title: Among Us UNEG
Version: 0.0
Width: 800
Height: 600
Fullscreen: false
Intro: false
Profiling: false
Single step:false
App Mode: DEVELOPER
Menu Key: ESCAPE
Stage Style: DECORATED
Scene Factory: class com.almasb.fxgl.app.scene.SceneFactory

10:45:08.760 [JavaFX Application Thread] DEBUG FXGLApplication      - Initializing FXGL
10:45:08.766 [JavaFX Application Thread] INFO  Engine               - FXGL-21.1 (26.03.2024 17.33) on WINDOWS (J:25.0.2 FX:21.0.1)
10:45:08.766 [JavaFX Application Thread] DEBUG Engine               - JRE Vendor Name: Oracle Corporation
10:45:08.766 [JavaFX Application Thread] DEBUG Engine               - Running on OS: Windows 11 version 10.0
10:45:08.767 [JavaFX Application Thread] DEBUG Engine               - Architecture: amd64
10:45:08.767 [JavaFX Application Thread] INFO  Engine               - Source code and latest versions at: https://github.com/AlmasB/FXGL
10:45:08.767 [JavaFX Application Thread] INFO  Engine               -       Ask questions and discuss at: https://github.com/AlmasB/FXGL/discussions
10:45:08.768 [JavaFX Application Thread] INFO  Engine               -              Join the FXGL chat at: https://gitter.im/AlmasB/FXGL
10:45:09.034 [JavaFX Application Thread] DEBUG PrimaryStageWindow   - Creating a JavaFX scene
10:45:09.147 [JavaFX Application Thread] DEBUG PrimaryStageWindow   - Target settings size: 800.0 x 600.0
10:45:09.148 [JavaFX Application Thread] DEBUG PrimaryStageWindow   - Scaled scene size:    800.0 x 600.0
10:45:09.148 [JavaFX Application Thread] DEBUG PrimaryStageWindow   - Scaled ratio: (1.0, 1.0)
10:45:09.150 [JavaFX Application Thread] DEBUG PrimaryStageWindow   - Set initial scene to FXGLStartupScene
10:45:09.159 [JavaFX Application Thread] DEBUG PrimaryStageWindow   - Opening main window
10:45:09.339 [JavaFX Application Thread] DEBUG PrimaryStageWindow   - Window border size: (16.0, 39.0)
10:45:09.340 [JavaFX Application Thread] DEBUG PrimaryStageWindow   - Scaled size: 800.0 x 600.0
10:45:09.340 [JavaFX Application Thread] DEBUG PrimaryStageWindow   - Scaled ratio: (1.0, 1.0)
10:45:09.340 [JavaFX Application Thread] DEBUG PrimaryStageWindow   - Scene size: 800.0 x 600.0
10:45:09.340 [JavaFX Application Thread] DEBUG PrimaryStageWindow   - Stage size: 816.0 x 639.0
10:45:09.450 [FXGL Background Thread 1 ] DEBUG Engine               - Initializing environment variables
10:45:09.581 [FXGL Background Thread 1 ] DEBUG FXGLAssetLoaderServi - User app class for loading assets: class main.java.amongUs.AppPrincipal
10:45:09.581 [FXGL Background Thread 1 ] DEBUG GameApplicationServi - Applying CSS: fxgl_dark.css
10:45:09.582 [FXGL Background Thread 1 ] DEBUG FXGLAssetLoaderServi - Loading from file system: jar:file:/C:/Users/josue/OneDrive/Desktop/proyecto%20java/Among%20Us/lib/fxgl-21.1-uber.jar!/fxglassets/ui/css/fxgl_dark.css
10:45:09.693 [FXGL Background Thread 1 ] DEBUG GameApplicationServi - Initializing application scenes
10:45:09.926 [FXGL Background Thread 1 ] DEBUG GameWorld            - Game world initialized
10:45:10.007 [FXGL Background Thread 1 ] DEBUG PhysicsWorld         - Physics world initialized: appHeight=600, physics.ppm=50,0
10:45:10.008 [FXGL Background Thread 1 ] DEBUG PhysicsWorld         - Using strategy: BRUTE_FORCE
10:45:10.016 [FXGL Background Thread 1 ] DEBUG GameScene            - Game scene initialized: 800x600
10:45:10.037 [FXGL Background Thread 1 ] DEBUG FXGL.DefaultMenu     - createMenuBodyGameMenu()
10:45:10.071 [FXGL Background Thread 1 ] DEBUG FXGL.DefaultMenu     - createOptionsMenu()
10:45:10.090 [FXGL Background Thread 1 ] DEBUG FXGLAssetLoaderServi - Loading from file system: jar:file:/C:/Users/josue/OneDrive/Desktop/proyecto%20java/Among%20Us/lib/fxgl-21.1-uber.jar!/fxglassets/textures/particles/smoke.png
10:45:10.261 [FXGL Background Thread 1 ] DEBUG FXGLAssetLoaderServi - Loading from file system: jar:file:/C:/Users/josue/OneDrive/Desktop/proyecto%20java/Among%20Us/lib/fxgl-21.1-uber.jar!/fxglassets/textures/particles/trace_horizontal.png
10:45:10.345 [FXGL Background Thread 1 ] DEBUG GameApplicationServi - Application scenes initialized
10:45:10.368 [FXGL Background Thread 1 ] DEBUG SystemBundleService  - Loading FXGL system data
10:45:10.375 [FXGL Background Thread 1 ] DEBUG FileSystemAccess     - Reading from: C:\Users\josue\OneDrive\Desktop\proyecto java\Among Us\system\fxgl.bundle
10:45:10.389 [FXGL Background Thread 1 ] DEBUG SystemBundleService  - Bundle FXGL: {}
10:45:10.389 [FXGL Background Thread 1 ] DEBUG UpdaterService       - Checking for updates
10:45:10.396 [FXGL Background Thread 1 ] DEBUG FXGLApplication      - Loading default localization
10:45:10.397 [FXGL Background Thread 1 ] DEBUG FXGLAssetLoaderServi - Loading from file system: jar:file:/C:/Users/josue/OneDrive/Desktop/proyecto%20java/Among%20Us/lib/fxgl-21.1-uber.jar!/fxglassets/languages/english.lang
10:45:10.425 [FXGL Background Thread 4 ] DEBUG FXGLApplication      - Loading fonts
10:45:10.427 [FXGL Background Thread 4 ] DEBUG FXGLAssetLoaderServi - Loading from file system: jar:file:/C:/Users/josue/OneDrive/Desktop/proyecto%20java/Among%20Us/lib/fxgl-21.1-uber.jar!/fxglassets/ui/fonts/VarelaRound-Regular.ttf
10:45:10.443 [FXGL Background Thread 1 ] INFO  FXGLApplication      - FXGL initialization took: 0,992 sec
10:45:10.463 [JavaFX Application Thread] DEBUG Input                - Registered new binding: action0 - W
10:45:10.465 [JavaFX Application Thread] DEBUG Input                - Registered new binding: action1 - S
10:45:10.470 [JavaFX Application Thread] DEBUG Input                - Registered new binding: action2 - A
10:45:10.472 [JavaFX Application Thread] DEBUG Input                - Registered new binding: action3 - D
10:45:10.473 [JavaFX Application Thread] DEBUG FXGLAssetLoaderServi - Loading from file system: file:/C:/Users/josue/OneDrive/Desktop/proyecto%20java/Among%20Us/out/production/Among%20Us/assets/textures/icono.png
10:45:10.521 [JavaFX Application Thread] DEBUG FXGLAssetLoaderServi - Loading from file system: jar:file:/C:/Users/josue/OneDrive/Desktop/proyecto%20java/Among%20Us/lib/fxgl-21.1-uber.jar!/fxglassets/textures/fxgl_default_cursor.png
10:45:10.527 [JavaFX Application Thread] DEBUG Input                - Registered new binding: Screenshot - CTRL+8
10:45:10.527 [JavaFX Application Thread] DEBUG Input                - Registered new binding: System info dump - CTRL+9
10:45:10.528 [JavaFX Application Thread] DEBUG Input                - Registered new binding: Restart - CTRL+R
10:45:10.529 [JavaFX Application Thread] DEBUG Input                - Registered new binding: Toggle Debug Camera - CTRL+7
10:45:10.535 [JavaFX Application Thread] DEBUG LoopRunner           - Starting loop
10:45:10.535 [JavaFX Application Thread] DEBUG LoopRunner           - Initializing JavaFX AnimationTimerLoop
10:45:10.537 [JavaFX Application Thread] DEBUG GameApplicationServi - Starting new game
10:45:10.538 [JavaFX Application Thread] DEBUG Input                - Clearing active input actions
10:45:10.635 [JavaFX Application Thread] DEBUG GameApplicationServi - Removing overlay from FXGLStartupScene and adding to FXGLLoadingScene
10:45:10.636 [JavaFX Application Thread] DEBUG PrimaryStageWindow   - FXGLStartupScene -> FXGLLoadingScene
10:45:10.637 [JavaFX Application Thread] DEBUG GameApplicationServi - Clearing previous game
10:45:10.637 [JavaFX Application Thread] DEBUG GameScene            - Clearing game scene
10:45:10.637 [JavaFX Application Thread] DEBUG GameWorld            - Clearing game world
10:45:10.638 [JavaFX Application Thread] DEBUG PhysicsWorld         - Clearing physics world
10:45:10.642 [FXGL Background Thread 1 ] DEBUG FXGLApplication      - Initializing game
10:45:10.677 [FXGL Background Thread 1 ] DEBUG FXGLAssetLoaderServi - Loading from file system: file:/C:/Users/josue/OneDrive/Desktop/proyecto%20java/Among%20Us/out/production/Among%20Us/assets/music/musicaMenu.mp3
10:45:11.226 [FXGL Background Thread 1 ] DEBUG AudioPlayer          - Playing music com.almasb.fxgl.audio.Music@4a8fcdb1
10:45:11.228 [FXGL Background Thread 4 ] DEBUG FXGLAssetLoaderServi - Loading from file system: jar:file:/C:/Users/josue/OneDrive/Desktop/proyecto%20java/Among%20Us/lib/fxgl-21.1-uber.jar!/fxglassets/ui/fonts/Abel-Regular.ttf
10:45:11.242 [FXGL Background Thread 4 ] DEBUG FXGLAssetLoaderServi - Loading from file system: jar:file:/C:/Users/josue/OneDrive/Desktop/proyecto%20java/Among%20Us/lib/fxgl-21.1-uber.jar!/fxglassets/ui/fonts/TerminalLandMono-Regular.otf
10:45:11.252 [FXGL Background Thread 4 ] DEBUG FXGLAssetLoaderServi - Loading from file system: jar:file:/C:/Users/josue/OneDrive/Desktop/proyecto%20java/Among%20Us/lib/fxgl-21.1-uber.jar!/fxglassets/ui/fonts/Courier-Prime.ttf
10:45:11.366 [JavaFX Application Thread] DEBUG FXGLApplication      - Registering font factories with UI factory
10:45:12.287 [FXGL Background Thread 1 ] INFO  FXGLApplication      - Game initialization took: 1,645 sec
10:45:12.430 [JavaFX Application Thread] DEBUG Input                - Clearing active input actions
10:45:12.458 [JavaFX Application Thread] DEBUG GameApplicationServi - Removing overlay from FXGLLoadingScene and adding to GameScene
10:45:12.458 [JavaFX Application Thread] DEBUG PrimaryStageWindow   - FXGLLoadingScene -> GameScene
10:45:12.507 [FXGL Background Thread 2 ] INFO  UpdaterService       - Your current version:  21.1
10:45:12.507 [FXGL Background Thread 2 ] INFO  UpdaterService       - Latest stable version: 25
10:45:13.393 [FXGL Background Thread 3 ] DEBUG Engine               - Logging environment variables
10:45:13.394 [FXGL Background Thread 3 ] DEBUG Engine               - achievements: []
10:45:13.394 [FXGL Background Thread 3 ] DEBUG Engine               - actualHeight: 600.0
10:45:13.394 [FXGL Background Thread 3 ] DEBUG Engine               - actualHeightProperty: ReadOnlyDoubleProperty [value: 600.0]
10:45:13.394 [FXGL Background Thread 3 ] DEBUG Engine               - actualWidth: 800.0
10:45:13.394 [FXGL Background Thread 3 ] DEBUG Engine               - actualWidthProperty: ReadOnlyDoubleProperty [value: 800.0]
10:45:13.394 [FXGL Background Thread 3 ] DEBUG Engine               - appIcon: icono.png
10:45:13.395 [FXGL Background Thread 3 ] DEBUG Engine               - applicationMode: DEVELOPER
10:45:13.395 [FXGL Background Thread 3 ] DEBUG Engine               - cSSList: [fxgl_dark.css]
10:45:13.395 [FXGL Background Thread 3 ] DEBUG Engine               - collisionDetectionStrategy: BRUTE_FORCE
10:45:13.395 [FXGL Background Thread 3 ] DEBUG Engine               - configClass: Optional.empty
10:45:13.395 [FXGL Background Thread 3 ] DEBUG Engine               - credits: []
10:45:13.395 [FXGL Background Thread 3 ] DEBUG Engine               - defaultCursor: CursorInfo(imageName=fxgl_default_cursor.png, hotspotX=7.0, hotspotY=6.0)
10:45:13.395 [FXGL Background Thread 3 ] DEBUG Engine               - devBBoxColorProperty: ObjectProperty [value: 0xff0000ff]
10:45:13.396 [FXGL Background Thread 3 ] DEBUG Engine               - devEnableDebugCameraProperty: BooleanProperty [value: false]
10:45:13.396 [FXGL Background Thread 3 ] DEBUG Engine               - devSensorColorProperty: ObjectProperty [value: 0xffff00ff]
10:45:13.396 [FXGL Background Thread 3 ] DEBUG Engine               - devShowBBoxProperty: BooleanProperty [value: false]
10:45:13.396 [FXGL Background Thread 3 ] DEBUG Engine               - devShowPositionProperty: BooleanProperty [value: false]
10:45:13.396 [FXGL Background Thread 3 ] DEBUG Engine               - enabledMenuItems: []
10:45:13.396 [FXGL Background Thread 3 ] DEBUG Engine               - engineServices: [class com.almasb.fxgl.app.services.FXGLAssetLoaderService, class com.almasb.fxgl.app.FXGLApplication$GameApplicationService, class com.almasb.fxgl.app.services.FXGLDialogService, class com.almasb.fxgl.app.services.IOTaskExecutorService, class com.almasb.fxgl.io.FileSystemService, class com.almasb.fxgl.localization.LocalizationService, class com.almasb.fxgl.app.services.SystemBundleService, class com.almasb.fxgl.profile.SaveLoadService, class com.almasb.fxgl.ui.FXGLUIFactoryServiceProvider, class com.almasb.fxgl.ui.FXGLDialogFactoryServiceProvider, class com.almasb.fxgl.audio.AudioPlayer, class com.almasb.fxgl.notification.impl.NotificationServiceProvider, class com.almasb.fxgl.achievement.AchievementService, class com.almasb.fxgl.cutscene.CutsceneService, class com.almasb.fxgl.minigames.MiniGameService, class com.almasb.fxgl.net.NetService, class com.almasb.fxgl.app.services.UpdaterService, class com.almasb.fxgl.dev.DevService]
10:45:13.396 [FXGL Background Thread 3 ] DEBUG Engine               - fontGame: Abel-Regular.ttf
10:45:13.396 [FXGL Background Thread 3 ] DEBUG Engine               - fontMono: TerminalLandMono-Regular.otf
10:45:13.396 [FXGL Background Thread 3 ] DEBUG Engine               - fontSizeScaleUI: 1.0
10:45:13.396 [FXGL Background Thread 3 ] DEBUG Engine               - fontText: Courier-Prime.ttf
10:45:13.396 [FXGL Background Thread 3 ] DEBUG Engine               - fontUI: VarelaRound-Regular.ttf
10:45:13.396 [FXGL Background Thread 3 ] DEBUG Engine               - fullScreen: BooleanProperty [value: false]
10:45:13.397 [FXGL Background Thread 3 ] DEBUG Engine               - gameDifficulty: MEDIUM
10:45:13.397 [FXGL Background Thread 3 ] DEBUG Engine               - gameDifficultyProperty: ObjectProperty [value: MEDIUM]
10:45:13.397 [FXGL Background Thread 3 ] DEBUG Engine               - globalMusicVolume: 0.5
10:45:13.397 [FXGL Background Thread 3 ] DEBUG Engine               - globalMusicVolumeProperty: DoubleProperty [value: 0.4]
10:45:13.397 [FXGL Background Thread 3 ] DEBUG Engine               - globalSoundVolume: 0.5
10:45:13.397 [FXGL Background Thread 3 ] DEBUG Engine               - globalSoundVolumeProperty: DoubleProperty [value: 0.5]
10:45:13.397 [FXGL Background Thread 3 ] DEBUG Engine               - height: 600
10:45:13.397 [FXGL Background Thread 3 ] DEBUG Engine               - is3D: false
10:45:13.397 [FXGL Background Thread 3 ] DEBUG Engine               - isAndroid: false
10:45:13.397 [FXGL Background Thread 3 ] DEBUG Engine               - isBrowser: false
10:45:13.397 [FXGL Background Thread 3 ] DEBUG Engine               - isClickFeedbackEnabled: false
10:45:13.397 [FXGL Background Thread 3 ] DEBUG Engine               - isCloseConfirmation: false
10:45:13.397 [FXGL Background Thread 3 ] DEBUG Engine               - isDesktop: true
10:45:13.398 [FXGL Background Thread 3 ] DEBUG Engine               - isDeveloperMenuEnabled: false
10:45:13.398 [FXGL Background Thread 3 ] DEBUG Engine               - isEmbedded: false
10:45:13.398 [FXGL Background Thread 3 ] DEBUG Engine               - isEntityPreloadEnabled: true
10:45:13.398 [FXGL Background Thread 3 ] DEBUG Engine               - isExperimentalTiledLargeMap: false
10:45:13.398 [FXGL Background Thread 3 ] DEBUG Engine               - isFileSystemWriteAllowed: true
10:45:13.398 [FXGL Background Thread 3 ] DEBUG Engine               - isFullScreenAllowed: false
10:45:13.398 [FXGL Background Thread 3 ] DEBUG Engine               - isFullScreenFromStart: false
10:45:13.398 [FXGL Background Thread 3 ] DEBUG Engine               - isGameMenuEnabled: true
10:45:13.398 [FXGL Background Thread 3 ] DEBUG Engine               - isIOS: false
10:45:13.398 [FXGL Background Thread 3 ] DEBUG Engine               - isIntroEnabled: false
10:45:13.398 [FXGL Background Thread 3 ] DEBUG Engine               - isLinux: false
10:45:13.398 [FXGL Background Thread 3 ] DEBUG Engine               - isMac: false
10:45:13.398 [FXGL Background Thread 3 ] DEBUG Engine               - isMainMenuEnabled: false
10:45:13.398 [FXGL Background Thread 3 ] DEBUG Engine               - isManualResizeEnabled: false
10:45:13.398 [FXGL Background Thread 3 ] DEBUG Engine               - isMobile: false
10:45:13.398 [FXGL Background Thread 3 ] DEBUG Engine               - isNative: false
10:45:13.398 [FXGL Background Thread 3 ] DEBUG Engine               - isPauseMusicWhenMinimized: true
10:45:13.398 [FXGL Background Thread 3 ] DEBUG Engine               - isPreserveResizeRatio: false
10:45:13.398 [FXGL Background Thread 3 ] DEBUG Engine               - isProfilingEnabled: false
10:45:13.400 [FXGL Background Thread 3 ] DEBUG Engine               - isScaleAffectedOnResize: true
10:45:13.400 [FXGL Background Thread 3 ] DEBUG Engine               - isSingleStep: false
10:45:13.400 [FXGL Background Thread 3 ] DEBUG Engine               - isUserProfileEnabled: false
10:45:13.400 [FXGL Background Thread 3 ] DEBUG Engine               - isWindows: true
10:45:13.400 [FXGL Background Thread 3 ] DEBUG Engine               - language: ObjectProperty [value: ENGLISH]
10:45:13.400 [FXGL Background Thread 3 ] DEBUG Engine               - menuKey: ESCAPE
10:45:13.400 [FXGL Background Thread 3 ] DEBUG Engine               - mouseSensitivity: 0.2
10:45:13.400 [FXGL Background Thread 3 ] DEBUG Engine               - notificationViewClass: class com.almasb.fxgl.notification.view.XboxNotificationView
10:45:13.400 [FXGL Background Thread 3 ] DEBUG Engine               - pixelsPerMeter: 50.0
10:45:13.400 [FXGL Background Thread 3 ] DEBUG Engine               - platform: WINDOWS
10:45:13.400 [FXGL Background Thread 3 ] DEBUG Engine               - prefHeightProperty: ReadOnlyDoubleProperty [value: 600.0]
10:45:13.400 [FXGL Background Thread 3 ] DEBUG Engine               - prefWidthProperty: ReadOnlyDoubleProperty [value: 800.0]
10:45:13.401 [FXGL Background Thread 3 ] DEBUG Engine               - profileDir: profiles/
10:45:13.401 [FXGL Background Thread 3 ] DEBUG Engine               - profileName: StringProperty [value: DEFAULT]
10:45:13.401 [FXGL Background Thread 3 ] DEBUG Engine               - randomSeed: -1
10:45:13.401 [FXGL Background Thread 3 ] DEBUG Engine               - runtimeInfo: RuntimeInfo(platform=WINDOWS, version=21.1, build=26.03.2024 17.33)
10:45:13.401 [FXGL Background Thread 3 ] DEBUG Engine               - saveFileExt: sav
10:45:13.401 [FXGL Background Thread 3 ] DEBUG Engine               - scaledHeightProp$fxgl: DoubleProperty [bound, value: 600.0]
10:45:13.401 [FXGL Background Thread 3 ] DEBUG Engine               - scaledWidthProp$fxgl: DoubleProperty [bound, value: 800.0]
10:45:13.401 [FXGL Background Thread 3 ] DEBUG Engine               - sceneFactory: com.almasb.fxgl.app.scene.SceneFactory@182026bb
10:45:13.402 [FXGL Background Thread 3 ] DEBUG Engine               - secondsIn24h: 60
10:45:13.402 [FXGL Background Thread 3 ] DEBUG Engine               - soundMenuBack: menu/back.wav
10:45:13.402 [FXGL Background Thread 3 ] DEBUG Engine               - soundMenuPress: menu/press.wav
10:45:13.402 [FXGL Background Thread 3 ] DEBUG Engine               - soundMenuSelect: menu/select.wav
10:45:13.402 [FXGL Background Thread 3 ] DEBUG Engine               - soundNotification: core/notification.wav
10:45:13.402 [FXGL Background Thread 3 ] DEBUG Engine               - stageStyle: DECORATED
10:45:13.402 [FXGL Background Thread 3 ] DEBUG Engine               - supportedLanguages: [ENGLISH, FRENCH, GERMAN, HUNGARIAN, RUSSIAN]
10:45:13.402 [FXGL Background Thread 3 ] DEBUG Engine               - ticksPerSecond: -1
10:45:13.402 [FXGL Background Thread 3 ] DEBUG Engine               - title: Among Us UNEG
10:45:13.403 [FXGL Background Thread 3 ] DEBUG Engine               - urlGithub: https://github.com/AlmasB/FXGL
10:45:13.403 [FXGL Background Thread 3 ] DEBUG Engine               - urlLeaderboard: http://fxgl-top.herokuapp.com/
10:45:13.403 [FXGL Background Thread 3 ] DEBUG Engine               - urlPOM: https://raw.githubusercontent.com/AlmasB/FXGL/release/README.md
10:45:13.403 [FXGL Background Thread 3 ] DEBUG Engine               - userAppClass: class main.java.amongUs.AppPrincipal
10:45:13.404 [FXGL Background Thread 3 ] DEBUG Engine               - version: 0.0
10:45:13.404 [FXGL Background Thread 3 ] DEBUG Engine               - versionCheckDays: 7
10:45:13.404 [FXGL Background Thread 3 ] DEBUG Engine               - width: 800
10:45:13.405 [FXGL Background Thread 3 ] DEBUG Engine               - Logging services
10:45:13.405 [FXGL Background Thread 3 ] DEBUG Engine               - class com.almasb.fxgl.app.services.FXGLAssetLoaderService
10:45:13.405 [FXGL Background Thread 3 ] DEBUG Engine               - class com.almasb.fxgl.app.FXGLApplication$GameApplicationService
10:45:13.405 [FXGL Background Thread 3 ] DEBUG Engine               - class com.almasb.fxgl.app.services.FXGLDialogService
10:45:13.405 [FXGL Background Thread 3 ] DEBUG Engine               - class com.almasb.fxgl.app.services.IOTaskExecutorService
10:45:13.405 [FXGL Background Thread 3 ] DEBUG Engine               - class com.almasb.fxgl.io.FileSystemService
10:45:13.405 [FXGL Background Thread 3 ] DEBUG Engine               - class com.almasb.fxgl.localization.LocalizationService
10:45:13.410 [FXGL Background Thread 3 ] DEBUG Engine               - class com.almasb.fxgl.app.services.SystemBundleService
10:45:13.410 [FXGL Background Thread 3 ] DEBUG Engine               - class com.almasb.fxgl.profile.SaveLoadService
10:45:13.410 [FXGL Background Thread 3 ] DEBUG Engine               - class com.almasb.fxgl.ui.FXGLUIFactoryServiceProvider
10:45:13.410 [FXGL Background Thread 3 ] DEBUG Engine               - class com.almasb.fxgl.ui.FXGLDialogFactoryServiceProvider
10:45:13.410 [FXGL Background Thread 3 ] DEBUG Engine               - class com.almasb.fxgl.audio.AudioPlayer
10:45:13.410 [FXGL Background Thread 3 ] DEBUG Engine               - class com.almasb.fxgl.notification.impl.NotificationServiceProvider
10:45:13.410 [FXGL Background Thread 3 ] DEBUG Engine               - class com.almasb.fxgl.achievement.AchievementService
10:45:13.410 [FXGL Background Thread 3 ] DEBUG Engine               - class com.almasb.fxgl.cutscene.CutsceneService
10:45:13.410 [FXGL Background Thread 3 ] DEBUG Engine               - class com.almasb.fxgl.minigames.MiniGameService
10:45:13.410 [FXGL Background Thread 3 ] DEBUG Engine               - class com.almasb.fxgl.net.NetService
10:45:13.410 [FXGL Background Thread 3 ] DEBUG Engine               - class com.almasb.fxgl.app.services.UpdaterService
10:45:13.410 [FXGL Background Thread 3 ] DEBUG Engine               - class com.almasb.fxgl.dev.DevService
10:45:18.473 [JavaFX Application Thread] DEBUG FXGLAssetLoaderServi - Loading from file system: file:/C:/Users/josue/OneDrive/Desktop/proyecto%20java/Among%20Us/out/production/Among%20Us/assets/sounds/clickBoton.wav
10:45:26.276 [JavaFX Application Thread] WARN  TMXLevelLoader       - TiledMap generated from 1.11.2. Supported version: 1.9.0. Some features may not be parsed fully.
10:45:26.753 [JavaFX Application Thread] DEBUG TMXLevelLoader       - Parsed TiledMap: file:/C:/Users/josue/OneDrive/Desktop/proyecto%20java/Among%20Us/out/production/Among%20Us/assets/levels/mapa2.tmx
10:45:26.756 [JavaFX Application Thread] DEBUG TMXLevelLoader       - Creating tile layer entities
10:45:26.758 [JavaFX Application Thread] DEBUG TilesetLoader        - Loading view for layer fondo1
10:45:26.795 [JavaFX Application Thread] DEBUG TilesetLoader        - Created buffer with size 992.0x960.0
10:45:26.834 [JavaFX Application Thread] DEBUG TilesetLoader        - Loading view for layer fondo
10:45:26.835 [JavaFX Application Thread] DEBUG TilesetLoader        - Created buffer with size 992.0x960.0
10:45:26.842 [JavaFX Application Thread] DEBUG TilesetLoader        - Loading view for layer piso
10:45:26.842 [JavaFX Application Thread] DEBUG TilesetLoader        - Created buffer with size 992.0x960.0
10:45:26.850 [JavaFX Application Thread] DEBUG TilesetLoader        - Loading view for layer piso1
10:45:26.851 [JavaFX Application Thread] DEBUG TilesetLoader        - Created buffer with size 992.0x960.0
10:45:26.856 [JavaFX Application Thread] WARN  TilesetLoader        - Diagonally flipped tiles are not currently supported
10:45:26.859 [JavaFX Application Thread] WARN  TilesetLoader        - Diagonally flipped tiles are not currently supported
10:45:26.862 [JavaFX Application Thread] WARN  TilesetLoader        - Diagonally flipped tiles are not currently supported
10:45:26.868 [JavaFX Application Thread] WARN  TilesetLoader        - Diagonally flipped tiles are not currently supported
10:45:26.891 [JavaFX Application Thread] DEBUG TilesetLoader        - Loading view for layer izquierda
10:45:26.892 [JavaFX Application Thread] DEBUG TilesetLoader        - Created buffer with size 992.0x960.0
10:45:26.897 [JavaFX Application Thread] DEBUG TilesetLoader        - Loading view for layer detallesatraspared
10:45:26.898 [JavaFX Application Thread] DEBUG TilesetLoader        - Created buffer with size 992.0x960.0
10:45:26.911 [JavaFX Application Thread] WARN  TilesetLoader        - Diagonally flipped tiles are not currently supported
10:45:26.912 [JavaFX Application Thread] WARN  TilesetLoader        - Diagonally flipped tiles are not currently supported
10:45:26.942 [JavaFX Application Thread] DEBUG TilesetLoader        - Loading view for layer pared2
10:45:26.943 [JavaFX Application Thread] DEBUG TilesetLoader        - Created buffer with size 992.0x960.0
10:45:26.953 [JavaFX Application Thread] DEBUG TilesetLoader        - Loading view for layer techo1
10:45:26.956 [JavaFX Application Thread] DEBUG TilesetLoader        - Created buffer with size 992.0x960.0
10:45:26.960 [JavaFX Application Thread] DEBUG TilesetLoader        - Loading view for layer techo2
10:45:26.962 [JavaFX Application Thread] DEBUG TilesetLoader        - Created buffer with size 992.0x960.0
10:45:26.968 [JavaFX Application Thread] DEBUG TilesetLoader        - Loading view for layer puertita
10:45:26.973 [JavaFX Application Thread] DEBUG TilesetLoader        - Created buffer with size 992.0x960.0
10:45:26.976 [JavaFX Application Thread] DEBUG TilesetLoader        - Loading view for layer puerta
10:45:26.979 [JavaFX Application Thread] DEBUG TilesetLoader        - Created buffer with size 992.0x960.0
10:45:26.983 [JavaFX Application Thread] DEBUG TilesetLoader        - Loading view for layer detalles
10:45:26.985 [JavaFX Application Thread] DEBUG TilesetLoader        - Created buffer with size 992.0x960.0
10:45:27.006 [JavaFX Application Thread] DEBUG TilesetLoader        - Loading view for layer detalles 2
10:45:27.008 [JavaFX Application Thread] DEBUG TilesetLoader        - Created buffer with size 992.0x960.0
10:45:27.027 [JavaFX Application Thread] DEBUG TilesetLoader        - Loading view for layer detalles3
10:45:27.028 [JavaFX Application Thread] DEBUG TilesetLoader        - Created buffer with size 992.0x960.0
10:45:27.046 [JavaFX Application Thread] DEBUG TMXLevelLoader       - Creating object layer entities
10:45:27.113 [JavaFX Application Thread] DEBUG GameWorld            - Clearing removable entities
10:45:27.115 [JavaFX Application Thread] DEBUG GameWorld            - Setting level: com.almasb.fxgl.entity.level.Level@6fa68996
10:45:27.153 [JavaFX Application Thread] DEBUG FXGLAssetLoaderServi - Loading from file system: file:/C:/Users/josue/OneDrive/Desktop/proyecto%20java/Among%20Us/out/production/Among%20Us/assets/textures/tripulante_negro.png
10:45:27.156 [JavaFX Application Thread] DEBUG FXGLAssetLoaderServi - Loading from file system: file:/C:/Users/josue/OneDrive/Desktop/proyecto%20java/Among%20Us/out/production/Among%20Us/assets/textures/animacion_negro.png
10:45:35.190 [JavaFX Application Thread] DEBUG FXGLApplication      - Exiting FXGL
10:45:35.190 [JavaFX Application Thread] DEBUG LoopRunner           - Stopping loop
10:45:35.190 [JavaFX Application Thread] DEBUG SystemBundleService  - Saving FXGL system data
10:45:35.194 [JavaFX Application Thread] DEBUG FileSystemAccess     - Writing to: C:\Users\josue\OneDrive\Desktop\proyecto java\Among Us\system\fxgl.bundle
10:45:35.197 [JavaFX Application Thread] DEBUG Async                - Shutting down background threads
10:45:35.197 [JavaFX Application Thread] DEBUG PrimaryStageWindow   - Closing main window
10:45:35.244 [JavaFX Application Thread] DEBUG Logger               - Closing Logger
