19:47:48.511 [main                     ] DEBUG Logger               - Configured Logger
19:47:48.558 [main                     ] DEBUG GameApplication      - Logging settings
Title: Among Us UNEG
Version: 0.0
Width: 800
Height: 600
Fullscreen: false
Intro: false
Profiling: false
Single step:false
App Mode: DEVELOPER
Menu Key: ESCAPE
Stage Style: DECORATED
Scene Factory: class com.almasb.fxgl.app.scene.SceneFactory

19:47:51.401 [JavaFX Application Thread] DEBUG FXGLApplication      - Initializing FXGL
19:47:51.420 [JavaFX Application Thread] INFO  Engine               - FXGL-21.1 (26.03.2024 17.33) on WINDOWS (J:25.0.2 FX:21.0.1)
19:47:51.422 [JavaFX Application Thread] DEBUG Engine               - JRE Vendor Name: Oracle Corporation
19:47:51.422 [JavaFX Application Thread] DEBUG Engine               - Running on OS: Windows 11 version 10.0
19:47:51.422 [JavaFX Application Thread] DEBUG Engine               - Architecture: amd64
19:47:51.422 [JavaFX Application Thread] INFO  Engine               - Source code and latest versions at: https://github.com/AlmasB/FXGL
19:47:51.424 [JavaFX Application Thread] INFO  Engine               -       Ask questions and discuss at: https://github.com/AlmasB/FXGL/discussions
19:47:51.424 [JavaFX Application Thread] INFO  Engine               -              Join the FXGL chat at: https://gitter.im/AlmasB/FXGL
19:47:51.994 [JavaFX Application Thread] DEBUG PrimaryStageWindow   - Creating a JavaFX scene
19:47:54.118 [JavaFX Application Thread] DEBUG PrimaryStageWindow   - Target settings size: 800.0 x 600.0
19:47:54.119 [JavaFX Application Thread] DEBUG PrimaryStageWindow   - Scaled scene size:    800.0 x 600.0
19:47:54.119 [JavaFX Application Thread] DEBUG PrimaryStageWindow   - Scaled ratio: (1.0, 1.0)
19:47:54.120 [JavaFX Application Thread] DEBUG PrimaryStageWindow   - Set initial scene to FXGLStartupScene
19:47:54.128 [JavaFX Application Thread] DEBUG PrimaryStageWindow   - Opening main window
19:47:54.737 [JavaFX Application Thread] DEBUG PrimaryStageWindow   - Window border size: (16.0, 39.0)
19:47:54.737 [JavaFX Application Thread] DEBUG PrimaryStageWindow   - Scaled size: 800.0 x 600.0
19:47:54.738 [JavaFX Application Thread] DEBUG PrimaryStageWindow   - Scaled ratio: (1.0, 1.0)
19:47:54.738 [JavaFX Application Thread] DEBUG PrimaryStageWindow   - Scene size: 800.0 x 600.0
19:47:54.739 [JavaFX Application Thread] DEBUG PrimaryStageWindow   - Stage size: 816.0 x 639.0
19:47:54.804 [FXGL Background Thread 1 ] DEBUG Engine               - Initializing environment variables
19:47:55.500 [FXGL Background Thread 1 ] DEBUG FXGLAssetLoaderServi - User app class for loading assets: class main.java.amongUs.AppPrincipal
19:47:55.501 [FXGL Background Thread 1 ] DEBUG GameApplicationServi - Applying CSS: fxgl_dark.css
19:47:55.502 [FXGL Background Thread 1 ] DEBUG FXGLAssetLoaderServi - Loading from file system: jar:file:/C:/Users/josue/OneDrive/Desktop/proyecto%20java/Among%20Us/lib/fxgl-21.1-uber.jar!/fxglassets/ui/css/fxgl_dark.css
19:47:56.252 [FXGL Background Thread 1 ] DEBUG GameApplicationServi - Initializing application scenes
19:47:56.608 [FXGL Background Thread 1 ] DEBUG GameWorld            - Game world initialized
19:47:56.710 [FXGL Background Thread 1 ] DEBUG PhysicsWorld         - Physics world initialized: appHeight=600, physics.ppm=50,0
19:47:56.710 [FXGL Background Thread 1 ] DEBUG PhysicsWorld         - Using strategy: BRUTE_FORCE
19:47:56.724 [FXGL Background Thread 1 ] DEBUG GameScene            - Game scene initialized: 800x600
19:47:56.745 [FXGL Background Thread 1 ] DEBUG FXGL.DefaultMenu     - createMenuBodyGameMenu()
19:47:56.777 [FXGL Background Thread 1 ] DEBUG FXGL.DefaultMenu     - createOptionsMenu()
19:47:56.807 [FXGL Background Thread 1 ] DEBUG FXGLAssetLoaderServi - Loading from file system: jar:file:/C:/Users/josue/OneDrive/Desktop/proyecto%20java/Among%20Us/lib/fxgl-21.1-uber.jar!/fxglassets/textures/particles/smoke.png
19:47:57.084 [FXGL Background Thread 1 ] DEBUG FXGLAssetLoaderServi - Loading from file system: jar:file:/C:/Users/josue/OneDrive/Desktop/proyecto%20java/Among%20Us/lib/fxgl-21.1-uber.jar!/fxglassets/textures/particles/trace_horizontal.png
19:47:57.169 [FXGL Background Thread 1 ] DEBUG GameApplicationServi - Application scenes initialized
19:47:57.200 [FXGL Background Thread 1 ] DEBUG SystemBundleService  - Loading FXGL system data
19:47:57.209 [FXGL Background Thread 1 ] DEBUG FileSystemAccess     - Reading from: C:\Users\josue\OneDrive\Desktop\proyecto java\Among Us\system\fxgl.bundle
19:47:57.220 [FXGL Background Thread 1 ] DEBUG SystemBundleService  - Bundle FXGL: {}
19:47:57.220 [FXGL Background Thread 1 ] DEBUG UpdaterService       - Checking for updates
19:47:57.237 [FXGL Background Thread 1 ] DEBUG FXGLApplication      - Loading default localization
19:47:57.238 [FXGL Background Thread 1 ] DEBUG FXGLAssetLoaderServi - Loading from file system: jar:file:/C:/Users/josue/OneDrive/Desktop/proyecto%20java/Among%20Us/lib/fxgl-21.1-uber.jar!/fxglassets/languages/english.lang
19:47:57.247 [FXGL Background Thread 4 ] DEBUG FXGLApplication      - Loading fonts
19:47:57.249 [FXGL Background Thread 4 ] DEBUG FXGLAssetLoaderServi - Loading from file system: jar:file:/C:/Users/josue/OneDrive/Desktop/proyecto%20java/Among%20Us/lib/fxgl-21.1-uber.jar!/fxglassets/ui/fonts/VarelaRound-Regular.ttf
19:47:57.320 [FXGL Background Thread 1 ] INFO  FXGLApplication      - FXGL initialization took: 2,517 sec
19:47:57.360 [JavaFX Application Thread] DEBUG Input                - Registered new binding: action0 - W
19:47:57.362 [JavaFX Application Thread] DEBUG Input                - Registered new binding: action1 - S
19:47:57.365 [JavaFX Application Thread] DEBUG Input                - Registered new binding: action2 - A
19:47:57.371 [JavaFX Application Thread] DEBUG Input                - Registered new binding: action3 - D
19:47:57.378 [JavaFX Application Thread] DEBUG FXGLAssetLoaderServi - Loading from file system: file:/C:/Users/josue/OneDrive/Desktop/proyecto%20java/Among%20Us/out/production/Among%20Us/assets/textures/icono.png
19:47:57.474 [JavaFX Application Thread] DEBUG FXGLAssetLoaderServi - Loading from file system: jar:file:/C:/Users/josue/OneDrive/Desktop/proyecto%20java/Among%20Us/lib/fxgl-21.1-uber.jar!/fxglassets/textures/fxgl_default_cursor.png
19:47:57.504 [JavaFX Application Thread] DEBUG Input                - Registered new binding: Screenshot - CTRL+8
19:47:57.507 [JavaFX Application Thread] DEBUG Input                - Registered new binding: System info dump - CTRL+9
19:47:57.508 [JavaFX Application Thread] DEBUG Input                - Registered new binding: Restart - CTRL+R
19:47:57.510 [JavaFX Application Thread] DEBUG Input                - Registered new binding: Toggle Debug Camera - CTRL+7
19:47:57.517 [JavaFX Application Thread] DEBUG LoopRunner           - Starting loop
19:47:57.517 [JavaFX Application Thread] DEBUG LoopRunner           - Initializing JavaFX AnimationTimerLoop
19:47:57.527 [JavaFX Application Thread] DEBUG GameApplicationServi - Starting new game
19:47:57.529 [JavaFX Application Thread] DEBUG Input                - Clearing active input actions
19:47:57.611 [JavaFX Application Thread] DEBUG GameApplicationServi - Removing overlay from FXGLStartupScene and adding to FXGLLoadingScene
19:47:57.617 [JavaFX Application Thread] DEBUG PrimaryStageWindow   - FXGLStartupScene -> FXGLLoadingScene
19:47:57.617 [JavaFX Application Thread] DEBUG GameApplicationServi - Clearing previous game
19:47:57.617 [JavaFX Application Thread] DEBUG GameScene            - Clearing game scene
19:47:57.618 [JavaFX Application Thread] DEBUG GameWorld            - Clearing game world
19:47:57.618 [JavaFX Application Thread] DEBUG PhysicsWorld         - Clearing physics world
19:47:57.627 [FXGL Background Thread 1 ] DEBUG FXGLApplication      - Initializing game
19:47:57.643 [FXGL Background Thread 1 ] DEBUG FXGLAssetLoaderServi - Loading from file system: file:/C:/Users/josue/OneDrive/Desktop/proyecto%20java/Among%20Us/out/production/Among%20Us/assets/music/musicaMenu.mp3
19:47:58.203 [FXGL Background Thread 1 ] DEBUG AudioPlayer          - Playing music com.almasb.fxgl.audio.Music@76c0f782
19:47:59.099 [FXGL Background Thread 1 ] INFO  FXGLApplication      - Game initialization took: 1,473 sec
19:47:59.244 [FXGL Background Thread 4 ] DEBUG FXGLAssetLoaderServi - Loading from file system: jar:file:/C:/Users/josue/OneDrive/Desktop/proyecto%20java/Among%20Us/lib/fxgl-21.1-uber.jar!/fxglassets/ui/fonts/Abel-Regular.ttf
19:47:59.275 [FXGL Background Thread 4 ] DEBUG FXGLAssetLoaderServi - Loading from file system: jar:file:/C:/Users/josue/OneDrive/Desktop/proyecto%20java/Among%20Us/lib/fxgl-21.1-uber.jar!/fxglassets/ui/fonts/TerminalLandMono-Regular.otf
19:47:59.350 [FXGL Background Thread 4 ] DEBUG FXGLAssetLoaderServi - Loading from file system: jar:file:/C:/Users/josue/OneDrive/Desktop/proyecto%20java/Among%20Us/lib/fxgl-21.1-uber.jar!/fxglassets/ui/fonts/Courier-Prime.ttf
19:48:00.232 [FXGL Background Thread 3 ] DEBUG Engine               - Logging environment variables
19:48:00.233 [FXGL Background Thread 3 ] DEBUG Engine               - achievements: []
19:48:00.233 [FXGL Background Thread 3 ] DEBUG Engine               - actualHeight: 600.0
19:48:00.234 [FXGL Background Thread 3 ] DEBUG Engine               - actualHeightProperty: ReadOnlyDoubleProperty [value: 600.0]
19:48:00.234 [FXGL Background Thread 3 ] DEBUG Engine               - actualWidth: 800.0
19:48:00.234 [FXGL Background Thread 3 ] DEBUG Engine               - actualWidthProperty: ReadOnlyDoubleProperty [value: 800.0]
19:48:00.236 [FXGL Background Thread 3 ] DEBUG Engine               - appIcon: icono.png
19:48:00.237 [FXGL Background Thread 3 ] DEBUG Engine               - applicationMode: DEVELOPER
19:48:00.237 [FXGL Background Thread 3 ] DEBUG Engine               - cSSList: [fxgl_dark.css]
19:48:00.237 [FXGL Background Thread 3 ] DEBUG Engine               - collisionDetectionStrategy: BRUTE_FORCE
19:48:00.237 [FXGL Background Thread 3 ] DEBUG Engine               - configClass: Optional.empty
19:48:00.237 [FXGL Background Thread 3 ] DEBUG Engine               - credits: []
19:48:00.237 [FXGL Background Thread 3 ] DEBUG Engine               - defaultCursor: CursorInfo(imageName=fxgl_default_cursor.png, hotspotX=7.0, hotspotY=6.0)
19:48:00.239 [FXGL Background Thread 3 ] DEBUG Engine               - devBBoxColorProperty: ObjectProperty [value: 0xff0000ff]
19:48:00.239 [FXGL Background Thread 3 ] DEBUG Engine               - devEnableDebugCameraProperty: BooleanProperty [value: false]
19:48:00.241 [FXGL Background Thread 3 ] DEBUG Engine               - devSensorColorProperty: ObjectProperty [value: 0xffff00ff]
19:48:00.241 [FXGL Background Thread 3 ] DEBUG Engine               - devShowBBoxProperty: BooleanProperty [value: false]
19:48:00.241 [FXGL Background Thread 3 ] DEBUG Engine               - devShowPositionProperty: BooleanProperty [value: false]
19:48:00.241 [FXGL Background Thread 3 ] DEBUG Engine               - enabledMenuItems: []
19:48:00.241 [FXGL Background Thread 3 ] DEBUG Engine               - engineServices: [class com.almasb.fxgl.app.services.FXGLAssetLoaderService, class com.almasb.fxgl.app.FXGLApplication$GameApplicationService, class com.almasb.fxgl.app.services.FXGLDialogService, class com.almasb.fxgl.app.services.IOTaskExecutorService, class com.almasb.fxgl.io.FileSystemService, class com.almasb.fxgl.localization.LocalizationService, class com.almasb.fxgl.app.services.SystemBundleService, class com.almasb.fxgl.profile.SaveLoadService, class com.almasb.fxgl.ui.FXGLUIFactoryServiceProvider, class com.almasb.fxgl.ui.FXGLDialogFactoryServiceProvider, class com.almasb.fxgl.audio.AudioPlayer, class com.almasb.fxgl.notification.impl.NotificationServiceProvider, class com.almasb.fxgl.achievement.AchievementService, class com.almasb.fxgl.cutscene.CutsceneService, class com.almasb.fxgl.minigames.MiniGameService, class com.almasb.fxgl.net.NetService, class com.almasb.fxgl.app.services.UpdaterService, class com.almasb.fxgl.dev.DevService]
19:48:00.241 [FXGL Background Thread 3 ] DEBUG Engine               - fontGame: Abel-Regular.ttf
19:48:00.242 [FXGL Background Thread 3 ] DEBUG Engine               - fontMono: TerminalLandMono-Regular.otf
19:48:00.242 [FXGL Background Thread 3 ] DEBUG Engine               - fontSizeScaleUI: 1.0
19:48:00.242 [FXGL Background Thread 3 ] DEBUG Engine               - fontText: Courier-Prime.ttf
19:48:00.242 [FXGL Background Thread 3 ] DEBUG Engine               - fontUI: VarelaRound-Regular.ttf
19:48:00.242 [FXGL Background Thread 3 ] DEBUG Engine               - fullScreen: BooleanProperty [value: false]
19:48:00.242 [FXGL Background Thread 3 ] DEBUG Engine               - gameDifficulty: MEDIUM
19:48:00.242 [FXGL Background Thread 3 ] DEBUG Engine               - gameDifficultyProperty: ObjectProperty [value: MEDIUM]
19:48:00.242 [FXGL Background Thread 3 ] DEBUG Engine               - globalMusicVolume: 0.5
19:48:00.242 [FXGL Background Thread 3 ] DEBUG Engine               - globalMusicVolumeProperty: DoubleProperty [value: 0.4]
19:48:00.242 [FXGL Background Thread 3 ] DEBUG Engine               - globalSoundVolume: 0.5
19:48:00.242 [FXGL Background Thread 3 ] DEBUG Engine               - globalSoundVolumeProperty: DoubleProperty [value: 0.5]
19:48:00.242 [FXGL Background Thread 3 ] DEBUG Engine               - height: 600
19:48:00.242 [FXGL Background Thread 3 ] DEBUG Engine               - is3D: false
19:48:00.242 [FXGL Background Thread 3 ] DEBUG Engine               - isAndroid: false
19:48:00.242 [FXGL Background Thread 3 ] DEBUG Engine               - isBrowser: false
19:48:00.242 [FXGL Background Thread 3 ] DEBUG Engine               - isClickFeedbackEnabled: false
19:48:00.243 [FXGL Background Thread 3 ] DEBUG Engine               - isCloseConfirmation: false
19:48:00.243 [FXGL Background Thread 3 ] DEBUG Engine               - isDesktop: true
19:48:00.243 [FXGL Background Thread 3 ] DEBUG Engine               - isDeveloperMenuEnabled: false
19:48:00.243 [FXGL Background Thread 3 ] DEBUG Engine               - isEmbedded: false
19:48:00.243 [FXGL Background Thread 3 ] DEBUG Engine               - isEntityPreloadEnabled: true
19:48:00.243 [FXGL Background Thread 3 ] DEBUG Engine               - isExperimentalTiledLargeMap: false
19:48:00.243 [FXGL Background Thread 3 ] DEBUG Engine               - isFileSystemWriteAllowed: true
19:48:00.243 [FXGL Background Thread 3 ] DEBUG Engine               - isFullScreenAllowed: false
19:48:00.243 [FXGL Background Thread 3 ] DEBUG Engine               - isFullScreenFromStart: false
19:48:00.243 [FXGL Background Thread 3 ] DEBUG Engine               - isGameMenuEnabled: true
19:48:00.243 [FXGL Background Thread 3 ] DEBUG Engine               - isIOS: false
19:48:00.243 [FXGL Background Thread 3 ] DEBUG Engine               - isIntroEnabled: false
19:48:00.243 [FXGL Background Thread 3 ] DEBUG Engine               - isLinux: false
19:48:00.243 [FXGL Background Thread 3 ] DEBUG Engine               - isMac: false
19:48:00.243 [FXGL Background Thread 3 ] DEBUG Engine               - isMainMenuEnabled: false
19:48:00.245 [FXGL Background Thread 3 ] DEBUG Engine               - isManualResizeEnabled: false
19:48:00.245 [FXGL Background Thread 3 ] DEBUG Engine               - isMobile: false
19:48:00.245 [FXGL Background Thread 3 ] DEBUG Engine               - isNative: false
19:48:00.245 [FXGL Background Thread 3 ] DEBUG Engine               - isPauseMusicWhenMinimized: true
19:48:00.245 [FXGL Background Thread 3 ] DEBUG Engine               - isPreserveResizeRatio: false
19:48:00.245 [FXGL Background Thread 3 ] DEBUG Engine               - isProfilingEnabled: false
19:48:00.247 [FXGL Background Thread 3 ] DEBUG Engine               - isScaleAffectedOnResize: true
19:48:00.247 [FXGL Background Thread 3 ] DEBUG Engine               - isSingleStep: false
19:48:00.247 [FXGL Background Thread 3 ] DEBUG Engine               - isUserProfileEnabled: false
19:48:00.247 [FXGL Background Thread 3 ] DEBUG Engine               - isWindows: true
19:48:00.247 [FXGL Background Thread 3 ] DEBUG Engine               - language: ObjectProperty [value: ENGLISH]
19:48:00.247 [FXGL Background Thread 3 ] DEBUG Engine               - menuKey: ESCAPE
19:48:00.247 [FXGL Background Thread 3 ] DEBUG Engine               - mouseSensitivity: 0.2
19:48:00.247 [FXGL Background Thread 3 ] DEBUG Engine               - notificationViewClass: class com.almasb.fxgl.notification.view.XboxNotificationView
19:48:00.247 [FXGL Background Thread 3 ] DEBUG Engine               - pixelsPerMeter: 50.0
19:48:00.247 [FXGL Background Thread 3 ] DEBUG Engine               - platform: WINDOWS
19:48:00.248 [FXGL Background Thread 3 ] DEBUG Engine               - prefHeightProperty: ReadOnlyDoubleProperty [value: 600.0]
19:48:00.248 [FXGL Background Thread 3 ] DEBUG Engine               - prefWidthProperty: ReadOnlyDoubleProperty [value: 800.0]
19:48:00.248 [FXGL Background Thread 3 ] DEBUG Engine               - profileDir: profiles/
19:48:00.248 [FXGL Background Thread 3 ] DEBUG Engine               - profileName: StringProperty [value: DEFAULT]
19:48:00.248 [FXGL Background Thread 3 ] DEBUG Engine               - randomSeed: -1
19:48:00.248 [FXGL Background Thread 3 ] DEBUG Engine               - runtimeInfo: RuntimeInfo(platform=WINDOWS, version=21.1, build=26.03.2024 17.33)
19:48:00.248 [FXGL Background Thread 3 ] DEBUG Engine               - saveFileExt: sav
19:48:00.248 [FXGL Background Thread 3 ] DEBUG Engine               - scaledHeightProp$fxgl: DoubleProperty [bound, value: 600.0]
19:48:00.249 [FXGL Background Thread 3 ] DEBUG Engine               - scaledWidthProp$fxgl: DoubleProperty [bound, value: 800.0]
19:48:00.249 [FXGL Background Thread 3 ] DEBUG Engine               - sceneFactory: com.almasb.fxgl.app.scene.SceneFactory@5100ca5b
19:48:00.249 [FXGL Background Thread 3 ] DEBUG Engine               - secondsIn24h: 60
19:48:00.249 [FXGL Background Thread 3 ] DEBUG Engine               - soundMenuBack: menu/back.wav
19:48:00.249 [FXGL Background Thread 3 ] DEBUG Engine               - soundMenuPress: menu/press.wav
19:48:00.249 [FXGL Background Thread 3 ] DEBUG Engine               - soundMenuSelect: menu/select.wav
19:48:00.249 [FXGL Background Thread 3 ] DEBUG Engine               - soundNotification: core/notification.wav
19:48:00.250 [FXGL Background Thread 3 ] DEBUG Engine               - stageStyle: DECORATED
19:48:00.250 [FXGL Background Thread 3 ] DEBUG Engine               - supportedLanguages: [ENGLISH, FRENCH, GERMAN, HUNGARIAN, RUSSIAN]
19:48:00.250 [FXGL Background Thread 3 ] DEBUG Engine               - ticksPerSecond: -1
19:48:00.250 [FXGL Background Thread 3 ] DEBUG Engine               - title: Among Us UNEG
19:48:00.250 [FXGL Background Thread 3 ] DEBUG Engine               - urlGithub: https://github.com/AlmasB/FXGL
19:48:00.250 [FXGL Background Thread 3 ] DEBUG Engine               - urlLeaderboard: http://fxgl-top.herokuapp.com/
19:48:00.250 [FXGL Background Thread 3 ] DEBUG Engine               - urlPOM: https://raw.githubusercontent.com/AlmasB/FXGL/release/README.md
19:48:00.250 [FXGL Background Thread 3 ] DEBUG Engine               - userAppClass: class main.java.amongUs.AppPrincipal
19:48:00.250 [FXGL Background Thread 3 ] DEBUG Engine               - version: 0.0
19:48:00.250 [FXGL Background Thread 3 ] DEBUG Engine               - versionCheckDays: 7
19:48:00.250 [FXGL Background Thread 3 ] DEBUG Engine               - width: 800
19:48:00.250 [FXGL Background Thread 3 ] DEBUG Engine               - Logging services
19:48:00.250 [FXGL Background Thread 3 ] DEBUG Engine               - class com.almasb.fxgl.app.services.FXGLAssetLoaderService
19:48:00.250 [FXGL Background Thread 3 ] DEBUG Engine               - class com.almasb.fxgl.app.FXGLApplication$GameApplicationService
19:48:00.250 [FXGL Background Thread 3 ] DEBUG Engine               - class com.almasb.fxgl.app.services.FXGLDialogService
19:48:00.250 [FXGL Background Thread 3 ] DEBUG Engine               - class com.almasb.fxgl.app.services.IOTaskExecutorService
19:48:00.250 [FXGL Background Thread 3 ] DEBUG Engine               - class com.almasb.fxgl.io.FileSystemService
19:48:00.250 [FXGL Background Thread 3 ] DEBUG Engine               - class com.almasb.fxgl.localization.LocalizationService
19:48:00.250 [FXGL Background Thread 3 ] DEBUG Engine               - class com.almasb.fxgl.app.services.SystemBundleService
19:48:00.250 [FXGL Background Thread 3 ] DEBUG Engine               - class com.almasb.fxgl.profile.SaveLoadService
19:48:00.250 [FXGL Background Thread 3 ] DEBUG Engine               - class com.almasb.fxgl.ui.FXGLUIFactoryServiceProvider
19:48:00.250 [FXGL Background Thread 3 ] DEBUG Engine               - class com.almasb.fxgl.ui.FXGLDialogFactoryServiceProvider
19:48:00.251 [FXGL Background Thread 3 ] DEBUG Engine               - class com.almasb.fxgl.audio.AudioPlayer
19:48:00.251 [FXGL Background Thread 3 ] DEBUG Engine               - class com.almasb.fxgl.notification.impl.NotificationServiceProvider
19:48:00.251 [FXGL Background Thread 3 ] DEBUG Engine               - class com.almasb.fxgl.achievement.AchievementService
19:48:00.251 [FXGL Background Thread 3 ] DEBUG Engine               - class com.almasb.fxgl.cutscene.CutsceneService
19:48:00.251 [FXGL Background Thread 3 ] DEBUG Engine               - class com.almasb.fxgl.minigames.MiniGameService
19:48:00.251 [FXGL Background Thread 3 ] DEBUG Engine               - class com.almasb.fxgl.net.NetService
19:48:00.251 [FXGL Background Thread 3 ] DEBUG Engine               - class com.almasb.fxgl.app.services.UpdaterService
19:48:00.251 [FXGL Background Thread 3 ] DEBUG Engine               - class com.almasb.fxgl.dev.DevService
19:48:00.341 [FXGL Background Thread 2 ] INFO  UpdaterService       - Your current version:  21.1
19:48:00.342 [FXGL Background Thread 2 ] INFO  UpdaterService       - Latest stable version: 25
19:48:00.517 [JavaFX Application Thread] DEBUG Input                - Clearing active input actions
19:48:00.559 [JavaFX Application Thread] DEBUG GameApplicationServi - Removing overlay from FXGLLoadingScene and adding to GameScene
19:48:00.560 [JavaFX Application Thread] DEBUG PrimaryStageWindow   - FXGLLoadingScene -> GameScene
19:48:00.560 [JavaFX Application Thread] DEBUG FXGLApplication      - Registering font factories with UI factory
19:48:01.577 [JavaFX Application Thread] DEBUG FXGLAssetLoaderServi - Loading from file system: file:/C:/Users/josue/OneDrive/Desktop/proyecto%20java/Among%20Us/out/production/Among%20Us/assets/sounds/clickBoton.wav
19:48:07.671 [JavaFX Application Thread] WARN  TMXLevelLoader       - TiledMap generated from 1.11.2. Supported version: 1.9.0. Some features may not be parsed fully.
19:48:07.801 [JavaFX Application Thread] DEBUG TMXLevelLoader       - Parsed TiledMap: file:/C:/Users/josue/OneDrive/Desktop/proyecto%20java/Among%20Us/out/production/Among%20Us/assets/levels/mapa2.tmx
19:48:07.803 [JavaFX Application Thread] DEBUG TMXLevelLoader       - Creating tile layer entities
19:48:07.812 [JavaFX Application Thread] DEBUG TilesetLoader        - Loading view for layer fondo1
19:48:07.814 [JavaFX Application Thread] DEBUG TilesetLoader        - Created buffer with size 992.0x960.0
19:48:07.851 [JavaFX Application Thread] DEBUG TilesetLoader        - Loading view for layer fondo
19:48:07.852 [JavaFX Application Thread] DEBUG TilesetLoader        - Created buffer with size 992.0x960.0
19:48:07.858 [JavaFX Application Thread] DEBUG TilesetLoader        - Loading view for layer piso
19:48:07.859 [JavaFX Application Thread] DEBUG TilesetLoader        - Created buffer with size 992.0x960.0
19:48:07.868 [JavaFX Application Thread] DEBUG TilesetLoader        - Loading view for layer piso1
19:48:07.869 [JavaFX Application Thread] DEBUG TilesetLoader        - Created buffer with size 992.0x960.0
19:48:07.880 [JavaFX Application Thread] WARN  TilesetLoader        - Diagonally flipped tiles are not currently supported
19:48:07.882 [JavaFX Application Thread] WARN  TilesetLoader        - Diagonally flipped tiles are not currently supported
19:48:07.901 [JavaFX Application Thread] WARN  TilesetLoader        - Diagonally flipped tiles are not currently supported
19:48:07.929 [JavaFX Application Thread] WARN  TilesetLoader        - Diagonally flipped tiles are not currently supported
19:48:07.937 [JavaFX Application Thread] DEBUG TilesetLoader        - Loading view for layer izquierda
19:48:07.937 [JavaFX Application Thread] DEBUG TilesetLoader        - Created buffer with size 992.0x960.0
19:48:07.960 [JavaFX Application Thread] DEBUG TilesetLoader        - Loading view for layer detallesatraspared
19:48:07.961 [JavaFX Application Thread] DEBUG TilesetLoader        - Created buffer with size 992.0x960.0
19:48:07.981 [JavaFX Application Thread] WARN  TilesetLoader        - Diagonally flipped tiles are not currently supported
19:48:07.984 [JavaFX Application Thread] WARN  TilesetLoader        - Diagonally flipped tiles are not currently supported
19:48:08.032 [JavaFX Application Thread] DEBUG TilesetLoader        - Loading view for layer pared2
19:48:08.034 [JavaFX Application Thread] DEBUG TilesetLoader        - Created buffer with size 992.0x960.0
19:48:08.087 [JavaFX Application Thread] DEBUG TilesetLoader        - Loading view for layer techo1
19:48:08.089 [JavaFX Application Thread] DEBUG TilesetLoader        - Created buffer with size 992.0x960.0
19:48:08.128 [JavaFX Application Thread] DEBUG TilesetLoader        - Loading view for layer techo2
19:48:08.130 [JavaFX Application Thread] DEBUG TilesetLoader        - Created buffer with size 992.0x960.0
19:48:08.192 [JavaFX Application Thread] DEBUG TilesetLoader        - Loading view for layer puertita
19:48:08.194 [JavaFX Application Thread] DEBUG TilesetLoader        - Created buffer with size 992.0x960.0
19:48:08.200 [JavaFX Application Thread] DEBUG TilesetLoader        - Loading view for layer puerta
19:48:08.203 [JavaFX Application Thread] DEBUG TilesetLoader        - Created buffer with size 992.0x960.0
19:48:08.208 [JavaFX Application Thread] DEBUG TilesetLoader        - Loading view for layer detalles
19:48:08.217 [JavaFX Application Thread] DEBUG TilesetLoader        - Created buffer with size 992.0x960.0
19:48:08.253 [JavaFX Application Thread] DEBUG TilesetLoader        - Loading view for layer detalles 2
19:48:08.255 [JavaFX Application Thread] DEBUG TilesetLoader        - Created buffer with size 992.0x960.0
19:48:08.282 [JavaFX Application Thread] DEBUG TilesetLoader        - Loading view for layer detalles3
19:48:08.288 [JavaFX Application Thread] DEBUG TilesetLoader        - Created buffer with size 992.0x960.0
19:48:08.560 [JavaFX Application Thread] DEBUG TMXLevelLoader       - Creating object layer entities
19:48:08.645 [JavaFX Application Thread] DEBUG GameWorld            - Clearing removable entities
19:48:08.648 [JavaFX Application Thread] DEBUG GameWorld            - Setting level: com.almasb.fxgl.entity.level.Level@7e4bfd2
19:48:08.694 [JavaFX Application Thread] DEBUG FXGLAssetLoaderServi - Loading from file system: file:/C:/Users/josue/OneDrive/Desktop/proyecto%20java/Among%20Us/out/production/Among%20Us/assets/textures/tripulante_negro.png
19:48:08.696 [JavaFX Application Thread] DEBUG FXGLAssetLoaderServi - Loading from file system: file:/C:/Users/josue/OneDrive/Desktop/proyecto%20java/Among%20Us/out/production/Among%20Us/assets/textures/animacion_negro.png
19:48:20.460 [JavaFX Application Thread] DEBUG PrimaryStageWindow   - Push state: FXGLDefaultMenu
19:48:20.469 [JavaFX Application Thread] DEBUG Input                - Clearing active input actions
19:48:20.473 [JavaFX Application Thread] DEBUG GameApplicationServi - Removing overlay from GameScene and adding to FXGLDefaultMenu
19:48:20.473 [JavaFX Application Thread] DEBUG PrimaryStageWindow   - GameScene -> FXGLDefaultMenu
19:48:21.729 [JavaFX Application Thread] DEBUG Menu                 - fireExit()
19:48:21.741 [JavaFX Application Thread] DEBUG PrimaryStageWindow   - Push state: DialogSubScene
19:48:21.742 [JavaFX Application Thread] DEBUG Input                - Clearing active input actions
19:48:21.742 [JavaFX Application Thread] DEBUG GameApplicationServi - Removing overlay from FXGLDefaultMenu and adding to DialogSubScene
19:48:21.743 [JavaFX Application Thread] DEBUG PrimaryStageWindow   - FXGLDefaultMenu -> DialogSubScene
19:48:22.629 [JavaFX Application Thread] DEBUG PrimaryStageWindow   - Pop state: DialogSubScene
19:48:22.630 [JavaFX Application Thread] DEBUG Input                - Clearing active input actions
19:48:22.637 [JavaFX Application Thread] DEBUG GameApplicationServi - Removing overlay from DialogSubScene and adding to FXGLDefaultMenu
19:48:22.639 [JavaFX Application Thread] DEBUG PrimaryStageWindow   - FXGLDefaultMenu <- DialogSubScene
19:48:22.639 [JavaFX Application Thread] DEBUG FXGLApplication      - Exiting FXGL
19:48:22.639 [JavaFX Application Thread] DEBUG LoopRunner           - Stopping loop
19:48:22.639 [JavaFX Application Thread] DEBUG SystemBundleService  - Saving FXGL system data
19:48:22.642 [JavaFX Application Thread] DEBUG FileSystemAccess     - Writing to: C:\Users\josue\OneDrive\Desktop\proyecto java\Among Us\system\fxgl.bundle
19:48:22.648 [JavaFX Application Thread] DEBUG Async                - Shutting down background threads
19:48:22.650 [JavaFX Application Thread] DEBUG PrimaryStageWindow   - Closing main window
19:48:22.748 [JavaFX Application Thread] DEBUG Logger               - Closing Logger
