10:48:16.939 [main                     ] DEBUG Logger               - Configured Logger
10:48:16.960 [main                     ] DEBUG GameApplication      - Logging settings
Title: Among Us - Java Edition
Version: 0.0
Width: 800
Height: 600
Fullscreen: false
Intro: false
Profiling: false
Single step:false
App Mode: DEVELOPER
Menu Key: ESCAPE
Stage Style: DECORATED
Scene Factory: class com.almasb.fxgl.app.scene.SceneFactory

10:48:17.697 [JavaFX Application Thread] DEBUG FXGLApplication      - Initializing FXGL
10:48:17.703 [JavaFX Application Thread] INFO  Engine               - FXGL-21.1 (26.03.2024 17.33) on WINDOWS (J:25.0.2 FX:21.0.1)
10:48:17.703 [JavaFX Application Thread] DEBUG Engine               - JRE Vendor Name: Oracle Corporation
10:48:17.703 [JavaFX Application Thread] DEBUG Engine               - Running on OS: Windows 11 version 10.0
10:48:17.703 [JavaFX Application Thread] DEBUG Engine               - Architecture: amd64
10:48:17.703 [JavaFX Application Thread] INFO  Engine               - Source code and latest versions at: https://github.com/AlmasB/FXGL
10:48:17.703 [JavaFX Application Thread] INFO  Engine               -       Ask questions and discuss at: https://github.com/AlmasB/FXGL/discussions
10:48:17.703 [JavaFX Application Thread] INFO  Engine               -              Join the FXGL chat at: https://gitter.im/AlmasB/FXGL
10:48:17.867 [JavaFX Application Thread] DEBUG PrimaryStageWindow   - Creating a JavaFX scene
10:48:17.964 [JavaFX Application Thread] DEBUG PrimaryStageWindow   - Target settings size: 800.0 x 600.0
10:48:17.964 [JavaFX Application Thread] DEBUG PrimaryStageWindow   - Scaled scene size:    800.0 x 600.0
10:48:17.965 [JavaFX Application Thread] DEBUG PrimaryStageWindow   - Scaled ratio: (1.0, 1.0)
10:48:17.966 [JavaFX Application Thread] DEBUG PrimaryStageWindow   - Set initial scene to FXGLStartupScene
10:48:17.972 [JavaFX Application Thread] DEBUG PrimaryStageWindow   - Opening main window
10:48:18.154 [JavaFX Application Thread] DEBUG PrimaryStageWindow   - Window border size: (16.0, 39.0)
10:48:18.154 [JavaFX Application Thread] DEBUG PrimaryStageWindow   - Scaled size: 800.0 x 600.0
10:48:18.154 [JavaFX Application Thread] DEBUG PrimaryStageWindow   - Scaled ratio: (1.0, 1.0)
10:48:18.154 [JavaFX Application Thread] DEBUG PrimaryStageWindow   - Scene size: 800.0 x 600.0
10:48:18.154 [JavaFX Application Thread] DEBUG PrimaryStageWindow   - Stage size: 816.0 x 639.0
10:48:18.183 [FXGL Background Thread 1 ] DEBUG Engine               - Initializing environment variables
10:48:18.336 [FXGL Background Thread 1 ] DEBUG FXGLAssetLoaderServi - User app class for loading assets: class main.java.amongUs.AppPrincipal
10:48:18.337 [FXGL Background Thread 1 ] DEBUG GameApplicationServi - Applying CSS: fxgl_dark.css
10:48:18.338 [FXGL Background Thread 1 ] DEBUG FXGLAssetLoaderServi - Loading from file system: jar:file:/C:/Users/josue/OneDrive/Desktop/proyecto%20java/Among%20Us/lib/fxgl-21.1-uber.jar!/fxglassets/ui/css/fxgl_dark.css
10:48:18.432 [FXGL Background Thread 1 ] DEBUG GameApplicationServi - Initializing application scenes
10:48:18.721 [FXGL Background Thread 1 ] DEBUG GameWorld            - Game world initialized
10:48:18.784 [FXGL Background Thread 1 ] DEBUG PhysicsWorld         - Physics world initialized: appHeight=600, physics.ppm=50,0
10:48:18.784 [FXGL Background Thread 1 ] DEBUG PhysicsWorld         - Using strategy: BRUTE_FORCE
10:48:18.791 [FXGL Background Thread 1 ] DEBUG GameScene            - Game scene initialized: 800x600
10:48:18.808 [FXGL Background Thread 1 ] DEBUG FXGL.DefaultMenu     - createMenuBodyGameMenu()
10:48:18.829 [FXGL Background Thread 1 ] DEBUG FXGL.DefaultMenu     - createOptionsMenu()
10:48:18.847 [FXGL Background Thread 1 ] DEBUG FXGLAssetLoaderServi - Loading from file system: jar:file:/C:/Users/josue/OneDrive/Desktop/proyecto%20java/Among%20Us/lib/fxgl-21.1-uber.jar!/fxglassets/textures/particles/smoke.png
10:48:19.029 [FXGL Background Thread 1 ] DEBUG FXGLAssetLoaderServi - Loading from file system: jar:file:/C:/Users/josue/OneDrive/Desktop/proyecto%20java/Among%20Us/lib/fxgl-21.1-uber.jar!/fxglassets/textures/particles/trace_horizontal.png
10:48:19.094 [FXGL Background Thread 1 ] DEBUG GameApplicationServi - Application scenes initialized
10:48:19.121 [FXGL Background Thread 1 ] DEBUG SystemBundleService  - Loading FXGL system data
10:48:19.127 [FXGL Background Thread 1 ] DEBUG FileSystemAccess     - Reading from: C:\Users\josue\OneDrive\Desktop\proyecto java\Among Us\system\fxgl.bundle
10:48:19.137 [FXGL Background Thread 1 ] DEBUG SystemBundleService  - Bundle FXGL: {}
10:48:19.137 [FXGL Background Thread 1 ] DEBUG UpdaterService       - Checking for updates
10:48:19.145 [FXGL Background Thread 1 ] DEBUG FXGLApplication      - Loading default localization
10:48:19.146 [FXGL Background Thread 1 ] DEBUG FXGLAssetLoaderServi - Loading from file system: jar:file:/C:/Users/josue/OneDrive/Desktop/proyecto%20java/Among%20Us/lib/fxgl-21.1-uber.jar!/fxglassets/languages/english.lang
10:48:19.183 [FXGL Background Thread 1 ] INFO  FXGLApplication      - FXGL initialization took: 0,999 sec
10:48:19.189 [JavaFX Application Thread] DEBUG FXGLAssetLoaderServi - Loading from file system: file:/C:/Users/josue/OneDrive/Desktop/proyecto%20java/Among%20Us/out/production/Among%20Us/assets/textures/icono.png
10:48:19.255 [FXGL Background Thread 4 ] DEBUG FXGLApplication      - Loading fonts
10:48:19.256 [FXGL Background Thread 4 ] DEBUG FXGLAssetLoaderServi - Loading from file system: jar:file:/C:/Users/josue/OneDrive/Desktop/proyecto%20java/Among%20Us/lib/fxgl-21.1-uber.jar!/fxglassets/ui/fonts/VarelaRound-Regular.ttf
10:48:19.280 [JavaFX Application Thread] DEBUG FXGLAssetLoaderServi - Loading from file system: jar:file:/C:/Users/josue/OneDrive/Desktop/proyecto%20java/Among%20Us/lib/fxgl-21.1-uber.jar!/fxglassets/textures/fxgl_default_cursor.png
10:48:19.309 [JavaFX Application Thread] DEBUG Input                - Registered new binding: Screenshot - CTRL+8
10:48:19.312 [JavaFX Application Thread] DEBUG Input                - Registered new binding: System info dump - CTRL+9
10:48:19.315 [JavaFX Application Thread] DEBUG Input                - Registered new binding: Restart - CTRL+R
10:48:19.316 [JavaFX Application Thread] DEBUG Input                - Registered new binding: Toggle Debug Camera - CTRL+7
10:48:19.323 [JavaFX Application Thread] DEBUG LoopRunner           - Starting loop
10:48:19.323 [JavaFX Application Thread] DEBUG LoopRunner           - Initializing JavaFX AnimationTimerLoop
10:48:19.324 [JavaFX Application Thread] DEBUG GameApplicationServi - Starting new game
10:48:19.325 [JavaFX Application Thread] DEBUG Input                - Clearing active input actions
10:48:19.388 [JavaFX Application Thread] DEBUG GameApplicationServi - Removing overlay from FXGLStartupScene and adding to FXGLLoadingScene
10:48:19.389 [JavaFX Application Thread] DEBUG PrimaryStageWindow   - FXGLStartupScene -> FXGLLoadingScene
10:48:19.390 [JavaFX Application Thread] DEBUG GameApplicationServi - Clearing previous game
10:48:19.390 [JavaFX Application Thread] DEBUG GameScene            - Clearing game scene
10:48:19.390 [JavaFX Application Thread] DEBUG GameWorld            - Clearing game world
10:48:19.391 [JavaFX Application Thread] DEBUG PhysicsWorld         - Clearing physics world
10:48:19.399 [FXGL Background Thread 1 ] DEBUG FXGLApplication      - Initializing game
10:48:19.428 [FXGL Background Thread 1 ] WARN  FXGLAssetLoaderServi - Asset "/assets/levels/mapa2.tmx" was not found!
10:48:20.087 [FXGL Background Thread 1 ] INFO  FXGLApplication      - Game initialization took: 0,688 sec
10:48:20.120 [JavaFX Application Thread] DEBUG Input                - Clearing active input actions
10:48:20.137 [JavaFX Application Thread] DEBUG GameApplicationServi - Removing overlay from FXGLLoadingScene and adding to GameScene
10:48:20.137 [JavaFX Application Thread] DEBUG PrimaryStageWindow   - FXGLLoadingScene -> GameScene
10:48:20.273 [FXGL Background Thread 4 ] DEBUG FXGLAssetLoaderServi - Loading from file system: jar:file:/C:/Users/josue/OneDrive/Desktop/proyecto%20java/Among%20Us/lib/fxgl-21.1-uber.jar!/fxglassets/ui/fonts/Abel-Regular.ttf
10:48:20.283 [FXGL Background Thread 4 ] DEBUG FXGLAssetLoaderServi - Loading from file system: jar:file:/C:/Users/josue/OneDrive/Desktop/proyecto%20java/Among%20Us/lib/fxgl-21.1-uber.jar!/fxglassets/ui/fonts/TerminalLandMono-Regular.otf
10:48:20.296 [FXGL Background Thread 4 ] DEBUG FXGLAssetLoaderServi - Loading from file system: jar:file:/C:/Users/josue/OneDrive/Desktop/proyecto%20java/Among%20Us/lib/fxgl-21.1-uber.jar!/fxglassets/ui/fonts/Courier-Prime.ttf
10:48:20.317 [JavaFX Application Thread] DEBUG FXGLApplication      - Registering font factories with UI factory
10:48:21.228 [FXGL Background Thread 2 ] INFO  UpdaterService       - Your current version:  21.1
10:48:21.228 [FXGL Background Thread 2 ] INFO  UpdaterService       - Latest stable version: 25
10:48:21.264 [JavaFX Application Thread] DEBUG FXGLAssetLoaderServi - Loading from file system: file:/C:/Users/josue/OneDrive/Desktop/proyecto%20java/Among%20Us/out/production/Among%20Us/assets/sounds/clickBoton.wav
10:48:22.143 [FXGL Background Thread 3 ] DEBUG Engine               - Logging environment variables
10:48:22.144 [FXGL Background Thread 3 ] DEBUG Engine               - achievements: []
10:48:22.144 [FXGL Background Thread 3 ] DEBUG Engine               - actualHeight: 600.0
10:48:22.144 [FXGL Background Thread 3 ] DEBUG Engine               - actualHeightProperty: ReadOnlyDoubleProperty [value: 600.0]
10:48:22.144 [FXGL Background Thread 3 ] DEBUG Engine               - actualWidth: 800.0
10:48:22.144 [FXGL Background Thread 3 ] DEBUG Engine               - actualWidthProperty: ReadOnlyDoubleProperty [value: 800.0]
10:48:22.144 [FXGL Background Thread 3 ] DEBUG Engine               - appIcon: icono.png
10:48:22.144 [FXGL Background Thread 3 ] DEBUG Engine               - applicationMode: DEVELOPER
10:48:22.144 [FXGL Background Thread 3 ] DEBUG Engine               - cSSList: [fxgl_dark.css]
10:48:22.144 [FXGL Background Thread 3 ] DEBUG Engine               - collisionDetectionStrategy: BRUTE_FORCE
10:48:22.144 [FXGL Background Thread 3 ] DEBUG Engine               - configClass: Optional.empty
10:48:22.144 [FXGL Background Thread 3 ] DEBUG Engine               - credits: []
10:48:22.145 [FXGL Background Thread 3 ] DEBUG Engine               - defaultCursor: CursorInfo(imageName=fxgl_default_cursor.png, hotspotX=7.0, hotspotY=6.0)
10:48:22.147 [FXGL Background Thread 3 ] DEBUG Engine               - devBBoxColorProperty: ObjectProperty [value: 0xff0000ff]
10:48:22.147 [FXGL Background Thread 3 ] DEBUG Engine               - devEnableDebugCameraProperty: BooleanProperty [value: false]
10:48:22.147 [FXGL Background Thread 3 ] DEBUG Engine               - devSensorColorProperty: ObjectProperty [value: 0xffff00ff]
10:48:22.147 [FXGL Background Thread 3 ] DEBUG Engine               - devShowBBoxProperty: BooleanProperty [value: false]
10:48:22.147 [FXGL Background Thread 3 ] DEBUG Engine               - devShowPositionProperty: BooleanProperty [value: false]
10:48:22.147 [FXGL Background Thread 3 ] DEBUG Engine               - enabledMenuItems: []
10:48:22.147 [FXGL Background Thread 3 ] DEBUG Engine               - engineServices: [class com.almasb.fxgl.app.services.FXGLAssetLoaderService, class com.almasb.fxgl.app.FXGLApplication$GameApplicationService, class com.almasb.fxgl.app.services.FXGLDialogService, class com.almasb.fxgl.app.services.IOTaskExecutorService, class com.almasb.fxgl.io.FileSystemService, class com.almasb.fxgl.localization.LocalizationService, class com.almasb.fxgl.app.services.SystemBundleService, class com.almasb.fxgl.profile.SaveLoadService, class com.almasb.fxgl.ui.FXGLUIFactoryServiceProvider, class com.almasb.fxgl.ui.FXGLDialogFactoryServiceProvider, class com.almasb.fxgl.audio.AudioPlayer, class com.almasb.fxgl.notification.impl.NotificationServiceProvider, class com.almasb.fxgl.achievement.AchievementService, class com.almasb.fxgl.cutscene.CutsceneService, class com.almasb.fxgl.minigames.MiniGameService, class com.almasb.fxgl.net.NetService, class com.almasb.fxgl.app.services.UpdaterService, class com.almasb.fxgl.dev.DevService]
10:48:22.147 [FXGL Background Thread 3 ] DEBUG Engine               - fontGame: Abel-Regular.ttf
10:48:22.148 [FXGL Background Thread 3 ] DEBUG Engine               - fontMono: TerminalLandMono-Regular.otf
10:48:22.148 [FXGL Background Thread 3 ] DEBUG Engine               - fontSizeScaleUI: 1.0
10:48:22.148 [FXGL Background Thread 3 ] DEBUG Engine               - fontText: Courier-Prime.ttf
10:48:22.148 [FXGL Background Thread 3 ] DEBUG Engine               - fontUI: VarelaRound-Regular.ttf
10:48:22.148 [FXGL Background Thread 3 ] DEBUG Engine               - fullScreen: BooleanProperty [value: false]
10:48:22.148 [FXGL Background Thread 3 ] DEBUG Engine               - gameDifficulty: MEDIUM
10:48:22.148 [FXGL Background Thread 3 ] DEBUG Engine               - gameDifficultyProperty: ObjectProperty [value: MEDIUM]
10:48:22.148 [FXGL Background Thread 3 ] DEBUG Engine               - globalMusicVolume: 0.5
10:48:22.148 [FXGL Background Thread 3 ] DEBUG Engine               - globalMusicVolumeProperty: DoubleProperty [value: 0.5]
10:48:22.148 [FXGL Background Thread 3 ] DEBUG Engine               - globalSoundVolume: 0.5
10:48:22.148 [FXGL Background Thread 3 ] DEBUG Engine               - globalSoundVolumeProperty: DoubleProperty [value: 0.5]
10:48:22.148 [FXGL Background Thread 3 ] DEBUG Engine               - height: 600
10:48:22.148 [FXGL Background Thread 3 ] DEBUG Engine               - is3D: false
10:48:22.149 [FXGL Background Thread 3 ] DEBUG Engine               - isAndroid: false
10:48:22.149 [FXGL Background Thread 3 ] DEBUG Engine               - isBrowser: false
10:48:22.149 [FXGL Background Thread 3 ] DEBUG Engine               - isClickFeedbackEnabled: false
10:48:22.149 [FXGL Background Thread 3 ] DEBUG Engine               - isCloseConfirmation: false
10:48:22.149 [FXGL Background Thread 3 ] DEBUG Engine               - isDesktop: true
10:48:22.149 [FXGL Background Thread 3 ] DEBUG Engine               - isDeveloperMenuEnabled: false
10:48:22.149 [FXGL Background Thread 3 ] DEBUG Engine               - isEmbedded: false
10:48:22.149 [FXGL Background Thread 3 ] DEBUG Engine               - isEntityPreloadEnabled: true
10:48:22.149 [FXGL Background Thread 3 ] DEBUG Engine               - isExperimentalTiledLargeMap: false
10:48:22.149 [FXGL Background Thread 3 ] DEBUG Engine               - isFileSystemWriteAllowed: true
10:48:22.149 [FXGL Background Thread 3 ] DEBUG Engine               - isFullScreenAllowed: false
10:48:22.149 [FXGL Background Thread 3 ] DEBUG Engine               - isFullScreenFromStart: false
10:48:22.149 [FXGL Background Thread 3 ] DEBUG Engine               - isGameMenuEnabled: true
10:48:22.149 [FXGL Background Thread 3 ] DEBUG Engine               - isIOS: false
10:48:22.150 [FXGL Background Thread 3 ] DEBUG Engine               - isIntroEnabled: false
10:48:22.150 [FXGL Background Thread 3 ] DEBUG Engine               - isLinux: false
10:48:22.150 [FXGL Background Thread 3 ] DEBUG Engine               - isMac: false
10:48:22.150 [FXGL Background Thread 3 ] DEBUG Engine               - isMainMenuEnabled: false
10:48:22.150 [FXGL Background Thread 3 ] DEBUG Engine               - isManualResizeEnabled: false
10:48:22.150 [FXGL Background Thread 3 ] DEBUG Engine               - isMobile: false
10:48:22.150 [FXGL Background Thread 3 ] DEBUG Engine               - isNative: false
10:48:22.150 [FXGL Background Thread 3 ] DEBUG Engine               - isPauseMusicWhenMinimized: true
10:48:22.150 [FXGL Background Thread 3 ] DEBUG Engine               - isPreserveResizeRatio: false
10:48:22.150 [FXGL Background Thread 3 ] DEBUG Engine               - isProfilingEnabled: false
10:48:22.150 [FXGL Background Thread 3 ] DEBUG Engine               - isScaleAffectedOnResize: true
10:48:22.150 [FXGL Background Thread 3 ] DEBUG Engine               - isSingleStep: false
10:48:22.150 [FXGL Background Thread 3 ] DEBUG Engine               - isUserProfileEnabled: false
10:48:22.150 [FXGL Background Thread 3 ] DEBUG Engine               - isWindows: true
10:48:22.151 [FXGL Background Thread 3 ] DEBUG Engine               - language: ObjectProperty [value: ENGLISH]
10:48:22.151 [FXGL Background Thread 3 ] DEBUG Engine               - menuKey: ESCAPE
10:48:22.151 [FXGL Background Thread 3 ] DEBUG Engine               - mouseSensitivity: 0.2
10:48:22.151 [FXGL Background Thread 3 ] DEBUG Engine               - notificationViewClass: class com.almasb.fxgl.notification.view.XboxNotificationView
10:48:22.151 [FXGL Background Thread 3 ] DEBUG Engine               - pixelsPerMeter: 50.0
10:48:22.151 [FXGL Background Thread 3 ] DEBUG Engine               - platform: WINDOWS
10:48:22.151 [FXGL Background Thread 3 ] DEBUG Engine               - prefHeightProperty: ReadOnlyDoubleProperty [value: 600.0]
10:48:22.151 [FXGL Background Thread 3 ] DEBUG Engine               - prefWidthProperty: ReadOnlyDoubleProperty [value: 800.0]
10:48:22.151 [FXGL Background Thread 3 ] DEBUG Engine               - profileDir: profiles/
10:48:22.151 [FXGL Background Thread 3 ] DEBUG Engine               - profileName: StringProperty [value: DEFAULT]
10:48:22.151 [FXGL Background Thread 3 ] DEBUG Engine               - randomSeed: -1
10:48:22.151 [FXGL Background Thread 3 ] DEBUG Engine               - runtimeInfo: RuntimeInfo(platform=WINDOWS, version=21.1, build=26.03.2024 17.33)
10:48:22.151 [FXGL Background Thread 3 ] DEBUG Engine               - saveFileExt: sav
10:48:22.151 [FXGL Background Thread 3 ] DEBUG Engine               - scaledHeightProp$fxgl: DoubleProperty [bound, value: 600.0]
10:48:22.151 [FXGL Background Thread 3 ] DEBUG Engine               - scaledWidthProp$fxgl: DoubleProperty [bound, value: 800.0]
10:48:22.151 [FXGL Background Thread 3 ] DEBUG Engine               - sceneFactory: com.almasb.fxgl.app.scene.SceneFactory@3d220bb4
10:48:22.152 [FXGL Background Thread 3 ] DEBUG Engine               - secondsIn24h: 60
10:48:22.152 [FXGL Background Thread 3 ] DEBUG Engine               - soundMenuBack: menu/back.wav
10:48:22.152 [FXGL Background Thread 3 ] DEBUG Engine               - soundMenuPress: menu/press.wav
10:48:22.152 [FXGL Background Thread 3 ] DEBUG Engine               - soundMenuSelect: menu/select.wav
10:48:22.152 [FXGL Background Thread 3 ] DEBUG Engine               - soundNotification: core/notification.wav
10:48:22.152 [FXGL Background Thread 3 ] DEBUG Engine               - stageStyle: DECORATED
10:48:22.152 [FXGL Background Thread 3 ] DEBUG Engine               - supportedLanguages: [ENGLISH, FRENCH, GERMAN, HUNGARIAN, RUSSIAN]
10:48:22.152 [FXGL Background Thread 3 ] DEBUG Engine               - ticksPerSecond: -1
10:48:22.152 [FXGL Background Thread 3 ] DEBUG Engine               - title: Among Us - Java Edition
10:48:22.152 [FXGL Background Thread 3 ] DEBUG Engine               - urlGithub: https://github.com/AlmasB/FXGL
10:48:22.152 [FXGL Background Thread 3 ] DEBUG Engine               - urlLeaderboard: http://fxgl-top.herokuapp.com/
10:48:22.152 [FXGL Background Thread 3 ] DEBUG Engine               - urlPOM: https://raw.githubusercontent.com/AlmasB/FXGL/release/README.md
10:48:22.152 [FXGL Background Thread 3 ] DEBUG Engine               - userAppClass: class main.java.amongUs.AppPrincipal
10:48:22.152 [FXGL Background Thread 3 ] DEBUG Engine               - version: 0.0
10:48:22.152 [FXGL Background Thread 3 ] DEBUG Engine               - versionCheckDays: 7
10:48:22.152 [FXGL Background Thread 3 ] DEBUG Engine               - width: 800
10:48:22.153 [FXGL Background Thread 3 ] DEBUG Engine               - Logging services
10:48:22.153 [FXGL Background Thread 3 ] DEBUG Engine               - class com.almasb.fxgl.app.services.FXGLAssetLoaderService
10:48:22.153 [FXGL Background Thread 3 ] DEBUG Engine               - class com.almasb.fxgl.app.FXGLApplication$GameApplicationService
10:48:22.153 [FXGL Background Thread 3 ] DEBUG Engine               - class com.almasb.fxgl.app.services.FXGLDialogService
10:48:22.153 [FXGL Background Thread 3 ] DEBUG Engine               - class com.almasb.fxgl.app.services.IOTaskExecutorService
10:48:22.153 [FXGL Background Thread 3 ] DEBUG Engine               - class com.almasb.fxgl.io.FileSystemService
10:48:22.153 [FXGL Background Thread 3 ] DEBUG Engine               - class com.almasb.fxgl.localization.LocalizationService
10:48:22.153 [FXGL Background Thread 3 ] DEBUG Engine               - class com.almasb.fxgl.app.services.SystemBundleService
10:48:22.153 [FXGL Background Thread 3 ] DEBUG Engine               - class com.almasb.fxgl.profile.SaveLoadService
10:48:22.155 [FXGL Background Thread 3 ] DEBUG Engine               - class com.almasb.fxgl.ui.FXGLUIFactoryServiceProvider
10:48:22.155 [FXGL Background Thread 3 ] DEBUG Engine               - class com.almasb.fxgl.ui.FXGLDialogFactoryServiceProvider
10:48:22.155 [FXGL Background Thread 3 ] DEBUG Engine               - class com.almasb.fxgl.audio.AudioPlayer
10:48:22.155 [FXGL Background Thread 3 ] DEBUG Engine               - class com.almasb.fxgl.notification.impl.NotificationServiceProvider
10:48:22.155 [FXGL Background Thread 3 ] DEBUG Engine               - class com.almasb.fxgl.achievement.AchievementService
10:48:22.155 [FXGL Background Thread 3 ] DEBUG Engine               - class com.almasb.fxgl.cutscene.CutsceneService
10:48:22.155 [FXGL Background Thread 3 ] DEBUG Engine               - class com.almasb.fxgl.minigames.MiniGameService
10:48:22.155 [FXGL Background Thread 3 ] DEBUG Engine               - class com.almasb.fxgl.net.NetService
10:48:22.155 [FXGL Background Thread 3 ] DEBUG Engine               - class com.almasb.fxgl.app.services.UpdaterService
10:48:22.155 [FXGL Background Thread 3 ] DEBUG Engine               - class com.almasb.fxgl.dev.DevService
10:48:35.946 [JavaFX Application Thread] DEBUG FXGLApplication      - Exiting FXGL
10:48:35.947 [JavaFX Application Thread] DEBUG LoopRunner           - Stopping loop
10:48:35.947 [JavaFX Application Thread] DEBUG SystemBundleService  - Saving FXGL system data
10:48:35.952 [JavaFX Application Thread] DEBUG FileSystemAccess     - Writing to: C:\Users\josue\OneDrive\Desktop\proyecto java\Among Us\system\fxgl.bundle
10:48:35.959 [JavaFX Application Thread] DEBUG Async                - Shutting down background threads
10:48:35.959 [JavaFX Application Thread] DEBUG PrimaryStageWindow   - Closing main window
10:48:36.014 [JavaFX Application Thread] DEBUG Logger               - Closing Logger
