22:12:16.735 [main                     ] DEBUG Logger               - Configured Logger
22:12:16.741 [main                     ] DEBUG GameApplication      - Logging settings
Title: Among Us UNEG
Version: 0.0
Width: 800
Height: 600
Fullscreen: false
Intro: false
Profiling: false
Single step:false
App Mode: DEVELOPER
Menu Key: ESCAPE
Stage Style: DECORATED
Scene Factory: class com.almasb.fxgl.app.scene.SceneFactory

22:12:17.208 [JavaFX Application Thread] DEBUG FXGLApplication      - Initializing FXGL
22:12:17.210 [JavaFX Application Thread] INFO  Engine               - FXGL-21.1 (26.03.2024 17.33) on WINDOWS (J:25.0.2 FX:21.0.1)
22:12:17.210 [JavaFX Application Thread] DEBUG Engine               - JRE Vendor Name: Oracle Corporation
22:12:17.210 [JavaFX Application Thread] DEBUG Engine               - Running on OS: Windows 11 version 10.0
22:12:17.210 [JavaFX Application Thread] DEBUG Engine               - Architecture: amd64
22:12:17.210 [JavaFX Application Thread] INFO  Engine               - Source code and latest versions at: https://github.com/AlmasB/FXGL
22:12:17.210 [JavaFX Application Thread] INFO  Engine               -       Ask questions and discuss at: https://github.com/AlmasB/FXGL/discussions
22:12:17.210 [JavaFX Application Thread] INFO  Engine               -              Join the FXGL chat at: https://gitter.im/AlmasB/FXGL
22:12:17.288 [JavaFX Application Thread] DEBUG PrimaryStageWindow   - Creating a JavaFX scene
22:12:17.328 [JavaFX Application Thread] DEBUG PrimaryStageWindow   - Target settings size: 800.0 x 600.0
22:12:17.328 [JavaFX Application Thread] DEBUG PrimaryStageWindow   - Scaled scene size:    800.0 x 600.0
22:12:17.328 [JavaFX Application Thread] DEBUG PrimaryStageWindow   - Scaled ratio: (1.0, 1.0)
22:12:17.329 [JavaFX Application Thread] DEBUG PrimaryStageWindow   - Set initial scene to FXGLStartupScene
22:12:17.331 [JavaFX Application Thread] DEBUG PrimaryStageWindow   - Opening main window
22:12:17.427 [JavaFX Application Thread] DEBUG PrimaryStageWindow   - Window border size: (14.66668701171875, 37.33331298828125)
22:12:17.427 [JavaFX Application Thread] DEBUG PrimaryStageWindow   - Scaled size: 800.0 x 600.0
22:12:17.427 [JavaFX Application Thread] DEBUG PrimaryStageWindow   - Scaled ratio: (1.0, 1.0)
22:12:17.428 [JavaFX Application Thread] DEBUG PrimaryStageWindow   - Scene size: 800.0 x 600.0
22:12:17.428 [JavaFX Application Thread] DEBUG PrimaryStageWindow   - Stage size: 814.6666870117188 x 637.3333129882812
22:12:17.436 [FXGL Background Thread 1 ] DEBUG Engine               - Initializing environment variables
22:12:17.489 [FXGL Background Thread 1 ] DEBUG FXGLAssetLoaderServi - User app class for loading assets: class main.java.amongUs.AppPrincipal
22:12:17.489 [FXGL Background Thread 1 ] DEBUG GameApplicationServi - Applying CSS: fxgl_dark.css
22:12:17.489 [FXGL Background Thread 1 ] DEBUG FXGLAssetLoaderServi - Loading from file system: jar:file:/C:/Users/nicol/Desktop/amongu/lib/fxgl-21.1-uber.jar!/fxglassets/ui/css/fxgl_dark.css
22:12:17.522 [FXGL Background Thread 1 ] DEBUG GameApplicationServi - Initializing application scenes
22:12:17.551 [FXGL Background Thread 1 ] DEBUG GameWorld            - Game world initialized
22:12:17.597 [FXGL Background Thread 1 ] DEBUG PhysicsWorld         - Physics world initialized: appHeight=600, physics.ppm=50,0
22:12:17.598 [FXGL Background Thread 1 ] DEBUG PhysicsWorld         - Using strategy: BRUTE_FORCE
22:12:17.601 [FXGL Background Thread 1 ] DEBUG GameScene            - Game scene initialized: 800x600
22:12:17.612 [FXGL Background Thread 1 ] DEBUG FXGL.DefaultMenu     - createMenuBodyGameMenu()
22:12:17.623 [FXGL Background Thread 1 ] DEBUG FXGL.DefaultMenu     - createOptionsMenu()
22:12:17.631 [FXGL Background Thread 1 ] DEBUG FXGLAssetLoaderServi - Loading from file system: jar:file:/C:/Users/nicol/Desktop/amongu/lib/fxgl-21.1-uber.jar!/fxglassets/textures/particles/smoke.png
22:12:17.707 [FXGL Background Thread 1 ] DEBUG FXGLAssetLoaderServi - Loading from file system: jar:file:/C:/Users/nicol/Desktop/amongu/lib/fxgl-21.1-uber.jar!/fxglassets/textures/particles/trace_horizontal.png
22:12:17.730 [FXGL Background Thread 1 ] DEBUG GameApplicationServi - Application scenes initialized
22:12:17.739 [FXGL Background Thread 1 ] DEBUG SystemBundleService  - Loading FXGL system data
22:12:17.743 [FXGL Background Thread 1 ] DEBUG FileSystemAccess     - Reading from: C:\Users\nicol\Desktop\amongu\system\fxgl.bundle
22:12:17.747 [FXGL Background Thread 1 ] DEBUG SystemBundleService  - Bundle FXGL: {}
22:12:17.748 [FXGL Background Thread 1 ] DEBUG UpdaterService       - Checking for updates
22:12:17.751 [FXGL Background Thread 4 ] DEBUG FXGLApplication      - Loading fonts
22:12:17.752 [FXGL Background Thread 1 ] DEBUG FXGLApplication      - Loading default localization
22:12:17.752 [FXGL Background Thread 4 ] DEBUG FXGLAssetLoaderServi - Loading from file system: jar:file:/C:/Users/nicol/Desktop/amongu/lib/fxgl-21.1-uber.jar!/fxglassets/ui/fonts/VarelaRound-Regular.ttf
22:12:17.752 [FXGL Background Thread 1 ] DEBUG FXGLAssetLoaderServi - Loading from file system: jar:file:/C:/Users/nicol/Desktop/amongu/lib/fxgl-21.1-uber.jar!/fxglassets/languages/english.lang
22:12:17.767 [FXGL Background Thread 1 ] INFO  FXGLApplication      - FXGL initialization took: 0,330 sec
22:12:17.774 [JavaFX Application Thread] DEBUG Input                - Registered new binding: Mover Arriba - W
22:12:17.774 [JavaFX Application Thread] DEBUG Input                - Registered new binding: Mover Abajo - S
22:12:17.774 [JavaFX Application Thread] DEBUG Input                - Registered new binding: Mover Izquierda - A
22:12:17.774 [JavaFX Application Thread] DEBUG Input                - Registered new binding: Mover Derecha - D
22:12:17.774 [JavaFX Application Thread] DEBUG Input                - Registered new binding: Abrir Camaras - C
22:12:17.774 [JavaFX Application Thread] DEBUG FXGLAssetLoaderServi - Loading from file system: file:/C:/Users/nicol/Desktop/amongu/out/production/Among%20Us/assets/textures/icono.png
22:12:17.792 [FXGL Background Thread 4 ] DEBUG FXGLAssetLoaderServi - Loading from file system: jar:file:/C:/Users/nicol/Desktop/amongu/lib/fxgl-21.1-uber.jar!/fxglassets/ui/fonts/Abel-Regular.ttf
22:12:17.792 [JavaFX Application Thread] DEBUG FXGLAssetLoaderServi - Loading from file system: jar:file:/C:/Users/nicol/Desktop/amongu/lib/fxgl-21.1-uber.jar!/fxglassets/textures/fxgl_default_cursor.png
22:12:17.795 [JavaFX Application Thread] DEBUG Input                - Registered new binding: Screenshot - CTRL+8
22:12:17.795 [JavaFX Application Thread] DEBUG Input                - Registered new binding: System info dump - CTRL+9
22:12:17.796 [JavaFX Application Thread] DEBUG Input                - Registered new binding: Restart - CTRL+R
22:12:17.796 [FXGL Background Thread 4 ] DEBUG FXGLAssetLoaderServi - Loading from file system: jar:file:/C:/Users/nicol/Desktop/amongu/lib/fxgl-21.1-uber.jar!/fxglassets/ui/fonts/TerminalLandMono-Regular.otf
22:12:17.797 [JavaFX Application Thread] DEBUG Input                - Registered new binding: Toggle Debug Camera - CTRL+7
22:12:17.800 [JavaFX Application Thread] DEBUG LoopRunner           - Starting loop
22:12:17.800 [JavaFX Application Thread] DEBUG LoopRunner           - Initializing JavaFX AnimationTimerLoop
22:12:17.802 [JavaFX Application Thread] DEBUG GameApplicationServi - Starting new game
22:12:17.802 [FXGL Background Thread 4 ] DEBUG FXGLAssetLoaderServi - Loading from file system: jar:file:/C:/Users/nicol/Desktop/amongu/lib/fxgl-21.1-uber.jar!/fxglassets/ui/fonts/Courier-Prime.ttf
22:12:17.802 [JavaFX Application Thread] DEBUG Input                - Clearing active input actions
22:12:17.816 [JavaFX Application Thread] DEBUG GameApplicationServi - Removing overlay from FXGLStartupScene and adding to FXGLLoadingScene
22:12:17.817 [JavaFX Application Thread] DEBUG PrimaryStageWindow   - FXGLStartupScene -> FXGLLoadingScene
22:12:17.817 [JavaFX Application Thread] DEBUG GameApplicationServi - Clearing previous game
22:12:17.817 [JavaFX Application Thread] DEBUG GameScene            - Clearing game scene
22:12:17.817 [JavaFX Application Thread] DEBUG GameWorld            - Clearing game world
22:12:17.817 [JavaFX Application Thread] DEBUG PhysicsWorld         - Clearing physics world
22:12:17.819 [FXGL Background Thread 4 ] DEBUG FXGLApplication      - Initializing game
22:12:17.825 [FXGL Background Thread 4 ] DEBUG FXGLAssetLoaderServi - Loading from file system: file:/C:/Users/nicol/Desktop/amongu/out/production/Among%20Us/assets/textures/MonitorDeCamaras.png
22:12:17.864 [JavaFX Application Thread] DEBUG FXGLApplication      - Registering font factories with UI factory
22:12:17.888 [FXGL Background Thread 4 ] DEBUG FXGLAssetLoaderServi - Loading from file system: file:/C:/Users/nicol/Desktop/amongu/out/production/Among%20Us/assets/textures/flechaAmarillaIzq.png
22:12:17.890 [FXGL Background Thread 4 ] DEBUG FXGLAssetLoaderServi - Loading from file system: file:/C:/Users/nicol/Desktop/amongu/out/production/Among%20Us/assets/textures/flechaAmarillaDer.png
22:12:17.895 [FXGL Background Thread 4 ] DEBUG FXGLAssetLoaderServi - Loading from file system: file:/C:/Users/nicol/Desktop/amongu/out/production/Among%20Us/assets/music/musicaMenu.mp3
22:12:18.022 [FXGL Background Thread 4 ] DEBUG AudioPlayer          - Playing music com.almasb.fxgl.audio.Music@365ee1b9
22:12:18.274 [FXGL Background Thread 4 ] INFO  FXGLApplication      - Game initialization took: 0,455 sec
22:12:18.282 [JavaFX Application Thread] DEBUG Input                - Clearing active input actions
22:12:18.292 [JavaFX Application Thread] DEBUG GameApplicationServi - Removing overlay from FXGLLoadingScene and adding to GameScene
22:12:18.292 [JavaFX Application Thread] DEBUG PrimaryStageWindow   - FXGLLoadingScene -> GameScene
22:12:18.321 [FXGL Background Thread 2 ] INFO  UpdaterService       - Your current version:  21.1
22:12:18.321 [FXGL Background Thread 2 ] INFO  UpdaterService       - Latest stable version: 25
22:12:19.321 [JavaFX Application Thread] DEBUG FXGLAssetLoaderServi - Loading from file system: file:/C:/Users/nicol/Desktop/amongu/out/production/Among%20Us/assets/sounds/clickBoton.wav
22:12:20.752 [FXGL Background Thread 3 ] DEBUG Engine               - Logging environment variables
22:12:20.752 [FXGL Background Thread 3 ] DEBUG Engine               - achievements: []
22:12:20.752 [FXGL Background Thread 3 ] DEBUG Engine               - actualHeight: 600.0
22:12:20.752 [FXGL Background Thread 3 ] DEBUG Engine               - actualHeightProperty: ReadOnlyDoubleProperty [value: 600.0]
22:12:20.752 [FXGL Background Thread 3 ] DEBUG Engine               - actualWidth: 800.0
22:12:20.752 [FXGL Background Thread 3 ] DEBUG Engine               - actualWidthProperty: ReadOnlyDoubleProperty [value: 800.0]
22:12:20.752 [FXGL Background Thread 3 ] DEBUG Engine               - appIcon: icono.png
22:12:20.752 [FXGL Background Thread 3 ] DEBUG Engine               - applicationMode: DEVELOPER
22:12:20.752 [FXGL Background Thread 3 ] DEBUG Engine               - cSSList: [fxgl_dark.css]
22:12:20.752 [FXGL Background Thread 3 ] DEBUG Engine               - collisionDetectionStrategy: BRUTE_FORCE
22:12:20.752 [FXGL Background Thread 3 ] DEBUG Engine               - configClass: Optional.empty
22:12:20.752 [FXGL Background Thread 3 ] DEBUG Engine               - credits: []
22:12:20.752 [FXGL Background Thread 3 ] DEBUG Engine               - defaultCursor: CursorInfo(imageName=fxgl_default_cursor.png, hotspotX=7.0, hotspotY=6.0)
22:12:20.752 [FXGL Background Thread 3 ] DEBUG Engine               - devBBoxColorProperty: ObjectProperty [value: 0xff0000ff]
22:12:20.752 [FXGL Background Thread 3 ] DEBUG Engine               - devEnableDebugCameraProperty: BooleanProperty [value: false]
22:12:20.752 [FXGL Background Thread 3 ] DEBUG Engine               - devSensorColorProperty: ObjectProperty [value: 0xffff00ff]
22:12:20.753 [FXGL Background Thread 3 ] DEBUG Engine               - devShowBBoxProperty: BooleanProperty [value: false]
22:12:20.753 [FXGL Background Thread 3 ] DEBUG Engine               - devShowPositionProperty: BooleanProperty [value: false]
22:12:20.753 [FXGL Background Thread 3 ] DEBUG Engine               - enabledMenuItems: []
22:12:20.753 [FXGL Background Thread 3 ] DEBUG Engine               - engineServices: [class com.almasb.fxgl.app.services.FXGLAssetLoaderService, class com.almasb.fxgl.app.FXGLApplication$GameApplicationService, class com.almasb.fxgl.app.services.FXGLDialogService, class com.almasb.fxgl.app.services.IOTaskExecutorService, class com.almasb.fxgl.io.FileSystemService, class com.almasb.fxgl.localization.LocalizationService, class com.almasb.fxgl.app.services.SystemBundleService, class com.almasb.fxgl.profile.SaveLoadService, class com.almasb.fxgl.ui.FXGLUIFactoryServiceProvider, class com.almasb.fxgl.ui.FXGLDialogFactoryServiceProvider, class com.almasb.fxgl.audio.AudioPlayer, class com.almasb.fxgl.notification.impl.NotificationServiceProvider, class com.almasb.fxgl.achievement.AchievementService, class com.almasb.fxgl.cutscene.CutsceneService, class com.almasb.fxgl.minigames.MiniGameService, class com.almasb.fxgl.net.NetService, class com.almasb.fxgl.app.services.UpdaterService, class com.almasb.fxgl.dev.DevService]
22:12:20.753 [FXGL Background Thread 3 ] DEBUG Engine               - fontGame: Abel-Regular.ttf
22:12:20.753 [FXGL Background Thread 3 ] DEBUG Engine               - fontMono: TerminalLandMono-Regular.otf
22:12:20.753 [FXGL Background Thread 3 ] DEBUG Engine               - fontSizeScaleUI: 1.0
22:12:20.753 [FXGL Background Thread 3 ] DEBUG Engine               - fontText: Courier-Prime.ttf
22:12:20.753 [FXGL Background Thread 3 ] DEBUG Engine               - fontUI: VarelaRound-Regular.ttf
22:12:20.753 [FXGL Background Thread 3 ] DEBUG Engine               - fullScreen: BooleanProperty [value: false]
22:12:20.753 [FXGL Background Thread 3 ] DEBUG Engine               - gameDifficulty: MEDIUM
22:12:20.753 [FXGL Background Thread 3 ] DEBUG Engine               - gameDifficultyProperty: ObjectProperty [value: MEDIUM]
22:12:20.754 [FXGL Background Thread 3 ] DEBUG Engine               - globalMusicVolume: 0.5
22:12:20.754 [FXGL Background Thread 3 ] DEBUG Engine               - globalMusicVolumeProperty: DoubleProperty [value: 0.4]
22:12:20.754 [FXGL Background Thread 3 ] DEBUG Engine               - globalSoundVolume: 0.5
22:12:20.754 [FXGL Background Thread 3 ] DEBUG Engine               - globalSoundVolumeProperty: DoubleProperty [value: 0.5]
22:12:20.754 [FXGL Background Thread 3 ] DEBUG Engine               - height: 600
22:12:20.754 [FXGL Background Thread 3 ] DEBUG Engine               - is3D: false
22:12:20.754 [FXGL Background Thread 3 ] DEBUG Engine               - isAndroid: false
22:12:20.754 [FXGL Background Thread 3 ] DEBUG Engine               - isBrowser: false
22:12:20.754 [FXGL Background Thread 3 ] DEBUG Engine               - isClickFeedbackEnabled: false
22:12:20.754 [FXGL Background Thread 3 ] DEBUG Engine               - isCloseConfirmation: false
22:12:20.754 [FXGL Background Thread 3 ] DEBUG Engine               - isDesktop: true
22:12:20.754 [FXGL Background Thread 3 ] DEBUG Engine               - isDeveloperMenuEnabled: false
22:12:20.754 [FXGL Background Thread 3 ] DEBUG Engine               - isEmbedded: false
22:12:20.754 [FXGL Background Thread 3 ] DEBUG Engine               - isEntityPreloadEnabled: true
22:12:20.754 [FXGL Background Thread 3 ] DEBUG Engine               - isExperimentalTiledLargeMap: false
22:12:20.754 [FXGL Background Thread 3 ] DEBUG Engine               - isFileSystemWriteAllowed: true
22:12:20.754 [FXGL Background Thread 3 ] DEBUG Engine               - isFullScreenAllowed: false
22:12:20.754 [FXGL Background Thread 3 ] DEBUG Engine               - isFullScreenFromStart: false
22:12:20.754 [FXGL Background Thread 3 ] DEBUG Engine               - isGameMenuEnabled: true
22:12:20.754 [FXGL Background Thread 3 ] DEBUG Engine               - isIOS: false
22:12:20.754 [FXGL Background Thread 3 ] DEBUG Engine               - isIntroEnabled: false
22:12:20.754 [FXGL Background Thread 3 ] DEBUG Engine               - isLinux: false
22:12:20.754 [FXGL Background Thread 3 ] DEBUG Engine               - isMac: false
22:12:20.754 [FXGL Background Thread 3 ] DEBUG Engine               - isMainMenuEnabled: false
22:12:20.754 [FXGL Background Thread 3 ] DEBUG Engine               - isManualResizeEnabled: false
22:12:20.754 [FXGL Background Thread 3 ] DEBUG Engine               - isMobile: false
22:12:20.755 [FXGL Background Thread 3 ] DEBUG Engine               - isNative: false
22:12:20.755 [FXGL Background Thread 3 ] DEBUG Engine               - isPauseMusicWhenMinimized: true
22:12:20.755 [FXGL Background Thread 3 ] DEBUG Engine               - isPreserveResizeRatio: false
22:12:20.755 [FXGL Background Thread 3 ] DEBUG Engine               - isProfilingEnabled: false
22:12:20.755 [FXGL Background Thread 3 ] DEBUG Engine               - isScaleAffectedOnResize: true
22:12:20.755 [FXGL Background Thread 3 ] DEBUG Engine               - isSingleStep: false
22:12:20.755 [FXGL Background Thread 3 ] DEBUG Engine               - isUserProfileEnabled: false
22:12:20.755 [FXGL Background Thread 3 ] DEBUG Engine               - isWindows: true
22:12:20.755 [FXGL Background Thread 3 ] DEBUG Engine               - language: ObjectProperty [value: ENGLISH]
22:12:20.755 [FXGL Background Thread 3 ] DEBUG Engine               - menuKey: ESCAPE
22:12:20.755 [FXGL Background Thread 3 ] DEBUG Engine               - mouseSensitivity: 0.2
22:12:20.755 [FXGL Background Thread 3 ] DEBUG Engine               - notificationViewClass: class com.almasb.fxgl.notification.view.XboxNotificationView
22:12:20.755 [FXGL Background Thread 3 ] DEBUG Engine               - pixelsPerMeter: 50.0
22:12:20.755 [FXGL Background Thread 3 ] DEBUG Engine               - platform: WINDOWS
22:12:20.755 [FXGL Background Thread 3 ] DEBUG Engine               - prefHeightProperty: ReadOnlyDoubleProperty [value: 600.0]
22:12:20.755 [FXGL Background Thread 3 ] DEBUG Engine               - prefWidthProperty: ReadOnlyDoubleProperty [value: 800.0]
22:12:20.755 [FXGL Background Thread 3 ] DEBUG Engine               - profileDir: profiles/
22:12:20.755 [FXGL Background Thread 3 ] DEBUG Engine               - profileName: StringProperty [value: DEFAULT]
22:12:20.755 [FXGL Background Thread 3 ] DEBUG Engine               - randomSeed: -1
22:12:20.755 [FXGL Background Thread 3 ] DEBUG Engine               - runtimeInfo: RuntimeInfo(platform=WINDOWS, version=21.1, build=26.03.2024 17.33)
22:12:20.755 [FXGL Background Thread 3 ] DEBUG Engine               - saveFileExt: sav
22:12:20.755 [FXGL Background Thread 3 ] DEBUG Engine               - scaledHeightProp$fxgl: DoubleProperty [bound, value: 600.0]
22:12:20.755 [FXGL Background Thread 3 ] DEBUG Engine               - scaledWidthProp$fxgl: DoubleProperty [bound, value: 800.0]
22:12:20.755 [FXGL Background Thread 3 ] DEBUG Engine               - sceneFactory: com.almasb.fxgl.app.scene.SceneFactory@8f1f1f9
22:12:20.755 [FXGL Background Thread 3 ] DEBUG Engine               - secondsIn24h: 60
22:12:20.755 [FXGL Background Thread 3 ] DEBUG Engine               - soundMenuBack: menu/back.wav
22:12:20.755 [FXGL Background Thread 3 ] DEBUG Engine               - soundMenuPress: menu/press.wav
22:12:20.755 [FXGL Background Thread 3 ] DEBUG Engine               - soundMenuSelect: menu/select.wav
22:12:20.755 [FXGL Background Thread 3 ] DEBUG Engine               - soundNotification: core/notification.wav
22:12:20.755 [FXGL Background Thread 3 ] DEBUG Engine               - stageStyle: DECORATED
22:12:20.755 [FXGL Background Thread 3 ] DEBUG Engine               - supportedLanguages: [ENGLISH, FRENCH, GERMAN, HUNGARIAN, RUSSIAN]
22:12:20.755 [FXGL Background Thread 3 ] DEBUG Engine               - ticksPerSecond: -1
22:12:20.755 [FXGL Background Thread 3 ] DEBUG Engine               - title: Among Us UNEG
22:12:20.755 [FXGL Background Thread 3 ] DEBUG Engine               - urlGithub: https://github.com/AlmasB/FXGL
22:12:20.755 [FXGL Background Thread 3 ] DEBUG Engine               - urlLeaderboard: http://fxgl-top.herokuapp.com/
22:12:20.756 [FXGL Background Thread 3 ] DEBUG Engine               - urlPOM: https://raw.githubusercontent.com/AlmasB/FXGL/release/README.md
22:12:20.756 [FXGL Background Thread 3 ] DEBUG Engine               - userAppClass: class main.java.amongUs.AppPrincipal
22:12:20.756 [FXGL Background Thread 3 ] DEBUG Engine               - version: 0.0
22:12:20.756 [FXGL Background Thread 3 ] DEBUG Engine               - versionCheckDays: 7
22:12:20.756 [FXGL Background Thread 3 ] DEBUG Engine               - width: 800
22:12:20.756 [FXGL Background Thread 3 ] DEBUG Engine               - Logging services
22:12:20.756 [FXGL Background Thread 3 ] DEBUG Engine               - class com.almasb.fxgl.app.services.FXGLAssetLoaderService
22:12:20.756 [FXGL Background Thread 3 ] DEBUG Engine               - class com.almasb.fxgl.app.FXGLApplication$GameApplicationService
22:12:20.756 [FXGL Background Thread 3 ] DEBUG Engine               - class com.almasb.fxgl.app.services.FXGLDialogService
22:12:20.756 [FXGL Background Thread 3 ] DEBUG Engine               - class com.almasb.fxgl.app.services.IOTaskExecutorService
22:12:20.756 [FXGL Background Thread 3 ] DEBUG Engine               - class com.almasb.fxgl.io.FileSystemService
22:12:20.756 [FXGL Background Thread 3 ] DEBUG Engine               - class com.almasb.fxgl.localization.LocalizationService
22:12:20.756 [FXGL Background Thread 3 ] DEBUG Engine               - class com.almasb.fxgl.app.services.SystemBundleService
22:12:20.756 [FXGL Background Thread 3 ] DEBUG Engine               - class com.almasb.fxgl.profile.SaveLoadService
22:12:20.756 [FXGL Background Thread 3 ] DEBUG Engine               - class com.almasb.fxgl.ui.FXGLUIFactoryServiceProvider
22:12:20.756 [FXGL Background Thread 3 ] DEBUG Engine               - class com.almasb.fxgl.ui.FXGLDialogFactoryServiceProvider
22:12:20.756 [FXGL Background Thread 3 ] DEBUG Engine               - class com.almasb.fxgl.audio.AudioPlayer
22:12:20.756 [FXGL Background Thread 3 ] DEBUG Engine               - class com.almasb.fxgl.notification.impl.NotificationServiceProvider
22:12:20.756 [FXGL Background Thread 3 ] DEBUG Engine               - class com.almasb.fxgl.achievement.AchievementService
22:12:20.756 [FXGL Background Thread 3 ] DEBUG Engine               - class com.almasb.fxgl.cutscene.CutsceneService
22:12:20.756 [FXGL Background Thread 3 ] DEBUG Engine               - class com.almasb.fxgl.minigames.MiniGameService
22:12:20.756 [FXGL Background Thread 3 ] DEBUG Engine               - class com.almasb.fxgl.net.NetService
22:12:20.756 [FXGL Background Thread 3 ] DEBUG Engine               - class com.almasb.fxgl.app.services.UpdaterService
22:12:20.756 [FXGL Background Thread 3 ] DEBUG Engine               - class com.almasb.fxgl.dev.DevService
22:12:22.775 [JavaFX Application Thread] DEBUG FXGLAssetLoaderServi - Loading from file system: file:/C:/Users/nicol/Desktop/amongu/out/production/Among%20Us/assets/textures/tripulante_negro.png
22:12:24.299 [JavaFX Application Thread] WARN  TMXLevelLoader       - TiledMap generated from 1.11.2. Supported version: 1.9.0. Some features may not be parsed fully.
22:12:24.321 [JavaFX Application Thread] DEBUG TMXLevelLoader       - Parsed TiledMap: file:/C:/Users/nicol/Desktop/amongu/out/production/Among%20Us/assets/levels/mapa2.tmx
22:12:24.322 [JavaFX Application Thread] DEBUG TMXLevelLoader       - Creating tile layer entities
22:12:24.323 [JavaFX Application Thread] DEBUG TilesetLoader        - Loading view for layer fondo1
22:12:24.323 [JavaFX Application Thread] DEBUG TilesetLoader        - Created buffer with size 992.0x960.0
22:12:24.329 [JavaFX Application Thread] DEBUG TilesetLoader        - Loading view for layer fondo
22:12:24.329 [JavaFX Application Thread] DEBUG TilesetLoader        - Created buffer with size 992.0x960.0
22:12:24.332 [JavaFX Application Thread] DEBUG TilesetLoader        - Loading view for layer piso
22:12:24.332 [JavaFX Application Thread] DEBUG TilesetLoader        - Created buffer with size 992.0x960.0
22:12:24.335 [JavaFX Application Thread] DEBUG TilesetLoader        - Loading view for layer piso1
22:12:24.335 [JavaFX Application Thread] DEBUG TilesetLoader        - Created buffer with size 992.0x960.0
22:12:24.336 [JavaFX Application Thread] WARN  TilesetLoader        - Diagonally flipped tiles are not currently supported
22:12:24.338 [JavaFX Application Thread] WARN  TilesetLoader        - Diagonally flipped tiles are not currently supported
22:12:24.339 [JavaFX Application Thread] DEBUG TilesetLoader        - Loading view for layer izquierda
22:12:24.339 [JavaFX Application Thread] DEBUG TilesetLoader        - Created buffer with size 992.0x960.0
22:12:24.341 [JavaFX Application Thread] DEBUG TilesetLoader        - Loading view for layer detallesatraspared
22:12:24.342 [JavaFX Application Thread] DEBUG TilesetLoader        - Created buffer with size 992.0x960.0
22:12:24.362 [JavaFX Application Thread] DEBUG TilesetLoader        - Loading view for layer pared2
22:12:24.362 [JavaFX Application Thread] DEBUG TilesetLoader        - Created buffer with size 992.0x960.0
22:12:24.366 [JavaFX Application Thread] DEBUG TilesetLoader        - Loading view for layer techo1
22:12:24.367 [JavaFX Application Thread] DEBUG TilesetLoader        - Created buffer with size 992.0x960.0
22:12:24.368 [JavaFX Application Thread] DEBUG TilesetLoader        - Loading view for layer techo2
22:12:24.368 [JavaFX Application Thread] DEBUG TilesetLoader        - Created buffer with size 992.0x960.0
22:12:24.370 [JavaFX Application Thread] DEBUG TilesetLoader        - Loading view for layer puertita
22:12:24.371 [JavaFX Application Thread] DEBUG TilesetLoader        - Created buffer with size 992.0x960.0
22:12:24.371 [JavaFX Application Thread] DEBUG TilesetLoader        - Loading view for layer puerta
22:12:24.372 [JavaFX Application Thread] DEBUG TilesetLoader        - Created buffer with size 992.0x960.0
22:12:24.372 [JavaFX Application Thread] DEBUG TilesetLoader        - Loading view for layer detalles
22:12:24.372 [JavaFX Application Thread] DEBUG TilesetLoader        - Created buffer with size 992.0x960.0
22:12:24.382 [JavaFX Application Thread] DEBUG TilesetLoader        - Loading view for layer detalles 2
22:12:24.383 [JavaFX Application Thread] DEBUG TilesetLoader        - Created buffer with size 992.0x960.0
22:12:24.390 [JavaFX Application Thread] DEBUG TilesetLoader        - Loading view for layer detalles3
22:12:24.391 [JavaFX Application Thread] DEBUG TilesetLoader        - Created buffer with size 992.0x960.0
22:12:24.399 [JavaFX Application Thread] DEBUG TilesetLoader        - Loading view for layer grieta
22:12:24.399 [JavaFX Application Thread] DEBUG TilesetLoader        - Created buffer with size 992.0x960.0
22:12:24.400 [JavaFX Application Thread] DEBUG TilesetLoader        - Loading view for layer camaras
22:12:24.401 [JavaFX Application Thread] DEBUG TilesetLoader        - Created buffer with size 992.0x960.0
22:12:24.402 [JavaFX Application Thread] DEBUG TilesetLoader        - Loading view for layer Techo
22:12:24.402 [JavaFX Application Thread] DEBUG TilesetLoader        - Created buffer with size 992.0x960.0
22:12:24.410 [JavaFX Application Thread] DEBUG TMXLevelLoader       - Creating object layer entities
22:12:24.435 [JavaFX Application Thread] DEBUG GameWorld            - Clearing removable entities
22:12:24.435 [JavaFX Application Thread] DEBUG GameWorld            - Setting level: com.almasb.fxgl.entity.level.Level@4bcc928b
22:12:24.455 [JavaFX Application Thread] DEBUG FXGLAssetLoaderServi - Loading from file system: file:/C:/Users/nicol/Desktop/amongu/out/production/Among%20Us/assets/textures/animacion_negro.png
22:12:41.951 [JavaFX Application Thread] DEBUG FXGLApplication      - Exiting FXGL
22:12:41.951 [JavaFX Application Thread] DEBUG LoopRunner           - Stopping loop
22:12:41.951 [JavaFX Application Thread] DEBUG SystemBundleService  - Saving FXGL system data
22:12:41.954 [JavaFX Application Thread] DEBUG FileSystemAccess     - Writing to: C:\Users\nicol\Desktop\amongu\system\fxgl.bundle
22:12:41.957 [JavaFX Application Thread] DEBUG Async                - Shutting down background threads
22:12:41.957 [JavaFX Application Thread] DEBUG PrimaryStageWindow   - Closing main window
22:12:41.982 [JavaFX Application Thread] DEBUG Logger               - Closing Logger
