19:21:26.428 [main                     ] DEBUG Logger               - Configured Logger
19:21:26.459 [main                     ] DEBUG GameApplication      - Logging settings
Title: Among Us UNEG
Version: 0.0
Width: 800
Height: 600
Fullscreen: false
Intro: false
Profiling: false
Single step:false
App Mode: DEVELOPER
Menu Key: ESCAPE
Stage Style: DECORATED
Scene Factory: class com.almasb.fxgl.app.scene.SceneFactory

19:21:27.425 [JavaFX Application Thread] DEBUG FXGLApplication      - Initializing FXGL
19:21:27.430 [JavaFX Application Thread] INFO  Engine               - FXGL-21.1 (26.03.2024 17.33) on WINDOWS (J:25.0.2 FX:21.0.1)
19:21:27.430 [JavaFX Application Thread] DEBUG Engine               - JRE Vendor Name: Oracle Corporation
19:21:27.430 [JavaFX Application Thread] DEBUG Engine               - Running on OS: Windows 11 version 10.0
19:21:27.430 [JavaFX Application Thread] DEBUG Engine               - Architecture: amd64
19:21:27.430 [JavaFX Application Thread] INFO  Engine               - Source code and latest versions at: https://github.com/AlmasB/FXGL
19:21:27.430 [JavaFX Application Thread] INFO  Engine               -       Ask questions and discuss at: https://github.com/AlmasB/FXGL/discussions
19:21:27.431 [JavaFX Application Thread] INFO  Engine               -              Join the FXGL chat at: https://gitter.im/AlmasB/FXGL
19:21:27.645 [JavaFX Application Thread] DEBUG PrimaryStageWindow   - Creating a JavaFX scene
19:21:27.785 [JavaFX Application Thread] DEBUG PrimaryStageWindow   - Target settings size: 800.0 x 600.0
19:21:27.787 [JavaFX Application Thread] DEBUG PrimaryStageWindow   - Scaled scene size:    800.0 x 600.0
19:21:27.787 [JavaFX Application Thread] DEBUG PrimaryStageWindow   - Scaled ratio: (1.0, 1.0)
19:21:27.791 [JavaFX Application Thread] DEBUG PrimaryStageWindow   - Set initial scene to FXGLStartupScene
19:21:27.797 [JavaFX Application Thread] DEBUG PrimaryStageWindow   - Opening main window
19:21:27.994 [JavaFX Application Thread] DEBUG PrimaryStageWindow   - Window border size: (16.0, 39.0)
19:21:27.994 [JavaFX Application Thread] DEBUG PrimaryStageWindow   - Scaled size: 800.0 x 600.0
19:21:27.994 [JavaFX Application Thread] DEBUG PrimaryStageWindow   - Scaled ratio: (1.0, 1.0)
19:21:27.994 [JavaFX Application Thread] DEBUG PrimaryStageWindow   - Scene size: 800.0 x 600.0
19:21:27.994 [JavaFX Application Thread] DEBUG PrimaryStageWindow   - Stage size: 816.0 x 639.0
19:21:28.035 [FXGL Background Thread 1 ] DEBUG Engine               - Initializing environment variables
19:21:28.213 [FXGL Background Thread 1 ] DEBUG FXGLAssetLoaderServi - User app class for loading assets: class main.java.amongUs.AppPrincipal
19:21:28.213 [FXGL Background Thread 1 ] DEBUG GameApplicationServi - Applying CSS: fxgl_dark.css
19:21:28.222 [FXGL Background Thread 1 ] DEBUG FXGLAssetLoaderServi - Loading from file system: jar:file:/C:/Users/josue/OneDrive/Desktop/proyecto%20java/Among%20Us/lib/fxgl-21.1-uber.jar!/fxglassets/ui/css/fxgl_dark.css
19:21:28.379 [FXGL Background Thread 1 ] DEBUG GameApplicationServi - Initializing application scenes
19:21:28.704 [FXGL Background Thread 1 ] DEBUG GameWorld            - Game world initialized
19:21:28.780 [FXGL Background Thread 1 ] DEBUG PhysicsWorld         - Physics world initialized: appHeight=600, physics.ppm=50,0
19:21:28.780 [FXGL Background Thread 1 ] DEBUG PhysicsWorld         - Using strategy: BRUTE_FORCE
19:21:28.789 [FXGL Background Thread 1 ] DEBUG GameScene            - Game scene initialized: 800x600
19:21:28.812 [FXGL Background Thread 1 ] DEBUG FXGL.DefaultMenu     - createMenuBodyGameMenu()
19:21:28.840 [FXGL Background Thread 1 ] DEBUG FXGL.DefaultMenu     - createOptionsMenu()
19:21:28.860 [FXGL Background Thread 1 ] DEBUG FXGLAssetLoaderServi - Loading from file system: jar:file:/C:/Users/josue/OneDrive/Desktop/proyecto%20java/Among%20Us/lib/fxgl-21.1-uber.jar!/fxglassets/textures/particles/smoke.png
19:21:29.451 [FXGL Background Thread 1 ] DEBUG FXGLAssetLoaderServi - Loading from file system: jar:file:/C:/Users/josue/OneDrive/Desktop/proyecto%20java/Among%20Us/lib/fxgl-21.1-uber.jar!/fxglassets/textures/particles/trace_horizontal.png
19:21:29.545 [FXGL Background Thread 1 ] DEBUG GameApplicationServi - Application scenes initialized
19:21:29.579 [FXGL Background Thread 1 ] DEBUG SystemBundleService  - Loading FXGL system data
19:21:29.588 [FXGL Background Thread 1 ] DEBUG FileSystemAccess     - Reading from: C:\Users\josue\OneDrive\Desktop\proyecto java\Among Us\system\fxgl.bundle
19:21:29.598 [FXGL Background Thread 1 ] DEBUG SystemBundleService  - Bundle FXGL: {}
19:21:29.598 [FXGL Background Thread 1 ] DEBUG UpdaterService       - Checking for updates
19:21:29.611 [FXGL Background Thread 1 ] DEBUG FXGLApplication      - Loading default localization
19:21:29.612 [FXGL Background Thread 1 ] DEBUG FXGLAssetLoaderServi - Loading from file system: jar:file:/C:/Users/josue/OneDrive/Desktop/proyecto%20java/Among%20Us/lib/fxgl-21.1-uber.jar!/fxglassets/languages/english.lang
19:21:29.645 [FXGL Background Thread 1 ] INFO  FXGLApplication      - FXGL initialization took: 1,610 sec
19:21:29.661 [JavaFX Application Thread] DEBUG Input                - Registered new binding: action0 - W
19:21:29.662 [JavaFX Application Thread] DEBUG Input                - Registered new binding: action1 - S
19:21:29.662 [JavaFX Application Thread] DEBUG Input                - Registered new binding: action2 - A
19:21:29.666 [JavaFX Application Thread] DEBUG Input                - Registered new binding: action3 - D
19:21:29.668 [JavaFX Application Thread] DEBUG FXGLAssetLoaderServi - Loading from file system: file:/C:/Users/josue/OneDrive/Desktop/proyecto%20java/Among%20Us/out/production/Among%20Us/assets/textures/icono.png
19:21:29.851 [FXGL Background Thread 4 ] DEBUG FXGLApplication      - Loading fonts
19:21:29.875 [FXGL Background Thread 4 ] DEBUG FXGLAssetLoaderServi - Loading from file system: jar:file:/C:/Users/josue/OneDrive/Desktop/proyecto%20java/Among%20Us/lib/fxgl-21.1-uber.jar!/fxglassets/ui/fonts/VarelaRound-Regular.ttf
19:21:29.907 [JavaFX Application Thread] DEBUG FXGLAssetLoaderServi - Loading from file system: jar:file:/C:/Users/josue/OneDrive/Desktop/proyecto%20java/Among%20Us/lib/fxgl-21.1-uber.jar!/fxglassets/textures/fxgl_default_cursor.png
19:21:29.922 [JavaFX Application Thread] DEBUG Input                - Registered new binding: Screenshot - CTRL+8
19:21:29.924 [JavaFX Application Thread] DEBUG Input                - Registered new binding: System info dump - CTRL+9
19:21:29.925 [JavaFX Application Thread] DEBUG Input                - Registered new binding: Restart - CTRL+R
19:21:29.926 [JavaFX Application Thread] DEBUG Input                - Registered new binding: Toggle Debug Camera - CTRL+7
19:21:29.934 [JavaFX Application Thread] DEBUG LoopRunner           - Starting loop
19:21:29.935 [JavaFX Application Thread] DEBUG LoopRunner           - Initializing JavaFX AnimationTimerLoop
19:21:29.941 [JavaFX Application Thread] DEBUG GameApplicationServi - Starting new game
19:21:29.945 [JavaFX Application Thread] DEBUG Input                - Clearing active input actions
19:21:30.048 [JavaFX Application Thread] DEBUG GameApplicationServi - Removing overlay from FXGLStartupScene and adding to FXGLLoadingScene
19:21:30.050 [JavaFX Application Thread] DEBUG PrimaryStageWindow   - FXGLStartupScene -> FXGLLoadingScene
19:21:30.051 [JavaFX Application Thread] DEBUG GameApplicationServi - Clearing previous game
19:21:30.051 [JavaFX Application Thread] DEBUG GameScene            - Clearing game scene
19:21:30.051 [JavaFX Application Thread] DEBUG GameWorld            - Clearing game world
19:21:30.051 [JavaFX Application Thread] DEBUG PhysicsWorld         - Clearing physics world
19:21:30.059 [FXGL Background Thread 1 ] DEBUG FXGLApplication      - Initializing game
19:21:30.080 [FXGL Background Thread 1 ] DEBUG FXGLAssetLoaderServi - Loading from file system: file:/C:/Users/josue/OneDrive/Desktop/proyecto%20java/Among%20Us/out/production/Among%20Us/assets/music/musicaMenu.mp3
19:21:31.051 [FXGL Background Thread 1 ] DEBUG AudioPlayer          - Playing music com.almasb.fxgl.audio.Music@3033d007
19:21:32.123 [FXGL Background Thread 4 ] DEBUG FXGLAssetLoaderServi - Loading from file system: jar:file:/C:/Users/josue/OneDrive/Desktop/proyecto%20java/Among%20Us/lib/fxgl-21.1-uber.jar!/fxglassets/ui/fonts/Abel-Regular.ttf
19:21:32.133 [FXGL Background Thread 4 ] DEBUG FXGLAssetLoaderServi - Loading from file system: jar:file:/C:/Users/josue/OneDrive/Desktop/proyecto%20java/Among%20Us/lib/fxgl-21.1-uber.jar!/fxglassets/ui/fonts/TerminalLandMono-Regular.otf
19:21:32.142 [FXGL Background Thread 4 ] DEBUG FXGLAssetLoaderServi - Loading from file system: jar:file:/C:/Users/josue/OneDrive/Desktop/proyecto%20java/Among%20Us/lib/fxgl-21.1-uber.jar!/fxglassets/ui/fonts/Courier-Prime.ttf
19:21:32.195 [FXGL Background Thread 1 ] INFO  FXGLApplication      - Game initialization took: 2,136 sec
19:21:32.409 [JavaFX Application Thread] DEBUG FXGLApplication      - Registering font factories with UI factory
19:21:32.415 [JavaFX Application Thread] DEBUG Input                - Clearing active input actions
19:21:32.488 [JavaFX Application Thread] DEBUG GameApplicationServi - Removing overlay from FXGLLoadingScene and adding to GameScene
19:21:32.490 [JavaFX Application Thread] DEBUG PrimaryStageWindow   - FXGLLoadingScene -> GameScene
19:21:32.609 [FXGL Background Thread 3 ] DEBUG Engine               - Logging environment variables
19:21:32.619 [FXGL Background Thread 3 ] DEBUG Engine               - achievements: []
19:21:32.620 [FXGL Background Thread 3 ] DEBUG Engine               - actualHeight: 600.0
19:21:32.625 [FXGL Background Thread 3 ] DEBUG Engine               - actualHeightProperty: ReadOnlyDoubleProperty [value: 600.0]
19:21:32.628 [FXGL Background Thread 3 ] DEBUG Engine               - actualWidth: 800.0
19:21:32.628 [FXGL Background Thread 3 ] DEBUG Engine               - actualWidthProperty: ReadOnlyDoubleProperty [value: 800.0]
19:21:32.628 [FXGL Background Thread 3 ] DEBUG Engine               - appIcon: icono.png
19:21:32.628 [FXGL Background Thread 3 ] DEBUG Engine               - applicationMode: DEVELOPER
19:21:32.628 [FXGL Background Thread 3 ] DEBUG Engine               - cSSList: [fxgl_dark.css]
19:21:32.642 [FXGL Background Thread 3 ] DEBUG Engine               - collisionDetectionStrategy: BRUTE_FORCE
19:21:32.658 [FXGL Background Thread 3 ] DEBUG Engine               - configClass: Optional.empty
19:21:32.665 [FXGL Background Thread 3 ] DEBUG Engine               - credits: []
19:21:32.666 [FXGL Background Thread 3 ] DEBUG Engine               - defaultCursor: CursorInfo(imageName=fxgl_default_cursor.png, hotspotX=7.0, hotspotY=6.0)
19:21:32.666 [FXGL Background Thread 3 ] DEBUG Engine               - devBBoxColorProperty: ObjectProperty [value: 0xff0000ff]
19:21:32.666 [FXGL Background Thread 3 ] DEBUG Engine               - devEnableDebugCameraProperty: BooleanProperty [value: false]
19:21:32.666 [FXGL Background Thread 3 ] DEBUG Engine               - devSensorColorProperty: ObjectProperty [value: 0xffff00ff]
19:21:32.668 [FXGL Background Thread 3 ] DEBUG Engine               - devShowBBoxProperty: BooleanProperty [value: false]
19:21:32.668 [FXGL Background Thread 3 ] DEBUG Engine               - devShowPositionProperty: BooleanProperty [value: false]
19:21:32.669 [FXGL Background Thread 3 ] DEBUG Engine               - enabledMenuItems: []
19:21:32.669 [FXGL Background Thread 3 ] DEBUG Engine               - engineServices: [class com.almasb.fxgl.app.services.FXGLAssetLoaderService, class com.almasb.fxgl.app.FXGLApplication$GameApplicationService, class com.almasb.fxgl.app.services.FXGLDialogService, class com.almasb.fxgl.app.services.IOTaskExecutorService, class com.almasb.fxgl.io.FileSystemService, class com.almasb.fxgl.localization.LocalizationService, class com.almasb.fxgl.app.services.SystemBundleService, class com.almasb.fxgl.profile.SaveLoadService, class com.almasb.fxgl.ui.FXGLUIFactoryServiceProvider, class com.almasb.fxgl.ui.FXGLDialogFactoryServiceProvider, class com.almasb.fxgl.audio.AudioPlayer, class com.almasb.fxgl.notification.impl.NotificationServiceProvider, class com.almasb.fxgl.achievement.AchievementService, class com.almasb.fxgl.cutscene.CutsceneService, class com.almasb.fxgl.minigames.MiniGameService, class com.almasb.fxgl.net.NetService, class com.almasb.fxgl.app.services.UpdaterService, class com.almasb.fxgl.dev.DevService]
19:21:32.669 [FXGL Background Thread 3 ] DEBUG Engine               - fontGame: Abel-Regular.ttf
19:21:32.669 [FXGL Background Thread 3 ] DEBUG Engine               - fontMono: TerminalLandMono-Regular.otf
19:21:32.669 [FXGL Background Thread 3 ] DEBUG Engine               - fontSizeScaleUI: 1.0
19:21:32.669 [FXGL Background Thread 3 ] DEBUG Engine               - fontText: Courier-Prime.ttf
19:21:32.671 [FXGL Background Thread 3 ] DEBUG Engine               - fontUI: VarelaRound-Regular.ttf
19:21:32.671 [FXGL Background Thread 3 ] DEBUG Engine               - fullScreen: BooleanProperty [value: false]
19:21:32.671 [FXGL Background Thread 3 ] DEBUG Engine               - gameDifficulty: MEDIUM
19:21:32.671 [FXGL Background Thread 3 ] DEBUG Engine               - gameDifficultyProperty: ObjectProperty [value: MEDIUM]
19:21:32.671 [FXGL Background Thread 3 ] DEBUG Engine               - globalMusicVolume: 0.5
19:21:32.671 [FXGL Background Thread 3 ] DEBUG Engine               - globalMusicVolumeProperty: DoubleProperty [value: 0.4]
19:21:32.675 [FXGL Background Thread 3 ] DEBUG Engine               - globalSoundVolume: 0.5
19:21:32.680 [FXGL Background Thread 3 ] DEBUG Engine               - globalSoundVolumeProperty: DoubleProperty [value: 0.5]
19:21:32.682 [FXGL Background Thread 3 ] DEBUG Engine               - height: 600
19:21:32.682 [FXGL Background Thread 3 ] DEBUG Engine               - is3D: false
19:21:32.685 [FXGL Background Thread 3 ] DEBUG Engine               - isAndroid: false
19:21:32.685 [FXGL Background Thread 3 ] DEBUG Engine               - isBrowser: false
19:21:32.685 [FXGL Background Thread 3 ] DEBUG Engine               - isClickFeedbackEnabled: false
19:21:32.685 [FXGL Background Thread 3 ] DEBUG Engine               - isCloseConfirmation: false
19:21:32.685 [FXGL Background Thread 3 ] DEBUG Engine               - isDesktop: true
19:21:32.685 [FXGL Background Thread 3 ] DEBUG Engine               - isDeveloperMenuEnabled: false
19:21:32.686 [FXGL Background Thread 3 ] DEBUG Engine               - isEmbedded: false
19:21:32.686 [FXGL Background Thread 3 ] DEBUG Engine               - isEntityPreloadEnabled: true
19:21:32.698 [FXGL Background Thread 3 ] DEBUG Engine               - isExperimentalTiledLargeMap: false
19:21:32.699 [FXGL Background Thread 3 ] DEBUG Engine               - isFileSystemWriteAllowed: true
19:21:32.700 [FXGL Background Thread 3 ] DEBUG Engine               - isFullScreenAllowed: false
19:21:32.706 [FXGL Background Thread 3 ] DEBUG Engine               - isFullScreenFromStart: false
19:21:32.706 [FXGL Background Thread 3 ] DEBUG Engine               - isGameMenuEnabled: true
19:21:32.706 [FXGL Background Thread 3 ] DEBUG Engine               - isIOS: false
19:21:32.706 [FXGL Background Thread 3 ] DEBUG Engine               - isIntroEnabled: false
19:21:32.706 [FXGL Background Thread 3 ] DEBUG Engine               - isLinux: false
19:21:32.710 [FXGL Background Thread 3 ] DEBUG Engine               - isMac: false
19:21:32.718 [FXGL Background Thread 3 ] DEBUG Engine               - isMainMenuEnabled: false
19:21:32.719 [FXGL Background Thread 3 ] DEBUG Engine               - isManualResizeEnabled: false
19:21:32.738 [FXGL Background Thread 3 ] DEBUG Engine               - isMobile: false
19:21:32.738 [FXGL Background Thread 3 ] DEBUG Engine               - isNative: false
19:21:32.738 [FXGL Background Thread 3 ] DEBUG Engine               - isPauseMusicWhenMinimized: true
19:21:32.740 [FXGL Background Thread 3 ] DEBUG Engine               - isPreserveResizeRatio: false
19:21:32.740 [FXGL Background Thread 3 ] DEBUG Engine               - isProfilingEnabled: false
19:21:32.741 [FXGL Background Thread 3 ] DEBUG Engine               - isScaleAffectedOnResize: true
19:21:32.741 [FXGL Background Thread 3 ] DEBUG Engine               - isSingleStep: false
19:21:32.741 [FXGL Background Thread 3 ] DEBUG Engine               - isUserProfileEnabled: false
19:21:32.741 [FXGL Background Thread 3 ] DEBUG Engine               - isWindows: true
19:21:32.741 [FXGL Background Thread 3 ] DEBUG Engine               - language: ObjectProperty [value: ENGLISH]
19:21:32.741 [FXGL Background Thread 3 ] DEBUG Engine               - menuKey: ESCAPE
19:21:32.741 [FXGL Background Thread 3 ] DEBUG Engine               - mouseSensitivity: 0.2
19:21:32.753 [FXGL Background Thread 3 ] DEBUG Engine               - notificationViewClass: class com.almasb.fxgl.notification.view.XboxNotificationView
19:21:32.753 [FXGL Background Thread 3 ] DEBUG Engine               - pixelsPerMeter: 50.0
19:21:32.753 [FXGL Background Thread 3 ] DEBUG Engine               - platform: WINDOWS
19:21:32.753 [FXGL Background Thread 3 ] DEBUG Engine               - prefHeightProperty: ReadOnlyDoubleProperty [value: 600.0]
19:21:32.753 [FXGL Background Thread 3 ] DEBUG Engine               - prefWidthProperty: ReadOnlyDoubleProperty [value: 800.0]
19:21:32.753 [FXGL Background Thread 3 ] DEBUG Engine               - profileDir: profiles/
19:21:32.753 [FXGL Background Thread 3 ] DEBUG Engine               - profileName: StringProperty [value: DEFAULT]
19:21:32.753 [FXGL Background Thread 3 ] DEBUG Engine               - randomSeed: -1
19:21:32.753 [FXGL Background Thread 3 ] DEBUG Engine               - runtimeInfo: RuntimeInfo(platform=WINDOWS, version=21.1, build=26.03.2024 17.33)
19:21:32.753 [FXGL Background Thread 3 ] DEBUG Engine               - saveFileExt: sav
19:21:32.754 [FXGL Background Thread 3 ] DEBUG Engine               - scaledHeightProp$fxgl: DoubleProperty [bound, value: 600.0]
19:21:32.754 [FXGL Background Thread 3 ] DEBUG Engine               - scaledWidthProp$fxgl: DoubleProperty [bound, value: 800.0]
19:21:32.754 [FXGL Background Thread 3 ] DEBUG Engine               - sceneFactory: com.almasb.fxgl.app.scene.SceneFactory@501aadc
19:21:32.754 [FXGL Background Thread 3 ] DEBUG Engine               - secondsIn24h: 60
19:21:32.754 [FXGL Background Thread 3 ] DEBUG Engine               - soundMenuBack: menu/back.wav
19:21:32.754 [FXGL Background Thread 3 ] DEBUG Engine               - soundMenuPress: menu/press.wav
19:21:32.754 [FXGL Background Thread 3 ] DEBUG Engine               - soundMenuSelect: menu/select.wav
19:21:32.754 [FXGL Background Thread 3 ] DEBUG Engine               - soundNotification: core/notification.wav
19:21:32.754 [FXGL Background Thread 3 ] DEBUG Engine               - stageStyle: DECORATED
19:21:32.754 [FXGL Background Thread 3 ] DEBUG Engine               - supportedLanguages: [ENGLISH, FRENCH, GERMAN, HUNGARIAN, RUSSIAN]
19:21:32.754 [FXGL Background Thread 3 ] DEBUG Engine               - ticksPerSecond: -1
19:21:32.754 [FXGL Background Thread 3 ] DEBUG Engine               - title: Among Us UNEG
19:21:32.754 [FXGL Background Thread 3 ] DEBUG Engine               - urlGithub: https://github.com/AlmasB/FXGL
19:21:32.754 [FXGL Background Thread 3 ] DEBUG Engine               - urlLeaderboard: http://fxgl-top.herokuapp.com/
19:21:32.754 [FXGL Background Thread 3 ] DEBUG Engine               - urlPOM: https://raw.githubusercontent.com/AlmasB/FXGL/release/README.md
19:21:32.754 [FXGL Background Thread 3 ] DEBUG Engine               - userAppClass: class main.java.amongUs.AppPrincipal
19:21:32.754 [FXGL Background Thread 3 ] DEBUG Engine               - version: 0.0
19:21:32.754 [FXGL Background Thread 3 ] DEBUG Engine               - versionCheckDays: 7
19:21:32.754 [FXGL Background Thread 3 ] DEBUG Engine               - width: 800
19:21:32.754 [FXGL Background Thread 3 ] DEBUG Engine               - Logging services
19:21:32.754 [FXGL Background Thread 3 ] DEBUG Engine               - class com.almasb.fxgl.app.services.FXGLAssetLoaderService
19:21:32.754 [FXGL Background Thread 3 ] DEBUG Engine               - class com.almasb.fxgl.app.FXGLApplication$GameApplicationService
19:21:32.754 [FXGL Background Thread 3 ] DEBUG Engine               - class com.almasb.fxgl.app.services.FXGLDialogService
19:21:32.754 [FXGL Background Thread 3 ] DEBUG Engine               - class com.almasb.fxgl.app.services.IOTaskExecutorService
19:21:32.754 [FXGL Background Thread 3 ] DEBUG Engine               - class com.almasb.fxgl.io.FileSystemService
19:21:32.754 [FXGL Background Thread 3 ] DEBUG Engine               - class com.almasb.fxgl.localization.LocalizationService
19:21:32.754 [FXGL Background Thread 3 ] DEBUG Engine               - class com.almasb.fxgl.app.services.SystemBundleService
19:21:32.755 [FXGL Background Thread 3 ] DEBUG Engine               - class com.almasb.fxgl.profile.SaveLoadService
19:21:32.755 [FXGL Background Thread 3 ] DEBUG Engine               - class com.almasb.fxgl.ui.FXGLUIFactoryServiceProvider
19:21:32.755 [FXGL Background Thread 3 ] DEBUG Engine               - class com.almasb.fxgl.ui.FXGLDialogFactoryServiceProvider
19:21:32.755 [FXGL Background Thread 3 ] DEBUG Engine               - class com.almasb.fxgl.audio.AudioPlayer
19:21:32.755 [FXGL Background Thread 3 ] DEBUG Engine               - class com.almasb.fxgl.notification.impl.NotificationServiceProvider
19:21:32.755 [FXGL Background Thread 3 ] DEBUG Engine               - class com.almasb.fxgl.achievement.AchievementService
19:21:32.755 [FXGL Background Thread 3 ] DEBUG Engine               - class com.almasb.fxgl.cutscene.CutsceneService
19:21:32.755 [FXGL Background Thread 3 ] DEBUG Engine               - class com.almasb.fxgl.minigames.MiniGameService
19:21:32.755 [FXGL Background Thread 3 ] DEBUG Engine               - class com.almasb.fxgl.net.NetService
19:21:32.755 [FXGL Background Thread 3 ] DEBUG Engine               - class com.almasb.fxgl.app.services.UpdaterService
19:21:32.755 [FXGL Background Thread 3 ] DEBUG Engine               - class com.almasb.fxgl.dev.DevService
19:21:33.363 [FXGL Background Thread 2 ] INFO  UpdaterService       - Your current version:  21.1
19:21:33.364 [FXGL Background Thread 2 ] INFO  UpdaterService       - Latest stable version: 25
19:21:43.985 [JavaFX Application Thread] DEBUG FXGLAssetLoaderServi - Loading from file system: file:/C:/Users/josue/OneDrive/Desktop/proyecto%20java/Among%20Us/out/production/Among%20Us/assets/sounds/clickBoton.wav
19:21:49.391 [JavaFX Application Thread] WARN  TMXLevelLoader       - TiledMap generated from 1.11.2. Supported version: 1.9.0. Some features may not be parsed fully.
19:21:49.524 [JavaFX Application Thread] DEBUG TMXLevelLoader       - Parsed TiledMap: file:/C:/Users/josue/OneDrive/Desktop/proyecto%20java/Among%20Us/out/production/Among%20Us/assets/levels/mapa2.tmx
19:21:49.525 [JavaFX Application Thread] DEBUG TMXLevelLoader       - Creating tile layer entities
19:21:49.534 [JavaFX Application Thread] DEBUG TilesetLoader        - Loading view for layer fondo1
19:21:49.535 [JavaFX Application Thread] DEBUG TilesetLoader        - Created buffer with size 992.0x960.0
19:21:49.584 [JavaFX Application Thread] DEBUG TilesetLoader        - Loading view for layer fondo
19:21:49.585 [JavaFX Application Thread] DEBUG TilesetLoader        - Created buffer with size 992.0x960.0
19:21:49.591 [JavaFX Application Thread] DEBUG TilesetLoader        - Loading view for layer piso
19:21:49.592 [JavaFX Application Thread] DEBUG TilesetLoader        - Created buffer with size 992.0x960.0
19:21:49.605 [JavaFX Application Thread] DEBUG TilesetLoader        - Loading view for layer piso1
19:21:49.606 [JavaFX Application Thread] DEBUG TilesetLoader        - Created buffer with size 992.0x960.0
19:21:49.611 [JavaFX Application Thread] WARN  TilesetLoader        - Diagonally flipped tiles are not currently supported
19:21:49.615 [JavaFX Application Thread] WARN  TilesetLoader        - Diagonally flipped tiles are not currently supported
19:21:49.623 [JavaFX Application Thread] WARN  TilesetLoader        - Diagonally flipped tiles are not currently supported
19:21:49.658 [JavaFX Application Thread] WARN  TilesetLoader        - Diagonally flipped tiles are not currently supported
19:21:49.659 [JavaFX Application Thread] DEBUG TilesetLoader        - Loading view for layer izquierda
19:21:49.660 [JavaFX Application Thread] DEBUG TilesetLoader        - Created buffer with size 992.0x960.0
19:21:49.678 [JavaFX Application Thread] DEBUG TilesetLoader        - Loading view for layer detallesatraspared
19:21:49.679 [JavaFX Application Thread] DEBUG TilesetLoader        - Created buffer with size 992.0x960.0
19:21:49.711 [JavaFX Application Thread] WARN  TilesetLoader        - Diagonally flipped tiles are not currently supported
19:21:49.715 [JavaFX Application Thread] WARN  TilesetLoader        - Diagonally flipped tiles are not currently supported
19:21:49.845 [JavaFX Application Thread] DEBUG TilesetLoader        - Loading view for layer pared2
19:21:49.846 [JavaFX Application Thread] DEBUG TilesetLoader        - Created buffer with size 992.0x960.0
19:21:49.916 [JavaFX Application Thread] DEBUG TilesetLoader        - Loading view for layer techo1
19:21:49.919 [JavaFX Application Thread] DEBUG TilesetLoader        - Created buffer with size 992.0x960.0
19:21:49.925 [JavaFX Application Thread] DEBUG TilesetLoader        - Loading view for layer techo2
19:21:49.928 [JavaFX Application Thread] DEBUG TilesetLoader        - Created buffer with size 992.0x960.0
19:21:49.946 [JavaFX Application Thread] DEBUG TilesetLoader        - Loading view for layer puertita
19:21:49.949 [JavaFX Application Thread] DEBUG TilesetLoader        - Created buffer with size 992.0x960.0
19:21:49.951 [JavaFX Application Thread] DEBUG TilesetLoader        - Loading view for layer puerta
19:21:49.954 [JavaFX Application Thread] DEBUG TilesetLoader        - Created buffer with size 992.0x960.0
19:21:49.959 [JavaFX Application Thread] DEBUG TilesetLoader        - Loading view for layer detalles
19:21:49.961 [JavaFX Application Thread] DEBUG TilesetLoader        - Created buffer with size 992.0x960.0
19:21:50.094 [JavaFX Application Thread] DEBUG TilesetLoader        - Loading view for layer detalles 2
19:21:50.095 [JavaFX Application Thread] DEBUG TilesetLoader        - Created buffer with size 992.0x960.0
19:21:50.119 [JavaFX Application Thread] DEBUG TilesetLoader        - Loading view for layer detalles3
19:21:50.120 [JavaFX Application Thread] DEBUG TilesetLoader        - Created buffer with size 992.0x960.0
19:21:50.140 [JavaFX Application Thread] DEBUG TMXLevelLoader       - Creating object layer entities
19:21:50.226 [JavaFX Application Thread] DEBUG GameWorld            - Clearing removable entities
19:21:50.228 [JavaFX Application Thread] DEBUG GameWorld            - Setting level: com.almasb.fxgl.entity.level.Level@40822456
19:21:50.281 [JavaFX Application Thread] DEBUG FXGLAssetLoaderServi - Loading from file system: file:/C:/Users/josue/OneDrive/Desktop/proyecto%20java/Among%20Us/out/production/Among%20Us/assets/textures/tripulante_negro.png
19:21:50.285 [JavaFX Application Thread] DEBUG FXGLAssetLoaderServi - Loading from file system: file:/C:/Users/josue/OneDrive/Desktop/proyecto%20java/Among%20Us/out/production/Among%20Us/assets/textures/animacion_negro.png
19:22:03.339 [JavaFX Application Thread] DEBUG PrimaryStageWindow   - Push state: FXGLDefaultMenu
19:22:03.346 [JavaFX Application Thread] DEBUG Input                - Clearing active input actions
19:22:03.352 [JavaFX Application Thread] DEBUG GameApplicationServi - Removing overlay from GameScene and adding to FXGLDefaultMenu
19:22:03.360 [JavaFX Application Thread] DEBUG PrimaryStageWindow   - GameScene -> FXGLDefaultMenu
19:22:09.534 [JavaFX Application Thread] DEBUG Menu                 - fireResume()
19:22:09.537 [JavaFX Application Thread] DEBUG PrimaryStageWindow   - Pop state: FXGLDefaultMenu
19:22:09.537 [JavaFX Application Thread] DEBUG Input                - Clearing active input actions
19:22:09.542 [JavaFX Application Thread] DEBUG GameApplicationServi - Removing overlay from FXGLDefaultMenu and adding to GameScene
19:22:09.542 [JavaFX Application Thread] DEBUG PrimaryStageWindow   - GameScene <- FXGLDefaultMenu
19:22:10.363 [JavaFX Application Thread] DEBUG PrimaryStageWindow   - Push state: FXGLDefaultMenu
19:22:10.365 [JavaFX Application Thread] DEBUG Input                - Clearing active input actions
19:22:10.371 [JavaFX Application Thread] DEBUG GameApplicationServi - Removing overlay from GameScene and adding to FXGLDefaultMenu
19:22:10.373 [JavaFX Application Thread] DEBUG PrimaryStageWindow   - GameScene -> FXGLDefaultMenu
19:22:12.399 [JavaFX Application Thread] DEBUG FXGL.DefaultMenu     - createContentGameplay()
19:22:13.070 [JavaFX Application Thread] DEBUG FXGL.DefaultMenu     - createContentControls()
19:22:13.672 [JavaFX Application Thread] DEBUG FXGL.DefaultMenu     - createContentAudio()
19:22:14.532 [JavaFX Application Thread] DEBUG FXGL.DefaultMenu     - createContentVideo()
19:22:16.134 [JavaFX Application Thread] DEBUG PrimaryStageWindow   - Push state: DialogSubScene
19:22:16.134 [JavaFX Application Thread] DEBUG Input                - Clearing active input actions
19:22:16.136 [JavaFX Application Thread] DEBUG GameApplicationServi - Removing overlay from FXGLDefaultMenu and adding to DialogSubScene
19:22:16.136 [JavaFX Application Thread] DEBUG PrimaryStageWindow   - FXGLDefaultMenu -> DialogSubScene
19:22:17.241 [JavaFX Application Thread] DEBUG PrimaryStageWindow   - Pop state: DialogSubScene
19:22:17.241 [JavaFX Application Thread] DEBUG Input                - Clearing active input actions
19:22:17.241 [JavaFX Application Thread] DEBUG GameApplicationServi - Removing overlay from DialogSubScene and adding to FXGLDefaultMenu
19:22:17.242 [JavaFX Application Thread] DEBUG PrimaryStageWindow   - FXGLDefaultMenu <- DialogSubScene
19:22:17.806 [JavaFX Application Thread] DEBUG PrimaryStageWindow   - Push state: DialogSubScene
19:22:17.806 [JavaFX Application Thread] DEBUG Input                - Clearing active input actions
19:22:17.809 [JavaFX Application Thread] DEBUG GameApplicationServi - Removing overlay from FXGLDefaultMenu and adding to DialogSubScene
19:22:17.809 [JavaFX Application Thread] DEBUG PrimaryStageWindow   - FXGLDefaultMenu -> DialogSubScene
19:22:18.662 [JavaFX Application Thread] DEBUG PrimaryStageWindow   - Pop state: DialogSubScene
19:22:18.662 [JavaFX Application Thread] DEBUG Input                - Clearing active input actions
19:22:18.663 [JavaFX Application Thread] DEBUG GameApplicationServi - Removing overlay from DialogSubScene and adding to FXGLDefaultMenu
19:22:18.663 [JavaFX Application Thread] DEBUG PrimaryStageWindow   - FXGLDefaultMenu <- DialogSubScene
19:22:27.957 [JavaFX Application Thread] DEBUG PrimaryStageWindow   - Push state: PressAnyKeyState
19:22:27.957 [JavaFX Application Thread] DEBUG Input                - Clearing active input actions
19:22:27.957 [JavaFX Application Thread] DEBUG GameApplicationServi - Removing overlay from FXGLDefaultMenu and adding to PressAnyKeyState
19:22:27.961 [JavaFX Application Thread] DEBUG PrimaryStageWindow   - FXGLDefaultMenu -> PressAnyKeyState
19:22:29.596 [JavaFX Application Thread] DEBUG PrimaryStageWindow   - Pop state: PressAnyKeyState
19:22:29.598 [JavaFX Application Thread] DEBUG Input                - Clearing active input actions
19:22:29.598 [JavaFX Application Thread] DEBUG GameApplicationServi - Removing overlay from PressAnyKeyState and adding to FXGLDefaultMenu
19:22:29.599 [JavaFX Application Thread] DEBUG PrimaryStageWindow   - FXGLDefaultMenu <- PressAnyKeyState
19:22:30.628 [JavaFX Application Thread] DEBUG PrimaryStageWindow   - Pop state: FXGLDefaultMenu
19:22:30.628 [JavaFX Application Thread] DEBUG Input                - Clearing active input actions
19:22:30.628 [JavaFX Application Thread] DEBUG GameApplicationServi - Removing overlay from FXGLDefaultMenu and adding to GameScene
19:22:30.628 [JavaFX Application Thread] DEBUG PrimaryStageWindow   - GameScene <- FXGLDefaultMenu
19:22:31.746 [JavaFX Application Thread] DEBUG PrimaryStageWindow   - Push state: FXGLDefaultMenu
19:22:31.749 [JavaFX Application Thread] DEBUG Input                - Clearing active input actions
19:22:31.760 [JavaFX Application Thread] DEBUG GameApplicationServi - Removing overlay from GameScene and adding to FXGLDefaultMenu
19:22:31.760 [JavaFX Application Thread] DEBUG PrimaryStageWindow   - GameScene -> FXGLDefaultMenu
19:22:37.121 [JavaFX Application Thread] DEBUG PrimaryStageWindow   - Push state: PressAnyKeyState
19:22:37.122 [JavaFX Application Thread] DEBUG Input                - Clearing active input actions
19:22:37.122 [JavaFX Application Thread] DEBUG GameApplicationServi - Removing overlay from FXGLDefaultMenu and adding to PressAnyKeyState
19:22:37.122 [JavaFX Application Thread] DEBUG PrimaryStageWindow   - FXGLDefaultMenu -> PressAnyKeyState
19:22:37.246 [JavaFX Application Thread] DEBUG PrimaryStageWindow   - Pop state: PressAnyKeyState
19:22:37.246 [JavaFX Application Thread] DEBUG Input                - Clearing active input actions
19:22:37.246 [JavaFX Application Thread] DEBUG GameApplicationServi - Removing overlay from PressAnyKeyState and adding to FXGLDefaultMenu
19:22:37.246 [JavaFX Application Thread] DEBUG PrimaryStageWindow   - FXGLDefaultMenu <- PressAnyKeyState
19:22:44.329 [JavaFX Application Thread] DEBUG PrimaryStageWindow   - Pop state: FXGLDefaultMenu
19:22:44.330 [JavaFX Application Thread] DEBUG Input                - Clearing active input actions
19:22:44.330 [JavaFX Application Thread] DEBUG GameApplicationServi - Removing overlay from FXGLDefaultMenu and adding to GameScene
19:22:44.331 [JavaFX Application Thread] DEBUG PrimaryStageWindow   - GameScene <- FXGLDefaultMenu
19:22:44.712 [JavaFX Application Thread] DEBUG PrimaryStageWindow   - Push state: FXGLDefaultMenu
19:22:44.713 [JavaFX Application Thread] DEBUG Input                - Clearing active input actions
19:22:44.714 [JavaFX Application Thread] DEBUG GameApplicationServi - Removing overlay from GameScene and adding to FXGLDefaultMenu
19:22:44.714 [JavaFX Application Thread] DEBUG PrimaryStageWindow   - GameScene -> FXGLDefaultMenu
19:22:45.333 [JavaFX Application Thread] DEBUG Menu                 - fireExit()
19:22:45.338 [JavaFX Application Thread] DEBUG PrimaryStageWindow   - Push state: DialogSubScene
19:22:45.338 [JavaFX Application Thread] DEBUG Input                - Clearing active input actions
19:22:45.338 [JavaFX Application Thread] DEBUG GameApplicationServi - Removing overlay from FXGLDefaultMenu and adding to DialogSubScene
19:22:45.338 [JavaFX Application Thread] DEBUG PrimaryStageWindow   - FXGLDefaultMenu -> DialogSubScene
19:22:46.202 [JavaFX Application Thread] DEBUG PrimaryStageWindow   - Pop state: DialogSubScene
19:22:46.202 [JavaFX Application Thread] DEBUG Input                - Clearing active input actions
19:22:46.202 [JavaFX Application Thread] DEBUG GameApplicationServi - Removing overlay from DialogSubScene and adding to FXGLDefaultMenu
19:22:46.203 [JavaFX Application Thread] DEBUG PrimaryStageWindow   - FXGLDefaultMenu <- DialogSubScene
19:22:46.203 [JavaFX Application Thread] DEBUG FXGLApplication      - Exiting FXGL
19:22:46.203 [JavaFX Application Thread] DEBUG LoopRunner           - Stopping loop
19:22:46.203 [JavaFX Application Thread] DEBUG SystemBundleService  - Saving FXGL system data
19:22:46.206 [JavaFX Application Thread] DEBUG FileSystemAccess     - Writing to: C:\Users\josue\OneDrive\Desktop\proyecto java\Among Us\system\fxgl.bundle
19:22:46.210 [JavaFX Application Thread] DEBUG Async                - Shutting down background threads
19:22:46.211 [JavaFX Application Thread] DEBUG PrimaryStageWindow   - Closing main window
19:22:46.278 [JavaFX Application Thread] DEBUG Logger               - Closing Logger
