17:01:47.090 [main                     ] DEBUG Logger               - Configured Logger
17:01:47.098 [main                     ] DEBUG GameApplication      - Logging settings
Title: Among Us UNEG
Version: 0.0
Width: 800
Height: 600
Fullscreen: false
Intro: false
Profiling: false
Single step:false
App Mode: DEVELOPER
Menu Key: ESCAPE
Stage Style: DECORATED
Scene Factory: class com.almasb.fxgl.app.scene.SceneFactory

17:01:47.563 [JavaFX Application Thread] DEBUG FXGLApplication      - Initializing FXGL
17:01:47.567 [JavaFX Application Thread] INFO  Engine               - FXGL-21.1 (26.03.2024 17.33) on WINDOWS (J:25.0.2 FX:21.0.1)
17:01:47.567 [JavaFX Application Thread] DEBUG Engine               - JRE Vendor Name: Oracle Corporation
17:01:47.567 [JavaFX Application Thread] DEBUG Engine               - Running on OS: Windows 11 version 10.0
17:01:47.567 [JavaFX Application Thread] DEBUG Engine               - Architecture: amd64
17:01:47.567 [JavaFX Application Thread] INFO  Engine               - Source code and latest versions at: https://github.com/AlmasB/FXGL
17:01:47.567 [JavaFX Application Thread] INFO  Engine               -       Ask questions and discuss at: https://github.com/AlmasB/FXGL/discussions
17:01:47.567 [JavaFX Application Thread] INFO  Engine               -              Join the FXGL chat at: https://gitter.im/AlmasB/FXGL
17:01:47.660 [JavaFX Application Thread] DEBUG PrimaryStageWindow   - Creating a JavaFX scene
17:01:47.699 [JavaFX Application Thread] DEBUG PrimaryStageWindow   - Target settings size: 800.0 x 600.0
17:01:47.699 [JavaFX Application Thread] DEBUG PrimaryStageWindow   - Scaled scene size:    800.0 x 600.0
17:01:47.699 [JavaFX Application Thread] DEBUG PrimaryStageWindow   - Scaled ratio: (1.0, 1.0)
17:01:47.701 [JavaFX Application Thread] DEBUG PrimaryStageWindow   - Set initial scene to FXGLStartupScene
17:01:47.704 [JavaFX Application Thread] DEBUG PrimaryStageWindow   - Opening main window
17:01:47.808 [JavaFX Application Thread] DEBUG PrimaryStageWindow   - Window border size: (14.66668701171875, 37.33331298828125)
17:01:47.808 [JavaFX Application Thread] DEBUG PrimaryStageWindow   - Scaled size: 800.0 x 600.0
17:01:47.808 [JavaFX Application Thread] DEBUG PrimaryStageWindow   - Scaled ratio: (1.0, 1.0)
17:01:47.808 [JavaFX Application Thread] DEBUG PrimaryStageWindow   - Scene size: 800.0 x 600.0
17:01:47.808 [JavaFX Application Thread] DEBUG PrimaryStageWindow   - Stage size: 814.6666870117188 x 637.3333129882812
17:01:47.815 [FXGL Background Thread 1 ] DEBUG Engine               - Initializing environment variables
17:01:47.871 [FXGL Background Thread 1 ] DEBUG FXGLAssetLoaderServi - User app class for loading assets: class main.java.amongUs.AppPrincipal
17:01:47.871 [FXGL Background Thread 1 ] DEBUG GameApplicationServi - Applying CSS: fxgl_dark.css
17:01:47.872 [FXGL Background Thread 1 ] DEBUG FXGLAssetLoaderServi - Loading from file system: jar:file:/C:/Users/nicol/Desktop/amongu/lib/fxgl-21.1-uber.jar!/fxglassets/ui/css/fxgl_dark.css
17:01:47.905 [FXGL Background Thread 1 ] DEBUG GameApplicationServi - Initializing application scenes
17:01:47.940 [FXGL Background Thread 1 ] DEBUG GameWorld            - Game world initialized
17:01:47.981 [FXGL Background Thread 1 ] DEBUG PhysicsWorld         - Physics world initialized: appHeight=600, physics.ppm=50,0
17:01:47.983 [FXGL Background Thread 1 ] DEBUG PhysicsWorld         - Using strategy: BRUTE_FORCE
17:01:47.986 [FXGL Background Thread 1 ] DEBUG GameScene            - Game scene initialized: 800x600
17:01:47.998 [FXGL Background Thread 1 ] DEBUG FXGL.DefaultMenu     - createMenuBodyGameMenu()
17:01:48.011 [FXGL Background Thread 1 ] DEBUG FXGL.DefaultMenu     - createOptionsMenu()
17:01:48.021 [FXGL Background Thread 1 ] DEBUG FXGLAssetLoaderServi - Loading from file system: jar:file:/C:/Users/nicol/Desktop/amongu/lib/fxgl-21.1-uber.jar!/fxglassets/textures/particles/smoke.png
17:01:48.095 [FXGL Background Thread 1 ] DEBUG FXGLAssetLoaderServi - Loading from file system: jar:file:/C:/Users/nicol/Desktop/amongu/lib/fxgl-21.1-uber.jar!/fxglassets/textures/particles/trace_horizontal.png
17:01:48.115 [FXGL Background Thread 1 ] DEBUG GameApplicationServi - Application scenes initialized
17:01:48.124 [FXGL Background Thread 1 ] DEBUG SystemBundleService  - Loading FXGL system data
17:01:48.127 [FXGL Background Thread 1 ] DEBUG FileSystemAccess     - Reading from: C:\Users\nicol\Desktop\amongu\system\fxgl.bundle
17:01:48.132 [FXGL Background Thread 1 ] DEBUG SystemBundleService  - Bundle FXGL: {}
17:01:48.132 [FXGL Background Thread 1 ] DEBUG UpdaterService       - Checking for updates
17:01:48.136 [FXGL Background Thread 4 ] DEBUG FXGLApplication      - Loading fonts
17:01:48.136 [FXGL Background Thread 1 ] DEBUG FXGLApplication      - Loading default localization
17:01:48.136 [FXGL Background Thread 4 ] DEBUG FXGLAssetLoaderServi - Loading from file system: jar:file:/C:/Users/nicol/Desktop/amongu/lib/fxgl-21.1-uber.jar!/fxglassets/ui/fonts/VarelaRound-Regular.ttf
17:01:48.136 [FXGL Background Thread 1 ] DEBUG FXGLAssetLoaderServi - Loading from file system: jar:file:/C:/Users/nicol/Desktop/amongu/lib/fxgl-21.1-uber.jar!/fxglassets/languages/english.lang
17:01:48.151 [FXGL Background Thread 1 ] INFO  FXGLApplication      - FXGL initialization took: 0,337 sec
17:01:48.158 [JavaFX Application Thread] DEBUG Input                - Registered new binding: Mover Arriba - W
17:01:48.159 [JavaFX Application Thread] DEBUG Input                - Registered new binding: Mover Abajo - S
17:01:48.159 [JavaFX Application Thread] DEBUG Input                - Registered new binding: Mover Izquierda - A
17:01:48.159 [JavaFX Application Thread] DEBUG Input                - Registered new binding: Mover Derecha - D
17:01:48.159 [JavaFX Application Thread] DEBUG FXGLAssetLoaderServi - Loading from file system: file:/C:/Users/nicol/Desktop/amongu/out/production/Among%20Us/assets/textures/icono.png
17:01:48.176 [FXGL Background Thread 4 ] DEBUG FXGLAssetLoaderServi - Loading from file system: jar:file:/C:/Users/nicol/Desktop/amongu/lib/fxgl-21.1-uber.jar!/fxglassets/ui/fonts/Abel-Regular.ttf
17:01:48.178 [JavaFX Application Thread] DEBUG FXGLAssetLoaderServi - Loading from file system: jar:file:/C:/Users/nicol/Desktop/amongu/lib/fxgl-21.1-uber.jar!/fxglassets/textures/fxgl_default_cursor.png
17:01:48.181 [JavaFX Application Thread] DEBUG Input                - Registered new binding: Screenshot - CTRL+8
17:01:48.181 [JavaFX Application Thread] DEBUG Input                - Registered new binding: System info dump - CTRL+9
17:01:48.181 [FXGL Background Thread 4 ] DEBUG FXGLAssetLoaderServi - Loading from file system: jar:file:/C:/Users/nicol/Desktop/amongu/lib/fxgl-21.1-uber.jar!/fxglassets/ui/fonts/TerminalLandMono-Regular.otf
17:01:48.182 [JavaFX Application Thread] DEBUG Input                - Registered new binding: Restart - CTRL+R
17:01:48.182 [JavaFX Application Thread] DEBUG Input                - Registered new binding: Toggle Debug Camera - CTRL+7
17:01:48.187 [JavaFX Application Thread] DEBUG LoopRunner           - Starting loop
17:01:48.187 [FXGL Background Thread 4 ] DEBUG FXGLAssetLoaderServi - Loading from file system: jar:file:/C:/Users/nicol/Desktop/amongu/lib/fxgl-21.1-uber.jar!/fxglassets/ui/fonts/Courier-Prime.ttf
17:01:48.187 [JavaFX Application Thread] DEBUG LoopRunner           - Initializing JavaFX AnimationTimerLoop
17:01:48.189 [JavaFX Application Thread] DEBUG GameApplicationServi - Starting new game
17:01:48.190 [JavaFX Application Thread] DEBUG Input                - Clearing active input actions
17:01:48.203 [JavaFX Application Thread] DEBUG GameApplicationServi - Removing overlay from FXGLStartupScene and adding to FXGLLoadingScene
17:01:48.204 [JavaFX Application Thread] DEBUG PrimaryStageWindow   - FXGLStartupScene -> FXGLLoadingScene
17:01:48.204 [JavaFX Application Thread] DEBUG GameApplicationServi - Clearing previous game
17:01:48.204 [JavaFX Application Thread] DEBUG GameScene            - Clearing game scene
17:01:48.204 [JavaFX Application Thread] DEBUG GameWorld            - Clearing game world
17:01:48.204 [JavaFX Application Thread] DEBUG PhysicsWorld         - Clearing physics world
17:01:48.206 [FXGL Background Thread 4 ] DEBUG FXGLApplication      - Initializing game
17:01:48.212 [FXGL Background Thread 4 ] DEBUG FXGLAssetLoaderServi - Loading from file system: file:/C:/Users/nicol/Desktop/amongu/out/production/Among%20Us/assets/music/musicaMenu.mp3
17:01:48.251 [JavaFX Application Thread] DEBUG FXGLApplication      - Registering font factories with UI factory
17:01:48.341 [FXGL Background Thread 4 ] DEBUG AudioPlayer          - Playing music com.almasb.fxgl.audio.Music@6146d6e7
17:01:48.626 [FXGL Background Thread 4 ] INFO  FXGLApplication      - Game initialization took: 0,419 sec
17:01:48.634 [JavaFX Application Thread] DEBUG Input                - Clearing active input actions
17:01:48.641 [JavaFX Application Thread] DEBUG GameApplicationServi - Removing overlay from FXGLLoadingScene and adding to GameScene
17:01:48.641 [JavaFX Application Thread] DEBUG PrimaryStageWindow   - FXGLLoadingScene -> GameScene
17:01:48.743 [FXGL Background Thread 2 ] INFO  UpdaterService       - Your current version:  21.1
17:01:48.744 [FXGL Background Thread 2 ] INFO  UpdaterService       - Latest stable version: 25
17:01:49.909 [JavaFX Application Thread] DEBUG FXGLAssetLoaderServi - Loading from file system: file:/C:/Users/nicol/Desktop/amongu/out/production/Among%20Us/assets/sounds/clickBoton.wav
17:01:51.134 [FXGL Background Thread 3 ] DEBUG Engine               - Logging environment variables
17:01:51.134 [FXGL Background Thread 3 ] DEBUG Engine               - achievements: []
17:01:51.134 [FXGL Background Thread 3 ] DEBUG Engine               - actualHeight: 600.0
17:01:51.134 [FXGL Background Thread 3 ] DEBUG Engine               - actualHeightProperty: ReadOnlyDoubleProperty [value: 600.0]
17:01:51.134 [FXGL Background Thread 3 ] DEBUG Engine               - actualWidth: 800.0
17:01:51.134 [FXGL Background Thread 3 ] DEBUG Engine               - actualWidthProperty: ReadOnlyDoubleProperty [value: 800.0]
17:01:51.134 [FXGL Background Thread 3 ] DEBUG Engine               - appIcon: icono.png
17:01:51.134 [FXGL Background Thread 3 ] DEBUG Engine               - applicationMode: DEVELOPER
17:01:51.135 [FXGL Background Thread 3 ] DEBUG Engine               - cSSList: [fxgl_dark.css]
17:01:51.135 [FXGL Background Thread 3 ] DEBUG Engine               - collisionDetectionStrategy: BRUTE_FORCE
17:01:51.135 [FXGL Background Thread 3 ] DEBUG Engine               - configClass: Optional.empty
17:01:51.135 [FXGL Background Thread 3 ] DEBUG Engine               - credits: []
17:01:51.135 [FXGL Background Thread 3 ] DEBUG Engine               - defaultCursor: CursorInfo(imageName=fxgl_default_cursor.png, hotspotX=7.0, hotspotY=6.0)
17:01:51.135 [FXGL Background Thread 3 ] DEBUG Engine               - devBBoxColorProperty: ObjectProperty [value: 0xff0000ff]
17:01:51.135 [FXGL Background Thread 3 ] DEBUG Engine               - devEnableDebugCameraProperty: BooleanProperty [value: false]
17:01:51.135 [FXGL Background Thread 3 ] DEBUG Engine               - devSensorColorProperty: ObjectProperty [value: 0xffff00ff]
17:01:51.135 [FXGL Background Thread 3 ] DEBUG Engine               - devShowBBoxProperty: BooleanProperty [value: false]
17:01:51.135 [FXGL Background Thread 3 ] DEBUG Engine               - devShowPositionProperty: BooleanProperty [value: false]
17:01:51.135 [FXGL Background Thread 3 ] DEBUG Engine               - enabledMenuItems: []
17:01:51.135 [FXGL Background Thread 3 ] DEBUG Engine               - engineServices: [class com.almasb.fxgl.app.services.FXGLAssetLoaderService, class com.almasb.fxgl.app.FXGLApplication$GameApplicationService, class com.almasb.fxgl.app.services.FXGLDialogService, class com.almasb.fxgl.app.services.IOTaskExecutorService, class com.almasb.fxgl.io.FileSystemService, class com.almasb.fxgl.localization.LocalizationService, class com.almasb.fxgl.app.services.SystemBundleService, class com.almasb.fxgl.profile.SaveLoadService, class com.almasb.fxgl.ui.FXGLUIFactoryServiceProvider, class com.almasb.fxgl.ui.FXGLDialogFactoryServiceProvider, class com.almasb.fxgl.audio.AudioPlayer, class com.almasb.fxgl.notification.impl.NotificationServiceProvider, class com.almasb.fxgl.achievement.AchievementService, class com.almasb.fxgl.cutscene.CutsceneService, class com.almasb.fxgl.minigames.MiniGameService, class com.almasb.fxgl.net.NetService, class com.almasb.fxgl.app.services.UpdaterService, class com.almasb.fxgl.dev.DevService]
17:01:51.135 [FXGL Background Thread 3 ] DEBUG Engine               - fontGame: Abel-Regular.ttf
17:01:51.135 [FXGL Background Thread 3 ] DEBUG Engine               - fontMono: TerminalLandMono-Regular.otf
17:01:51.135 [FXGL Background Thread 3 ] DEBUG Engine               - fontSizeScaleUI: 1.0
17:01:51.135 [FXGL Background Thread 3 ] DEBUG Engine               - fontText: Courier-Prime.ttf
17:01:51.135 [FXGL Background Thread 3 ] DEBUG Engine               - fontUI: VarelaRound-Regular.ttf
17:01:51.135 [FXGL Background Thread 3 ] DEBUG Engine               - fullScreen: BooleanProperty [value: false]
17:01:51.135 [FXGL Background Thread 3 ] DEBUG Engine               - gameDifficulty: MEDIUM
17:01:51.135 [FXGL Background Thread 3 ] DEBUG Engine               - gameDifficultyProperty: ObjectProperty [value: MEDIUM]
17:01:51.135 [FXGL Background Thread 3 ] DEBUG Engine               - globalMusicVolume: 0.5
17:01:51.135 [FXGL Background Thread 3 ] DEBUG Engine               - globalMusicVolumeProperty: DoubleProperty [value: 0.4]
17:01:51.135 [FXGL Background Thread 3 ] DEBUG Engine               - globalSoundVolume: 0.5
17:01:51.135 [FXGL Background Thread 3 ] DEBUG Engine               - globalSoundVolumeProperty: DoubleProperty [value: 0.5]
17:01:51.135 [FXGL Background Thread 3 ] DEBUG Engine               - height: 600
17:01:51.136 [FXGL Background Thread 3 ] DEBUG Engine               - is3D: false
17:01:51.136 [FXGL Background Thread 3 ] DEBUG Engine               - isAndroid: false
17:01:51.136 [FXGL Background Thread 3 ] DEBUG Engine               - isBrowser: false
17:01:51.136 [FXGL Background Thread 3 ] DEBUG Engine               - isClickFeedbackEnabled: false
17:01:51.136 [FXGL Background Thread 3 ] DEBUG Engine               - isCloseConfirmation: false
17:01:51.136 [FXGL Background Thread 3 ] DEBUG Engine               - isDesktop: true
17:01:51.136 [FXGL Background Thread 3 ] DEBUG Engine               - isDeveloperMenuEnabled: false
17:01:51.136 [FXGL Background Thread 3 ] DEBUG Engine               - isEmbedded: false
17:01:51.137 [FXGL Background Thread 3 ] DEBUG Engine               - isEntityPreloadEnabled: true
17:01:51.137 [FXGL Background Thread 3 ] DEBUG Engine               - isExperimentalTiledLargeMap: false
17:01:51.137 [FXGL Background Thread 3 ] DEBUG Engine               - isFileSystemWriteAllowed: true
17:01:51.137 [FXGL Background Thread 3 ] DEBUG Engine               - isFullScreenAllowed: false
17:01:51.137 [FXGL Background Thread 3 ] DEBUG Engine               - isFullScreenFromStart: false
17:01:51.137 [FXGL Background Thread 3 ] DEBUG Engine               - isGameMenuEnabled: true
17:01:51.137 [FXGL Background Thread 3 ] DEBUG Engine               - isIOS: false
17:01:51.137 [FXGL Background Thread 3 ] DEBUG Engine               - isIntroEnabled: false
17:01:51.137 [FXGL Background Thread 3 ] DEBUG Engine               - isLinux: false
17:01:51.137 [FXGL Background Thread 3 ] DEBUG Engine               - isMac: false
17:01:51.137 [FXGL Background Thread 3 ] DEBUG Engine               - isMainMenuEnabled: false
17:01:51.137 [FXGL Background Thread 3 ] DEBUG Engine               - isManualResizeEnabled: false
17:01:51.137 [FXGL Background Thread 3 ] DEBUG Engine               - isMobile: false
17:01:51.137 [FXGL Background Thread 3 ] DEBUG Engine               - isNative: false
17:01:51.137 [FXGL Background Thread 3 ] DEBUG Engine               - isPauseMusicWhenMinimized: true
17:01:51.137 [FXGL Background Thread 3 ] DEBUG Engine               - isPreserveResizeRatio: false
17:01:51.137 [FXGL Background Thread 3 ] DEBUG Engine               - isProfilingEnabled: false
17:01:51.137 [FXGL Background Thread 3 ] DEBUG Engine               - isScaleAffectedOnResize: true
17:01:51.137 [FXGL Background Thread 3 ] DEBUG Engine               - isSingleStep: false
17:01:51.137 [FXGL Background Thread 3 ] DEBUG Engine               - isUserProfileEnabled: false
17:01:51.137 [FXGL Background Thread 3 ] DEBUG Engine               - isWindows: true
17:01:51.137 [FXGL Background Thread 3 ] DEBUG Engine               - language: ObjectProperty [value: ENGLISH]
17:01:51.137 [FXGL Background Thread 3 ] DEBUG Engine               - menuKey: ESCAPE
17:01:51.137 [FXGL Background Thread 3 ] DEBUG Engine               - mouseSensitivity: 0.2
17:01:51.137 [FXGL Background Thread 3 ] DEBUG Engine               - notificationViewClass: class com.almasb.fxgl.notification.view.XboxNotificationView
17:01:51.137 [FXGL Background Thread 3 ] DEBUG Engine               - pixelsPerMeter: 50.0
17:01:51.137 [FXGL Background Thread 3 ] DEBUG Engine               - platform: WINDOWS
17:01:51.137 [FXGL Background Thread 3 ] DEBUG Engine               - prefHeightProperty: ReadOnlyDoubleProperty [value: 600.0]
17:01:51.137 [FXGL Background Thread 3 ] DEBUG Engine               - prefWidthProperty: ReadOnlyDoubleProperty [value: 800.0]
17:01:51.137 [FXGL Background Thread 3 ] DEBUG Engine               - profileDir: profiles/
17:01:51.137 [FXGL Background Thread 3 ] DEBUG Engine               - profileName: StringProperty [value: DEFAULT]
17:01:51.137 [FXGL Background Thread 3 ] DEBUG Engine               - randomSeed: -1
17:01:51.137 [FXGL Background Thread 3 ] DEBUG Engine               - runtimeInfo: RuntimeInfo(platform=WINDOWS, version=21.1, build=26.03.2024 17.33)
17:01:51.137 [FXGL Background Thread 3 ] DEBUG Engine               - saveFileExt: sav
17:01:51.137 [FXGL Background Thread 3 ] DEBUG Engine               - scaledHeightProp$fxgl: DoubleProperty [bound, value: 600.0]
17:01:51.138 [FXGL Background Thread 3 ] DEBUG Engine               - scaledWidthProp$fxgl: DoubleProperty [bound, value: 800.0]
17:01:51.138 [FXGL Background Thread 3 ] DEBUG Engine               - sceneFactory: com.almasb.fxgl.app.scene.SceneFactory@302c793a
17:01:51.138 [FXGL Background Thread 3 ] DEBUG Engine               - secondsIn24h: 60
17:01:51.138 [FXGL Background Thread 3 ] DEBUG Engine               - soundMenuBack: menu/back.wav
17:01:51.138 [FXGL Background Thread 3 ] DEBUG Engine               - soundMenuPress: menu/press.wav
17:01:51.138 [FXGL Background Thread 3 ] DEBUG Engine               - soundMenuSelect: menu/select.wav
17:01:51.138 [FXGL Background Thread 3 ] DEBUG Engine               - soundNotification: core/notification.wav
17:01:51.138 [FXGL Background Thread 3 ] DEBUG Engine               - stageStyle: DECORATED
17:01:51.138 [FXGL Background Thread 3 ] DEBUG Engine               - supportedLanguages: [ENGLISH, FRENCH, GERMAN, HUNGARIAN, RUSSIAN]
17:01:51.138 [FXGL Background Thread 3 ] DEBUG Engine               - ticksPerSecond: -1
17:01:51.138 [FXGL Background Thread 3 ] DEBUG Engine               - title: Among Us UNEG
17:01:51.138 [FXGL Background Thread 3 ] DEBUG Engine               - urlGithub: https://github.com/AlmasB/FXGL
17:01:51.138 [FXGL Background Thread 3 ] DEBUG Engine               - urlLeaderboard: http://fxgl-top.herokuapp.com/
17:01:51.138 [FXGL Background Thread 3 ] DEBUG Engine               - urlPOM: https://raw.githubusercontent.com/AlmasB/FXGL/release/README.md
17:01:51.138 [FXGL Background Thread 3 ] DEBUG Engine               - userAppClass: class main.java.amongUs.AppPrincipal
17:01:51.138 [FXGL Background Thread 3 ] DEBUG Engine               - version: 0.0
17:01:51.138 [FXGL Background Thread 3 ] DEBUG Engine               - versionCheckDays: 7
17:01:51.138 [FXGL Background Thread 3 ] DEBUG Engine               - width: 800
17:01:51.138 [FXGL Background Thread 3 ] DEBUG Engine               - Logging services
17:01:51.138 [FXGL Background Thread 3 ] DEBUG Engine               - class com.almasb.fxgl.app.services.FXGLAssetLoaderService
17:01:51.138 [FXGL Background Thread 3 ] DEBUG Engine               - class com.almasb.fxgl.app.FXGLApplication$GameApplicationService
17:01:51.138 [FXGL Background Thread 3 ] DEBUG Engine               - class com.almasb.fxgl.app.services.FXGLDialogService
17:01:51.138 [FXGL Background Thread 3 ] DEBUG Engine               - class com.almasb.fxgl.app.services.IOTaskExecutorService
17:01:51.138 [FXGL Background Thread 3 ] DEBUG Engine               - class com.almasb.fxgl.io.FileSystemService
17:01:51.138 [FXGL Background Thread 3 ] DEBUG Engine               - class com.almasb.fxgl.localization.LocalizationService
17:01:51.138 [FXGL Background Thread 3 ] DEBUG Engine               - class com.almasb.fxgl.app.services.SystemBundleService
17:01:51.138 [FXGL Background Thread 3 ] DEBUG Engine               - class com.almasb.fxgl.profile.SaveLoadService
17:01:51.138 [FXGL Background Thread 3 ] DEBUG Engine               - class com.almasb.fxgl.ui.FXGLUIFactoryServiceProvider
17:01:51.138 [FXGL Background Thread 3 ] DEBUG Engine               - class com.almasb.fxgl.ui.FXGLDialogFactoryServiceProvider
17:01:51.138 [FXGL Background Thread 3 ] DEBUG Engine               - class com.almasb.fxgl.audio.AudioPlayer
17:01:51.138 [FXGL Background Thread 3 ] DEBUG Engine               - class com.almasb.fxgl.notification.impl.NotificationServiceProvider
17:01:51.138 [FXGL Background Thread 3 ] DEBUG Engine               - class com.almasb.fxgl.achievement.AchievementService
17:01:51.138 [FXGL Background Thread 3 ] DEBUG Engine               - class com.almasb.fxgl.cutscene.CutsceneService
17:01:51.138 [FXGL Background Thread 3 ] DEBUG Engine               - class com.almasb.fxgl.minigames.MiniGameService
17:01:51.138 [FXGL Background Thread 3 ] DEBUG Engine               - class com.almasb.fxgl.net.NetService
17:01:51.138 [FXGL Background Thread 3 ] DEBUG Engine               - class com.almasb.fxgl.app.services.UpdaterService
17:01:51.138 [FXGL Background Thread 3 ] DEBUG Engine               - class com.almasb.fxgl.dev.DevService
17:01:52.636 [JavaFX Application Thread] WARN  TMXLevelLoader       - TiledMap generated from 1.11.2. Supported version: 1.9.0. Some features may not be parsed fully.
17:01:52.659 [JavaFX Application Thread] DEBUG TMXLevelLoader       - Parsed TiledMap: file:/C:/Users/nicol/Desktop/amongu/out/production/Among%20Us/assets/levels/mapa2.tmx
17:01:52.660 [JavaFX Application Thread] DEBUG TMXLevelLoader       - Creating tile layer entities
17:01:52.661 [JavaFX Application Thread] DEBUG TilesetLoader        - Loading view for layer fondo1
17:01:52.662 [JavaFX Application Thread] DEBUG TilesetLoader        - Created buffer with size 992.0x960.0
17:01:52.669 [JavaFX Application Thread] DEBUG TilesetLoader        - Loading view for layer fondo
17:01:52.670 [JavaFX Application Thread] DEBUG TilesetLoader        - Created buffer with size 992.0x960.0
17:01:52.672 [JavaFX Application Thread] DEBUG TilesetLoader        - Loading view for layer piso
17:01:52.673 [JavaFX Application Thread] DEBUG TilesetLoader        - Created buffer with size 992.0x960.0
17:01:52.675 [JavaFX Application Thread] DEBUG TilesetLoader        - Loading view for layer piso1
17:01:52.676 [JavaFX Application Thread] DEBUG TilesetLoader        - Created buffer with size 992.0x960.0
17:01:52.677 [JavaFX Application Thread] WARN  TilesetLoader        - Diagonally flipped tiles are not currently supported
17:01:52.680 [JavaFX Application Thread] WARN  TilesetLoader        - Diagonally flipped tiles are not currently supported
17:01:52.680 [JavaFX Application Thread] DEBUG TilesetLoader        - Loading view for layer izquierda
17:01:52.681 [JavaFX Application Thread] DEBUG TilesetLoader        - Created buffer with size 992.0x960.0
17:01:52.685 [JavaFX Application Thread] DEBUG TilesetLoader        - Loading view for layer detallesatraspared
17:01:52.686 [JavaFX Application Thread] DEBUG TilesetLoader        - Created buffer with size 992.0x960.0
17:01:52.703 [JavaFX Application Thread] DEBUG TilesetLoader        - Loading view for layer pared2
17:01:52.704 [JavaFX Application Thread] DEBUG TilesetLoader        - Created buffer with size 992.0x960.0
17:01:52.710 [JavaFX Application Thread] DEBUG TilesetLoader        - Loading view for layer techo1
17:01:52.710 [JavaFX Application Thread] DEBUG TilesetLoader        - Created buffer with size 992.0x960.0
17:01:52.711 [JavaFX Application Thread] DEBUG TilesetLoader        - Loading view for layer techo2
17:01:52.712 [JavaFX Application Thread] DEBUG TilesetLoader        - Created buffer with size 992.0x960.0
17:01:52.713 [JavaFX Application Thread] DEBUG TilesetLoader        - Loading view for layer puertita
17:01:52.714 [JavaFX Application Thread] DEBUG TilesetLoader        - Created buffer with size 992.0x960.0
17:01:52.714 [JavaFX Application Thread] DEBUG TilesetLoader        - Loading view for layer puerta
17:01:52.714 [JavaFX Application Thread] DEBUG TilesetLoader        - Created buffer with size 992.0x960.0
17:01:52.715 [JavaFX Application Thread] DEBUG TilesetLoader        - Loading view for layer detalles
17:01:52.715 [JavaFX Application Thread] DEBUG TilesetLoader        - Created buffer with size 992.0x960.0
17:01:52.724 [JavaFX Application Thread] DEBUG TilesetLoader        - Loading view for layer detalles 2
17:01:52.724 [JavaFX Application Thread] DEBUG TilesetLoader        - Created buffer with size 992.0x960.0
17:01:52.731 [JavaFX Application Thread] DEBUG TilesetLoader        - Loading view for layer detalles3
17:01:52.731 [JavaFX Application Thread] DEBUG TilesetLoader        - Created buffer with size 992.0x960.0
17:01:52.739 [JavaFX Application Thread] DEBUG TilesetLoader        - Loading view for layer grieta
17:01:52.740 [JavaFX Application Thread] DEBUG TilesetLoader        - Created buffer with size 992.0x960.0
17:01:52.740 [JavaFX Application Thread] DEBUG TilesetLoader        - Loading view for layer camaras
17:01:52.741 [JavaFX Application Thread] DEBUG TilesetLoader        - Created buffer with size 992.0x960.0
17:01:52.742 [JavaFX Application Thread] DEBUG TilesetLoader        - Loading view for layer Techo
17:01:52.742 [JavaFX Application Thread] DEBUG TilesetLoader        - Created buffer with size 992.0x960.0
17:01:52.743 [JavaFX Application Thread] DEBUG TMXLevelLoader       - Creating object layer entities
17:01:52.770 [JavaFX Application Thread] DEBUG GameWorld            - Clearing removable entities
17:01:52.770 [JavaFX Application Thread] DEBUG GameWorld            - Setting level: com.almasb.fxgl.entity.level.Level@7e61786d
17:01:52.784 [JavaFX Application Thread] DEBUG FXGLAssetLoaderServi - Loading from file system: file:/C:/Users/nicol/Desktop/amongu/out/production/Among%20Us/assets/textures/tripulante_negro.png
17:01:52.785 [JavaFX Application Thread] DEBUG FXGLAssetLoaderServi - Loading from file system: file:/C:/Users/nicol/Desktop/amongu/out/production/Among%20Us/assets/textures/animacion_negro.png
17:02:27.400 [JavaFX Application Thread] DEBUG FXGLApplication      - Exiting FXGL
17:02:27.400 [JavaFX Application Thread] DEBUG LoopRunner           - Stopping loop
17:02:27.401 [JavaFX Application Thread] DEBUG SystemBundleService  - Saving FXGL system data
17:02:27.403 [JavaFX Application Thread] DEBUG FileSystemAccess     - Writing to: C:\Users\nicol\Desktop\amongu\system\fxgl.bundle
17:02:27.404 [JavaFX Application Thread] DEBUG Async                - Shutting down background threads
17:02:27.404 [JavaFX Application Thread] DEBUG PrimaryStageWindow   - Closing main window
17:02:27.425 [JavaFX Application Thread] DEBUG Logger               - Closing Logger
