19:51:22.211 [main                     ] DEBUG Logger               - Configured Logger
19:51:22.242 [main                     ] DEBUG GameApplication      - Logging settings
Title: Among Us UNEG
Version: 0.0
Width: 800
Height: 600
Fullscreen: false
Intro: false
Profiling: false
Single step:false
App Mode: DEVELOPER
Menu Key: ESCAPE
Stage Style: DECORATED
Scene Factory: class com.almasb.fxgl.app.scene.SceneFactory

19:51:23.252 [JavaFX Application Thread] DEBUG FXGLApplication      - Initializing FXGL
19:51:23.259 [JavaFX Application Thread] INFO  Engine               - FXGL-21.1 (26.03.2024 17.33) on WINDOWS (J:25.0.2 FX:21.0.1)
19:51:23.259 [JavaFX Application Thread] DEBUG Engine               - JRE Vendor Name: Oracle Corporation
19:51:23.259 [JavaFX Application Thread] DEBUG Engine               - Running on OS: Windows 11 version 10.0
19:51:23.259 [JavaFX Application Thread] DEBUG Engine               - Architecture: amd64
19:51:23.259 [JavaFX Application Thread] INFO  Engine               - Source code and latest versions at: https://github.com/AlmasB/FXGL
19:51:23.260 [JavaFX Application Thread] INFO  Engine               -       Ask questions and discuss at: https://github.com/AlmasB/FXGL/discussions
19:51:23.260 [JavaFX Application Thread] INFO  Engine               -              Join the FXGL chat at: https://gitter.im/AlmasB/FXGL
19:51:23.496 [JavaFX Application Thread] DEBUG PrimaryStageWindow   - Creating a JavaFX scene
19:51:23.653 [JavaFX Application Thread] DEBUG PrimaryStageWindow   - Target settings size: 800.0 x 600.0
19:51:23.653 [JavaFX Application Thread] DEBUG PrimaryStageWindow   - Scaled scene size:    800.0 x 600.0
19:51:23.653 [JavaFX Application Thread] DEBUG PrimaryStageWindow   - Scaled ratio: (1.0, 1.0)
19:51:23.655 [JavaFX Application Thread] DEBUG PrimaryStageWindow   - Set initial scene to FXGLStartupScene
19:51:23.663 [JavaFX Application Thread] DEBUG PrimaryStageWindow   - Opening main window
19:51:23.882 [JavaFX Application Thread] DEBUG PrimaryStageWindow   - Window border size: (16.0, 39.0)
19:51:23.882 [JavaFX Application Thread] DEBUG PrimaryStageWindow   - Scaled size: 800.0 x 600.0
19:51:23.883 [JavaFX Application Thread] DEBUG PrimaryStageWindow   - Scaled ratio: (1.0, 1.0)
19:51:23.883 [JavaFX Application Thread] DEBUG PrimaryStageWindow   - Scene size: 800.0 x 600.0
19:51:23.883 [JavaFX Application Thread] DEBUG PrimaryStageWindow   - Stage size: 816.0 x 639.0
19:51:23.917 [FXGL Background Thread 1 ] DEBUG Engine               - Initializing environment variables
19:51:24.128 [FXGL Background Thread 1 ] DEBUG FXGLAssetLoaderServi - User app class for loading assets: class main.java.amongUs.AppPrincipal
19:51:24.128 [FXGL Background Thread 1 ] DEBUG GameApplicationServi - Applying CSS: fxgl_dark.css
19:51:24.129 [FXGL Background Thread 1 ] DEBUG FXGLAssetLoaderServi - Loading from file system: jar:file:/C:/Users/josue/OneDrive/Desktop/proyecto%20java/Among%20Us/lib/fxgl-21.1-uber.jar!/fxglassets/ui/css/fxgl_dark.css
19:51:24.263 [FXGL Background Thread 1 ] DEBUG GameApplicationServi - Initializing application scenes
19:51:24.571 [FXGL Background Thread 1 ] DEBUG GameWorld            - Game world initialized
19:51:24.682 [FXGL Background Thread 1 ] DEBUG PhysicsWorld         - Physics world initialized: appHeight=600, physics.ppm=50,0
19:51:24.683 [FXGL Background Thread 1 ] DEBUG PhysicsWorld         - Using strategy: BRUTE_FORCE
19:51:24.690 [FXGL Background Thread 1 ] DEBUG GameScene            - Game scene initialized: 800x600
19:51:24.714 [FXGL Background Thread 1 ] DEBUG FXGL.DefaultMenu     - createMenuBodyGameMenu()
19:51:24.742 [FXGL Background Thread 1 ] DEBUG FXGL.DefaultMenu     - createOptionsMenu()
19:51:24.763 [FXGL Background Thread 1 ] DEBUG FXGLAssetLoaderServi - Loading from file system: jar:file:/C:/Users/josue/OneDrive/Desktop/proyecto%20java/Among%20Us/lib/fxgl-21.1-uber.jar!/fxglassets/textures/particles/smoke.png
19:51:24.979 [FXGL Background Thread 1 ] DEBUG FXGLAssetLoaderServi - Loading from file system: jar:file:/C:/Users/josue/OneDrive/Desktop/proyecto%20java/Among%20Us/lib/fxgl-21.1-uber.jar!/fxglassets/textures/particles/trace_horizontal.png
19:51:25.049 [FXGL Background Thread 1 ] DEBUG GameApplicationServi - Application scenes initialized
19:51:25.091 [FXGL Background Thread 1 ] DEBUG SystemBundleService  - Loading FXGL system data
19:51:25.109 [FXGL Background Thread 1 ] DEBUG FileSystemAccess     - Reading from: C:\Users\josue\OneDrive\Desktop\proyecto java\Among Us\system\fxgl.bundle
19:51:25.121 [FXGL Background Thread 1 ] DEBUG SystemBundleService  - Bundle FXGL: {}
19:51:25.121 [FXGL Background Thread 1 ] DEBUG UpdaterService       - Checking for updates
19:51:25.130 [FXGL Background Thread 1 ] DEBUG FXGLApplication      - Loading default localization
19:51:25.131 [FXGL Background Thread 1 ] DEBUG FXGLAssetLoaderServi - Loading from file system: jar:file:/C:/Users/josue/OneDrive/Desktop/proyecto%20java/Among%20Us/lib/fxgl-21.1-uber.jar!/fxglassets/languages/english.lang
19:51:25.164 [FXGL Background Thread 1 ] INFO  FXGLApplication      - FXGL initialization took: 1,246 sec
19:51:25.188 [JavaFX Application Thread] DEBUG Input                - Registered new binding: action0 - W
19:51:25.189 [JavaFX Application Thread] DEBUG Input                - Registered new binding: action1 - S
19:51:25.189 [JavaFX Application Thread] DEBUG Input                - Registered new binding: action2 - A
19:51:25.190 [JavaFX Application Thread] DEBUG Input                - Registered new binding: action3 - D
19:51:25.192 [JavaFX Application Thread] DEBUG FXGLAssetLoaderServi - Loading from file system: file:/C:/Users/josue/OneDrive/Desktop/proyecto%20java/Among%20Us/out/production/Among%20Us/assets/textures/icono.png
19:51:25.340 [FXGL Background Thread 4 ] DEBUG FXGLApplication      - Loading fonts
19:51:25.341 [FXGL Background Thread 4 ] DEBUG FXGLAssetLoaderServi - Loading from file system: jar:file:/C:/Users/josue/OneDrive/Desktop/proyecto%20java/Among%20Us/lib/fxgl-21.1-uber.jar!/fxglassets/ui/fonts/VarelaRound-Regular.ttf
19:51:25.414 [JavaFX Application Thread] DEBUG FXGLAssetLoaderServi - Loading from file system: jar:file:/C:/Users/josue/OneDrive/Desktop/proyecto%20java/Among%20Us/lib/fxgl-21.1-uber.jar!/fxglassets/textures/fxgl_default_cursor.png
19:51:25.429 [JavaFX Application Thread] DEBUG Input                - Registered new binding: Screenshot - CTRL+8
19:51:25.431 [JavaFX Application Thread] DEBUG Input                - Registered new binding: System info dump - CTRL+9
19:51:25.439 [JavaFX Application Thread] DEBUG Input                - Registered new binding: Restart - CTRL+R
19:51:25.442 [JavaFX Application Thread] DEBUG Input                - Registered new binding: Toggle Debug Camera - CTRL+7
19:51:25.448 [JavaFX Application Thread] DEBUG LoopRunner           - Starting loop
19:51:25.448 [JavaFX Application Thread] DEBUG LoopRunner           - Initializing JavaFX AnimationTimerLoop
19:51:25.451 [JavaFX Application Thread] DEBUG GameApplicationServi - Starting new game
19:51:25.453 [JavaFX Application Thread] DEBUG Input                - Clearing active input actions
19:51:25.552 [JavaFX Application Thread] DEBUG GameApplicationServi - Removing overlay from FXGLStartupScene and adding to FXGLLoadingScene
19:51:25.560 [JavaFX Application Thread] DEBUG PrimaryStageWindow   - FXGLStartupScene -> FXGLLoadingScene
19:51:25.562 [JavaFX Application Thread] DEBUG GameApplicationServi - Clearing previous game
19:51:25.562 [JavaFX Application Thread] DEBUG GameScene            - Clearing game scene
19:51:25.562 [JavaFX Application Thread] DEBUG GameWorld            - Clearing game world
19:51:25.563 [JavaFX Application Thread] DEBUG PhysicsWorld         - Clearing physics world
19:51:25.581 [FXGL Background Thread 1 ] DEBUG FXGLApplication      - Initializing game
19:51:25.655 [FXGL Background Thread 1 ] DEBUG FXGLAssetLoaderServi - Loading from file system: file:/C:/Users/josue/OneDrive/Desktop/proyecto%20java/Among%20Us/out/production/Among%20Us/assets/music/musicaMenu.mp3
19:51:26.562 [FXGL Background Thread 4 ] DEBUG FXGLAssetLoaderServi - Loading from file system: jar:file:/C:/Users/josue/OneDrive/Desktop/proyecto%20java/Among%20Us/lib/fxgl-21.1-uber.jar!/fxglassets/ui/fonts/Abel-Regular.ttf
19:51:26.579 [FXGL Background Thread 4 ] DEBUG FXGLAssetLoaderServi - Loading from file system: jar:file:/C:/Users/josue/OneDrive/Desktop/proyecto%20java/Among%20Us/lib/fxgl-21.1-uber.jar!/fxglassets/ui/fonts/TerminalLandMono-Regular.otf
19:51:26.590 [FXGL Background Thread 4 ] DEBUG FXGLAssetLoaderServi - Loading from file system: jar:file:/C:/Users/josue/OneDrive/Desktop/proyecto%20java/Among%20Us/lib/fxgl-21.1-uber.jar!/fxglassets/ui/fonts/Courier-Prime.ttf
19:51:26.738 [JavaFX Application Thread] DEBUG FXGLApplication      - Registering font factories with UI factory
19:51:26.812 [FXGL Background Thread 1 ] DEBUG AudioPlayer          - Playing music com.almasb.fxgl.audio.Music@6bbcb0ab
19:51:28.131 [FXGL Background Thread 3 ] DEBUG Engine               - Logging environment variables
19:51:28.140 [FXGL Background Thread 3 ] DEBUG Engine               - achievements: []
19:51:28.141 [FXGL Background Thread 3 ] DEBUG Engine               - actualHeight: 600.0
19:51:28.141 [FXGL Background Thread 3 ] DEBUG Engine               - actualHeightProperty: ReadOnlyDoubleProperty [value: 600.0]
19:51:28.141 [FXGL Background Thread 3 ] DEBUG Engine               - actualWidth: 800.0
19:51:28.160 [FXGL Background Thread 3 ] DEBUG Engine               - actualWidthProperty: ReadOnlyDoubleProperty [value: 800.0]
19:51:28.160 [FXGL Background Thread 3 ] DEBUG Engine               - appIcon: icono.png
19:51:28.173 [FXGL Background Thread 3 ] DEBUG Engine               - applicationMode: DEVELOPER
19:51:28.173 [FXGL Background Thread 3 ] DEBUG Engine               - cSSList: [fxgl_dark.css]
19:51:28.173 [FXGL Background Thread 3 ] DEBUG Engine               - collisionDetectionStrategy: BRUTE_FORCE
19:51:28.173 [FXGL Background Thread 3 ] DEBUG Engine               - configClass: Optional.empty
19:51:28.175 [FXGL Background Thread 3 ] DEBUG Engine               - credits: []
19:51:28.177 [FXGL Background Thread 3 ] DEBUG Engine               - defaultCursor: CursorInfo(imageName=fxgl_default_cursor.png, hotspotX=7.0, hotspotY=6.0)
19:51:28.231 [FXGL Background Thread 3 ] DEBUG Engine               - devBBoxColorProperty: ObjectProperty [value: 0xff0000ff]
19:51:28.243 [FXGL Background Thread 3 ] DEBUG Engine               - devEnableDebugCameraProperty: BooleanProperty [value: false]
19:51:28.260 [FXGL Background Thread 3 ] DEBUG Engine               - devSensorColorProperty: ObjectProperty [value: 0xffff00ff]
19:51:28.260 [FXGL Background Thread 3 ] DEBUG Engine               - devShowBBoxProperty: BooleanProperty [value: false]
19:51:28.260 [FXGL Background Thread 3 ] DEBUG Engine               - devShowPositionProperty: BooleanProperty [value: false]
19:51:28.260 [FXGL Background Thread 3 ] DEBUG Engine               - enabledMenuItems: []
19:51:28.260 [FXGL Background Thread 3 ] DEBUG Engine               - engineServices: [class com.almasb.fxgl.app.services.FXGLAssetLoaderService, class com.almasb.fxgl.app.FXGLApplication$GameApplicationService, class com.almasb.fxgl.app.services.FXGLDialogService, class com.almasb.fxgl.app.services.IOTaskExecutorService, class com.almasb.fxgl.io.FileSystemService, class com.almasb.fxgl.localization.LocalizationService, class com.almasb.fxgl.app.services.SystemBundleService, class com.almasb.fxgl.profile.SaveLoadService, class com.almasb.fxgl.ui.FXGLUIFactoryServiceProvider, class com.almasb.fxgl.ui.FXGLDialogFactoryServiceProvider, class com.almasb.fxgl.audio.AudioPlayer, class com.almasb.fxgl.notification.impl.NotificationServiceProvider, class com.almasb.fxgl.achievement.AchievementService, class com.almasb.fxgl.cutscene.CutsceneService, class com.almasb.fxgl.minigames.MiniGameService, class com.almasb.fxgl.net.NetService, class com.almasb.fxgl.app.services.UpdaterService, class com.almasb.fxgl.dev.DevService]
19:51:28.262 [FXGL Background Thread 3 ] DEBUG Engine               - fontGame: Abel-Regular.ttf
19:51:28.262 [FXGL Background Thread 3 ] DEBUG Engine               - fontMono: TerminalLandMono-Regular.otf
19:51:28.262 [FXGL Background Thread 3 ] DEBUG Engine               - fontSizeScaleUI: 1.0
19:51:28.262 [FXGL Background Thread 3 ] DEBUG Engine               - fontText: Courier-Prime.ttf
19:51:28.262 [FXGL Background Thread 3 ] DEBUG Engine               - fontUI: VarelaRound-Regular.ttf
19:51:28.262 [FXGL Background Thread 3 ] DEBUG Engine               - fullScreen: BooleanProperty [value: false]
19:51:28.262 [FXGL Background Thread 3 ] DEBUG Engine               - gameDifficulty: MEDIUM
19:51:28.262 [FXGL Background Thread 3 ] DEBUG Engine               - gameDifficultyProperty: ObjectProperty [value: MEDIUM]
19:51:28.263 [FXGL Background Thread 3 ] DEBUG Engine               - globalMusicVolume: 0.5
19:51:28.263 [FXGL Background Thread 3 ] DEBUG Engine               - globalMusicVolumeProperty: DoubleProperty [value: 0.4]
19:51:28.263 [FXGL Background Thread 3 ] DEBUG Engine               - globalSoundVolume: 0.5
19:51:28.263 [FXGL Background Thread 3 ] DEBUG Engine               - globalSoundVolumeProperty: DoubleProperty [value: 0.5]
19:51:28.263 [FXGL Background Thread 3 ] DEBUG Engine               - height: 600
19:51:28.263 [FXGL Background Thread 3 ] DEBUG Engine               - is3D: false
19:51:28.263 [FXGL Background Thread 3 ] DEBUG Engine               - isAndroid: false
19:51:28.271 [FXGL Background Thread 3 ] DEBUG Engine               - isBrowser: false
19:51:28.330 [FXGL Background Thread 3 ] DEBUG Engine               - isClickFeedbackEnabled: false
19:51:28.330 [FXGL Background Thread 3 ] DEBUG Engine               - isCloseConfirmation: false
19:51:28.330 [FXGL Background Thread 3 ] DEBUG Engine               - isDesktop: true
19:51:28.346 [FXGL Background Thread 3 ] DEBUG Engine               - isDeveloperMenuEnabled: false
19:51:28.346 [FXGL Background Thread 3 ] DEBUG Engine               - isEmbedded: false
19:51:28.346 [FXGL Background Thread 3 ] DEBUG Engine               - isEntityPreloadEnabled: true
19:51:28.346 [FXGL Background Thread 3 ] DEBUG Engine               - isExperimentalTiledLargeMap: false
19:51:28.346 [FXGL Background Thread 3 ] DEBUG Engine               - isFileSystemWriteAllowed: true
19:51:28.360 [FXGL Background Thread 3 ] DEBUG Engine               - isFullScreenAllowed: false
19:51:28.360 [FXGL Background Thread 3 ] DEBUG Engine               - isFullScreenFromStart: false
19:51:28.464 [FXGL Background Thread 3 ] DEBUG Engine               - isGameMenuEnabled: true
19:51:28.473 [FXGL Background Thread 3 ] DEBUG Engine               - isIOS: false
19:51:28.481 [FXGL Background Thread 3 ] DEBUG Engine               - isIntroEnabled: false
19:51:28.492 [FXGL Background Thread 3 ] DEBUG Engine               - isLinux: false
19:51:28.492 [FXGL Background Thread 3 ] DEBUG Engine               - isMac: false
19:51:28.498 [FXGL Background Thread 3 ] DEBUG Engine               - isMainMenuEnabled: false
19:51:28.498 [FXGL Background Thread 3 ] DEBUG Engine               - isManualResizeEnabled: false
19:51:28.498 [FXGL Background Thread 3 ] DEBUG Engine               - isMobile: false
19:51:28.505 [FXGL Background Thread 3 ] DEBUG Engine               - isNative: false
19:51:28.524 [FXGL Background Thread 3 ] DEBUG Engine               - isPauseMusicWhenMinimized: true
19:51:28.524 [FXGL Background Thread 3 ] DEBUG Engine               - isPreserveResizeRatio: false
19:51:28.547 [FXGL Background Thread 3 ] DEBUG Engine               - isProfilingEnabled: false
19:51:28.547 [FXGL Background Thread 3 ] DEBUG Engine               - isScaleAffectedOnResize: true
19:51:28.547 [FXGL Background Thread 3 ] DEBUG Engine               - isSingleStep: false
19:51:28.547 [FXGL Background Thread 3 ] DEBUG Engine               - isUserProfileEnabled: false
19:51:28.549 [FXGL Background Thread 3 ] DEBUG Engine               - isWindows: true
19:51:28.549 [FXGL Background Thread 3 ] DEBUG Engine               - language: ObjectProperty [value: ENGLISH]
19:51:28.549 [FXGL Background Thread 3 ] DEBUG Engine               - menuKey: ESCAPE
19:51:28.549 [FXGL Background Thread 3 ] DEBUG Engine               - mouseSensitivity: 0.2
19:51:28.549 [FXGL Background Thread 3 ] DEBUG Engine               - notificationViewClass: class com.almasb.fxgl.notification.view.XboxNotificationView
19:51:28.549 [FXGL Background Thread 3 ] DEBUG Engine               - pixelsPerMeter: 50.0
19:51:28.549 [FXGL Background Thread 3 ] DEBUG Engine               - platform: WINDOWS
19:51:28.549 [FXGL Background Thread 3 ] DEBUG Engine               - prefHeightProperty: ReadOnlyDoubleProperty [value: 600.0]
19:51:28.549 [FXGL Background Thread 3 ] DEBUG Engine               - prefWidthProperty: ReadOnlyDoubleProperty [value: 800.0]
19:51:28.549 [FXGL Background Thread 3 ] DEBUG Engine               - profileDir: profiles/
19:51:28.549 [FXGL Background Thread 3 ] DEBUG Engine               - profileName: StringProperty [value: DEFAULT]
19:51:28.549 [FXGL Background Thread 3 ] DEBUG Engine               - randomSeed: -1
19:51:28.550 [FXGL Background Thread 3 ] DEBUG Engine               - runtimeInfo: RuntimeInfo(platform=WINDOWS, version=21.1, build=26.03.2024 17.33)
19:51:28.550 [FXGL Background Thread 3 ] DEBUG Engine               - saveFileExt: sav
19:51:28.550 [FXGL Background Thread 3 ] DEBUG Engine               - scaledHeightProp$fxgl: DoubleProperty [bound, value: 600.0]
19:51:28.550 [FXGL Background Thread 3 ] DEBUG Engine               - scaledWidthProp$fxgl: DoubleProperty [bound, value: 800.0]
19:51:28.550 [FXGL Background Thread 3 ] DEBUG Engine               - sceneFactory: com.almasb.fxgl.app.scene.SceneFactory@448e0e85
19:51:28.550 [FXGL Background Thread 3 ] DEBUG Engine               - secondsIn24h: 60
19:51:28.550 [FXGL Background Thread 3 ] DEBUG Engine               - soundMenuBack: menu/back.wav
19:51:28.550 [FXGL Background Thread 3 ] DEBUG Engine               - soundMenuPress: menu/press.wav
19:51:28.550 [FXGL Background Thread 3 ] DEBUG Engine               - soundMenuSelect: menu/select.wav
19:51:28.550 [FXGL Background Thread 3 ] DEBUG Engine               - soundNotification: core/notification.wav
19:51:28.550 [FXGL Background Thread 3 ] DEBUG Engine               - stageStyle: DECORATED
19:51:28.556 [FXGL Background Thread 3 ] DEBUG Engine               - supportedLanguages: [ENGLISH, FRENCH, GERMAN, HUNGARIAN, RUSSIAN]
19:51:28.556 [FXGL Background Thread 3 ] DEBUG Engine               - ticksPerSecond: -1
19:51:28.556 [FXGL Background Thread 3 ] DEBUG Engine               - title: Among Us UNEG
19:51:28.556 [FXGL Background Thread 3 ] DEBUG Engine               - urlGithub: https://github.com/AlmasB/FXGL
19:51:28.556 [FXGL Background Thread 3 ] DEBUG Engine               - urlLeaderboard: http://fxgl-top.herokuapp.com/
19:51:28.556 [FXGL Background Thread 3 ] DEBUG Engine               - urlPOM: https://raw.githubusercontent.com/AlmasB/FXGL/release/README.md
19:51:28.556 [FXGL Background Thread 3 ] DEBUG Engine               - userAppClass: class main.java.amongUs.AppPrincipal
19:51:28.556 [FXGL Background Thread 3 ] DEBUG Engine               - version: 0.0
19:51:28.556 [FXGL Background Thread 3 ] DEBUG Engine               - versionCheckDays: 7
19:51:28.556 [FXGL Background Thread 3 ] DEBUG Engine               - width: 800
19:51:28.556 [FXGL Background Thread 3 ] DEBUG Engine               - Logging services
19:51:28.557 [FXGL Background Thread 3 ] DEBUG Engine               - class com.almasb.fxgl.app.services.FXGLAssetLoaderService
19:51:28.557 [FXGL Background Thread 3 ] DEBUG Engine               - class com.almasb.fxgl.app.FXGLApplication$GameApplicationService
19:51:28.557 [FXGL Background Thread 3 ] DEBUG Engine               - class com.almasb.fxgl.app.services.FXGLDialogService
19:51:28.557 [FXGL Background Thread 3 ] DEBUG Engine               - class com.almasb.fxgl.app.services.IOTaskExecutorService
19:51:28.557 [FXGL Background Thread 3 ] DEBUG Engine               - class com.almasb.fxgl.io.FileSystemService
19:51:28.557 [FXGL Background Thread 3 ] DEBUG Engine               - class com.almasb.fxgl.localization.LocalizationService
19:51:28.559 [FXGL Background Thread 3 ] DEBUG Engine               - class com.almasb.fxgl.app.services.SystemBundleService
19:51:28.559 [FXGL Background Thread 3 ] DEBUG Engine               - class com.almasb.fxgl.profile.SaveLoadService
19:51:28.559 [FXGL Background Thread 3 ] DEBUG Engine               - class com.almasb.fxgl.ui.FXGLUIFactoryServiceProvider
19:51:28.559 [FXGL Background Thread 3 ] DEBUG Engine               - class com.almasb.fxgl.ui.FXGLDialogFactoryServiceProvider
19:51:28.559 [FXGL Background Thread 3 ] DEBUG Engine               - class com.almasb.fxgl.audio.AudioPlayer
19:51:28.559 [FXGL Background Thread 3 ] DEBUG Engine               - class com.almasb.fxgl.notification.impl.NotificationServiceProvider
19:51:28.559 [FXGL Background Thread 3 ] DEBUG Engine               - class com.almasb.fxgl.achievement.AchievementService
19:51:28.559 [FXGL Background Thread 3 ] DEBUG Engine               - class com.almasb.fxgl.cutscene.CutsceneService
19:51:28.559 [FXGL Background Thread 3 ] DEBUG Engine               - class com.almasb.fxgl.minigames.MiniGameService
19:51:28.559 [FXGL Background Thread 3 ] DEBUG Engine               - class com.almasb.fxgl.net.NetService
19:51:28.559 [FXGL Background Thread 3 ] DEBUG Engine               - class com.almasb.fxgl.app.services.UpdaterService
19:51:28.560 [FXGL Background Thread 3 ] DEBUG Engine               - class com.almasb.fxgl.dev.DevService
19:51:28.597 [FXGL Background Thread 1 ] INFO  FXGLApplication      - Game initialization took: 3,016 sec
19:51:28.602 [JavaFX Application Thread] DEBUG Input                - Clearing active input actions
19:51:28.731 [JavaFX Application Thread] DEBUG GameApplicationServi - Removing overlay from FXGLLoadingScene and adding to GameScene
19:51:28.731 [JavaFX Application Thread] DEBUG PrimaryStageWindow   - FXGLLoadingScene -> GameScene
19:51:29.207 [FXGL Background Thread 2 ] INFO  UpdaterService       - Your current version:  21.1
19:51:29.208 [FXGL Background Thread 2 ] INFO  UpdaterService       - Latest stable version: 25
19:51:29.772 [JavaFX Application Thread] DEBUG FXGLAssetLoaderServi - Loading from file system: file:/C:/Users/josue/OneDrive/Desktop/proyecto%20java/Among%20Us/out/production/Among%20Us/assets/sounds/clickBoton.wav
19:51:43.126 [JavaFX Application Thread] WARN  TMXLevelLoader       - TiledMap generated from 1.11.2. Supported version: 1.9.0. Some features may not be parsed fully.
19:51:43.263 [JavaFX Application Thread] DEBUG TMXLevelLoader       - Parsed TiledMap: file:/C:/Users/josue/OneDrive/Desktop/proyecto%20java/Among%20Us/out/production/Among%20Us/assets/levels/mapa2.tmx
19:51:43.266 [JavaFX Application Thread] DEBUG TMXLevelLoader       - Creating tile layer entities
19:51:43.270 [JavaFX Application Thread] DEBUG TilesetLoader        - Loading view for layer fondo1
19:51:43.465 [JavaFX Application Thread] DEBUG TilesetLoader        - Created buffer with size 992.0x960.0
19:51:43.523 [JavaFX Application Thread] DEBUG TilesetLoader        - Loading view for layer fondo
19:51:43.524 [JavaFX Application Thread] DEBUG TilesetLoader        - Created buffer with size 992.0x960.0
19:51:43.531 [JavaFX Application Thread] DEBUG TilesetLoader        - Loading view for layer piso
19:51:43.532 [JavaFX Application Thread] DEBUG TilesetLoader        - Created buffer with size 992.0x960.0
19:51:43.544 [JavaFX Application Thread] DEBUG TilesetLoader        - Loading view for layer piso1
19:51:43.546 [JavaFX Application Thread] DEBUG TilesetLoader        - Created buffer with size 992.0x960.0
19:51:43.552 [JavaFX Application Thread] WARN  TilesetLoader        - Diagonally flipped tiles are not currently supported
19:51:43.554 [JavaFX Application Thread] WARN  TilesetLoader        - Diagonally flipped tiles are not currently supported
19:51:43.558 [JavaFX Application Thread] WARN  TilesetLoader        - Diagonally flipped tiles are not currently supported
19:51:43.564 [JavaFX Application Thread] WARN  TilesetLoader        - Diagonally flipped tiles are not currently supported
19:51:43.564 [JavaFX Application Thread] DEBUG TilesetLoader        - Loading view for layer izquierda
19:51:43.566 [JavaFX Application Thread] DEBUG TilesetLoader        - Created buffer with size 992.0x960.0
19:51:43.581 [JavaFX Application Thread] DEBUG TilesetLoader        - Loading view for layer detallesatraspared
19:51:43.583 [JavaFX Application Thread] DEBUG TilesetLoader        - Created buffer with size 992.0x960.0
19:51:43.621 [JavaFX Application Thread] WARN  TilesetLoader        - Diagonally flipped tiles are not currently supported
19:51:43.623 [JavaFX Application Thread] WARN  TilesetLoader        - Diagonally flipped tiles are not currently supported
19:51:43.698 [JavaFX Application Thread] DEBUG TilesetLoader        - Loading view for layer pared2
19:51:43.699 [JavaFX Application Thread] DEBUG TilesetLoader        - Created buffer with size 992.0x960.0
19:51:43.729 [JavaFX Application Thread] DEBUG TilesetLoader        - Loading view for layer techo1
19:51:43.730 [JavaFX Application Thread] DEBUG TilesetLoader        - Created buffer with size 992.0x960.0
19:51:43.738 [JavaFX Application Thread] DEBUG TilesetLoader        - Loading view for layer techo2
19:51:43.739 [JavaFX Application Thread] DEBUG TilesetLoader        - Created buffer with size 992.0x960.0
19:51:43.759 [JavaFX Application Thread] DEBUG TilesetLoader        - Loading view for layer puertita
19:51:43.760 [JavaFX Application Thread] DEBUG TilesetLoader        - Created buffer with size 992.0x960.0
19:51:43.763 [JavaFX Application Thread] DEBUG TilesetLoader        - Loading view for layer puerta
19:51:43.765 [JavaFX Application Thread] DEBUG TilesetLoader        - Created buffer with size 992.0x960.0
19:51:43.769 [JavaFX Application Thread] DEBUG TilesetLoader        - Loading view for layer detalles
19:51:43.770 [JavaFX Application Thread] DEBUG TilesetLoader        - Created buffer with size 992.0x960.0
19:51:43.797 [JavaFX Application Thread] DEBUG TilesetLoader        - Loading view for layer detalles 2
19:51:43.799 [JavaFX Application Thread] DEBUG TilesetLoader        - Created buffer with size 992.0x960.0
19:51:43.824 [JavaFX Application Thread] DEBUG TilesetLoader        - Loading view for layer detalles3
19:51:43.825 [JavaFX Application Thread] DEBUG TilesetLoader        - Created buffer with size 992.0x960.0
19:51:43.845 [JavaFX Application Thread] DEBUG TMXLevelLoader       - Creating object layer entities
19:51:43.933 [JavaFX Application Thread] DEBUG GameWorld            - Clearing removable entities
19:51:43.934 [JavaFX Application Thread] DEBUG GameWorld            - Setting level: com.almasb.fxgl.entity.level.Level@1596610a
19:51:43.984 [JavaFX Application Thread] DEBUG FXGLAssetLoaderServi - Loading from file system: file:/C:/Users/josue/OneDrive/Desktop/proyecto%20java/Among%20Us/out/production/Among%20Us/assets/textures/tripulante_negro.png
19:51:43.987 [JavaFX Application Thread] DEBUG FXGLAssetLoaderServi - Loading from file system: file:/C:/Users/josue/OneDrive/Desktop/proyecto%20java/Among%20Us/out/production/Among%20Us/assets/textures/animacion_negro.png
19:54:35.477 [JavaFX Application Thread] DEBUG FXGLApplication      - Exiting FXGL
19:54:35.477 [JavaFX Application Thread] DEBUG LoopRunner           - Stopping loop
19:54:35.477 [JavaFX Application Thread] DEBUG SystemBundleService  - Saving FXGL system data
19:54:35.483 [JavaFX Application Thread] DEBUG FileSystemAccess     - Writing to: C:\Users\josue\OneDrive\Desktop\proyecto java\Among Us\system\fxgl.bundle
19:54:35.486 [JavaFX Application Thread] DEBUG Async                - Shutting down background threads
19:54:35.486 [JavaFX Application Thread] DEBUG PrimaryStageWindow   - Closing main window
19:54:35.538 [JavaFX Application Thread] DEBUG Logger               - Closing Logger
