10:50:59.215 [main                     ] DEBUG Logger               - Configured Logger
10:50:59.248 [main                     ] DEBUG GameApplication      - Logging settings
Title: Among Us UNEG
Version: 0.0
Width: 800
Height: 600
Fullscreen: false
Intro: false
Profiling: false
Single step:false
App Mode: DEVELOPER
Menu Key: ESCAPE
Stage Style: DECORATED
Scene Factory: class com.almasb.fxgl.app.scene.SceneFactory

10:51:00.613 [JavaFX Application Thread] DEBUG FXGLApplication      - Initializing FXGL
10:51:00.618 [JavaFX Application Thread] INFO  Engine               - FXGL-21.1 (26.03.2024 17.33) on WINDOWS (J:25.0.2 FX:21.0.1)
10:51:00.619 [JavaFX Application Thread] DEBUG Engine               - JRE Vendor Name: Oracle Corporation
10:51:00.619 [JavaFX Application Thread] DEBUG Engine               - Running on OS: Windows 11 version 10.0
10:51:00.619 [JavaFX Application Thread] DEBUG Engine               - Architecture: amd64
10:51:00.619 [JavaFX Application Thread] INFO  Engine               - Source code and latest versions at: https://github.com/AlmasB/FXGL
10:51:00.620 [JavaFX Application Thread] INFO  Engine               -       Ask questions and discuss at: https://github.com/AlmasB/FXGL/discussions
10:51:00.620 [JavaFX Application Thread] INFO  Engine               -              Join the FXGL chat at: https://gitter.im/AlmasB/FXGL
10:51:00.894 [JavaFX Application Thread] DEBUG PrimaryStageWindow   - Creating a JavaFX scene
10:51:01.064 [JavaFX Application Thread] DEBUG PrimaryStageWindow   - Target settings size: 800.0 x 600.0
10:51:01.065 [JavaFX Application Thread] DEBUG PrimaryStageWindow   - Scaled scene size:    800.0 x 600.0
10:51:01.065 [JavaFX Application Thread] DEBUG PrimaryStageWindow   - Scaled ratio: (1.0, 1.0)
10:51:01.067 [JavaFX Application Thread] DEBUG PrimaryStageWindow   - Set initial scene to FXGLStartupScene
10:51:01.082 [JavaFX Application Thread] DEBUG PrimaryStageWindow   - Opening main window
10:51:01.299 [JavaFX Application Thread] DEBUG PrimaryStageWindow   - Window border size: (16.0, 39.0)
10:51:01.299 [JavaFX Application Thread] DEBUG PrimaryStageWindow   - Scaled size: 800.0 x 600.0
10:51:01.299 [JavaFX Application Thread] DEBUG PrimaryStageWindow   - Scaled ratio: (1.0, 1.0)
10:51:01.299 [JavaFX Application Thread] DEBUG PrimaryStageWindow   - Scene size: 800.0 x 600.0
10:51:01.299 [JavaFX Application Thread] DEBUG PrimaryStageWindow   - Stage size: 816.0 x 639.0
10:51:01.322 [FXGL Background Thread 1 ] DEBUG Engine               - Initializing environment variables
10:51:01.493 [FXGL Background Thread 1 ] DEBUG FXGLAssetLoaderServi - User app class for loading assets: class main.java.amongUs.AppPrincipal
10:51:01.493 [FXGL Background Thread 1 ] DEBUG GameApplicationServi - Applying CSS: fxgl_dark.css
10:51:01.495 [FXGL Background Thread 1 ] DEBUG FXGLAssetLoaderServi - Loading from file system: jar:file:/C:/Users/josue/OneDrive/Desktop/proyecto%20java/Among%20Us/lib/fxgl-21.1-uber.jar!/fxglassets/ui/css/fxgl_dark.css
10:51:01.590 [FXGL Background Thread 1 ] DEBUG GameApplicationServi - Initializing application scenes
10:51:01.786 [FXGL Background Thread 1 ] DEBUG GameWorld            - Game world initialized
10:51:01.853 [FXGL Background Thread 1 ] DEBUG PhysicsWorld         - Physics world initialized: appHeight=600, physics.ppm=50,0
10:51:01.853 [FXGL Background Thread 1 ] DEBUG PhysicsWorld         - Using strategy: BRUTE_FORCE
10:51:01.858 [FXGL Background Thread 1 ] DEBUG GameScene            - Game scene initialized: 800x600
10:51:01.875 [FXGL Background Thread 1 ] DEBUG FXGL.DefaultMenu     - createMenuBodyGameMenu()
10:51:01.898 [FXGL Background Thread 1 ] DEBUG FXGL.DefaultMenu     - createOptionsMenu()
10:51:01.916 [FXGL Background Thread 1 ] DEBUG FXGLAssetLoaderServi - Loading from file system: jar:file:/C:/Users/josue/OneDrive/Desktop/proyecto%20java/Among%20Us/lib/fxgl-21.1-uber.jar!/fxglassets/textures/particles/smoke.png
10:51:02.062 [FXGL Background Thread 1 ] DEBUG FXGLAssetLoaderServi - Loading from file system: jar:file:/C:/Users/josue/OneDrive/Desktop/proyecto%20java/Among%20Us/lib/fxgl-21.1-uber.jar!/fxglassets/textures/particles/trace_horizontal.png
10:51:02.106 [FXGL Background Thread 1 ] DEBUG GameApplicationServi - Application scenes initialized
10:51:02.128 [FXGL Background Thread 1 ] DEBUG SystemBundleService  - Loading FXGL system data
10:51:02.138 [FXGL Background Thread 1 ] DEBUG FileSystemAccess     - Reading from: C:\Users\josue\OneDrive\Desktop\proyecto java\Among Us\system\fxgl.bundle
10:51:02.149 [FXGL Background Thread 1 ] DEBUG SystemBundleService  - Bundle FXGL: {}
10:51:02.149 [FXGL Background Thread 1 ] DEBUG UpdaterService       - Checking for updates
10:51:02.158 [FXGL Background Thread 1 ] DEBUG FXGLApplication      - Loading default localization
10:51:02.159 [FXGL Background Thread 1 ] DEBUG FXGLAssetLoaderServi - Loading from file system: jar:file:/C:/Users/josue/OneDrive/Desktop/proyecto%20java/Among%20Us/lib/fxgl-21.1-uber.jar!/fxglassets/languages/english.lang
10:51:02.186 [FXGL Background Thread 1 ] INFO  FXGLApplication      - FXGL initialization took: 0,864 sec
10:51:02.200 [JavaFX Application Thread] DEBUG Input                - Registered new binding: action0 - W
10:51:02.200 [JavaFX Application Thread] DEBUG Input                - Registered new binding: action1 - S
10:51:02.201 [JavaFX Application Thread] DEBUG Input                - Registered new binding: action2 - A
10:51:02.202 [JavaFX Application Thread] DEBUG Input                - Registered new binding: action3 - D
10:51:02.202 [JavaFX Application Thread] DEBUG FXGLAssetLoaderServi - Loading from file system: file:/C:/Users/josue/OneDrive/Desktop/proyecto%20java/Among%20Us/out/production/Among%20Us/assets/textures/icono.png
10:51:02.374 [FXGL Background Thread 4 ] DEBUG FXGLApplication      - Loading fonts
10:51:02.375 [FXGL Background Thread 4 ] DEBUG FXGLAssetLoaderServi - Loading from file system: jar:file:/C:/Users/josue/OneDrive/Desktop/proyecto%20java/Among%20Us/lib/fxgl-21.1-uber.jar!/fxglassets/ui/fonts/VarelaRound-Regular.ttf
10:51:02.439 [JavaFX Application Thread] DEBUG FXGLAssetLoaderServi - Loading from file system: jar:file:/C:/Users/josue/OneDrive/Desktop/proyecto%20java/Among%20Us/lib/fxgl-21.1-uber.jar!/fxglassets/textures/fxgl_default_cursor.png
10:51:02.456 [JavaFX Application Thread] DEBUG Input                - Registered new binding: Screenshot - CTRL+8
10:51:02.459 [JavaFX Application Thread] DEBUG Input                - Registered new binding: System info dump - CTRL+9
10:51:02.460 [JavaFX Application Thread] DEBUG Input                - Registered new binding: Restart - CTRL+R
10:51:02.461 [JavaFX Application Thread] DEBUG Input                - Registered new binding: Toggle Debug Camera - CTRL+7
10:51:02.466 [JavaFX Application Thread] DEBUG LoopRunner           - Starting loop
10:51:02.466 [JavaFX Application Thread] DEBUG LoopRunner           - Initializing JavaFX AnimationTimerLoop
10:51:02.468 [JavaFX Application Thread] DEBUG GameApplicationServi - Starting new game
10:51:02.469 [JavaFX Application Thread] DEBUG Input                - Clearing active input actions
10:51:02.622 [JavaFX Application Thread] DEBUG GameApplicationServi - Removing overlay from FXGLStartupScene and adding to FXGLLoadingScene
10:51:02.623 [JavaFX Application Thread] DEBUG PrimaryStageWindow   - FXGLStartupScene -> FXGLLoadingScene
10:51:02.624 [JavaFX Application Thread] DEBUG GameApplicationServi - Clearing previous game
10:51:02.624 [JavaFX Application Thread] DEBUG GameScene            - Clearing game scene
10:51:02.624 [JavaFX Application Thread] DEBUG GameWorld            - Clearing game world
10:51:02.625 [JavaFX Application Thread] DEBUG PhysicsWorld         - Clearing physics world
10:51:02.627 [FXGL Background Thread 1 ] DEBUG FXGLApplication      - Initializing game
10:51:02.635 [FXGL Background Thread 1 ] DEBUG FXGLAssetLoaderServi - Loading from file system: file:/C:/Users/josue/OneDrive/Desktop/proyecto%20java/Among%20Us/out/production/Among%20Us/assets/music/musicaMenu.mp3
10:51:03.156 [FXGL Background Thread 1 ] DEBUG AudioPlayer          - Playing music com.almasb.fxgl.audio.Music@4d2eba3e
10:51:03.790 [FXGL Background Thread 4 ] DEBUG FXGLAssetLoaderServi - Loading from file system: jar:file:/C:/Users/josue/OneDrive/Desktop/proyecto%20java/Among%20Us/lib/fxgl-21.1-uber.jar!/fxglassets/ui/fonts/Abel-Regular.ttf
10:51:03.809 [FXGL Background Thread 1 ] INFO  FXGLApplication      - Game initialization took: 1,182 sec
10:51:03.807 [FXGL Background Thread 4 ] DEBUG FXGLAssetLoaderServi - Loading from file system: jar:file:/C:/Users/josue/OneDrive/Desktop/proyecto%20java/Among%20Us/lib/fxgl-21.1-uber.jar!/fxglassets/ui/fonts/TerminalLandMono-Regular.otf
10:51:03.815 [FXGL Background Thread 4 ] DEBUG FXGLAssetLoaderServi - Loading from file system: jar:file:/C:/Users/josue/OneDrive/Desktop/proyecto%20java/Among%20Us/lib/fxgl-21.1-uber.jar!/fxglassets/ui/fonts/Courier-Prime.ttf
10:51:03.935 [JavaFX Application Thread] DEBUG Input                - Clearing active input actions
10:51:03.946 [JavaFX Application Thread] DEBUG GameApplicationServi - Removing overlay from FXGLLoadingScene and adding to GameScene
10:51:03.946 [JavaFX Application Thread] DEBUG PrimaryStageWindow   - FXGLLoadingScene -> GameScene
10:51:03.947 [JavaFX Application Thread] DEBUG FXGLApplication      - Registering font factories with UI factory
10:51:04.567 [FXGL Background Thread 2 ] INFO  UpdaterService       - Your current version:  21.1
10:51:04.567 [FXGL Background Thread 2 ] INFO  UpdaterService       - Latest stable version: 25
10:51:05.154 [FXGL Background Thread 3 ] DEBUG Engine               - Logging environment variables
10:51:05.155 [FXGL Background Thread 3 ] DEBUG Engine               - achievements: []
10:51:05.155 [FXGL Background Thread 3 ] DEBUG Engine               - actualHeight: 600.0
10:51:05.155 [FXGL Background Thread 3 ] DEBUG Engine               - actualHeightProperty: ReadOnlyDoubleProperty [value: 600.0]
10:51:05.155 [FXGL Background Thread 3 ] DEBUG Engine               - actualWidth: 800.0
10:51:05.155 [FXGL Background Thread 3 ] DEBUG Engine               - actualWidthProperty: ReadOnlyDoubleProperty [value: 800.0]
10:51:05.155 [FXGL Background Thread 3 ] DEBUG Engine               - appIcon: icono.png
10:51:05.155 [FXGL Background Thread 3 ] DEBUG Engine               - applicationMode: DEVELOPER
10:51:05.155 [FXGL Background Thread 3 ] DEBUG Engine               - cSSList: [fxgl_dark.css]
10:51:05.155 [FXGL Background Thread 3 ] DEBUG Engine               - collisionDetectionStrategy: BRUTE_FORCE
10:51:05.155 [FXGL Background Thread 3 ] DEBUG Engine               - configClass: Optional.empty
10:51:05.155 [FXGL Background Thread 3 ] DEBUG Engine               - credits: []
10:51:05.156 [FXGL Background Thread 3 ] DEBUG Engine               - defaultCursor: CursorInfo(imageName=fxgl_default_cursor.png, hotspotX=7.0, hotspotY=6.0)
10:51:05.156 [FXGL Background Thread 3 ] DEBUG Engine               - devBBoxColorProperty: ObjectProperty [value: 0xff0000ff]
10:51:05.156 [FXGL Background Thread 3 ] DEBUG Engine               - devEnableDebugCameraProperty: BooleanProperty [value: false]
10:51:05.156 [FXGL Background Thread 3 ] DEBUG Engine               - devSensorColorProperty: ObjectProperty [value: 0xffff00ff]
10:51:05.156 [FXGL Background Thread 3 ] DEBUG Engine               - devShowBBoxProperty: BooleanProperty [value: false]
10:51:05.156 [FXGL Background Thread 3 ] DEBUG Engine               - devShowPositionProperty: BooleanProperty [value: false]
10:51:05.156 [FXGL Background Thread 3 ] DEBUG Engine               - enabledMenuItems: []
10:51:05.156 [FXGL Background Thread 3 ] DEBUG Engine               - engineServices: [class com.almasb.fxgl.app.services.FXGLAssetLoaderService, class com.almasb.fxgl.app.FXGLApplication$GameApplicationService, class com.almasb.fxgl.app.services.FXGLDialogService, class com.almasb.fxgl.app.services.IOTaskExecutorService, class com.almasb.fxgl.io.FileSystemService, class com.almasb.fxgl.localization.LocalizationService, class com.almasb.fxgl.app.services.SystemBundleService, class com.almasb.fxgl.profile.SaveLoadService, class com.almasb.fxgl.ui.FXGLUIFactoryServiceProvider, class com.almasb.fxgl.ui.FXGLDialogFactoryServiceProvider, class com.almasb.fxgl.audio.AudioPlayer, class com.almasb.fxgl.notification.impl.NotificationServiceProvider, class com.almasb.fxgl.achievement.AchievementService, class com.almasb.fxgl.cutscene.CutsceneService, class com.almasb.fxgl.minigames.MiniGameService, class com.almasb.fxgl.net.NetService, class com.almasb.fxgl.app.services.UpdaterService, class com.almasb.fxgl.dev.DevService]
10:51:05.156 [FXGL Background Thread 3 ] DEBUG Engine               - fontGame: Abel-Regular.ttf
10:51:05.156 [FXGL Background Thread 3 ] DEBUG Engine               - fontMono: TerminalLandMono-Regular.otf
10:51:05.157 [FXGL Background Thread 3 ] DEBUG Engine               - fontSizeScaleUI: 1.0
10:51:05.157 [FXGL Background Thread 3 ] DEBUG Engine               - fontText: Courier-Prime.ttf
10:51:05.157 [FXGL Background Thread 3 ] DEBUG Engine               - fontUI: VarelaRound-Regular.ttf
10:51:05.157 [FXGL Background Thread 3 ] DEBUG Engine               - fullScreen: BooleanProperty [value: false]
10:51:05.158 [FXGL Background Thread 3 ] DEBUG Engine               - gameDifficulty: MEDIUM
10:51:05.158 [FXGL Background Thread 3 ] DEBUG Engine               - gameDifficultyProperty: ObjectProperty [value: MEDIUM]
10:51:05.158 [FXGL Background Thread 3 ] DEBUG Engine               - globalMusicVolume: 0.5
10:51:05.158 [FXGL Background Thread 3 ] DEBUG Engine               - globalMusicVolumeProperty: DoubleProperty [value: 0.4]
10:51:05.158 [FXGL Background Thread 3 ] DEBUG Engine               - globalSoundVolume: 0.5
10:51:05.158 [FXGL Background Thread 3 ] DEBUG Engine               - globalSoundVolumeProperty: DoubleProperty [value: 0.5]
10:51:05.158 [FXGL Background Thread 3 ] DEBUG Engine               - height: 600
10:51:05.158 [FXGL Background Thread 3 ] DEBUG Engine               - is3D: false
10:51:05.159 [FXGL Background Thread 3 ] DEBUG Engine               - isAndroid: false
10:51:05.159 [FXGL Background Thread 3 ] DEBUG Engine               - isBrowser: false
10:51:05.159 [FXGL Background Thread 3 ] DEBUG Engine               - isClickFeedbackEnabled: false
10:51:05.159 [FXGL Background Thread 3 ] DEBUG Engine               - isCloseConfirmation: false
10:51:05.159 [FXGL Background Thread 3 ] DEBUG Engine               - isDesktop: true
10:51:05.159 [FXGL Background Thread 3 ] DEBUG Engine               - isDeveloperMenuEnabled: false
10:51:05.159 [FXGL Background Thread 3 ] DEBUG Engine               - isEmbedded: false
10:51:05.159 [FXGL Background Thread 3 ] DEBUG Engine               - isEntityPreloadEnabled: true
10:51:05.159 [FXGL Background Thread 3 ] DEBUG Engine               - isExperimentalTiledLargeMap: false
10:51:05.159 [FXGL Background Thread 3 ] DEBUG Engine               - isFileSystemWriteAllowed: true
10:51:05.159 [FXGL Background Thread 3 ] DEBUG Engine               - isFullScreenAllowed: false
10:51:05.159 [FXGL Background Thread 3 ] DEBUG Engine               - isFullScreenFromStart: false
10:51:05.159 [FXGL Background Thread 3 ] DEBUG Engine               - isGameMenuEnabled: true
10:51:05.160 [FXGL Background Thread 3 ] DEBUG Engine               - isIOS: false
10:51:05.160 [FXGL Background Thread 3 ] DEBUG Engine               - isIntroEnabled: false
10:51:05.160 [FXGL Background Thread 3 ] DEBUG Engine               - isLinux: false
10:51:05.160 [FXGL Background Thread 3 ] DEBUG Engine               - isMac: false
10:51:05.160 [FXGL Background Thread 3 ] DEBUG Engine               - isMainMenuEnabled: false
10:51:05.160 [FXGL Background Thread 3 ] DEBUG Engine               - isManualResizeEnabled: false
10:51:05.160 [FXGL Background Thread 3 ] DEBUG Engine               - isMobile: false
10:51:05.160 [FXGL Background Thread 3 ] DEBUG Engine               - isNative: false
10:51:05.160 [FXGL Background Thread 3 ] DEBUG Engine               - isPauseMusicWhenMinimized: true
10:51:05.160 [FXGL Background Thread 3 ] DEBUG Engine               - isPreserveResizeRatio: false
10:51:05.160 [FXGL Background Thread 3 ] DEBUG Engine               - isProfilingEnabled: false
10:51:05.160 [FXGL Background Thread 3 ] DEBUG Engine               - isScaleAffectedOnResize: true
10:51:05.160 [FXGL Background Thread 3 ] DEBUG Engine               - isSingleStep: false
10:51:05.160 [FXGL Background Thread 3 ] DEBUG Engine               - isUserProfileEnabled: false
10:51:05.160 [FXGL Background Thread 3 ] DEBUG Engine               - isWindows: true
10:51:05.160 [FXGL Background Thread 3 ] DEBUG Engine               - language: ObjectProperty [value: ENGLISH]
10:51:05.161 [FXGL Background Thread 3 ] DEBUG Engine               - menuKey: ESCAPE
10:51:05.161 [FXGL Background Thread 3 ] DEBUG Engine               - mouseSensitivity: 0.2
10:51:05.161 [FXGL Background Thread 3 ] DEBUG Engine               - notificationViewClass: class com.almasb.fxgl.notification.view.XboxNotificationView
10:51:05.161 [FXGL Background Thread 3 ] DEBUG Engine               - pixelsPerMeter: 50.0
10:51:05.161 [FXGL Background Thread 3 ] DEBUG Engine               - platform: WINDOWS
10:51:05.161 [FXGL Background Thread 3 ] DEBUG Engine               - prefHeightProperty: ReadOnlyDoubleProperty [value: 600.0]
10:51:05.161 [FXGL Background Thread 3 ] DEBUG Engine               - prefWidthProperty: ReadOnlyDoubleProperty [value: 800.0]
10:51:05.161 [FXGL Background Thread 3 ] DEBUG Engine               - profileDir: profiles/
10:51:05.161 [FXGL Background Thread 3 ] DEBUG Engine               - profileName: StringProperty [value: DEFAULT]
10:51:05.161 [FXGL Background Thread 3 ] DEBUG Engine               - randomSeed: -1
10:51:05.161 [FXGL Background Thread 3 ] DEBUG Engine               - runtimeInfo: RuntimeInfo(platform=WINDOWS, version=21.1, build=26.03.2024 17.33)
10:51:05.161 [FXGL Background Thread 3 ] DEBUG Engine               - saveFileExt: sav
10:51:05.162 [FXGL Background Thread 3 ] DEBUG Engine               - scaledHeightProp$fxgl: DoubleProperty [bound, value: 600.0]
10:51:05.162 [FXGL Background Thread 3 ] DEBUG Engine               - scaledWidthProp$fxgl: DoubleProperty [bound, value: 800.0]
10:51:05.162 [FXGL Background Thread 3 ] DEBUG Engine               - sceneFactory: com.almasb.fxgl.app.scene.SceneFactory@50c6c12f
10:51:05.162 [FXGL Background Thread 3 ] DEBUG Engine               - secondsIn24h: 60
10:51:05.162 [FXGL Background Thread 3 ] DEBUG Engine               - soundMenuBack: menu/back.wav
10:51:05.162 [FXGL Background Thread 3 ] DEBUG Engine               - soundMenuPress: menu/press.wav
10:51:05.162 [FXGL Background Thread 3 ] DEBUG Engine               - soundMenuSelect: menu/select.wav
10:51:05.162 [FXGL Background Thread 3 ] DEBUG Engine               - soundNotification: core/notification.wav
10:51:05.162 [FXGL Background Thread 3 ] DEBUG Engine               - stageStyle: DECORATED
10:51:05.162 [FXGL Background Thread 3 ] DEBUG Engine               - supportedLanguages: [ENGLISH, FRENCH, GERMAN, HUNGARIAN, RUSSIAN]
10:51:05.162 [FXGL Background Thread 3 ] DEBUG Engine               - ticksPerSecond: -1
10:51:05.162 [FXGL Background Thread 3 ] DEBUG Engine               - title: Among Us UNEG
10:51:05.163 [FXGL Background Thread 3 ] DEBUG Engine               - urlGithub: https://github.com/AlmasB/FXGL
10:51:05.163 [FXGL Background Thread 3 ] DEBUG Engine               - urlLeaderboard: http://fxgl-top.herokuapp.com/
10:51:05.163 [FXGL Background Thread 3 ] DEBUG Engine               - urlPOM: https://raw.githubusercontent.com/AlmasB/FXGL/release/README.md
10:51:05.163 [FXGL Background Thread 3 ] DEBUG Engine               - userAppClass: class main.java.amongUs.AppPrincipal
10:51:05.163 [FXGL Background Thread 3 ] DEBUG Engine               - version: 0.0
10:51:05.163 [FXGL Background Thread 3 ] DEBUG Engine               - versionCheckDays: 7
10:51:05.164 [FXGL Background Thread 3 ] DEBUG Engine               - width: 800
10:51:05.166 [FXGL Background Thread 3 ] DEBUG Engine               - Logging services
10:51:05.166 [FXGL Background Thread 3 ] DEBUG Engine               - class com.almasb.fxgl.app.services.FXGLAssetLoaderService
10:51:05.166 [FXGL Background Thread 3 ] DEBUG Engine               - class com.almasb.fxgl.app.FXGLApplication$GameApplicationService
10:51:05.166 [FXGL Background Thread 3 ] DEBUG Engine               - class com.almasb.fxgl.app.services.FXGLDialogService
10:51:05.166 [FXGL Background Thread 3 ] DEBUG Engine               - class com.almasb.fxgl.app.services.IOTaskExecutorService
10:51:05.166 [FXGL Background Thread 3 ] DEBUG Engine               - class com.almasb.fxgl.io.FileSystemService
10:51:05.166 [FXGL Background Thread 3 ] DEBUG Engine               - class com.almasb.fxgl.localization.LocalizationService
10:51:05.166 [FXGL Background Thread 3 ] DEBUG Engine               - class com.almasb.fxgl.app.services.SystemBundleService
10:51:05.167 [FXGL Background Thread 3 ] DEBUG Engine               - class com.almasb.fxgl.profile.SaveLoadService
10:51:05.167 [FXGL Background Thread 3 ] DEBUG Engine               - class com.almasb.fxgl.ui.FXGLUIFactoryServiceProvider
10:51:05.167 [FXGL Background Thread 3 ] DEBUG Engine               - class com.almasb.fxgl.ui.FXGLDialogFactoryServiceProvider
10:51:05.167 [FXGL Background Thread 3 ] DEBUG Engine               - class com.almasb.fxgl.audio.AudioPlayer
10:51:05.167 [FXGL Background Thread 3 ] DEBUG Engine               - class com.almasb.fxgl.notification.impl.NotificationServiceProvider
10:51:05.167 [FXGL Background Thread 3 ] DEBUG Engine               - class com.almasb.fxgl.achievement.AchievementService
10:51:05.168 [FXGL Background Thread 3 ] DEBUG Engine               - class com.almasb.fxgl.cutscene.CutsceneService
10:51:05.168 [FXGL Background Thread 3 ] DEBUG Engine               - class com.almasb.fxgl.minigames.MiniGameService
10:51:05.168 [FXGL Background Thread 3 ] DEBUG Engine               - class com.almasb.fxgl.net.NetService
10:51:05.169 [FXGL Background Thread 3 ] DEBUG Engine               - class com.almasb.fxgl.app.services.UpdaterService
10:51:05.169 [FXGL Background Thread 3 ] DEBUG Engine               - class com.almasb.fxgl.dev.DevService
10:51:06.846 [JavaFX Application Thread] DEBUG FXGLAssetLoaderServi - Loading from file system: file:/C:/Users/josue/OneDrive/Desktop/proyecto%20java/Among%20Us/out/production/Among%20Us/assets/sounds/clickBoton.wav
10:51:12.082 [JavaFX Application Thread] WARN  TMXLevelLoader       - TiledMap generated from 1.11.2. Supported version: 1.9.0. Some features may not be parsed fully.
10:51:12.173 [JavaFX Application Thread] DEBUG TMXLevelLoader       - Parsed TiledMap: file:/C:/Users/josue/OneDrive/Desktop/proyecto%20java/Among%20Us/out/production/Among%20Us/assets/levels/mapa2.tmx
10:51:12.174 [JavaFX Application Thread] DEBUG TMXLevelLoader       - Creating tile layer entities
10:51:12.177 [JavaFX Application Thread] DEBUG TilesetLoader        - Loading view for layer fondo1
10:51:12.178 [JavaFX Application Thread] DEBUG TilesetLoader        - Created buffer with size 992.0x960.0
10:51:12.205 [JavaFX Application Thread] DEBUG TilesetLoader        - Loading view for layer fondo
10:51:12.206 [JavaFX Application Thread] DEBUG TilesetLoader        - Created buffer with size 992.0x960.0
10:51:12.212 [JavaFX Application Thread] DEBUG TilesetLoader        - Loading view for layer piso
10:51:12.213 [JavaFX Application Thread] DEBUG TilesetLoader        - Created buffer with size 992.0x960.0
10:51:12.218 [JavaFX Application Thread] DEBUG TilesetLoader        - Loading view for layer piso1
10:51:12.218 [JavaFX Application Thread] DEBUG TilesetLoader        - Created buffer with size 992.0x960.0
10:51:12.222 [JavaFX Application Thread] WARN  TilesetLoader        - Diagonally flipped tiles are not currently supported
10:51:12.223 [JavaFX Application Thread] WARN  TilesetLoader        - Diagonally flipped tiles are not currently supported
10:51:12.226 [JavaFX Application Thread] WARN  TilesetLoader        - Diagonally flipped tiles are not currently supported
10:51:12.235 [JavaFX Application Thread] WARN  TilesetLoader        - Diagonally flipped tiles are not currently supported
10:51:12.236 [JavaFX Application Thread] DEBUG TilesetLoader        - Loading view for layer izquierda
10:51:12.237 [JavaFX Application Thread] DEBUG TilesetLoader        - Created buffer with size 992.0x960.0
10:51:12.246 [JavaFX Application Thread] DEBUG TilesetLoader        - Loading view for layer detallesatraspared
10:51:12.246 [JavaFX Application Thread] DEBUG TilesetLoader        - Created buffer with size 992.0x960.0
10:51:12.549 [JavaFX Application Thread] WARN  TilesetLoader        - Diagonally flipped tiles are not currently supported
10:51:12.551 [JavaFX Application Thread] WARN  TilesetLoader        - Diagonally flipped tiles are not currently supported
10:51:12.577 [JavaFX Application Thread] DEBUG TilesetLoader        - Loading view for layer pared2
10:51:12.577 [JavaFX Application Thread] DEBUG TilesetLoader        - Created buffer with size 992.0x960.0
10:51:12.587 [JavaFX Application Thread] DEBUG TilesetLoader        - Loading view for layer techo1
10:51:12.588 [JavaFX Application Thread] DEBUG TilesetLoader        - Created buffer with size 992.0x960.0
10:51:12.595 [JavaFX Application Thread] DEBUG TilesetLoader        - Loading view for layer techo2
10:51:12.595 [JavaFX Application Thread] DEBUG TilesetLoader        - Created buffer with size 992.0x960.0
10:51:12.603 [JavaFX Application Thread] DEBUG TilesetLoader        - Loading view for layer puertita
10:51:12.606 [JavaFX Application Thread] DEBUG TilesetLoader        - Created buffer with size 992.0x960.0
10:51:12.612 [JavaFX Application Thread] DEBUG TilesetLoader        - Loading view for layer puerta
10:51:12.614 [JavaFX Application Thread] DEBUG TilesetLoader        - Created buffer with size 992.0x960.0
10:51:12.617 [JavaFX Application Thread] DEBUG TilesetLoader        - Loading view for layer detalles
10:51:12.617 [JavaFX Application Thread] DEBUG TilesetLoader        - Created buffer with size 992.0x960.0
10:51:12.646 [JavaFX Application Thread] DEBUG TilesetLoader        - Loading view for layer detalles 2
10:51:12.647 [JavaFX Application Thread] DEBUG TilesetLoader        - Created buffer with size 992.0x960.0
10:51:12.664 [JavaFX Application Thread] DEBUG TilesetLoader        - Loading view for layer detalles3
10:51:12.665 [JavaFX Application Thread] DEBUG TilesetLoader        - Created buffer with size 992.0x960.0
10:51:12.685 [JavaFX Application Thread] DEBUG TMXLevelLoader       - Creating object layer entities
10:51:12.767 [JavaFX Application Thread] DEBUG GameWorld            - Clearing removable entities
10:51:12.769 [JavaFX Application Thread] DEBUG GameWorld            - Setting level: com.almasb.fxgl.entity.level.Level@1c0489c5
10:51:12.834 [JavaFX Application Thread] DEBUG FXGLAssetLoaderServi - Loading from file system: file:/C:/Users/josue/OneDrive/Desktop/proyecto%20java/Among%20Us/out/production/Among%20Us/assets/textures/tripulante_negro.png
10:51:12.836 [JavaFX Application Thread] DEBUG FXGLAssetLoaderServi - Loading from file system: file:/C:/Users/josue/OneDrive/Desktop/proyecto%20java/Among%20Us/out/production/Among%20Us/assets/textures/animacion_negro.png
10:51:48.862 [JavaFX Application Thread] DEBUG FXGLApplication      - Exiting FXGL
10:51:48.863 [JavaFX Application Thread] DEBUG LoopRunner           - Stopping loop
10:51:48.863 [JavaFX Application Thread] DEBUG SystemBundleService  - Saving FXGL system data
10:51:48.867 [JavaFX Application Thread] DEBUG FileSystemAccess     - Writing to: C:\Users\josue\OneDrive\Desktop\proyecto java\Among Us\system\fxgl.bundle
10:51:48.869 [JavaFX Application Thread] DEBUG Async                - Shutting down background threads
10:51:48.869 [JavaFX Application Thread] DEBUG PrimaryStageWindow   - Closing main window
10:51:48.969 [JavaFX Application Thread] DEBUG Logger               - Closing Logger
