22:45:19.927 [main                     ] DEBUG Logger               - Configured Logger
22:45:19.952 [main                     ] DEBUG GameApplication      - Logging settings
Title: Among Us - Java Edition
Version: 0.0
Width: 800
Height: 600
Fullscreen: false
Intro: false
Profiling: false
Single step:false
App Mode: DEVELOPER
Menu Key: ESCAPE
Stage Style: DECORATED
Scene Factory: class com.almasb.fxgl.app.scene.SceneFactory

22:45:20.884 [JavaFX Application Thread] DEBUG FXGLApplication      - Initializing FXGL
22:45:20.891 [JavaFX Application Thread] INFO  Engine               - FXGL-21.1 (26.03.2024 17.33) on WINDOWS (J:25.0.2 FX:21.0.1)
22:45:20.891 [JavaFX Application Thread] DEBUG Engine               - JRE Vendor Name: Oracle Corporation
22:45:20.892 [JavaFX Application Thread] DEBUG Engine               - Running on OS: Windows 11 version 10.0
22:45:20.892 [JavaFX Application Thread] DEBUG Engine               - Architecture: amd64
22:45:20.892 [JavaFX Application Thread] INFO  Engine               - Source code and latest versions at: https://github.com/AlmasB/FXGL
22:45:20.892 [JavaFX Application Thread] INFO  Engine               -       Ask questions and discuss at: https://github.com/AlmasB/FXGL/discussions
22:45:20.892 [JavaFX Application Thread] INFO  Engine               -              Join the FXGL chat at: https://gitter.im/AlmasB/FXGL
22:45:21.164 [JavaFX Application Thread] DEBUG PrimaryStageWindow   - Creating a JavaFX scene
22:45:21.295 [JavaFX Application Thread] DEBUG PrimaryStageWindow   - Target settings size: 800.0 x 600.0
22:45:21.295 [JavaFX Application Thread] DEBUG PrimaryStageWindow   - Scaled scene size:    800.0 x 600.0
22:45:21.295 [JavaFX Application Thread] DEBUG PrimaryStageWindow   - Scaled ratio: (1.0, 1.0)
22:45:21.298 [JavaFX Application Thread] DEBUG PrimaryStageWindow   - Set initial scene to FXGLStartupScene
22:45:21.305 [JavaFX Application Thread] DEBUG PrimaryStageWindow   - Opening main window
22:45:21.501 [JavaFX Application Thread] DEBUG PrimaryStageWindow   - Window border size: (16.0, 39.0)
22:45:21.502 [JavaFX Application Thread] DEBUG PrimaryStageWindow   - Scaled size: 800.0 x 600.0
22:45:21.503 [JavaFX Application Thread] DEBUG PrimaryStageWindow   - Scaled ratio: (1.0, 1.0)
22:45:21.503 [JavaFX Application Thread] DEBUG PrimaryStageWindow   - Scene size: 800.0 x 600.0
22:45:21.503 [JavaFX Application Thread] DEBUG PrimaryStageWindow   - Stage size: 816.0 x 639.0
22:45:21.541 [FXGL Background Thread 1 ] DEBUG Engine               - Initializing environment variables
22:45:21.705 [FXGL Background Thread 1 ] DEBUG FXGLAssetLoaderServi - User app class for loading assets: class main.java.amongUs.AppPrincipal
22:45:21.705 [FXGL Background Thread 1 ] DEBUG GameApplicationServi - Applying CSS: fxgl_dark.css
22:45:21.706 [FXGL Background Thread 1 ] DEBUG FXGLAssetLoaderServi - Loading from file system: jar:file:/C:/Users/josue/OneDrive/Desktop/proyecto%20java/Among%20Us/lib/fxgl-21.1-uber.jar!/fxglassets/ui/css/fxgl_dark.css
22:45:21.804 [FXGL Background Thread 1 ] DEBUG GameApplicationServi - Initializing application scenes
22:45:22.022 [FXGL Background Thread 1 ] DEBUG GameWorld            - Game world initialized
22:45:22.108 [FXGL Background Thread 1 ] DEBUG PhysicsWorld         - Physics world initialized: appHeight=600, physics.ppm=50,0
22:45:22.108 [FXGL Background Thread 1 ] DEBUG PhysicsWorld         - Using strategy: BRUTE_FORCE
22:45:22.117 [FXGL Background Thread 1 ] DEBUG GameScene            - Game scene initialized: 800x600
22:45:22.136 [FXGL Background Thread 1 ] DEBUG FXGL.DefaultMenu     - createMenuBodyGameMenu()
22:45:22.169 [FXGL Background Thread 1 ] DEBUG FXGL.DefaultMenu     - createOptionsMenu()
22:45:22.186 [FXGL Background Thread 1 ] DEBUG FXGLAssetLoaderServi - Loading from file system: jar:file:/C:/Users/josue/OneDrive/Desktop/proyecto%20java/Among%20Us/lib/fxgl-21.1-uber.jar!/fxglassets/textures/particles/smoke.png
22:45:22.393 [FXGL Background Thread 1 ] DEBUG FXGLAssetLoaderServi - Loading from file system: jar:file:/C:/Users/josue/OneDrive/Desktop/proyecto%20java/Among%20Us/lib/fxgl-21.1-uber.jar!/fxglassets/textures/particles/trace_horizontal.png
22:45:22.439 [FXGL Background Thread 1 ] DEBUG GameApplicationServi - Application scenes initialized
22:45:22.466 [FXGL Background Thread 1 ] DEBUG SystemBundleService  - Loading FXGL system data
22:45:22.473 [FXGL Background Thread 1 ] DEBUG FileSystemAccess     - Reading from: C:\Users\josue\OneDrive\Desktop\proyecto java\Among Us\system\fxgl.bundle
22:45:22.486 [FXGL Background Thread 1 ] DEBUG SystemBundleService  - Bundle FXGL: {}
22:45:22.487 [FXGL Background Thread 1 ] DEBUG UpdaterService       - Checking for updates
22:45:22.495 [FXGL Background Thread 1 ] DEBUG FXGLApplication      - Loading default localization
22:45:22.496 [FXGL Background Thread 1 ] DEBUG FXGLAssetLoaderServi - Loading from file system: jar:file:/C:/Users/josue/OneDrive/Desktop/proyecto%20java/Among%20Us/lib/fxgl-21.1-uber.jar!/fxglassets/languages/english.lang
22:45:22.526 [FXGL Background Thread 1 ] INFO  FXGLApplication      - FXGL initialization took: 0,985 sec
22:45:22.527 [JavaFX Application Thread] DEBUG FXGLAssetLoaderServi - Loading from file system: jar:file:/C:/Users/josue/OneDrive/Desktop/proyecto%20java/Among%20Us/lib/fxgl-21.1-uber.jar!/fxglassets/textures/fxgl_icon.png
22:45:22.620 [FXGL Background Thread 4 ] DEBUG FXGLApplication      - Loading fonts
22:45:22.620 [FXGL Background Thread 4 ] DEBUG FXGLAssetLoaderServi - Loading from file system: jar:file:/C:/Users/josue/OneDrive/Desktop/proyecto%20java/Among%20Us/lib/fxgl-21.1-uber.jar!/fxglassets/ui/fonts/VarelaRound-Regular.ttf
22:45:22.630 [JavaFX Application Thread] DEBUG FXGLAssetLoaderServi - Loading from file system: jar:file:/C:/Users/josue/OneDrive/Desktop/proyecto%20java/Among%20Us/lib/fxgl-21.1-uber.jar!/fxglassets/textures/fxgl_default_cursor.png
22:45:22.670 [JavaFX Application Thread] DEBUG Input                - Registered new binding: Screenshot - CTRL+8
22:45:22.671 [JavaFX Application Thread] DEBUG Input                - Registered new binding: System info dump - CTRL+9
22:45:22.672 [JavaFX Application Thread] DEBUG Input                - Registered new binding: Restart - CTRL+R
22:45:22.673 [JavaFX Application Thread] DEBUG Input                - Registered new binding: Toggle Debug Camera - CTRL+7
22:45:22.678 [JavaFX Application Thread] DEBUG LoopRunner           - Starting loop
22:45:22.678 [JavaFX Application Thread] DEBUG LoopRunner           - Initializing JavaFX AnimationTimerLoop
22:45:22.680 [JavaFX Application Thread] DEBUG GameApplicationServi - Starting new game
22:45:22.680 [JavaFX Application Thread] DEBUG Input                - Clearing active input actions
22:45:22.721 [JavaFX Application Thread] DEBUG GameApplicationServi - Removing overlay from FXGLStartupScene and adding to FXGLLoadingScene
22:45:22.721 [JavaFX Application Thread] DEBUG PrimaryStageWindow   - FXGLStartupScene -> FXGLLoadingScene
22:45:22.722 [JavaFX Application Thread] DEBUG GameApplicationServi - Clearing previous game
22:45:22.722 [JavaFX Application Thread] DEBUG GameScene            - Clearing game scene
22:45:22.722 [JavaFX Application Thread] DEBUG GameWorld            - Clearing game world
22:45:22.723 [JavaFX Application Thread] DEBUG PhysicsWorld         - Clearing physics world
22:45:22.729 [FXGL Background Thread 1 ] DEBUG FXGLApplication      - Initializing game
22:45:22.770 [FXGL Background Thread 1 ] WARN  FXGLAssetLoaderServi - Asset "/assets/levels/mapa2.tmx" was not found!
22:45:23.649 [FXGL Background Thread 1 ] INFO  FXGLApplication      - Game initialization took: 0,920 sec
22:45:23.654 [JavaFX Application Thread] DEBUG Input                - Clearing active input actions
22:45:23.693 [JavaFX Application Thread] DEBUG GameApplicationServi - Removing overlay from FXGLLoadingScene and adding to GameScene
22:45:23.694 [JavaFX Application Thread] DEBUG PrimaryStageWindow   - FXGLLoadingScene -> GameScene
22:45:24.123 [FXGL Background Thread 4 ] DEBUG FXGLAssetLoaderServi - Loading from file system: jar:file:/C:/Users/josue/OneDrive/Desktop/proyecto%20java/Among%20Us/lib/fxgl-21.1-uber.jar!/fxglassets/ui/fonts/Abel-Regular.ttf
22:45:24.128 [FXGL Background Thread 4 ] DEBUG FXGLAssetLoaderServi - Loading from file system: jar:file:/C:/Users/josue/OneDrive/Desktop/proyecto%20java/Among%20Us/lib/fxgl-21.1-uber.jar!/fxglassets/ui/fonts/TerminalLandMono-Regular.otf
22:45:24.137 [FXGL Background Thread 4 ] DEBUG FXGLAssetLoaderServi - Loading from file system: jar:file:/C:/Users/josue/OneDrive/Desktop/proyecto%20java/Among%20Us/lib/fxgl-21.1-uber.jar!/fxglassets/ui/fonts/Courier-Prime.ttf
22:45:24.147 [JavaFX Application Thread] DEBUG FXGLApplication      - Registering font factories with UI factory
22:45:25.057 [FXGL Background Thread 2 ] INFO  UpdaterService       - Your current version:  21.1
22:45:25.057 [FXGL Background Thread 2 ] INFO  UpdaterService       - Latest stable version: 25
22:45:25.276 [JavaFX Application Thread] DEBUG FXGLAssetLoaderServi - Loading from file system: file:/C:/Users/josue/OneDrive/Desktop/proyecto%20java/Among%20Us/out/production/Among%20Us/assets/sounds/clickBoton.mp3
22:45:25.492 [FXGL Background Thread 3 ] DEBUG Engine               - Logging environment variables
22:45:25.503 [FXGL Background Thread 3 ] DEBUG Engine               - achievements: []
22:45:25.504 [FXGL Background Thread 3 ] DEBUG Engine               - actualHeight: 600.0
22:45:25.504 [FXGL Background Thread 3 ] DEBUG Engine               - actualHeightProperty: ReadOnlyDoubleProperty [value: 600.0]
22:45:25.504 [FXGL Background Thread 3 ] DEBUG Engine               - actualWidth: 800.0
22:45:25.504 [FXGL Background Thread 3 ] DEBUG Engine               - actualWidthProperty: ReadOnlyDoubleProperty [value: 800.0]
22:45:25.504 [FXGL Background Thread 3 ] DEBUG Engine               - appIcon: fxgl_icon.png
22:45:25.504 [FXGL Background Thread 3 ] DEBUG Engine               - applicationMode: DEVELOPER
22:45:25.504 [FXGL Background Thread 3 ] DEBUG Engine               - cSSList: [fxgl_dark.css]
22:45:25.504 [FXGL Background Thread 3 ] DEBUG Engine               - collisionDetectionStrategy: BRUTE_FORCE
22:45:25.505 [FXGL Background Thread 3 ] DEBUG Engine               - configClass: Optional.empty
22:45:25.505 [FXGL Background Thread 3 ] DEBUG Engine               - credits: []
22:45:25.505 [FXGL Background Thread 3 ] DEBUG Engine               - defaultCursor: CursorInfo(imageName=fxgl_default_cursor.png, hotspotX=7.0, hotspotY=6.0)
22:45:25.509 [FXGL Background Thread 3 ] DEBUG Engine               - devBBoxColorProperty: ObjectProperty [value: 0xff0000ff]
22:45:25.509 [FXGL Background Thread 3 ] DEBUG Engine               - devEnableDebugCameraProperty: BooleanProperty [value: false]
22:45:25.510 [FXGL Background Thread 3 ] DEBUG Engine               - devSensorColorProperty: ObjectProperty [value: 0xffff00ff]
22:45:25.510 [FXGL Background Thread 3 ] DEBUG Engine               - devShowBBoxProperty: BooleanProperty [value: false]
22:45:25.510 [FXGL Background Thread 3 ] DEBUG Engine               - devShowPositionProperty: BooleanProperty [value: false]
22:45:25.510 [FXGL Background Thread 3 ] DEBUG Engine               - enabledMenuItems: []
22:45:25.510 [FXGL Background Thread 3 ] DEBUG Engine               - engineServices: [class com.almasb.fxgl.app.services.FXGLAssetLoaderService, class com.almasb.fxgl.app.FXGLApplication$GameApplicationService, class com.almasb.fxgl.app.services.FXGLDialogService, class com.almasb.fxgl.app.services.IOTaskExecutorService, class com.almasb.fxgl.io.FileSystemService, class com.almasb.fxgl.localization.LocalizationService, class com.almasb.fxgl.app.services.SystemBundleService, class com.almasb.fxgl.profile.SaveLoadService, class com.almasb.fxgl.ui.FXGLUIFactoryServiceProvider, class com.almasb.fxgl.ui.FXGLDialogFactoryServiceProvider, class com.almasb.fxgl.audio.AudioPlayer, class com.almasb.fxgl.notification.impl.NotificationServiceProvider, class com.almasb.fxgl.achievement.AchievementService, class com.almasb.fxgl.cutscene.CutsceneService, class com.almasb.fxgl.minigames.MiniGameService, class com.almasb.fxgl.net.NetService, class com.almasb.fxgl.app.services.UpdaterService, class com.almasb.fxgl.dev.DevService]
22:45:25.510 [FXGL Background Thread 3 ] DEBUG Engine               - fontGame: Abel-Regular.ttf
22:45:25.510 [FXGL Background Thread 3 ] DEBUG Engine               - fontMono: TerminalLandMono-Regular.otf
22:45:25.510 [FXGL Background Thread 3 ] DEBUG Engine               - fontSizeScaleUI: 1.0
22:45:25.510 [FXGL Background Thread 3 ] DEBUG Engine               - fontText: Courier-Prime.ttf
22:45:25.511 [FXGL Background Thread 3 ] DEBUG Engine               - fontUI: VarelaRound-Regular.ttf
22:45:25.511 [FXGL Background Thread 3 ] DEBUG Engine               - fullScreen: BooleanProperty [value: false]
22:45:25.511 [FXGL Background Thread 3 ] DEBUG Engine               - gameDifficulty: MEDIUM
22:45:25.511 [FXGL Background Thread 3 ] DEBUG Engine               - gameDifficultyProperty: ObjectProperty [value: MEDIUM]
22:45:25.511 [FXGL Background Thread 3 ] DEBUG Engine               - globalMusicVolume: 0.5
22:45:25.511 [FXGL Background Thread 3 ] DEBUG Engine               - globalMusicVolumeProperty: DoubleProperty [value: 0.5]
22:45:25.511 [FXGL Background Thread 3 ] DEBUG Engine               - globalSoundVolume: 0.5
22:45:25.511 [FXGL Background Thread 3 ] DEBUG Engine               - globalSoundVolumeProperty: DoubleProperty [value: 0.5]
22:45:25.511 [FXGL Background Thread 3 ] DEBUG Engine               - height: 600
22:45:25.511 [FXGL Background Thread 3 ] DEBUG Engine               - is3D: false
22:45:25.511 [FXGL Background Thread 3 ] DEBUG Engine               - isAndroid: false
22:45:25.511 [FXGL Background Thread 3 ] DEBUG Engine               - isBrowser: false
22:45:25.511 [FXGL Background Thread 3 ] DEBUG Engine               - isClickFeedbackEnabled: false
22:45:25.512 [FXGL Background Thread 3 ] DEBUG Engine               - isCloseConfirmation: false
22:45:25.512 [FXGL Background Thread 3 ] DEBUG Engine               - isDesktop: true
22:45:25.513 [FXGL Background Thread 3 ] DEBUG Engine               - isDeveloperMenuEnabled: false
22:45:25.515 [FXGL Background Thread 3 ] DEBUG Engine               - isEmbedded: false
22:45:25.515 [FXGL Background Thread 3 ] DEBUG Engine               - isEntityPreloadEnabled: true
22:45:25.515 [FXGL Background Thread 3 ] DEBUG Engine               - isExperimentalTiledLargeMap: false
22:45:25.516 [FXGL Background Thread 3 ] DEBUG Engine               - isFileSystemWriteAllowed: true
22:45:25.517 [FXGL Background Thread 3 ] DEBUG Engine               - isFullScreenAllowed: false
22:45:25.517 [FXGL Background Thread 3 ] DEBUG Engine               - isFullScreenFromStart: false
22:45:25.521 [FXGL Background Thread 3 ] DEBUG Engine               - isGameMenuEnabled: true
22:45:25.521 [FXGL Background Thread 3 ] DEBUG Engine               - isIOS: false
22:45:25.521 [FXGL Background Thread 3 ] DEBUG Engine               - isIntroEnabled: false
22:45:25.521 [FXGL Background Thread 3 ] DEBUG Engine               - isLinux: false
22:45:25.521 [FXGL Background Thread 3 ] DEBUG Engine               - isMac: false
22:45:25.521 [FXGL Background Thread 3 ] DEBUG Engine               - isMainMenuEnabled: false
22:45:25.522 [FXGL Background Thread 3 ] DEBUG Engine               - isManualResizeEnabled: false
22:45:25.522 [FXGL Background Thread 3 ] DEBUG Engine               - isMobile: false
22:45:25.522 [FXGL Background Thread 3 ] DEBUG Engine               - isNative: false
22:45:25.523 [FXGL Background Thread 3 ] DEBUG Engine               - isPauseMusicWhenMinimized: true
22:45:25.523 [FXGL Background Thread 3 ] DEBUG Engine               - isPreserveResizeRatio: false
22:45:25.523 [FXGL Background Thread 3 ] DEBUG Engine               - isProfilingEnabled: false
22:45:25.523 [FXGL Background Thread 3 ] DEBUG Engine               - isScaleAffectedOnResize: true
22:45:25.523 [FXGL Background Thread 3 ] DEBUG Engine               - isSingleStep: false
22:45:25.523 [FXGL Background Thread 3 ] DEBUG Engine               - isUserProfileEnabled: false
22:45:25.523 [FXGL Background Thread 3 ] DEBUG Engine               - isWindows: true
22:45:25.523 [FXGL Background Thread 3 ] DEBUG Engine               - language: ObjectProperty [value: ENGLISH]
22:45:25.523 [FXGL Background Thread 3 ] DEBUG Engine               - menuKey: ESCAPE
22:45:25.524 [FXGL Background Thread 3 ] DEBUG Engine               - mouseSensitivity: 0.2
22:45:25.524 [FXGL Background Thread 3 ] DEBUG Engine               - notificationViewClass: class com.almasb.fxgl.notification.view.XboxNotificationView
22:45:25.524 [FXGL Background Thread 3 ] DEBUG Engine               - pixelsPerMeter: 50.0
22:45:25.524 [FXGL Background Thread 3 ] DEBUG Engine               - platform: WINDOWS
22:45:25.524 [FXGL Background Thread 3 ] DEBUG Engine               - prefHeightProperty: ReadOnlyDoubleProperty [value: 600.0]
22:45:25.524 [FXGL Background Thread 3 ] DEBUG Engine               - prefWidthProperty: ReadOnlyDoubleProperty [value: 800.0]
22:45:25.524 [FXGL Background Thread 3 ] DEBUG Engine               - profileDir: profiles/
22:45:25.524 [FXGL Background Thread 3 ] DEBUG Engine               - profileName: StringProperty [value: DEFAULT]
22:45:25.524 [FXGL Background Thread 3 ] DEBUG Engine               - randomSeed: -1
22:45:25.524 [FXGL Background Thread 3 ] DEBUG Engine               - runtimeInfo: RuntimeInfo(platform=WINDOWS, version=21.1, build=26.03.2024 17.33)
22:45:25.524 [FXGL Background Thread 3 ] DEBUG Engine               - saveFileExt: sav
22:45:25.524 [FXGL Background Thread 3 ] DEBUG Engine               - scaledHeightProp$fxgl: DoubleProperty [bound, value: 600.0]
22:45:25.524 [FXGL Background Thread 3 ] DEBUG Engine               - scaledWidthProp$fxgl: DoubleProperty [bound, value: 800.0]
22:45:25.524 [FXGL Background Thread 3 ] DEBUG Engine               - sceneFactory: com.almasb.fxgl.app.scene.SceneFactory@207b6dc1
22:45:25.524 [FXGL Background Thread 3 ] DEBUG Engine               - secondsIn24h: 60
22:45:25.524 [FXGL Background Thread 3 ] DEBUG Engine               - soundMenuBack: menu/back.wav
22:45:25.524 [FXGL Background Thread 3 ] DEBUG Engine               - soundMenuPress: menu/press.wav
22:45:25.524 [FXGL Background Thread 3 ] DEBUG Engine               - soundMenuSelect: menu/select.wav
22:45:25.524 [FXGL Background Thread 3 ] DEBUG Engine               - soundNotification: core/notification.wav
22:45:25.524 [FXGL Background Thread 3 ] DEBUG Engine               - stageStyle: DECORATED
22:45:25.524 [FXGL Background Thread 3 ] DEBUG Engine               - supportedLanguages: [ENGLISH, FRENCH, GERMAN, HUNGARIAN, RUSSIAN]
22:45:25.524 [FXGL Background Thread 3 ] DEBUG Engine               - ticksPerSecond: -1
22:45:25.524 [FXGL Background Thread 3 ] DEBUG Engine               - title: Among Us - Java Edition
22:45:25.525 [FXGL Background Thread 3 ] DEBUG Engine               - urlGithub: https://github.com/AlmasB/FXGL
22:45:25.525 [FXGL Background Thread 3 ] DEBUG Engine               - urlLeaderboard: http://fxgl-top.herokuapp.com/
22:45:25.525 [FXGL Background Thread 3 ] DEBUG Engine               - urlPOM: https://raw.githubusercontent.com/AlmasB/FXGL/release/README.md
22:45:25.525 [FXGL Background Thread 3 ] DEBUG Engine               - userAppClass: class main.java.amongUs.AppPrincipal
22:45:25.525 [FXGL Background Thread 3 ] DEBUG Engine               - version: 0.0
22:45:25.525 [FXGL Background Thread 3 ] DEBUG Engine               - versionCheckDays: 7
22:45:25.525 [FXGL Background Thread 3 ] DEBUG Engine               - width: 800
22:45:25.525 [FXGL Background Thread 3 ] DEBUG Engine               - Logging services
22:45:25.525 [FXGL Background Thread 3 ] DEBUG Engine               - class com.almasb.fxgl.app.services.FXGLAssetLoaderService
22:45:25.525 [FXGL Background Thread 3 ] DEBUG Engine               - class com.almasb.fxgl.app.FXGLApplication$GameApplicationService
22:45:25.525 [FXGL Background Thread 3 ] DEBUG Engine               - class com.almasb.fxgl.app.services.FXGLDialogService
22:45:25.525 [FXGL Background Thread 3 ] DEBUG Engine               - class com.almasb.fxgl.app.services.IOTaskExecutorService
22:45:25.525 [FXGL Background Thread 3 ] DEBUG Engine               - class com.almasb.fxgl.io.FileSystemService
22:45:25.525 [FXGL Background Thread 3 ] DEBUG Engine               - class com.almasb.fxgl.localization.LocalizationService
22:45:25.525 [FXGL Background Thread 3 ] DEBUG Engine               - class com.almasb.fxgl.app.services.SystemBundleService
22:45:25.525 [FXGL Background Thread 3 ] DEBUG Engine               - class com.almasb.fxgl.profile.SaveLoadService
22:45:25.525 [FXGL Background Thread 3 ] DEBUG Engine               - class com.almasb.fxgl.ui.FXGLUIFactoryServiceProvider
22:45:25.525 [FXGL Background Thread 3 ] DEBUG Engine               - class com.almasb.fxgl.ui.FXGLDialogFactoryServiceProvider
22:45:25.525 [FXGL Background Thread 3 ] DEBUG Engine               - class com.almasb.fxgl.audio.AudioPlayer
22:45:25.525 [FXGL Background Thread 3 ] DEBUG Engine               - class com.almasb.fxgl.notification.impl.NotificationServiceProvider
22:45:25.525 [FXGL Background Thread 3 ] DEBUG Engine               - class com.almasb.fxgl.achievement.AchievementService
22:45:25.525 [FXGL Background Thread 3 ] DEBUG Engine               - class com.almasb.fxgl.cutscene.CutsceneService
22:45:25.525 [FXGL Background Thread 3 ] DEBUG Engine               - class com.almasb.fxgl.minigames.MiniGameService
22:45:25.525 [FXGL Background Thread 3 ] DEBUG Engine               - class com.almasb.fxgl.net.NetService
22:45:25.525 [FXGL Background Thread 3 ] DEBUG Engine               - class com.almasb.fxgl.app.services.UpdaterService
22:45:25.525 [FXGL Background Thread 3 ] DEBUG Engine               - class com.almasb.fxgl.dev.DevService
22:45:27.171 [JavaFX Application Thread] DEBUG FXGLAssetLoaderServi - Loading from file system: file:/C:/Users/josue/OneDrive/Desktop/proyecto%20java/Among%20Us/out/production/Among%20Us/assets/textures/3.png
22:45:28.310 [JavaFX Application Thread] DEBUG FXGLAssetLoaderServi - Loading from file system: file:/C:/Users/josue/OneDrive/Desktop/proyecto%20java/Among%20Us/out/production/Among%20Us/assets/textures/1.png
22:45:31.365 [JavaFX Application Thread] DEBUG FXGLAssetLoaderServi - Loading from file system: file:/C:/Users/josue/OneDrive/Desktop/proyecto%20java/Among%20Us/out/production/Among%20Us/assets/textures/2.png
22:45:52.293 [JavaFX Application Thread] DEBUG FXGLApplication      - Exiting FXGL
22:45:52.293 [JavaFX Application Thread] DEBUG LoopRunner           - Stopping loop
22:45:52.293 [JavaFX Application Thread] DEBUG SystemBundleService  - Saving FXGL system data
22:45:52.298 [JavaFX Application Thread] DEBUG FileSystemAccess     - Writing to: C:\Users\josue\OneDrive\Desktop\proyecto java\Among Us\system\fxgl.bundle
22:45:52.303 [JavaFX Application Thread] DEBUG Async                - Shutting down background threads
22:45:52.304 [JavaFX Application Thread] DEBUG PrimaryStageWindow   - Closing main window
22:45:52.324 [JavaFX Application Thread] DEBUG Logger               - Closing Logger
