10:33:32.986 [main                     ] DEBUG Logger               - Configured Logger
10:33:33.007 [main                     ] DEBUG GameApplication      - Logging settings
Title: Among Us - Java Edition
Version: 0.0
Width: 800
Height: 600
Fullscreen: false
Intro: false
Profiling: false
Single step:false
App Mode: DEVELOPER
Menu Key: ESCAPE
Stage Style: DECORATED
Scene Factory: class com.almasb.fxgl.app.scene.SceneFactory

10:33:33.886 [JavaFX Application Thread] DEBUG FXGLApplication      - Initializing FXGL
10:33:33.890 [JavaFX Application Thread] INFO  Engine               - FXGL-21.1 (26.03.2024 17.33) on WINDOWS (J:25.0.2 FX:21.0.1)
10:33:33.890 [JavaFX Application Thread] DEBUG Engine               - JRE Vendor Name: Oracle Corporation
10:33:33.891 [JavaFX Application Thread] DEBUG Engine               - Running on OS: Windows 11 version 10.0
10:33:33.891 [JavaFX Application Thread] DEBUG Engine               - Architecture: amd64
10:33:33.891 [JavaFX Application Thread] INFO  Engine               - Source code and latest versions at: https://github.com/AlmasB/FXGL
10:33:33.892 [JavaFX Application Thread] INFO  Engine               -       Ask questions and discuss at: https://github.com/AlmasB/FXGL/discussions
10:33:33.892 [JavaFX Application Thread] INFO  Engine               -              Join the FXGL chat at: https://gitter.im/AlmasB/FXGL
10:33:34.154 [JavaFX Application Thread] DEBUG PrimaryStageWindow   - Creating a JavaFX scene
10:33:34.268 [JavaFX Application Thread] DEBUG PrimaryStageWindow   - Target settings size: 800.0 x 600.0
10:33:34.268 [JavaFX Application Thread] DEBUG PrimaryStageWindow   - Scaled scene size:    800.0 x 600.0
10:33:34.268 [JavaFX Application Thread] DEBUG PrimaryStageWindow   - Scaled ratio: (1.0, 1.0)
10:33:34.270 [JavaFX Application Thread] DEBUG PrimaryStageWindow   - Set initial scene to FXGLStartupScene
10:33:34.276 [JavaFX Application Thread] DEBUG PrimaryStageWindow   - Opening main window
10:33:34.487 [JavaFX Application Thread] DEBUG PrimaryStageWindow   - Window border size: (16.0, 39.0)
10:33:34.487 [JavaFX Application Thread] DEBUG PrimaryStageWindow   - Scaled size: 800.0 x 600.0
10:33:34.487 [JavaFX Application Thread] DEBUG PrimaryStageWindow   - Scaled ratio: (1.0, 1.0)
10:33:34.487 [JavaFX Application Thread] DEBUG PrimaryStageWindow   - Scene size: 800.0 x 600.0
10:33:34.488 [JavaFX Application Thread] DEBUG PrimaryStageWindow   - Stage size: 816.0 x 639.0
10:33:34.541 [FXGL Background Thread 1 ] DEBUG Engine               - Initializing environment variables
10:33:34.740 [FXGL Background Thread 1 ] DEBUG FXGLAssetLoaderServi - User app class for loading assets: class main.java.amongUs.AppPrincipal
10:33:34.740 [FXGL Background Thread 1 ] DEBUG GameApplicationServi - Applying CSS: fxgl_dark.css
10:33:34.742 [FXGL Background Thread 1 ] DEBUG FXGLAssetLoaderServi - Loading from file system: jar:file:/C:/Users/josue/OneDrive/Desktop/proyecto%20java/Among%20Us/lib/fxgl-21.1-uber.jar!/fxglassets/ui/css/fxgl_dark.css
10:33:34.856 [FXGL Background Thread 1 ] DEBUG GameApplicationServi - Initializing application scenes
10:33:35.074 [FXGL Background Thread 1 ] DEBUG GameWorld            - Game world initialized
10:33:35.172 [FXGL Background Thread 1 ] DEBUG PhysicsWorld         - Physics world initialized: appHeight=600, physics.ppm=50,0
10:33:35.172 [FXGL Background Thread 1 ] DEBUG PhysicsWorld         - Using strategy: BRUTE_FORCE
10:33:35.178 [FXGL Background Thread 1 ] DEBUG GameScene            - Game scene initialized: 800x600
10:33:35.207 [FXGL Background Thread 1 ] DEBUG FXGL.DefaultMenu     - createMenuBodyGameMenu()
10:33:35.242 [FXGL Background Thread 1 ] DEBUG FXGL.DefaultMenu     - createOptionsMenu()
10:33:35.293 [FXGL Background Thread 1 ] DEBUG FXGLAssetLoaderServi - Loading from file system: jar:file:/C:/Users/josue/OneDrive/Desktop/proyecto%20java/Among%20Us/lib/fxgl-21.1-uber.jar!/fxglassets/textures/particles/smoke.png
10:33:35.470 [FXGL Background Thread 1 ] DEBUG FXGLAssetLoaderServi - Loading from file system: jar:file:/C:/Users/josue/OneDrive/Desktop/proyecto%20java/Among%20Us/lib/fxgl-21.1-uber.jar!/fxglassets/textures/particles/trace_horizontal.png
10:33:35.507 [FXGL Background Thread 1 ] DEBUG GameApplicationServi - Application scenes initialized
10:33:35.536 [FXGL Background Thread 1 ] DEBUG SystemBundleService  - Loading FXGL system data
10:33:35.543 [FXGL Background Thread 1 ] DEBUG FileSystemAccess     - Reading from: C:\Users\josue\OneDrive\Desktop\proyecto java\Among Us\system\fxgl.bundle
10:33:35.557 [FXGL Background Thread 1 ] DEBUG SystemBundleService  - Bundle FXGL: {}
10:33:35.557 [FXGL Background Thread 1 ] DEBUG UpdaterService       - Checking for updates
10:33:35.566 [FXGL Background Thread 1 ] DEBUG FXGLApplication      - Loading default localization
10:33:35.566 [FXGL Background Thread 1 ] DEBUG FXGLAssetLoaderServi - Loading from file system: jar:file:/C:/Users/josue/OneDrive/Desktop/proyecto%20java/Among%20Us/lib/fxgl-21.1-uber.jar!/fxglassets/languages/english.lang
10:33:35.569 [FXGL Background Thread 4 ] DEBUG FXGLApplication      - Loading fonts
10:33:35.574 [FXGL Background Thread 4 ] DEBUG FXGLAssetLoaderServi - Loading from file system: jar:file:/C:/Users/josue/OneDrive/Desktop/proyecto%20java/Among%20Us/lib/fxgl-21.1-uber.jar!/fxglassets/ui/fonts/VarelaRound-Regular.ttf
10:33:35.655 [FXGL Background Thread 1 ] INFO  FXGLApplication      - FXGL initialization took: 1,113 sec
10:33:35.658 [JavaFX Application Thread] DEBUG FXGLAssetLoaderServi - Loading from file system: jar:file:/C:/Users/josue/OneDrive/Desktop/proyecto%20java/Among%20Us/lib/fxgl-21.1-uber.jar!/fxglassets/textures/fxgl_icon.png
10:33:35.707 [JavaFX Application Thread] DEBUG FXGLAssetLoaderServi - Loading from file system: jar:file:/C:/Users/josue/OneDrive/Desktop/proyecto%20java/Among%20Us/lib/fxgl-21.1-uber.jar!/fxglassets/textures/fxgl_default_cursor.png
10:33:35.728 [JavaFX Application Thread] DEBUG Input                - Registered new binding: Screenshot - CTRL+8
10:33:35.731 [JavaFX Application Thread] DEBUG Input                - Registered new binding: System info dump - CTRL+9
10:33:35.736 [JavaFX Application Thread] DEBUG Input                - Registered new binding: Restart - CTRL+R
10:33:35.736 [JavaFX Application Thread] DEBUG Input                - Registered new binding: Toggle Debug Camera - CTRL+7
10:33:35.743 [JavaFX Application Thread] DEBUG LoopRunner           - Starting loop
10:33:35.744 [JavaFX Application Thread] DEBUG LoopRunner           - Initializing JavaFX AnimationTimerLoop
10:33:35.746 [JavaFX Application Thread] DEBUG GameApplicationServi - Starting new game
10:33:35.747 [JavaFX Application Thread] DEBUG Input                - Clearing active input actions
10:33:35.796 [JavaFX Application Thread] DEBUG GameApplicationServi - Removing overlay from FXGLStartupScene and adding to FXGLLoadingScene
10:33:35.798 [JavaFX Application Thread] DEBUG PrimaryStageWindow   - FXGLStartupScene -> FXGLLoadingScene
10:33:35.798 [JavaFX Application Thread] DEBUG GameApplicationServi - Clearing previous game
10:33:35.799 [JavaFX Application Thread] DEBUG GameScene            - Clearing game scene
10:33:35.799 [JavaFX Application Thread] DEBUG GameWorld            - Clearing game world
10:33:35.800 [JavaFX Application Thread] DEBUG PhysicsWorld         - Clearing physics world
10:33:35.802 [FXGL Background Thread 1 ] DEBUG FXGLApplication      - Initializing game
10:33:35.833 [FXGL Background Thread 1 ] WARN  FXGLAssetLoaderServi - Asset "/assets/levels/mapa2.tmx" was not found!
10:33:37.016 [FXGL Background Thread 1 ] INFO  FXGLApplication      - Game initialization took: 1,212 sec
10:33:37.028 [JavaFX Application Thread] DEBUG Input                - Clearing active input actions
10:33:37.048 [JavaFX Application Thread] DEBUG GameApplicationServi - Removing overlay from FXGLLoadingScene and adding to GameScene
10:33:37.048 [JavaFX Application Thread] DEBUG PrimaryStageWindow   - FXGLLoadingScene -> GameScene
10:33:37.247 [FXGL Background Thread 4 ] DEBUG FXGLAssetLoaderServi - Loading from file system: jar:file:/C:/Users/josue/OneDrive/Desktop/proyecto%20java/Among%20Us/lib/fxgl-21.1-uber.jar!/fxglassets/ui/fonts/Abel-Regular.ttf
10:33:37.256 [FXGL Background Thread 4 ] DEBUG FXGLAssetLoaderServi - Loading from file system: jar:file:/C:/Users/josue/OneDrive/Desktop/proyecto%20java/Among%20Us/lib/fxgl-21.1-uber.jar!/fxglassets/ui/fonts/TerminalLandMono-Regular.otf
10:33:37.263 [FXGL Background Thread 4 ] DEBUG FXGLAssetLoaderServi - Loading from file system: jar:file:/C:/Users/josue/OneDrive/Desktop/proyecto%20java/Among%20Us/lib/fxgl-21.1-uber.jar!/fxglassets/ui/fonts/Courier-Prime.ttf
10:33:37.272 [JavaFX Application Thread] DEBUG FXGLApplication      - Registering font factories with UI factory
10:33:38.504 [FXGL Background Thread 2 ] INFO  UpdaterService       - Your current version:  21.1
10:33:38.504 [FXGL Background Thread 2 ] INFO  UpdaterService       - Latest stable version: 25
10:33:38.562 [FXGL Background Thread 3 ] DEBUG Engine               - Logging environment variables
10:33:38.565 [FXGL Background Thread 3 ] DEBUG Engine               - achievements: []
10:33:38.565 [FXGL Background Thread 3 ] DEBUG Engine               - actualHeight: 600.0
10:33:38.565 [FXGL Background Thread 3 ] DEBUG Engine               - actualHeightProperty: ReadOnlyDoubleProperty [value: 600.0]
10:33:38.565 [FXGL Background Thread 3 ] DEBUG Engine               - actualWidth: 800.0
10:33:38.566 [FXGL Background Thread 3 ] DEBUG Engine               - actualWidthProperty: ReadOnlyDoubleProperty [value: 800.0]
10:33:38.566 [FXGL Background Thread 3 ] DEBUG Engine               - appIcon: fxgl_icon.png
10:33:38.566 [FXGL Background Thread 3 ] DEBUG Engine               - applicationMode: DEVELOPER
10:33:38.567 [FXGL Background Thread 3 ] DEBUG Engine               - cSSList: [fxgl_dark.css]
10:33:38.567 [FXGL Background Thread 3 ] DEBUG Engine               - collisionDetectionStrategy: BRUTE_FORCE
10:33:38.567 [FXGL Background Thread 3 ] DEBUG Engine               - configClass: Optional.empty
10:33:38.567 [FXGL Background Thread 3 ] DEBUG Engine               - credits: []
10:33:38.567 [FXGL Background Thread 3 ] DEBUG Engine               - defaultCursor: CursorInfo(imageName=fxgl_default_cursor.png, hotspotX=7.0, hotspotY=6.0)
10:33:38.567 [FXGL Background Thread 3 ] DEBUG Engine               - devBBoxColorProperty: ObjectProperty [value: 0xff0000ff]
10:33:38.567 [FXGL Background Thread 3 ] DEBUG Engine               - devEnableDebugCameraProperty: BooleanProperty [value: false]
10:33:38.568 [FXGL Background Thread 3 ] DEBUG Engine               - devSensorColorProperty: ObjectProperty [value: 0xffff00ff]
10:33:38.568 [FXGL Background Thread 3 ] DEBUG Engine               - devShowBBoxProperty: BooleanProperty [value: false]
10:33:38.568 [FXGL Background Thread 3 ] DEBUG Engine               - devShowPositionProperty: BooleanProperty [value: false]
10:33:38.568 [FXGL Background Thread 3 ] DEBUG Engine               - enabledMenuItems: []
10:33:38.568 [FXGL Background Thread 3 ] DEBUG Engine               - engineServices: [class com.almasb.fxgl.app.services.FXGLAssetLoaderService, class com.almasb.fxgl.app.FXGLApplication$GameApplicationService, class com.almasb.fxgl.app.services.FXGLDialogService, class com.almasb.fxgl.app.services.IOTaskExecutorService, class com.almasb.fxgl.io.FileSystemService, class com.almasb.fxgl.localization.LocalizationService, class com.almasb.fxgl.app.services.SystemBundleService, class com.almasb.fxgl.profile.SaveLoadService, class com.almasb.fxgl.ui.FXGLUIFactoryServiceProvider, class com.almasb.fxgl.ui.FXGLDialogFactoryServiceProvider, class com.almasb.fxgl.audio.AudioPlayer, class com.almasb.fxgl.notification.impl.NotificationServiceProvider, class com.almasb.fxgl.achievement.AchievementService, class com.almasb.fxgl.cutscene.CutsceneService, class com.almasb.fxgl.minigames.MiniGameService, class com.almasb.fxgl.net.NetService, class com.almasb.fxgl.app.services.UpdaterService, class com.almasb.fxgl.dev.DevService]
10:33:38.568 [FXGL Background Thread 3 ] DEBUG Engine               - fontGame: Abel-Regular.ttf
10:33:38.568 [FXGL Background Thread 3 ] DEBUG Engine               - fontMono: TerminalLandMono-Regular.otf
10:33:38.568 [FXGL Background Thread 3 ] DEBUG Engine               - fontSizeScaleUI: 1.0
10:33:38.568 [FXGL Background Thread 3 ] DEBUG Engine               - fontText: Courier-Prime.ttf
10:33:38.568 [FXGL Background Thread 3 ] DEBUG Engine               - fontUI: VarelaRound-Regular.ttf
10:33:38.568 [FXGL Background Thread 3 ] DEBUG Engine               - fullScreen: BooleanProperty [value: false]
10:33:38.568 [FXGL Background Thread 3 ] DEBUG Engine               - gameDifficulty: MEDIUM
10:33:38.568 [FXGL Background Thread 3 ] DEBUG Engine               - gameDifficultyProperty: ObjectProperty [value: MEDIUM]
10:33:38.568 [FXGL Background Thread 3 ] DEBUG Engine               - globalMusicVolume: 0.5
10:33:38.569 [FXGL Background Thread 3 ] DEBUG Engine               - globalMusicVolumeProperty: DoubleProperty [value: 0.5]
10:33:38.569 [FXGL Background Thread 3 ] DEBUG Engine               - globalSoundVolume: 0.5
10:33:38.569 [FXGL Background Thread 3 ] DEBUG Engine               - globalSoundVolumeProperty: DoubleProperty [value: 0.5]
10:33:38.569 [FXGL Background Thread 3 ] DEBUG Engine               - height: 600
10:33:38.569 [FXGL Background Thread 3 ] DEBUG Engine               - is3D: false
10:33:38.569 [FXGL Background Thread 3 ] DEBUG Engine               - isAndroid: false
10:33:38.569 [FXGL Background Thread 3 ] DEBUG Engine               - isBrowser: false
10:33:38.569 [FXGL Background Thread 3 ] DEBUG Engine               - isClickFeedbackEnabled: false
10:33:38.569 [FXGL Background Thread 3 ] DEBUG Engine               - isCloseConfirmation: false
10:33:38.569 [FXGL Background Thread 3 ] DEBUG Engine               - isDesktop: true
10:33:38.569 [FXGL Background Thread 3 ] DEBUG Engine               - isDeveloperMenuEnabled: false
10:33:38.569 [FXGL Background Thread 3 ] DEBUG Engine               - isEmbedded: false
10:33:38.569 [FXGL Background Thread 3 ] DEBUG Engine               - isEntityPreloadEnabled: true
10:33:38.569 [FXGL Background Thread 3 ] DEBUG Engine               - isExperimentalTiledLargeMap: false
10:33:38.569 [FXGL Background Thread 3 ] DEBUG Engine               - isFileSystemWriteAllowed: true
10:33:38.569 [FXGL Background Thread 3 ] DEBUG Engine               - isFullScreenAllowed: false
10:33:38.570 [FXGL Background Thread 3 ] DEBUG Engine               - isFullScreenFromStart: false
10:33:38.570 [FXGL Background Thread 3 ] DEBUG Engine               - isGameMenuEnabled: true
10:33:38.570 [FXGL Background Thread 3 ] DEBUG Engine               - isIOS: false
10:33:38.570 [FXGL Background Thread 3 ] DEBUG Engine               - isIntroEnabled: false
10:33:38.570 [FXGL Background Thread 3 ] DEBUG Engine               - isLinux: false
10:33:38.570 [FXGL Background Thread 3 ] DEBUG Engine               - isMac: false
10:33:38.570 [FXGL Background Thread 3 ] DEBUG Engine               - isMainMenuEnabled: false
10:33:38.570 [FXGL Background Thread 3 ] DEBUG Engine               - isManualResizeEnabled: false
10:33:38.570 [FXGL Background Thread 3 ] DEBUG Engine               - isMobile: false
10:33:38.570 [FXGL Background Thread 3 ] DEBUG Engine               - isNative: false
10:33:38.570 [FXGL Background Thread 3 ] DEBUG Engine               - isPauseMusicWhenMinimized: true
10:33:38.571 [FXGL Background Thread 3 ] DEBUG Engine               - isPreserveResizeRatio: false
10:33:38.571 [FXGL Background Thread 3 ] DEBUG Engine               - isProfilingEnabled: false
10:33:38.571 [FXGL Background Thread 3 ] DEBUG Engine               - isScaleAffectedOnResize: true
10:33:38.571 [FXGL Background Thread 3 ] DEBUG Engine               - isSingleStep: false
10:33:38.571 [FXGL Background Thread 3 ] DEBUG Engine               - isUserProfileEnabled: false
10:33:38.571 [FXGL Background Thread 3 ] DEBUG Engine               - isWindows: true
10:33:38.571 [FXGL Background Thread 3 ] DEBUG Engine               - language: ObjectProperty [value: ENGLISH]
10:33:38.571 [FXGL Background Thread 3 ] DEBUG Engine               - menuKey: ESCAPE
10:33:38.571 [FXGL Background Thread 3 ] DEBUG Engine               - mouseSensitivity: 0.2
10:33:38.571 [FXGL Background Thread 3 ] DEBUG Engine               - notificationViewClass: class com.almasb.fxgl.notification.view.XboxNotificationView
10:33:38.571 [FXGL Background Thread 3 ] DEBUG Engine               - pixelsPerMeter: 50.0
10:33:38.571 [FXGL Background Thread 3 ] DEBUG Engine               - platform: WINDOWS
10:33:38.571 [FXGL Background Thread 3 ] DEBUG Engine               - prefHeightProperty: ReadOnlyDoubleProperty [value: 600.0]
10:33:38.571 [FXGL Background Thread 3 ] DEBUG Engine               - prefWidthProperty: ReadOnlyDoubleProperty [value: 800.0]
10:33:38.571 [FXGL Background Thread 3 ] DEBUG Engine               - profileDir: profiles/
10:33:38.571 [FXGL Background Thread 3 ] DEBUG Engine               - profileName: StringProperty [value: DEFAULT]
10:33:38.571 [FXGL Background Thread 3 ] DEBUG Engine               - randomSeed: -1
10:33:38.572 [FXGL Background Thread 3 ] DEBUG Engine               - runtimeInfo: RuntimeInfo(platform=WINDOWS, version=21.1, build=26.03.2024 17.33)
10:33:38.572 [FXGL Background Thread 3 ] DEBUG Engine               - saveFileExt: sav
10:33:38.572 [FXGL Background Thread 3 ] DEBUG Engine               - scaledHeightProp$fxgl: DoubleProperty [bound, value: 600.0]
10:33:38.572 [FXGL Background Thread 3 ] DEBUG Engine               - scaledWidthProp$fxgl: DoubleProperty [bound, value: 800.0]
10:33:38.572 [FXGL Background Thread 3 ] DEBUG Engine               - sceneFactory: com.almasb.fxgl.app.scene.SceneFactory@3d220bb4
10:33:38.572 [FXGL Background Thread 3 ] DEBUG Engine               - secondsIn24h: 60
10:33:38.572 [FXGL Background Thread 3 ] DEBUG Engine               - soundMenuBack: menu/back.wav
10:33:38.572 [FXGL Background Thread 3 ] DEBUG Engine               - soundMenuPress: menu/press.wav
10:33:38.572 [FXGL Background Thread 3 ] DEBUG Engine               - soundMenuSelect: menu/select.wav
10:33:38.572 [FXGL Background Thread 3 ] DEBUG Engine               - soundNotification: core/notification.wav
10:33:38.572 [FXGL Background Thread 3 ] DEBUG Engine               - stageStyle: DECORATED
10:33:38.572 [FXGL Background Thread 3 ] DEBUG Engine               - supportedLanguages: [ENGLISH, FRENCH, GERMAN, HUNGARIAN, RUSSIAN]
10:33:38.572 [FXGL Background Thread 3 ] DEBUG Engine               - ticksPerSecond: -1
10:33:38.572 [FXGL Background Thread 3 ] DEBUG Engine               - title: Among Us - Java Edition
10:33:38.572 [FXGL Background Thread 3 ] DEBUG Engine               - urlGithub: https://github.com/AlmasB/FXGL
10:33:38.572 [FXGL Background Thread 3 ] DEBUG Engine               - urlLeaderboard: http://fxgl-top.herokuapp.com/
10:33:38.572 [FXGL Background Thread 3 ] DEBUG Engine               - urlPOM: https://raw.githubusercontent.com/AlmasB/FXGL/release/README.md
10:33:38.572 [FXGL Background Thread 3 ] DEBUG Engine               - userAppClass: class main.java.amongUs.AppPrincipal
10:33:38.572 [FXGL Background Thread 3 ] DEBUG Engine               - version: 0.0
10:33:38.572 [FXGL Background Thread 3 ] DEBUG Engine               - versionCheckDays: 7
10:33:38.572 [FXGL Background Thread 3 ] DEBUG Engine               - width: 800
10:33:38.572 [FXGL Background Thread 3 ] DEBUG Engine               - Logging services
10:33:38.573 [FXGL Background Thread 3 ] DEBUG Engine               - class com.almasb.fxgl.app.services.FXGLAssetLoaderService
10:33:38.573 [FXGL Background Thread 3 ] DEBUG Engine               - class com.almasb.fxgl.app.FXGLApplication$GameApplicationService
10:33:38.573 [FXGL Background Thread 3 ] DEBUG Engine               - class com.almasb.fxgl.app.services.FXGLDialogService
10:33:38.573 [FXGL Background Thread 3 ] DEBUG Engine               - class com.almasb.fxgl.app.services.IOTaskExecutorService
10:33:38.573 [FXGL Background Thread 3 ] DEBUG Engine               - class com.almasb.fxgl.io.FileSystemService
10:33:38.573 [FXGL Background Thread 3 ] DEBUG Engine               - class com.almasb.fxgl.localization.LocalizationService
10:33:38.573 [FXGL Background Thread 3 ] DEBUG Engine               - class com.almasb.fxgl.app.services.SystemBundleService
10:33:38.573 [FXGL Background Thread 3 ] DEBUG Engine               - class com.almasb.fxgl.profile.SaveLoadService
10:33:38.573 [FXGL Background Thread 3 ] DEBUG Engine               - class com.almasb.fxgl.ui.FXGLUIFactoryServiceProvider
10:33:38.573 [FXGL Background Thread 3 ] DEBUG Engine               - class com.almasb.fxgl.ui.FXGLDialogFactoryServiceProvider
10:33:38.573 [FXGL Background Thread 3 ] DEBUG Engine               - class com.almasb.fxgl.audio.AudioPlayer
10:33:38.573 [FXGL Background Thread 3 ] DEBUG Engine               - class com.almasb.fxgl.notification.impl.NotificationServiceProvider
10:33:38.573 [FXGL Background Thread 3 ] DEBUG Engine               - class com.almasb.fxgl.achievement.AchievementService
10:33:38.573 [FXGL Background Thread 3 ] DEBUG Engine               - class com.almasb.fxgl.cutscene.CutsceneService
10:33:38.573 [FXGL Background Thread 3 ] DEBUG Engine               - class com.almasb.fxgl.minigames.MiniGameService
10:33:38.573 [FXGL Background Thread 3 ] DEBUG Engine               - class com.almasb.fxgl.net.NetService
10:33:38.573 [FXGL Background Thread 3 ] DEBUG Engine               - class com.almasb.fxgl.app.services.UpdaterService
10:33:38.573 [FXGL Background Thread 3 ] DEBUG Engine               - class com.almasb.fxgl.dev.DevService
10:33:46.516 [JavaFX Application Thread] DEBUG FXGLApplication      - Exiting FXGL
10:33:46.516 [JavaFX Application Thread] DEBUG LoopRunner           - Stopping loop
10:33:46.516 [JavaFX Application Thread] DEBUG SystemBundleService  - Saving FXGL system data
10:33:46.520 [JavaFX Application Thread] DEBUG FileSystemAccess     - Writing to: C:\Users\josue\OneDrive\Desktop\proyecto java\Among Us\system\fxgl.bundle
10:33:46.524 [JavaFX Application Thread] DEBUG Async                - Shutting down background threads
10:33:46.524 [JavaFX Application Thread] DEBUG PrimaryStageWindow   - Closing main window
10:33:46.605 [JavaFX Application Thread] DEBUG Logger               - Closing Logger
