17:19:05.041 [main                     ] DEBUG Logger               - Configured Logger
17:19:05.047 [main                     ] DEBUG GameApplication      - Logging settings
Title: Among Us UNEG
Version: 0.0
Width: 800
Height: 600
Fullscreen: false
Intro: false
Profiling: false
Single step:false
App Mode: DEVELOPER
Menu Key: ESCAPE
Stage Style: DECORATED
Scene Factory: class com.almasb.fxgl.app.scene.SceneFactory

17:19:05.514 [JavaFX Application Thread] DEBUG FXGLApplication      - Initializing FXGL
17:19:05.516 [JavaFX Application Thread] INFO  Engine               - FXGL-21.1 (26.03.2024 17.33) on WINDOWS (J:25.0.2 FX:21.0.1)
17:19:05.517 [JavaFX Application Thread] DEBUG Engine               - JRE Vendor Name: Oracle Corporation
17:19:05.517 [JavaFX Application Thread] DEBUG Engine               - Running on OS: Windows 11 version 10.0
17:19:05.517 [JavaFX Application Thread] DEBUG Engine               - Architecture: amd64
17:19:05.517 [JavaFX Application Thread] INFO  Engine               - Source code and latest versions at: https://github.com/AlmasB/FXGL
17:19:05.517 [JavaFX Application Thread] INFO  Engine               -       Ask questions and discuss at: https://github.com/AlmasB/FXGL/discussions
17:19:05.517 [JavaFX Application Thread] INFO  Engine               -              Join the FXGL chat at: https://gitter.im/AlmasB/FXGL
17:19:05.606 [JavaFX Application Thread] DEBUG PrimaryStageWindow   - Creating a JavaFX scene
17:19:05.652 [JavaFX Application Thread] DEBUG PrimaryStageWindow   - Target settings size: 800.0 x 600.0
17:19:05.652 [JavaFX Application Thread] DEBUG PrimaryStageWindow   - Scaled scene size:    800.0 x 600.0
17:19:05.652 [JavaFX Application Thread] DEBUG PrimaryStageWindow   - Scaled ratio: (1.0, 1.0)
17:19:05.654 [JavaFX Application Thread] DEBUG PrimaryStageWindow   - Set initial scene to FXGLStartupScene
17:19:05.657 [JavaFX Application Thread] DEBUG PrimaryStageWindow   - Opening main window
17:19:05.750 [JavaFX Application Thread] DEBUG PrimaryStageWindow   - Window border size: (14.66668701171875, 37.33331298828125)
17:19:05.751 [JavaFX Application Thread] DEBUG PrimaryStageWindow   - Scaled size: 800.0 x 600.0
17:19:05.751 [JavaFX Application Thread] DEBUG PrimaryStageWindow   - Scaled ratio: (1.0, 1.0)
17:19:05.751 [JavaFX Application Thread] DEBUG PrimaryStageWindow   - Scene size: 800.0 x 600.0
17:19:05.751 [JavaFX Application Thread] DEBUG PrimaryStageWindow   - Stage size: 814.6666870117188 x 637.3333129882812
17:19:05.758 [FXGL Background Thread 1 ] DEBUG Engine               - Initializing environment variables
17:19:05.821 [FXGL Background Thread 1 ] DEBUG FXGLAssetLoaderServi - User app class for loading assets: class main.java.amongUs.AppPrincipal
17:19:05.821 [FXGL Background Thread 1 ] DEBUG GameApplicationServi - Applying CSS: fxgl_dark.css
17:19:05.822 [FXGL Background Thread 1 ] DEBUG FXGLAssetLoaderServi - Loading from file system: jar:file:/C:/Users/nicol/Desktop/amongu/lib/fxgl-21.1-uber.jar!/fxglassets/ui/css/fxgl_dark.css
17:19:05.854 [FXGL Background Thread 1 ] DEBUG GameApplicationServi - Initializing application scenes
17:19:05.886 [FXGL Background Thread 1 ] DEBUG GameWorld            - Game world initialized
17:19:05.937 [FXGL Background Thread 1 ] DEBUG PhysicsWorld         - Physics world initialized: appHeight=600, physics.ppm=50,0
17:19:05.937 [FXGL Background Thread 1 ] DEBUG PhysicsWorld         - Using strategy: BRUTE_FORCE
17:19:05.940 [FXGL Background Thread 1 ] DEBUG GameScene            - Game scene initialized: 800x600
17:19:05.950 [FXGL Background Thread 1 ] DEBUG FXGL.DefaultMenu     - createMenuBodyGameMenu()
17:19:05.961 [FXGL Background Thread 1 ] DEBUG FXGL.DefaultMenu     - createOptionsMenu()
17:19:05.971 [FXGL Background Thread 1 ] DEBUG FXGLAssetLoaderServi - Loading from file system: jar:file:/C:/Users/nicol/Desktop/amongu/lib/fxgl-21.1-uber.jar!/fxglassets/textures/particles/smoke.png
17:19:06.039 [FXGL Background Thread 1 ] DEBUG FXGLAssetLoaderServi - Loading from file system: jar:file:/C:/Users/nicol/Desktop/amongu/lib/fxgl-21.1-uber.jar!/fxglassets/textures/particles/trace_horizontal.png
17:19:06.056 [FXGL Background Thread 1 ] DEBUG GameApplicationServi - Application scenes initialized
17:19:06.068 [FXGL Background Thread 1 ] DEBUG SystemBundleService  - Loading FXGL system data
17:19:06.071 [FXGL Background Thread 1 ] DEBUG FileSystemAccess     - Reading from: C:\Users\nicol\Desktop\amongu\system\fxgl.bundle
17:19:06.077 [FXGL Background Thread 1 ] DEBUG SystemBundleService  - Bundle FXGL: {}
17:19:06.077 [FXGL Background Thread 1 ] DEBUG UpdaterService       - Checking for updates
17:19:06.080 [FXGL Background Thread 4 ] DEBUG FXGLApplication      - Loading fonts
17:19:06.081 [FXGL Background Thread 1 ] DEBUG FXGLApplication      - Loading default localization
17:19:06.081 [FXGL Background Thread 4 ] DEBUG FXGLAssetLoaderServi - Loading from file system: jar:file:/C:/Users/nicol/Desktop/amongu/lib/fxgl-21.1-uber.jar!/fxglassets/ui/fonts/VarelaRound-Regular.ttf
17:19:06.081 [FXGL Background Thread 1 ] DEBUG FXGLAssetLoaderServi - Loading from file system: jar:file:/C:/Users/nicol/Desktop/amongu/lib/fxgl-21.1-uber.jar!/fxglassets/languages/english.lang
17:19:06.096 [FXGL Background Thread 1 ] INFO  FXGLApplication      - FXGL initialization took: 0,338 sec
17:19:06.103 [JavaFX Application Thread] DEBUG Input                - Registered new binding: Mover Arriba - W
17:19:06.103 [JavaFX Application Thread] DEBUG Input                - Registered new binding: Mover Abajo - S
17:19:06.104 [JavaFX Application Thread] DEBUG Input                - Registered new binding: Mover Izquierda - A
17:19:06.104 [JavaFX Application Thread] DEBUG Input                - Registered new binding: Mover Derecha - D
17:19:06.104 [JavaFX Application Thread] DEBUG FXGLAssetLoaderServi - Loading from file system: file:/C:/Users/nicol/Desktop/amongu/out/production/Among%20Us/assets/textures/icono.png
17:19:06.120 [FXGL Background Thread 4 ] DEBUG FXGLAssetLoaderServi - Loading from file system: jar:file:/C:/Users/nicol/Desktop/amongu/lib/fxgl-21.1-uber.jar!/fxglassets/ui/fonts/Abel-Regular.ttf
17:19:06.125 [FXGL Background Thread 4 ] DEBUG FXGLAssetLoaderServi - Loading from file system: jar:file:/C:/Users/nicol/Desktop/amongu/lib/fxgl-21.1-uber.jar!/fxglassets/ui/fonts/TerminalLandMono-Regular.otf
17:19:06.126 [JavaFX Application Thread] DEBUG FXGLAssetLoaderServi - Loading from file system: jar:file:/C:/Users/nicol/Desktop/amongu/lib/fxgl-21.1-uber.jar!/fxglassets/textures/fxgl_default_cursor.png
17:19:06.128 [JavaFX Application Thread] DEBUG Input                - Registered new binding: Screenshot - CTRL+8
17:19:06.129 [JavaFX Application Thread] DEBUG Input                - Registered new binding: System info dump - CTRL+9
17:19:06.130 [JavaFX Application Thread] DEBUG Input                - Registered new binding: Restart - CTRL+R
17:19:06.130 [FXGL Background Thread 4 ] DEBUG FXGLAssetLoaderServi - Loading from file system: jar:file:/C:/Users/nicol/Desktop/amongu/lib/fxgl-21.1-uber.jar!/fxglassets/ui/fonts/Courier-Prime.ttf
17:19:06.131 [JavaFX Application Thread] DEBUG Input                - Registered new binding: Toggle Debug Camera - CTRL+7
17:19:06.135 [JavaFX Application Thread] DEBUG LoopRunner           - Starting loop
17:19:06.136 [JavaFX Application Thread] DEBUG LoopRunner           - Initializing JavaFX AnimationTimerLoop
17:19:06.137 [JavaFX Application Thread] DEBUG GameApplicationServi - Starting new game
17:19:06.137 [JavaFX Application Thread] DEBUG Input                - Clearing active input actions
17:19:06.150 [JavaFX Application Thread] DEBUG GameApplicationServi - Removing overlay from FXGLStartupScene and adding to FXGLLoadingScene
17:19:06.151 [JavaFX Application Thread] DEBUG PrimaryStageWindow   - FXGLStartupScene -> FXGLLoadingScene
17:19:06.151 [JavaFX Application Thread] DEBUG GameApplicationServi - Clearing previous game
17:19:06.151 [JavaFX Application Thread] DEBUG GameScene            - Clearing game scene
17:19:06.151 [JavaFX Application Thread] DEBUG GameWorld            - Clearing game world
17:19:06.152 [JavaFX Application Thread] DEBUG PhysicsWorld         - Clearing physics world
17:19:06.153 [FXGL Background Thread 4 ] DEBUG FXGLApplication      - Initializing game
17:19:06.162 [FXGL Background Thread 4 ] DEBUG FXGLAssetLoaderServi - Loading from file system: file:/C:/Users/nicol/Desktop/amongu/out/production/Among%20Us/assets/music/musicaMenu.mp3
17:19:06.287 [FXGL Background Thread 4 ] DEBUG AudioPlayer          - Playing music com.almasb.fxgl.audio.Music@5608d834
17:19:06.589 [FXGL Background Thread 4 ] INFO  FXGLApplication      - Game initialization took: 0,435 sec
17:19:06.589 [JavaFX Application Thread] DEBUG Input                - Clearing active input actions
17:19:06.599 [JavaFX Application Thread] DEBUG GameApplicationServi - Removing overlay from FXGLLoadingScene and adding to GameScene
17:19:06.599 [JavaFX Application Thread] DEBUG PrimaryStageWindow   - FXGLLoadingScene -> GameScene
17:19:06.622 [FXGL Background Thread 2 ] INFO  UpdaterService       - Your current version:  21.1
17:19:06.622 [FXGL Background Thread 2 ] INFO  UpdaterService       - Latest stable version: 25
17:19:09.080 [FXGL Background Thread 3 ] DEBUG Engine               - Logging environment variables
17:19:09.080 [FXGL Background Thread 3 ] DEBUG Engine               - achievements: []
17:19:09.080 [FXGL Background Thread 3 ] DEBUG Engine               - actualHeight: 600.0
17:19:09.080 [FXGL Background Thread 3 ] DEBUG Engine               - actualHeightProperty: ReadOnlyDoubleProperty [value: 600.0]
17:19:09.080 [FXGL Background Thread 3 ] DEBUG Engine               - actualWidth: 800.0
17:19:09.080 [FXGL Background Thread 3 ] DEBUG Engine               - actualWidthProperty: ReadOnlyDoubleProperty [value: 800.0]
17:19:09.080 [FXGL Background Thread 3 ] DEBUG Engine               - appIcon: icono.png
17:19:09.080 [FXGL Background Thread 3 ] DEBUG Engine               - applicationMode: DEVELOPER
17:19:09.080 [FXGL Background Thread 3 ] DEBUG Engine               - cSSList: [fxgl_dark.css]
17:19:09.080 [FXGL Background Thread 3 ] DEBUG Engine               - collisionDetectionStrategy: BRUTE_FORCE
17:19:09.081 [FXGL Background Thread 3 ] DEBUG Engine               - configClass: Optional.empty
17:19:09.081 [FXGL Background Thread 3 ] DEBUG Engine               - credits: []
17:19:09.081 [FXGL Background Thread 3 ] DEBUG Engine               - defaultCursor: CursorInfo(imageName=fxgl_default_cursor.png, hotspotX=7.0, hotspotY=6.0)
17:19:09.081 [FXGL Background Thread 3 ] DEBUG Engine               - devBBoxColorProperty: ObjectProperty [value: 0xff0000ff]
17:19:09.081 [FXGL Background Thread 3 ] DEBUG Engine               - devEnableDebugCameraProperty: BooleanProperty [value: false]
17:19:09.081 [FXGL Background Thread 3 ] DEBUG Engine               - devSensorColorProperty: ObjectProperty [value: 0xffff00ff]
17:19:09.081 [FXGL Background Thread 3 ] DEBUG Engine               - devShowBBoxProperty: BooleanProperty [value: false]
17:19:09.081 [FXGL Background Thread 3 ] DEBUG Engine               - devShowPositionProperty: BooleanProperty [value: false]
17:19:09.083 [FXGL Background Thread 3 ] DEBUG Engine               - enabledMenuItems: []
17:19:09.083 [FXGL Background Thread 3 ] DEBUG Engine               - engineServices: [class com.almasb.fxgl.app.services.FXGLAssetLoaderService, class com.almasb.fxgl.app.FXGLApplication$GameApplicationService, class com.almasb.fxgl.app.services.FXGLDialogService, class com.almasb.fxgl.app.services.IOTaskExecutorService, class com.almasb.fxgl.io.FileSystemService, class com.almasb.fxgl.localization.LocalizationService, class com.almasb.fxgl.app.services.SystemBundleService, class com.almasb.fxgl.profile.SaveLoadService, class com.almasb.fxgl.ui.FXGLUIFactoryServiceProvider, class com.almasb.fxgl.ui.FXGLDialogFactoryServiceProvider, class com.almasb.fxgl.audio.AudioPlayer, class com.almasb.fxgl.notification.impl.NotificationServiceProvider, class com.almasb.fxgl.achievement.AchievementService, class com.almasb.fxgl.cutscene.CutsceneService, class com.almasb.fxgl.minigames.MiniGameService, class com.almasb.fxgl.net.NetService, class com.almasb.fxgl.app.services.UpdaterService, class com.almasb.fxgl.dev.DevService]
17:19:09.083 [FXGL Background Thread 3 ] DEBUG Engine               - fontGame: Abel-Regular.ttf
17:19:09.083 [FXGL Background Thread 3 ] DEBUG Engine               - fontMono: TerminalLandMono-Regular.otf
17:19:09.083 [FXGL Background Thread 3 ] DEBUG Engine               - fontSizeScaleUI: 1.0
17:19:09.083 [FXGL Background Thread 3 ] DEBUG Engine               - fontText: Courier-Prime.ttf
17:19:09.083 [FXGL Background Thread 3 ] DEBUG Engine               - fontUI: VarelaRound-Regular.ttf
17:19:09.083 [FXGL Background Thread 3 ] DEBUG Engine               - fullScreen: BooleanProperty [value: false]
17:19:09.083 [FXGL Background Thread 3 ] DEBUG Engine               - gameDifficulty: MEDIUM
17:19:09.083 [FXGL Background Thread 3 ] DEBUG Engine               - gameDifficultyProperty: ObjectProperty [value: MEDIUM]
17:19:09.083 [FXGL Background Thread 3 ] DEBUG Engine               - globalMusicVolume: 0.5
17:19:09.083 [FXGL Background Thread 3 ] DEBUG Engine               - globalMusicVolumeProperty: DoubleProperty [value: 0.4]
17:19:09.083 [FXGL Background Thread 3 ] DEBUG Engine               - globalSoundVolume: 0.5
17:19:09.083 [FXGL Background Thread 3 ] DEBUG Engine               - globalSoundVolumeProperty: DoubleProperty [value: 0.5]
17:19:09.083 [FXGL Background Thread 3 ] DEBUG Engine               - height: 600
17:19:09.083 [FXGL Background Thread 3 ] DEBUG Engine               - is3D: false
17:19:09.083 [FXGL Background Thread 3 ] DEBUG Engine               - isAndroid: false
17:19:09.083 [FXGL Background Thread 3 ] DEBUG Engine               - isBrowser: false
17:19:09.083 [FXGL Background Thread 3 ] DEBUG Engine               - isClickFeedbackEnabled: false
17:19:09.083 [FXGL Background Thread 3 ] DEBUG Engine               - isCloseConfirmation: false
17:19:09.084 [FXGL Background Thread 3 ] DEBUG Engine               - isDesktop: true
17:19:09.084 [FXGL Background Thread 3 ] DEBUG Engine               - isDeveloperMenuEnabled: false
17:19:09.084 [FXGL Background Thread 3 ] DEBUG Engine               - isEmbedded: false
17:19:09.084 [FXGL Background Thread 3 ] DEBUG Engine               - isEntityPreloadEnabled: true
17:19:09.084 [FXGL Background Thread 3 ] DEBUG Engine               - isExperimentalTiledLargeMap: false
17:19:09.084 [FXGL Background Thread 3 ] DEBUG Engine               - isFileSystemWriteAllowed: true
17:19:09.084 [FXGL Background Thread 3 ] DEBUG Engine               - isFullScreenAllowed: false
17:19:09.084 [FXGL Background Thread 3 ] DEBUG Engine               - isFullScreenFromStart: false
17:19:09.084 [FXGL Background Thread 3 ] DEBUG Engine               - isGameMenuEnabled: true
17:19:09.084 [FXGL Background Thread 3 ] DEBUG Engine               - isIOS: false
17:19:09.084 [FXGL Background Thread 3 ] DEBUG Engine               - isIntroEnabled: false
17:19:09.085 [FXGL Background Thread 3 ] DEBUG Engine               - isLinux: false
17:19:09.085 [FXGL Background Thread 3 ] DEBUG Engine               - isMac: false
17:19:09.085 [FXGL Background Thread 3 ] DEBUG Engine               - isMainMenuEnabled: false
17:19:09.085 [FXGL Background Thread 3 ] DEBUG Engine               - isManualResizeEnabled: false
17:19:09.085 [FXGL Background Thread 3 ] DEBUG Engine               - isMobile: false
17:19:09.085 [FXGL Background Thread 3 ] DEBUG Engine               - isNative: false
17:19:09.085 [FXGL Background Thread 3 ] DEBUG Engine               - isPauseMusicWhenMinimized: true
17:19:09.085 [FXGL Background Thread 3 ] DEBUG Engine               - isPreserveResizeRatio: false
17:19:09.085 [FXGL Background Thread 3 ] DEBUG Engine               - isProfilingEnabled: false
17:19:09.085 [FXGL Background Thread 3 ] DEBUG Engine               - isScaleAffectedOnResize: true
17:19:09.085 [FXGL Background Thread 3 ] DEBUG Engine               - isSingleStep: false
17:19:09.085 [FXGL Background Thread 3 ] DEBUG Engine               - isUserProfileEnabled: false
17:19:09.085 [FXGL Background Thread 3 ] DEBUG Engine               - isWindows: true
17:19:09.085 [FXGL Background Thread 3 ] DEBUG Engine               - language: ObjectProperty [value: ENGLISH]
17:19:09.085 [FXGL Background Thread 3 ] DEBUG Engine               - menuKey: ESCAPE
17:19:09.085 [FXGL Background Thread 3 ] DEBUG Engine               - mouseSensitivity: 0.2
17:19:09.085 [FXGL Background Thread 3 ] DEBUG Engine               - notificationViewClass: class com.almasb.fxgl.notification.view.XboxNotificationView
17:19:09.085 [FXGL Background Thread 3 ] DEBUG Engine               - pixelsPerMeter: 50.0
17:19:09.085 [FXGL Background Thread 3 ] DEBUG Engine               - platform: WINDOWS
17:19:09.085 [FXGL Background Thread 3 ] DEBUG Engine               - prefHeightProperty: ReadOnlyDoubleProperty [value: 600.0]
17:19:09.085 [FXGL Background Thread 3 ] DEBUG Engine               - prefWidthProperty: ReadOnlyDoubleProperty [value: 800.0]
17:19:09.085 [FXGL Background Thread 3 ] DEBUG Engine               - profileDir: profiles/
17:19:09.086 [FXGL Background Thread 3 ] DEBUG Engine               - profileName: StringProperty [value: DEFAULT]
17:19:09.086 [FXGL Background Thread 3 ] DEBUG Engine               - randomSeed: -1
17:19:09.086 [FXGL Background Thread 3 ] DEBUG Engine               - runtimeInfo: RuntimeInfo(platform=WINDOWS, version=21.1, build=26.03.2024 17.33)
17:19:09.086 [FXGL Background Thread 3 ] DEBUG Engine               - saveFileExt: sav
17:19:09.086 [FXGL Background Thread 3 ] DEBUG Engine               - scaledHeightProp$fxgl: DoubleProperty [bound, value: 600.0]
17:19:09.086 [FXGL Background Thread 3 ] DEBUG Engine               - scaledWidthProp$fxgl: DoubleProperty [bound, value: 800.0]
17:19:09.086 [FXGL Background Thread 3 ] DEBUG Engine               - sceneFactory: com.almasb.fxgl.app.scene.SceneFactory@302c793a
17:19:09.086 [FXGL Background Thread 3 ] DEBUG Engine               - secondsIn24h: 60
17:19:09.086 [FXGL Background Thread 3 ] DEBUG Engine               - soundMenuBack: menu/back.wav
17:19:09.086 [FXGL Background Thread 3 ] DEBUG Engine               - soundMenuPress: menu/press.wav
17:19:09.086 [FXGL Background Thread 3 ] DEBUG Engine               - soundMenuSelect: menu/select.wav
17:19:09.086 [FXGL Background Thread 3 ] DEBUG Engine               - soundNotification: core/notification.wav
17:19:09.086 [FXGL Background Thread 3 ] DEBUG Engine               - stageStyle: DECORATED
17:19:09.086 [FXGL Background Thread 3 ] DEBUG Engine               - supportedLanguages: [ENGLISH, FRENCH, GERMAN, HUNGARIAN, RUSSIAN]
17:19:09.086 [FXGL Background Thread 3 ] DEBUG Engine               - ticksPerSecond: -1
17:19:09.087 [FXGL Background Thread 3 ] DEBUG Engine               - title: Among Us UNEG
17:19:09.087 [FXGL Background Thread 3 ] DEBUG Engine               - urlGithub: https://github.com/AlmasB/FXGL
17:19:09.087 [FXGL Background Thread 3 ] DEBUG Engine               - urlLeaderboard: http://fxgl-top.herokuapp.com/
17:19:09.087 [FXGL Background Thread 3 ] DEBUG Engine               - urlPOM: https://raw.githubusercontent.com/AlmasB/FXGL/release/README.md
17:19:09.087 [FXGL Background Thread 3 ] DEBUG Engine               - userAppClass: class main.java.amongUs.AppPrincipal
17:19:09.087 [FXGL Background Thread 3 ] DEBUG Engine               - version: 0.0
17:19:09.087 [FXGL Background Thread 3 ] DEBUG Engine               - versionCheckDays: 7
17:19:09.087 [FXGL Background Thread 3 ] DEBUG Engine               - width: 800
17:19:09.087 [FXGL Background Thread 3 ] DEBUG Engine               - Logging services
17:19:09.087 [FXGL Background Thread 3 ] DEBUG Engine               - class com.almasb.fxgl.app.services.FXGLAssetLoaderService
17:19:09.087 [FXGL Background Thread 3 ] DEBUG Engine               - class com.almasb.fxgl.app.FXGLApplication$GameApplicationService
17:19:09.087 [FXGL Background Thread 3 ] DEBUG Engine               - class com.almasb.fxgl.app.services.FXGLDialogService
17:19:09.087 [FXGL Background Thread 3 ] DEBUG Engine               - class com.almasb.fxgl.app.services.IOTaskExecutorService
17:19:09.087 [FXGL Background Thread 3 ] DEBUG Engine               - class com.almasb.fxgl.io.FileSystemService
17:19:09.087 [FXGL Background Thread 3 ] DEBUG Engine               - class com.almasb.fxgl.localization.LocalizationService
17:19:09.087 [FXGL Background Thread 3 ] DEBUG Engine               - class com.almasb.fxgl.app.services.SystemBundleService
17:19:09.087 [FXGL Background Thread 3 ] DEBUG Engine               - class com.almasb.fxgl.profile.SaveLoadService
17:19:09.087 [FXGL Background Thread 3 ] DEBUG Engine               - class com.almasb.fxgl.ui.FXGLUIFactoryServiceProvider
17:19:09.087 [FXGL Background Thread 3 ] DEBUG Engine               - class com.almasb.fxgl.ui.FXGLDialogFactoryServiceProvider
17:19:09.087 [FXGL Background Thread 3 ] DEBUG Engine               - class com.almasb.fxgl.audio.AudioPlayer
17:19:09.087 [FXGL Background Thread 3 ] DEBUG Engine               - class com.almasb.fxgl.notification.impl.NotificationServiceProvider
17:19:09.088 [FXGL Background Thread 3 ] DEBUG Engine               - class com.almasb.fxgl.achievement.AchievementService
17:19:09.088 [FXGL Background Thread 3 ] DEBUG Engine               - class com.almasb.fxgl.cutscene.CutsceneService
17:19:09.088 [FXGL Background Thread 3 ] DEBUG Engine               - class com.almasb.fxgl.minigames.MiniGameService
17:19:09.088 [FXGL Background Thread 3 ] DEBUG Engine               - class com.almasb.fxgl.net.NetService
17:19:09.088 [FXGL Background Thread 3 ] DEBUG Engine               - class com.almasb.fxgl.app.services.UpdaterService
17:19:09.088 [FXGL Background Thread 3 ] DEBUG Engine               - class com.almasb.fxgl.dev.DevService
17:19:13.361 [JavaFX Application Thread] DEBUG FXGLAssetLoaderServi - Loading from file system: file:/C:/Users/nicol/Desktop/amongu/out/production/Among%20Us/assets/sounds/clickBoton.wav
17:19:18.843 [JavaFX Application Thread] WARN  TMXLevelLoader       - TiledMap generated from 1.11.2. Supported version: 1.9.0. Some features may not be parsed fully.
17:19:18.869 [JavaFX Application Thread] DEBUG TMXLevelLoader       - Parsed TiledMap: file:/C:/Users/nicol/Desktop/amongu/out/production/Among%20Us/assets/levels/mapa2.tmx
17:19:18.870 [JavaFX Application Thread] DEBUG TMXLevelLoader       - Creating tile layer entities
17:19:18.872 [JavaFX Application Thread] DEBUG TilesetLoader        - Loading view for layer fondo1
17:19:18.873 [JavaFX Application Thread] DEBUG TilesetLoader        - Created buffer with size 992.0x960.0
17:19:18.883 [JavaFX Application Thread] DEBUG TilesetLoader        - Loading view for layer fondo
17:19:18.884 [JavaFX Application Thread] DEBUG TilesetLoader        - Created buffer with size 992.0x960.0
17:19:18.889 [JavaFX Application Thread] DEBUG TilesetLoader        - Loading view for layer piso
17:19:18.890 [JavaFX Application Thread] DEBUG TilesetLoader        - Created buffer with size 992.0x960.0
17:19:18.895 [JavaFX Application Thread] DEBUG TilesetLoader        - Loading view for layer piso1
17:19:18.896 [JavaFX Application Thread] DEBUG TilesetLoader        - Created buffer with size 992.0x960.0
17:19:18.897 [JavaFX Application Thread] WARN  TilesetLoader        - Diagonally flipped tiles are not currently supported
17:19:18.899 [JavaFX Application Thread] WARN  TilesetLoader        - Diagonally flipped tiles are not currently supported
17:19:18.900 [JavaFX Application Thread] DEBUG TilesetLoader        - Loading view for layer izquierda
17:19:18.901 [JavaFX Application Thread] DEBUG TilesetLoader        - Created buffer with size 992.0x960.0
17:19:18.905 [JavaFX Application Thread] DEBUG TilesetLoader        - Loading view for layer detallesatraspared
17:19:18.906 [JavaFX Application Thread] DEBUG TilesetLoader        - Created buffer with size 992.0x960.0
17:19:18.933 [JavaFX Application Thread] DEBUG TilesetLoader        - Loading view for layer pared2
17:19:18.933 [JavaFX Application Thread] DEBUG TilesetLoader        - Created buffer with size 992.0x960.0
17:19:18.944 [JavaFX Application Thread] DEBUG TilesetLoader        - Loading view for layer techo1
17:19:18.945 [JavaFX Application Thread] DEBUG TilesetLoader        - Created buffer with size 992.0x960.0
17:19:18.947 [JavaFX Application Thread] DEBUG TilesetLoader        - Loading view for layer techo2
17:19:18.947 [JavaFX Application Thread] DEBUG TilesetLoader        - Created buffer with size 992.0x960.0
17:19:18.951 [JavaFX Application Thread] DEBUG TilesetLoader        - Loading view for layer puertita
17:19:18.952 [JavaFX Application Thread] DEBUG TilesetLoader        - Created buffer with size 992.0x960.0
17:19:18.952 [JavaFX Application Thread] DEBUG TilesetLoader        - Loading view for layer puerta
17:19:18.953 [JavaFX Application Thread] DEBUG TilesetLoader        - Created buffer with size 992.0x960.0
17:19:18.954 [JavaFX Application Thread] DEBUG TilesetLoader        - Loading view for layer detalles
17:19:18.954 [JavaFX Application Thread] DEBUG TilesetLoader        - Created buffer with size 992.0x960.0
17:19:18.964 [JavaFX Application Thread] DEBUG TilesetLoader        - Loading view for layer detalles 2
17:19:18.965 [JavaFX Application Thread] DEBUG TilesetLoader        - Created buffer with size 992.0x960.0
17:19:18.973 [JavaFX Application Thread] DEBUG TilesetLoader        - Loading view for layer detalles3
17:19:18.974 [JavaFX Application Thread] DEBUG TilesetLoader        - Created buffer with size 992.0x960.0
17:19:18.984 [JavaFX Application Thread] DEBUG TilesetLoader        - Loading view for layer grieta
17:19:18.985 [JavaFX Application Thread] DEBUG TilesetLoader        - Created buffer with size 992.0x960.0
17:19:18.985 [JavaFX Application Thread] DEBUG TilesetLoader        - Loading view for layer camaras
17:19:18.986 [JavaFX Application Thread] DEBUG TilesetLoader        - Created buffer with size 992.0x960.0
17:19:18.993 [JavaFX Application Thread] DEBUG TilesetLoader        - Loading view for layer Techo
17:19:18.994 [JavaFX Application Thread] DEBUG TilesetLoader        - Created buffer with size 992.0x960.0
17:19:18.995 [JavaFX Application Thread] DEBUG TMXLevelLoader       - Creating object layer entities
17:19:19.024 [JavaFX Application Thread] DEBUG GameWorld            - Clearing removable entities
17:19:19.024 [JavaFX Application Thread] DEBUG GameWorld            - Setting level: com.almasb.fxgl.entity.level.Level@6f5d4a29
17:19:19.039 [JavaFX Application Thread] DEBUG FXGLAssetLoaderServi - Loading from file system: file:/C:/Users/nicol/Desktop/amongu/out/production/Among%20Us/assets/textures/tripulante_negro.png
17:19:19.041 [JavaFX Application Thread] DEBUG FXGLAssetLoaderServi - Loading from file system: file:/C:/Users/nicol/Desktop/amongu/out/production/Among%20Us/assets/textures/animacion_negro.png
17:19:44.247 [JavaFX Application Thread] DEBUG FXGLApplication      - Exiting FXGL
17:19:44.247 [JavaFX Application Thread] DEBUG LoopRunner           - Stopping loop
17:19:44.247 [JavaFX Application Thread] DEBUG SystemBundleService  - Saving FXGL system data
17:19:44.249 [JavaFX Application Thread] DEBUG FileSystemAccess     - Writing to: C:\Users\nicol\Desktop\amongu\system\fxgl.bundle
17:19:44.250 [JavaFX Application Thread] DEBUG Async                - Shutting down background threads
17:19:44.252 [JavaFX Application Thread] DEBUG PrimaryStageWindow   - Closing main window
17:19:44.271 [JavaFX Application Thread] DEBUG Logger               - Closing Logger
