13:31:20.182 [main                     ] DEBUG Logger               - Configured Logger
13:31:20.198 [main                     ] DEBUG GameApplication      - Logging settings
Title: Among Us UNEG
Version: 0.0
Width: 800
Height: 600
Fullscreen: false
Intro: false
Profiling: false
Single step:false
App Mode: DEVELOPER
Menu Key: ESCAPE
Stage Style: DECORATED
Scene Factory: class com.almasb.fxgl.app.scene.SceneFactory

13:31:21.034 [JavaFX Application Thread] DEBUG FXGLApplication      - Initializing FXGL
13:31:21.040 [JavaFX Application Thread] INFO  Engine               - FXGL-21.1 (26.03.2024 17.33) on WINDOWS (J:25.0.2 FX:21.0.1)
13:31:21.041 [JavaFX Application Thread] DEBUG Engine               - JRE Vendor Name: Oracle Corporation
13:31:21.041 [JavaFX Application Thread] DEBUG Engine               - Running on OS: Windows 11 version 10.0
13:31:21.041 [JavaFX Application Thread] DEBUG Engine               - Architecture: amd64
13:31:21.041 [JavaFX Application Thread] INFO  Engine               - Source code and latest versions at: https://github.com/AlmasB/FXGL
13:31:21.041 [JavaFX Application Thread] INFO  Engine               -       Ask questions and discuss at: https://github.com/AlmasB/FXGL/discussions
13:31:21.042 [JavaFX Application Thread] INFO  Engine               -              Join the FXGL chat at: https://gitter.im/AlmasB/FXGL
13:31:21.230 [JavaFX Application Thread] DEBUG PrimaryStageWindow   - Creating a JavaFX scene
13:31:21.391 [JavaFX Application Thread] DEBUG PrimaryStageWindow   - Target settings size: 800.0 x 600.0
13:31:21.392 [JavaFX Application Thread] DEBUG PrimaryStageWindow   - Scaled scene size:    800.0 x 600.0
13:31:21.392 [JavaFX Application Thread] DEBUG PrimaryStageWindow   - Scaled ratio: (1.0, 1.0)
13:31:21.394 [JavaFX Application Thread] DEBUG PrimaryStageWindow   - Set initial scene to FXGLStartupScene
13:31:21.407 [JavaFX Application Thread] DEBUG PrimaryStageWindow   - Opening main window
13:31:21.623 [JavaFX Application Thread] DEBUG PrimaryStageWindow   - Window border size: (16.0, 39.0)
13:31:21.624 [JavaFX Application Thread] DEBUG PrimaryStageWindow   - Scaled size: 800.0 x 600.0
13:31:21.624 [JavaFX Application Thread] DEBUG PrimaryStageWindow   - Scaled ratio: (1.0, 1.0)
13:31:21.624 [JavaFX Application Thread] DEBUG PrimaryStageWindow   - Scene size: 800.0 x 600.0
13:31:21.624 [JavaFX Application Thread] DEBUG PrimaryStageWindow   - Stage size: 816.0 x 639.0
13:31:21.651 [FXGL Background Thread 1 ] DEBUG Engine               - Initializing environment variables
13:31:21.812 [FXGL Background Thread 1 ] DEBUG FXGLAssetLoaderServi - User app class for loading assets: class main.java.amongUs.AppPrincipal
13:31:21.812 [FXGL Background Thread 1 ] DEBUG GameApplicationServi - Applying CSS: fxgl_dark.css
13:31:21.813 [FXGL Background Thread 1 ] DEBUG FXGLAssetLoaderServi - Loading from file system: jar:file:/C:/Users/josue/OneDrive/Desktop/proyecto%20java/Among%20Us/lib/fxgl-21.1-uber.jar!/fxglassets/ui/css/fxgl_dark.css
13:31:21.910 [FXGL Background Thread 1 ] DEBUG GameApplicationServi - Initializing application scenes
13:31:22.174 [FXGL Background Thread 1 ] DEBUG GameWorld            - Game world initialized
13:31:22.243 [FXGL Background Thread 1 ] DEBUG PhysicsWorld         - Physics world initialized: appHeight=600, physics.ppm=50,0
13:31:22.244 [FXGL Background Thread 1 ] DEBUG PhysicsWorld         - Using strategy: BRUTE_FORCE
13:31:22.252 [FXGL Background Thread 1 ] DEBUG GameScene            - Game scene initialized: 800x600
13:31:22.269 [FXGL Background Thread 1 ] DEBUG FXGL.DefaultMenu     - createMenuBodyGameMenu()
13:31:22.294 [FXGL Background Thread 1 ] DEBUG FXGL.DefaultMenu     - createOptionsMenu()
13:31:22.310 [FXGL Background Thread 1 ] DEBUG FXGLAssetLoaderServi - Loading from file system: jar:file:/C:/Users/josue/OneDrive/Desktop/proyecto%20java/Among%20Us/lib/fxgl-21.1-uber.jar!/fxglassets/textures/particles/smoke.png
13:31:22.459 [FXGL Background Thread 1 ] DEBUG FXGLAssetLoaderServi - Loading from file system: jar:file:/C:/Users/josue/OneDrive/Desktop/proyecto%20java/Among%20Us/lib/fxgl-21.1-uber.jar!/fxglassets/textures/particles/trace_horizontal.png
13:31:22.505 [FXGL Background Thread 1 ] DEBUG GameApplicationServi - Application scenes initialized
13:31:22.527 [FXGL Background Thread 1 ] DEBUG SystemBundleService  - Loading FXGL system data
13:31:22.532 [FXGL Background Thread 1 ] DEBUG FileSystemAccess     - Reading from: C:\Users\josue\OneDrive\Desktop\proyecto java\Among Us\system\fxgl.bundle
13:31:22.541 [FXGL Background Thread 1 ] DEBUG SystemBundleService  - Bundle FXGL: {}
13:31:22.541 [FXGL Background Thread 1 ] DEBUG UpdaterService       - Checking for updates
13:31:22.551 [FXGL Background Thread 1 ] DEBUG FXGLApplication      - Loading default localization
13:31:22.551 [FXGL Background Thread 1 ] DEBUG FXGLAssetLoaderServi - Loading from file system: jar:file:/C:/Users/josue/OneDrive/Desktop/proyecto%20java/Among%20Us/lib/fxgl-21.1-uber.jar!/fxglassets/languages/english.lang
13:31:22.575 [FXGL Background Thread 1 ] INFO  FXGLApplication      - FXGL initialization took: 0,925 sec
13:31:22.587 [JavaFX Application Thread] DEBUG Input                - Registered new binding: Mover Arriba - W
13:31:22.588 [JavaFX Application Thread] DEBUG Input                - Registered new binding: Mover Abajo - S
13:31:22.588 [JavaFX Application Thread] DEBUG Input                - Registered new binding: Mover Izquierda - A
13:31:22.588 [JavaFX Application Thread] DEBUG Input                - Registered new binding: Mover Derecha - D
13:31:22.589 [JavaFX Application Thread] DEBUG Input                - Registered new binding: Abrir Camaras - C
13:31:22.591 [JavaFX Application Thread] DEBUG Input                - Registered new binding: Usar Alcantarilla - Space
13:31:22.592 [JavaFX Application Thread] DEBUG Input                - Registered new binding: Vent Izquierda - Left
13:31:22.592 [JavaFX Application Thread] DEBUG Input                - Registered new binding: Vent Derecha - Right
13:31:22.593 [JavaFX Application Thread] DEBUG Input                - Registered new binding: Vent Arriba - Up
13:31:22.593 [JavaFX Application Thread] DEBUG Input                - Registered new binding: Vent Abajo - Down
13:31:22.594 [JavaFX Application Thread] DEBUG FXGLAssetLoaderServi - Loading from file system: file:/C:/Users/josue/OneDrive/Desktop/proyecto%20java/Among%20Us/out/production/Among%20Us/assets/textures/icono.png
13:31:22.761 [FXGL Background Thread 4 ] DEBUG FXGLApplication      - Loading fonts
13:31:22.762 [FXGL Background Thread 4 ] DEBUG FXGLAssetLoaderServi - Loading from file system: jar:file:/C:/Users/josue/OneDrive/Desktop/proyecto%20java/Among%20Us/lib/fxgl-21.1-uber.jar!/fxglassets/ui/fonts/VarelaRound-Regular.ttf
13:31:22.789 [JavaFX Application Thread] DEBUG FXGLAssetLoaderServi - Loading from file system: jar:file:/C:/Users/josue/OneDrive/Desktop/proyecto%20java/Among%20Us/lib/fxgl-21.1-uber.jar!/fxglassets/textures/fxgl_default_cursor.png
13:31:22.793 [JavaFX Application Thread] DEBUG Input                - Registered new binding: Screenshot - CTRL+8
13:31:22.804 [JavaFX Application Thread] DEBUG Input                - Registered new binding: System info dump - CTRL+9
13:31:22.809 [JavaFX Application Thread] DEBUG Input                - Registered new binding: Restart - CTRL+R
13:31:22.812 [JavaFX Application Thread] DEBUG Input                - Registered new binding: Toggle Debug Camera - CTRL+7
13:31:22.820 [JavaFX Application Thread] DEBUG LoopRunner           - Starting loop
13:31:22.820 [JavaFX Application Thread] DEBUG LoopRunner           - Initializing JavaFX AnimationTimerLoop
13:31:22.822 [JavaFX Application Thread] DEBUG GameApplicationServi - Starting new game
13:31:22.822 [JavaFX Application Thread] DEBUG Input                - Clearing active input actions
13:31:22.888 [JavaFX Application Thread] DEBUG GameApplicationServi - Removing overlay from FXGLStartupScene and adding to FXGLLoadingScene
13:31:22.889 [JavaFX Application Thread] DEBUG PrimaryStageWindow   - FXGLStartupScene -> FXGLLoadingScene
13:31:22.889 [JavaFX Application Thread] DEBUG GameApplicationServi - Clearing previous game
13:31:22.889 [JavaFX Application Thread] DEBUG GameScene            - Clearing game scene
13:31:22.889 [JavaFX Application Thread] DEBUG GameWorld            - Clearing game world
13:31:22.889 [JavaFX Application Thread] DEBUG PhysicsWorld         - Clearing physics world
13:31:22.893 [FXGL Background Thread 1 ] DEBUG FXGLApplication      - Initializing game
13:31:22.902 [FXGL Background Thread 1 ] DEBUG FXGLAssetLoaderServi - Loading from file system: file:/C:/Users/josue/OneDrive/Desktop/proyecto%20java/Among%20Us/out/production/Among%20Us/assets/textures/MonitorDeCamaras.png
13:31:22.996 [FXGL Background Thread 1 ] DEBUG FXGLAssetLoaderServi - Loading from file system: file:/C:/Users/josue/OneDrive/Desktop/proyecto%20java/Among%20Us/out/production/Among%20Us/assets/textures/flechaAmarillaIzq.png
13:31:23.012 [FXGL Background Thread 1 ] DEBUG FXGLAssetLoaderServi - Loading from file system: file:/C:/Users/josue/OneDrive/Desktop/proyecto%20java/Among%20Us/out/production/Among%20Us/assets/textures/flechaAmarillaDer.png
13:31:23.024 [FXGL Background Thread 1 ] DEBUG FXGLAssetLoaderServi - Loading from file system: file:/C:/Users/josue/OneDrive/Desktop/proyecto%20java/Among%20Us/out/production/Among%20Us/assets/music/musicaMenu.mp3
13:31:23.372 [FXGL Background Thread 1 ] DEBUG AudioPlayer          - Playing music com.almasb.fxgl.audio.Music@54858447
13:31:24.297 [FXGL Background Thread 1 ] INFO  FXGLApplication      - Game initialization took: 1,404 sec
13:31:24.317 [JavaFX Application Thread] DEBUG Input                - Clearing active input actions
13:31:24.337 [JavaFX Application Thread] DEBUG GameApplicationServi - Removing overlay from FXGLLoadingScene and adding to GameScene
13:31:24.338 [JavaFX Application Thread] DEBUG PrimaryStageWindow   - FXGLLoadingScene -> GameScene
13:31:24.568 [FXGL Background Thread 4 ] DEBUG FXGLAssetLoaderServi - Loading from file system: jar:file:/C:/Users/josue/OneDrive/Desktop/proyecto%20java/Among%20Us/lib/fxgl-21.1-uber.jar!/fxglassets/ui/fonts/Abel-Regular.ttf
13:31:24.593 [FXGL Background Thread 4 ] DEBUG FXGLAssetLoaderServi - Loading from file system: jar:file:/C:/Users/josue/OneDrive/Desktop/proyecto%20java/Among%20Us/lib/fxgl-21.1-uber.jar!/fxglassets/ui/fonts/TerminalLandMono-Regular.otf
13:31:24.622 [FXGL Background Thread 4 ] DEBUG FXGLAssetLoaderServi - Loading from file system: jar:file:/C:/Users/josue/OneDrive/Desktop/proyecto%20java/Among%20Us/lib/fxgl-21.1-uber.jar!/fxglassets/ui/fonts/Courier-Prime.ttf
13:31:24.647 [JavaFX Application Thread] DEBUG FXGLApplication      - Registering font factories with UI factory
13:31:25.552 [FXGL Background Thread 2 ] INFO  UpdaterService       - Your current version:  21.1
13:31:25.553 [FXGL Background Thread 2 ] INFO  UpdaterService       - Latest stable version: 25
13:31:25.566 [FXGL Background Thread 3 ] DEBUG Engine               - Logging environment variables
13:31:25.572 [FXGL Background Thread 3 ] DEBUG Engine               - achievements: []
13:31:25.572 [FXGL Background Thread 3 ] DEBUG Engine               - actualHeight: 600.0
13:31:25.572 [FXGL Background Thread 3 ] DEBUG Engine               - actualHeightProperty: ReadOnlyDoubleProperty [value: 600.0]
13:31:25.573 [FXGL Background Thread 3 ] DEBUG Engine               - actualWidth: 800.0
13:31:25.573 [FXGL Background Thread 3 ] DEBUG Engine               - actualWidthProperty: ReadOnlyDoubleProperty [value: 800.0]
13:31:25.573 [FXGL Background Thread 3 ] DEBUG Engine               - appIcon: icono.png
13:31:25.573 [FXGL Background Thread 3 ] DEBUG Engine               - applicationMode: DEVELOPER
13:31:25.573 [FXGL Background Thread 3 ] DEBUG Engine               - cSSList: [fxgl_dark.css]
13:31:25.574 [FXGL Background Thread 3 ] DEBUG Engine               - collisionDetectionStrategy: BRUTE_FORCE
13:31:25.574 [FXGL Background Thread 3 ] DEBUG Engine               - configClass: Optional.empty
13:31:25.574 [FXGL Background Thread 3 ] DEBUG Engine               - credits: []
13:31:25.575 [FXGL Background Thread 3 ] DEBUG Engine               - defaultCursor: CursorInfo(imageName=fxgl_default_cursor.png, hotspotX=7.0, hotspotY=6.0)
13:31:25.575 [FXGL Background Thread 3 ] DEBUG Engine               - devBBoxColorProperty: ObjectProperty [value: 0xff0000ff]
13:31:25.576 [FXGL Background Thread 3 ] DEBUG Engine               - devEnableDebugCameraProperty: BooleanProperty [value: false]
13:31:25.576 [FXGL Background Thread 3 ] DEBUG Engine               - devSensorColorProperty: ObjectProperty [value: 0xffff00ff]
13:31:25.576 [FXGL Background Thread 3 ] DEBUG Engine               - devShowBBoxProperty: BooleanProperty [value: false]
13:31:25.576 [FXGL Background Thread 3 ] DEBUG Engine               - devShowPositionProperty: BooleanProperty [value: false]
13:31:25.576 [FXGL Background Thread 3 ] DEBUG Engine               - enabledMenuItems: []
13:31:25.576 [FXGL Background Thread 3 ] DEBUG Engine               - engineServices: [class com.almasb.fxgl.app.services.FXGLAssetLoaderService, class com.almasb.fxgl.app.FXGLApplication$GameApplicationService, class com.almasb.fxgl.app.services.FXGLDialogService, class com.almasb.fxgl.app.services.IOTaskExecutorService, class com.almasb.fxgl.io.FileSystemService, class com.almasb.fxgl.localization.LocalizationService, class com.almasb.fxgl.app.services.SystemBundleService, class com.almasb.fxgl.profile.SaveLoadService, class com.almasb.fxgl.ui.FXGLUIFactoryServiceProvider, class com.almasb.fxgl.ui.FXGLDialogFactoryServiceProvider, class com.almasb.fxgl.audio.AudioPlayer, class com.almasb.fxgl.notification.impl.NotificationServiceProvider, class com.almasb.fxgl.achievement.AchievementService, class com.almasb.fxgl.cutscene.CutsceneService, class com.almasb.fxgl.minigames.MiniGameService, class com.almasb.fxgl.net.NetService, class com.almasb.fxgl.app.services.UpdaterService, class com.almasb.fxgl.dev.DevService]
13:31:25.576 [FXGL Background Thread 3 ] DEBUG Engine               - fontGame: Abel-Regular.ttf
13:31:25.576 [FXGL Background Thread 3 ] DEBUG Engine               - fontMono: TerminalLandMono-Regular.otf
13:31:25.576 [FXGL Background Thread 3 ] DEBUG Engine               - fontSizeScaleUI: 1.0
13:31:25.576 [FXGL Background Thread 3 ] DEBUG Engine               - fontText: Courier-Prime.ttf
13:31:25.576 [FXGL Background Thread 3 ] DEBUG Engine               - fontUI: VarelaRound-Regular.ttf
13:31:25.576 [FXGL Background Thread 3 ] DEBUG Engine               - fullScreen: BooleanProperty [value: false]
13:31:25.577 [FXGL Background Thread 3 ] DEBUG Engine               - gameDifficulty: MEDIUM
13:31:25.577 [FXGL Background Thread 3 ] DEBUG Engine               - gameDifficultyProperty: ObjectProperty [value: MEDIUM]
13:31:25.577 [FXGL Background Thread 3 ] DEBUG Engine               - globalMusicVolume: 0.5
13:31:25.578 [FXGL Background Thread 3 ] DEBUG Engine               - globalMusicVolumeProperty: DoubleProperty [value: 0.4]
13:31:25.578 [FXGL Background Thread 3 ] DEBUG Engine               - globalSoundVolume: 0.5
13:31:25.580 [FXGL Background Thread 3 ] DEBUG Engine               - globalSoundVolumeProperty: DoubleProperty [value: 0.5]
13:31:25.583 [FXGL Background Thread 3 ] DEBUG Engine               - height: 600
13:31:25.584 [FXGL Background Thread 3 ] DEBUG Engine               - is3D: false
13:31:25.586 [FXGL Background Thread 3 ] DEBUG Engine               - isAndroid: false
13:31:25.586 [FXGL Background Thread 3 ] DEBUG Engine               - isBrowser: false
13:31:25.588 [FXGL Background Thread 3 ] DEBUG Engine               - isClickFeedbackEnabled: false
13:31:25.588 [FXGL Background Thread 3 ] DEBUG Engine               - isCloseConfirmation: false
13:31:25.590 [FXGL Background Thread 3 ] DEBUG Engine               - isDesktop: true
13:31:25.590 [FXGL Background Thread 3 ] DEBUG Engine               - isDeveloperMenuEnabled: false
13:31:25.591 [FXGL Background Thread 3 ] DEBUG Engine               - isEmbedded: false
13:31:25.591 [FXGL Background Thread 3 ] DEBUG Engine               - isEntityPreloadEnabled: true
13:31:25.596 [FXGL Background Thread 3 ] DEBUG Engine               - isExperimentalTiledLargeMap: false
13:31:25.597 [FXGL Background Thread 3 ] DEBUG Engine               - isFileSystemWriteAllowed: true
13:31:25.597 [FXGL Background Thread 3 ] DEBUG Engine               - isFullScreenAllowed: false
13:31:25.600 [FXGL Background Thread 3 ] DEBUG Engine               - isFullScreenFromStart: false
13:31:25.600 [FXGL Background Thread 3 ] DEBUG Engine               - isGameMenuEnabled: true
13:31:25.600 [FXGL Background Thread 3 ] DEBUG Engine               - isIOS: false
13:31:25.600 [FXGL Background Thread 3 ] DEBUG Engine               - isIntroEnabled: false
13:31:25.600 [FXGL Background Thread 3 ] DEBUG Engine               - isLinux: false
13:31:25.600 [FXGL Background Thread 3 ] DEBUG Engine               - isMac: false
13:31:25.600 [FXGL Background Thread 3 ] DEBUG Engine               - isMainMenuEnabled: false
13:31:25.600 [FXGL Background Thread 3 ] DEBUG Engine               - isManualResizeEnabled: false
13:31:25.600 [FXGL Background Thread 3 ] DEBUG Engine               - isMobile: false
13:31:25.600 [FXGL Background Thread 3 ] DEBUG Engine               - isNative: false
13:31:25.600 [FXGL Background Thread 3 ] DEBUG Engine               - isPauseMusicWhenMinimized: true
13:31:25.601 [FXGL Background Thread 3 ] DEBUG Engine               - isPreserveResizeRatio: false
13:31:25.601 [FXGL Background Thread 3 ] DEBUG Engine               - isProfilingEnabled: false
13:31:25.601 [FXGL Background Thread 3 ] DEBUG Engine               - isScaleAffectedOnResize: true
13:31:25.601 [FXGL Background Thread 3 ] DEBUG Engine               - isSingleStep: false
13:31:25.601 [FXGL Background Thread 3 ] DEBUG Engine               - isUserProfileEnabled: false
13:31:25.601 [FXGL Background Thread 3 ] DEBUG Engine               - isWindows: true
13:31:25.601 [FXGL Background Thread 3 ] DEBUG Engine               - language: ObjectProperty [value: ENGLISH]
13:31:25.601 [FXGL Background Thread 3 ] DEBUG Engine               - menuKey: ESCAPE
13:31:25.601 [FXGL Background Thread 3 ] DEBUG Engine               - mouseSensitivity: 0.2
13:31:25.601 [FXGL Background Thread 3 ] DEBUG Engine               - notificationViewClass: class com.almasb.fxgl.notification.view.XboxNotificationView
13:31:25.601 [FXGL Background Thread 3 ] DEBUG Engine               - pixelsPerMeter: 50.0
13:31:25.601 [FXGL Background Thread 3 ] DEBUG Engine               - platform: WINDOWS
13:31:25.601 [FXGL Background Thread 3 ] DEBUG Engine               - prefHeightProperty: ReadOnlyDoubleProperty [value: 600.0]
13:31:25.601 [FXGL Background Thread 3 ] DEBUG Engine               - prefWidthProperty: ReadOnlyDoubleProperty [value: 800.0]
13:31:25.601 [FXGL Background Thread 3 ] DEBUG Engine               - profileDir: profiles/
13:31:25.601 [FXGL Background Thread 3 ] DEBUG Engine               - profileName: StringProperty [value: DEFAULT]
13:31:25.601 [FXGL Background Thread 3 ] DEBUG Engine               - randomSeed: -1
13:31:25.601 [FXGL Background Thread 3 ] DEBUG Engine               - runtimeInfo: RuntimeInfo(platform=WINDOWS, version=21.1, build=26.03.2024 17.33)
13:31:25.605 [FXGL Background Thread 3 ] DEBUG Engine               - saveFileExt: sav
13:31:25.605 [FXGL Background Thread 3 ] DEBUG Engine               - scaledHeightProp$fxgl: DoubleProperty [bound, value: 600.0]
13:31:25.605 [FXGL Background Thread 3 ] DEBUG Engine               - scaledWidthProp$fxgl: DoubleProperty [bound, value: 800.0]
13:31:25.605 [FXGL Background Thread 3 ] DEBUG Engine               - sceneFactory: com.almasb.fxgl.app.scene.SceneFactory@712c22c1
13:31:25.605 [FXGL Background Thread 3 ] DEBUG Engine               - secondsIn24h: 60
13:31:25.605 [FXGL Background Thread 3 ] DEBUG Engine               - soundMenuBack: menu/back.wav
13:31:25.605 [FXGL Background Thread 3 ] DEBUG Engine               - soundMenuPress: menu/press.wav
13:31:25.605 [FXGL Background Thread 3 ] DEBUG Engine               - soundMenuSelect: menu/select.wav
13:31:25.605 [FXGL Background Thread 3 ] DEBUG Engine               - soundNotification: core/notification.wav
13:31:25.605 [FXGL Background Thread 3 ] DEBUG Engine               - stageStyle: DECORATED
13:31:25.605 [FXGL Background Thread 3 ] DEBUG Engine               - supportedLanguages: [ENGLISH, FRENCH, GERMAN, HUNGARIAN, RUSSIAN]
13:31:25.605 [FXGL Background Thread 3 ] DEBUG Engine               - ticksPerSecond: -1
13:31:25.605 [FXGL Background Thread 3 ] DEBUG Engine               - title: Among Us UNEG
13:31:25.605 [FXGL Background Thread 3 ] DEBUG Engine               - urlGithub: https://github.com/AlmasB/FXGL
13:31:25.605 [FXGL Background Thread 3 ] DEBUG Engine               - urlLeaderboard: http://fxgl-top.herokuapp.com/
13:31:25.605 [FXGL Background Thread 3 ] DEBUG Engine               - urlPOM: https://raw.githubusercontent.com/AlmasB/FXGL/release/README.md
13:31:25.605 [FXGL Background Thread 3 ] DEBUG Engine               - userAppClass: class main.java.amongUs.AppPrincipal
13:31:25.605 [FXGL Background Thread 3 ] DEBUG Engine               - version: 0.0
13:31:25.605 [FXGL Background Thread 3 ] DEBUG Engine               - versionCheckDays: 7
13:31:25.605 [FXGL Background Thread 3 ] DEBUG Engine               - width: 800
13:31:25.605 [FXGL Background Thread 3 ] DEBUG Engine               - Logging services
13:31:25.605 [FXGL Background Thread 3 ] DEBUG Engine               - class com.almasb.fxgl.app.services.FXGLAssetLoaderService
13:31:25.607 [FXGL Background Thread 3 ] DEBUG Engine               - class com.almasb.fxgl.app.FXGLApplication$GameApplicationService
13:31:25.607 [FXGL Background Thread 3 ] DEBUG Engine               - class com.almasb.fxgl.app.services.FXGLDialogService
13:31:25.607 [FXGL Background Thread 3 ] DEBUG Engine               - class com.almasb.fxgl.app.services.IOTaskExecutorService
13:31:25.607 [FXGL Background Thread 3 ] DEBUG Engine               - class com.almasb.fxgl.io.FileSystemService
13:31:25.607 [FXGL Background Thread 3 ] DEBUG Engine               - class com.almasb.fxgl.localization.LocalizationService
13:31:25.607 [FXGL Background Thread 3 ] DEBUG Engine               - class com.almasb.fxgl.app.services.SystemBundleService
13:31:25.607 [FXGL Background Thread 3 ] DEBUG Engine               - class com.almasb.fxgl.profile.SaveLoadService
13:31:25.607 [FXGL Background Thread 3 ] DEBUG Engine               - class com.almasb.fxgl.ui.FXGLUIFactoryServiceProvider
13:31:25.607 [FXGL Background Thread 3 ] DEBUG Engine               - class com.almasb.fxgl.ui.FXGLDialogFactoryServiceProvider
13:31:25.607 [FXGL Background Thread 3 ] DEBUG Engine               - class com.almasb.fxgl.audio.AudioPlayer
13:31:25.607 [FXGL Background Thread 3 ] DEBUG Engine               - class com.almasb.fxgl.notification.impl.NotificationServiceProvider
13:31:25.607 [FXGL Background Thread 3 ] DEBUG Engine               - class com.almasb.fxgl.achievement.AchievementService
13:31:25.612 [FXGL Background Thread 3 ] DEBUG Engine               - class com.almasb.fxgl.cutscene.CutsceneService
13:31:25.612 [FXGL Background Thread 3 ] DEBUG Engine               - class com.almasb.fxgl.minigames.MiniGameService
13:31:25.612 [FXGL Background Thread 3 ] DEBUG Engine               - class com.almasb.fxgl.net.NetService
13:31:25.612 [FXGL Background Thread 3 ] DEBUG Engine               - class com.almasb.fxgl.app.services.UpdaterService
13:31:25.612 [FXGL Background Thread 3 ] DEBUG Engine               - class com.almasb.fxgl.dev.DevService
13:31:27.789 [JavaFX Application Thread] DEBUG FXGLAssetLoaderServi - Loading from file system: file:/C:/Users/josue/OneDrive/Desktop/proyecto%20java/Among%20Us/out/production/Among%20Us/assets/sounds/clickBoton.wav
13:31:33.847 [JavaFX Application Thread] DEBUG FXGLAssetLoaderServi - Loading from file system: file:/C:/Users/josue/OneDrive/Desktop/proyecto%20java/Among%20Us/out/production/Among%20Us/assets/textures/tripulante_rosa.png
13:31:33.849 [JavaFX Application Thread] DEBUG FXGLAssetLoaderServi - Loading from file system: file:/C:/Users/josue/OneDrive/Desktop/proyecto%20java/Among%20Us/out/production/Among%20Us/assets/textures/tripulante_negro.png
13:31:36.019 [JavaFX Application Thread] WARN  TMXLevelLoader       - TiledMap generated from 1.11.2. Supported version: 1.9.0. Some features may not be parsed fully.
13:31:36.606 [JavaFX Application Thread] DEBUG TMXLevelLoader       - Parsed TiledMap: file:/C:/Users/josue/OneDrive/Desktop/proyecto%20java/Among%20Us/out/production/Among%20Us/assets/levels/mapa2.tmx
13:31:36.607 [JavaFX Application Thread] DEBUG TMXLevelLoader       - Creating tile layer entities
13:31:36.611 [JavaFX Application Thread] DEBUG TilesetLoader        - Loading view for layer fondo1
13:31:36.614 [JavaFX Application Thread] DEBUG TilesetLoader        - Created buffer with size 992.0x960.0
13:31:36.724 [JavaFX Application Thread] DEBUG TilesetLoader        - Loading view for layer fondo
13:31:36.725 [JavaFX Application Thread] DEBUG TilesetLoader        - Created buffer with size 992.0x960.0
13:31:36.730 [JavaFX Application Thread] DEBUG TilesetLoader        - Loading view for layer piso
13:31:36.731 [JavaFX Application Thread] DEBUG TilesetLoader        - Created buffer with size 992.0x960.0
13:31:36.739 [JavaFX Application Thread] DEBUG TilesetLoader        - Loading view for layer piso1
13:31:36.740 [JavaFX Application Thread] DEBUG TilesetLoader        - Created buffer with size 992.0x960.0
13:31:36.747 [JavaFX Application Thread] DEBUG TilesetLoader        - Loading view for layer izquierda
13:31:36.749 [JavaFX Application Thread] DEBUG TilesetLoader        - Created buffer with size 992.0x960.0
13:31:36.759 [JavaFX Application Thread] DEBUG TilesetLoader        - Loading view for layer detallesatraspared
13:31:36.760 [JavaFX Application Thread] DEBUG TilesetLoader        - Created buffer with size 992.0x960.0
13:31:36.803 [JavaFX Application Thread] DEBUG TilesetLoader        - Loading view for layer pared2
13:31:36.804 [JavaFX Application Thread] DEBUG TilesetLoader        - Created buffer with size 992.0x960.0
13:31:36.820 [JavaFX Application Thread] DEBUG TilesetLoader        - Loading view for layer techo1
13:31:36.820 [JavaFX Application Thread] DEBUG TilesetLoader        - Created buffer with size 992.0x960.0
13:31:36.823 [JavaFX Application Thread] DEBUG TilesetLoader        - Loading view for layer techo2
13:31:36.824 [JavaFX Application Thread] DEBUG TilesetLoader        - Created buffer with size 992.0x960.0
13:31:36.832 [JavaFX Application Thread] DEBUG TilesetLoader        - Loading view for layer puertita
13:31:36.833 [JavaFX Application Thread] DEBUG TilesetLoader        - Created buffer with size 992.0x960.0
13:31:36.834 [JavaFX Application Thread] DEBUG TilesetLoader        - Loading view for layer puerta
13:31:36.835 [JavaFX Application Thread] DEBUG TilesetLoader        - Created buffer with size 992.0x960.0
13:31:36.840 [JavaFX Application Thread] DEBUG TilesetLoader        - Loading view for layer detalles
13:31:36.840 [JavaFX Application Thread] DEBUG TilesetLoader        - Created buffer with size 992.0x960.0
13:31:36.887 [JavaFX Application Thread] DEBUG TilesetLoader        - Loading view for layer detalles 2
13:31:36.888 [JavaFX Application Thread] DEBUG TilesetLoader        - Created buffer with size 992.0x960.0
13:31:36.904 [JavaFX Application Thread] DEBUG TilesetLoader        - Loading view for layer detalles3
13:31:36.906 [JavaFX Application Thread] DEBUG TilesetLoader        - Created buffer with size 992.0x960.0
13:31:36.923 [JavaFX Application Thread] DEBUG TilesetLoader        - Loading view for layer grieta
13:31:36.925 [JavaFX Application Thread] DEBUG TilesetLoader        - Created buffer with size 992.0x960.0
13:31:36.928 [JavaFX Application Thread] DEBUG TilesetLoader        - Loading view for layer camaras
13:31:36.929 [JavaFX Application Thread] DEBUG TilesetLoader        - Created buffer with size 992.0x960.0
13:31:36.932 [JavaFX Application Thread] DEBUG TilesetLoader        - Loading view for layer Techo
13:31:36.932 [JavaFX Application Thread] DEBUG TilesetLoader        - Created buffer with size 992.0x960.0
13:31:36.934 [JavaFX Application Thread] DEBUG TMXLevelLoader       - Creating object layer entities
13:31:37.037 [JavaFX Application Thread] DEBUG GameWorld            - Clearing removable entities
13:31:37.042 [JavaFX Application Thread] DEBUG GameWorld            - Setting level: com.almasb.fxgl.entity.level.Level@2b89cbec
13:31:37.163 [JavaFX Application Thread] DEBUG FXGLAssetLoaderServi - Loading from file system: file:/C:/Users/josue/OneDrive/Desktop/proyecto%20java/Among%20Us/out/production/Among%20Us/assets/textures/animacion_rosa.png
13:31:37.166 [JavaFX Application Thread] DEBUG FXGLAssetLoaderServi - Loading from file system: file:/C:/Users/josue/OneDrive/Desktop/proyecto%20java/Among%20Us/out/production/Among%20Us/assets/textures/alcantarilla_rosa.png
13:31:37.169 [JavaFX Application Thread] DEBUG FXGLAssetLoaderServi - Loading from file system: file:/C:/Users/josue/OneDrive/Desktop/proyecto%20java/Among%20Us/out/production/Among%20Us/assets/textures/alcantarilla_rosaE.png
13:31:37.219 [JavaFX Application Thread] DEBUG FXGLAssetLoaderServi - Loading from file system: file:/C:/Users/josue/OneDrive/Desktop/proyecto%20java/Among%20Us/out/production/Among%20Us/assets/textures/animacion_negro.png
13:31:37.220 [JavaFX Application Thread] DEBUG FXGLAssetLoaderServi - Loading from file system: file:/C:/Users/josue/OneDrive/Desktop/proyecto%20java/Among%20Us/out/production/Among%20Us/assets/textures/alcantarilla_negro.png
13:31:37.221 [JavaFX Application Thread] DEBUG FXGLAssetLoaderServi - Loading from file system: file:/C:/Users/josue/OneDrive/Desktop/proyecto%20java/Among%20Us/out/production/Among%20Us/assets/textures/alcantarilla_negroE.png
13:31:37.224 [JavaFX Application Thread] DEBUG FXGLAssetLoaderServi - Loading from file system: file:/C:/Users/josue/OneDrive/Desktop/proyecto%20java/Among%20Us/out/production/Among%20Us/assets/textures/accionNegada.png
13:31:56.765 [JavaFX Application Thread] DEBUG FXGLAssetLoaderServi - Loading from file system: file:/C:/Users/josue/OneDrive/Desktop/proyecto%20java/Among%20Us/out/production/Among%20Us/assets/textures/flechaRojaIzq.png
13:32:02.238 [JavaFX Application Thread] DEBUG FXGLAssetLoaderServi - Loading from file system: file:/C:/Users/josue/OneDrive/Desktop/proyecto%20java/Among%20Us/out/production/Among%20Us/assets/textures/flechaRojaDer.png
13:32:02.245 [JavaFX Application Thread] DEBUG FXGLAssetLoaderServi - Loading from file system: file:/C:/Users/josue/OneDrive/Desktop/proyecto%20java/Among%20Us/out/production/Among%20Us/assets/textures/flechaRojaAbajo.png
13:32:09.556 [JavaFX Application Thread] DEBUG FXGLApplication      - Exiting FXGL
13:32:09.556 [JavaFX Application Thread] DEBUG LoopRunner           - Stopping loop
13:32:09.556 [JavaFX Application Thread] DEBUG SystemBundleService  - Saving FXGL system data
13:32:09.559 [JavaFX Application Thread] DEBUG FileSystemAccess     - Writing to: C:\Users\josue\OneDrive\Desktop\proyecto java\Among Us\system\fxgl.bundle
13:32:09.562 [JavaFX Application Thread] DEBUG Async                - Shutting down background threads
13:32:09.562 [JavaFX Application Thread] DEBUG PrimaryStageWindow   - Closing main window
13:32:09.597 [JavaFX Application Thread] DEBUG Logger               - Closing Logger
