19:42:07.300 [main                     ] DEBUG Logger               - Configured Logger
19:42:07.312 [main                     ] DEBUG GameApplication      - Logging settings
Title: Among Us UNEG
Version: 0.0
Width: 800
Height: 600
Fullscreen: false
Intro: false
Profiling: false
Single step:false
App Mode: DEVELOPER
Menu Key: ESCAPE
Stage Style: DECORATED
Scene Factory: class com.almasb.fxgl.app.scene.SceneFactory

19:42:08.440 [JavaFX Application Thread] DEBUG FXGLApplication      - Initializing FXGL
19:42:08.451 [JavaFX Application Thread] INFO  Engine               - FXGL-21.1 (26.03.2024 17.33) on WINDOWS (J:25.0.2 FX:21.0.1)
19:42:08.452 [JavaFX Application Thread] DEBUG Engine               - JRE Vendor Name: Oracle Corporation
19:42:08.452 [JavaFX Application Thread] DEBUG Engine               - Running on OS: Windows 11 version 10.0
19:42:08.452 [JavaFX Application Thread] DEBUG Engine               - Architecture: amd64
19:42:08.452 [JavaFX Application Thread] INFO  Engine               - Source code and latest versions at: https://github.com/AlmasB/FXGL
19:42:08.453 [JavaFX Application Thread] INFO  Engine               -       Ask questions and discuss at: https://github.com/AlmasB/FXGL/discussions
19:42:08.453 [JavaFX Application Thread] INFO  Engine               -              Join the FXGL chat at: https://gitter.im/AlmasB/FXGL
19:42:08.730 [JavaFX Application Thread] DEBUG PrimaryStageWindow   - Creating a JavaFX scene
19:42:08.887 [JavaFX Application Thread] DEBUG PrimaryStageWindow   - Target settings size: 800.0 x 600.0
19:42:08.888 [JavaFX Application Thread] DEBUG PrimaryStageWindow   - Scaled scene size:    800.0 x 600.0
19:42:08.888 [JavaFX Application Thread] DEBUG PrimaryStageWindow   - Scaled ratio: (1.0, 1.0)
19:42:08.890 [JavaFX Application Thread] DEBUG PrimaryStageWindow   - Set initial scene to FXGLStartupScene
19:42:08.898 [JavaFX Application Thread] DEBUG PrimaryStageWindow   - Opening main window
19:42:09.138 [JavaFX Application Thread] DEBUG PrimaryStageWindow   - Window border size: (16.0, 39.0)
19:42:09.138 [JavaFX Application Thread] DEBUG PrimaryStageWindow   - Scaled size: 800.0 x 600.0
19:42:09.138 [JavaFX Application Thread] DEBUG PrimaryStageWindow   - Scaled ratio: (1.0, 1.0)
19:42:09.138 [JavaFX Application Thread] DEBUG PrimaryStageWindow   - Scene size: 800.0 x 600.0
19:42:09.138 [JavaFX Application Thread] DEBUG PrimaryStageWindow   - Stage size: 816.0 x 639.0
19:42:09.193 [FXGL Background Thread 1 ] DEBUG Engine               - Initializing environment variables
19:42:09.395 [FXGL Background Thread 1 ] DEBUG FXGLAssetLoaderServi - User app class for loading assets: class main.java.amongUs.AppPrincipal
19:42:09.395 [FXGL Background Thread 1 ] DEBUG GameApplicationServi - Applying CSS: fxgl_dark.css
19:42:09.398 [FXGL Background Thread 1 ] DEBUG FXGLAssetLoaderServi - Loading from file system: jar:file:/C:/Users/josue/OneDrive/Desktop/proyecto%20java/Among%20Us/lib/fxgl-21.1-uber.jar!/fxglassets/ui/css/fxgl_dark.css
19:42:09.532 [FXGL Background Thread 1 ] DEBUG GameApplicationServi - Initializing application scenes
19:42:09.927 [FXGL Background Thread 1 ] DEBUG GameWorld            - Game world initialized
19:42:10.022 [FXGL Background Thread 1 ] DEBUG PhysicsWorld         - Physics world initialized: appHeight=600, physics.ppm=50,0
19:42:10.022 [FXGL Background Thread 1 ] DEBUG PhysicsWorld         - Using strategy: BRUTE_FORCE
19:42:10.030 [FXGL Background Thread 1 ] DEBUG GameScene            - Game scene initialized: 800x600
19:42:10.054 [FXGL Background Thread 1 ] DEBUG FXGL.DefaultMenu     - createMenuBodyGameMenu()
19:42:10.092 [FXGL Background Thread 1 ] DEBUG FXGL.DefaultMenu     - createOptionsMenu()
19:42:10.110 [FXGL Background Thread 1 ] DEBUG FXGLAssetLoaderServi - Loading from file system: jar:file:/C:/Users/josue/OneDrive/Desktop/proyecto%20java/Among%20Us/lib/fxgl-21.1-uber.jar!/fxglassets/textures/particles/smoke.png
19:42:10.337 [FXGL Background Thread 1 ] DEBUG FXGLAssetLoaderServi - Loading from file system: jar:file:/C:/Users/josue/OneDrive/Desktop/proyecto%20java/Among%20Us/lib/fxgl-21.1-uber.jar!/fxglassets/textures/particles/trace_horizontal.png
19:42:10.419 [FXGL Background Thread 1 ] DEBUG GameApplicationServi - Application scenes initialized
19:42:10.444 [FXGL Background Thread 1 ] DEBUG SystemBundleService  - Loading FXGL system data
19:42:10.458 [FXGL Background Thread 1 ] DEBUG FileSystemAccess     - Reading from: C:\Users\josue\OneDrive\Desktop\proyecto java\Among Us\system\fxgl.bundle
19:42:10.468 [FXGL Background Thread 1 ] DEBUG SystemBundleService  - Bundle FXGL: {}
19:42:10.468 [FXGL Background Thread 1 ] DEBUG UpdaterService       - Checking for updates
19:42:10.476 [FXGL Background Thread 1 ] DEBUG FXGLApplication      - Loading default localization
19:42:10.477 [FXGL Background Thread 1 ] DEBUG FXGLAssetLoaderServi - Loading from file system: jar:file:/C:/Users/josue/OneDrive/Desktop/proyecto%20java/Among%20Us/lib/fxgl-21.1-uber.jar!/fxglassets/languages/english.lang
19:42:10.511 [FXGL Background Thread 1 ] INFO  FXGLApplication      - FXGL initialization took: 1,318 sec
19:42:10.531 [JavaFX Application Thread] DEBUG Input                - Registered new binding: action0 - W
19:42:10.532 [JavaFX Application Thread] DEBUG Input                - Registered new binding: action1 - S
19:42:10.532 [JavaFX Application Thread] DEBUG Input                - Registered new binding: action2 - A
19:42:10.534 [JavaFX Application Thread] DEBUG Input                - Registered new binding: action3 - D
19:42:10.534 [JavaFX Application Thread] DEBUG FXGLAssetLoaderServi - Loading from file system: file:/C:/Users/josue/OneDrive/Desktop/proyecto%20java/Among%20Us/out/production/Among%20Us/assets/textures/icono.png
19:42:10.663 [FXGL Background Thread 4 ] DEBUG FXGLApplication      - Loading fonts
19:42:10.663 [FXGL Background Thread 4 ] DEBUG FXGLAssetLoaderServi - Loading from file system: jar:file:/C:/Users/josue/OneDrive/Desktop/proyecto%20java/Among%20Us/lib/fxgl-21.1-uber.jar!/fxglassets/ui/fonts/VarelaRound-Regular.ttf
19:42:10.722 [JavaFX Application Thread] DEBUG FXGLAssetLoaderServi - Loading from file system: jar:file:/C:/Users/josue/OneDrive/Desktop/proyecto%20java/Among%20Us/lib/fxgl-21.1-uber.jar!/fxglassets/textures/fxgl_default_cursor.png
19:42:10.731 [JavaFX Application Thread] DEBUG Input                - Registered new binding: Screenshot - CTRL+8
19:42:10.733 [JavaFX Application Thread] DEBUG Input                - Registered new binding: System info dump - CTRL+9
19:42:10.735 [JavaFX Application Thread] DEBUG Input                - Registered new binding: Restart - CTRL+R
19:42:10.737 [JavaFX Application Thread] DEBUG Input                - Registered new binding: Toggle Debug Camera - CTRL+7
19:42:10.744 [JavaFX Application Thread] DEBUG LoopRunner           - Starting loop
19:42:10.744 [JavaFX Application Thread] DEBUG LoopRunner           - Initializing JavaFX AnimationTimerLoop
19:42:10.751 [JavaFX Application Thread] DEBUG GameApplicationServi - Starting new game
19:42:10.753 [JavaFX Application Thread] DEBUG Input                - Clearing active input actions
19:42:10.824 [JavaFX Application Thread] DEBUG GameApplicationServi - Removing overlay from FXGLStartupScene and adding to FXGLLoadingScene
19:42:10.829 [JavaFX Application Thread] DEBUG PrimaryStageWindow   - FXGLStartupScene -> FXGLLoadingScene
19:42:10.833 [JavaFX Application Thread] DEBUG GameApplicationServi - Clearing previous game
19:42:10.833 [JavaFX Application Thread] DEBUG GameScene            - Clearing game scene
19:42:10.834 [JavaFX Application Thread] DEBUG GameWorld            - Clearing game world
19:42:10.840 [JavaFX Application Thread] DEBUG PhysicsWorld         - Clearing physics world
19:42:10.863 [FXGL Background Thread 1 ] DEBUG FXGLApplication      - Initializing game
19:42:10.907 [FXGL Background Thread 1 ] DEBUG FXGLAssetLoaderServi - Loading from file system: file:/C:/Users/josue/OneDrive/Desktop/proyecto%20java/Among%20Us/out/production/Among%20Us/assets/music/musicaMenu.mp3
19:42:12.151 [FXGL Background Thread 4 ] DEBUG FXGLAssetLoaderServi - Loading from file system: jar:file:/C:/Users/josue/OneDrive/Desktop/proyecto%20java/Among%20Us/lib/fxgl-21.1-uber.jar!/fxglassets/ui/fonts/Abel-Regular.ttf
19:42:12.159 [FXGL Background Thread 4 ] DEBUG FXGLAssetLoaderServi - Loading from file system: jar:file:/C:/Users/josue/OneDrive/Desktop/proyecto%20java/Among%20Us/lib/fxgl-21.1-uber.jar!/fxglassets/ui/fonts/TerminalLandMono-Regular.otf
19:42:12.171 [FXGL Background Thread 4 ] DEBUG FXGLAssetLoaderServi - Loading from file system: jar:file:/C:/Users/josue/OneDrive/Desktop/proyecto%20java/Among%20Us/lib/fxgl-21.1-uber.jar!/fxglassets/ui/fonts/Courier-Prime.ttf
19:42:12.190 [JavaFX Application Thread] DEBUG FXGLApplication      - Registering font factories with UI factory
19:42:12.350 [FXGL Background Thread 1 ] DEBUG AudioPlayer          - Playing music com.almasb.fxgl.audio.Music@6bbcb0ab
19:42:13.474 [FXGL Background Thread 3 ] DEBUG Engine               - Logging environment variables
19:42:13.477 [FXGL Background Thread 3 ] DEBUG Engine               - achievements: []
19:42:13.477 [FXGL Background Thread 3 ] DEBUG Engine               - actualHeight: 600.0
19:42:13.477 [FXGL Background Thread 3 ] DEBUG Engine               - actualHeightProperty: ReadOnlyDoubleProperty [value: 600.0]
19:42:13.477 [FXGL Background Thread 3 ] DEBUG Engine               - actualWidth: 800.0
19:42:13.481 [FXGL Background Thread 3 ] DEBUG Engine               - actualWidthProperty: ReadOnlyDoubleProperty [value: 800.0]
19:42:13.481 [FXGL Background Thread 3 ] DEBUG Engine               - appIcon: icono.png
19:42:13.494 [FXGL Background Thread 3 ] DEBUG Engine               - applicationMode: DEVELOPER
19:42:13.500 [FXGL Background Thread 3 ] DEBUG Engine               - cSSList: [fxgl_dark.css]
19:42:13.500 [FXGL Background Thread 3 ] DEBUG Engine               - collisionDetectionStrategy: BRUTE_FORCE
19:42:13.500 [FXGL Background Thread 3 ] DEBUG Engine               - configClass: Optional.empty
19:42:13.500 [FXGL Background Thread 3 ] DEBUG Engine               - credits: []
19:42:13.501 [FXGL Background Thread 3 ] DEBUG Engine               - defaultCursor: CursorInfo(imageName=fxgl_default_cursor.png, hotspotX=7.0, hotspotY=6.0)
19:42:13.503 [FXGL Background Thread 3 ] DEBUG Engine               - devBBoxColorProperty: ObjectProperty [value: 0xff0000ff]
19:42:13.509 [FXGL Background Thread 3 ] DEBUG Engine               - devEnableDebugCameraProperty: BooleanProperty [value: false]
19:42:13.509 [FXGL Background Thread 3 ] DEBUG Engine               - devSensorColorProperty: ObjectProperty [value: 0xffff00ff]
19:42:13.509 [FXGL Background Thread 3 ] DEBUG Engine               - devShowBBoxProperty: BooleanProperty [value: false]
19:42:13.510 [FXGL Background Thread 3 ] DEBUG Engine               - devShowPositionProperty: BooleanProperty [value: false]
19:42:13.510 [FXGL Background Thread 3 ] DEBUG Engine               - enabledMenuItems: []
19:42:13.510 [FXGL Background Thread 3 ] DEBUG Engine               - engineServices: [class com.almasb.fxgl.app.services.FXGLAssetLoaderService, class com.almasb.fxgl.app.FXGLApplication$GameApplicationService, class com.almasb.fxgl.app.services.FXGLDialogService, class com.almasb.fxgl.app.services.IOTaskExecutorService, class com.almasb.fxgl.io.FileSystemService, class com.almasb.fxgl.localization.LocalizationService, class com.almasb.fxgl.app.services.SystemBundleService, class com.almasb.fxgl.profile.SaveLoadService, class com.almasb.fxgl.ui.FXGLUIFactoryServiceProvider, class com.almasb.fxgl.ui.FXGLDialogFactoryServiceProvider, class com.almasb.fxgl.audio.AudioPlayer, class com.almasb.fxgl.notification.impl.NotificationServiceProvider, class com.almasb.fxgl.achievement.AchievementService, class com.almasb.fxgl.cutscene.CutsceneService, class com.almasb.fxgl.minigames.MiniGameService, class com.almasb.fxgl.net.NetService, class com.almasb.fxgl.app.services.UpdaterService, class com.almasb.fxgl.dev.DevService]
19:42:13.510 [FXGL Background Thread 3 ] DEBUG Engine               - fontGame: Abel-Regular.ttf
19:42:13.510 [FXGL Background Thread 3 ] DEBUG Engine               - fontMono: TerminalLandMono-Regular.otf
19:42:13.510 [FXGL Background Thread 3 ] DEBUG Engine               - fontSizeScaleUI: 1.0
19:42:13.510 [FXGL Background Thread 3 ] DEBUG Engine               - fontText: Courier-Prime.ttf
19:42:13.511 [FXGL Background Thread 3 ] DEBUG Engine               - fontUI: VarelaRound-Regular.ttf
19:42:13.511 [FXGL Background Thread 3 ] DEBUG Engine               - fullScreen: BooleanProperty [value: false]
19:42:13.511 [FXGL Background Thread 3 ] DEBUG Engine               - gameDifficulty: MEDIUM
19:42:13.512 [FXGL Background Thread 3 ] DEBUG Engine               - gameDifficultyProperty: ObjectProperty [value: MEDIUM]
19:42:13.512 [FXGL Background Thread 3 ] DEBUG Engine               - globalMusicVolume: 0.5
19:42:13.513 [FXGL Background Thread 3 ] DEBUG Engine               - globalMusicVolumeProperty: DoubleProperty [value: 0.4]
19:42:13.513 [FXGL Background Thread 3 ] DEBUG Engine               - globalSoundVolume: 0.5
19:42:13.513 [FXGL Background Thread 3 ] DEBUG Engine               - globalSoundVolumeProperty: DoubleProperty [value: 0.5]
19:42:13.513 [FXGL Background Thread 3 ] DEBUG Engine               - height: 600
19:42:13.513 [FXGL Background Thread 3 ] DEBUG Engine               - is3D: false
19:42:13.513 [FXGL Background Thread 3 ] DEBUG Engine               - isAndroid: false
19:42:13.513 [FXGL Background Thread 3 ] DEBUG Engine               - isBrowser: false
19:42:13.513 [FXGL Background Thread 3 ] DEBUG Engine               - isClickFeedbackEnabled: false
19:42:13.513 [FXGL Background Thread 3 ] DEBUG Engine               - isCloseConfirmation: false
19:42:13.513 [FXGL Background Thread 3 ] DEBUG Engine               - isDesktop: true
19:42:13.513 [FXGL Background Thread 3 ] DEBUG Engine               - isDeveloperMenuEnabled: false
19:42:13.514 [FXGL Background Thread 3 ] DEBUG Engine               - isEmbedded: false
19:42:13.514 [FXGL Background Thread 3 ] DEBUG Engine               - isEntityPreloadEnabled: true
19:42:13.518 [FXGL Background Thread 3 ] DEBUG Engine               - isExperimentalTiledLargeMap: false
19:42:13.518 [FXGL Background Thread 3 ] DEBUG Engine               - isFileSystemWriteAllowed: true
19:42:13.519 [FXGL Background Thread 3 ] DEBUG Engine               - isFullScreenAllowed: false
19:42:13.519 [FXGL Background Thread 3 ] DEBUG Engine               - isFullScreenFromStart: false
19:42:13.528 [FXGL Background Thread 3 ] DEBUG Engine               - isGameMenuEnabled: true
19:42:13.529 [FXGL Background Thread 3 ] DEBUG Engine               - isIOS: false
19:42:13.529 [FXGL Background Thread 3 ] DEBUG Engine               - isIntroEnabled: false
19:42:13.530 [FXGL Background Thread 3 ] DEBUG Engine               - isLinux: false
19:42:13.530 [FXGL Background Thread 3 ] DEBUG Engine               - isMac: false
19:42:13.530 [FXGL Background Thread 3 ] DEBUG Engine               - isMainMenuEnabled: false
19:42:13.530 [FXGL Background Thread 3 ] DEBUG Engine               - isManualResizeEnabled: false
19:42:13.530 [FXGL Background Thread 3 ] DEBUG Engine               - isMobile: false
19:42:13.530 [FXGL Background Thread 3 ] DEBUG Engine               - isNative: false
19:42:13.529 [FXGL Background Thread 1 ] INFO  FXGLApplication      - Game initialization took: 2,665 sec
19:42:13.530 [FXGL Background Thread 3 ] DEBUG Engine               - isPauseMusicWhenMinimized: true
19:42:13.530 [FXGL Background Thread 3 ] DEBUG Engine               - isPreserveResizeRatio: false
19:42:13.531 [FXGL Background Thread 3 ] DEBUG Engine               - isProfilingEnabled: false
19:42:13.532 [FXGL Background Thread 3 ] DEBUG Engine               - isScaleAffectedOnResize: true
19:42:13.532 [FXGL Background Thread 3 ] DEBUG Engine               - isSingleStep: false
19:42:13.532 [FXGL Background Thread 3 ] DEBUG Engine               - isUserProfileEnabled: false
19:42:13.532 [FXGL Background Thread 3 ] DEBUG Engine               - isWindows: true
19:42:13.533 [FXGL Background Thread 3 ] DEBUG Engine               - language: ObjectProperty [value: ENGLISH]
19:42:13.534 [FXGL Background Thread 3 ] DEBUG Engine               - menuKey: ESCAPE
19:42:13.534 [FXGL Background Thread 3 ] DEBUG Engine               - mouseSensitivity: 0.2
19:42:13.534 [FXGL Background Thread 3 ] DEBUG Engine               - notificationViewClass: class com.almasb.fxgl.notification.view.XboxNotificationView
19:42:13.534 [FXGL Background Thread 3 ] DEBUG Engine               - pixelsPerMeter: 50.0
19:42:13.534 [FXGL Background Thread 3 ] DEBUG Engine               - platform: WINDOWS
19:42:13.534 [FXGL Background Thread 3 ] DEBUG Engine               - prefHeightProperty: ReadOnlyDoubleProperty [value: 600.0]
19:42:13.534 [FXGL Background Thread 3 ] DEBUG Engine               - prefWidthProperty: ReadOnlyDoubleProperty [value: 800.0]
19:42:13.534 [FXGL Background Thread 3 ] DEBUG Engine               - profileDir: profiles/
19:42:13.534 [FXGL Background Thread 3 ] DEBUG Engine               - profileName: StringProperty [value: DEFAULT]
19:42:13.535 [FXGL Background Thread 3 ] DEBUG Engine               - randomSeed: -1
19:42:13.535 [FXGL Background Thread 3 ] DEBUG Engine               - runtimeInfo: RuntimeInfo(platform=WINDOWS, version=21.1, build=26.03.2024 17.33)
19:42:13.535 [FXGL Background Thread 3 ] DEBUG Engine               - saveFileExt: sav
19:42:13.535 [FXGL Background Thread 3 ] DEBUG Engine               - scaledHeightProp$fxgl: DoubleProperty [bound, value: 600.0]
19:42:13.535 [FXGL Background Thread 3 ] DEBUG Engine               - scaledWidthProp$fxgl: DoubleProperty [bound, value: 800.0]
19:42:13.535 [FXGL Background Thread 3 ] DEBUG Engine               - sceneFactory: com.almasb.fxgl.app.scene.SceneFactory@16e7cbcf
19:42:13.535 [FXGL Background Thread 3 ] DEBUG Engine               - secondsIn24h: 60
19:42:13.535 [FXGL Background Thread 3 ] DEBUG Engine               - soundMenuBack: menu/back.wav
19:42:13.535 [FXGL Background Thread 3 ] DEBUG Engine               - soundMenuPress: menu/press.wav
19:42:13.535 [FXGL Background Thread 3 ] DEBUG Engine               - soundMenuSelect: menu/select.wav
19:42:13.536 [FXGL Background Thread 3 ] DEBUG Engine               - soundNotification: core/notification.wav
19:42:13.536 [FXGL Background Thread 3 ] DEBUG Engine               - stageStyle: DECORATED
19:42:13.536 [FXGL Background Thread 3 ] DEBUG Engine               - supportedLanguages: [ENGLISH, FRENCH, GERMAN, HUNGARIAN, RUSSIAN]
19:42:13.536 [FXGL Background Thread 3 ] DEBUG Engine               - ticksPerSecond: -1
19:42:13.536 [FXGL Background Thread 3 ] DEBUG Engine               - title: Among Us UNEG
19:42:13.536 [FXGL Background Thread 3 ] DEBUG Engine               - urlGithub: https://github.com/AlmasB/FXGL
19:42:13.537 [FXGL Background Thread 3 ] DEBUG Engine               - urlLeaderboard: http://fxgl-top.herokuapp.com/
19:42:13.537 [FXGL Background Thread 3 ] DEBUG Engine               - urlPOM: https://raw.githubusercontent.com/AlmasB/FXGL/release/README.md
19:42:13.537 [FXGL Background Thread 3 ] DEBUG Engine               - userAppClass: class main.java.amongUs.AppPrincipal
19:42:13.537 [FXGL Background Thread 3 ] DEBUG Engine               - version: 0.0
19:42:13.537 [FXGL Background Thread 3 ] DEBUG Engine               - versionCheckDays: 7
19:42:13.537 [FXGL Background Thread 3 ] DEBUG Engine               - width: 800
19:42:13.537 [FXGL Background Thread 3 ] DEBUG Engine               - Logging services
19:42:13.537 [FXGL Background Thread 3 ] DEBUG Engine               - class com.almasb.fxgl.app.services.FXGLAssetLoaderService
19:42:13.537 [FXGL Background Thread 3 ] DEBUG Engine               - class com.almasb.fxgl.app.FXGLApplication$GameApplicationService
19:42:13.537 [FXGL Background Thread 3 ] DEBUG Engine               - class com.almasb.fxgl.app.services.FXGLDialogService
19:42:13.537 [FXGL Background Thread 3 ] DEBUG Engine               - class com.almasb.fxgl.app.services.IOTaskExecutorService
19:42:13.537 [FXGL Background Thread 3 ] DEBUG Engine               - class com.almasb.fxgl.io.FileSystemService
19:42:13.537 [FXGL Background Thread 3 ] DEBUG Engine               - class com.almasb.fxgl.localization.LocalizationService
19:42:13.537 [FXGL Background Thread 3 ] DEBUG Engine               - class com.almasb.fxgl.app.services.SystemBundleService
19:42:13.537 [FXGL Background Thread 3 ] DEBUG Engine               - class com.almasb.fxgl.profile.SaveLoadService
19:42:13.537 [FXGL Background Thread 3 ] DEBUG Engine               - class com.almasb.fxgl.ui.FXGLUIFactoryServiceProvider
19:42:13.538 [FXGL Background Thread 3 ] DEBUG Engine               - class com.almasb.fxgl.ui.FXGLDialogFactoryServiceProvider
19:42:13.538 [FXGL Background Thread 3 ] DEBUG Engine               - class com.almasb.fxgl.audio.AudioPlayer
19:42:13.538 [FXGL Background Thread 3 ] DEBUG Engine               - class com.almasb.fxgl.notification.impl.NotificationServiceProvider
19:42:13.538 [FXGL Background Thread 3 ] DEBUG Engine               - class com.almasb.fxgl.achievement.AchievementService
19:42:13.538 [FXGL Background Thread 3 ] DEBUG Engine               - class com.almasb.fxgl.cutscene.CutsceneService
19:42:13.538 [FXGL Background Thread 3 ] DEBUG Engine               - class com.almasb.fxgl.minigames.MiniGameService
19:42:13.538 [FXGL Background Thread 3 ] DEBUG Engine               - class com.almasb.fxgl.net.NetService
19:42:13.538 [FXGL Background Thread 3 ] DEBUG Engine               - class com.almasb.fxgl.app.services.UpdaterService
19:42:13.538 [FXGL Background Thread 3 ] DEBUG Engine               - class com.almasb.fxgl.dev.DevService
19:42:13.540 [JavaFX Application Thread] DEBUG Input                - Clearing active input actions
19:42:13.563 [JavaFX Application Thread] DEBUG GameApplicationServi - Removing overlay from FXGLLoadingScene and adding to GameScene
19:42:13.564 [JavaFX Application Thread] DEBUG PrimaryStageWindow   - FXGLLoadingScene -> GameScene
19:42:14.401 [JavaFX Application Thread] DEBUG FXGLAssetLoaderServi - Loading from file system: file:/C:/Users/josue/OneDrive/Desktop/proyecto%20java/Among%20Us/out/production/Among%20Us/assets/sounds/clickBoton.wav
19:42:15.859 [FXGL Background Thread 2 ] INFO  UpdaterService       - Your current version:  21.1
19:42:15.859 [FXGL Background Thread 2 ] INFO  UpdaterService       - Latest stable version: 25
19:42:20.918 [JavaFX Application Thread] WARN  TMXLevelLoader       - TiledMap generated from 1.11.2. Supported version: 1.9.0. Some features may not be parsed fully.
19:42:21.019 [JavaFX Application Thread] DEBUG TMXLevelLoader       - Parsed TiledMap: file:/C:/Users/josue/OneDrive/Desktop/proyecto%20java/Among%20Us/out/production/Among%20Us/assets/levels/mapa2.tmx
19:42:21.021 [JavaFX Application Thread] DEBUG TMXLevelLoader       - Creating tile layer entities
19:42:21.023 [JavaFX Application Thread] DEBUG TilesetLoader        - Loading view for layer fondo1
19:42:21.073 [JavaFX Application Thread] DEBUG TilesetLoader        - Created buffer with size 992.0x960.0
19:42:21.112 [JavaFX Application Thread] DEBUG TilesetLoader        - Loading view for layer fondo
19:42:21.113 [JavaFX Application Thread] DEBUG TilesetLoader        - Created buffer with size 992.0x960.0
19:42:21.119 [JavaFX Application Thread] DEBUG TilesetLoader        - Loading view for layer piso
19:42:21.119 [JavaFX Application Thread] DEBUG TilesetLoader        - Created buffer with size 992.0x960.0
19:42:21.126 [JavaFX Application Thread] DEBUG TilesetLoader        - Loading view for layer piso1
19:42:21.126 [JavaFX Application Thread] DEBUG TilesetLoader        - Created buffer with size 992.0x960.0
19:42:21.131 [JavaFX Application Thread] WARN  TilesetLoader        - Diagonally flipped tiles are not currently supported
19:42:21.133 [JavaFX Application Thread] WARN  TilesetLoader        - Diagonally flipped tiles are not currently supported
19:42:21.143 [JavaFX Application Thread] WARN  TilesetLoader        - Diagonally flipped tiles are not currently supported
19:42:21.150 [JavaFX Application Thread] WARN  TilesetLoader        - Diagonally flipped tiles are not currently supported
19:42:21.151 [JavaFX Application Thread] DEBUG TilesetLoader        - Loading view for layer izquierda
19:42:21.152 [JavaFX Application Thread] DEBUG TilesetLoader        - Created buffer with size 992.0x960.0
19:42:21.160 [JavaFX Application Thread] DEBUG TilesetLoader        - Loading view for layer detallesatraspared
19:42:21.161 [JavaFX Application Thread] DEBUG TilesetLoader        - Created buffer with size 992.0x960.0
19:42:21.183 [JavaFX Application Thread] WARN  TilesetLoader        - Diagonally flipped tiles are not currently supported
19:42:21.187 [JavaFX Application Thread] WARN  TilesetLoader        - Diagonally flipped tiles are not currently supported
19:42:21.240 [JavaFX Application Thread] DEBUG TilesetLoader        - Loading view for layer pared2
19:42:21.241 [JavaFX Application Thread] DEBUG TilesetLoader        - Created buffer with size 992.0x960.0
19:42:21.259 [JavaFX Application Thread] DEBUG TilesetLoader        - Loading view for layer techo1
19:42:21.260 [JavaFX Application Thread] DEBUG TilesetLoader        - Created buffer with size 992.0x960.0
19:42:21.263 [JavaFX Application Thread] DEBUG TilesetLoader        - Loading view for layer techo2
19:42:21.264 [JavaFX Application Thread] DEBUG TilesetLoader        - Created buffer with size 992.0x960.0
19:42:21.279 [JavaFX Application Thread] DEBUG TilesetLoader        - Loading view for layer puertita
19:42:21.281 [JavaFX Application Thread] DEBUG TilesetLoader        - Created buffer with size 992.0x960.0
19:42:21.283 [JavaFX Application Thread] DEBUG TilesetLoader        - Loading view for layer puerta
19:42:21.294 [JavaFX Application Thread] DEBUG TilesetLoader        - Created buffer with size 992.0x960.0
19:42:21.328 [JavaFX Application Thread] DEBUG TilesetLoader        - Loading view for layer detalles
19:42:21.330 [JavaFX Application Thread] DEBUG TilesetLoader        - Created buffer with size 992.0x960.0
19:42:21.355 [JavaFX Application Thread] DEBUG TilesetLoader        - Loading view for layer detalles 2
19:42:21.357 [JavaFX Application Thread] DEBUG TilesetLoader        - Created buffer with size 992.0x960.0
19:42:21.379 [JavaFX Application Thread] DEBUG TilesetLoader        - Loading view for layer detalles3
19:42:21.380 [JavaFX Application Thread] DEBUG TilesetLoader        - Created buffer with size 992.0x960.0
19:42:21.398 [JavaFX Application Thread] DEBUG TMXLevelLoader       - Creating object layer entities
19:42:21.522 [JavaFX Application Thread] DEBUG GameWorld            - Clearing removable entities
19:42:21.523 [JavaFX Application Thread] DEBUG GameWorld            - Setting level: com.almasb.fxgl.entity.level.Level@5c858255
19:42:21.600 [JavaFX Application Thread] DEBUG FXGLAssetLoaderServi - Loading from file system: file:/C:/Users/josue/OneDrive/Desktop/proyecto%20java/Among%20Us/out/production/Among%20Us/assets/textures/tripulante_negro.png
19:42:21.608 [JavaFX Application Thread] DEBUG FXGLAssetLoaderServi - Loading from file system: file:/C:/Users/josue/OneDrive/Desktop/proyecto%20java/Among%20Us/out/production/Among%20Us/assets/textures/animacion_negro.png
19:42:28.055 [JavaFX Application Thread] DEBUG FXGLApplication      - Exiting FXGL
19:42:28.055 [JavaFX Application Thread] DEBUG LoopRunner           - Stopping loop
19:42:28.055 [JavaFX Application Thread] DEBUG SystemBundleService  - Saving FXGL system data
19:42:28.060 [JavaFX Application Thread] DEBUG FileSystemAccess     - Writing to: C:\Users\josue\OneDrive\Desktop\proyecto java\Among Us\system\fxgl.bundle
19:42:28.073 [JavaFX Application Thread] DEBUG Async                - Shutting down background threads
19:42:28.073 [JavaFX Application Thread] DEBUG PrimaryStageWindow   - Closing main window
19:42:28.127 [JavaFX Application Thread] DEBUG Logger               - Closing Logger
