23:27:05.381 [main                     ] DEBUG Logger               - Configured Logger
23:27:05.402 [main                     ] DEBUG GameApplication      - Logging settings
Title: Among Us - Java Edition
Version: 0.0
Width: 800
Height: 600
Fullscreen: false
Intro: false
Profiling: false
Single step:false
App Mode: DEVELOPER
Menu Key: ESCAPE
Stage Style: DECORATED
Scene Factory: class com.almasb.fxgl.app.scene.SceneFactory

23:27:06.265 [JavaFX Application Thread] DEBUG FXGLApplication      - Initializing FXGL
23:27:06.273 [JavaFX Application Thread] INFO  Engine               - FXGL-21.1 (26.03.2024 17.33) on WINDOWS (J:25.0.2 FX:21.0.1)
23:27:06.274 [JavaFX Application Thread] DEBUG Engine               - JRE Vendor Name: Oracle Corporation
23:27:06.274 [JavaFX Application Thread] DEBUG Engine               - Running on OS: Windows 11 version 10.0
23:27:06.274 [JavaFX Application Thread] DEBUG Engine               - Architecture: amd64
23:27:06.274 [JavaFX Application Thread] INFO  Engine               - Source code and latest versions at: https://github.com/AlmasB/FXGL
23:27:06.274 [JavaFX Application Thread] INFO  Engine               -       Ask questions and discuss at: https://github.com/AlmasB/FXGL/discussions
23:27:06.274 [JavaFX Application Thread] INFO  Engine               -              Join the FXGL chat at: https://gitter.im/AlmasB/FXGL
23:27:06.455 [JavaFX Application Thread] DEBUG PrimaryStageWindow   - Creating a JavaFX scene
23:27:06.590 [JavaFX Application Thread] DEBUG PrimaryStageWindow   - Target settings size: 800.0 x 600.0
23:27:06.590 [JavaFX Application Thread] DEBUG PrimaryStageWindow   - Scaled scene size:    800.0 x 600.0
23:27:06.590 [JavaFX Application Thread] DEBUG PrimaryStageWindow   - Scaled ratio: (1.0, 1.0)
23:27:06.592 [JavaFX Application Thread] DEBUG PrimaryStageWindow   - Set initial scene to FXGLStartupScene
23:27:06.604 [JavaFX Application Thread] DEBUG PrimaryStageWindow   - Opening main window
23:27:06.785 [JavaFX Application Thread] DEBUG PrimaryStageWindow   - Window border size: (16.0, 39.0)
23:27:06.785 [JavaFX Application Thread] DEBUG PrimaryStageWindow   - Scaled size: 800.0 x 600.0
23:27:06.785 [JavaFX Application Thread] DEBUG PrimaryStageWindow   - Scaled ratio: (1.0, 1.0)
23:27:06.786 [JavaFX Application Thread] DEBUG PrimaryStageWindow   - Scene size: 800.0 x 600.0
23:27:06.786 [JavaFX Application Thread] DEBUG PrimaryStageWindow   - Stage size: 816.0 x 639.0
23:27:06.807 [FXGL Background Thread 1 ] DEBUG Engine               - Initializing environment variables
23:27:06.983 [FXGL Background Thread 1 ] DEBUG FXGLAssetLoaderServi - User app class for loading assets: class main.java.amongUs.AppPrincipal
23:27:06.984 [FXGL Background Thread 1 ] DEBUG GameApplicationServi - Applying CSS: fxgl_dark.css
23:27:06.985 [FXGL Background Thread 1 ] DEBUG FXGLAssetLoaderServi - Loading from file system: jar:file:/C:/Users/josue/OneDrive/Desktop/proyecto%20java/Among%20Us/lib/fxgl-21.1-uber.jar!/fxglassets/ui/css/fxgl_dark.css
23:27:07.096 [FXGL Background Thread 1 ] DEBUG GameApplicationServi - Initializing application scenes
23:27:07.269 [FXGL Background Thread 1 ] DEBUG GameWorld            - Game world initialized
23:27:07.369 [FXGL Background Thread 1 ] DEBUG PhysicsWorld         - Physics world initialized: appHeight=600, physics.ppm=50,0
23:27:07.370 [FXGL Background Thread 1 ] DEBUG PhysicsWorld         - Using strategy: BRUTE_FORCE
23:27:07.376 [FXGL Background Thread 1 ] DEBUG GameScene            - Game scene initialized: 800x600
23:27:07.397 [FXGL Background Thread 1 ] DEBUG FXGL.DefaultMenu     - createMenuBodyGameMenu()
23:27:07.424 [FXGL Background Thread 1 ] DEBUG FXGL.DefaultMenu     - createOptionsMenu()
23:27:07.445 [FXGL Background Thread 1 ] DEBUG FXGLAssetLoaderServi - Loading from file system: jar:file:/C:/Users/josue/OneDrive/Desktop/proyecto%20java/Among%20Us/lib/fxgl-21.1-uber.jar!/fxglassets/textures/particles/smoke.png
23:27:07.658 [FXGL Background Thread 1 ] DEBUG FXGLAssetLoaderServi - Loading from file system: jar:file:/C:/Users/josue/OneDrive/Desktop/proyecto%20java/Among%20Us/lib/fxgl-21.1-uber.jar!/fxglassets/textures/particles/trace_horizontal.png
23:27:07.705 [FXGL Background Thread 1 ] DEBUG GameApplicationServi - Application scenes initialized
23:27:07.731 [FXGL Background Thread 1 ] DEBUG SystemBundleService  - Loading FXGL system data
23:27:07.739 [FXGL Background Thread 1 ] DEBUG FileSystemAccess     - Reading from: C:\Users\josue\OneDrive\Desktop\proyecto java\Among Us\system\fxgl.bundle
23:27:07.748 [FXGL Background Thread 1 ] DEBUG SystemBundleService  - Bundle FXGL: {}
23:27:07.748 [FXGL Background Thread 1 ] DEBUG UpdaterService       - Checking for updates
23:27:07.759 [FXGL Background Thread 1 ] DEBUG FXGLApplication      - Loading default localization
23:27:07.760 [FXGL Background Thread 1 ] DEBUG FXGLAssetLoaderServi - Loading from file system: jar:file:/C:/Users/josue/OneDrive/Desktop/proyecto%20java/Among%20Us/lib/fxgl-21.1-uber.jar!/fxglassets/languages/english.lang
23:27:07.790 [FXGL Background Thread 1 ] INFO  FXGLApplication      - FXGL initialization took: 0,983 sec
23:27:07.795 [JavaFX Application Thread] DEBUG FXGLAssetLoaderServi - Loading from file system: jar:file:/C:/Users/josue/OneDrive/Desktop/proyecto%20java/Among%20Us/lib/fxgl-21.1-uber.jar!/fxglassets/textures/fxgl_icon.png
23:27:07.870 [FXGL Background Thread 4 ] DEBUG FXGLApplication      - Loading fonts
23:27:07.871 [FXGL Background Thread 4 ] DEBUG FXGLAssetLoaderServi - Loading from file system: jar:file:/C:/Users/josue/OneDrive/Desktop/proyecto%20java/Among%20Us/lib/fxgl-21.1-uber.jar!/fxglassets/ui/fonts/VarelaRound-Regular.ttf
23:27:07.887 [JavaFX Application Thread] DEBUG FXGLAssetLoaderServi - Loading from file system: jar:file:/C:/Users/josue/OneDrive/Desktop/proyecto%20java/Among%20Us/lib/fxgl-21.1-uber.jar!/fxglassets/textures/fxgl_default_cursor.png
23:27:07.915 [JavaFX Application Thread] DEBUG Input                - Registered new binding: Screenshot - CTRL+8
23:27:07.916 [JavaFX Application Thread] DEBUG Input                - Registered new binding: System info dump - CTRL+9
23:27:07.917 [JavaFX Application Thread] DEBUG Input                - Registered new binding: Restart - CTRL+R
23:27:07.920 [JavaFX Application Thread] DEBUG Input                - Registered new binding: Toggle Debug Camera - CTRL+7
23:27:07.930 [JavaFX Application Thread] DEBUG LoopRunner           - Starting loop
23:27:07.932 [JavaFX Application Thread] DEBUG LoopRunner           - Initializing JavaFX AnimationTimerLoop
23:27:07.933 [JavaFX Application Thread] DEBUG GameApplicationServi - Starting new game
23:27:07.935 [JavaFX Application Thread] DEBUG Input                - Clearing active input actions
23:27:08.005 [JavaFX Application Thread] DEBUG GameApplicationServi - Removing overlay from FXGLStartupScene and adding to FXGLLoadingScene
23:27:08.006 [JavaFX Application Thread] DEBUG PrimaryStageWindow   - FXGLStartupScene -> FXGLLoadingScene
23:27:08.007 [JavaFX Application Thread] DEBUG GameApplicationServi - Clearing previous game
23:27:08.007 [JavaFX Application Thread] DEBUG GameScene            - Clearing game scene
23:27:08.007 [JavaFX Application Thread] DEBUG GameWorld            - Clearing game world
23:27:08.012 [JavaFX Application Thread] DEBUG PhysicsWorld         - Clearing physics world
23:27:08.016 [FXGL Background Thread 1 ] DEBUG FXGLApplication      - Initializing game
23:27:08.052 [FXGL Background Thread 1 ] WARN  FXGLAssetLoaderServi - Asset "/assets/levels/mapa2.tmx" was not found!
23:27:08.733 [FXGL Background Thread 1 ] INFO  FXGLApplication      - Game initialization took: 0,716 sec
23:27:08.815 [JavaFX Application Thread] DEBUG Input                - Clearing active input actions
23:27:08.840 [JavaFX Application Thread] DEBUG GameApplicationServi - Removing overlay from FXGLLoadingScene and adding to GameScene
23:27:08.842 [JavaFX Application Thread] DEBUG PrimaryStageWindow   - FXGLLoadingScene -> GameScene
23:27:08.920 [FXGL Background Thread 4 ] DEBUG FXGLAssetLoaderServi - Loading from file system: jar:file:/C:/Users/josue/OneDrive/Desktop/proyecto%20java/Among%20Us/lib/fxgl-21.1-uber.jar!/fxglassets/ui/fonts/Abel-Regular.ttf
23:27:08.930 [FXGL Background Thread 4 ] DEBUG FXGLAssetLoaderServi - Loading from file system: jar:file:/C:/Users/josue/OneDrive/Desktop/proyecto%20java/Among%20Us/lib/fxgl-21.1-uber.jar!/fxglassets/ui/fonts/TerminalLandMono-Regular.otf
23:27:08.947 [FXGL Background Thread 4 ] DEBUG FXGLAssetLoaderServi - Loading from file system: jar:file:/C:/Users/josue/OneDrive/Desktop/proyecto%20java/Among%20Us/lib/fxgl-21.1-uber.jar!/fxglassets/ui/fonts/Courier-Prime.ttf
23:27:08.973 [JavaFX Application Thread] DEBUG FXGLApplication      - Registering font factories with UI factory
23:27:09.638 [FXGL Background Thread 2 ] INFO  UpdaterService       - Your current version:  21.1
23:27:09.640 [FXGL Background Thread 2 ] INFO  UpdaterService       - Latest stable version: 25
23:27:10.163 [JavaFX Application Thread] DEBUG FXGLAssetLoaderServi - Loading from file system: file:/C:/Users/josue/OneDrive/Desktop/proyecto%20java/Among%20Us/out/production/Among%20Us/assets/sounds/clickBoton.mp3
23:27:10.754 [FXGL Background Thread 3 ] DEBUG Engine               - Logging environment variables
23:27:10.760 [FXGL Background Thread 3 ] DEBUG Engine               - achievements: []
23:27:10.761 [FXGL Background Thread 3 ] DEBUG Engine               - actualHeight: 600.0
23:27:10.761 [FXGL Background Thread 3 ] DEBUG Engine               - actualHeightProperty: ReadOnlyDoubleProperty [value: 600.0]
23:27:10.761 [FXGL Background Thread 3 ] DEBUG Engine               - actualWidth: 800.0
23:27:10.762 [FXGL Background Thread 3 ] DEBUG Engine               - actualWidthProperty: ReadOnlyDoubleProperty [value: 800.0]
23:27:10.762 [FXGL Background Thread 3 ] DEBUG Engine               - appIcon: fxgl_icon.png
23:27:10.762 [FXGL Background Thread 3 ] DEBUG Engine               - applicationMode: DEVELOPER
23:27:10.762 [FXGL Background Thread 3 ] DEBUG Engine               - cSSList: [fxgl_dark.css]
23:27:10.762 [FXGL Background Thread 3 ] DEBUG Engine               - collisionDetectionStrategy: BRUTE_FORCE
23:27:10.762 [FXGL Background Thread 3 ] DEBUG Engine               - configClass: Optional.empty
23:27:10.762 [FXGL Background Thread 3 ] DEBUG Engine               - credits: []
23:27:10.762 [FXGL Background Thread 3 ] DEBUG Engine               - defaultCursor: CursorInfo(imageName=fxgl_default_cursor.png, hotspotX=7.0, hotspotY=6.0)
23:27:10.763 [FXGL Background Thread 3 ] DEBUG Engine               - devBBoxColorProperty: ObjectProperty [value: 0xff0000ff]
23:27:10.763 [FXGL Background Thread 3 ] DEBUG Engine               - devEnableDebugCameraProperty: BooleanProperty [value: false]
23:27:10.764 [FXGL Background Thread 3 ] DEBUG Engine               - devSensorColorProperty: ObjectProperty [value: 0xffff00ff]
23:27:10.764 [FXGL Background Thread 3 ] DEBUG Engine               - devShowBBoxProperty: BooleanProperty [value: false]
23:27:10.764 [FXGL Background Thread 3 ] DEBUG Engine               - devShowPositionProperty: BooleanProperty [value: false]
23:27:10.764 [FXGL Background Thread 3 ] DEBUG Engine               - enabledMenuItems: []
23:27:10.764 [FXGL Background Thread 3 ] DEBUG Engine               - engineServices: [class com.almasb.fxgl.app.services.FXGLAssetLoaderService, class com.almasb.fxgl.app.FXGLApplication$GameApplicationService, class com.almasb.fxgl.app.services.FXGLDialogService, class com.almasb.fxgl.app.services.IOTaskExecutorService, class com.almasb.fxgl.io.FileSystemService, class com.almasb.fxgl.localization.LocalizationService, class com.almasb.fxgl.app.services.SystemBundleService, class com.almasb.fxgl.profile.SaveLoadService, class com.almasb.fxgl.ui.FXGLUIFactoryServiceProvider, class com.almasb.fxgl.ui.FXGLDialogFactoryServiceProvider, class com.almasb.fxgl.audio.AudioPlayer, class com.almasb.fxgl.notification.impl.NotificationServiceProvider, class com.almasb.fxgl.achievement.AchievementService, class com.almasb.fxgl.cutscene.CutsceneService, class com.almasb.fxgl.minigames.MiniGameService, class com.almasb.fxgl.net.NetService, class com.almasb.fxgl.app.services.UpdaterService, class com.almasb.fxgl.dev.DevService]
23:27:10.765 [FXGL Background Thread 3 ] DEBUG Engine               - fontGame: Abel-Regular.ttf
23:27:10.765 [FXGL Background Thread 3 ] DEBUG Engine               - fontMono: TerminalLandMono-Regular.otf
23:27:10.765 [FXGL Background Thread 3 ] DEBUG Engine               - fontSizeScaleUI: 1.0
23:27:10.765 [FXGL Background Thread 3 ] DEBUG Engine               - fontText: Courier-Prime.ttf
23:27:10.765 [FXGL Background Thread 3 ] DEBUG Engine               - fontUI: VarelaRound-Regular.ttf
23:27:10.765 [FXGL Background Thread 3 ] DEBUG Engine               - fullScreen: BooleanProperty [value: false]
23:27:10.765 [FXGL Background Thread 3 ] DEBUG Engine               - gameDifficulty: MEDIUM
23:27:10.765 [FXGL Background Thread 3 ] DEBUG Engine               - gameDifficultyProperty: ObjectProperty [value: MEDIUM]
23:27:10.765 [FXGL Background Thread 3 ] DEBUG Engine               - globalMusicVolume: 0.5
23:27:10.765 [FXGL Background Thread 3 ] DEBUG Engine               - globalMusicVolumeProperty: DoubleProperty [value: 0.5]
23:27:10.765 [FXGL Background Thread 3 ] DEBUG Engine               - globalSoundVolume: 0.5
23:27:10.765 [FXGL Background Thread 3 ] DEBUG Engine               - globalSoundVolumeProperty: DoubleProperty [value: 0.5]
23:27:10.765 [FXGL Background Thread 3 ] DEBUG Engine               - height: 600
23:27:10.765 [FXGL Background Thread 3 ] DEBUG Engine               - is3D: false
23:27:10.766 [FXGL Background Thread 3 ] DEBUG Engine               - isAndroid: false
23:27:10.766 [FXGL Background Thread 3 ] DEBUG Engine               - isBrowser: false
23:27:10.766 [FXGL Background Thread 3 ] DEBUG Engine               - isClickFeedbackEnabled: false
23:27:10.766 [FXGL Background Thread 3 ] DEBUG Engine               - isCloseConfirmation: false
23:27:10.766 [FXGL Background Thread 3 ] DEBUG Engine               - isDesktop: true
23:27:10.766 [FXGL Background Thread 3 ] DEBUG Engine               - isDeveloperMenuEnabled: false
23:27:10.768 [FXGL Background Thread 3 ] DEBUG Engine               - isEmbedded: false
23:27:10.768 [FXGL Background Thread 3 ] DEBUG Engine               - isEntityPreloadEnabled: true
23:27:10.768 [FXGL Background Thread 3 ] DEBUG Engine               - isExperimentalTiledLargeMap: false
23:27:10.768 [FXGL Background Thread 3 ] DEBUG Engine               - isFileSystemWriteAllowed: true
23:27:10.770 [FXGL Background Thread 3 ] DEBUG Engine               - isFullScreenAllowed: false
23:27:10.770 [FXGL Background Thread 3 ] DEBUG Engine               - isFullScreenFromStart: false
23:27:10.770 [FXGL Background Thread 3 ] DEBUG Engine               - isGameMenuEnabled: true
23:27:10.770 [FXGL Background Thread 3 ] DEBUG Engine               - isIOS: false
23:27:10.771 [FXGL Background Thread 3 ] DEBUG Engine               - isIntroEnabled: false
23:27:10.771 [FXGL Background Thread 3 ] DEBUG Engine               - isLinux: false
23:27:10.771 [FXGL Background Thread 3 ] DEBUG Engine               - isMac: false
23:27:10.771 [FXGL Background Thread 3 ] DEBUG Engine               - isMainMenuEnabled: false
23:27:10.771 [FXGL Background Thread 3 ] DEBUG Engine               - isManualResizeEnabled: false
23:27:10.771 [FXGL Background Thread 3 ] DEBUG Engine               - isMobile: false
23:27:10.771 [FXGL Background Thread 3 ] DEBUG Engine               - isNative: false
23:27:10.772 [FXGL Background Thread 3 ] DEBUG Engine               - isPauseMusicWhenMinimized: true
23:27:10.772 [FXGL Background Thread 3 ] DEBUG Engine               - isPreserveResizeRatio: false
23:27:10.773 [FXGL Background Thread 3 ] DEBUG Engine               - isProfilingEnabled: false
23:27:10.773 [FXGL Background Thread 3 ] DEBUG Engine               - isScaleAffectedOnResize: true
23:27:10.773 [FXGL Background Thread 3 ] DEBUG Engine               - isSingleStep: false
23:27:10.773 [FXGL Background Thread 3 ] DEBUG Engine               - isUserProfileEnabled: false
23:27:10.773 [FXGL Background Thread 3 ] DEBUG Engine               - isWindows: true
23:27:10.773 [FXGL Background Thread 3 ] DEBUG Engine               - language: ObjectProperty [value: ENGLISH]
23:27:10.774 [FXGL Background Thread 3 ] DEBUG Engine               - menuKey: ESCAPE
23:27:10.774 [FXGL Background Thread 3 ] DEBUG Engine               - mouseSensitivity: 0.2
23:27:10.774 [FXGL Background Thread 3 ] DEBUG Engine               - notificationViewClass: class com.almasb.fxgl.notification.view.XboxNotificationView
23:27:10.774 [FXGL Background Thread 3 ] DEBUG Engine               - pixelsPerMeter: 50.0
23:27:10.774 [FXGL Background Thread 3 ] DEBUG Engine               - platform: WINDOWS
23:27:10.774 [FXGL Background Thread 3 ] DEBUG Engine               - prefHeightProperty: ReadOnlyDoubleProperty [value: 600.0]
23:27:10.774 [FXGL Background Thread 3 ] DEBUG Engine               - prefWidthProperty: ReadOnlyDoubleProperty [value: 800.0]
23:27:10.774 [FXGL Background Thread 3 ] DEBUG Engine               - profileDir: profiles/
23:27:10.774 [FXGL Background Thread 3 ] DEBUG Engine               - profileName: StringProperty [value: DEFAULT]
23:27:10.774 [FXGL Background Thread 3 ] DEBUG Engine               - randomSeed: -1
23:27:10.774 [FXGL Background Thread 3 ] DEBUG Engine               - runtimeInfo: RuntimeInfo(platform=WINDOWS, version=21.1, build=26.03.2024 17.33)
23:27:10.774 [FXGL Background Thread 3 ] DEBUG Engine               - saveFileExt: sav
23:27:10.774 [FXGL Background Thread 3 ] DEBUG Engine               - scaledHeightProp$fxgl: DoubleProperty [bound, value: 600.0]
23:27:10.774 [FXGL Background Thread 3 ] DEBUG Engine               - scaledWidthProp$fxgl: DoubleProperty [bound, value: 800.0]
23:27:10.774 [FXGL Background Thread 3 ] DEBUG Engine               - sceneFactory: com.almasb.fxgl.app.scene.SceneFactory@3d57976b
23:27:10.774 [FXGL Background Thread 3 ] DEBUG Engine               - secondsIn24h: 60
23:27:10.774 [FXGL Background Thread 3 ] DEBUG Engine               - soundMenuBack: menu/back.wav
23:27:10.774 [FXGL Background Thread 3 ] DEBUG Engine               - soundMenuPress: menu/press.wav
23:27:10.774 [FXGL Background Thread 3 ] DEBUG Engine               - soundMenuSelect: menu/select.wav
23:27:10.774 [FXGL Background Thread 3 ] DEBUG Engine               - soundNotification: core/notification.wav
23:27:10.776 [FXGL Background Thread 3 ] DEBUG Engine               - stageStyle: DECORATED
23:27:10.776 [FXGL Background Thread 3 ] DEBUG Engine               - supportedLanguages: [ENGLISH, FRENCH, GERMAN, HUNGARIAN, RUSSIAN]
23:27:10.776 [FXGL Background Thread 3 ] DEBUG Engine               - ticksPerSecond: -1
23:27:10.776 [FXGL Background Thread 3 ] DEBUG Engine               - title: Among Us - Java Edition
23:27:10.776 [FXGL Background Thread 3 ] DEBUG Engine               - urlGithub: https://github.com/AlmasB/FXGL
23:27:10.776 [FXGL Background Thread 3 ] DEBUG Engine               - urlLeaderboard: http://fxgl-top.herokuapp.com/
23:27:10.776 [FXGL Background Thread 3 ] DEBUG Engine               - urlPOM: https://raw.githubusercontent.com/AlmasB/FXGL/release/README.md
23:27:10.776 [FXGL Background Thread 3 ] DEBUG Engine               - userAppClass: class main.java.amongUs.AppPrincipal
23:27:10.776 [FXGL Background Thread 3 ] DEBUG Engine               - version: 0.0
23:27:10.777 [FXGL Background Thread 3 ] DEBUG Engine               - versionCheckDays: 7
23:27:10.777 [FXGL Background Thread 3 ] DEBUG Engine               - width: 800
23:27:10.777 [FXGL Background Thread 3 ] DEBUG Engine               - Logging services
23:27:10.777 [FXGL Background Thread 3 ] DEBUG Engine               - class com.almasb.fxgl.app.services.FXGLAssetLoaderService
23:27:10.777 [FXGL Background Thread 3 ] DEBUG Engine               - class com.almasb.fxgl.app.FXGLApplication$GameApplicationService
23:27:10.777 [FXGL Background Thread 3 ] DEBUG Engine               - class com.almasb.fxgl.app.services.FXGLDialogService
23:27:10.777 [FXGL Background Thread 3 ] DEBUG Engine               - class com.almasb.fxgl.app.services.IOTaskExecutorService
23:27:10.777 [FXGL Background Thread 3 ] DEBUG Engine               - class com.almasb.fxgl.io.FileSystemService
23:27:10.777 [FXGL Background Thread 3 ] DEBUG Engine               - class com.almasb.fxgl.localization.LocalizationService
23:27:10.777 [FXGL Background Thread 3 ] DEBUG Engine               - class com.almasb.fxgl.app.services.SystemBundleService
23:27:10.777 [FXGL Background Thread 3 ] DEBUG Engine               - class com.almasb.fxgl.profile.SaveLoadService
23:27:10.777 [FXGL Background Thread 3 ] DEBUG Engine               - class com.almasb.fxgl.ui.FXGLUIFactoryServiceProvider
23:27:10.777 [FXGL Background Thread 3 ] DEBUG Engine               - class com.almasb.fxgl.ui.FXGLDialogFactoryServiceProvider
23:27:10.777 [FXGL Background Thread 3 ] DEBUG Engine               - class com.almasb.fxgl.audio.AudioPlayer
23:27:10.777 [FXGL Background Thread 3 ] DEBUG Engine               - class com.almasb.fxgl.notification.impl.NotificationServiceProvider
23:27:10.777 [FXGL Background Thread 3 ] DEBUG Engine               - class com.almasb.fxgl.achievement.AchievementService
23:27:10.777 [FXGL Background Thread 3 ] DEBUG Engine               - class com.almasb.fxgl.cutscene.CutsceneService
23:27:10.777 [FXGL Background Thread 3 ] DEBUG Engine               - class com.almasb.fxgl.minigames.MiniGameService
23:27:10.777 [FXGL Background Thread 3 ] DEBUG Engine               - class com.almasb.fxgl.net.NetService
23:27:10.777 [FXGL Background Thread 3 ] DEBUG Engine               - class com.almasb.fxgl.app.services.UpdaterService
23:27:10.777 [FXGL Background Thread 3 ] DEBUG Engine               - class com.almasb.fxgl.dev.DevService
23:27:22.240 [JavaFX Application Thread] DEBUG FXGLAssetLoaderServi - Loading from file system: file:/C:/Users/josue/OneDrive/Desktop/proyecto%20java/Among%20Us/out/production/Among%20Us/assets/textures/2.png
23:27:23.297 [JavaFX Application Thread] DEBUG FXGLAssetLoaderServi - Loading from file system: file:/C:/Users/josue/OneDrive/Desktop/proyecto%20java/Among%20Us/out/production/Among%20Us/assets/textures/3.png
23:27:24.097 [JavaFX Application Thread] DEBUG FXGLAssetLoaderServi - Loading from file system: file:/C:/Users/josue/OneDrive/Desktop/proyecto%20java/Among%20Us/out/production/Among%20Us/assets/textures/1.png
23:27:26.432 [JavaFX Application Thread] DEBUG FXGLApplication      - Exiting FXGL
23:27:26.432 [JavaFX Application Thread] DEBUG LoopRunner           - Stopping loop
23:27:26.432 [JavaFX Application Thread] DEBUG SystemBundleService  - Saving FXGL system data
23:27:26.435 [JavaFX Application Thread] DEBUG FileSystemAccess     - Writing to: C:\Users\josue\OneDrive\Desktop\proyecto java\Among Us\system\fxgl.bundle
23:27:26.438 [JavaFX Application Thread] DEBUG Async                - Shutting down background threads
23:27:26.438 [JavaFX Application Thread] DEBUG PrimaryStageWindow   - Closing main window
23:27:26.466 [JavaFX Application Thread] DEBUG Logger               - Closing Logger
