23:43:35.580 [main                     ] DEBUG Logger               - Configured Logger
23:43:35.597 [main                     ] DEBUG GameApplication      - Logging settings
Title: Among Us UNEG
Version: 0.0
Width: 800
Height: 600
Fullscreen: false
Intro: false
Profiling: false
Single step:false
App Mode: DEVELOPER
Menu Key: ESCAPE
Stage Style: DECORATED
Scene Factory: class com.almasb.fxgl.app.scene.SceneFactory

23:43:36.446 [JavaFX Application Thread] DEBUG FXGLApplication      - Initializing FXGL
23:43:36.453 [JavaFX Application Thread] INFO  Engine               - FXGL-21.1 (26.03.2024 17.33) on WINDOWS (J:25.0.2 FX:21.0.1)
23:43:36.453 [JavaFX Application Thread] DEBUG Engine               - JRE Vendor Name: Oracle Corporation
23:43:36.453 [JavaFX Application Thread] DEBUG Engine               - Running on OS: Windows 11 version 10.0
23:43:36.453 [JavaFX Application Thread] DEBUG Engine               - Architecture: amd64
23:43:36.453 [JavaFX Application Thread] INFO  Engine               - Source code and latest versions at: https://github.com/AlmasB/FXGL
23:43:36.454 [JavaFX Application Thread] INFO  Engine               -       Ask questions and discuss at: https://github.com/AlmasB/FXGL/discussions
23:43:36.455 [JavaFX Application Thread] INFO  Engine               -              Join the FXGL chat at: https://gitter.im/AlmasB/FXGL
23:43:36.632 [JavaFX Application Thread] DEBUG PrimaryStageWindow   - Creating a JavaFX scene
23:43:36.753 [JavaFX Application Thread] DEBUG PrimaryStageWindow   - Target settings size: 800.0 x 600.0
23:43:36.754 [JavaFX Application Thread] DEBUG PrimaryStageWindow   - Scaled scene size:    800.0 x 600.0
23:43:36.754 [JavaFX Application Thread] DEBUG PrimaryStageWindow   - Scaled ratio: (1.0, 1.0)
23:43:36.756 [JavaFX Application Thread] DEBUG PrimaryStageWindow   - Set initial scene to FXGLStartupScene
23:43:36.762 [JavaFX Application Thread] DEBUG PrimaryStageWindow   - Opening main window
23:43:36.956 [JavaFX Application Thread] DEBUG PrimaryStageWindow   - Window border size: (16.0, 39.0)
23:43:36.956 [JavaFX Application Thread] DEBUG PrimaryStageWindow   - Scaled size: 800.0 x 600.0
23:43:36.956 [JavaFX Application Thread] DEBUG PrimaryStageWindow   - Scaled ratio: (1.0, 1.0)
23:43:36.956 [JavaFX Application Thread] DEBUG PrimaryStageWindow   - Scene size: 800.0 x 600.0
23:43:36.956 [JavaFX Application Thread] DEBUG PrimaryStageWindow   - Stage size: 816.0 x 639.0
23:43:37.055 [FXGL Background Thread 1 ] DEBUG Engine               - Initializing environment variables
23:43:37.163 [FXGL Background Thread 1 ] DEBUG FXGLAssetLoaderServi - User app class for loading assets: class main.java.amongUs.AppPrincipal
23:43:37.163 [FXGL Background Thread 1 ] DEBUG GameApplicationServi - Applying CSS: fxgl_dark.css
23:43:37.165 [FXGL Background Thread 1 ] DEBUG FXGLAssetLoaderServi - Loading from file system: jar:file:/C:/Users/josue/OneDrive/Desktop/proyecto%20java/Among%20Us/lib/fxgl-21.1-uber.jar!/fxglassets/ui/css/fxgl_dark.css
23:43:37.276 [FXGL Background Thread 1 ] DEBUG GameApplicationServi - Initializing application scenes
23:43:37.439 [FXGL Background Thread 1 ] DEBUG GameWorld            - Game world initialized
23:43:37.512 [FXGL Background Thread 1 ] DEBUG PhysicsWorld         - Physics world initialized: appHeight=600, physics.ppm=50,0
23:43:37.513 [FXGL Background Thread 1 ] DEBUG PhysicsWorld         - Using strategy: BRUTE_FORCE
23:43:37.520 [FXGL Background Thread 1 ] DEBUG GameScene            - Game scene initialized: 800x600
23:43:37.539 [FXGL Background Thread 1 ] DEBUG FXGL.DefaultMenu     - createMenuBodyGameMenu()
23:43:37.563 [FXGL Background Thread 1 ] DEBUG FXGL.DefaultMenu     - createOptionsMenu()
23:43:37.582 [FXGL Background Thread 1 ] DEBUG FXGLAssetLoaderServi - Loading from file system: jar:file:/C:/Users/josue/OneDrive/Desktop/proyecto%20java/Among%20Us/lib/fxgl-21.1-uber.jar!/fxglassets/textures/particles/smoke.png
23:43:37.740 [FXGL Background Thread 1 ] DEBUG FXGLAssetLoaderServi - Loading from file system: jar:file:/C:/Users/josue/OneDrive/Desktop/proyecto%20java/Among%20Us/lib/fxgl-21.1-uber.jar!/fxglassets/textures/particles/trace_horizontal.png
23:43:37.787 [FXGL Background Thread 1 ] DEBUG GameApplicationServi - Application scenes initialized
23:43:37.810 [FXGL Background Thread 1 ] DEBUG SystemBundleService  - Loading FXGL system data
23:43:37.817 [FXGL Background Thread 1 ] DEBUG FileSystemAccess     - Reading from: C:\Users\josue\OneDrive\Desktop\proyecto java\Among Us\system\fxgl.bundle
23:43:37.827 [FXGL Background Thread 1 ] DEBUG SystemBundleService  - Bundle FXGL: {}
23:43:37.827 [FXGL Background Thread 1 ] DEBUG UpdaterService       - Checking for updates
23:43:37.835 [FXGL Background Thread 1 ] DEBUG FXGLApplication      - Loading default localization
23:43:37.836 [FXGL Background Thread 1 ] DEBUG FXGLAssetLoaderServi - Loading from file system: jar:file:/C:/Users/josue/OneDrive/Desktop/proyecto%20java/Among%20Us/lib/fxgl-21.1-uber.jar!/fxglassets/languages/english.lang
23:43:37.841 [FXGL Background Thread 4 ] DEBUG FXGLApplication      - Loading fonts
23:43:37.842 [FXGL Background Thread 4 ] DEBUG FXGLAssetLoaderServi - Loading from file system: jar:file:/C:/Users/josue/OneDrive/Desktop/proyecto%20java/Among%20Us/lib/fxgl-21.1-uber.jar!/fxglassets/ui/fonts/VarelaRound-Regular.ttf
23:43:37.882 [FXGL Background Thread 1 ] INFO  FXGLApplication      - FXGL initialization took: 0,828 sec
23:43:37.899 [JavaFX Application Thread] DEBUG Input                - Registered new binding: Mover Arriba - W
23:43:37.899 [JavaFX Application Thread] DEBUG Input                - Registered new binding: Mover Abajo - S
23:43:37.899 [JavaFX Application Thread] DEBUG Input                - Registered new binding: Mover Izquierda - A
23:43:37.899 [JavaFX Application Thread] DEBUG Input                - Registered new binding: Mover Derecha - D
23:43:37.899 [JavaFX Application Thread] DEBUG FXGLAssetLoaderServi - Loading from file system: file:/C:/Users/josue/OneDrive/Desktop/proyecto%20java/Among%20Us/out/production/Among%20Us/assets/textures/icono.png
23:43:37.956 [JavaFX Application Thread] DEBUG FXGLAssetLoaderServi - Loading from file system: jar:file:/C:/Users/josue/OneDrive/Desktop/proyecto%20java/Among%20Us/lib/fxgl-21.1-uber.jar!/fxglassets/textures/fxgl_default_cursor.png
23:43:37.959 [JavaFX Application Thread] DEBUG Input                - Registered new binding: Screenshot - CTRL+8
23:43:37.960 [JavaFX Application Thread] DEBUG Input                - Registered new binding: System info dump - CTRL+9
23:43:37.961 [JavaFX Application Thread] DEBUG Input                - Registered new binding: Restart - CTRL+R
23:43:37.961 [JavaFX Application Thread] DEBUG Input                - Registered new binding: Toggle Debug Camera - CTRL+7
23:43:37.969 [JavaFX Application Thread] DEBUG LoopRunner           - Starting loop
23:43:37.969 [JavaFX Application Thread] DEBUG LoopRunner           - Initializing JavaFX AnimationTimerLoop
23:43:37.971 [JavaFX Application Thread] DEBUG GameApplicationServi - Starting new game
23:43:37.972 [JavaFX Application Thread] DEBUG Input                - Clearing active input actions
23:43:38.007 [JavaFX Application Thread] DEBUG GameApplicationServi - Removing overlay from FXGLStartupScene and adding to FXGLLoadingScene
23:43:38.016 [JavaFX Application Thread] DEBUG PrimaryStageWindow   - FXGLStartupScene -> FXGLLoadingScene
23:43:38.020 [JavaFX Application Thread] DEBUG GameApplicationServi - Clearing previous game
23:43:38.020 [JavaFX Application Thread] DEBUG GameScene            - Clearing game scene
23:43:38.021 [JavaFX Application Thread] DEBUG GameWorld            - Clearing game world
23:43:38.022 [JavaFX Application Thread] DEBUG PhysicsWorld         - Clearing physics world
23:43:38.029 [FXGL Background Thread 1 ] DEBUG FXGLApplication      - Initializing game
23:43:38.079 [FXGL Background Thread 1 ] DEBUG FXGLAssetLoaderServi - Loading from file system: file:/C:/Users/josue/OneDrive/Desktop/proyecto%20java/Among%20Us/out/production/Among%20Us/assets/music/musicaMenu.mp3
23:43:38.581 [FXGL Background Thread 1 ] DEBUG AudioPlayer          - Playing music com.almasb.fxgl.audio.Music@1d3f0769
23:43:39.199 [FXGL Background Thread 4 ] DEBUG FXGLAssetLoaderServi - Loading from file system: jar:file:/C:/Users/josue/OneDrive/Desktop/proyecto%20java/Among%20Us/lib/fxgl-21.1-uber.jar!/fxglassets/ui/fonts/Abel-Regular.ttf
23:43:39.212 [FXGL Background Thread 4 ] DEBUG FXGLAssetLoaderServi - Loading from file system: jar:file:/C:/Users/josue/OneDrive/Desktop/proyecto%20java/Among%20Us/lib/fxgl-21.1-uber.jar!/fxglassets/ui/fonts/TerminalLandMono-Regular.otf
23:43:39.229 [FXGL Background Thread 4 ] DEBUG FXGLAssetLoaderServi - Loading from file system: jar:file:/C:/Users/josue/OneDrive/Desktop/proyecto%20java/Among%20Us/lib/fxgl-21.1-uber.jar!/fxglassets/ui/fonts/Courier-Prime.ttf
23:43:39.292 [FXGL Background Thread 1 ] INFO  FXGLApplication      - Game initialization took: 1,263 sec
23:43:39.327 [JavaFX Application Thread] DEBUG FXGLApplication      - Registering font factories with UI factory
23:43:39.329 [JavaFX Application Thread] DEBUG Input                - Clearing active input actions
23:43:39.345 [JavaFX Application Thread] DEBUG GameApplicationServi - Removing overlay from FXGLLoadingScene and adding to GameScene
23:43:39.345 [JavaFX Application Thread] DEBUG PrimaryStageWindow   - FXGLLoadingScene -> GameScene
23:43:40.192 [JavaFX Application Thread] DEBUG FXGLAssetLoaderServi - Loading from file system: file:/C:/Users/josue/OneDrive/Desktop/proyecto%20java/Among%20Us/out/production/Among%20Us/assets/sounds/clickBoton.wav
23:43:40.481 [FXGL Background Thread 2 ] INFO  UpdaterService       - Your current version:  21.1
23:43:40.482 [FXGL Background Thread 2 ] INFO  UpdaterService       - Latest stable version: 25
23:43:40.831 [FXGL Background Thread 3 ] DEBUG Engine               - Logging environment variables
23:43:40.833 [FXGL Background Thread 3 ] DEBUG Engine               - achievements: []
23:43:40.833 [FXGL Background Thread 3 ] DEBUG Engine               - actualHeight: 600.0
23:43:40.835 [FXGL Background Thread 3 ] DEBUG Engine               - actualHeightProperty: ReadOnlyDoubleProperty [value: 600.0]
23:43:40.838 [FXGL Background Thread 3 ] DEBUG Engine               - actualWidth: 800.0
23:43:40.838 [FXGL Background Thread 3 ] DEBUG Engine               - actualWidthProperty: ReadOnlyDoubleProperty [value: 800.0]
23:43:40.838 [FXGL Background Thread 3 ] DEBUG Engine               - appIcon: icono.png
23:43:40.839 [FXGL Background Thread 3 ] DEBUG Engine               - applicationMode: DEVELOPER
23:43:40.851 [FXGL Background Thread 3 ] DEBUG Engine               - cSSList: [fxgl_dark.css]
23:43:40.851 [FXGL Background Thread 3 ] DEBUG Engine               - collisionDetectionStrategy: BRUTE_FORCE
23:43:40.851 [FXGL Background Thread 3 ] DEBUG Engine               - configClass: Optional.empty
23:43:40.852 [FXGL Background Thread 3 ] DEBUG Engine               - credits: []
23:43:40.852 [FXGL Background Thread 3 ] DEBUG Engine               - defaultCursor: CursorInfo(imageName=fxgl_default_cursor.png, hotspotX=7.0, hotspotY=6.0)
23:43:40.852 [FXGL Background Thread 3 ] DEBUG Engine               - devBBoxColorProperty: ObjectProperty [value: 0xff0000ff]
23:43:40.852 [FXGL Background Thread 3 ] DEBUG Engine               - devEnableDebugCameraProperty: BooleanProperty [value: false]
23:43:40.854 [FXGL Background Thread 3 ] DEBUG Engine               - devSensorColorProperty: ObjectProperty [value: 0xffff00ff]
23:43:40.854 [FXGL Background Thread 3 ] DEBUG Engine               - devShowBBoxProperty: BooleanProperty [value: false]
23:43:40.855 [FXGL Background Thread 3 ] DEBUG Engine               - devShowPositionProperty: BooleanProperty [value: false]
23:43:40.855 [FXGL Background Thread 3 ] DEBUG Engine               - enabledMenuItems: []
23:43:40.855 [FXGL Background Thread 3 ] DEBUG Engine               - engineServices: [class com.almasb.fxgl.app.services.FXGLAssetLoaderService, class com.almasb.fxgl.app.FXGLApplication$GameApplicationService, class com.almasb.fxgl.app.services.FXGLDialogService, class com.almasb.fxgl.app.services.IOTaskExecutorService, class com.almasb.fxgl.io.FileSystemService, class com.almasb.fxgl.localization.LocalizationService, class com.almasb.fxgl.app.services.SystemBundleService, class com.almasb.fxgl.profile.SaveLoadService, class com.almasb.fxgl.ui.FXGLUIFactoryServiceProvider, class com.almasb.fxgl.ui.FXGLDialogFactoryServiceProvider, class com.almasb.fxgl.audio.AudioPlayer, class com.almasb.fxgl.notification.impl.NotificationServiceProvider, class com.almasb.fxgl.achievement.AchievementService, class com.almasb.fxgl.cutscene.CutsceneService, class com.almasb.fxgl.minigames.MiniGameService, class com.almasb.fxgl.net.NetService, class com.almasb.fxgl.app.services.UpdaterService, class com.almasb.fxgl.dev.DevService]
23:43:40.855 [FXGL Background Thread 3 ] DEBUG Engine               - fontGame: Abel-Regular.ttf
23:43:40.855 [FXGL Background Thread 3 ] DEBUG Engine               - fontMono: TerminalLandMono-Regular.otf
23:43:40.855 [FXGL Background Thread 3 ] DEBUG Engine               - fontSizeScaleUI: 1.0
23:43:40.855 [FXGL Background Thread 3 ] DEBUG Engine               - fontText: Courier-Prime.ttf
23:43:40.855 [FXGL Background Thread 3 ] DEBUG Engine               - fontUI: VarelaRound-Regular.ttf
23:43:40.855 [FXGL Background Thread 3 ] DEBUG Engine               - fullScreen: BooleanProperty [value: false]
23:43:40.855 [FXGL Background Thread 3 ] DEBUG Engine               - gameDifficulty: MEDIUM
23:43:40.855 [FXGL Background Thread 3 ] DEBUG Engine               - gameDifficultyProperty: ObjectProperty [value: MEDIUM]
23:43:40.855 [FXGL Background Thread 3 ] DEBUG Engine               - globalMusicVolume: 0.5
23:43:40.855 [FXGL Background Thread 3 ] DEBUG Engine               - globalMusicVolumeProperty: DoubleProperty [value: 0.4]
23:43:40.855 [FXGL Background Thread 3 ] DEBUG Engine               - globalSoundVolume: 0.5
23:43:40.856 [FXGL Background Thread 3 ] DEBUG Engine               - globalSoundVolumeProperty: DoubleProperty [value: 0.5]
23:43:40.856 [FXGL Background Thread 3 ] DEBUG Engine               - height: 600
23:43:40.856 [FXGL Background Thread 3 ] DEBUG Engine               - is3D: false
23:43:40.856 [FXGL Background Thread 3 ] DEBUG Engine               - isAndroid: false
23:43:40.856 [FXGL Background Thread 3 ] DEBUG Engine               - isBrowser: false
23:43:40.856 [FXGL Background Thread 3 ] DEBUG Engine               - isClickFeedbackEnabled: false
23:43:40.856 [FXGL Background Thread 3 ] DEBUG Engine               - isCloseConfirmation: false
23:43:40.856 [FXGL Background Thread 3 ] DEBUG Engine               - isDesktop: true
23:43:40.856 [FXGL Background Thread 3 ] DEBUG Engine               - isDeveloperMenuEnabled: false
23:43:40.856 [FXGL Background Thread 3 ] DEBUG Engine               - isEmbedded: false
23:43:40.856 [FXGL Background Thread 3 ] DEBUG Engine               - isEntityPreloadEnabled: true
23:43:40.856 [FXGL Background Thread 3 ] DEBUG Engine               - isExperimentalTiledLargeMap: false
23:43:40.856 [FXGL Background Thread 3 ] DEBUG Engine               - isFileSystemWriteAllowed: true
23:43:40.856 [FXGL Background Thread 3 ] DEBUG Engine               - isFullScreenAllowed: false
23:43:40.856 [FXGL Background Thread 3 ] DEBUG Engine               - isFullScreenFromStart: false
23:43:40.856 [FXGL Background Thread 3 ] DEBUG Engine               - isGameMenuEnabled: true
23:43:40.857 [FXGL Background Thread 3 ] DEBUG Engine               - isIOS: false
23:43:40.857 [FXGL Background Thread 3 ] DEBUG Engine               - isIntroEnabled: false
23:43:40.857 [FXGL Background Thread 3 ] DEBUG Engine               - isLinux: false
23:43:40.857 [FXGL Background Thread 3 ] DEBUG Engine               - isMac: false
23:43:40.857 [FXGL Background Thread 3 ] DEBUG Engine               - isMainMenuEnabled: false
23:43:40.857 [FXGL Background Thread 3 ] DEBUG Engine               - isManualResizeEnabled: false
23:43:40.857 [FXGL Background Thread 3 ] DEBUG Engine               - isMobile: false
23:43:40.857 [FXGL Background Thread 3 ] DEBUG Engine               - isNative: false
23:43:40.857 [FXGL Background Thread 3 ] DEBUG Engine               - isPauseMusicWhenMinimized: true
23:43:40.857 [FXGL Background Thread 3 ] DEBUG Engine               - isPreserveResizeRatio: false
23:43:40.857 [FXGL Background Thread 3 ] DEBUG Engine               - isProfilingEnabled: false
23:43:40.857 [FXGL Background Thread 3 ] DEBUG Engine               - isScaleAffectedOnResize: true
23:43:40.857 [FXGL Background Thread 3 ] DEBUG Engine               - isSingleStep: false
23:43:40.857 [FXGL Background Thread 3 ] DEBUG Engine               - isUserProfileEnabled: false
23:43:40.857 [FXGL Background Thread 3 ] DEBUG Engine               - isWindows: true
23:43:40.857 [FXGL Background Thread 3 ] DEBUG Engine               - language: ObjectProperty [value: ENGLISH]
23:43:40.857 [FXGL Background Thread 3 ] DEBUG Engine               - menuKey: ESCAPE
23:43:40.857 [FXGL Background Thread 3 ] DEBUG Engine               - mouseSensitivity: 0.2
23:43:40.857 [FXGL Background Thread 3 ] DEBUG Engine               - notificationViewClass: class com.almasb.fxgl.notification.view.XboxNotificationView
23:43:40.858 [FXGL Background Thread 3 ] DEBUG Engine               - pixelsPerMeter: 50.0
23:43:40.858 [FXGL Background Thread 3 ] DEBUG Engine               - platform: WINDOWS
23:43:40.858 [FXGL Background Thread 3 ] DEBUG Engine               - prefHeightProperty: ReadOnlyDoubleProperty [value: 600.0]
23:43:40.858 [FXGL Background Thread 3 ] DEBUG Engine               - prefWidthProperty: ReadOnlyDoubleProperty [value: 800.0]
23:43:40.858 [FXGL Background Thread 3 ] DEBUG Engine               - profileDir: profiles/
23:43:40.859 [FXGL Background Thread 3 ] DEBUG Engine               - profileName: StringProperty [value: DEFAULT]
23:43:40.860 [FXGL Background Thread 3 ] DEBUG Engine               - randomSeed: -1
23:43:40.860 [FXGL Background Thread 3 ] DEBUG Engine               - runtimeInfo: RuntimeInfo(platform=WINDOWS, version=21.1, build=26.03.2024 17.33)
23:43:40.860 [FXGL Background Thread 3 ] DEBUG Engine               - saveFileExt: sav
23:43:40.860 [FXGL Background Thread 3 ] DEBUG Engine               - scaledHeightProp$fxgl: DoubleProperty [bound, value: 600.0]
23:43:40.860 [FXGL Background Thread 3 ] DEBUG Engine               - scaledWidthProp$fxgl: DoubleProperty [bound, value: 800.0]
23:43:40.860 [FXGL Background Thread 3 ] DEBUG Engine               - sceneFactory: com.almasb.fxgl.app.scene.SceneFactory@75dd9964
23:43:40.860 [FXGL Background Thread 3 ] DEBUG Engine               - secondsIn24h: 60
23:43:40.860 [FXGL Background Thread 3 ] DEBUG Engine               - soundMenuBack: menu/back.wav
23:43:40.860 [FXGL Background Thread 3 ] DEBUG Engine               - soundMenuPress: menu/press.wav
23:43:40.860 [FXGL Background Thread 3 ] DEBUG Engine               - soundMenuSelect: menu/select.wav
23:43:40.860 [FXGL Background Thread 3 ] DEBUG Engine               - soundNotification: core/notification.wav
23:43:40.861 [FXGL Background Thread 3 ] DEBUG Engine               - stageStyle: DECORATED
23:43:40.861 [FXGL Background Thread 3 ] DEBUG Engine               - supportedLanguages: [ENGLISH, FRENCH, GERMAN, HUNGARIAN, RUSSIAN]
23:43:40.861 [FXGL Background Thread 3 ] DEBUG Engine               - ticksPerSecond: -1
23:43:40.861 [FXGL Background Thread 3 ] DEBUG Engine               - title: Among Us UNEG
23:43:40.861 [FXGL Background Thread 3 ] DEBUG Engine               - urlGithub: https://github.com/AlmasB/FXGL
23:43:40.861 [FXGL Background Thread 3 ] DEBUG Engine               - urlLeaderboard: http://fxgl-top.herokuapp.com/
23:43:40.861 [FXGL Background Thread 3 ] DEBUG Engine               - urlPOM: https://raw.githubusercontent.com/AlmasB/FXGL/release/README.md
23:43:40.862 [FXGL Background Thread 3 ] DEBUG Engine               - userAppClass: class main.java.amongUs.AppPrincipal
23:43:40.862 [FXGL Background Thread 3 ] DEBUG Engine               - version: 0.0
23:43:40.862 [FXGL Background Thread 3 ] DEBUG Engine               - versionCheckDays: 7
23:43:40.862 [FXGL Background Thread 3 ] DEBUG Engine               - width: 800
23:43:40.862 [FXGL Background Thread 3 ] DEBUG Engine               - Logging services
23:43:40.862 [FXGL Background Thread 3 ] DEBUG Engine               - class com.almasb.fxgl.app.services.FXGLAssetLoaderService
23:43:40.862 [FXGL Background Thread 3 ] DEBUG Engine               - class com.almasb.fxgl.app.FXGLApplication$GameApplicationService
23:43:40.862 [FXGL Background Thread 3 ] DEBUG Engine               - class com.almasb.fxgl.app.services.FXGLDialogService
23:43:40.862 [FXGL Background Thread 3 ] DEBUG Engine               - class com.almasb.fxgl.app.services.IOTaskExecutorService
23:43:40.862 [FXGL Background Thread 3 ] DEBUG Engine               - class com.almasb.fxgl.io.FileSystemService
23:43:40.862 [FXGL Background Thread 3 ] DEBUG Engine               - class com.almasb.fxgl.localization.LocalizationService
23:43:40.862 [FXGL Background Thread 3 ] DEBUG Engine               - class com.almasb.fxgl.app.services.SystemBundleService
23:43:40.862 [FXGL Background Thread 3 ] DEBUG Engine               - class com.almasb.fxgl.profile.SaveLoadService
23:43:40.862 [FXGL Background Thread 3 ] DEBUG Engine               - class com.almasb.fxgl.ui.FXGLUIFactoryServiceProvider
23:43:40.862 [FXGL Background Thread 3 ] DEBUG Engine               - class com.almasb.fxgl.ui.FXGLDialogFactoryServiceProvider
23:43:40.862 [FXGL Background Thread 3 ] DEBUG Engine               - class com.almasb.fxgl.audio.AudioPlayer
23:43:40.862 [FXGL Background Thread 3 ] DEBUG Engine               - class com.almasb.fxgl.notification.impl.NotificationServiceProvider
23:43:40.862 [FXGL Background Thread 3 ] DEBUG Engine               - class com.almasb.fxgl.achievement.AchievementService
23:43:40.862 [FXGL Background Thread 3 ] DEBUG Engine               - class com.almasb.fxgl.cutscene.CutsceneService
23:43:40.862 [FXGL Background Thread 3 ] DEBUG Engine               - class com.almasb.fxgl.minigames.MiniGameService
23:43:40.862 [FXGL Background Thread 3 ] DEBUG Engine               - class com.almasb.fxgl.net.NetService
23:43:40.862 [FXGL Background Thread 3 ] DEBUG Engine               - class com.almasb.fxgl.app.services.UpdaterService
23:43:40.862 [FXGL Background Thread 3 ] DEBUG Engine               - class com.almasb.fxgl.dev.DevService
23:43:45.863 [JavaFX Application Thread] DEBUG FXGLAssetLoaderServi - Loading from file system: file:/C:/Users/josue/OneDrive/Desktop/proyecto%20java/Among%20Us/out/production/Among%20Us/assets/textures/tripulante_negro.png
23:43:48.128 [JavaFX Application Thread] DEBUG FXGLAssetLoaderServi - Loading from file system: file:/C:/Users/josue/OneDrive/Desktop/proyecto%20java/Among%20Us/out/production/Among%20Us/assets/textures/tripulante_morado.png
23:44:21.966 [JavaFX Application Thread] DEBUG FXGLAssetLoaderServi - Loading from file system: file:/C:/Users/josue/OneDrive/Desktop/proyecto%20java/Among%20Us/out/production/Among%20Us/assets/textures/tripulante_blanco.png
23:44:27.444 [JavaFX Application Thread] DEBUG FXGLAssetLoaderServi - Loading from file system: file:/C:/Users/josue/OneDrive/Desktop/proyecto%20java/Among%20Us/out/production/Among%20Us/assets/textures/tripulante_rosa.png
23:44:29.418 [JavaFX Application Thread] WARN  TMXLevelLoader       - TiledMap generated from 1.11.2. Supported version: 1.9.0. Some features may not be parsed fully.
23:44:29.486 [JavaFX Application Thread] DEBUG TMXLevelLoader       - Parsed TiledMap: file:/C:/Users/josue/OneDrive/Desktop/proyecto%20java/Among%20Us/out/production/Among%20Us/assets/levels/mapa2.tmx
23:44:29.487 [JavaFX Application Thread] DEBUG TMXLevelLoader       - Creating tile layer entities
23:44:29.490 [JavaFX Application Thread] DEBUG TilesetLoader        - Loading view for layer fondo1
23:44:29.491 [JavaFX Application Thread] DEBUG TilesetLoader        - Created buffer with size 992.0x960.0
23:44:29.518 [JavaFX Application Thread] DEBUG TilesetLoader        - Loading view for layer fondo
23:44:29.520 [JavaFX Application Thread] DEBUG TilesetLoader        - Created buffer with size 992.0x960.0
23:44:29.526 [JavaFX Application Thread] DEBUG TilesetLoader        - Loading view for layer piso
23:44:29.527 [JavaFX Application Thread] DEBUG TilesetLoader        - Created buffer with size 992.0x960.0
23:44:29.532 [JavaFX Application Thread] DEBUG TilesetLoader        - Loading view for layer piso1
23:44:29.533 [JavaFX Application Thread] DEBUG TilesetLoader        - Created buffer with size 992.0x960.0
23:44:29.537 [JavaFX Application Thread] WARN  TilesetLoader        - Diagonally flipped tiles are not currently supported
23:44:29.542 [JavaFX Application Thread] WARN  TilesetLoader        - Diagonally flipped tiles are not currently supported
23:44:29.543 [JavaFX Application Thread] DEBUG TilesetLoader        - Loading view for layer izquierda
23:44:29.545 [JavaFX Application Thread] DEBUG TilesetLoader        - Created buffer with size 992.0x960.0
23:44:29.552 [JavaFX Application Thread] DEBUG TilesetLoader        - Loading view for layer detallesatraspared
23:44:29.556 [JavaFX Application Thread] DEBUG TilesetLoader        - Created buffer with size 992.0x960.0
23:44:29.598 [JavaFX Application Thread] DEBUG TilesetLoader        - Loading view for layer pared2
23:44:29.599 [JavaFX Application Thread] DEBUG TilesetLoader        - Created buffer with size 992.0x960.0
23:44:29.612 [JavaFX Application Thread] DEBUG TilesetLoader        - Loading view for layer techo1
23:44:29.613 [JavaFX Application Thread] DEBUG TilesetLoader        - Created buffer with size 992.0x960.0
23:44:29.618 [JavaFX Application Thread] DEBUG TilesetLoader        - Loading view for layer techo2
23:44:29.619 [JavaFX Application Thread] DEBUG TilesetLoader        - Created buffer with size 992.0x960.0
23:44:29.630 [JavaFX Application Thread] DEBUG TilesetLoader        - Loading view for layer puertita
23:44:29.631 [JavaFX Application Thread] DEBUG TilesetLoader        - Created buffer with size 992.0x960.0
23:44:29.632 [JavaFX Application Thread] DEBUG TilesetLoader        - Loading view for layer puerta
23:44:29.632 [JavaFX Application Thread] DEBUG TilesetLoader        - Created buffer with size 992.0x960.0
23:44:29.635 [JavaFX Application Thread] DEBUG TilesetLoader        - Loading view for layer detalles
23:44:29.636 [JavaFX Application Thread] DEBUG TilesetLoader        - Created buffer with size 992.0x960.0
23:44:29.656 [JavaFX Application Thread] DEBUG TilesetLoader        - Loading view for layer detalles 2
23:44:29.657 [JavaFX Application Thread] DEBUG TilesetLoader        - Created buffer with size 992.0x960.0
23:44:29.675 [JavaFX Application Thread] DEBUG TilesetLoader        - Loading view for layer detalles3
23:44:29.675 [JavaFX Application Thread] DEBUG TilesetLoader        - Created buffer with size 992.0x960.0
23:44:29.695 [JavaFX Application Thread] DEBUG TilesetLoader        - Loading view for layer grieta
23:44:29.697 [JavaFX Application Thread] DEBUG TilesetLoader        - Created buffer with size 992.0x960.0
23:44:29.698 [JavaFX Application Thread] DEBUG TilesetLoader        - Loading view for layer camaras
23:44:29.699 [JavaFX Application Thread] DEBUG TilesetLoader        - Created buffer with size 992.0x960.0
23:44:29.704 [JavaFX Application Thread] DEBUG TilesetLoader        - Loading view for layer Techo
23:44:29.710 [JavaFX Application Thread] DEBUG TilesetLoader        - Created buffer with size 992.0x960.0
23:44:29.712 [JavaFX Application Thread] DEBUG TMXLevelLoader       - Creating object layer entities
23:44:29.842 [JavaFX Application Thread] DEBUG GameWorld            - Clearing removable entities
23:44:29.843 [JavaFX Application Thread] DEBUG GameWorld            - Setting level: com.almasb.fxgl.entity.level.Level@7dad38c0
23:44:29.949 [JavaFX Application Thread] DEBUG FXGLAssetLoaderServi - Loading from file system: file:/C:/Users/josue/OneDrive/Desktop/proyecto%20java/Among%20Us/out/production/Among%20Us/assets/textures/animacion_rosa.png
23:44:54.415 [JavaFX Application Thread] DEBUG FXGLApplication      - Exiting FXGL
23:44:54.415 [JavaFX Application Thread] DEBUG LoopRunner           - Stopping loop
23:44:54.415 [JavaFX Application Thread] DEBUG SystemBundleService  - Saving FXGL system data
23:44:54.420 [JavaFX Application Thread] DEBUG FileSystemAccess     - Writing to: C:\Users\josue\OneDrive\Desktop\proyecto java\Among Us\system\fxgl.bundle
23:44:54.422 [JavaFX Application Thread] DEBUG Async                - Shutting down background threads
23:44:54.423 [JavaFX Application Thread] DEBUG PrimaryStageWindow   - Closing main window
23:44:54.462 [JavaFX Application Thread] DEBUG Logger               - Closing Logger
