22:28:55.910 [main                     ] DEBUG Logger               - Configured Logger
22:28:55.926 [main                     ] DEBUG GameApplication      - Logging settings
Title: Among Us - Java Edition
Version: 0.0
Width: 800
Height: 600
Fullscreen: false
Intro: false
Profiling: false
Single step:false
App Mode: DEVELOPER
Menu Key: ESCAPE
Stage Style: DECORATED
Scene Factory: class com.almasb.fxgl.app.scene.SceneFactory

22:28:56.774 [JavaFX Application Thread] DEBUG FXGLApplication      - Initializing FXGL
22:28:56.779 [JavaFX Application Thread] INFO  Engine               - FXGL-21.1 (26.03.2024 17.33) on WINDOWS (J:25.0.2 FX:21.0.1)
22:28:56.779 [JavaFX Application Thread] DEBUG Engine               - JRE Vendor Name: Oracle Corporation
22:28:56.779 [JavaFX Application Thread] DEBUG Engine               - Running on OS: Windows 11 version 10.0
22:28:56.779 [JavaFX Application Thread] DEBUG Engine               - Architecture: amd64
22:28:56.779 [JavaFX Application Thread] INFO  Engine               - Source code and latest versions at: https://github.com/AlmasB/FXGL
22:28:56.779 [JavaFX Application Thread] INFO  Engine               -       Ask questions and discuss at: https://github.com/AlmasB/FXGL/discussions
22:28:56.779 [JavaFX Application Thread] INFO  Engine               -              Join the FXGL chat at: https://gitter.im/AlmasB/FXGL
22:28:56.982 [JavaFX Application Thread] DEBUG PrimaryStageWindow   - Creating a JavaFX scene
22:28:57.181 [JavaFX Application Thread] DEBUG PrimaryStageWindow   - Target settings size: 800.0 x 600.0
22:28:57.181 [JavaFX Application Thread] DEBUG PrimaryStageWindow   - Scaled scene size:    800.0 x 600.0
22:28:57.181 [JavaFX Application Thread] DEBUG PrimaryStageWindow   - Scaled ratio: (1.0, 1.0)
22:28:57.183 [JavaFX Application Thread] DEBUG PrimaryStageWindow   - Set initial scene to FXGLStartupScene
22:28:57.190 [JavaFX Application Thread] DEBUG PrimaryStageWindow   - Opening main window
22:28:57.368 [JavaFX Application Thread] DEBUG PrimaryStageWindow   - Window border size: (16.0, 39.0)
22:28:57.368 [JavaFX Application Thread] DEBUG PrimaryStageWindow   - Scaled size: 800.0 x 600.0
22:28:57.369 [JavaFX Application Thread] DEBUG PrimaryStageWindow   - Scaled ratio: (1.0, 1.0)
22:28:57.371 [JavaFX Application Thread] DEBUG PrimaryStageWindow   - Scene size: 800.0 x 600.0
22:28:57.371 [JavaFX Application Thread] DEBUG PrimaryStageWindow   - Stage size: 816.0 x 639.0
22:28:57.384 [FXGL Background Thread 1 ] DEBUG Engine               - Initializing environment variables
22:28:57.534 [FXGL Background Thread 1 ] DEBUG FXGLAssetLoaderServi - User app class for loading assets: class main.java.amongUs.AppPrincipal
22:28:57.534 [FXGL Background Thread 1 ] DEBUG GameApplicationServi - Applying CSS: fxgl_dark.css
22:28:57.536 [FXGL Background Thread 1 ] DEBUG FXGLAssetLoaderServi - Loading from file system: jar:file:/C:/Users/josue/OneDrive/Desktop/proyecto%20java/Among%20Us/lib/fxgl-21.1-uber.jar!/fxglassets/ui/css/fxgl_dark.css
22:28:57.625 [FXGL Background Thread 1 ] DEBUG GameApplicationServi - Initializing application scenes
22:28:57.873 [FXGL Background Thread 1 ] DEBUG GameWorld            - Game world initialized
22:28:57.942 [FXGL Background Thread 1 ] DEBUG PhysicsWorld         - Physics world initialized: appHeight=600, physics.ppm=50,0
22:28:57.943 [FXGL Background Thread 1 ] DEBUG PhysicsWorld         - Using strategy: BRUTE_FORCE
22:28:57.948 [FXGL Background Thread 1 ] DEBUG GameScene            - Game scene initialized: 800x600
22:28:57.963 [FXGL Background Thread 1 ] DEBUG FXGL.DefaultMenu     - createMenuBodyGameMenu()
22:28:57.983 [FXGL Background Thread 1 ] DEBUG FXGL.DefaultMenu     - createOptionsMenu()
22:28:57.999 [FXGL Background Thread 1 ] DEBUG FXGLAssetLoaderServi - Loading from file system: jar:file:/C:/Users/josue/OneDrive/Desktop/proyecto%20java/Among%20Us/lib/fxgl-21.1-uber.jar!/fxglassets/textures/particles/smoke.png
22:28:58.129 [FXGL Background Thread 1 ] DEBUG FXGLAssetLoaderServi - Loading from file system: jar:file:/C:/Users/josue/OneDrive/Desktop/proyecto%20java/Among%20Us/lib/fxgl-21.1-uber.jar!/fxglassets/textures/particles/trace_horizontal.png
22:28:58.169 [FXGL Background Thread 1 ] DEBUG GameApplicationServi - Application scenes initialized
22:28:58.189 [FXGL Background Thread 1 ] DEBUG SystemBundleService  - Loading FXGL system data
22:28:58.199 [FXGL Background Thread 1 ] DEBUG FileSystemAccess     - Reading from: C:\Users\josue\OneDrive\Desktop\proyecto java\Among Us\system\fxgl.bundle
22:28:58.211 [FXGL Background Thread 1 ] DEBUG SystemBundleService  - Bundle FXGL: {}
22:28:58.211 [FXGL Background Thread 1 ] DEBUG UpdaterService       - Checking for updates
22:28:58.220 [FXGL Background Thread 1 ] DEBUG FXGLApplication      - Loading default localization
22:28:58.220 [FXGL Background Thread 1 ] DEBUG FXGLAssetLoaderServi - Loading from file system: jar:file:/C:/Users/josue/OneDrive/Desktop/proyecto%20java/Among%20Us/lib/fxgl-21.1-uber.jar!/fxglassets/languages/english.lang
22:28:58.244 [FXGL Background Thread 1 ] INFO  FXGLApplication      - FXGL initialization took: 0,861 sec
22:28:58.246 [JavaFX Application Thread] DEBUG FXGLAssetLoaderServi - Loading from file system: jar:file:/C:/Users/josue/OneDrive/Desktop/proyecto%20java/Among%20Us/lib/fxgl-21.1-uber.jar!/fxglassets/textures/fxgl_icon.png
22:28:58.359 [FXGL Background Thread 4 ] DEBUG FXGLApplication      - Loading fonts
22:28:58.360 [FXGL Background Thread 4 ] DEBUG FXGLAssetLoaderServi - Loading from file system: jar:file:/C:/Users/josue/OneDrive/Desktop/proyecto%20java/Among%20Us/lib/fxgl-21.1-uber.jar!/fxglassets/ui/fonts/VarelaRound-Regular.ttf
22:28:58.396 [JavaFX Application Thread] DEBUG FXGLAssetLoaderServi - Loading from file system: jar:file:/C:/Users/josue/OneDrive/Desktop/proyecto%20java/Among%20Us/lib/fxgl-21.1-uber.jar!/fxglassets/textures/fxgl_default_cursor.png
22:28:58.412 [JavaFX Application Thread] DEBUG Input                - Registered new binding: Screenshot - CTRL+8
22:28:58.413 [JavaFX Application Thread] DEBUG Input                - Registered new binding: System info dump - CTRL+9
22:28:58.415 [JavaFX Application Thread] DEBUG Input                - Registered new binding: Restart - CTRL+R
22:28:58.416 [JavaFX Application Thread] DEBUG Input                - Registered new binding: Toggle Debug Camera - CTRL+7
22:28:58.423 [JavaFX Application Thread] DEBUG LoopRunner           - Starting loop
22:28:58.423 [JavaFX Application Thread] DEBUG LoopRunner           - Initializing JavaFX AnimationTimerLoop
22:28:58.426 [JavaFX Application Thread] DEBUG GameApplicationServi - Starting new game
22:28:58.426 [JavaFX Application Thread] DEBUG Input                - Clearing active input actions
22:28:58.498 [JavaFX Application Thread] DEBUG GameApplicationServi - Removing overlay from FXGLStartupScene and adding to FXGLLoadingScene
22:28:58.499 [JavaFX Application Thread] DEBUG PrimaryStageWindow   - FXGLStartupScene -> FXGLLoadingScene
22:28:58.500 [JavaFX Application Thread] DEBUG GameApplicationServi - Clearing previous game
22:28:58.500 [JavaFX Application Thread] DEBUG GameScene            - Clearing game scene
22:28:58.500 [JavaFX Application Thread] DEBUG GameWorld            - Clearing game world
22:28:58.501 [JavaFX Application Thread] DEBUG PhysicsWorld         - Clearing physics world
22:28:58.504 [FXGL Background Thread 1 ] DEBUG FXGLApplication      - Initializing game
22:28:58.510 [FXGL Background Thread 1 ] DEBUG FXGLAssetLoaderServi - Loading from file system: file:/C:/Users/josue/OneDrive/Desktop/proyecto%20java/Among%20Us/out/production/Among%20Us/assets/music/musicaMenu.mp3
22:28:58.928 [FXGL Background Thread 1 ] DEBUG AudioPlayer          - Playing music com.almasb.fxgl.audio.Music@711ce728
22:28:59.496 [FXGL Background Thread 1 ] INFO  FXGLApplication      - Game initialization took: 0,991 sec
22:28:59.588 [FXGL Background Thread 4 ] DEBUG FXGLAssetLoaderServi - Loading from file system: jar:file:/C:/Users/josue/OneDrive/Desktop/proyecto%20java/Among%20Us/lib/fxgl-21.1-uber.jar!/fxglassets/ui/fonts/Abel-Regular.ttf
22:28:59.596 [FXGL Background Thread 4 ] DEBUG FXGLAssetLoaderServi - Loading from file system: jar:file:/C:/Users/josue/OneDrive/Desktop/proyecto%20java/Among%20Us/lib/fxgl-21.1-uber.jar!/fxglassets/ui/fonts/TerminalLandMono-Regular.otf
22:28:59.602 [FXGL Background Thread 4 ] DEBUG FXGLAssetLoaderServi - Loading from file system: jar:file:/C:/Users/josue/OneDrive/Desktop/proyecto%20java/Among%20Us/lib/fxgl-21.1-uber.jar!/fxglassets/ui/fonts/Courier-Prime.ttf
22:28:59.655 [JavaFX Application Thread] DEBUG Input                - Clearing active input actions
22:28:59.679 [JavaFX Application Thread] DEBUG GameApplicationServi - Removing overlay from FXGLLoadingScene and adding to GameScene
22:28:59.681 [JavaFX Application Thread] DEBUG PrimaryStageWindow   - FXGLLoadingScene -> GameScene
22:29:00.010 [JavaFX Application Thread] DEBUG FXGLApplication      - Registering font factories with UI factory
22:29:01.216 [FXGL Background Thread 3 ] DEBUG Engine               - Logging environment variables
22:29:01.220 [FXGL Background Thread 3 ] DEBUG Engine               - achievements: []
22:29:01.220 [FXGL Background Thread 3 ] DEBUG Engine               - actualHeight: 600.0
22:29:01.220 [FXGL Background Thread 3 ] DEBUG Engine               - actualHeightProperty: ReadOnlyDoubleProperty [value: 600.0]
22:29:01.220 [FXGL Background Thread 3 ] DEBUG Engine               - actualWidth: 800.0
22:29:01.220 [FXGL Background Thread 3 ] DEBUG Engine               - actualWidthProperty: ReadOnlyDoubleProperty [value: 800.0]
22:29:01.222 [FXGL Background Thread 3 ] DEBUG Engine               - appIcon: fxgl_icon.png
22:29:01.223 [FXGL Background Thread 3 ] DEBUG Engine               - applicationMode: DEVELOPER
22:29:01.223 [FXGL Background Thread 3 ] DEBUG Engine               - cSSList: [fxgl_dark.css]
22:29:01.223 [FXGL Background Thread 3 ] DEBUG Engine               - collisionDetectionStrategy: BRUTE_FORCE
22:29:01.223 [FXGL Background Thread 3 ] DEBUG Engine               - configClass: Optional.empty
22:29:01.223 [FXGL Background Thread 3 ] DEBUG Engine               - credits: []
22:29:01.223 [FXGL Background Thread 3 ] DEBUG Engine               - defaultCursor: CursorInfo(imageName=fxgl_default_cursor.png, hotspotX=7.0, hotspotY=6.0)
22:29:01.233 [FXGL Background Thread 3 ] DEBUG Engine               - devBBoxColorProperty: ObjectProperty [value: 0xff0000ff]
22:29:01.233 [FXGL Background Thread 3 ] DEBUG Engine               - devEnableDebugCameraProperty: BooleanProperty [value: false]
22:29:01.236 [FXGL Background Thread 3 ] DEBUG Engine               - devSensorColorProperty: ObjectProperty [value: 0xffff00ff]
22:29:01.236 [FXGL Background Thread 3 ] DEBUG Engine               - devShowBBoxProperty: BooleanProperty [value: false]
22:29:01.236 [FXGL Background Thread 3 ] DEBUG Engine               - devShowPositionProperty: BooleanProperty [value: false]
22:29:01.236 [FXGL Background Thread 3 ] DEBUG Engine               - enabledMenuItems: []
22:29:01.236 [FXGL Background Thread 3 ] DEBUG Engine               - engineServices: [class com.almasb.fxgl.app.services.FXGLAssetLoaderService, class com.almasb.fxgl.app.FXGLApplication$GameApplicationService, class com.almasb.fxgl.app.services.FXGLDialogService, class com.almasb.fxgl.app.services.IOTaskExecutorService, class com.almasb.fxgl.io.FileSystemService, class com.almasb.fxgl.localization.LocalizationService, class com.almasb.fxgl.app.services.SystemBundleService, class com.almasb.fxgl.profile.SaveLoadService, class com.almasb.fxgl.ui.FXGLUIFactoryServiceProvider, class com.almasb.fxgl.ui.FXGLDialogFactoryServiceProvider, class com.almasb.fxgl.audio.AudioPlayer, class com.almasb.fxgl.notification.impl.NotificationServiceProvider, class com.almasb.fxgl.achievement.AchievementService, class com.almasb.fxgl.cutscene.CutsceneService, class com.almasb.fxgl.minigames.MiniGameService, class com.almasb.fxgl.net.NetService, class com.almasb.fxgl.app.services.UpdaterService, class com.almasb.fxgl.dev.DevService]
22:29:01.239 [FXGL Background Thread 3 ] DEBUG Engine               - fontGame: Abel-Regular.ttf
22:29:01.239 [FXGL Background Thread 3 ] DEBUG Engine               - fontMono: TerminalLandMono-Regular.otf
22:29:01.239 [FXGL Background Thread 3 ] DEBUG Engine               - fontSizeScaleUI: 1.0
22:29:01.239 [FXGL Background Thread 3 ] DEBUG Engine               - fontText: Courier-Prime.ttf
22:29:01.239 [FXGL Background Thread 3 ] DEBUG Engine               - fontUI: VarelaRound-Regular.ttf
22:29:01.239 [FXGL Background Thread 3 ] DEBUG Engine               - fullScreen: BooleanProperty [value: false]
22:29:01.239 [FXGL Background Thread 3 ] DEBUG Engine               - gameDifficulty: MEDIUM
22:29:01.239 [FXGL Background Thread 3 ] DEBUG Engine               - gameDifficultyProperty: ObjectProperty [value: MEDIUM]
22:29:01.239 [FXGL Background Thread 3 ] DEBUG Engine               - globalMusicVolume: 0.5
22:29:01.239 [FXGL Background Thread 3 ] DEBUG Engine               - globalMusicVolumeProperty: DoubleProperty [value: 0.5]
22:29:01.239 [FXGL Background Thread 3 ] DEBUG Engine               - globalSoundVolume: 0.5
22:29:01.239 [FXGL Background Thread 3 ] DEBUG Engine               - globalSoundVolumeProperty: DoubleProperty [value: 0.5]
22:29:01.239 [FXGL Background Thread 3 ] DEBUG Engine               - height: 600
22:29:01.240 [FXGL Background Thread 3 ] DEBUG Engine               - is3D: false
22:29:01.240 [FXGL Background Thread 3 ] DEBUG Engine               - isAndroid: false
22:29:01.240 [FXGL Background Thread 3 ] DEBUG Engine               - isBrowser: false
22:29:01.240 [FXGL Background Thread 3 ] DEBUG Engine               - isClickFeedbackEnabled: false
22:29:01.240 [FXGL Background Thread 3 ] DEBUG Engine               - isCloseConfirmation: false
22:29:01.240 [FXGL Background Thread 3 ] DEBUG Engine               - isDesktop: true
22:29:01.240 [FXGL Background Thread 3 ] DEBUG Engine               - isDeveloperMenuEnabled: false
22:29:01.240 [FXGL Background Thread 3 ] DEBUG Engine               - isEmbedded: false
22:29:01.240 [FXGL Background Thread 3 ] DEBUG Engine               - isEntityPreloadEnabled: true
22:29:01.240 [FXGL Background Thread 3 ] DEBUG Engine               - isExperimentalTiledLargeMap: false
22:29:01.242 [FXGL Background Thread 3 ] DEBUG Engine               - isFileSystemWriteAllowed: true
22:29:01.242 [FXGL Background Thread 3 ] DEBUG Engine               - isFullScreenAllowed: false
22:29:01.242 [FXGL Background Thread 3 ] DEBUG Engine               - isFullScreenFromStart: false
22:29:01.244 [FXGL Background Thread 3 ] DEBUG Engine               - isGameMenuEnabled: true
22:29:01.244 [FXGL Background Thread 3 ] DEBUG Engine               - isIOS: false
22:29:01.245 [FXGL Background Thread 3 ] DEBUG Engine               - isIntroEnabled: false
22:29:01.245 [FXGL Background Thread 3 ] DEBUG Engine               - isLinux: false
22:29:01.245 [FXGL Background Thread 3 ] DEBUG Engine               - isMac: false
22:29:01.245 [FXGL Background Thread 3 ] DEBUG Engine               - isMainMenuEnabled: false
22:29:01.245 [FXGL Background Thread 3 ] DEBUG Engine               - isManualResizeEnabled: false
22:29:01.245 [FXGL Background Thread 3 ] DEBUG Engine               - isMobile: false
22:29:01.246 [FXGL Background Thread 3 ] DEBUG Engine               - isNative: false
22:29:01.248 [FXGL Background Thread 3 ] DEBUG Engine               - isPauseMusicWhenMinimized: true
22:29:01.248 [FXGL Background Thread 3 ] DEBUG Engine               - isPreserveResizeRatio: false
22:29:01.250 [FXGL Background Thread 3 ] DEBUG Engine               - isProfilingEnabled: false
22:29:01.250 [FXGL Background Thread 3 ] DEBUG Engine               - isScaleAffectedOnResize: true
22:29:01.250 [FXGL Background Thread 3 ] DEBUG Engine               - isSingleStep: false
22:29:01.250 [FXGL Background Thread 3 ] DEBUG Engine               - isUserProfileEnabled: false
22:29:01.250 [FXGL Background Thread 3 ] DEBUG Engine               - isWindows: true
22:29:01.250 [FXGL Background Thread 3 ] DEBUG Engine               - language: ObjectProperty [value: ENGLISH]
22:29:01.250 [FXGL Background Thread 3 ] DEBUG Engine               - menuKey: ESCAPE
22:29:01.250 [FXGL Background Thread 3 ] DEBUG Engine               - mouseSensitivity: 0.2
22:29:01.250 [FXGL Background Thread 3 ] DEBUG Engine               - notificationViewClass: class com.almasb.fxgl.notification.view.XboxNotificationView
22:29:01.250 [FXGL Background Thread 3 ] DEBUG Engine               - pixelsPerMeter: 50.0
22:29:01.250 [FXGL Background Thread 3 ] DEBUG Engine               - platform: WINDOWS
22:29:01.250 [FXGL Background Thread 3 ] DEBUG Engine               - prefHeightProperty: ReadOnlyDoubleProperty [value: 600.0]
22:29:01.250 [FXGL Background Thread 3 ] DEBUG Engine               - prefWidthProperty: ReadOnlyDoubleProperty [value: 800.0]
22:29:01.251 [FXGL Background Thread 3 ] DEBUG Engine               - profileDir: profiles/
22:29:01.251 [FXGL Background Thread 3 ] DEBUG Engine               - profileName: StringProperty [value: DEFAULT]
22:29:01.254 [FXGL Background Thread 3 ] DEBUG Engine               - randomSeed: -1
22:29:01.254 [FXGL Background Thread 3 ] DEBUG Engine               - runtimeInfo: RuntimeInfo(platform=WINDOWS, version=21.1, build=26.03.2024 17.33)
22:29:01.254 [FXGL Background Thread 3 ] DEBUG Engine               - saveFileExt: sav
22:29:01.254 [FXGL Background Thread 3 ] DEBUG Engine               - scaledHeightProp$fxgl: DoubleProperty [bound, value: 600.0]
22:29:01.254 [FXGL Background Thread 3 ] DEBUG Engine               - scaledWidthProp$fxgl: DoubleProperty [bound, value: 800.0]
22:29:01.254 [FXGL Background Thread 3 ] DEBUG Engine               - sceneFactory: com.almasb.fxgl.app.scene.SceneFactory@4b56374a
22:29:01.254 [FXGL Background Thread 3 ] DEBUG Engine               - secondsIn24h: 60
22:29:01.254 [FXGL Background Thread 3 ] DEBUG Engine               - soundMenuBack: menu/back.wav
22:29:01.254 [FXGL Background Thread 3 ] DEBUG Engine               - soundMenuPress: menu/press.wav
22:29:01.254 [FXGL Background Thread 3 ] DEBUG Engine               - soundMenuSelect: menu/select.wav
22:29:01.254 [FXGL Background Thread 3 ] DEBUG Engine               - soundNotification: core/notification.wav
22:29:01.254 [FXGL Background Thread 3 ] DEBUG Engine               - stageStyle: DECORATED
22:29:01.254 [FXGL Background Thread 3 ] DEBUG Engine               - supportedLanguages: [ENGLISH, FRENCH, GERMAN, HUNGARIAN, RUSSIAN]
22:29:01.254 [FXGL Background Thread 3 ] DEBUG Engine               - ticksPerSecond: -1
22:29:01.255 [FXGL Background Thread 3 ] DEBUG Engine               - title: Among Us - Java Edition
22:29:01.255 [FXGL Background Thread 3 ] DEBUG Engine               - urlGithub: https://github.com/AlmasB/FXGL
22:29:01.255 [FXGL Background Thread 3 ] DEBUG Engine               - urlLeaderboard: http://fxgl-top.herokuapp.com/
22:29:01.255 [FXGL Background Thread 3 ] DEBUG Engine               - urlPOM: https://raw.githubusercontent.com/AlmasB/FXGL/release/README.md
22:29:01.255 [FXGL Background Thread 3 ] DEBUG Engine               - userAppClass: class main.java.amongUs.AppPrincipal
22:29:01.255 [FXGL Background Thread 3 ] DEBUG Engine               - version: 0.0
22:29:01.255 [FXGL Background Thread 3 ] DEBUG Engine               - versionCheckDays: 7
22:29:01.255 [FXGL Background Thread 3 ] DEBUG Engine               - width: 800
22:29:01.255 [FXGL Background Thread 3 ] DEBUG Engine               - Logging services
22:29:01.255 [FXGL Background Thread 3 ] DEBUG Engine               - class com.almasb.fxgl.app.services.FXGLAssetLoaderService
22:29:01.255 [FXGL Background Thread 3 ] DEBUG Engine               - class com.almasb.fxgl.app.FXGLApplication$GameApplicationService
22:29:01.255 [FXGL Background Thread 3 ] DEBUG Engine               - class com.almasb.fxgl.app.services.FXGLDialogService
22:29:01.255 [FXGL Background Thread 3 ] DEBUG Engine               - class com.almasb.fxgl.app.services.IOTaskExecutorService
22:29:01.255 [FXGL Background Thread 3 ] DEBUG Engine               - class com.almasb.fxgl.io.FileSystemService
22:29:01.255 [FXGL Background Thread 3 ] DEBUG Engine               - class com.almasb.fxgl.localization.LocalizationService
22:29:01.255 [FXGL Background Thread 3 ] DEBUG Engine               - class com.almasb.fxgl.app.services.SystemBundleService
22:29:01.255 [FXGL Background Thread 3 ] DEBUG Engine               - class com.almasb.fxgl.profile.SaveLoadService
22:29:01.255 [FXGL Background Thread 3 ] DEBUG Engine               - class com.almasb.fxgl.ui.FXGLUIFactoryServiceProvider
22:29:01.255 [FXGL Background Thread 3 ] DEBUG Engine               - class com.almasb.fxgl.ui.FXGLDialogFactoryServiceProvider
22:29:01.255 [FXGL Background Thread 3 ] DEBUG Engine               - class com.almasb.fxgl.audio.AudioPlayer
22:29:01.255 [FXGL Background Thread 3 ] DEBUG Engine               - class com.almasb.fxgl.notification.impl.NotificationServiceProvider
22:29:01.255 [FXGL Background Thread 3 ] DEBUG Engine               - class com.almasb.fxgl.achievement.AchievementService
22:29:01.255 [FXGL Background Thread 3 ] DEBUG Engine               - class com.almasb.fxgl.cutscene.CutsceneService
22:29:01.255 [FXGL Background Thread 3 ] DEBUG Engine               - class com.almasb.fxgl.minigames.MiniGameService
22:29:01.255 [FXGL Background Thread 3 ] DEBUG Engine               - class com.almasb.fxgl.net.NetService
22:29:01.255 [FXGL Background Thread 3 ] DEBUG Engine               - class com.almasb.fxgl.app.services.UpdaterService
22:29:01.255 [FXGL Background Thread 3 ] DEBUG Engine               - class com.almasb.fxgl.dev.DevService
22:29:05.075 [JavaFX Application Thread] WARN  FXGLAssetLoaderServi - Asset "/assets/sounds/clickBoton.mp3" was not found!
22:29:05.075 [JavaFX Application Thread] WARN  FXGLAssetLoaderServi - Failed to load SOUND
22:29:06.717 [JavaFX Application Thread] WARN  FXGLAssetLoaderServi - Asset "/assets/sounds/clickBoton.mp3" was not found!
22:29:06.717 [JavaFX Application Thread] WARN  FXGLAssetLoaderServi - Failed to load SOUND
22:29:10.484 [JavaFX Application Thread] DEBUG FXGLApplication      - Exiting FXGL
22:29:10.484 [JavaFX Application Thread] DEBUG LoopRunner           - Stopping loop
22:29:10.484 [JavaFX Application Thread] DEBUG SystemBundleService  - Saving FXGL system data
22:29:10.488 [JavaFX Application Thread] DEBUG FileSystemAccess     - Writing to: C:\Users\josue\OneDrive\Desktop\proyecto java\Among Us\system\fxgl.bundle
22:29:10.490 [JavaFX Application Thread] DEBUG Async                - Shutting down background threads
22:29:10.490 [JavaFX Application Thread] DEBUG PrimaryStageWindow   - Closing main window
22:29:10.520 [JavaFX Application Thread] DEBUG Logger               - Closing Logger
