23:50:29.806 [main                     ] DEBUG Logger               - Configured Logger
23:50:29.822 [main                     ] DEBUG GameApplication      - Logging settings
Title: Among Us UNEG
Version: 0.0
Width: 800
Height: 600
Fullscreen: false
Intro: false
Profiling: false
Single step:false
App Mode: DEVELOPER
Menu Key: ESCAPE
Stage Style: DECORATED
Scene Factory: class com.almasb.fxgl.app.scene.SceneFactory

23:50:30.646 [JavaFX Application Thread] DEBUG FXGLApplication      - Initializing FXGL
23:50:30.651 [JavaFX Application Thread] INFO  Engine               - FXGL-21.1 (26.03.2024 17.33) on WINDOWS (J:25.0.2 FX:21.0.1)
23:50:30.652 [JavaFX Application Thread] DEBUG Engine               - JRE Vendor Name: Oracle Corporation
23:50:30.652 [JavaFX Application Thread] DEBUG Engine               - Running on OS: Windows 11 version 10.0
23:50:30.652 [JavaFX Application Thread] DEBUG Engine               - Architecture: amd64
23:50:30.652 [JavaFX Application Thread] INFO  Engine               - Source code and latest versions at: https://github.com/AlmasB/FXGL
23:50:30.652 [JavaFX Application Thread] INFO  Engine               -       Ask questions and discuss at: https://github.com/AlmasB/FXGL/discussions
23:50:30.652 [JavaFX Application Thread] INFO  Engine               -              Join the FXGL chat at: https://gitter.im/AlmasB/FXGL
23:50:30.875 [JavaFX Application Thread] DEBUG PrimaryStageWindow   - Creating a JavaFX scene
23:50:30.987 [JavaFX Application Thread] DEBUG PrimaryStageWindow   - Target settings size: 800.0 x 600.0
23:50:30.988 [JavaFX Application Thread] DEBUG PrimaryStageWindow   - Scaled scene size:    800.0 x 600.0
23:50:30.989 [JavaFX Application Thread] DEBUG PrimaryStageWindow   - Scaled ratio: (1.0, 1.0)
23:50:30.992 [JavaFX Application Thread] DEBUG PrimaryStageWindow   - Set initial scene to FXGLStartupScene
23:50:31.000 [JavaFX Application Thread] DEBUG PrimaryStageWindow   - Opening main window
23:50:31.177 [JavaFX Application Thread] DEBUG PrimaryStageWindow   - Window border size: (16.0, 39.0)
23:50:31.178 [JavaFX Application Thread] DEBUG PrimaryStageWindow   - Scaled size: 800.0 x 600.0
23:50:31.178 [JavaFX Application Thread] DEBUG PrimaryStageWindow   - Scaled ratio: (1.0, 1.0)
23:50:31.178 [JavaFX Application Thread] DEBUG PrimaryStageWindow   - Scene size: 800.0 x 600.0
23:50:31.178 [JavaFX Application Thread] DEBUG PrimaryStageWindow   - Stage size: 816.0 x 639.0
23:50:31.332 [FXGL Background Thread 1 ] DEBUG Engine               - Initializing environment variables
23:50:31.431 [FXGL Background Thread 1 ] DEBUG FXGLAssetLoaderServi - User app class for loading assets: class main.java.amongUs.AppPrincipal
23:50:31.432 [FXGL Background Thread 1 ] DEBUG GameApplicationServi - Applying CSS: fxgl_dark.css
23:50:31.433 [FXGL Background Thread 1 ] DEBUG FXGLAssetLoaderServi - Loading from file system: jar:file:/C:/Users/josue/OneDrive/Desktop/proyecto%20java/Among%20Us/lib/fxgl-21.1-uber.jar!/fxglassets/ui/css/fxgl_dark.css
23:50:31.553 [FXGL Background Thread 1 ] DEBUG GameApplicationServi - Initializing application scenes
23:50:31.717 [FXGL Background Thread 1 ] DEBUG GameWorld            - Game world initialized
23:50:31.801 [FXGL Background Thread 1 ] DEBUG PhysicsWorld         - Physics world initialized: appHeight=600, physics.ppm=50,0
23:50:31.802 [FXGL Background Thread 1 ] DEBUG PhysicsWorld         - Using strategy: BRUTE_FORCE
23:50:31.807 [FXGL Background Thread 1 ] DEBUG GameScene            - Game scene initialized: 800x600
23:50:31.831 [FXGL Background Thread 1 ] DEBUG FXGL.DefaultMenu     - createMenuBodyGameMenu()
23:50:31.858 [FXGL Background Thread 1 ] DEBUG FXGL.DefaultMenu     - createOptionsMenu()
23:50:31.880 [FXGL Background Thread 1 ] DEBUG FXGLAssetLoaderServi - Loading from file system: jar:file:/C:/Users/josue/OneDrive/Desktop/proyecto%20java/Among%20Us/lib/fxgl-21.1-uber.jar!/fxglassets/textures/particles/smoke.png
23:50:32.051 [FXGL Background Thread 1 ] DEBUG FXGLAssetLoaderServi - Loading from file system: jar:file:/C:/Users/josue/OneDrive/Desktop/proyecto%20java/Among%20Us/lib/fxgl-21.1-uber.jar!/fxglassets/textures/particles/trace_horizontal.png
23:50:32.106 [FXGL Background Thread 1 ] DEBUG GameApplicationServi - Application scenes initialized
23:50:32.137 [FXGL Background Thread 1 ] DEBUG SystemBundleService  - Loading FXGL system data
23:50:32.144 [FXGL Background Thread 1 ] DEBUG FileSystemAccess     - Reading from: C:\Users\josue\OneDrive\Desktop\proyecto java\Among Us\system\fxgl.bundle
23:50:32.155 [FXGL Background Thread 1 ] DEBUG SystemBundleService  - Bundle FXGL: {}
23:50:32.155 [FXGL Background Thread 1 ] DEBUG UpdaterService       - Checking for updates
23:50:32.163 [FXGL Background Thread 1 ] DEBUG FXGLApplication      - Loading default localization
23:50:32.163 [FXGL Background Thread 4 ] DEBUG FXGLApplication      - Loading fonts
23:50:32.167 [FXGL Background Thread 4 ] DEBUG FXGLAssetLoaderServi - Loading from file system: jar:file:/C:/Users/josue/OneDrive/Desktop/proyecto%20java/Among%20Us/lib/fxgl-21.1-uber.jar!/fxglassets/ui/fonts/VarelaRound-Regular.ttf
23:50:32.165 [FXGL Background Thread 1 ] DEBUG FXGLAssetLoaderServi - Loading from file system: jar:file:/C:/Users/josue/OneDrive/Desktop/proyecto%20java/Among%20Us/lib/fxgl-21.1-uber.jar!/fxglassets/languages/english.lang
23:50:32.241 [FXGL Background Thread 1 ] INFO  FXGLApplication      - FXGL initialization took: 0,909 sec
23:50:32.260 [JavaFX Application Thread] DEBUG Input                - Registered new binding: Mover Arriba - W
23:50:32.261 [JavaFX Application Thread] DEBUG Input                - Registered new binding: Mover Abajo - S
23:50:32.262 [JavaFX Application Thread] DEBUG Input                - Registered new binding: Mover Izquierda - A
23:50:32.266 [JavaFX Application Thread] DEBUG Input                - Registered new binding: Mover Derecha - D
23:50:32.312 [JavaFX Application Thread] DEBUG FXGLAssetLoaderServi - Loading from file system: file:/C:/Users/josue/OneDrive/Desktop/proyecto%20java/Among%20Us/out/production/Among%20Us/assets/textures/icono.png
23:50:32.396 [JavaFX Application Thread] DEBUG FXGLAssetLoaderServi - Loading from file system: jar:file:/C:/Users/josue/OneDrive/Desktop/proyecto%20java/Among%20Us/lib/fxgl-21.1-uber.jar!/fxglassets/textures/fxgl_default_cursor.png
23:50:32.407 [JavaFX Application Thread] DEBUG Input                - Registered new binding: Screenshot - CTRL+8
23:50:32.409 [JavaFX Application Thread] DEBUG Input                - Registered new binding: System info dump - CTRL+9
23:50:32.411 [JavaFX Application Thread] DEBUG Input                - Registered new binding: Restart - CTRL+R
23:50:32.411 [JavaFX Application Thread] DEBUG Input                - Registered new binding: Toggle Debug Camera - CTRL+7
23:50:32.418 [JavaFX Application Thread] DEBUG LoopRunner           - Starting loop
23:50:32.418 [JavaFX Application Thread] DEBUG LoopRunner           - Initializing JavaFX AnimationTimerLoop
23:50:32.421 [JavaFX Application Thread] DEBUG GameApplicationServi - Starting new game
23:50:32.422 [JavaFX Application Thread] DEBUG Input                - Clearing active input actions
23:50:32.470 [JavaFX Application Thread] DEBUG GameApplicationServi - Removing overlay from FXGLStartupScene and adding to FXGLLoadingScene
23:50:32.475 [JavaFX Application Thread] DEBUG PrimaryStageWindow   - FXGLStartupScene -> FXGLLoadingScene
23:50:32.476 [JavaFX Application Thread] DEBUG GameApplicationServi - Clearing previous game
23:50:32.476 [JavaFX Application Thread] DEBUG GameScene            - Clearing game scene
23:50:32.478 [JavaFX Application Thread] DEBUG GameWorld            - Clearing game world
23:50:32.479 [JavaFX Application Thread] DEBUG PhysicsWorld         - Clearing physics world
23:50:32.498 [FXGL Background Thread 1 ] DEBUG FXGLApplication      - Initializing game
23:50:32.512 [FXGL Background Thread 1 ] DEBUG FXGLAssetLoaderServi - Loading from file system: file:/C:/Users/josue/OneDrive/Desktop/proyecto%20java/Among%20Us/out/production/Among%20Us/assets/music/musicaMenu.mp3
23:50:32.852 [FXGL Background Thread 1 ] DEBUG AudioPlayer          - Playing music com.almasb.fxgl.audio.Music@19bb22ad
23:50:33.668 [FXGL Background Thread 1 ] INFO  FXGLApplication      - Game initialization took: 1,169 sec
23:50:33.676 [JavaFX Application Thread] DEBUG Input                - Clearing active input actions
23:50:33.695 [JavaFX Application Thread] DEBUG GameApplicationServi - Removing overlay from FXGLLoadingScene and adding to GameScene
23:50:33.696 [JavaFX Application Thread] DEBUG PrimaryStageWindow   - FXGLLoadingScene -> GameScene
23:50:33.785 [FXGL Background Thread 4 ] DEBUG FXGLAssetLoaderServi - Loading from file system: jar:file:/C:/Users/josue/OneDrive/Desktop/proyecto%20java/Among%20Us/lib/fxgl-21.1-uber.jar!/fxglassets/ui/fonts/Abel-Regular.ttf
23:50:33.803 [FXGL Background Thread 4 ] DEBUG FXGLAssetLoaderServi - Loading from file system: jar:file:/C:/Users/josue/OneDrive/Desktop/proyecto%20java/Among%20Us/lib/fxgl-21.1-uber.jar!/fxglassets/ui/fonts/TerminalLandMono-Regular.otf
23:50:33.818 [FXGL Background Thread 4 ] DEBUG FXGLAssetLoaderServi - Loading from file system: jar:file:/C:/Users/josue/OneDrive/Desktop/proyecto%20java/Among%20Us/lib/fxgl-21.1-uber.jar!/fxglassets/ui/fonts/Courier-Prime.ttf
23:50:33.886 [JavaFX Application Thread] DEBUG FXGLApplication      - Exiting FXGL
23:50:33.886 [JavaFX Application Thread] DEBUG LoopRunner           - Stopping loop
23:50:33.886 [JavaFX Application Thread] DEBUG SystemBundleService  - Saving FXGL system data
23:50:33.890 [JavaFX Application Thread] DEBUG FileSystemAccess     - Writing to: C:\Users\josue\OneDrive\Desktop\proyecto java\Among Us\system\fxgl.bundle
23:50:33.894 [JavaFX Application Thread] DEBUG Async                - Shutting down background threads
23:50:33.894 [JavaFX Application Thread] DEBUG PrimaryStageWindow   - Closing main window
23:50:33.958 [JavaFX Application Thread] DEBUG Logger               - Closing Logger
