19:30:05.008 [main                     ] DEBUG Logger               - Configured Logger
19:30:05.030 [main                     ] DEBUG GameApplication      - Logging settings
Title: Among Us UNEG
Version: 0.0
Width: 800
Height: 600
Fullscreen: false
Intro: false
Profiling: false
Single step:false
App Mode: DEVELOPER
Menu Key: ESCAPE
Stage Style: DECORATED
Scene Factory: class com.almasb.fxgl.app.scene.SceneFactory

19:30:06.100 [JavaFX Application Thread] DEBUG FXGLApplication      - Initializing FXGL
19:30:06.111 [JavaFX Application Thread] INFO  Engine               - FXGL-21.1 (26.03.2024 17.33) on WINDOWS (J:25.0.2 FX:21.0.1)
19:30:06.111 [JavaFX Application Thread] DEBUG Engine               - JRE Vendor Name: Oracle Corporation
19:30:06.112 [JavaFX Application Thread] DEBUG Engine               - Running on OS: Windows 11 version 10.0
19:30:06.112 [JavaFX Application Thread] DEBUG Engine               - Architecture: amd64
19:30:06.112 [JavaFX Application Thread] INFO  Engine               - Source code and latest versions at: https://github.com/AlmasB/FXGL
19:30:06.113 [JavaFX Application Thread] INFO  Engine               -       Ask questions and discuss at: https://github.com/AlmasB/FXGL/discussions
19:30:06.114 [JavaFX Application Thread] INFO  Engine               -              Join the FXGL chat at: https://gitter.im/AlmasB/FXGL
19:30:06.598 [JavaFX Application Thread] DEBUG PrimaryStageWindow   - Creating a JavaFX scene
19:30:06.739 [JavaFX Application Thread] DEBUG PrimaryStageWindow   - Target settings size: 800.0 x 600.0
19:30:06.740 [JavaFX Application Thread] DEBUG PrimaryStageWindow   - Scaled scene size:    800.0 x 600.0
19:30:06.740 [JavaFX Application Thread] DEBUG PrimaryStageWindow   - Scaled ratio: (1.0, 1.0)
19:30:06.742 [JavaFX Application Thread] DEBUG PrimaryStageWindow   - Set initial scene to FXGLStartupScene
19:30:06.752 [JavaFX Application Thread] DEBUG PrimaryStageWindow   - Opening main window
19:30:06.998 [JavaFX Application Thread] DEBUG PrimaryStageWindow   - Window border size: (16.0, 39.0)
19:30:07.003 [JavaFX Application Thread] DEBUG PrimaryStageWindow   - Scaled size: 800.0 x 600.0
19:30:07.004 [JavaFX Application Thread] DEBUG PrimaryStageWindow   - Scaled ratio: (1.0, 1.0)
19:30:07.004 [JavaFX Application Thread] DEBUG PrimaryStageWindow   - Scene size: 800.0 x 600.0
19:30:07.004 [JavaFX Application Thread] DEBUG PrimaryStageWindow   - Stage size: 816.0 x 639.0
19:30:07.036 [FXGL Background Thread 1 ] DEBUG Engine               - Initializing environment variables
19:30:07.246 [FXGL Background Thread 1 ] DEBUG FXGLAssetLoaderServi - User app class for loading assets: class main.java.amongUs.AppPrincipal
19:30:07.246 [FXGL Background Thread 1 ] DEBUG GameApplicationServi - Applying CSS: fxgl_dark.css
19:30:07.247 [FXGL Background Thread 1 ] DEBUG FXGLAssetLoaderServi - Loading from file system: jar:file:/C:/Users/josue/OneDrive/Desktop/proyecto%20java/Among%20Us/lib/fxgl-21.1-uber.jar!/fxglassets/ui/css/fxgl_dark.css
19:30:07.403 [FXGL Background Thread 1 ] DEBUG GameApplicationServi - Initializing application scenes
19:30:07.647 [FXGL Background Thread 1 ] DEBUG GameWorld            - Game world initialized
19:30:07.764 [FXGL Background Thread 1 ] DEBUG PhysicsWorld         - Physics world initialized: appHeight=600, physics.ppm=50,0
19:30:07.764 [FXGL Background Thread 1 ] DEBUG PhysicsWorld         - Using strategy: BRUTE_FORCE
19:30:07.773 [FXGL Background Thread 1 ] DEBUG GameScene            - Game scene initialized: 800x600
19:30:07.814 [FXGL Background Thread 1 ] DEBUG FXGL.DefaultMenu     - createMenuBodyGameMenu()
19:30:07.860 [FXGL Background Thread 1 ] DEBUG FXGL.DefaultMenu     - createOptionsMenu()
19:30:07.911 [FXGL Background Thread 1 ] DEBUG FXGLAssetLoaderServi - Loading from file system: jar:file:/C:/Users/josue/OneDrive/Desktop/proyecto%20java/Among%20Us/lib/fxgl-21.1-uber.jar!/fxglassets/textures/particles/smoke.png
19:30:08.265 [FXGL Background Thread 1 ] DEBUG FXGLAssetLoaderServi - Loading from file system: jar:file:/C:/Users/josue/OneDrive/Desktop/proyecto%20java/Among%20Us/lib/fxgl-21.1-uber.jar!/fxglassets/textures/particles/trace_horizontal.png
19:30:08.348 [FXGL Background Thread 1 ] DEBUG GameApplicationServi - Application scenes initialized
19:30:08.387 [FXGL Background Thread 1 ] DEBUG SystemBundleService  - Loading FXGL system data
19:30:08.398 [FXGL Background Thread 1 ] DEBUG FileSystemAccess     - Reading from: C:\Users\josue\OneDrive\Desktop\proyecto java\Among Us\system\fxgl.bundle
19:30:08.415 [FXGL Background Thread 1 ] DEBUG SystemBundleService  - Bundle FXGL: {}
19:30:08.415 [FXGL Background Thread 1 ] DEBUG UpdaterService       - Checking for updates
19:30:08.430 [FXGL Background Thread 1 ] DEBUG FXGLApplication      - Loading default localization
19:30:08.431 [FXGL Background Thread 1 ] DEBUG FXGLAssetLoaderServi - Loading from file system: jar:file:/C:/Users/josue/OneDrive/Desktop/proyecto%20java/Among%20Us/lib/fxgl-21.1-uber.jar!/fxglassets/languages/english.lang
19:30:08.472 [FXGL Background Thread 1 ] INFO  FXGLApplication      - FXGL initialization took: 1,436 sec
19:30:08.488 [JavaFX Application Thread] DEBUG Input                - Registered new binding: action0 - W
19:30:08.494 [JavaFX Application Thread] DEBUG Input                - Registered new binding: action1 - S
19:30:08.494 [JavaFX Application Thread] DEBUG Input                - Registered new binding: action2 - A
19:30:08.498 [JavaFX Application Thread] DEBUG Input                - Registered new binding: action3 - D
19:30:08.500 [JavaFX Application Thread] DEBUG FXGLAssetLoaderServi - Loading from file system: file:/C:/Users/josue/OneDrive/Desktop/proyecto%20java/Among%20Us/out/production/Among%20Us/assets/textures/icono.png
19:30:08.553 [FXGL Background Thread 4 ] DEBUG FXGLApplication      - Loading fonts
19:30:08.564 [FXGL Background Thread 4 ] DEBUG FXGLAssetLoaderServi - Loading from file system: jar:file:/C:/Users/josue/OneDrive/Desktop/proyecto%20java/Among%20Us/lib/fxgl-21.1-uber.jar!/fxglassets/ui/fonts/VarelaRound-Regular.ttf
19:30:08.574 [JavaFX Application Thread] DEBUG FXGLAssetLoaderServi - Loading from file system: jar:file:/C:/Users/josue/OneDrive/Desktop/proyecto%20java/Among%20Us/lib/fxgl-21.1-uber.jar!/fxglassets/textures/fxgl_default_cursor.png
19:30:08.606 [JavaFX Application Thread] DEBUG Input                - Registered new binding: Screenshot - CTRL+8
19:30:08.610 [JavaFX Application Thread] DEBUG Input                - Registered new binding: System info dump - CTRL+9
19:30:08.610 [JavaFX Application Thread] DEBUG Input                - Registered new binding: Restart - CTRL+R
19:30:08.611 [JavaFX Application Thread] DEBUG Input                - Registered new binding: Toggle Debug Camera - CTRL+7
19:30:08.628 [JavaFX Application Thread] DEBUG LoopRunner           - Starting loop
19:30:08.628 [JavaFX Application Thread] DEBUG LoopRunner           - Initializing JavaFX AnimationTimerLoop
19:30:08.631 [JavaFX Application Thread] DEBUG GameApplicationServi - Starting new game
19:30:08.633 [JavaFX Application Thread] DEBUG Input                - Clearing active input actions
19:30:08.729 [JavaFX Application Thread] DEBUG GameApplicationServi - Removing overlay from FXGLStartupScene and adding to FXGLLoadingScene
19:30:08.737 [JavaFX Application Thread] DEBUG PrimaryStageWindow   - FXGLStartupScene -> FXGLLoadingScene
19:30:08.739 [JavaFX Application Thread] DEBUG GameApplicationServi - Clearing previous game
19:30:08.739 [JavaFX Application Thread] DEBUG GameScene            - Clearing game scene
19:30:08.742 [JavaFX Application Thread] DEBUG GameWorld            - Clearing game world
19:30:08.744 [JavaFX Application Thread] DEBUG PhysicsWorld         - Clearing physics world
19:30:08.752 [FXGL Background Thread 1 ] DEBUG FXGLApplication      - Initializing game
19:30:08.767 [FXGL Background Thread 1 ] DEBUG FXGLAssetLoaderServi - Loading from file system: file:/C:/Users/josue/OneDrive/Desktop/proyecto%20java/Among%20Us/out/production/Among%20Us/assets/music/musicaMenu.mp3
19:30:09.464 [FXGL Background Thread 1 ] DEBUG AudioPlayer          - Playing music com.almasb.fxgl.audio.Music@3f52c76c
19:30:10.729 [FXGL Background Thread 1 ] INFO  FXGLApplication      - Game initialization took: 1,977 sec
19:30:10.740 [JavaFX Application Thread] DEBUG Input                - Clearing active input actions
19:30:10.773 [JavaFX Application Thread] DEBUG GameApplicationServi - Removing overlay from FXGLLoadingScene and adding to GameScene
19:30:10.773 [JavaFX Application Thread] DEBUG PrimaryStageWindow   - FXGLLoadingScene -> GameScene
19:30:11.322 [FXGL Background Thread 4 ] DEBUG FXGLAssetLoaderServi - Loading from file system: jar:file:/C:/Users/josue/OneDrive/Desktop/proyecto%20java/Among%20Us/lib/fxgl-21.1-uber.jar!/fxglassets/ui/fonts/Abel-Regular.ttf
19:30:11.341 [FXGL Background Thread 4 ] DEBUG FXGLAssetLoaderServi - Loading from file system: jar:file:/C:/Users/josue/OneDrive/Desktop/proyecto%20java/Among%20Us/lib/fxgl-21.1-uber.jar!/fxglassets/ui/fonts/TerminalLandMono-Regular.otf
19:30:11.361 [FXGL Background Thread 4 ] DEBUG FXGLAssetLoaderServi - Loading from file system: jar:file:/C:/Users/josue/OneDrive/Desktop/proyecto%20java/Among%20Us/lib/fxgl-21.1-uber.jar!/fxglassets/ui/fonts/Courier-Prime.ttf
19:30:11.379 [JavaFX Application Thread] DEBUG FXGLApplication      - Registering font factories with UI factory
19:30:11.421 [FXGL Background Thread 3 ] DEBUG Engine               - Logging environment variables
19:30:11.426 [FXGL Background Thread 3 ] DEBUG Engine               - achievements: []
19:30:11.430 [FXGL Background Thread 3 ] DEBUG Engine               - actualHeight: 600.0
19:30:11.431 [FXGL Background Thread 3 ] DEBUG Engine               - actualHeightProperty: ReadOnlyDoubleProperty [value: 600.0]
19:30:11.432 [FXGL Background Thread 3 ] DEBUG Engine               - actualWidth: 800.0
19:30:11.432 [FXGL Background Thread 3 ] DEBUG Engine               - actualWidthProperty: ReadOnlyDoubleProperty [value: 800.0]
19:30:11.433 [FXGL Background Thread 3 ] DEBUG Engine               - appIcon: icono.png
19:30:11.433 [FXGL Background Thread 3 ] DEBUG Engine               - applicationMode: DEVELOPER
19:30:11.433 [FXGL Background Thread 3 ] DEBUG Engine               - cSSList: [fxgl_dark.css]
19:30:11.436 [FXGL Background Thread 3 ] DEBUG Engine               - collisionDetectionStrategy: BRUTE_FORCE
19:30:11.436 [FXGL Background Thread 3 ] DEBUG Engine               - configClass: Optional.empty
19:30:11.439 [FXGL Background Thread 3 ] DEBUG Engine               - credits: []
19:30:11.440 [FXGL Background Thread 3 ] DEBUG Engine               - defaultCursor: CursorInfo(imageName=fxgl_default_cursor.png, hotspotX=7.0, hotspotY=6.0)
19:30:11.440 [FXGL Background Thread 3 ] DEBUG Engine               - devBBoxColorProperty: ObjectProperty [value: 0xff0000ff]
19:30:11.440 [FXGL Background Thread 3 ] DEBUG Engine               - devEnableDebugCameraProperty: BooleanProperty [value: false]
19:30:11.440 [FXGL Background Thread 3 ] DEBUG Engine               - devSensorColorProperty: ObjectProperty [value: 0xffff00ff]
19:30:11.440 [FXGL Background Thread 3 ] DEBUG Engine               - devShowBBoxProperty: BooleanProperty [value: false]
19:30:11.441 [FXGL Background Thread 3 ] DEBUG Engine               - devShowPositionProperty: BooleanProperty [value: false]
19:30:11.446 [FXGL Background Thread 3 ] DEBUG Engine               - enabledMenuItems: []
19:30:11.446 [FXGL Background Thread 3 ] DEBUG Engine               - engineServices: [class com.almasb.fxgl.app.services.FXGLAssetLoaderService, class com.almasb.fxgl.app.FXGLApplication$GameApplicationService, class com.almasb.fxgl.app.services.FXGLDialogService, class com.almasb.fxgl.app.services.IOTaskExecutorService, class com.almasb.fxgl.io.FileSystemService, class com.almasb.fxgl.localization.LocalizationService, class com.almasb.fxgl.app.services.SystemBundleService, class com.almasb.fxgl.profile.SaveLoadService, class com.almasb.fxgl.ui.FXGLUIFactoryServiceProvider, class com.almasb.fxgl.ui.FXGLDialogFactoryServiceProvider, class com.almasb.fxgl.audio.AudioPlayer, class com.almasb.fxgl.notification.impl.NotificationServiceProvider, class com.almasb.fxgl.achievement.AchievementService, class com.almasb.fxgl.cutscene.CutsceneService, class com.almasb.fxgl.minigames.MiniGameService, class com.almasb.fxgl.net.NetService, class com.almasb.fxgl.app.services.UpdaterService, class com.almasb.fxgl.dev.DevService]
19:30:11.447 [FXGL Background Thread 3 ] DEBUG Engine               - fontGame: Abel-Regular.ttf
19:30:11.447 [FXGL Background Thread 3 ] DEBUG Engine               - fontMono: TerminalLandMono-Regular.otf
19:30:11.447 [FXGL Background Thread 3 ] DEBUG Engine               - fontSizeScaleUI: 1.0
19:30:11.447 [FXGL Background Thread 3 ] DEBUG Engine               - fontText: Courier-Prime.ttf
19:30:11.447 [FXGL Background Thread 3 ] DEBUG Engine               - fontUI: VarelaRound-Regular.ttf
19:30:11.447 [FXGL Background Thread 3 ] DEBUG Engine               - fullScreen: BooleanProperty [value: false]
19:30:11.447 [FXGL Background Thread 3 ] DEBUG Engine               - gameDifficulty: MEDIUM
19:30:11.447 [FXGL Background Thread 3 ] DEBUG Engine               - gameDifficultyProperty: ObjectProperty [value: MEDIUM]
19:30:11.447 [FXGL Background Thread 3 ] DEBUG Engine               - globalMusicVolume: 0.5
19:30:11.447 [FXGL Background Thread 3 ] DEBUG Engine               - globalMusicVolumeProperty: DoubleProperty [value: 0.4]
19:30:11.448 [FXGL Background Thread 3 ] DEBUG Engine               - globalSoundVolume: 0.5
19:30:11.448 [FXGL Background Thread 3 ] DEBUG Engine               - globalSoundVolumeProperty: DoubleProperty [value: 0.5]
19:30:11.448 [FXGL Background Thread 3 ] DEBUG Engine               - height: 600
19:30:11.448 [FXGL Background Thread 3 ] DEBUG Engine               - is3D: false
19:30:11.448 [FXGL Background Thread 3 ] DEBUG Engine               - isAndroid: false
19:30:11.448 [FXGL Background Thread 3 ] DEBUG Engine               - isBrowser: false
19:30:11.448 [FXGL Background Thread 3 ] DEBUG Engine               - isClickFeedbackEnabled: false
19:30:11.448 [FXGL Background Thread 3 ] DEBUG Engine               - isCloseConfirmation: false
19:30:11.448 [FXGL Background Thread 3 ] DEBUG Engine               - isDesktop: true
19:30:11.448 [FXGL Background Thread 3 ] DEBUG Engine               - isDeveloperMenuEnabled: false
19:30:11.449 [FXGL Background Thread 3 ] DEBUG Engine               - isEmbedded: false
19:30:11.449 [FXGL Background Thread 3 ] DEBUG Engine               - isEntityPreloadEnabled: true
19:30:11.455 [FXGL Background Thread 3 ] DEBUG Engine               - isExperimentalTiledLargeMap: false
19:30:11.461 [FXGL Background Thread 3 ] DEBUG Engine               - isFileSystemWriteAllowed: true
19:30:11.461 [FXGL Background Thread 3 ] DEBUG Engine               - isFullScreenAllowed: false
19:30:11.464 [FXGL Background Thread 3 ] DEBUG Engine               - isFullScreenFromStart: false
19:30:11.464 [FXGL Background Thread 3 ] DEBUG Engine               - isGameMenuEnabled: true
19:30:11.464 [FXGL Background Thread 3 ] DEBUG Engine               - isIOS: false
19:30:11.464 [FXGL Background Thread 3 ] DEBUG Engine               - isIntroEnabled: false
19:30:11.464 [FXGL Background Thread 3 ] DEBUG Engine               - isLinux: false
19:30:11.465 [FXGL Background Thread 3 ] DEBUG Engine               - isMac: false
19:30:11.469 [FXGL Background Thread 3 ] DEBUG Engine               - isMainMenuEnabled: false
19:30:11.469 [FXGL Background Thread 3 ] DEBUG Engine               - isManualResizeEnabled: false
19:30:11.470 [FXGL Background Thread 3 ] DEBUG Engine               - isMobile: false
19:30:11.470 [FXGL Background Thread 3 ] DEBUG Engine               - isNative: false
19:30:11.470 [FXGL Background Thread 3 ] DEBUG Engine               - isPauseMusicWhenMinimized: true
19:30:11.470 [FXGL Background Thread 3 ] DEBUG Engine               - isPreserveResizeRatio: false
19:30:11.470 [FXGL Background Thread 3 ] DEBUG Engine               - isProfilingEnabled: false
19:30:11.470 [FXGL Background Thread 3 ] DEBUG Engine               - isScaleAffectedOnResize: true
19:30:11.470 [FXGL Background Thread 3 ] DEBUG Engine               - isSingleStep: false
19:30:11.470 [FXGL Background Thread 3 ] DEBUG Engine               - isUserProfileEnabled: false
19:30:11.470 [FXGL Background Thread 3 ] DEBUG Engine               - isWindows: true
19:30:11.470 [FXGL Background Thread 3 ] DEBUG Engine               - language: ObjectProperty [value: ENGLISH]
19:30:11.470 [FXGL Background Thread 3 ] DEBUG Engine               - menuKey: ESCAPE
19:30:11.470 [FXGL Background Thread 3 ] DEBUG Engine               - mouseSensitivity: 0.2
19:30:11.470 [FXGL Background Thread 3 ] DEBUG Engine               - notificationViewClass: class com.almasb.fxgl.notification.view.XboxNotificationView
19:30:11.470 [FXGL Background Thread 3 ] DEBUG Engine               - pixelsPerMeter: 50.0
19:30:11.470 [FXGL Background Thread 3 ] DEBUG Engine               - platform: WINDOWS
19:30:11.470 [FXGL Background Thread 3 ] DEBUG Engine               - prefHeightProperty: ReadOnlyDoubleProperty [value: 600.0]
19:30:11.470 [FXGL Background Thread 3 ] DEBUG Engine               - prefWidthProperty: ReadOnlyDoubleProperty [value: 800.0]
19:30:11.470 [FXGL Background Thread 3 ] DEBUG Engine               - profileDir: profiles/
19:30:11.470 [FXGL Background Thread 3 ] DEBUG Engine               - profileName: StringProperty [value: DEFAULT]
19:30:11.470 [FXGL Background Thread 3 ] DEBUG Engine               - randomSeed: -1
19:30:11.471 [FXGL Background Thread 3 ] DEBUG Engine               - runtimeInfo: RuntimeInfo(platform=WINDOWS, version=21.1, build=26.03.2024 17.33)
19:30:11.471 [FXGL Background Thread 3 ] DEBUG Engine               - saveFileExt: sav
19:30:11.471 [FXGL Background Thread 3 ] DEBUG Engine               - scaledHeightProp$fxgl: DoubleProperty [bound, value: 600.0]
19:30:11.471 [FXGL Background Thread 3 ] DEBUG Engine               - scaledWidthProp$fxgl: DoubleProperty [bound, value: 800.0]
19:30:11.471 [FXGL Background Thread 3 ] DEBUG Engine               - sceneFactory: com.almasb.fxgl.app.scene.SceneFactory@501aadc
19:30:11.471 [FXGL Background Thread 3 ] DEBUG Engine               - secondsIn24h: 60
19:30:11.471 [FXGL Background Thread 3 ] DEBUG Engine               - soundMenuBack: menu/back.wav
19:30:11.471 [FXGL Background Thread 3 ] DEBUG Engine               - soundMenuPress: menu/press.wav
19:30:11.471 [FXGL Background Thread 3 ] DEBUG Engine               - soundMenuSelect: menu/select.wav
19:30:11.471 [FXGL Background Thread 3 ] DEBUG Engine               - soundNotification: core/notification.wav
19:30:11.471 [FXGL Background Thread 3 ] DEBUG Engine               - stageStyle: DECORATED
19:30:11.471 [FXGL Background Thread 3 ] DEBUG Engine               - supportedLanguages: [ENGLISH, FRENCH, GERMAN, HUNGARIAN, RUSSIAN]
19:30:11.472 [FXGL Background Thread 3 ] DEBUG Engine               - ticksPerSecond: -1
19:30:11.472 [FXGL Background Thread 3 ] DEBUG Engine               - title: Among Us UNEG
19:30:11.472 [FXGL Background Thread 3 ] DEBUG Engine               - urlGithub: https://github.com/AlmasB/FXGL
19:30:11.472 [FXGL Background Thread 3 ] DEBUG Engine               - urlLeaderboard: http://fxgl-top.herokuapp.com/
19:30:11.472 [FXGL Background Thread 3 ] DEBUG Engine               - urlPOM: https://raw.githubusercontent.com/AlmasB/FXGL/release/README.md
19:30:11.472 [FXGL Background Thread 3 ] DEBUG Engine               - userAppClass: class main.java.amongUs.AppPrincipal
19:30:11.472 [FXGL Background Thread 3 ] DEBUG Engine               - version: 0.0
19:30:11.472 [FXGL Background Thread 3 ] DEBUG Engine               - versionCheckDays: 7
19:30:11.472 [FXGL Background Thread 3 ] DEBUG Engine               - width: 800
19:30:11.472 [FXGL Background Thread 3 ] DEBUG Engine               - Logging services
19:30:11.472 [FXGL Background Thread 3 ] DEBUG Engine               - class com.almasb.fxgl.app.services.FXGLAssetLoaderService
19:30:11.473 [FXGL Background Thread 3 ] DEBUG Engine               - class com.almasb.fxgl.app.FXGLApplication$GameApplicationService
19:30:11.473 [FXGL Background Thread 3 ] DEBUG Engine               - class com.almasb.fxgl.app.services.FXGLDialogService
19:30:11.473 [FXGL Background Thread 3 ] DEBUG Engine               - class com.almasb.fxgl.app.services.IOTaskExecutorService
19:30:11.473 [FXGL Background Thread 3 ] DEBUG Engine               - class com.almasb.fxgl.io.FileSystemService
19:30:11.473 [FXGL Background Thread 3 ] DEBUG Engine               - class com.almasb.fxgl.localization.LocalizationService
19:30:11.473 [FXGL Background Thread 3 ] DEBUG Engine               - class com.almasb.fxgl.app.services.SystemBundleService
19:30:11.473 [FXGL Background Thread 3 ] DEBUG Engine               - class com.almasb.fxgl.profile.SaveLoadService
19:30:11.473 [FXGL Background Thread 3 ] DEBUG Engine               - class com.almasb.fxgl.ui.FXGLUIFactoryServiceProvider
19:30:11.473 [FXGL Background Thread 3 ] DEBUG Engine               - class com.almasb.fxgl.ui.FXGLDialogFactoryServiceProvider
19:30:11.473 [FXGL Background Thread 3 ] DEBUG Engine               - class com.almasb.fxgl.audio.AudioPlayer
19:30:11.473 [FXGL Background Thread 3 ] DEBUG Engine               - class com.almasb.fxgl.notification.impl.NotificationServiceProvider
19:30:11.473 [FXGL Background Thread 3 ] DEBUG Engine               - class com.almasb.fxgl.achievement.AchievementService
19:30:11.473 [FXGL Background Thread 3 ] DEBUG Engine               - class com.almasb.fxgl.cutscene.CutsceneService
19:30:11.473 [FXGL Background Thread 3 ] DEBUG Engine               - class com.almasb.fxgl.minigames.MiniGameService
19:30:11.473 [FXGL Background Thread 3 ] DEBUG Engine               - class com.almasb.fxgl.net.NetService
19:30:11.473 [FXGL Background Thread 3 ] DEBUG Engine               - class com.almasb.fxgl.app.services.UpdaterService
19:30:11.473 [FXGL Background Thread 3 ] DEBUG Engine               - class com.almasb.fxgl.dev.DevService
19:30:11.880 [JavaFX Application Thread] DEBUG FXGLAssetLoaderServi - Loading from file system: file:/C:/Users/josue/OneDrive/Desktop/proyecto%20java/Among%20Us/out/production/Among%20Us/assets/sounds/clickBoton.wav
19:30:13.714 [FXGL Background Thread 2 ] INFO  UpdaterService       - Your current version:  21.1
19:30:13.715 [FXGL Background Thread 2 ] INFO  UpdaterService       - Latest stable version: 25
19:30:17.721 [JavaFX Application Thread] WARN  TMXLevelLoader       - TiledMap generated from 1.11.2. Supported version: 1.9.0. Some features may not be parsed fully.
19:30:17.819 [JavaFX Application Thread] DEBUG TMXLevelLoader       - Parsed TiledMap: file:/C:/Users/josue/OneDrive/Desktop/proyecto%20java/Among%20Us/out/production/Among%20Us/assets/levels/mapa2.tmx
19:30:17.820 [JavaFX Application Thread] DEBUG TMXLevelLoader       - Creating tile layer entities
19:30:17.828 [JavaFX Application Thread] DEBUG TilesetLoader        - Loading view for layer fondo1
19:30:17.879 [JavaFX Application Thread] DEBUG TilesetLoader        - Created buffer with size 992.0x960.0
19:30:17.923 [JavaFX Application Thread] DEBUG TilesetLoader        - Loading view for layer fondo
19:30:17.927 [JavaFX Application Thread] DEBUG TilesetLoader        - Created buffer with size 992.0x960.0
19:30:17.936 [JavaFX Application Thread] DEBUG TilesetLoader        - Loading view for layer piso
19:30:17.937 [JavaFX Application Thread] DEBUG TilesetLoader        - Created buffer with size 992.0x960.0
19:30:17.944 [JavaFX Application Thread] DEBUG TilesetLoader        - Loading view for layer piso1
19:30:17.944 [JavaFX Application Thread] DEBUG TilesetLoader        - Created buffer with size 992.0x960.0
19:30:17.960 [JavaFX Application Thread] WARN  TilesetLoader        - Diagonally flipped tiles are not currently supported
19:30:17.963 [JavaFX Application Thread] WARN  TilesetLoader        - Diagonally flipped tiles are not currently supported
19:30:17.971 [JavaFX Application Thread] WARN  TilesetLoader        - Diagonally flipped tiles are not currently supported
19:30:17.976 [JavaFX Application Thread] WARN  TilesetLoader        - Diagonally flipped tiles are not currently supported
19:30:17.976 [JavaFX Application Thread] DEBUG TilesetLoader        - Loading view for layer izquierda
19:30:17.977 [JavaFX Application Thread] DEBUG TilesetLoader        - Created buffer with size 992.0x960.0
19:30:17.998 [JavaFX Application Thread] DEBUG TilesetLoader        - Loading view for layer detallesatraspared
19:30:17.998 [JavaFX Application Thread] DEBUG TilesetLoader        - Created buffer with size 992.0x960.0
19:30:18.015 [JavaFX Application Thread] WARN  TilesetLoader        - Diagonally flipped tiles are not currently supported
19:30:18.015 [JavaFX Application Thread] WARN  TilesetLoader        - Diagonally flipped tiles are not currently supported
19:30:18.072 [JavaFX Application Thread] DEBUG TilesetLoader        - Loading view for layer pared2
19:30:18.072 [JavaFX Application Thread] DEBUG TilesetLoader        - Created buffer with size 992.0x960.0
19:30:18.084 [JavaFX Application Thread] DEBUG TilesetLoader        - Loading view for layer techo1
19:30:18.085 [JavaFX Application Thread] DEBUG TilesetLoader        - Created buffer with size 992.0x960.0
19:30:18.093 [JavaFX Application Thread] DEBUG TilesetLoader        - Loading view for layer techo2
19:30:18.094 [JavaFX Application Thread] DEBUG TilesetLoader        - Created buffer with size 992.0x960.0
19:30:18.102 [JavaFX Application Thread] DEBUG TilesetLoader        - Loading view for layer puertita
19:30:18.103 [JavaFX Application Thread] DEBUG TilesetLoader        - Created buffer with size 992.0x960.0
19:30:18.107 [JavaFX Application Thread] DEBUG TilesetLoader        - Loading view for layer puerta
19:30:18.108 [JavaFX Application Thread] DEBUG TilesetLoader        - Created buffer with size 992.0x960.0
19:30:18.114 [JavaFX Application Thread] DEBUG TilesetLoader        - Loading view for layer detalles
19:30:18.115 [JavaFX Application Thread] DEBUG TilesetLoader        - Created buffer with size 992.0x960.0
19:30:18.140 [JavaFX Application Thread] DEBUG TilesetLoader        - Loading view for layer detalles 2
19:30:18.142 [JavaFX Application Thread] DEBUG TilesetLoader        - Created buffer with size 992.0x960.0
19:30:18.162 [JavaFX Application Thread] DEBUG TilesetLoader        - Loading view for layer detalles3
19:30:18.163 [JavaFX Application Thread] DEBUG TilesetLoader        - Created buffer with size 992.0x960.0
19:30:18.193 [JavaFX Application Thread] DEBUG TMXLevelLoader       - Creating object layer entities
19:30:18.330 [JavaFX Application Thread] DEBUG GameWorld            - Clearing removable entities
19:30:18.331 [JavaFX Application Thread] DEBUG GameWorld            - Setting level: com.almasb.fxgl.entity.level.Level@3119c1cb
19:30:18.382 [JavaFX Application Thread] DEBUG FXGLAssetLoaderServi - Loading from file system: file:/C:/Users/josue/OneDrive/Desktop/proyecto%20java/Among%20Us/out/production/Among%20Us/assets/textures/tripulante_negro.png
19:30:18.386 [JavaFX Application Thread] DEBUG FXGLAssetLoaderServi - Loading from file system: file:/C:/Users/josue/OneDrive/Desktop/proyecto%20java/Among%20Us/out/production/Among%20Us/assets/textures/animacion_negro.png
19:30:24.894 [JavaFX Application Thread] DEBUG PrimaryStageWindow   - Push state: FXGLDefaultMenu
19:30:24.901 [JavaFX Application Thread] DEBUG Input                - Clearing active input actions
19:30:24.910 [JavaFX Application Thread] DEBUG GameApplicationServi - Removing overlay from GameScene and adding to FXGLDefaultMenu
19:30:24.916 [JavaFX Application Thread] DEBUG PrimaryStageWindow   - GameScene -> FXGLDefaultMenu
19:30:25.496 [JavaFX Application Thread] DEBUG PrimaryStageWindow   - Pop state: FXGLDefaultMenu
19:30:25.496 [JavaFX Application Thread] DEBUG Input                - Clearing active input actions
19:30:25.497 [JavaFX Application Thread] DEBUG GameApplicationServi - Removing overlay from FXGLDefaultMenu and adding to GameScene
19:30:25.497 [JavaFX Application Thread] DEBUG PrimaryStageWindow   - GameScene <- FXGLDefaultMenu
19:30:25.799 [JavaFX Application Thread] DEBUG PrimaryStageWindow   - Push state: FXGLDefaultMenu
19:30:25.799 [JavaFX Application Thread] DEBUG Input                - Clearing active input actions
19:30:25.815 [JavaFX Application Thread] DEBUG GameApplicationServi - Removing overlay from GameScene and adding to FXGLDefaultMenu
19:30:25.816 [JavaFX Application Thread] DEBUG PrimaryStageWindow   - GameScene -> FXGLDefaultMenu
19:30:27.248 [JavaFX Application Thread] DEBUG Menu                 - fireExit()
19:30:27.264 [JavaFX Application Thread] DEBUG PrimaryStageWindow   - Push state: DialogSubScene
19:30:27.264 [JavaFX Application Thread] DEBUG Input                - Clearing active input actions
19:30:27.277 [JavaFX Application Thread] DEBUG GameApplicationServi - Removing overlay from FXGLDefaultMenu and adding to DialogSubScene
19:30:27.279 [JavaFX Application Thread] DEBUG PrimaryStageWindow   - FXGLDefaultMenu -> DialogSubScene
19:30:28.222 [JavaFX Application Thread] DEBUG PrimaryStageWindow   - Pop state: DialogSubScene
19:30:28.222 [JavaFX Application Thread] DEBUG Input                - Clearing active input actions
19:30:28.224 [JavaFX Application Thread] DEBUG GameApplicationServi - Removing overlay from DialogSubScene and adding to FXGLDefaultMenu
19:30:28.224 [JavaFX Application Thread] DEBUG PrimaryStageWindow   - FXGLDefaultMenu <- DialogSubScene
19:30:28.224 [JavaFX Application Thread] DEBUG FXGLApplication      - Exiting FXGL
19:30:28.224 [JavaFX Application Thread] DEBUG LoopRunner           - Stopping loop
19:30:28.224 [JavaFX Application Thread] DEBUG SystemBundleService  - Saving FXGL system data
19:30:28.230 [JavaFX Application Thread] DEBUG FileSystemAccess     - Writing to: C:\Users\josue\OneDrive\Desktop\proyecto java\Among Us\system\fxgl.bundle
19:30:28.233 [JavaFX Application Thread] DEBUG Async                - Shutting down background threads
19:30:28.233 [JavaFX Application Thread] DEBUG PrimaryStageWindow   - Closing main window
19:30:28.280 [JavaFX Application Thread] DEBUG Logger               - Closing Logger
