17:23:36.050 [main                     ] DEBUG Logger               - Configured Logger
17:23:36.066 [main                     ] DEBUG GameApplication      - Logging settings
Title: Among Us UNEG
Version: 0.0
Width: 800
Height: 600
Fullscreen: false
Intro: false
Profiling: false
Single step:false
App Mode: DEVELOPER
Menu Key: ESCAPE
Stage Style: DECORATED
Scene Factory: class com.almasb.fxgl.app.scene.SceneFactory

17:23:36.851 [JavaFX Application Thread] DEBUG FXGLApplication      - Initializing FXGL
17:23:36.858 [JavaFX Application Thread] INFO  Engine               - FXGL-21.1 (26.03.2024 17.33) on WINDOWS (J:25.0.2 FX:21.0.1)
17:23:36.858 [JavaFX Application Thread] DEBUG Engine               - JRE Vendor Name: Oracle Corporation
17:23:36.858 [JavaFX Application Thread] DEBUG Engine               - Running on OS: Windows 11 version 10.0
17:23:36.858 [JavaFX Application Thread] DEBUG Engine               - Architecture: amd64
17:23:36.858 [JavaFX Application Thread] INFO  Engine               - Source code and latest versions at: https://github.com/AlmasB/FXGL
17:23:36.859 [JavaFX Application Thread] INFO  Engine               -       Ask questions and discuss at: https://github.com/AlmasB/FXGL/discussions
17:23:36.859 [JavaFX Application Thread] INFO  Engine               -              Join the FXGL chat at: https://gitter.im/AlmasB/FXGL
17:23:37.049 [JavaFX Application Thread] DEBUG PrimaryStageWindow   - Creating a JavaFX scene
17:23:37.190 [JavaFX Application Thread] DEBUG PrimaryStageWindow   - Target settings size: 800.0 x 600.0
17:23:37.190 [JavaFX Application Thread] DEBUG PrimaryStageWindow   - Scaled scene size:    800.0 x 600.0
17:23:37.191 [JavaFX Application Thread] DEBUG PrimaryStageWindow   - Scaled ratio: (1.0, 1.0)
17:23:37.193 [JavaFX Application Thread] DEBUG PrimaryStageWindow   - Set initial scene to FXGLStartupScene
17:23:37.199 [JavaFX Application Thread] DEBUG PrimaryStageWindow   - Opening main window
17:23:37.376 [JavaFX Application Thread] DEBUG PrimaryStageWindow   - Window border size: (16.0, 39.0)
17:23:37.376 [JavaFX Application Thread] DEBUG PrimaryStageWindow   - Scaled size: 800.0 x 600.0
17:23:37.376 [JavaFX Application Thread] DEBUG PrimaryStageWindow   - Scaled ratio: (1.0, 1.0)
17:23:37.376 [JavaFX Application Thread] DEBUG PrimaryStageWindow   - Scene size: 800.0 x 600.0
17:23:37.377 [JavaFX Application Thread] DEBUG PrimaryStageWindow   - Stage size: 816.0 x 639.0
17:23:37.405 [FXGL Background Thread 1 ] DEBUG Engine               - Initializing environment variables
17:23:37.581 [FXGL Background Thread 1 ] DEBUG FXGLAssetLoaderServi - User app class for loading assets: class main.java.amongUs.AppPrincipal
17:23:37.581 [FXGL Background Thread 1 ] DEBUG GameApplicationServi - Applying CSS: fxgl_dark.css
17:23:37.583 [FXGL Background Thread 1 ] DEBUG FXGLAssetLoaderServi - Loading from file system: jar:file:/C:/Users/josue/OneDrive/Desktop/proyecto%20java/Among%20Us/lib/fxgl-21.1-uber.jar!/fxglassets/ui/css/fxgl_dark.css
17:23:37.696 [FXGL Background Thread 1 ] DEBUG GameApplicationServi - Initializing application scenes
17:23:38.010 [FXGL Background Thread 1 ] DEBUG GameWorld            - Game world initialized
17:23:38.097 [FXGL Background Thread 1 ] DEBUG PhysicsWorld         - Physics world initialized: appHeight=600, physics.ppm=50,0
17:23:38.098 [FXGL Background Thread 1 ] DEBUG PhysicsWorld         - Using strategy: BRUTE_FORCE
17:23:38.107 [FXGL Background Thread 1 ] DEBUG GameScene            - Game scene initialized: 800x600
17:23:38.127 [FXGL Background Thread 1 ] DEBUG FXGL.DefaultMenu     - createMenuBodyGameMenu()
17:23:38.151 [FXGL Background Thread 1 ] DEBUG FXGL.DefaultMenu     - createOptionsMenu()
17:23:38.170 [FXGL Background Thread 1 ] DEBUG FXGLAssetLoaderServi - Loading from file system: jar:file:/C:/Users/josue/OneDrive/Desktop/proyecto%20java/Among%20Us/lib/fxgl-21.1-uber.jar!/fxglassets/textures/particles/smoke.png
17:23:38.333 [FXGL Background Thread 1 ] DEBUG FXGLAssetLoaderServi - Loading from file system: jar:file:/C:/Users/josue/OneDrive/Desktop/proyecto%20java/Among%20Us/lib/fxgl-21.1-uber.jar!/fxglassets/textures/particles/trace_horizontal.png
17:23:38.381 [FXGL Background Thread 1 ] DEBUG GameApplicationServi - Application scenes initialized
17:23:38.404 [FXGL Background Thread 1 ] DEBUG SystemBundleService  - Loading FXGL system data
17:23:38.409 [FXGL Background Thread 1 ] DEBUG FileSystemAccess     - Reading from: C:\Users\josue\OneDrive\Desktop\proyecto java\Among Us\system\fxgl.bundle
17:23:38.418 [FXGL Background Thread 1 ] DEBUG SystemBundleService  - Bundle FXGL: {}
17:23:38.419 [FXGL Background Thread 1 ] DEBUG UpdaterService       - Checking for updates
17:23:38.428 [FXGL Background Thread 1 ] DEBUG FXGLApplication      - Loading default localization
17:23:38.430 [FXGL Background Thread 1 ] DEBUG FXGLAssetLoaderServi - Loading from file system: jar:file:/C:/Users/josue/OneDrive/Desktop/proyecto%20java/Among%20Us/lib/fxgl-21.1-uber.jar!/fxglassets/languages/english.lang
17:23:38.431 [FXGL Background Thread 4 ] DEBUG FXGLApplication      - Loading fonts
17:23:38.433 [FXGL Background Thread 4 ] DEBUG FXGLAssetLoaderServi - Loading from file system: jar:file:/C:/Users/josue/OneDrive/Desktop/proyecto%20java/Among%20Us/lib/fxgl-21.1-uber.jar!/fxglassets/ui/fonts/VarelaRound-Regular.ttf
17:23:38.485 [FXGL Background Thread 1 ] INFO  FXGLApplication      - FXGL initialization took: 1,079 sec
17:23:38.521 [JavaFX Application Thread] DEBUG Input                - Registered new binding: action0 - W
17:23:38.523 [JavaFX Application Thread] DEBUG Input                - Registered new binding: action1 - S
17:23:38.526 [JavaFX Application Thread] DEBUG Input                - Registered new binding: action2 - A
17:23:38.536 [JavaFX Application Thread] DEBUG Input                - Registered new binding: action3 - D
17:23:38.545 [JavaFX Application Thread] DEBUG FXGLAssetLoaderServi - Loading from file system: file:/C:/Users/josue/OneDrive/Desktop/proyecto%20java/Among%20Us/out/production/Among%20Us/assets/textures/icono.png
17:23:38.605 [JavaFX Application Thread] DEBUG FXGLAssetLoaderServi - Loading from file system: jar:file:/C:/Users/josue/OneDrive/Desktop/proyecto%20java/Among%20Us/lib/fxgl-21.1-uber.jar!/fxglassets/textures/fxgl_default_cursor.png
17:23:38.610 [JavaFX Application Thread] DEBUG Input                - Registered new binding: Screenshot - CTRL+8
17:23:38.613 [JavaFX Application Thread] DEBUG Input                - Registered new binding: System info dump - CTRL+9
17:23:38.614 [JavaFX Application Thread] DEBUG Input                - Registered new binding: Restart - CTRL+R
17:23:38.617 [JavaFX Application Thread] DEBUG Input                - Registered new binding: Toggle Debug Camera - CTRL+7
17:23:38.630 [JavaFX Application Thread] DEBUG LoopRunner           - Starting loop
17:23:38.630 [JavaFX Application Thread] DEBUG LoopRunner           - Initializing JavaFX AnimationTimerLoop
17:23:38.633 [JavaFX Application Thread] DEBUG GameApplicationServi - Starting new game
17:23:38.634 [JavaFX Application Thread] DEBUG Input                - Clearing active input actions
17:23:38.700 [JavaFX Application Thread] DEBUG GameApplicationServi - Removing overlay from FXGLStartupScene and adding to FXGLLoadingScene
17:23:38.705 [JavaFX Application Thread] DEBUG PrimaryStageWindow   - FXGLStartupScene -> FXGLLoadingScene
17:23:38.707 [JavaFX Application Thread] DEBUG GameApplicationServi - Clearing previous game
17:23:38.707 [JavaFX Application Thread] DEBUG GameScene            - Clearing game scene
17:23:38.709 [JavaFX Application Thread] DEBUG GameWorld            - Clearing game world
17:23:38.710 [JavaFX Application Thread] DEBUG PhysicsWorld         - Clearing physics world
17:23:38.718 [FXGL Background Thread 1 ] DEBUG FXGLApplication      - Initializing game
17:23:38.747 [FXGL Background Thread 1 ] DEBUG FXGLAssetLoaderServi - Loading from file system: file:/C:/Users/josue/OneDrive/Desktop/proyecto%20java/Among%20Us/out/production/Among%20Us/assets/music/musicaMenu.mp3
17:23:39.208 [FXGL Background Thread 1 ] DEBUG AudioPlayer          - Playing music com.almasb.fxgl.audio.Music@3033d007
17:23:39.787 [FXGL Background Thread 4 ] DEBUG FXGLAssetLoaderServi - Loading from file system: jar:file:/C:/Users/josue/OneDrive/Desktop/proyecto%20java/Among%20Us/lib/fxgl-21.1-uber.jar!/fxglassets/ui/fonts/Abel-Regular.ttf
17:23:39.813 [FXGL Background Thread 4 ] DEBUG FXGLAssetLoaderServi - Loading from file system: jar:file:/C:/Users/josue/OneDrive/Desktop/proyecto%20java/Among%20Us/lib/fxgl-21.1-uber.jar!/fxglassets/ui/fonts/TerminalLandMono-Regular.otf
17:23:39.830 [FXGL Background Thread 4 ] DEBUG FXGLAssetLoaderServi - Loading from file system: jar:file:/C:/Users/josue/OneDrive/Desktop/proyecto%20java/Among%20Us/lib/fxgl-21.1-uber.jar!/fxglassets/ui/fonts/Courier-Prime.ttf
17:23:39.868 [FXGL Background Thread 1 ] INFO  FXGLApplication      - Game initialization took: 1,150 sec
17:23:39.976 [JavaFX Application Thread] DEBUG FXGLApplication      - Registering font factories with UI factory
17:23:39.981 [JavaFX Application Thread] DEBUG Input                - Clearing active input actions
17:23:40.058 [JavaFX Application Thread] DEBUG GameApplicationServi - Removing overlay from FXGLLoadingScene and adding to GameScene
17:23:40.060 [JavaFX Application Thread] DEBUG PrimaryStageWindow   - FXGLLoadingScene -> GameScene
17:23:40.778 [FXGL Background Thread 2 ] INFO  UpdaterService       - Your current version:  21.1
17:23:40.781 [FXGL Background Thread 2 ] INFO  UpdaterService       - Latest stable version: 25
17:23:41.035 [JavaFX Application Thread] DEBUG FXGLAssetLoaderServi - Loading from file system: file:/C:/Users/josue/OneDrive/Desktop/proyecto%20java/Among%20Us/out/production/Among%20Us/assets/sounds/clickBoton.wav
17:23:41.613 [FXGL Background Thread 3 ] DEBUG Engine               - Logging environment variables
17:23:41.675 [FXGL Background Thread 3 ] DEBUG Engine               - achievements: []
17:23:41.675 [FXGL Background Thread 3 ] DEBUG Engine               - actualHeight: 600.0
17:23:41.723 [FXGL Background Thread 3 ] DEBUG Engine               - actualHeightProperty: ReadOnlyDoubleProperty [value: 600.0]
17:23:41.731 [FXGL Background Thread 3 ] DEBUG Engine               - actualWidth: 800.0
17:23:41.734 [FXGL Background Thread 3 ] DEBUG Engine               - actualWidthProperty: ReadOnlyDoubleProperty [value: 800.0]
17:23:41.734 [FXGL Background Thread 3 ] DEBUG Engine               - appIcon: icono.png
17:23:41.734 [FXGL Background Thread 3 ] DEBUG Engine               - applicationMode: DEVELOPER
17:23:41.739 [FXGL Background Thread 3 ] DEBUG Engine               - cSSList: [fxgl_dark.css]
17:23:41.739 [FXGL Background Thread 3 ] DEBUG Engine               - collisionDetectionStrategy: BRUTE_FORCE
17:23:41.740 [FXGL Background Thread 3 ] DEBUG Engine               - configClass: Optional.empty
17:23:41.740 [FXGL Background Thread 3 ] DEBUG Engine               - credits: []
17:23:41.740 [FXGL Background Thread 3 ] DEBUG Engine               - defaultCursor: CursorInfo(imageName=fxgl_default_cursor.png, hotspotX=7.0, hotspotY=6.0)
17:23:41.740 [FXGL Background Thread 3 ] DEBUG Engine               - devBBoxColorProperty: ObjectProperty [value: 0xff0000ff]
17:23:41.740 [FXGL Background Thread 3 ] DEBUG Engine               - devEnableDebugCameraProperty: BooleanProperty [value: false]
17:23:41.740 [FXGL Background Thread 3 ] DEBUG Engine               - devSensorColorProperty: ObjectProperty [value: 0xffff00ff]
17:23:41.740 [FXGL Background Thread 3 ] DEBUG Engine               - devShowBBoxProperty: BooleanProperty [value: false]
17:23:41.741 [FXGL Background Thread 3 ] DEBUG Engine               - devShowPositionProperty: BooleanProperty [value: false]
17:23:41.741 [FXGL Background Thread 3 ] DEBUG Engine               - enabledMenuItems: []
17:23:41.741 [FXGL Background Thread 3 ] DEBUG Engine               - engineServices: [class com.almasb.fxgl.app.services.FXGLAssetLoaderService, class com.almasb.fxgl.app.FXGLApplication$GameApplicationService, class com.almasb.fxgl.app.services.FXGLDialogService, class com.almasb.fxgl.app.services.IOTaskExecutorService, class com.almasb.fxgl.io.FileSystemService, class com.almasb.fxgl.localization.LocalizationService, class com.almasb.fxgl.app.services.SystemBundleService, class com.almasb.fxgl.profile.SaveLoadService, class com.almasb.fxgl.ui.FXGLUIFactoryServiceProvider, class com.almasb.fxgl.ui.FXGLDialogFactoryServiceProvider, class com.almasb.fxgl.audio.AudioPlayer, class com.almasb.fxgl.notification.impl.NotificationServiceProvider, class com.almasb.fxgl.achievement.AchievementService, class com.almasb.fxgl.cutscene.CutsceneService, class com.almasb.fxgl.minigames.MiniGameService, class com.almasb.fxgl.net.NetService, class com.almasb.fxgl.app.services.UpdaterService, class com.almasb.fxgl.dev.DevService]
17:23:41.741 [FXGL Background Thread 3 ] DEBUG Engine               - fontGame: Abel-Regular.ttf
17:23:41.741 [FXGL Background Thread 3 ] DEBUG Engine               - fontMono: TerminalLandMono-Regular.otf
17:23:41.741 [FXGL Background Thread 3 ] DEBUG Engine               - fontSizeScaleUI: 1.0
17:23:41.741 [FXGL Background Thread 3 ] DEBUG Engine               - fontText: Courier-Prime.ttf
17:23:41.741 [FXGL Background Thread 3 ] DEBUG Engine               - fontUI: VarelaRound-Regular.ttf
17:23:41.741 [FXGL Background Thread 3 ] DEBUG Engine               - fullScreen: BooleanProperty [value: false]
17:23:41.741 [FXGL Background Thread 3 ] DEBUG Engine               - gameDifficulty: MEDIUM
17:23:41.743 [FXGL Background Thread 3 ] DEBUG Engine               - gameDifficultyProperty: ObjectProperty [value: MEDIUM]
17:23:41.743 [FXGL Background Thread 3 ] DEBUG Engine               - globalMusicVolume: 0.5
17:23:41.743 [FXGL Background Thread 3 ] DEBUG Engine               - globalMusicVolumeProperty: DoubleProperty [value: 0.4]
17:23:41.743 [FXGL Background Thread 3 ] DEBUG Engine               - globalSoundVolume: 0.5
17:23:41.743 [FXGL Background Thread 3 ] DEBUG Engine               - globalSoundVolumeProperty: DoubleProperty [value: 0.5]
17:23:41.804 [FXGL Background Thread 3 ] DEBUG Engine               - height: 600
17:23:41.804 [FXGL Background Thread 3 ] DEBUG Engine               - is3D: false
17:23:41.804 [FXGL Background Thread 3 ] DEBUG Engine               - isAndroid: false
17:23:41.815 [FXGL Background Thread 3 ] DEBUG Engine               - isBrowser: false
17:23:41.815 [FXGL Background Thread 3 ] DEBUG Engine               - isClickFeedbackEnabled: false
17:23:41.815 [FXGL Background Thread 3 ] DEBUG Engine               - isCloseConfirmation: false
17:23:41.816 [FXGL Background Thread 3 ] DEBUG Engine               - isDesktop: true
17:23:41.816 [FXGL Background Thread 3 ] DEBUG Engine               - isDeveloperMenuEnabled: false
17:23:41.817 [FXGL Background Thread 3 ] DEBUG Engine               - isEmbedded: false
17:23:41.817 [FXGL Background Thread 3 ] DEBUG Engine               - isEntityPreloadEnabled: true
17:23:41.818 [FXGL Background Thread 3 ] DEBUG Engine               - isExperimentalTiledLargeMap: false
17:23:41.818 [FXGL Background Thread 3 ] DEBUG Engine               - isFileSystemWriteAllowed: true
17:23:41.818 [FXGL Background Thread 3 ] DEBUG Engine               - isFullScreenAllowed: false
17:23:41.818 [FXGL Background Thread 3 ] DEBUG Engine               - isFullScreenFromStart: false
17:23:41.818 [FXGL Background Thread 3 ] DEBUG Engine               - isGameMenuEnabled: true
17:23:41.818 [FXGL Background Thread 3 ] DEBUG Engine               - isIOS: false
17:23:41.818 [FXGL Background Thread 3 ] DEBUG Engine               - isIntroEnabled: false
17:23:41.818 [FXGL Background Thread 3 ] DEBUG Engine               - isLinux: false
17:23:41.818 [FXGL Background Thread 3 ] DEBUG Engine               - isMac: false
17:23:41.818 [FXGL Background Thread 3 ] DEBUG Engine               - isMainMenuEnabled: false
17:23:41.818 [FXGL Background Thread 3 ] DEBUG Engine               - isManualResizeEnabled: false
17:23:41.818 [FXGL Background Thread 3 ] DEBUG Engine               - isMobile: false
17:23:41.819 [FXGL Background Thread 3 ] DEBUG Engine               - isNative: false
17:23:41.819 [FXGL Background Thread 3 ] DEBUG Engine               - isPauseMusicWhenMinimized: true
17:23:41.820 [FXGL Background Thread 3 ] DEBUG Engine               - isPreserveResizeRatio: false
17:23:41.820 [FXGL Background Thread 3 ] DEBUG Engine               - isProfilingEnabled: false
17:23:41.820 [FXGL Background Thread 3 ] DEBUG Engine               - isScaleAffectedOnResize: true
17:23:41.820 [FXGL Background Thread 3 ] DEBUG Engine               - isSingleStep: false
17:23:41.823 [FXGL Background Thread 3 ] DEBUG Engine               - isUserProfileEnabled: false
17:23:41.823 [FXGL Background Thread 3 ] DEBUG Engine               - isWindows: true
17:23:41.823 [FXGL Background Thread 3 ] DEBUG Engine               - language: ObjectProperty [value: ENGLISH]
17:23:41.823 [FXGL Background Thread 3 ] DEBUG Engine               - menuKey: ESCAPE
17:23:41.823 [FXGL Background Thread 3 ] DEBUG Engine               - mouseSensitivity: 0.2
17:23:41.823 [FXGL Background Thread 3 ] DEBUG Engine               - notificationViewClass: class com.almasb.fxgl.notification.view.XboxNotificationView
17:23:41.823 [FXGL Background Thread 3 ] DEBUG Engine               - pixelsPerMeter: 50.0
17:23:41.823 [FXGL Background Thread 3 ] DEBUG Engine               - platform: WINDOWS
17:23:41.823 [FXGL Background Thread 3 ] DEBUG Engine               - prefHeightProperty: ReadOnlyDoubleProperty [value: 600.0]
17:23:41.823 [FXGL Background Thread 3 ] DEBUG Engine               - prefWidthProperty: ReadOnlyDoubleProperty [value: 800.0]
17:23:41.824 [FXGL Background Thread 3 ] DEBUG Engine               - profileDir: profiles/
17:23:41.824 [FXGL Background Thread 3 ] DEBUG Engine               - profileName: StringProperty [value: DEFAULT]
17:23:41.824 [FXGL Background Thread 3 ] DEBUG Engine               - randomSeed: -1
17:23:41.824 [FXGL Background Thread 3 ] DEBUG Engine               - runtimeInfo: RuntimeInfo(platform=WINDOWS, version=21.1, build=26.03.2024 17.33)
17:23:41.825 [FXGL Background Thread 3 ] DEBUG Engine               - saveFileExt: sav
17:23:41.825 [FXGL Background Thread 3 ] DEBUG Engine               - scaledHeightProp$fxgl: DoubleProperty [bound, value: 600.0]
17:23:41.825 [FXGL Background Thread 3 ] DEBUG Engine               - scaledWidthProp$fxgl: DoubleProperty [bound, value: 800.0]
17:23:41.825 [FXGL Background Thread 3 ] DEBUG Engine               - sceneFactory: com.almasb.fxgl.app.scene.SceneFactory@72c93912
17:23:41.825 [FXGL Background Thread 3 ] DEBUG Engine               - secondsIn24h: 60
17:23:41.825 [FXGL Background Thread 3 ] DEBUG Engine               - soundMenuBack: menu/back.wav
17:23:41.825 [FXGL Background Thread 3 ] DEBUG Engine               - soundMenuPress: menu/press.wav
17:23:41.825 [FXGL Background Thread 3 ] DEBUG Engine               - soundMenuSelect: menu/select.wav
17:23:41.825 [FXGL Background Thread 3 ] DEBUG Engine               - soundNotification: core/notification.wav
17:23:41.825 [FXGL Background Thread 3 ] DEBUG Engine               - stageStyle: DECORATED
17:23:41.825 [FXGL Background Thread 3 ] DEBUG Engine               - supportedLanguages: [ENGLISH, FRENCH, GERMAN, HUNGARIAN, RUSSIAN]
17:23:41.825 [FXGL Background Thread 3 ] DEBUG Engine               - ticksPerSecond: -1
17:23:41.825 [FXGL Background Thread 3 ] DEBUG Engine               - title: Among Us UNEG
17:23:41.825 [FXGL Background Thread 3 ] DEBUG Engine               - urlGithub: https://github.com/AlmasB/FXGL
17:23:41.825 [FXGL Background Thread 3 ] DEBUG Engine               - urlLeaderboard: http://fxgl-top.herokuapp.com/
17:23:41.825 [FXGL Background Thread 3 ] DEBUG Engine               - urlPOM: https://raw.githubusercontent.com/AlmasB/FXGL/release/README.md
17:23:41.825 [FXGL Background Thread 3 ] DEBUG Engine               - userAppClass: class main.java.amongUs.AppPrincipal
17:23:41.825 [FXGL Background Thread 3 ] DEBUG Engine               - version: 0.0
17:23:41.825 [FXGL Background Thread 3 ] DEBUG Engine               - versionCheckDays: 7
17:23:41.825 [FXGL Background Thread 3 ] DEBUG Engine               - width: 800
17:23:41.825 [FXGL Background Thread 3 ] DEBUG Engine               - Logging services
17:23:41.825 [FXGL Background Thread 3 ] DEBUG Engine               - class com.almasb.fxgl.app.services.FXGLAssetLoaderService
17:23:41.825 [FXGL Background Thread 3 ] DEBUG Engine               - class com.almasb.fxgl.app.FXGLApplication$GameApplicationService
17:23:41.825 [FXGL Background Thread 3 ] DEBUG Engine               - class com.almasb.fxgl.app.services.FXGLDialogService
17:23:41.825 [FXGL Background Thread 3 ] DEBUG Engine               - class com.almasb.fxgl.app.services.IOTaskExecutorService
17:23:41.825 [FXGL Background Thread 3 ] DEBUG Engine               - class com.almasb.fxgl.io.FileSystemService
17:23:41.825 [FXGL Background Thread 3 ] DEBUG Engine               - class com.almasb.fxgl.localization.LocalizationService
17:23:41.826 [FXGL Background Thread 3 ] DEBUG Engine               - class com.almasb.fxgl.app.services.SystemBundleService
17:23:41.826 [FXGL Background Thread 3 ] DEBUG Engine               - class com.almasb.fxgl.profile.SaveLoadService
17:23:41.826 [FXGL Background Thread 3 ] DEBUG Engine               - class com.almasb.fxgl.ui.FXGLUIFactoryServiceProvider
17:23:41.826 [FXGL Background Thread 3 ] DEBUG Engine               - class com.almasb.fxgl.ui.FXGLDialogFactoryServiceProvider
17:23:41.826 [FXGL Background Thread 3 ] DEBUG Engine               - class com.almasb.fxgl.audio.AudioPlayer
17:23:41.826 [FXGL Background Thread 3 ] DEBUG Engine               - class com.almasb.fxgl.notification.impl.NotificationServiceProvider
17:23:41.826 [FXGL Background Thread 3 ] DEBUG Engine               - class com.almasb.fxgl.achievement.AchievementService
17:23:41.826 [FXGL Background Thread 3 ] DEBUG Engine               - class com.almasb.fxgl.cutscene.CutsceneService
17:23:41.826 [FXGL Background Thread 3 ] DEBUG Engine               - class com.almasb.fxgl.minigames.MiniGameService
17:23:41.826 [FXGL Background Thread 3 ] DEBUG Engine               - class com.almasb.fxgl.net.NetService
17:23:41.826 [FXGL Background Thread 3 ] DEBUG Engine               - class com.almasb.fxgl.app.services.UpdaterService
17:23:41.826 [FXGL Background Thread 3 ] DEBUG Engine               - class com.almasb.fxgl.dev.DevService
17:23:45.284 [JavaFX Application Thread] WARN  TMXLevelLoader       - TiledMap generated from 1.11.2. Supported version: 1.9.0. Some features may not be parsed fully.
17:23:45.374 [JavaFX Application Thread] DEBUG TMXLevelLoader       - Parsed TiledMap: file:/C:/Users/josue/OneDrive/Desktop/proyecto%20java/Among%20Us/out/production/Among%20Us/assets/levels/mapa2.tmx
17:23:45.376 [JavaFX Application Thread] DEBUG TMXLevelLoader       - Creating tile layer entities
17:23:45.378 [JavaFX Application Thread] DEBUG TilesetLoader        - Loading view for layer fondo1
17:23:45.379 [JavaFX Application Thread] DEBUG TilesetLoader        - Created buffer with size 992.0x960.0
17:23:45.384 [JavaFX Application Thread] WARN  TMXLevelLoader       - Parse error
java.lang.IllegalArgumentException: Tileset for gid=337 not found
	at com.almasb.fxgl.entity.level.tiled.TilesetLoader.findTileset(TilesetLoader.kt:418)
	at com.almasb.fxgl.entity.level.tiled.TilesetLoader.loadView(TilesetLoader.kt:117)
	at com.almasb.fxgl.entity.level.tiled.TMXLevelLoader$createTileLayerEntities$1.invoke(TMXLevelLoader.kt:99)
	at com.almasb.fxgl.entity.level.tiled.TMXLevelLoader$createTileLayerEntities$1.invoke(TMXLevelLoader.kt:88)
	at com.almasb.fxgl.entity.level.tiled.TMXLevelLoader.createTileLayerEntities$lambda$3(TMXLevelLoader.kt:88)
	at java.base/java.util.stream.ReferencePipeline$3$1.accept(ReferencePipeline.java:214)
	at java.base/java.util.ArrayList$ArrayListSpliterator.forEachRemaining(ArrayList.java:1716)
	at java.base/java.util.stream.AbstractPipeline.copyInto(AbstractPipeline.java:570)
	at java.base/java.util.stream.AbstractPipeline.wrapAndCopyInto(AbstractPipeline.java:560)
	at java.base/java.util.stream.ReduceOps$ReduceOp.evaluateSequential(ReduceOps.java:921)
	at java.base/java.util.stream.AbstractPipeline.evaluate(AbstractPipeline.java:265)
	at java.base/java.util.stream.ReferencePipeline.collect(ReferencePipeline.java:723)
	at com.almasb.fxgl.entity.level.tiled.TMXLevelLoader.createTileLayerEntities(TMXLevelLoader.kt:116)
	at com.almasb.fxgl.entity.level.tiled.TMXLevelLoader.load(TMXLevelLoader.kt:58)
	at com.almasb.fxgl.app.services.FXGLAssetLoaderService.loadLevel(FXGLAssetLoaderService.kt:449)
	at com.almasb.fxgl.dsl.FXGL$Companion.setLevelFromMap(FXGL.kt:643)
	at com.almasb.fxgl.dsl.FXGL.setLevelFromMap(FXGL.kt)
	at main.java.amongUs.AppPrincipal.empezarPartida(AppPrincipal.java:93)
	at main.java.amongUs.Cliente$1.lambda$received$1(Cliente.java:38)
	at com.sun.javafx.application.PlatformImpl.lambda$runLater$10(PlatformImpl.java:456)
	at java.base/java.security.AccessController.doPrivileged(AccessController.java:138)
	at com.sun.javafx.application.PlatformImpl.lambda$runLater$11(PlatformImpl.java:455)
	at com.sun.glass.ui.InvokeLaterDispatcher$Future.run(InvokeLaterDispatcher.java:95)
	at com.sun.glass.ui.win.WinApplication._runLoop(Native Method)
	at com.sun.glass.ui.win.WinApplication.lambda$runLoop$3(WinApplication.java:185)
	at java.base/java.lang.Thread.run(Thread.java:1474)

17:24:02.684 [JavaFX Application Thread] DEBUG FXGLApplication      - Exiting FXGL
17:24:02.685 [JavaFX Application Thread] DEBUG LoopRunner           - Stopping loop
17:24:02.685 [JavaFX Application Thread] DEBUG SystemBundleService  - Saving FXGL system data
17:24:02.688 [JavaFX Application Thread] DEBUG FileSystemAccess     - Writing to: C:\Users\josue\OneDrive\Desktop\proyecto java\Among Us\system\fxgl.bundle
17:24:02.691 [JavaFX Application Thread] DEBUG Async                - Shutting down background threads
17:24:02.691 [JavaFX Application Thread] DEBUG PrimaryStageWindow   - Closing main window
17:24:02.765 [JavaFX Application Thread] DEBUG Logger               - Closing Logger
