21:20:25.669 [main                     ] DEBUG Logger               - Configured Logger
21:20:25.690 [main                     ] DEBUG GameApplication      - Logging settings
Title: Among Us - Java Edition
Version: 0.0
Width: 800
Height: 600
Fullscreen: false
Intro: false
Profiling: false
Single step:false
App Mode: DEVELOPER
Menu Key: ESCAPE
Stage Style: DECORATED
Scene Factory: class com.almasb.fxgl.app.scene.SceneFactory

21:20:26.557 [JavaFX Application Thread] DEBUG FXGLApplication      - Initializing FXGL
21:20:26.563 [JavaFX Application Thread] INFO  Engine               - FXGL-21.1 (26.03.2024 17.33) on WINDOWS (J:25.0.2 FX:21.0.1)
21:20:26.563 [JavaFX Application Thread] DEBUG Engine               - JRE Vendor Name: Oracle Corporation
21:20:26.563 [JavaFX Application Thread] DEBUG Engine               - Running on OS: Windows 11 version 10.0
21:20:26.563 [JavaFX Application Thread] DEBUG Engine               - Architecture: amd64
21:20:26.563 [JavaFX Application Thread] INFO  Engine               - Source code and latest versions at: https://github.com/AlmasB/FXGL
21:20:26.563 [JavaFX Application Thread] INFO  Engine               -       Ask questions and discuss at: https://github.com/AlmasB/FXGL/discussions
21:20:26.564 [JavaFX Application Thread] INFO  Engine               -              Join the FXGL chat at: https://gitter.im/AlmasB/FXGL
21:20:26.825 [JavaFX Application Thread] DEBUG PrimaryStageWindow   - Creating a JavaFX scene
21:20:26.942 [JavaFX Application Thread] DEBUG PrimaryStageWindow   - Target settings size: 800.0 x 600.0
21:20:26.943 [JavaFX Application Thread] DEBUG PrimaryStageWindow   - Scaled scene size:    800.0 x 600.0
21:20:26.943 [JavaFX Application Thread] DEBUG PrimaryStageWindow   - Scaled ratio: (1.0, 1.0)
21:20:26.945 [JavaFX Application Thread] DEBUG PrimaryStageWindow   - Set initial scene to FXGLStartupScene
21:20:26.953 [JavaFX Application Thread] DEBUG PrimaryStageWindow   - Opening main window
21:20:27.127 [JavaFX Application Thread] DEBUG PrimaryStageWindow   - Window border size: (16.0, 39.0)
21:20:27.127 [JavaFX Application Thread] DEBUG PrimaryStageWindow   - Scaled size: 800.0 x 600.0
21:20:27.127 [JavaFX Application Thread] DEBUG PrimaryStageWindow   - Scaled ratio: (1.0, 1.0)
21:20:27.128 [JavaFX Application Thread] DEBUG PrimaryStageWindow   - Scene size: 800.0 x 600.0
21:20:27.128 [JavaFX Application Thread] DEBUG PrimaryStageWindow   - Stage size: 816.0 x 639.0
21:20:27.153 [FXGL Background Thread 1 ] DEBUG Engine               - Initializing environment variables
21:20:27.421 [FXGL Background Thread 1 ] DEBUG FXGLAssetLoaderServi - User app class for loading assets: class main.java.amongUs.AppPrincipal
21:20:27.421 [FXGL Background Thread 1 ] DEBUG GameApplicationServi - Applying CSS: fxgl_dark.css
21:20:27.424 [FXGL Background Thread 1 ] DEBUG FXGLAssetLoaderServi - Loading from file system: jar:file:/C:/Users/josue/OneDrive/Desktop/proyecto%20java/Among%20Us/lib/fxgl-21.1-uber.jar!/fxglassets/ui/css/fxgl_dark.css
21:20:27.536 [FXGL Background Thread 1 ] DEBUG GameApplicationServi - Initializing application scenes
21:20:27.791 [FXGL Background Thread 1 ] DEBUG GameWorld            - Game world initialized
21:20:27.899 [FXGL Background Thread 1 ] DEBUG PhysicsWorld         - Physics world initialized: appHeight=600, physics.ppm=50,0
21:20:27.901 [FXGL Background Thread 1 ] DEBUG PhysicsWorld         - Using strategy: BRUTE_FORCE
21:20:27.917 [FXGL Background Thread 1 ] DEBUG GameScene            - Game scene initialized: 800x600
21:20:27.942 [FXGL Background Thread 1 ] DEBUG FXGL.DefaultMenu     - createMenuBodyGameMenu()
21:20:27.984 [FXGL Background Thread 1 ] DEBUG FXGL.DefaultMenu     - createOptionsMenu()
21:20:28.003 [FXGL Background Thread 1 ] DEBUG FXGLAssetLoaderServi - Loading from file system: jar:file:/C:/Users/josue/OneDrive/Desktop/proyecto%20java/Among%20Us/lib/fxgl-21.1-uber.jar!/fxglassets/textures/particles/smoke.png
21:20:28.160 [FXGL Background Thread 1 ] DEBUG FXGLAssetLoaderServi - Loading from file system: jar:file:/C:/Users/josue/OneDrive/Desktop/proyecto%20java/Among%20Us/lib/fxgl-21.1-uber.jar!/fxglassets/textures/particles/trace_horizontal.png
21:20:28.199 [FXGL Background Thread 1 ] DEBUG GameApplicationServi - Application scenes initialized
21:20:28.224 [FXGL Background Thread 1 ] DEBUG SystemBundleService  - Loading FXGL system data
21:20:28.229 [FXGL Background Thread 1 ] WARN  SystemBundleService  - Failed to load: java.io.FileNotFoundException: C:\Users\josue\OneDrive\Desktop\proyecto java\Among Us\system\fxgl.bundle (The system cannot find the file specified)
21:20:28.229 [FXGL Background Thread 1 ] DEBUG SystemBundleService  - Loading default FXGL system data
21:20:28.230 [FXGL Background Thread 1 ] DEBUG UpdaterService       - Checking for updates
21:20:28.236 [FXGL Background Thread 1 ] DEBUG FXGLApplication      - Loading default localization
21:20:28.237 [FXGL Background Thread 1 ] DEBUG FXGLAssetLoaderServi - Loading from file system: jar:file:/C:/Users/josue/OneDrive/Desktop/proyecto%20java/Among%20Us/lib/fxgl-21.1-uber.jar!/fxglassets/languages/english.lang
21:20:28.264 [FXGL Background Thread 1 ] INFO  FXGLApplication      - FXGL initialization took: 1,112 sec
21:20:28.267 [JavaFX Application Thread] DEBUG FXGLAssetLoaderServi - Loading from file system: jar:file:/C:/Users/josue/OneDrive/Desktop/proyecto%20java/Among%20Us/lib/fxgl-21.1-uber.jar!/fxglassets/textures/fxgl_icon.png
21:20:28.280 [FXGL Background Thread 4 ] DEBUG FXGLApplication      - Loading fonts
21:20:28.281 [FXGL Background Thread 4 ] DEBUG FXGLAssetLoaderServi - Loading from file system: jar:file:/C:/Users/josue/OneDrive/Desktop/proyecto%20java/Among%20Us/lib/fxgl-21.1-uber.jar!/fxglassets/ui/fonts/VarelaRound-Regular.ttf
21:20:28.320 [JavaFX Application Thread] DEBUG FXGLAssetLoaderServi - Loading from file system: jar:file:/C:/Users/josue/OneDrive/Desktop/proyecto%20java/Among%20Us/lib/fxgl-21.1-uber.jar!/fxglassets/textures/fxgl_default_cursor.png
21:20:28.344 [JavaFX Application Thread] DEBUG Input                - Registered new binding: Screenshot - CTRL+8
21:20:28.346 [JavaFX Application Thread] DEBUG Input                - Registered new binding: System info dump - CTRL+9
21:20:28.347 [JavaFX Application Thread] DEBUG Input                - Registered new binding: Restart - CTRL+R
21:20:28.348 [JavaFX Application Thread] DEBUG Input                - Registered new binding: Toggle Debug Camera - CTRL+7
21:20:28.353 [JavaFX Application Thread] DEBUG LoopRunner           - Starting loop
21:20:28.353 [JavaFX Application Thread] DEBUG LoopRunner           - Initializing JavaFX AnimationTimerLoop
21:20:28.355 [JavaFX Application Thread] DEBUG GameApplicationServi - Starting new game
21:20:28.355 [JavaFX Application Thread] DEBUG Input                - Clearing active input actions
21:20:28.404 [JavaFX Application Thread] DEBUG GameApplicationServi - Removing overlay from FXGLStartupScene and adding to FXGLLoadingScene
21:20:28.404 [JavaFX Application Thread] DEBUG PrimaryStageWindow   - FXGLStartupScene -> FXGLLoadingScene
21:20:28.404 [JavaFX Application Thread] DEBUG GameApplicationServi - Clearing previous game
21:20:28.405 [JavaFX Application Thread] DEBUG GameScene            - Clearing game scene
21:20:28.405 [JavaFX Application Thread] DEBUG GameWorld            - Clearing game world
21:20:28.408 [JavaFX Application Thread] DEBUG PhysicsWorld         - Clearing physics world
21:20:28.413 [FXGL Background Thread 1 ] DEBUG FXGLApplication      - Initializing game
21:20:28.467 [FXGL Background Thread 1 ] INFO  FXGLApplication      - Game initialization took: 0,053 sec
21:20:28.554 [JavaFX Application Thread] DEBUG Input                - Clearing active input actions
21:20:28.586 [JavaFX Application Thread] DEBUG GameApplicationServi - Removing overlay from FXGLLoadingScene and adding to GameScene
21:20:28.587 [JavaFX Application Thread] DEBUG PrimaryStageWindow   - FXGLLoadingScene -> GameScene
21:20:28.883 [FXGL Background Thread 4 ] DEBUG FXGLAssetLoaderServi - Loading from file system: jar:file:/C:/Users/josue/OneDrive/Desktop/proyecto%20java/Among%20Us/lib/fxgl-21.1-uber.jar!/fxglassets/ui/fonts/Abel-Regular.ttf
21:20:28.887 [FXGL Background Thread 4 ] DEBUG FXGLAssetLoaderServi - Loading from file system: jar:file:/C:/Users/josue/OneDrive/Desktop/proyecto%20java/Among%20Us/lib/fxgl-21.1-uber.jar!/fxglassets/ui/fonts/TerminalLandMono-Regular.otf
21:20:28.893 [FXGL Background Thread 4 ] DEBUG FXGLAssetLoaderServi - Loading from file system: jar:file:/C:/Users/josue/OneDrive/Desktop/proyecto%20java/Among%20Us/lib/fxgl-21.1-uber.jar!/fxglassets/ui/fonts/Courier-Prime.ttf
21:20:28.902 [JavaFX Application Thread] DEBUG FXGLApplication      - Registering font factories with UI factory
21:20:31.234 [FXGL Background Thread 3 ] DEBUG Engine               - Logging environment variables
21:20:31.235 [FXGL Background Thread 3 ] DEBUG Engine               - achievements: []
21:20:31.238 [FXGL Background Thread 3 ] DEBUG Engine               - actualHeight: 600.0
21:20:31.238 [FXGL Background Thread 3 ] DEBUG Engine               - actualHeightProperty: ReadOnlyDoubleProperty [value: 600.0]
21:20:31.238 [FXGL Background Thread 3 ] DEBUG Engine               - actualWidth: 800.0
21:20:31.238 [FXGL Background Thread 3 ] DEBUG Engine               - actualWidthProperty: ReadOnlyDoubleProperty [value: 800.0]
21:20:31.238 [FXGL Background Thread 3 ] DEBUG Engine               - appIcon: fxgl_icon.png
21:20:31.238 [FXGL Background Thread 3 ] DEBUG Engine               - applicationMode: DEVELOPER
21:20:31.238 [FXGL Background Thread 3 ] DEBUG Engine               - cSSList: [fxgl_dark.css]
21:20:31.238 [FXGL Background Thread 3 ] DEBUG Engine               - collisionDetectionStrategy: BRUTE_FORCE
21:20:31.238 [FXGL Background Thread 3 ] DEBUG Engine               - configClass: Optional.empty
21:20:31.239 [FXGL Background Thread 3 ] DEBUG Engine               - credits: []
21:20:31.242 [FXGL Background Thread 3 ] DEBUG Engine               - defaultCursor: CursorInfo(imageName=fxgl_default_cursor.png, hotspotX=7.0, hotspotY=6.0)
21:20:31.242 [FXGL Background Thread 3 ] DEBUG Engine               - devBBoxColorProperty: ObjectProperty [value: 0xff0000ff]
21:20:31.242 [FXGL Background Thread 3 ] DEBUG Engine               - devEnableDebugCameraProperty: BooleanProperty [value: false]
21:20:31.243 [FXGL Background Thread 3 ] DEBUG Engine               - devSensorColorProperty: ObjectProperty [value: 0xffff00ff]
21:20:31.243 [FXGL Background Thread 3 ] DEBUG Engine               - devShowBBoxProperty: BooleanProperty [value: false]
21:20:31.246 [FXGL Background Thread 3 ] DEBUG Engine               - devShowPositionProperty: BooleanProperty [value: false]
21:20:31.246 [FXGL Background Thread 3 ] DEBUG Engine               - enabledMenuItems: []
21:20:31.246 [FXGL Background Thread 3 ] DEBUG Engine               - engineServices: [class com.almasb.fxgl.app.services.FXGLAssetLoaderService, class com.almasb.fxgl.app.FXGLApplication$GameApplicationService, class com.almasb.fxgl.app.services.FXGLDialogService, class com.almasb.fxgl.app.services.IOTaskExecutorService, class com.almasb.fxgl.io.FileSystemService, class com.almasb.fxgl.localization.LocalizationService, class com.almasb.fxgl.app.services.SystemBundleService, class com.almasb.fxgl.profile.SaveLoadService, class com.almasb.fxgl.ui.FXGLUIFactoryServiceProvider, class com.almasb.fxgl.ui.FXGLDialogFactoryServiceProvider, class com.almasb.fxgl.audio.AudioPlayer, class com.almasb.fxgl.notification.impl.NotificationServiceProvider, class com.almasb.fxgl.achievement.AchievementService, class com.almasb.fxgl.cutscene.CutsceneService, class com.almasb.fxgl.minigames.MiniGameService, class com.almasb.fxgl.net.NetService, class com.almasb.fxgl.app.services.UpdaterService, class com.almasb.fxgl.dev.DevService]
21:20:31.246 [FXGL Background Thread 3 ] DEBUG Engine               - fontGame: Abel-Regular.ttf
21:20:31.246 [FXGL Background Thread 3 ] DEBUG Engine               - fontMono: TerminalLandMono-Regular.otf
21:20:31.246 [FXGL Background Thread 3 ] DEBUG Engine               - fontSizeScaleUI: 1.0
21:20:31.246 [FXGL Background Thread 3 ] DEBUG Engine               - fontText: Courier-Prime.ttf
21:20:31.246 [FXGL Background Thread 3 ] DEBUG Engine               - fontUI: VarelaRound-Regular.ttf
21:20:31.246 [FXGL Background Thread 3 ] DEBUG Engine               - fullScreen: BooleanProperty [value: false]
21:20:31.247 [FXGL Background Thread 3 ] DEBUG Engine               - gameDifficulty: MEDIUM
21:20:31.247 [FXGL Background Thread 3 ] DEBUG Engine               - gameDifficultyProperty: ObjectProperty [value: MEDIUM]
21:20:31.247 [FXGL Background Thread 3 ] DEBUG Engine               - globalMusicVolume: 0.5
21:20:31.247 [FXGL Background Thread 3 ] DEBUG Engine               - globalMusicVolumeProperty: DoubleProperty [value: 0.5]
21:20:31.247 [FXGL Background Thread 3 ] DEBUG Engine               - globalSoundVolume: 0.5
21:20:31.248 [FXGL Background Thread 3 ] DEBUG Engine               - globalSoundVolumeProperty: DoubleProperty [value: 0.5]
21:20:31.249 [FXGL Background Thread 3 ] DEBUG Engine               - height: 600
21:20:31.249 [FXGL Background Thread 3 ] DEBUG Engine               - is3D: false
21:20:31.249 [FXGL Background Thread 3 ] DEBUG Engine               - isAndroid: false
21:20:31.249 [FXGL Background Thread 3 ] DEBUG Engine               - isBrowser: false
21:20:31.249 [FXGL Background Thread 3 ] DEBUG Engine               - isClickFeedbackEnabled: false
21:20:31.249 [FXGL Background Thread 3 ] DEBUG Engine               - isCloseConfirmation: false
21:20:31.249 [FXGL Background Thread 3 ] DEBUG Engine               - isDesktop: true
21:20:31.249 [FXGL Background Thread 3 ] DEBUG Engine               - isDeveloperMenuEnabled: false
21:20:31.249 [FXGL Background Thread 3 ] DEBUG Engine               - isEmbedded: false
21:20:31.249 [FXGL Background Thread 3 ] DEBUG Engine               - isEntityPreloadEnabled: true
21:20:31.249 [FXGL Background Thread 3 ] DEBUG Engine               - isExperimentalTiledLargeMap: false
21:20:31.250 [FXGL Background Thread 3 ] DEBUG Engine               - isFileSystemWriteAllowed: true
21:20:31.250 [FXGL Background Thread 3 ] DEBUG Engine               - isFullScreenAllowed: false
21:20:31.250 [FXGL Background Thread 3 ] DEBUG Engine               - isFullScreenFromStart: false
21:20:31.250 [FXGL Background Thread 3 ] DEBUG Engine               - isGameMenuEnabled: true
21:20:31.250 [FXGL Background Thread 3 ] DEBUG Engine               - isIOS: false
21:20:31.250 [FXGL Background Thread 3 ] DEBUG Engine               - isIntroEnabled: false
21:20:31.250 [FXGL Background Thread 3 ] DEBUG Engine               - isLinux: false
21:20:31.250 [FXGL Background Thread 3 ] DEBUG Engine               - isMac: false
21:20:31.251 [FXGL Background Thread 3 ] DEBUG Engine               - isMainMenuEnabled: false
21:20:31.253 [FXGL Background Thread 3 ] DEBUG Engine               - isManualResizeEnabled: false
21:20:31.253 [FXGL Background Thread 3 ] DEBUG Engine               - isMobile: false
21:20:31.253 [FXGL Background Thread 3 ] DEBUG Engine               - isNative: false
21:20:31.253 [FXGL Background Thread 3 ] DEBUG Engine               - isPauseMusicWhenMinimized: true
21:20:31.254 [FXGL Background Thread 3 ] DEBUG Engine               - isPreserveResizeRatio: false
21:20:31.254 [FXGL Background Thread 3 ] DEBUG Engine               - isProfilingEnabled: false
21:20:31.255 [FXGL Background Thread 3 ] DEBUG Engine               - isScaleAffectedOnResize: true
21:20:31.255 [FXGL Background Thread 3 ] DEBUG Engine               - isSingleStep: false
21:20:31.255 [FXGL Background Thread 3 ] DEBUG Engine               - isUserProfileEnabled: false
21:20:31.255 [FXGL Background Thread 3 ] DEBUG Engine               - isWindows: true
21:20:31.255 [FXGL Background Thread 3 ] DEBUG Engine               - language: ObjectProperty [value: ENGLISH]
21:20:31.255 [FXGL Background Thread 3 ] DEBUG Engine               - menuKey: ESCAPE
21:20:31.255 [FXGL Background Thread 3 ] DEBUG Engine               - mouseSensitivity: 0.2
21:20:31.255 [FXGL Background Thread 3 ] DEBUG Engine               - notificationViewClass: class com.almasb.fxgl.notification.view.XboxNotificationView
21:20:31.256 [FXGL Background Thread 3 ] DEBUG Engine               - pixelsPerMeter: 50.0
21:20:31.256 [FXGL Background Thread 3 ] DEBUG Engine               - platform: WINDOWS
21:20:31.256 [FXGL Background Thread 3 ] DEBUG Engine               - prefHeightProperty: ReadOnlyDoubleProperty [value: 600.0]
21:20:31.256 [FXGL Background Thread 3 ] DEBUG Engine               - prefWidthProperty: ReadOnlyDoubleProperty [value: 800.0]
21:20:31.256 [FXGL Background Thread 3 ] DEBUG Engine               - profileDir: profiles/
21:20:31.256 [FXGL Background Thread 3 ] DEBUG Engine               - profileName: StringProperty [value: DEFAULT]
21:20:31.256 [FXGL Background Thread 3 ] DEBUG Engine               - randomSeed: -1
21:20:31.256 [FXGL Background Thread 3 ] DEBUG Engine               - runtimeInfo: RuntimeInfo(platform=WINDOWS, version=21.1, build=26.03.2024 17.33)
21:20:31.256 [FXGL Background Thread 3 ] DEBUG Engine               - saveFileExt: sav
21:20:31.256 [FXGL Background Thread 3 ] DEBUG Engine               - scaledHeightProp$fxgl: DoubleProperty [bound, value: 600.0]
21:20:31.256 [FXGL Background Thread 3 ] DEBUG Engine               - scaledWidthProp$fxgl: DoubleProperty [bound, value: 800.0]
21:20:31.256 [FXGL Background Thread 3 ] DEBUG Engine               - sceneFactory: com.almasb.fxgl.app.scene.SceneFactory@58813e7e
21:20:31.256 [FXGL Background Thread 3 ] DEBUG Engine               - secondsIn24h: 60
21:20:31.256 [FXGL Background Thread 3 ] DEBUG Engine               - soundMenuBack: menu/back.wav
21:20:31.256 [FXGL Background Thread 3 ] DEBUG Engine               - soundMenuPress: menu/press.wav
21:20:31.256 [FXGL Background Thread 3 ] DEBUG Engine               - soundMenuSelect: menu/select.wav
21:20:31.256 [FXGL Background Thread 3 ] DEBUG Engine               - soundNotification: core/notification.wav
21:20:31.256 [FXGL Background Thread 3 ] DEBUG Engine               - stageStyle: DECORATED
21:20:31.256 [FXGL Background Thread 3 ] DEBUG Engine               - supportedLanguages: [ENGLISH, FRENCH, GERMAN, HUNGARIAN, RUSSIAN]
21:20:31.257 [FXGL Background Thread 3 ] DEBUG Engine               - ticksPerSecond: -1
21:20:31.257 [FXGL Background Thread 3 ] DEBUG Engine               - title: Among Us - Java Edition
21:20:31.257 [FXGL Background Thread 3 ] DEBUG Engine               - urlGithub: https://github.com/AlmasB/FXGL
21:20:31.257 [FXGL Background Thread 3 ] DEBUG Engine               - urlLeaderboard: http://fxgl-top.herokuapp.com/
21:20:31.257 [FXGL Background Thread 3 ] DEBUG Engine               - urlPOM: https://raw.githubusercontent.com/AlmasB/FXGL/release/README.md
21:20:31.257 [FXGL Background Thread 3 ] DEBUG Engine               - userAppClass: class main.java.amongUs.AppPrincipal
21:20:31.257 [FXGL Background Thread 3 ] DEBUG Engine               - version: 0.0
21:20:31.257 [FXGL Background Thread 3 ] DEBUG Engine               - versionCheckDays: 7
21:20:31.257 [FXGL Background Thread 3 ] DEBUG Engine               - width: 800
21:20:31.257 [FXGL Background Thread 3 ] DEBUG Engine               - Logging services
21:20:31.257 [FXGL Background Thread 3 ] DEBUG Engine               - class com.almasb.fxgl.app.services.FXGLAssetLoaderService
21:20:31.257 [FXGL Background Thread 3 ] DEBUG Engine               - class com.almasb.fxgl.app.FXGLApplication$GameApplicationService
21:20:31.257 [FXGL Background Thread 3 ] DEBUG Engine               - class com.almasb.fxgl.app.services.FXGLDialogService
21:20:31.257 [FXGL Background Thread 3 ] DEBUG Engine               - class com.almasb.fxgl.app.services.IOTaskExecutorService
21:20:31.257 [FXGL Background Thread 3 ] DEBUG Engine               - class com.almasb.fxgl.io.FileSystemService
21:20:31.257 [FXGL Background Thread 3 ] DEBUG Engine               - class com.almasb.fxgl.localization.LocalizationService
21:20:31.257 [FXGL Background Thread 3 ] DEBUG Engine               - class com.almasb.fxgl.app.services.SystemBundleService
21:20:31.257 [FXGL Background Thread 3 ] DEBUG Engine               - class com.almasb.fxgl.profile.SaveLoadService
21:20:31.257 [FXGL Background Thread 3 ] DEBUG Engine               - class com.almasb.fxgl.ui.FXGLUIFactoryServiceProvider
21:20:31.257 [FXGL Background Thread 3 ] DEBUG Engine               - class com.almasb.fxgl.ui.FXGLDialogFactoryServiceProvider
21:20:31.257 [FXGL Background Thread 3 ] DEBUG Engine               - class com.almasb.fxgl.audio.AudioPlayer
21:20:31.257 [FXGL Background Thread 3 ] DEBUG Engine               - class com.almasb.fxgl.notification.impl.NotificationServiceProvider
21:20:31.257 [FXGL Background Thread 3 ] DEBUG Engine               - class com.almasb.fxgl.achievement.AchievementService
21:20:31.257 [FXGL Background Thread 3 ] DEBUG Engine               - class com.almasb.fxgl.cutscene.CutsceneService
21:20:31.257 [FXGL Background Thread 3 ] DEBUG Engine               - class com.almasb.fxgl.minigames.MiniGameService
21:20:31.257 [FXGL Background Thread 3 ] DEBUG Engine               - class com.almasb.fxgl.net.NetService
21:20:31.257 [FXGL Background Thread 3 ] DEBUG Engine               - class com.almasb.fxgl.app.services.UpdaterService
21:20:31.257 [FXGL Background Thread 3 ] DEBUG Engine               - class com.almasb.fxgl.dev.DevService
21:20:35.152 [JavaFX Application Thread] DEBUG FXGLApplication      - Exiting FXGL
21:20:35.152 [JavaFX Application Thread] DEBUG LoopRunner           - Stopping loop
21:20:35.152 [JavaFX Application Thread] DEBUG SystemBundleService  - Saving FXGL system data
21:20:35.156 [JavaFX Application Thread] DEBUG FileSystemAccess     - Writing to: C:\Users\josue\OneDrive\Desktop\proyecto java\Among Us\system\fxgl.bundle
21:20:35.165 [JavaFX Application Thread] DEBUG Async                - Shutting down background threads
21:20:35.165 [JavaFX Application Thread] DEBUG PrimaryStageWindow   - Closing main window
21:20:35.233 [JavaFX Application Thread] DEBUG Logger               - Closing Logger
