23:34:24.534 [main                     ] DEBUG Logger               - Configured Logger
23:34:24.620 [main                     ] DEBUG GameApplication      - Logging settings
Title: Among Us - Java Edition
Version: 0.0
Width: 800
Height: 600
Fullscreen: false
Intro: false
Profiling: false
Single step:false
App Mode: DEVELOPER
Menu Key: ESCAPE
Stage Style: DECORATED
Scene Factory: class com.almasb.fxgl.app.scene.SceneFactory

23:34:25.752 [JavaFX Application Thread] DEBUG FXGLApplication      - Initializing FXGL
23:34:25.762 [JavaFX Application Thread] INFO  Engine               - FXGL-21.1 (26.03.2024 17.33) on WINDOWS (J:25.0.2 FX:21.0.1)
23:34:25.763 [JavaFX Application Thread] DEBUG Engine               - JRE Vendor Name: Oracle Corporation
23:34:25.763 [JavaFX Application Thread] DEBUG Engine               - Running on OS: Windows 11 version 10.0
23:34:25.763 [JavaFX Application Thread] DEBUG Engine               - Architecture: amd64
23:34:25.763 [JavaFX Application Thread] INFO  Engine               - Source code and latest versions at: https://github.com/AlmasB/FXGL
23:34:25.763 [JavaFX Application Thread] INFO  Engine               -       Ask questions and discuss at: https://github.com/AlmasB/FXGL/discussions
23:34:25.764 [JavaFX Application Thread] INFO  Engine               -              Join the FXGL chat at: https://gitter.im/AlmasB/FXGL
23:34:26.107 [JavaFX Application Thread] DEBUG PrimaryStageWindow   - Creating a JavaFX scene
23:34:26.259 [JavaFX Application Thread] DEBUG PrimaryStageWindow   - Target settings size: 800.0 x 600.0
23:34:26.260 [JavaFX Application Thread] DEBUG PrimaryStageWindow   - Scaled scene size:    800.0 x 600.0
23:34:26.261 [JavaFX Application Thread] DEBUG PrimaryStageWindow   - Scaled ratio: (1.0, 1.0)
23:34:26.262 [JavaFX Application Thread] DEBUG PrimaryStageWindow   - Set initial scene to FXGLStartupScene
23:34:26.271 [JavaFX Application Thread] DEBUG PrimaryStageWindow   - Opening main window
23:34:26.477 [JavaFX Application Thread] DEBUG PrimaryStageWindow   - Window border size: (16.0, 39.0)
23:34:26.478 [JavaFX Application Thread] DEBUG PrimaryStageWindow   - Scaled size: 800.0 x 600.0
23:34:26.478 [JavaFX Application Thread] DEBUG PrimaryStageWindow   - Scaled ratio: (1.0, 1.0)
23:34:26.478 [JavaFX Application Thread] DEBUG PrimaryStageWindow   - Scene size: 800.0 x 600.0
23:34:26.479 [JavaFX Application Thread] DEBUG PrimaryStageWindow   - Stage size: 816.0 x 639.0
23:34:26.523 [FXGL Background Thread 1 ] DEBUG Engine               - Initializing environment variables
23:34:26.722 [FXGL Background Thread 1 ] DEBUG FXGLAssetLoaderServi - User app class for loading assets: class main.java.amongUs.AppPrincipal
23:34:26.722 [FXGL Background Thread 1 ] DEBUG GameApplicationServi - Applying CSS: fxgl_dark.css
23:34:26.723 [FXGL Background Thread 1 ] DEBUG FXGLAssetLoaderServi - Loading from file system: jar:file:/C:/Users/josue/OneDrive/Desktop/proyecto%20java/Among%20Us/lib/fxgl-21.1-uber.jar!/fxglassets/ui/css/fxgl_dark.css
23:34:26.837 [FXGL Background Thread 1 ] DEBUG GameApplicationServi - Initializing application scenes
23:34:27.072 [FXGL Background Thread 1 ] DEBUG GameWorld            - Game world initialized
23:34:27.160 [FXGL Background Thread 1 ] DEBUG PhysicsWorld         - Physics world initialized: appHeight=600, physics.ppm=50,0
23:34:27.161 [FXGL Background Thread 1 ] DEBUG PhysicsWorld         - Using strategy: BRUTE_FORCE
23:34:27.166 [FXGL Background Thread 1 ] DEBUG GameScene            - Game scene initialized: 800x600
23:34:27.185 [FXGL Background Thread 1 ] DEBUG FXGL.DefaultMenu     - createMenuBodyGameMenu()
23:34:27.220 [FXGL Background Thread 1 ] DEBUG FXGL.DefaultMenu     - createOptionsMenu()
23:34:27.241 [FXGL Background Thread 1 ] DEBUG FXGLAssetLoaderServi - Loading from file system: jar:file:/C:/Users/josue/OneDrive/Desktop/proyecto%20java/Among%20Us/lib/fxgl-21.1-uber.jar!/fxglassets/textures/particles/smoke.png
23:34:27.592 [FXGL Background Thread 1 ] DEBUG FXGLAssetLoaderServi - Loading from file system: jar:file:/C:/Users/josue/OneDrive/Desktop/proyecto%20java/Among%20Us/lib/fxgl-21.1-uber.jar!/fxglassets/textures/particles/trace_horizontal.png
23:34:27.657 [FXGL Background Thread 1 ] DEBUG GameApplicationServi - Application scenes initialized
23:34:27.686 [FXGL Background Thread 1 ] DEBUG SystemBundleService  - Loading FXGL system data
23:34:27.698 [FXGL Background Thread 1 ] DEBUG FileSystemAccess     - Reading from: C:\Users\josue\OneDrive\Desktop\proyecto java\Among Us\system\fxgl.bundle
23:34:27.712 [FXGL Background Thread 1 ] DEBUG SystemBundleService  - Bundle FXGL: {}
23:34:27.712 [FXGL Background Thread 1 ] DEBUG UpdaterService       - Checking for updates
23:34:27.719 [FXGL Background Thread 1 ] DEBUG FXGLApplication      - Loading default localization
23:34:27.720 [FXGL Background Thread 1 ] DEBUG FXGLAssetLoaderServi - Loading from file system: jar:file:/C:/Users/josue/OneDrive/Desktop/proyecto%20java/Among%20Us/lib/fxgl-21.1-uber.jar!/fxglassets/languages/english.lang
23:34:27.754 [FXGL Background Thread 1 ] INFO  FXGLApplication      - FXGL initialization took: 1,231 sec
23:34:27.757 [JavaFX Application Thread] DEBUG FXGLAssetLoaderServi - Loading from file system: jar:file:/C:/Users/josue/OneDrive/Desktop/proyecto%20java/Among%20Us/lib/fxgl-21.1-uber.jar!/fxglassets/textures/fxgl_icon.png
23:34:27.789 [FXGL Background Thread 4 ] DEBUG FXGLApplication      - Loading fonts
23:34:27.790 [FXGL Background Thread 4 ] DEBUG FXGLAssetLoaderServi - Loading from file system: jar:file:/C:/Users/josue/OneDrive/Desktop/proyecto%20java/Among%20Us/lib/fxgl-21.1-uber.jar!/fxglassets/ui/fonts/VarelaRound-Regular.ttf
23:34:27.812 [JavaFX Application Thread] DEBUG FXGLAssetLoaderServi - Loading from file system: jar:file:/C:/Users/josue/OneDrive/Desktop/proyecto%20java/Among%20Us/lib/fxgl-21.1-uber.jar!/fxglassets/textures/fxgl_default_cursor.png
23:34:27.832 [JavaFX Application Thread] DEBUG Input                - Registered new binding: Screenshot - CTRL+8
23:34:27.834 [JavaFX Application Thread] DEBUG Input                - Registered new binding: System info dump - CTRL+9
23:34:27.837 [JavaFX Application Thread] DEBUG Input                - Registered new binding: Restart - CTRL+R
23:34:27.837 [JavaFX Application Thread] DEBUG Input                - Registered new binding: Toggle Debug Camera - CTRL+7
23:34:27.845 [JavaFX Application Thread] DEBUG LoopRunner           - Starting loop
23:34:27.846 [JavaFX Application Thread] DEBUG LoopRunner           - Initializing JavaFX AnimationTimerLoop
23:34:27.851 [JavaFX Application Thread] DEBUG GameApplicationServi - Starting new game
23:34:27.852 [JavaFX Application Thread] DEBUG Input                - Clearing active input actions
23:34:27.901 [JavaFX Application Thread] DEBUG GameApplicationServi - Removing overlay from FXGLStartupScene and adding to FXGLLoadingScene
23:34:27.901 [JavaFX Application Thread] DEBUG PrimaryStageWindow   - FXGLStartupScene -> FXGLLoadingScene
23:34:27.902 [JavaFX Application Thread] DEBUG GameApplicationServi - Clearing previous game
23:34:27.902 [JavaFX Application Thread] DEBUG GameScene            - Clearing game scene
23:34:27.902 [JavaFX Application Thread] DEBUG GameWorld            - Clearing game world
23:34:27.903 [JavaFX Application Thread] DEBUG PhysicsWorld         - Clearing physics world
23:34:27.908 [FXGL Background Thread 1 ] DEBUG FXGLApplication      - Initializing game
23:34:27.925 [FXGL Background Thread 1 ] WARN  FXGLAssetLoaderServi - Asset "/assets/levels/mapa2.tmx" was not found!
23:34:28.819 [FXGL Background Thread 1 ] INFO  FXGLApplication      - Game initialization took: 0,911 sec
23:34:28.855 [JavaFX Application Thread] DEBUG Input                - Clearing active input actions
23:34:28.892 [JavaFX Application Thread] DEBUG GameApplicationServi - Removing overlay from FXGLLoadingScene and adding to GameScene
23:34:28.893 [JavaFX Application Thread] DEBUG PrimaryStageWindow   - FXGLLoadingScene -> GameScene
23:34:29.090 [FXGL Background Thread 4 ] DEBUG FXGLAssetLoaderServi - Loading from file system: jar:file:/C:/Users/josue/OneDrive/Desktop/proyecto%20java/Among%20Us/lib/fxgl-21.1-uber.jar!/fxglassets/ui/fonts/Abel-Regular.ttf
23:34:29.096 [FXGL Background Thread 4 ] DEBUG FXGLAssetLoaderServi - Loading from file system: jar:file:/C:/Users/josue/OneDrive/Desktop/proyecto%20java/Among%20Us/lib/fxgl-21.1-uber.jar!/fxglassets/ui/fonts/TerminalLandMono-Regular.otf
23:34:29.105 [FXGL Background Thread 4 ] DEBUG FXGLAssetLoaderServi - Loading from file system: jar:file:/C:/Users/josue/OneDrive/Desktop/proyecto%20java/Among%20Us/lib/fxgl-21.1-uber.jar!/fxglassets/ui/fonts/Courier-Prime.ttf
23:34:29.121 [JavaFX Application Thread] DEBUG FXGLApplication      - Registering font factories with UI factory
23:34:30.218 [FXGL Background Thread 2 ] INFO  UpdaterService       - Your current version:  21.1
23:34:30.218 [FXGL Background Thread 2 ] INFO  UpdaterService       - Latest stable version: 25
23:34:30.716 [FXGL Background Thread 3 ] DEBUG Engine               - Logging environment variables
23:34:30.717 [FXGL Background Thread 3 ] DEBUG Engine               - achievements: []
23:34:30.717 [FXGL Background Thread 3 ] DEBUG Engine               - actualHeight: 600.0
23:34:30.717 [FXGL Background Thread 3 ] DEBUG Engine               - actualHeightProperty: ReadOnlyDoubleProperty [value: 600.0]
23:34:30.717 [FXGL Background Thread 3 ] DEBUG Engine               - actualWidth: 800.0
23:34:30.717 [FXGL Background Thread 3 ] DEBUG Engine               - actualWidthProperty: ReadOnlyDoubleProperty [value: 800.0]
23:34:30.717 [FXGL Background Thread 3 ] DEBUG Engine               - appIcon: fxgl_icon.png
23:34:30.717 [FXGL Background Thread 3 ] DEBUG Engine               - applicationMode: DEVELOPER
23:34:30.719 [FXGL Background Thread 3 ] DEBUG Engine               - cSSList: [fxgl_dark.css]
23:34:30.719 [FXGL Background Thread 3 ] DEBUG Engine               - collisionDetectionStrategy: BRUTE_FORCE
23:34:30.719 [FXGL Background Thread 3 ] DEBUG Engine               - configClass: Optional.empty
23:34:30.720 [FXGL Background Thread 3 ] DEBUG Engine               - credits: []
23:34:30.720 [FXGL Background Thread 3 ] DEBUG Engine               - defaultCursor: CursorInfo(imageName=fxgl_default_cursor.png, hotspotX=7.0, hotspotY=6.0)
23:34:30.720 [FXGL Background Thread 3 ] DEBUG Engine               - devBBoxColorProperty: ObjectProperty [value: 0xff0000ff]
23:34:30.721 [FXGL Background Thread 3 ] DEBUG Engine               - devEnableDebugCameraProperty: BooleanProperty [value: false]
23:34:30.721 [FXGL Background Thread 3 ] DEBUG Engine               - devSensorColorProperty: ObjectProperty [value: 0xffff00ff]
23:34:30.721 [FXGL Background Thread 3 ] DEBUG Engine               - devShowBBoxProperty: BooleanProperty [value: false]
23:34:30.721 [FXGL Background Thread 3 ] DEBUG Engine               - devShowPositionProperty: BooleanProperty [value: false]
23:34:30.721 [FXGL Background Thread 3 ] DEBUG Engine               - enabledMenuItems: []
23:34:30.721 [FXGL Background Thread 3 ] DEBUG Engine               - engineServices: [class com.almasb.fxgl.app.services.FXGLAssetLoaderService, class com.almasb.fxgl.app.FXGLApplication$GameApplicationService, class com.almasb.fxgl.app.services.FXGLDialogService, class com.almasb.fxgl.app.services.IOTaskExecutorService, class com.almasb.fxgl.io.FileSystemService, class com.almasb.fxgl.localization.LocalizationService, class com.almasb.fxgl.app.services.SystemBundleService, class com.almasb.fxgl.profile.SaveLoadService, class com.almasb.fxgl.ui.FXGLUIFactoryServiceProvider, class com.almasb.fxgl.ui.FXGLDialogFactoryServiceProvider, class com.almasb.fxgl.audio.AudioPlayer, class com.almasb.fxgl.notification.impl.NotificationServiceProvider, class com.almasb.fxgl.achievement.AchievementService, class com.almasb.fxgl.cutscene.CutsceneService, class com.almasb.fxgl.minigames.MiniGameService, class com.almasb.fxgl.net.NetService, class com.almasb.fxgl.app.services.UpdaterService, class com.almasb.fxgl.dev.DevService]
23:34:30.721 [FXGL Background Thread 3 ] DEBUG Engine               - fontGame: Abel-Regular.ttf
23:34:30.721 [FXGL Background Thread 3 ] DEBUG Engine               - fontMono: TerminalLandMono-Regular.otf
23:34:30.721 [FXGL Background Thread 3 ] DEBUG Engine               - fontSizeScaleUI: 1.0
23:34:30.721 [FXGL Background Thread 3 ] DEBUG Engine               - fontText: Courier-Prime.ttf
23:34:30.721 [FXGL Background Thread 3 ] DEBUG Engine               - fontUI: VarelaRound-Regular.ttf
23:34:30.722 [FXGL Background Thread 3 ] DEBUG Engine               - fullScreen: BooleanProperty [value: false]
23:34:30.722 [FXGL Background Thread 3 ] DEBUG Engine               - gameDifficulty: MEDIUM
23:34:30.722 [FXGL Background Thread 3 ] DEBUG Engine               - gameDifficultyProperty: ObjectProperty [value: MEDIUM]
23:34:30.722 [FXGL Background Thread 3 ] DEBUG Engine               - globalMusicVolume: 0.5
23:34:30.722 [FXGL Background Thread 3 ] DEBUG Engine               - globalMusicVolumeProperty: DoubleProperty [value: 0.5]
23:34:30.722 [FXGL Background Thread 3 ] DEBUG Engine               - globalSoundVolume: 0.5
23:34:30.722 [FXGL Background Thread 3 ] DEBUG Engine               - globalSoundVolumeProperty: DoubleProperty [value: 0.5]
23:34:30.722 [FXGL Background Thread 3 ] DEBUG Engine               - height: 600
23:34:30.722 [FXGL Background Thread 3 ] DEBUG Engine               - is3D: false
23:34:30.722 [FXGL Background Thread 3 ] DEBUG Engine               - isAndroid: false
23:34:30.722 [FXGL Background Thread 3 ] DEBUG Engine               - isBrowser: false
23:34:30.723 [FXGL Background Thread 3 ] DEBUG Engine               - isClickFeedbackEnabled: false
23:34:30.723 [FXGL Background Thread 3 ] DEBUG Engine               - isCloseConfirmation: false
23:34:30.723 [FXGL Background Thread 3 ] DEBUG Engine               - isDesktop: true
23:34:30.723 [FXGL Background Thread 3 ] DEBUG Engine               - isDeveloperMenuEnabled: false
23:34:30.723 [FXGL Background Thread 3 ] DEBUG Engine               - isEmbedded: false
23:34:30.723 [FXGL Background Thread 3 ] DEBUG Engine               - isEntityPreloadEnabled: true
23:34:30.723 [FXGL Background Thread 3 ] DEBUG Engine               - isExperimentalTiledLargeMap: false
23:34:30.723 [FXGL Background Thread 3 ] DEBUG Engine               - isFileSystemWriteAllowed: true
23:34:30.723 [FXGL Background Thread 3 ] DEBUG Engine               - isFullScreenAllowed: false
23:34:30.724 [FXGL Background Thread 3 ] DEBUG Engine               - isFullScreenFromStart: false
23:34:30.724 [FXGL Background Thread 3 ] DEBUG Engine               - isGameMenuEnabled: true
23:34:30.724 [FXGL Background Thread 3 ] DEBUG Engine               - isIOS: false
23:34:30.724 [FXGL Background Thread 3 ] DEBUG Engine               - isIntroEnabled: false
23:34:30.724 [FXGL Background Thread 3 ] DEBUG Engine               - isLinux: false
23:34:30.724 [FXGL Background Thread 3 ] DEBUG Engine               - isMac: false
23:34:30.724 [FXGL Background Thread 3 ] DEBUG Engine               - isMainMenuEnabled: false
23:34:30.724 [FXGL Background Thread 3 ] DEBUG Engine               - isManualResizeEnabled: false
23:34:30.724 [FXGL Background Thread 3 ] DEBUG Engine               - isMobile: false
23:34:30.724 [FXGL Background Thread 3 ] DEBUG Engine               - isNative: false
23:34:30.724 [FXGL Background Thread 3 ] DEBUG Engine               - isPauseMusicWhenMinimized: true
23:34:30.724 [FXGL Background Thread 3 ] DEBUG Engine               - isPreserveResizeRatio: false
23:34:30.724 [FXGL Background Thread 3 ] DEBUG Engine               - isProfilingEnabled: false
23:34:30.724 [FXGL Background Thread 3 ] DEBUG Engine               - isScaleAffectedOnResize: true
23:34:30.724 [FXGL Background Thread 3 ] DEBUG Engine               - isSingleStep: false
23:34:30.724 [FXGL Background Thread 3 ] DEBUG Engine               - isUserProfileEnabled: false
23:34:30.724 [FXGL Background Thread 3 ] DEBUG Engine               - isWindows: true
23:34:30.724 [FXGL Background Thread 3 ] DEBUG Engine               - language: ObjectProperty [value: ENGLISH]
23:34:30.725 [FXGL Background Thread 3 ] DEBUG Engine               - menuKey: ESCAPE
23:34:30.725 [FXGL Background Thread 3 ] DEBUG Engine               - mouseSensitivity: 0.2
23:34:30.725 [FXGL Background Thread 3 ] DEBUG Engine               - notificationViewClass: class com.almasb.fxgl.notification.view.XboxNotificationView
23:34:30.725 [FXGL Background Thread 3 ] DEBUG Engine               - pixelsPerMeter: 50.0
23:34:30.725 [FXGL Background Thread 3 ] DEBUG Engine               - platform: WINDOWS
23:34:30.725 [FXGL Background Thread 3 ] DEBUG Engine               - prefHeightProperty: ReadOnlyDoubleProperty [value: 600.0]
23:34:30.725 [FXGL Background Thread 3 ] DEBUG Engine               - prefWidthProperty: ReadOnlyDoubleProperty [value: 800.0]
23:34:30.725 [FXGL Background Thread 3 ] DEBUG Engine               - profileDir: profiles/
23:34:30.725 [FXGL Background Thread 3 ] DEBUG Engine               - profileName: StringProperty [value: DEFAULT]
23:34:30.725 [FXGL Background Thread 3 ] DEBUG Engine               - randomSeed: -1
23:34:30.726 [FXGL Background Thread 3 ] DEBUG Engine               - runtimeInfo: RuntimeInfo(platform=WINDOWS, version=21.1, build=26.03.2024 17.33)
23:34:30.726 [FXGL Background Thread 3 ] DEBUG Engine               - saveFileExt: sav
23:34:30.726 [FXGL Background Thread 3 ] DEBUG Engine               - scaledHeightProp$fxgl: DoubleProperty [bound, value: 600.0]
23:34:30.726 [FXGL Background Thread 3 ] DEBUG Engine               - scaledWidthProp$fxgl: DoubleProperty [bound, value: 800.0]
23:34:30.726 [FXGL Background Thread 3 ] DEBUG Engine               - sceneFactory: com.almasb.fxgl.app.scene.SceneFactory@63b90a18
23:34:30.726 [FXGL Background Thread 3 ] DEBUG Engine               - secondsIn24h: 60
23:34:30.726 [FXGL Background Thread 3 ] DEBUG Engine               - soundMenuBack: menu/back.wav
23:34:30.726 [FXGL Background Thread 3 ] DEBUG Engine               - soundMenuPress: menu/press.wav
23:34:30.726 [FXGL Background Thread 3 ] DEBUG Engine               - soundMenuSelect: menu/select.wav
23:34:30.726 [FXGL Background Thread 3 ] DEBUG Engine               - soundNotification: core/notification.wav
23:34:30.726 [FXGL Background Thread 3 ] DEBUG Engine               - stageStyle: DECORATED
23:34:30.726 [FXGL Background Thread 3 ] DEBUG Engine               - supportedLanguages: [ENGLISH, FRENCH, GERMAN, HUNGARIAN, RUSSIAN]
23:34:30.726 [FXGL Background Thread 3 ] DEBUG Engine               - ticksPerSecond: -1
23:34:30.726 [FXGL Background Thread 3 ] DEBUG Engine               - title: Among Us - Java Edition
23:34:30.726 [FXGL Background Thread 3 ] DEBUG Engine               - urlGithub: https://github.com/AlmasB/FXGL
23:34:30.726 [FXGL Background Thread 3 ] DEBUG Engine               - urlLeaderboard: http://fxgl-top.herokuapp.com/
23:34:30.726 [FXGL Background Thread 3 ] DEBUG Engine               - urlPOM: https://raw.githubusercontent.com/AlmasB/FXGL/release/README.md
23:34:30.726 [FXGL Background Thread 3 ] DEBUG Engine               - userAppClass: class main.java.amongUs.AppPrincipal
23:34:30.727 [FXGL Background Thread 3 ] DEBUG Engine               - version: 0.0
23:34:30.727 [FXGL Background Thread 3 ] DEBUG Engine               - versionCheckDays: 7
23:34:30.727 [FXGL Background Thread 3 ] DEBUG Engine               - width: 800
23:34:30.727 [FXGL Background Thread 3 ] DEBUG Engine               - Logging services
23:34:30.727 [FXGL Background Thread 3 ] DEBUG Engine               - class com.almasb.fxgl.app.services.FXGLAssetLoaderService
23:34:30.727 [FXGL Background Thread 3 ] DEBUG Engine               - class com.almasb.fxgl.app.FXGLApplication$GameApplicationService
23:34:30.727 [FXGL Background Thread 3 ] DEBUG Engine               - class com.almasb.fxgl.app.services.FXGLDialogService
23:34:30.727 [FXGL Background Thread 3 ] DEBUG Engine               - class com.almasb.fxgl.app.services.IOTaskExecutorService
23:34:30.727 [FXGL Background Thread 3 ] DEBUG Engine               - class com.almasb.fxgl.io.FileSystemService
23:34:30.727 [FXGL Background Thread 3 ] DEBUG Engine               - class com.almasb.fxgl.localization.LocalizationService
23:34:30.727 [FXGL Background Thread 3 ] DEBUG Engine               - class com.almasb.fxgl.app.services.SystemBundleService
23:34:30.727 [FXGL Background Thread 3 ] DEBUG Engine               - class com.almasb.fxgl.profile.SaveLoadService
23:34:30.727 [FXGL Background Thread 3 ] DEBUG Engine               - class com.almasb.fxgl.ui.FXGLUIFactoryServiceProvider
23:34:30.727 [FXGL Background Thread 3 ] DEBUG Engine               - class com.almasb.fxgl.ui.FXGLDialogFactoryServiceProvider
23:34:30.727 [FXGL Background Thread 3 ] DEBUG Engine               - class com.almasb.fxgl.audio.AudioPlayer
23:34:30.727 [FXGL Background Thread 3 ] DEBUG Engine               - class com.almasb.fxgl.notification.impl.NotificationServiceProvider
23:34:30.727 [FXGL Background Thread 3 ] DEBUG Engine               - class com.almasb.fxgl.achievement.AchievementService
23:34:30.727 [FXGL Background Thread 3 ] DEBUG Engine               - class com.almasb.fxgl.cutscene.CutsceneService
23:34:30.727 [FXGL Background Thread 3 ] DEBUG Engine               - class com.almasb.fxgl.minigames.MiniGameService
23:34:30.727 [FXGL Background Thread 3 ] DEBUG Engine               - class com.almasb.fxgl.net.NetService
23:34:30.727 [FXGL Background Thread 3 ] DEBUG Engine               - class com.almasb.fxgl.app.services.UpdaterService
23:34:30.727 [FXGL Background Thread 3 ] DEBUG Engine               - class com.almasb.fxgl.dev.DevService
23:34:33.162 [JavaFX Application Thread] DEBUG FXGLAssetLoaderServi - Loading from file system: file:/C:/Users/josue/OneDrive/Desktop/proyecto%20java/Among%20Us/out/production/Among%20Us/assets/sounds/clickBoton.mp3
23:34:45.008 [JavaFX Application Thread] DEBUG FXGLApplication      - Exiting FXGL
23:34:45.008 [JavaFX Application Thread] DEBUG LoopRunner           - Stopping loop
23:34:45.009 [JavaFX Application Thread] DEBUG SystemBundleService  - Saving FXGL system data
23:34:45.013 [JavaFX Application Thread] DEBUG FileSystemAccess     - Writing to: C:\Users\josue\OneDrive\Desktop\proyecto java\Among Us\system\fxgl.bundle
23:34:45.019 [JavaFX Application Thread] DEBUG Async                - Shutting down background threads
23:34:45.019 [JavaFX Application Thread] DEBUG PrimaryStageWindow   - Closing main window
23:34:45.048 [JavaFX Application Thread] DEBUG Logger               - Closing Logger
