22:10:06.602 [main                     ] DEBUG Logger               - Configured Logger
22:10:06.610 [main                     ] DEBUG GameApplication      - Logging settings
Title: Among Us UNEG
Version: 0.0
Width: 800
Height: 600
Fullscreen: false
Intro: false
Profiling: false
Single step:false
App Mode: DEVELOPER
Menu Key: ESCAPE
Stage Style: DECORATED
Scene Factory: class com.almasb.fxgl.app.scene.SceneFactory

22:10:07.031 [JavaFX Application Thread] DEBUG FXGLApplication      - Initializing FXGL
22:10:07.032 [JavaFX Application Thread] INFO  Engine               - FXGL-21.1 (26.03.2024 17.33) on WINDOWS (J:25.0.2 FX:21.0.1)
22:10:07.034 [JavaFX Application Thread] DEBUG Engine               - JRE Vendor Name: Oracle Corporation
22:10:07.034 [JavaFX Application Thread] DEBUG Engine               - Running on OS: Windows 11 version 10.0
22:10:07.034 [JavaFX Application Thread] DEBUG Engine               - Architecture: amd64
22:10:07.034 [JavaFX Application Thread] INFO  Engine               - Source code and latest versions at: https://github.com/AlmasB/FXGL
22:10:07.034 [JavaFX Application Thread] INFO  Engine               -       Ask questions and discuss at: https://github.com/AlmasB/FXGL/discussions
22:10:07.034 [JavaFX Application Thread] INFO  Engine               -              Join the FXGL chat at: https://gitter.im/AlmasB/FXGL
22:10:07.112 [JavaFX Application Thread] DEBUG PrimaryStageWindow   - Creating a JavaFX scene
22:10:07.148 [JavaFX Application Thread] DEBUG PrimaryStageWindow   - Target settings size: 800.0 x 600.0
22:10:07.148 [JavaFX Application Thread] DEBUG PrimaryStageWindow   - Scaled scene size:    800.0 x 600.0
22:10:07.149 [JavaFX Application Thread] DEBUG PrimaryStageWindow   - Scaled ratio: (1.0, 1.0)
22:10:07.149 [JavaFX Application Thread] DEBUG PrimaryStageWindow   - Set initial scene to FXGLStartupScene
22:10:07.152 [JavaFX Application Thread] DEBUG PrimaryStageWindow   - Opening main window
22:10:07.253 [JavaFX Application Thread] DEBUG PrimaryStageWindow   - Window border size: (14.66668701171875, 37.33331298828125)
22:10:07.253 [JavaFX Application Thread] DEBUG PrimaryStageWindow   - Scaled size: 800.0 x 600.0
22:10:07.253 [JavaFX Application Thread] DEBUG PrimaryStageWindow   - Scaled ratio: (1.0, 1.0)
22:10:07.253 [JavaFX Application Thread] DEBUG PrimaryStageWindow   - Scene size: 800.0 x 600.0
22:10:07.254 [JavaFX Application Thread] DEBUG PrimaryStageWindow   - Stage size: 814.6666870117188 x 637.3333129882812
22:10:07.261 [FXGL Background Thread 1 ] DEBUG Engine               - Initializing environment variables
22:10:07.324 [FXGL Background Thread 1 ] DEBUG FXGLAssetLoaderServi - User app class for loading assets: class main.java.amongUs.AppPrincipal
22:10:07.324 [FXGL Background Thread 1 ] DEBUG GameApplicationServi - Applying CSS: fxgl_dark.css
22:10:07.325 [FXGL Background Thread 1 ] DEBUG FXGLAssetLoaderServi - Loading from file system: jar:file:/C:/Users/nicol/Desktop/amongu/lib/fxgl-21.1-uber.jar!/fxglassets/ui/css/fxgl_dark.css
22:10:07.356 [FXGL Background Thread 1 ] DEBUG GameApplicationServi - Initializing application scenes
22:10:07.387 [FXGL Background Thread 1 ] DEBUG GameWorld            - Game world initialized
22:10:07.434 [FXGL Background Thread 1 ] DEBUG PhysicsWorld         - Physics world initialized: appHeight=600, physics.ppm=50,0
22:10:07.435 [FXGL Background Thread 1 ] DEBUG PhysicsWorld         - Using strategy: BRUTE_FORCE
22:10:07.438 [FXGL Background Thread 1 ] DEBUG GameScene            - Game scene initialized: 800x600
22:10:07.449 [FXGL Background Thread 1 ] DEBUG FXGL.DefaultMenu     - createMenuBodyGameMenu()
22:10:07.462 [FXGL Background Thread 1 ] DEBUG FXGL.DefaultMenu     - createOptionsMenu()
22:10:07.476 [FXGL Background Thread 1 ] DEBUG FXGLAssetLoaderServi - Loading from file system: jar:file:/C:/Users/nicol/Desktop/amongu/lib/fxgl-21.1-uber.jar!/fxglassets/textures/particles/smoke.png
22:10:07.555 [FXGL Background Thread 1 ] DEBUG FXGLAssetLoaderServi - Loading from file system: jar:file:/C:/Users/nicol/Desktop/amongu/lib/fxgl-21.1-uber.jar!/fxglassets/textures/particles/trace_horizontal.png
22:10:07.580 [FXGL Background Thread 1 ] DEBUG GameApplicationServi - Application scenes initialized
22:10:07.593 [FXGL Background Thread 1 ] DEBUG SystemBundleService  - Loading FXGL system data
22:10:07.597 [FXGL Background Thread 1 ] DEBUG FileSystemAccess     - Reading from: C:\Users\nicol\Desktop\amongu\system\fxgl.bundle
22:10:07.604 [FXGL Background Thread 1 ] DEBUG SystemBundleService  - Bundle FXGL: {}
22:10:07.605 [FXGL Background Thread 1 ] DEBUG UpdaterService       - Checking for updates
22:10:07.608 [FXGL Background Thread 4 ] DEBUG FXGLApplication      - Loading fonts
22:10:07.609 [FXGL Background Thread 1 ] DEBUG FXGLApplication      - Loading default localization
22:10:07.609 [FXGL Background Thread 4 ] DEBUG FXGLAssetLoaderServi - Loading from file system: jar:file:/C:/Users/nicol/Desktop/amongu/lib/fxgl-21.1-uber.jar!/fxglassets/ui/fonts/VarelaRound-Regular.ttf
22:10:07.609 [FXGL Background Thread 1 ] DEBUG FXGLAssetLoaderServi - Loading from file system: jar:file:/C:/Users/nicol/Desktop/amongu/lib/fxgl-21.1-uber.jar!/fxglassets/languages/english.lang
22:10:07.627 [FXGL Background Thread 1 ] INFO  FXGLApplication      - FXGL initialization took: 0,365 sec
22:10:07.636 [JavaFX Application Thread] DEBUG Input                - Registered new binding: Mover Arriba - W
22:10:07.636 [JavaFX Application Thread] DEBUG Input                - Registered new binding: Mover Abajo - S
22:10:07.636 [JavaFX Application Thread] DEBUG Input                - Registered new binding: Mover Izquierda - A
22:10:07.637 [JavaFX Application Thread] DEBUG Input                - Registered new binding: Mover Derecha - D
22:10:07.637 [JavaFX Application Thread] DEBUG Input                - Registered new binding: Abrir Camaras - C
22:10:07.637 [JavaFX Application Thread] DEBUG FXGLAssetLoaderServi - Loading from file system: file:/C:/Users/nicol/Desktop/amongu/out/production/Among%20Us/assets/textures/icono.png
22:10:07.652 [FXGL Background Thread 4 ] DEBUG FXGLAssetLoaderServi - Loading from file system: jar:file:/C:/Users/nicol/Desktop/amongu/lib/fxgl-21.1-uber.jar!/fxglassets/ui/fonts/Abel-Regular.ttf
22:10:07.657 [FXGL Background Thread 4 ] DEBUG FXGLAssetLoaderServi - Loading from file system: jar:file:/C:/Users/nicol/Desktop/amongu/lib/fxgl-21.1-uber.jar!/fxglassets/ui/fonts/TerminalLandMono-Regular.otf
22:10:07.661 [FXGL Background Thread 4 ] DEBUG FXGLAssetLoaderServi - Loading from file system: jar:file:/C:/Users/nicol/Desktop/amongu/lib/fxgl-21.1-uber.jar!/fxglassets/ui/fonts/Courier-Prime.ttf
22:10:07.664 [JavaFX Application Thread] DEBUG FXGLAssetLoaderServi - Loading from file system: jar:file:/C:/Users/nicol/Desktop/amongu/lib/fxgl-21.1-uber.jar!/fxglassets/textures/fxgl_default_cursor.png
22:10:07.666 [JavaFX Application Thread] DEBUG Input                - Registered new binding: Screenshot - CTRL+8
22:10:07.667 [JavaFX Application Thread] DEBUG Input                - Registered new binding: System info dump - CTRL+9
22:10:07.667 [JavaFX Application Thread] DEBUG Input                - Registered new binding: Restart - CTRL+R
22:10:07.668 [JavaFX Application Thread] DEBUG Input                - Registered new binding: Toggle Debug Camera - CTRL+7
22:10:07.671 [JavaFX Application Thread] DEBUG LoopRunner           - Starting loop
22:10:07.671 [JavaFX Application Thread] DEBUG LoopRunner           - Initializing JavaFX AnimationTimerLoop
22:10:07.673 [JavaFX Application Thread] DEBUG GameApplicationServi - Starting new game
22:10:07.673 [JavaFX Application Thread] DEBUG Input                - Clearing active input actions
22:10:07.685 [JavaFX Application Thread] DEBUG GameApplicationServi - Removing overlay from FXGLStartupScene and adding to FXGLLoadingScene
22:10:07.686 [JavaFX Application Thread] DEBUG PrimaryStageWindow   - FXGLStartupScene -> FXGLLoadingScene
22:10:07.686 [JavaFX Application Thread] DEBUG GameApplicationServi - Clearing previous game
22:10:07.686 [JavaFX Application Thread] DEBUG GameScene            - Clearing game scene
22:10:07.686 [JavaFX Application Thread] DEBUG GameWorld            - Clearing game world
22:10:07.686 [JavaFX Application Thread] DEBUG PhysicsWorld         - Clearing physics world
22:10:07.688 [FXGL Background Thread 4 ] DEBUG FXGLApplication      - Initializing game
22:10:07.688 [JavaFX Application Thread] DEBUG FXGLApplication      - Registering font factories with UI factory
22:10:07.694 [FXGL Background Thread 4 ] DEBUG FXGLAssetLoaderServi - Loading from file system: file:/C:/Users/nicol/Desktop/amongu/out/production/Among%20Us/assets/textures/MonitorDeCamaras.png
22:10:07.747 [FXGL Background Thread 4 ] DEBUG FXGLAssetLoaderServi - Loading from file system: file:/C:/Users/nicol/Desktop/amongu/out/production/Among%20Us/assets/textures/flechaAmarillaIzq.png
22:10:07.750 [FXGL Background Thread 4 ] DEBUG FXGLAssetLoaderServi - Loading from file system: file:/C:/Users/nicol/Desktop/amongu/out/production/Among%20Us/assets/textures/flechaAmarillaDer.png
22:10:07.753 [FXGL Background Thread 4 ] DEBUG FXGLAssetLoaderServi - Loading from file system: file:/C:/Users/nicol/Desktop/amongu/out/production/Among%20Us/assets/music/musicaMenu.mp3
22:10:07.878 [FXGL Background Thread 4 ] DEBUG AudioPlayer          - Playing music com.almasb.fxgl.audio.Music@449eb3ca
22:10:08.151 [FXGL Background Thread 4 ] INFO  FXGLApplication      - Game initialization took: 0,462 sec
22:10:08.151 [JavaFX Application Thread] DEBUG Input                - Clearing active input actions
22:10:08.160 [JavaFX Application Thread] DEBUG GameApplicationServi - Removing overlay from FXGLLoadingScene and adding to GameScene
22:10:08.160 [JavaFX Application Thread] DEBUG PrimaryStageWindow   - FXGLLoadingScene -> GameScene
22:10:08.176 [FXGL Background Thread 2 ] INFO  UpdaterService       - Your current version:  21.1
22:10:08.177 [FXGL Background Thread 2 ] INFO  UpdaterService       - Latest stable version: 25
22:10:10.608 [FXGL Background Thread 3 ] DEBUG Engine               - Logging environment variables
22:10:10.609 [FXGL Background Thread 3 ] DEBUG Engine               - achievements: []
22:10:10.609 [FXGL Background Thread 3 ] DEBUG Engine               - actualHeight: 600.0
22:10:10.609 [FXGL Background Thread 3 ] DEBUG Engine               - actualHeightProperty: ReadOnlyDoubleProperty [value: 600.0]
22:10:10.610 [FXGL Background Thread 3 ] DEBUG Engine               - actualWidth: 800.0
22:10:10.610 [FXGL Background Thread 3 ] DEBUG Engine               - actualWidthProperty: ReadOnlyDoubleProperty [value: 800.0]
22:10:10.610 [FXGL Background Thread 3 ] DEBUG Engine               - appIcon: icono.png
22:10:10.610 [FXGL Background Thread 3 ] DEBUG Engine               - applicationMode: DEVELOPER
22:10:10.610 [FXGL Background Thread 3 ] DEBUG Engine               - cSSList: [fxgl_dark.css]
22:10:10.610 [FXGL Background Thread 3 ] DEBUG Engine               - collisionDetectionStrategy: BRUTE_FORCE
22:10:10.610 [FXGL Background Thread 3 ] DEBUG Engine               - configClass: Optional.empty
22:10:10.610 [FXGL Background Thread 3 ] DEBUG Engine               - credits: []
22:10:10.610 [FXGL Background Thread 3 ] DEBUG Engine               - defaultCursor: CursorInfo(imageName=fxgl_default_cursor.png, hotspotX=7.0, hotspotY=6.0)
22:10:10.611 [FXGL Background Thread 3 ] DEBUG Engine               - devBBoxColorProperty: ObjectProperty [value: 0xff0000ff]
22:10:10.611 [FXGL Background Thread 3 ] DEBUG Engine               - devEnableDebugCameraProperty: BooleanProperty [value: false]
22:10:10.611 [FXGL Background Thread 3 ] DEBUG Engine               - devSensorColorProperty: ObjectProperty [value: 0xffff00ff]
22:10:10.611 [FXGL Background Thread 3 ] DEBUG Engine               - devShowBBoxProperty: BooleanProperty [value: false]
22:10:10.611 [FXGL Background Thread 3 ] DEBUG Engine               - devShowPositionProperty: BooleanProperty [value: false]
22:10:10.611 [FXGL Background Thread 3 ] DEBUG Engine               - enabledMenuItems: []
22:10:10.612 [FXGL Background Thread 3 ] DEBUG Engine               - engineServices: [class com.almasb.fxgl.app.services.FXGLAssetLoaderService, class com.almasb.fxgl.app.FXGLApplication$GameApplicationService, class com.almasb.fxgl.app.services.FXGLDialogService, class com.almasb.fxgl.app.services.IOTaskExecutorService, class com.almasb.fxgl.io.FileSystemService, class com.almasb.fxgl.localization.LocalizationService, class com.almasb.fxgl.app.services.SystemBundleService, class com.almasb.fxgl.profile.SaveLoadService, class com.almasb.fxgl.ui.FXGLUIFactoryServiceProvider, class com.almasb.fxgl.ui.FXGLDialogFactoryServiceProvider, class com.almasb.fxgl.audio.AudioPlayer, class com.almasb.fxgl.notification.impl.NotificationServiceProvider, class com.almasb.fxgl.achievement.AchievementService, class com.almasb.fxgl.cutscene.CutsceneService, class com.almasb.fxgl.minigames.MiniGameService, class com.almasb.fxgl.net.NetService, class com.almasb.fxgl.app.services.UpdaterService, class com.almasb.fxgl.dev.DevService]
22:10:10.612 [FXGL Background Thread 3 ] DEBUG Engine               - fontGame: Abel-Regular.ttf
22:10:10.612 [FXGL Background Thread 3 ] DEBUG Engine               - fontMono: TerminalLandMono-Regular.otf
22:10:10.612 [FXGL Background Thread 3 ] DEBUG Engine               - fontSizeScaleUI: 1.0
22:10:10.612 [FXGL Background Thread 3 ] DEBUG Engine               - fontText: Courier-Prime.ttf
22:10:10.612 [FXGL Background Thread 3 ] DEBUG Engine               - fontUI: VarelaRound-Regular.ttf
22:10:10.612 [FXGL Background Thread 3 ] DEBUG Engine               - fullScreen: BooleanProperty [value: false]
22:10:10.612 [FXGL Background Thread 3 ] DEBUG Engine               - gameDifficulty: MEDIUM
22:10:10.612 [FXGL Background Thread 3 ] DEBUG Engine               - gameDifficultyProperty: ObjectProperty [value: MEDIUM]
22:10:10.612 [FXGL Background Thread 3 ] DEBUG Engine               - globalMusicVolume: 0.5
22:10:10.612 [FXGL Background Thread 3 ] DEBUG Engine               - globalMusicVolumeProperty: DoubleProperty [value: 0.4]
22:10:10.612 [FXGL Background Thread 3 ] DEBUG Engine               - globalSoundVolume: 0.5
22:10:10.612 [FXGL Background Thread 3 ] DEBUG Engine               - globalSoundVolumeProperty: DoubleProperty [value: 0.5]
22:10:10.613 [FXGL Background Thread 3 ] DEBUG Engine               - height: 600
22:10:10.613 [FXGL Background Thread 3 ] DEBUG Engine               - is3D: false
22:10:10.613 [FXGL Background Thread 3 ] DEBUG Engine               - isAndroid: false
22:10:10.613 [FXGL Background Thread 3 ] DEBUG Engine               - isBrowser: false
22:10:10.613 [FXGL Background Thread 3 ] DEBUG Engine               - isClickFeedbackEnabled: false
22:10:10.613 [FXGL Background Thread 3 ] DEBUG Engine               - isCloseConfirmation: false
22:10:10.613 [FXGL Background Thread 3 ] DEBUG Engine               - isDesktop: true
22:10:10.613 [FXGL Background Thread 3 ] DEBUG Engine               - isDeveloperMenuEnabled: false
22:10:10.613 [FXGL Background Thread 3 ] DEBUG Engine               - isEmbedded: false
22:10:10.613 [FXGL Background Thread 3 ] DEBUG Engine               - isEntityPreloadEnabled: true
22:10:10.614 [FXGL Background Thread 3 ] DEBUG Engine               - isExperimentalTiledLargeMap: false
22:10:10.614 [FXGL Background Thread 3 ] DEBUG Engine               - isFileSystemWriteAllowed: true
22:10:10.614 [FXGL Background Thread 3 ] DEBUG Engine               - isFullScreenAllowed: false
22:10:10.615 [FXGL Background Thread 3 ] DEBUG Engine               - isFullScreenFromStart: false
22:10:10.615 [FXGL Background Thread 3 ] DEBUG Engine               - isGameMenuEnabled: true
22:10:10.616 [FXGL Background Thread 3 ] DEBUG Engine               - isIOS: false
22:10:10.616 [FXGL Background Thread 3 ] DEBUG Engine               - isIntroEnabled: false
22:10:10.616 [FXGL Background Thread 3 ] DEBUG Engine               - isLinux: false
22:10:10.616 [FXGL Background Thread 3 ] DEBUG Engine               - isMac: false
22:10:10.616 [FXGL Background Thread 3 ] DEBUG Engine               - isMainMenuEnabled: false
22:10:10.616 [FXGL Background Thread 3 ] DEBUG Engine               - isManualResizeEnabled: false
22:10:10.616 [FXGL Background Thread 3 ] DEBUG Engine               - isMobile: false
22:10:10.616 [FXGL Background Thread 3 ] DEBUG Engine               - isNative: false
22:10:10.617 [FXGL Background Thread 3 ] DEBUG Engine               - isPauseMusicWhenMinimized: true
22:10:10.617 [FXGL Background Thread 3 ] DEBUG Engine               - isPreserveResizeRatio: false
22:10:10.617 [FXGL Background Thread 3 ] DEBUG Engine               - isProfilingEnabled: false
22:10:10.617 [FXGL Background Thread 3 ] DEBUG Engine               - isScaleAffectedOnResize: true
22:10:10.617 [FXGL Background Thread 3 ] DEBUG Engine               - isSingleStep: false
22:10:10.617 [FXGL Background Thread 3 ] DEBUG Engine               - isUserProfileEnabled: false
22:10:10.617 [FXGL Background Thread 3 ] DEBUG Engine               - isWindows: true
22:10:10.617 [FXGL Background Thread 3 ] DEBUG Engine               - language: ObjectProperty [value: ENGLISH]
22:10:10.617 [FXGL Background Thread 3 ] DEBUG Engine               - menuKey: ESCAPE
22:10:10.617 [FXGL Background Thread 3 ] DEBUG Engine               - mouseSensitivity: 0.2
22:10:10.617 [FXGL Background Thread 3 ] DEBUG Engine               - notificationViewClass: class com.almasb.fxgl.notification.view.XboxNotificationView
22:10:10.617 [FXGL Background Thread 3 ] DEBUG Engine               - pixelsPerMeter: 50.0
22:10:10.617 [FXGL Background Thread 3 ] DEBUG Engine               - platform: WINDOWS
22:10:10.618 [FXGL Background Thread 3 ] DEBUG Engine               - prefHeightProperty: ReadOnlyDoubleProperty [value: 600.0]
22:10:10.618 [FXGL Background Thread 3 ] DEBUG Engine               - prefWidthProperty: ReadOnlyDoubleProperty [value: 800.0]
22:10:10.618 [FXGL Background Thread 3 ] DEBUG Engine               - profileDir: profiles/
22:10:10.618 [FXGL Background Thread 3 ] DEBUG Engine               - profileName: StringProperty [value: DEFAULT]
22:10:10.618 [FXGL Background Thread 3 ] DEBUG Engine               - randomSeed: -1
22:10:10.618 [FXGL Background Thread 3 ] DEBUG Engine               - runtimeInfo: RuntimeInfo(platform=WINDOWS, version=21.1, build=26.03.2024 17.33)
22:10:10.618 [FXGL Background Thread 3 ] DEBUG Engine               - saveFileExt: sav
22:10:10.618 [FXGL Background Thread 3 ] DEBUG Engine               - scaledHeightProp$fxgl: DoubleProperty [bound, value: 600.0]
22:10:10.618 [FXGL Background Thread 3 ] DEBUG Engine               - scaledWidthProp$fxgl: DoubleProperty [bound, value: 800.0]
22:10:10.618 [FXGL Background Thread 3 ] DEBUG Engine               - sceneFactory: com.almasb.fxgl.app.scene.SceneFactory@4803cbce
22:10:10.618 [FXGL Background Thread 3 ] DEBUG Engine               - secondsIn24h: 60
22:10:10.618 [FXGL Background Thread 3 ] DEBUG Engine               - soundMenuBack: menu/back.wav
22:10:10.618 [FXGL Background Thread 3 ] DEBUG Engine               - soundMenuPress: menu/press.wav
22:10:10.618 [FXGL Background Thread 3 ] DEBUG Engine               - soundMenuSelect: menu/select.wav
22:10:10.618 [FXGL Background Thread 3 ] DEBUG Engine               - soundNotification: core/notification.wav
22:10:10.618 [FXGL Background Thread 3 ] DEBUG Engine               - stageStyle: DECORATED
22:10:10.619 [FXGL Background Thread 3 ] DEBUG Engine               - supportedLanguages: [ENGLISH, FRENCH, GERMAN, HUNGARIAN, RUSSIAN]
22:10:10.619 [FXGL Background Thread 3 ] DEBUG Engine               - ticksPerSecond: -1
22:10:10.619 [FXGL Background Thread 3 ] DEBUG Engine               - title: Among Us UNEG
22:10:10.619 [FXGL Background Thread 3 ] DEBUG Engine               - urlGithub: https://github.com/AlmasB/FXGL
22:10:10.619 [FXGL Background Thread 3 ] DEBUG Engine               - urlLeaderboard: http://fxgl-top.herokuapp.com/
22:10:10.619 [FXGL Background Thread 3 ] DEBUG Engine               - urlPOM: https://raw.githubusercontent.com/AlmasB/FXGL/release/README.md
22:10:10.619 [FXGL Background Thread 3 ] DEBUG Engine               - userAppClass: class main.java.amongUs.AppPrincipal
22:10:10.619 [FXGL Background Thread 3 ] DEBUG Engine               - version: 0.0
22:10:10.619 [FXGL Background Thread 3 ] DEBUG Engine               - versionCheckDays: 7
22:10:10.619 [FXGL Background Thread 3 ] DEBUG Engine               - width: 800
22:10:10.619 [FXGL Background Thread 3 ] DEBUG Engine               - Logging services
22:10:10.619 [FXGL Background Thread 3 ] DEBUG Engine               - class com.almasb.fxgl.app.services.FXGLAssetLoaderService
22:10:10.619 [FXGL Background Thread 3 ] DEBUG Engine               - class com.almasb.fxgl.app.FXGLApplication$GameApplicationService
22:10:10.619 [FXGL Background Thread 3 ] DEBUG Engine               - class com.almasb.fxgl.app.services.FXGLDialogService
22:10:10.619 [FXGL Background Thread 3 ] DEBUG Engine               - class com.almasb.fxgl.app.services.IOTaskExecutorService
22:10:10.619 [FXGL Background Thread 3 ] DEBUG Engine               - class com.almasb.fxgl.io.FileSystemService
22:10:10.619 [FXGL Background Thread 3 ] DEBUG Engine               - class com.almasb.fxgl.localization.LocalizationService
22:10:10.619 [FXGL Background Thread 3 ] DEBUG Engine               - class com.almasb.fxgl.app.services.SystemBundleService
22:10:10.619 [FXGL Background Thread 3 ] DEBUG Engine               - class com.almasb.fxgl.profile.SaveLoadService
22:10:10.619 [FXGL Background Thread 3 ] DEBUG Engine               - class com.almasb.fxgl.ui.FXGLUIFactoryServiceProvider
22:10:10.619 [FXGL Background Thread 3 ] DEBUG Engine               - class com.almasb.fxgl.ui.FXGLDialogFactoryServiceProvider
22:10:10.619 [FXGL Background Thread 3 ] DEBUG Engine               - class com.almasb.fxgl.audio.AudioPlayer
22:10:10.619 [FXGL Background Thread 3 ] DEBUG Engine               - class com.almasb.fxgl.notification.impl.NotificationServiceProvider
22:10:10.619 [FXGL Background Thread 3 ] DEBUG Engine               - class com.almasb.fxgl.achievement.AchievementService
22:10:10.619 [FXGL Background Thread 3 ] DEBUG Engine               - class com.almasb.fxgl.cutscene.CutsceneService
22:10:10.619 [FXGL Background Thread 3 ] DEBUG Engine               - class com.almasb.fxgl.minigames.MiniGameService
22:10:10.619 [FXGL Background Thread 3 ] DEBUG Engine               - class com.almasb.fxgl.net.NetService
22:10:10.619 [FXGL Background Thread 3 ] DEBUG Engine               - class com.almasb.fxgl.app.services.UpdaterService
22:10:10.619 [FXGL Background Thread 3 ] DEBUG Engine               - class com.almasb.fxgl.dev.DevService
22:10:29.417 [JavaFX Application Thread] DEBUG FXGLAssetLoaderServi - Loading from file system: file:/C:/Users/nicol/Desktop/amongu/out/production/Among%20Us/assets/sounds/clickBoton.wav
22:10:32.964 [JavaFX Application Thread] DEBUG FXGLAssetLoaderServi - Loading from file system: file:/C:/Users/nicol/Desktop/amongu/out/production/Among%20Us/assets/textures/tripulante_negro.png
22:10:36.898 [JavaFX Application Thread] DEBUG FXGLAssetLoaderServi - Loading from file system: file:/C:/Users/nicol/Desktop/amongu/out/production/Among%20Us/assets/textures/tripulante_rosa.png
22:10:38.052 [JavaFX Application Thread] WARN  TMXLevelLoader       - TiledMap generated from 1.11.2. Supported version: 1.9.0. Some features may not be parsed fully.
22:10:38.071 [JavaFX Application Thread] DEBUG TMXLevelLoader       - Parsed TiledMap: file:/C:/Users/nicol/Desktop/amongu/out/production/Among%20Us/assets/levels/mapa2.tmx
22:10:38.072 [JavaFX Application Thread] DEBUG TMXLevelLoader       - Creating tile layer entities
22:10:38.074 [JavaFX Application Thread] DEBUG TilesetLoader        - Loading view for layer fondo1
22:10:38.075 [JavaFX Application Thread] DEBUG TilesetLoader        - Created buffer with size 992.0x960.0
22:10:38.080 [JavaFX Application Thread] DEBUG TilesetLoader        - Loading view for layer fondo
22:10:38.081 [JavaFX Application Thread] DEBUG TilesetLoader        - Created buffer with size 992.0x960.0
22:10:38.082 [JavaFX Application Thread] DEBUG TilesetLoader        - Loading view for layer piso
22:10:38.082 [JavaFX Application Thread] DEBUG TilesetLoader        - Created buffer with size 992.0x960.0
22:10:38.085 [JavaFX Application Thread] DEBUG TilesetLoader        - Loading view for layer piso1
22:10:38.086 [JavaFX Application Thread] DEBUG TilesetLoader        - Created buffer with size 992.0x960.0
22:10:38.088 [JavaFX Application Thread] DEBUG TilesetLoader        - Loading view for layer izquierda
22:10:38.089 [JavaFX Application Thread] DEBUG TilesetLoader        - Created buffer with size 992.0x960.0
22:10:38.091 [JavaFX Application Thread] DEBUG TilesetLoader        - Loading view for layer detallesatraspared
22:10:38.091 [JavaFX Application Thread] DEBUG TilesetLoader        - Created buffer with size 992.0x960.0
22:10:38.107 [JavaFX Application Thread] DEBUG TilesetLoader        - Loading view for layer pared2
22:10:38.108 [JavaFX Application Thread] DEBUG TilesetLoader        - Created buffer with size 992.0x960.0
22:10:38.112 [JavaFX Application Thread] DEBUG TilesetLoader        - Loading view for layer techo1
22:10:38.113 [JavaFX Application Thread] DEBUG TilesetLoader        - Created buffer with size 992.0x960.0
22:10:38.114 [JavaFX Application Thread] DEBUG TilesetLoader        - Loading view for layer techo2
22:10:38.115 [JavaFX Application Thread] DEBUG TilesetLoader        - Created buffer with size 992.0x960.0
22:10:38.117 [JavaFX Application Thread] DEBUG TilesetLoader        - Loading view for layer puertita
22:10:38.117 [JavaFX Application Thread] DEBUG TilesetLoader        - Created buffer with size 992.0x960.0
22:10:38.117 [JavaFX Application Thread] DEBUG TilesetLoader        - Loading view for layer puerta
22:10:38.118 [JavaFX Application Thread] DEBUG TilesetLoader        - Created buffer with size 992.0x960.0
22:10:38.118 [JavaFX Application Thread] DEBUG TilesetLoader        - Loading view for layer detalles
22:10:38.119 [JavaFX Application Thread] DEBUG TilesetLoader        - Created buffer with size 992.0x960.0
22:10:38.129 [JavaFX Application Thread] DEBUG TilesetLoader        - Loading view for layer detalles 2
22:10:38.129 [JavaFX Application Thread] DEBUG TilesetLoader        - Created buffer with size 992.0x960.0
22:10:38.136 [JavaFX Application Thread] DEBUG TilesetLoader        - Loading view for layer detalles3
22:10:38.137 [JavaFX Application Thread] DEBUG TilesetLoader        - Created buffer with size 992.0x960.0
22:10:38.143 [JavaFX Application Thread] DEBUG TilesetLoader        - Loading view for layer grieta
22:10:38.144 [JavaFX Application Thread] DEBUG TilesetLoader        - Created buffer with size 992.0x960.0
22:10:38.144 [JavaFX Application Thread] DEBUG TilesetLoader        - Loading view for layer camaras
22:10:38.144 [JavaFX Application Thread] DEBUG TilesetLoader        - Created buffer with size 992.0x960.0
22:10:38.145 [JavaFX Application Thread] DEBUG TilesetLoader        - Loading view for layer Techo
22:10:38.146 [JavaFX Application Thread] DEBUG TilesetLoader        - Created buffer with size 992.0x960.0
22:10:38.147 [JavaFX Application Thread] DEBUG TMXLevelLoader       - Creating object layer entities
22:10:38.178 [JavaFX Application Thread] WARN  TMXLevelLoader       - Parse error
java.lang.IllegalArgumentException: No EntityFactory has a method annotated @Spawns()
	at com.almasb.fxgl.entity.GameWorld.create(GameWorld.kt:413)
	at com.almasb.fxgl.entity.level.tiled.TMXLevelLoader.createObjectLayerEntities(TMXLevelLoader.kt:154)
	at com.almasb.fxgl.entity.level.tiled.TMXLevelLoader.load(TMXLevelLoader.kt:60)
	at com.almasb.fxgl.app.services.FXGLAssetLoaderService.loadLevel(FXGLAssetLoaderService.kt:449)
	at com.almasb.fxgl.dsl.FXGL$Companion.setLevelFromMap(FXGL.kt:643)
	at com.almasb.fxgl.dsl.FXGL.setLevelFromMap(FXGL.kt)
	at main.java.amongUs.AppPrincipal.empezarPartida(AppPrincipal.java:261)
	at main.java.amongUs.Cliente$1.lambda$received$2(Cliente.java:57)
	at com.sun.javafx.application.PlatformImpl.lambda$runLater$10(PlatformImpl.java:456)
	at java.base/java.security.AccessController.doPrivileged(AccessController.java:138)
	at com.sun.javafx.application.PlatformImpl.lambda$runLater$11(PlatformImpl.java:455)
	at com.sun.glass.ui.InvokeLaterDispatcher$Future.run(InvokeLaterDispatcher.java:95)
	at com.sun.glass.ui.win.WinApplication._runLoop(Native Method)
	at com.sun.glass.ui.win.WinApplication.lambda$runLoop$3(WinApplication.java:185)
	at java.base/java.lang.Thread.run(Thread.java:1474)

22:10:58.685 [JavaFX Application Thread] DEBUG FXGLApplication      - Exiting FXGL
22:10:58.686 [JavaFX Application Thread] DEBUG LoopRunner           - Stopping loop
22:10:58.686 [JavaFX Application Thread] DEBUG SystemBundleService  - Saving FXGL system data
22:10:58.690 [JavaFX Application Thread] DEBUG FileSystemAccess     - Writing to: C:\Users\nicol\Desktop\amongu\system\fxgl.bundle
22:10:58.695 [JavaFX Application Thread] DEBUG Async                - Shutting down background threads
22:10:58.695 [JavaFX Application Thread] DEBUG PrimaryStageWindow   - Closing main window
22:10:58.727 [JavaFX Application Thread] DEBUG Logger               - Closing Logger
