23:24:54.975 [main                     ] DEBUG Logger               - Configured Logger
23:24:55.006 [main                     ] DEBUG GameApplication      - Logging settings
Title: Among Us - Java Edition
Version: 0.0
Width: 800
Height: 600
Fullscreen: false
Intro: false
Profiling: false
Single step:false
App Mode: DEVELOPER
Menu Key: ESCAPE
Stage Style: DECORATED
Scene Factory: class com.almasb.fxgl.app.scene.SceneFactory

23:24:56.225 [JavaFX Application Thread] DEBUG FXGLApplication      - Initializing FXGL
23:24:56.234 [JavaFX Application Thread] INFO  Engine               - FXGL-21.1 (26.03.2024 17.33) on WINDOWS (J:25.0.2 FX:21.0.1)
23:24:56.234 [JavaFX Application Thread] DEBUG Engine               - JRE Vendor Name: Oracle Corporation
23:24:56.234 [JavaFX Application Thread] DEBUG Engine               - Running on OS: Windows 11 version 10.0
23:24:56.234 [JavaFX Application Thread] DEBUG Engine               - Architecture: amd64
23:24:56.234 [JavaFX Application Thread] INFO  Engine               - Source code and latest versions at: https://github.com/AlmasB/FXGL
23:24:56.234 [JavaFX Application Thread] INFO  Engine               -       Ask questions and discuss at: https://github.com/AlmasB/FXGL/discussions
23:24:56.235 [JavaFX Application Thread] INFO  Engine               -              Join the FXGL chat at: https://gitter.im/AlmasB/FXGL
23:24:56.645 [JavaFX Application Thread] DEBUG PrimaryStageWindow   - Creating a JavaFX scene
23:24:56.818 [JavaFX Application Thread] DEBUG PrimaryStageWindow   - Target settings size: 800.0 x 600.0
23:24:56.819 [JavaFX Application Thread] DEBUG PrimaryStageWindow   - Scaled scene size:    800.0 x 600.0
23:24:56.819 [JavaFX Application Thread] DEBUG PrimaryStageWindow   - Scaled ratio: (1.0, 1.0)
23:24:56.821 [JavaFX Application Thread] DEBUG PrimaryStageWindow   - Set initial scene to FXGLStartupScene
23:24:56.828 [JavaFX Application Thread] DEBUG PrimaryStageWindow   - Opening main window
23:24:57.133 [JavaFX Application Thread] DEBUG PrimaryStageWindow   - Window border size: (16.0, 39.0)
23:24:57.133 [JavaFX Application Thread] DEBUG PrimaryStageWindow   - Scaled size: 800.0 x 600.0
23:24:57.134 [JavaFX Application Thread] DEBUG PrimaryStageWindow   - Scaled ratio: (1.0, 1.0)
23:24:57.134 [JavaFX Application Thread] DEBUG PrimaryStageWindow   - Scene size: 800.0 x 600.0
23:24:57.134 [JavaFX Application Thread] DEBUG PrimaryStageWindow   - Stage size: 816.0 x 639.0
23:24:57.608 [FXGL Background Thread 1 ] DEBUG Engine               - Initializing environment variables
23:24:58.205 [FXGL Background Thread 1 ] DEBUG FXGLAssetLoaderServi - User app class for loading assets: class main.java.amongUs.AppPrincipal
23:24:58.205 [FXGL Background Thread 1 ] DEBUG GameApplicationServi - Applying CSS: fxgl_dark.css
23:24:58.207 [FXGL Background Thread 1 ] DEBUG FXGLAssetLoaderServi - Loading from file system: jar:file:/C:/Users/josue/OneDrive/Desktop/proyecto%20java/Among%20Us/lib/fxgl-21.1-uber.jar!/fxglassets/ui/css/fxgl_dark.css
23:24:58.392 [FXGL Background Thread 1 ] DEBUG GameApplicationServi - Initializing application scenes
23:24:58.471 [FXGL Background Thread 1 ] DEBUG GameWorld            - Game world initialized
23:24:58.619 [FXGL Background Thread 1 ] DEBUG PhysicsWorld         - Physics world initialized: appHeight=600, physics.ppm=50,0
23:24:58.621 [FXGL Background Thread 1 ] DEBUG PhysicsWorld         - Using strategy: BRUTE_FORCE
23:24:58.642 [FXGL Background Thread 1 ] DEBUG GameScene            - Game scene initialized: 800x600
23:24:58.685 [FXGL Background Thread 1 ] DEBUG FXGL.DefaultMenu     - createMenuBodyGameMenu()
23:24:58.716 [FXGL Background Thread 1 ] DEBUG FXGL.DefaultMenu     - createOptionsMenu()
23:24:58.765 [FXGL Background Thread 1 ] DEBUG FXGLAssetLoaderServi - Loading from file system: jar:file:/C:/Users/josue/OneDrive/Desktop/proyecto%20java/Among%20Us/lib/fxgl-21.1-uber.jar!/fxglassets/textures/particles/smoke.png
23:24:58.925 [FXGL Background Thread 1 ] DEBUG FXGLAssetLoaderServi - Loading from file system: jar:file:/C:/Users/josue/OneDrive/Desktop/proyecto%20java/Among%20Us/lib/fxgl-21.1-uber.jar!/fxglassets/textures/particles/trace_horizontal.png
23:24:58.967 [FXGL Background Thread 1 ] DEBUG GameApplicationServi - Application scenes initialized
23:24:58.993 [FXGL Background Thread 1 ] DEBUG SystemBundleService  - Loading FXGL system data
23:24:59.006 [FXGL Background Thread 1 ] DEBUG FileSystemAccess     - Reading from: C:\Users\josue\OneDrive\Desktop\proyecto java\Among Us\system\fxgl.bundle
23:24:59.018 [FXGL Background Thread 1 ] DEBUG SystemBundleService  - Bundle FXGL: {}
23:24:59.018 [FXGL Background Thread 1 ] DEBUG UpdaterService       - Checking for updates
23:24:59.039 [FXGL Background Thread 1 ] DEBUG FXGLApplication      - Loading default localization
23:24:59.039 [FXGL Background Thread 1 ] DEBUG FXGLAssetLoaderServi - Loading from file system: jar:file:/C:/Users/josue/OneDrive/Desktop/proyecto%20java/Among%20Us/lib/fxgl-21.1-uber.jar!/fxglassets/languages/english.lang
23:24:59.074 [FXGL Background Thread 1 ] INFO  FXGLApplication      - FXGL initialization took: 1,466 sec
23:24:59.077 [JavaFX Application Thread] DEBUG FXGLAssetLoaderServi - Loading from file system: jar:file:/C:/Users/josue/OneDrive/Desktop/proyecto%20java/Among%20Us/lib/fxgl-21.1-uber.jar!/fxglassets/textures/fxgl_icon.png
23:24:59.151 [FXGL Background Thread 4 ] DEBUG FXGLApplication      - Loading fonts
23:24:59.152 [FXGL Background Thread 4 ] DEBUG FXGLAssetLoaderServi - Loading from file system: jar:file:/C:/Users/josue/OneDrive/Desktop/proyecto%20java/Among%20Us/lib/fxgl-21.1-uber.jar!/fxglassets/ui/fonts/VarelaRound-Regular.ttf
23:24:59.187 [JavaFX Application Thread] DEBUG FXGLAssetLoaderServi - Loading from file system: jar:file:/C:/Users/josue/OneDrive/Desktop/proyecto%20java/Among%20Us/lib/fxgl-21.1-uber.jar!/fxglassets/textures/fxgl_default_cursor.png
23:24:59.212 [JavaFX Application Thread] DEBUG Input                - Registered new binding: Screenshot - CTRL+8
23:24:59.216 [JavaFX Application Thread] DEBUG Input                - Registered new binding: System info dump - CTRL+9
23:24:59.218 [JavaFX Application Thread] DEBUG Input                - Registered new binding: Restart - CTRL+R
23:24:59.218 [JavaFX Application Thread] DEBUG Input                - Registered new binding: Toggle Debug Camera - CTRL+7
23:24:59.225 [JavaFX Application Thread] DEBUG LoopRunner           - Starting loop
23:24:59.225 [JavaFX Application Thread] DEBUG LoopRunner           - Initializing JavaFX AnimationTimerLoop
23:24:59.227 [JavaFX Application Thread] DEBUG GameApplicationServi - Starting new game
23:24:59.227 [JavaFX Application Thread] DEBUG Input                - Clearing active input actions
23:24:59.294 [JavaFX Application Thread] DEBUG GameApplicationServi - Removing overlay from FXGLStartupScene and adding to FXGLLoadingScene
23:24:59.296 [JavaFX Application Thread] DEBUG PrimaryStageWindow   - FXGLStartupScene -> FXGLLoadingScene
23:24:59.297 [JavaFX Application Thread] DEBUG GameApplicationServi - Clearing previous game
23:24:59.297 [JavaFX Application Thread] DEBUG GameScene            - Clearing game scene
23:24:59.297 [JavaFX Application Thread] DEBUG GameWorld            - Clearing game world
23:24:59.299 [JavaFX Application Thread] DEBUG PhysicsWorld         - Clearing physics world
23:24:59.308 [FXGL Background Thread 1 ] DEBUG FXGLApplication      - Initializing game
23:24:59.357 [FXGL Background Thread 1 ] WARN  FXGLAssetLoaderServi - Asset "/assets/levels/mapa2.tmx" was not found!
23:25:00.069 [FXGL Background Thread 1 ] INFO  FXGLApplication      - Game initialization took: 0,760 sec
23:25:00.266 [FXGL Background Thread 4 ] DEBUG FXGLAssetLoaderServi - Loading from file system: jar:file:/C:/Users/josue/OneDrive/Desktop/proyecto%20java/Among%20Us/lib/fxgl-21.1-uber.jar!/fxglassets/ui/fonts/Abel-Regular.ttf
23:25:00.276 [FXGL Background Thread 4 ] DEBUG FXGLAssetLoaderServi - Loading from file system: jar:file:/C:/Users/josue/OneDrive/Desktop/proyecto%20java/Among%20Us/lib/fxgl-21.1-uber.jar!/fxglassets/ui/fonts/TerminalLandMono-Regular.otf
23:25:00.282 [FXGL Background Thread 4 ] DEBUG FXGLAssetLoaderServi - Loading from file system: jar:file:/C:/Users/josue/OneDrive/Desktop/proyecto%20java/Among%20Us/lib/fxgl-21.1-uber.jar!/fxglassets/ui/fonts/Courier-Prime.ttf
23:25:00.329 [JavaFX Application Thread] DEBUG Input                - Clearing active input actions
23:25:00.348 [JavaFX Application Thread] DEBUG GameApplicationServi - Removing overlay from FXGLLoadingScene and adding to GameScene
23:25:00.349 [JavaFX Application Thread] DEBUG PrimaryStageWindow   - FXGLLoadingScene -> GameScene
23:25:00.349 [JavaFX Application Thread] DEBUG FXGLApplication      - Registering font factories with UI factory
23:25:01.107 [FXGL Background Thread 2 ] INFO  UpdaterService       - Your current version:  21.1
23:25:01.109 [FXGL Background Thread 2 ] INFO  UpdaterService       - Latest stable version: 25
23:25:02.023 [FXGL Background Thread 3 ] DEBUG Engine               - Logging environment variables
23:25:02.024 [FXGL Background Thread 3 ] DEBUG Engine               - achievements: []
23:25:02.024 [FXGL Background Thread 3 ] DEBUG Engine               - actualHeight: 600.0
23:25:02.024 [FXGL Background Thread 3 ] DEBUG Engine               - actualHeightProperty: ReadOnlyDoubleProperty [value: 600.0]
23:25:02.024 [FXGL Background Thread 3 ] DEBUG Engine               - actualWidth: 800.0
23:25:02.024 [FXGL Background Thread 3 ] DEBUG Engine               - actualWidthProperty: ReadOnlyDoubleProperty [value: 800.0]
23:25:02.024 [FXGL Background Thread 3 ] DEBUG Engine               - appIcon: fxgl_icon.png
23:25:02.025 [FXGL Background Thread 3 ] DEBUG Engine               - applicationMode: DEVELOPER
23:25:02.026 [FXGL Background Thread 3 ] DEBUG Engine               - cSSList: [fxgl_dark.css]
23:25:02.026 [FXGL Background Thread 3 ] DEBUG Engine               - collisionDetectionStrategy: BRUTE_FORCE
23:25:02.027 [FXGL Background Thread 3 ] DEBUG Engine               - configClass: Optional.empty
23:25:02.027 [FXGL Background Thread 3 ] DEBUG Engine               - credits: []
23:25:02.027 [FXGL Background Thread 3 ] DEBUG Engine               - defaultCursor: CursorInfo(imageName=fxgl_default_cursor.png, hotspotX=7.0, hotspotY=6.0)
23:25:02.027 [FXGL Background Thread 3 ] DEBUG Engine               - devBBoxColorProperty: ObjectProperty [value: 0xff0000ff]
23:25:02.027 [FXGL Background Thread 3 ] DEBUG Engine               - devEnableDebugCameraProperty: BooleanProperty [value: false]
23:25:02.028 [FXGL Background Thread 3 ] DEBUG Engine               - devSensorColorProperty: ObjectProperty [value: 0xffff00ff]
23:25:02.028 [FXGL Background Thread 3 ] DEBUG Engine               - devShowBBoxProperty: BooleanProperty [value: false]
23:25:02.028 [FXGL Background Thread 3 ] DEBUG Engine               - devShowPositionProperty: BooleanProperty [value: false]
23:25:02.028 [FXGL Background Thread 3 ] DEBUG Engine               - enabledMenuItems: []
23:25:02.028 [FXGL Background Thread 3 ] DEBUG Engine               - engineServices: [class com.almasb.fxgl.app.services.FXGLAssetLoaderService, class com.almasb.fxgl.app.FXGLApplication$GameApplicationService, class com.almasb.fxgl.app.services.FXGLDialogService, class com.almasb.fxgl.app.services.IOTaskExecutorService, class com.almasb.fxgl.io.FileSystemService, class com.almasb.fxgl.localization.LocalizationService, class com.almasb.fxgl.app.services.SystemBundleService, class com.almasb.fxgl.profile.SaveLoadService, class com.almasb.fxgl.ui.FXGLUIFactoryServiceProvider, class com.almasb.fxgl.ui.FXGLDialogFactoryServiceProvider, class com.almasb.fxgl.audio.AudioPlayer, class com.almasb.fxgl.notification.impl.NotificationServiceProvider, class com.almasb.fxgl.achievement.AchievementService, class com.almasb.fxgl.cutscene.CutsceneService, class com.almasb.fxgl.minigames.MiniGameService, class com.almasb.fxgl.net.NetService, class com.almasb.fxgl.app.services.UpdaterService, class com.almasb.fxgl.dev.DevService]
23:25:02.028 [FXGL Background Thread 3 ] DEBUG Engine               - fontGame: Abel-Regular.ttf
23:25:02.028 [FXGL Background Thread 3 ] DEBUG Engine               - fontMono: TerminalLandMono-Regular.otf
23:25:02.028 [FXGL Background Thread 3 ] DEBUG Engine               - fontSizeScaleUI: 1.0
23:25:02.028 [FXGL Background Thread 3 ] DEBUG Engine               - fontText: Courier-Prime.ttf
23:25:02.028 [FXGL Background Thread 3 ] DEBUG Engine               - fontUI: VarelaRound-Regular.ttf
23:25:02.028 [FXGL Background Thread 3 ] DEBUG Engine               - fullScreen: BooleanProperty [value: false]
23:25:02.029 [FXGL Background Thread 3 ] DEBUG Engine               - gameDifficulty: MEDIUM
23:25:02.029 [FXGL Background Thread 3 ] DEBUG Engine               - gameDifficultyProperty: ObjectProperty [value: MEDIUM]
23:25:02.029 [FXGL Background Thread 3 ] DEBUG Engine               - globalMusicVolume: 0.5
23:25:02.029 [FXGL Background Thread 3 ] DEBUG Engine               - globalMusicVolumeProperty: DoubleProperty [value: 0.5]
23:25:02.029 [FXGL Background Thread 3 ] DEBUG Engine               - globalSoundVolume: 0.5
23:25:02.029 [FXGL Background Thread 3 ] DEBUG Engine               - globalSoundVolumeProperty: DoubleProperty [value: 0.5]
23:25:02.029 [FXGL Background Thread 3 ] DEBUG Engine               - height: 600
23:25:02.029 [FXGL Background Thread 3 ] DEBUG Engine               - is3D: false
23:25:02.029 [FXGL Background Thread 3 ] DEBUG Engine               - isAndroid: false
23:25:02.029 [FXGL Background Thread 3 ] DEBUG Engine               - isBrowser: false
23:25:02.029 [FXGL Background Thread 3 ] DEBUG Engine               - isClickFeedbackEnabled: false
23:25:02.029 [FXGL Background Thread 3 ] DEBUG Engine               - isCloseConfirmation: false
23:25:02.029 [FXGL Background Thread 3 ] DEBUG Engine               - isDesktop: true
23:25:02.029 [FXGL Background Thread 3 ] DEBUG Engine               - isDeveloperMenuEnabled: false
23:25:02.029 [FXGL Background Thread 3 ] DEBUG Engine               - isEmbedded: false
23:25:02.029 [FXGL Background Thread 3 ] DEBUG Engine               - isEntityPreloadEnabled: true
23:25:02.029 [FXGL Background Thread 3 ] DEBUG Engine               - isExperimentalTiledLargeMap: false
23:25:02.030 [FXGL Background Thread 3 ] DEBUG Engine               - isFileSystemWriteAllowed: true
23:25:02.030 [FXGL Background Thread 3 ] DEBUG Engine               - isFullScreenAllowed: false
23:25:02.030 [FXGL Background Thread 3 ] DEBUG Engine               - isFullScreenFromStart: false
23:25:02.031 [FXGL Background Thread 3 ] DEBUG Engine               - isGameMenuEnabled: true
23:25:02.031 [FXGL Background Thread 3 ] DEBUG Engine               - isIOS: false
23:25:02.031 [FXGL Background Thread 3 ] DEBUG Engine               - isIntroEnabled: false
23:25:02.031 [FXGL Background Thread 3 ] DEBUG Engine               - isLinux: false
23:25:02.031 [FXGL Background Thread 3 ] DEBUG Engine               - isMac: false
23:25:02.032 [FXGL Background Thread 3 ] DEBUG Engine               - isMainMenuEnabled: false
23:25:02.032 [FXGL Background Thread 3 ] DEBUG Engine               - isManualResizeEnabled: false
23:25:02.032 [FXGL Background Thread 3 ] DEBUG Engine               - isMobile: false
23:25:02.032 [FXGL Background Thread 3 ] DEBUG Engine               - isNative: false
23:25:02.032 [FXGL Background Thread 3 ] DEBUG Engine               - isPauseMusicWhenMinimized: true
23:25:02.032 [FXGL Background Thread 3 ] DEBUG Engine               - isPreserveResizeRatio: false
23:25:02.032 [FXGL Background Thread 3 ] DEBUG Engine               - isProfilingEnabled: false
23:25:02.032 [FXGL Background Thread 3 ] DEBUG Engine               - isScaleAffectedOnResize: true
23:25:02.032 [FXGL Background Thread 3 ] DEBUG Engine               - isSingleStep: false
23:25:02.032 [FXGL Background Thread 3 ] DEBUG Engine               - isUserProfileEnabled: false
23:25:02.032 [FXGL Background Thread 3 ] DEBUG Engine               - isWindows: true
23:25:02.032 [FXGL Background Thread 3 ] DEBUG Engine               - language: ObjectProperty [value: ENGLISH]
23:25:02.032 [FXGL Background Thread 3 ] DEBUG Engine               - menuKey: ESCAPE
23:25:02.032 [FXGL Background Thread 3 ] DEBUG Engine               - mouseSensitivity: 0.2
23:25:02.032 [FXGL Background Thread 3 ] DEBUG Engine               - notificationViewClass: class com.almasb.fxgl.notification.view.XboxNotificationView
23:25:02.032 [FXGL Background Thread 3 ] DEBUG Engine               - pixelsPerMeter: 50.0
23:25:02.032 [FXGL Background Thread 3 ] DEBUG Engine               - platform: WINDOWS
23:25:02.032 [FXGL Background Thread 3 ] DEBUG Engine               - prefHeightProperty: ReadOnlyDoubleProperty [value: 600.0]
23:25:02.033 [FXGL Background Thread 3 ] DEBUG Engine               - prefWidthProperty: ReadOnlyDoubleProperty [value: 800.0]
23:25:02.033 [FXGL Background Thread 3 ] DEBUG Engine               - profileDir: profiles/
23:25:02.033 [FXGL Background Thread 3 ] DEBUG Engine               - profileName: StringProperty [value: DEFAULT]
23:25:02.033 [FXGL Background Thread 3 ] DEBUG Engine               - randomSeed: -1
23:25:02.033 [FXGL Background Thread 3 ] DEBUG Engine               - runtimeInfo: RuntimeInfo(platform=WINDOWS, version=21.1, build=26.03.2024 17.33)
23:25:02.033 [FXGL Background Thread 3 ] DEBUG Engine               - saveFileExt: sav
23:25:02.033 [FXGL Background Thread 3 ] DEBUG Engine               - scaledHeightProp$fxgl: DoubleProperty [bound, value: 600.0]
23:25:02.033 [FXGL Background Thread 3 ] DEBUG Engine               - scaledWidthProp$fxgl: DoubleProperty [bound, value: 800.0]
23:25:02.033 [FXGL Background Thread 3 ] DEBUG Engine               - sceneFactory: com.almasb.fxgl.app.scene.SceneFactory@73a85be5
23:25:02.033 [FXGL Background Thread 3 ] DEBUG Engine               - secondsIn24h: 60
23:25:02.033 [FXGL Background Thread 3 ] DEBUG Engine               - soundMenuBack: menu/back.wav
23:25:02.033 [FXGL Background Thread 3 ] DEBUG Engine               - soundMenuPress: menu/press.wav
23:25:02.033 [FXGL Background Thread 3 ] DEBUG Engine               - soundMenuSelect: menu/select.wav
23:25:02.033 [FXGL Background Thread 3 ] DEBUG Engine               - soundNotification: core/notification.wav
23:25:02.033 [FXGL Background Thread 3 ] DEBUG Engine               - stageStyle: DECORATED
23:25:02.033 [FXGL Background Thread 3 ] DEBUG Engine               - supportedLanguages: [ENGLISH, FRENCH, GERMAN, HUNGARIAN, RUSSIAN]
23:25:02.033 [FXGL Background Thread 3 ] DEBUG Engine               - ticksPerSecond: -1
23:25:02.033 [FXGL Background Thread 3 ] DEBUG Engine               - title: Among Us - Java Edition
23:25:02.033 [FXGL Background Thread 3 ] DEBUG Engine               - urlGithub: https://github.com/AlmasB/FXGL
23:25:02.034 [FXGL Background Thread 3 ] DEBUG Engine               - urlLeaderboard: http://fxgl-top.herokuapp.com/
23:25:02.034 [FXGL Background Thread 3 ] DEBUG Engine               - urlPOM: https://raw.githubusercontent.com/AlmasB/FXGL/release/README.md
23:25:02.034 [FXGL Background Thread 3 ] DEBUG Engine               - userAppClass: class main.java.amongUs.AppPrincipal
23:25:02.034 [FXGL Background Thread 3 ] DEBUG Engine               - version: 0.0
23:25:02.034 [FXGL Background Thread 3 ] DEBUG Engine               - versionCheckDays: 7
23:25:02.034 [FXGL Background Thread 3 ] DEBUG Engine               - width: 800
23:25:02.034 [FXGL Background Thread 3 ] DEBUG Engine               - Logging services
23:25:02.034 [FXGL Background Thread 3 ] DEBUG Engine               - class com.almasb.fxgl.app.services.FXGLAssetLoaderService
23:25:02.034 [FXGL Background Thread 3 ] DEBUG Engine               - class com.almasb.fxgl.app.FXGLApplication$GameApplicationService
23:25:02.034 [FXGL Background Thread 3 ] DEBUG Engine               - class com.almasb.fxgl.app.services.FXGLDialogService
23:25:02.034 [FXGL Background Thread 3 ] DEBUG Engine               - class com.almasb.fxgl.app.services.IOTaskExecutorService
23:25:02.035 [FXGL Background Thread 3 ] DEBUG Engine               - class com.almasb.fxgl.io.FileSystemService
23:25:02.035 [FXGL Background Thread 3 ] DEBUG Engine               - class com.almasb.fxgl.localization.LocalizationService
23:25:02.035 [FXGL Background Thread 3 ] DEBUG Engine               - class com.almasb.fxgl.app.services.SystemBundleService
23:25:02.035 [FXGL Background Thread 3 ] DEBUG Engine               - class com.almasb.fxgl.profile.SaveLoadService
23:25:02.035 [FXGL Background Thread 3 ] DEBUG Engine               - class com.almasb.fxgl.ui.FXGLUIFactoryServiceProvider
23:25:02.035 [FXGL Background Thread 3 ] DEBUG Engine               - class com.almasb.fxgl.ui.FXGLDialogFactoryServiceProvider
23:25:02.035 [FXGL Background Thread 3 ] DEBUG Engine               - class com.almasb.fxgl.audio.AudioPlayer
23:25:02.035 [FXGL Background Thread 3 ] DEBUG Engine               - class com.almasb.fxgl.notification.impl.NotificationServiceProvider
23:25:02.035 [FXGL Background Thread 3 ] DEBUG Engine               - class com.almasb.fxgl.achievement.AchievementService
23:25:02.035 [FXGL Background Thread 3 ] DEBUG Engine               - class com.almasb.fxgl.cutscene.CutsceneService
23:25:02.035 [FXGL Background Thread 3 ] DEBUG Engine               - class com.almasb.fxgl.minigames.MiniGameService
23:25:02.035 [FXGL Background Thread 3 ] DEBUG Engine               - class com.almasb.fxgl.net.NetService
23:25:02.035 [FXGL Background Thread 3 ] DEBUG Engine               - class com.almasb.fxgl.app.services.UpdaterService
23:25:02.035 [FXGL Background Thread 3 ] DEBUG Engine               - class com.almasb.fxgl.dev.DevService
23:25:10.232 [JavaFX Application Thread] DEBUG FXGLApplication      - Exiting FXGL
23:25:10.233 [JavaFX Application Thread] DEBUG LoopRunner           - Stopping loop
23:25:10.233 [JavaFX Application Thread] DEBUG SystemBundleService  - Saving FXGL system data
23:25:10.236 [JavaFX Application Thread] DEBUG FileSystemAccess     - Writing to: C:\Users\josue\OneDrive\Desktop\proyecto java\Among Us\system\fxgl.bundle
23:25:10.238 [JavaFX Application Thread] DEBUG Async                - Shutting down background threads
23:25:10.238 [JavaFX Application Thread] DEBUG PrimaryStageWindow   - Closing main window
23:25:10.266 [JavaFX Application Thread] DEBUG Logger               - Closing Logger
