21:50:40.360 [main                     ] DEBUG Logger               - Configured Logger
21:50:40.366 [main                     ] DEBUG GameApplication      - Logging settings
Title: Among Us UNEG
Version: 0.0
Width: 800
Height: 600
Fullscreen: false
Intro: false
Profiling: false
Single step:false
App Mode: DEVELOPER
Menu Key: ESCAPE
Stage Style: DECORATED
Scene Factory: class com.almasb.fxgl.app.scene.SceneFactory

21:50:40.812 [JavaFX Application Thread] DEBUG FXGLApplication      - Initializing FXGL
21:50:40.814 [JavaFX Application Thread] INFO  Engine               - FXGL-21.1 (26.03.2024 17.33) on WINDOWS (J:25.0.2 FX:21.0.1)
21:50:40.814 [JavaFX Application Thread] DEBUG Engine               - JRE Vendor Name: Oracle Corporation
21:50:40.815 [JavaFX Application Thread] DEBUG Engine               - Running on OS: Windows 11 version 10.0
21:50:40.815 [JavaFX Application Thread] DEBUG Engine               - Architecture: amd64
21:50:40.815 [JavaFX Application Thread] INFO  Engine               - Source code and latest versions at: https://github.com/AlmasB/FXGL
21:50:40.815 [JavaFX Application Thread] INFO  Engine               -       Ask questions and discuss at: https://github.com/AlmasB/FXGL/discussions
21:50:40.815 [JavaFX Application Thread] INFO  Engine               -              Join the FXGL chat at: https://gitter.im/AlmasB/FXGL
21:50:40.892 [JavaFX Application Thread] DEBUG PrimaryStageWindow   - Creating a JavaFX scene
21:50:40.933 [JavaFX Application Thread] DEBUG PrimaryStageWindow   - Target settings size: 800.0 x 600.0
21:50:40.933 [JavaFX Application Thread] DEBUG PrimaryStageWindow   - Scaled scene size:    800.0 x 600.0
21:50:40.934 [JavaFX Application Thread] DEBUG PrimaryStageWindow   - Scaled ratio: (1.0, 1.0)
21:50:40.934 [JavaFX Application Thread] DEBUG PrimaryStageWindow   - Set initial scene to FXGLStartupScene
21:50:40.937 [JavaFX Application Thread] DEBUG PrimaryStageWindow   - Opening main window
21:50:41.039 [JavaFX Application Thread] DEBUG PrimaryStageWindow   - Window border size: (14.66668701171875, 37.33331298828125)
21:50:41.039 [JavaFX Application Thread] DEBUG PrimaryStageWindow   - Scaled size: 800.0 x 600.0
21:50:41.039 [JavaFX Application Thread] DEBUG PrimaryStageWindow   - Scaled ratio: (1.0, 1.0)
21:50:41.039 [JavaFX Application Thread] DEBUG PrimaryStageWindow   - Scene size: 800.0 x 600.0
21:50:41.039 [JavaFX Application Thread] DEBUG PrimaryStageWindow   - Stage size: 814.6666870117188 x 637.3333129882812
21:50:41.045 [FXGL Background Thread 1 ] DEBUG Engine               - Initializing environment variables
21:50:41.100 [FXGL Background Thread 1 ] DEBUG FXGLAssetLoaderServi - User app class for loading assets: class main.java.amongUs.AppPrincipal
21:50:41.100 [FXGL Background Thread 1 ] DEBUG GameApplicationServi - Applying CSS: fxgl_dark.css
21:50:41.101 [FXGL Background Thread 1 ] DEBUG FXGLAssetLoaderServi - Loading from file system: jar:file:/C:/Users/nicol/Desktop/amongu/lib/fxgl-21.1-uber.jar!/fxglassets/ui/css/fxgl_dark.css
21:50:41.133 [FXGL Background Thread 1 ] DEBUG GameApplicationServi - Initializing application scenes
21:50:41.167 [FXGL Background Thread 1 ] DEBUG GameWorld            - Game world initialized
21:50:41.212 [FXGL Background Thread 1 ] DEBUG PhysicsWorld         - Physics world initialized: appHeight=600, physics.ppm=50,0
21:50:41.213 [FXGL Background Thread 1 ] DEBUG PhysicsWorld         - Using strategy: BRUTE_FORCE
21:50:41.215 [FXGL Background Thread 1 ] DEBUG GameScene            - Game scene initialized: 800x600
21:50:41.225 [FXGL Background Thread 1 ] DEBUG FXGL.DefaultMenu     - createMenuBodyGameMenu()
21:50:41.236 [FXGL Background Thread 1 ] DEBUG FXGL.DefaultMenu     - createOptionsMenu()
21:50:41.245 [FXGL Background Thread 1 ] DEBUG FXGLAssetLoaderServi - Loading from file system: jar:file:/C:/Users/nicol/Desktop/amongu/lib/fxgl-21.1-uber.jar!/fxglassets/textures/particles/smoke.png
21:50:41.316 [FXGL Background Thread 1 ] DEBUG FXGLAssetLoaderServi - Loading from file system: jar:file:/C:/Users/nicol/Desktop/amongu/lib/fxgl-21.1-uber.jar!/fxglassets/textures/particles/trace_horizontal.png
21:50:41.338 [FXGL Background Thread 1 ] DEBUG GameApplicationServi - Application scenes initialized
21:50:41.346 [FXGL Background Thread 1 ] DEBUG SystemBundleService  - Loading FXGL system data
21:50:41.349 [FXGL Background Thread 1 ] DEBUG FileSystemAccess     - Reading from: C:\Users\nicol\Desktop\amongu\system\fxgl.bundle
21:50:41.354 [FXGL Background Thread 1 ] DEBUG SystemBundleService  - Bundle FXGL: {}
21:50:41.354 [FXGL Background Thread 1 ] DEBUG UpdaterService       - Checking for updates
21:50:41.357 [FXGL Background Thread 4 ] DEBUG FXGLApplication      - Loading fonts
21:50:41.357 [FXGL Background Thread 1 ] DEBUG FXGLApplication      - Loading default localization
21:50:41.357 [FXGL Background Thread 4 ] DEBUG FXGLAssetLoaderServi - Loading from file system: jar:file:/C:/Users/nicol/Desktop/amongu/lib/fxgl-21.1-uber.jar!/fxglassets/ui/fonts/VarelaRound-Regular.ttf
21:50:41.357 [FXGL Background Thread 1 ] DEBUG FXGLAssetLoaderServi - Loading from file system: jar:file:/C:/Users/nicol/Desktop/amongu/lib/fxgl-21.1-uber.jar!/fxglassets/languages/english.lang
21:50:41.368 [FXGL Background Thread 1 ] INFO  FXGLApplication      - FXGL initialization took: 0,323 sec
21:50:41.373 [JavaFX Application Thread] DEBUG Input                - Registered new binding: Mover Arriba - W
21:50:41.374 [JavaFX Application Thread] DEBUG Input                - Registered new binding: Mover Abajo - S
21:50:41.374 [JavaFX Application Thread] DEBUG Input                - Registered new binding: Mover Izquierda - A
21:50:41.374 [JavaFX Application Thread] DEBUG Input                - Registered new binding: Mover Derecha - D
21:50:41.374 [JavaFX Application Thread] DEBUG Input                - Registered new binding: Abrir Camaras - C
21:50:41.374 [JavaFX Application Thread] DEBUG FXGLAssetLoaderServi - Loading from file system: file:/C:/Users/nicol/Desktop/amongu/out/production/Among%20Us/assets/textures/icono.png
21:50:41.391 [JavaFX Application Thread] DEBUG FXGLAssetLoaderServi - Loading from file system: jar:file:/C:/Users/nicol/Desktop/amongu/lib/fxgl-21.1-uber.jar!/fxglassets/textures/fxgl_default_cursor.png
21:50:41.394 [JavaFX Application Thread] DEBUG Input                - Registered new binding: Screenshot - CTRL+8
21:50:41.394 [JavaFX Application Thread] DEBUG Input                - Registered new binding: System info dump - CTRL+9
21:50:41.395 [JavaFX Application Thread] DEBUG Input                - Registered new binding: Restart - CTRL+R
21:50:41.395 [FXGL Background Thread 4 ] DEBUG FXGLAssetLoaderServi - Loading from file system: jar:file:/C:/Users/nicol/Desktop/amongu/lib/fxgl-21.1-uber.jar!/fxglassets/ui/fonts/Abel-Regular.ttf
21:50:41.395 [JavaFX Application Thread] DEBUG Input                - Registered new binding: Toggle Debug Camera - CTRL+7
21:50:41.399 [JavaFX Application Thread] DEBUG LoopRunner           - Starting loop
21:50:41.399 [JavaFX Application Thread] DEBUG LoopRunner           - Initializing JavaFX AnimationTimerLoop
21:50:41.400 [FXGL Background Thread 4 ] DEBUG FXGLAssetLoaderServi - Loading from file system: jar:file:/C:/Users/nicol/Desktop/amongu/lib/fxgl-21.1-uber.jar!/fxglassets/ui/fonts/TerminalLandMono-Regular.otf
21:50:41.400 [JavaFX Application Thread] DEBUG GameApplicationServi - Starting new game
21:50:41.401 [JavaFX Application Thread] DEBUG Input                - Clearing active input actions
21:50:41.405 [FXGL Background Thread 4 ] DEBUG FXGLAssetLoaderServi - Loading from file system: jar:file:/C:/Users/nicol/Desktop/amongu/lib/fxgl-21.1-uber.jar!/fxglassets/ui/fonts/Courier-Prime.ttf
21:50:41.412 [JavaFX Application Thread] DEBUG GameApplicationServi - Removing overlay from FXGLStartupScene and adding to FXGLLoadingScene
21:50:41.412 [JavaFX Application Thread] DEBUG PrimaryStageWindow   - FXGLStartupScene -> FXGLLoadingScene
21:50:41.413 [JavaFX Application Thread] DEBUG GameApplicationServi - Clearing previous game
21:50:41.413 [JavaFX Application Thread] DEBUG GameScene            - Clearing game scene
21:50:41.413 [JavaFX Application Thread] DEBUG GameWorld            - Clearing game world
21:50:41.413 [JavaFX Application Thread] DEBUG PhysicsWorld         - Clearing physics world
21:50:41.414 [FXGL Background Thread 4 ] DEBUG FXGLApplication      - Initializing game
21:50:41.422 [FXGL Background Thread 4 ] DEBUG FXGLAssetLoaderServi - Loading from file system: file:/C:/Users/nicol/Desktop/amongu/out/production/Among%20Us/assets/textures/MonitorDeCamaras.png
21:50:41.447 [FXGL Background Thread 4 ] DEBUG FXGLAssetLoaderServi - Loading from file system: file:/C:/Users/nicol/Desktop/amongu/out/production/Among%20Us/assets/textures/flechaAmarillaIzq.png
21:50:41.449 [FXGL Background Thread 4 ] DEBUG FXGLAssetLoaderServi - Loading from file system: file:/C:/Users/nicol/Desktop/amongu/out/production/Among%20Us/assets/textures/flechaAmarillaDer.png
21:50:41.451 [FXGL Background Thread 4 ] DEBUG FXGLAssetLoaderServi - Loading from file system: file:/C:/Users/nicol/Desktop/amongu/out/production/Among%20Us/assets/music/musicaMenu.mp3
21:50:41.454 [JavaFX Application Thread] DEBUG FXGLApplication      - Registering font factories with UI factory
21:50:41.572 [FXGL Background Thread 4 ] DEBUG AudioPlayer          - Playing music com.almasb.fxgl.audio.Music@365ee1b9
21:50:41.855 [FXGL Background Thread 4 ] INFO  FXGLApplication      - Game initialization took: 0,441 sec
21:50:41.856 [JavaFX Application Thread] DEBUG Input                - Clearing active input actions
21:50:41.861 [JavaFX Application Thread] DEBUG GameApplicationServi - Removing overlay from FXGLLoadingScene and adding to GameScene
21:50:41.861 [JavaFX Application Thread] DEBUG PrimaryStageWindow   - FXGLLoadingScene -> GameScene
21:50:41.888 [FXGL Background Thread 2 ] INFO  UpdaterService       - Your current version:  21.1
21:50:41.888 [FXGL Background Thread 2 ] INFO  UpdaterService       - Latest stable version: 25
21:50:42.986 [JavaFX Application Thread] DEBUG FXGLAssetLoaderServi - Loading from file system: file:/C:/Users/nicol/Desktop/amongu/out/production/Among%20Us/assets/sounds/clickBoton.wav
21:50:44.357 [FXGL Background Thread 3 ] DEBUG Engine               - Logging environment variables
21:50:44.358 [FXGL Background Thread 3 ] DEBUG Engine               - achievements: []
21:50:44.358 [FXGL Background Thread 3 ] DEBUG Engine               - actualHeight: 600.0
21:50:44.358 [FXGL Background Thread 3 ] DEBUG Engine               - actualHeightProperty: ReadOnlyDoubleProperty [value: 600.0]
21:50:44.358 [FXGL Background Thread 3 ] DEBUG Engine               - actualWidth: 800.0
21:50:44.358 [FXGL Background Thread 3 ] DEBUG Engine               - actualWidthProperty: ReadOnlyDoubleProperty [value: 800.0]
21:50:44.359 [FXGL Background Thread 3 ] DEBUG Engine               - appIcon: icono.png
21:50:44.359 [FXGL Background Thread 3 ] DEBUG Engine               - applicationMode: DEVELOPER
21:50:44.359 [FXGL Background Thread 3 ] DEBUG Engine               - cSSList: [fxgl_dark.css]
21:50:44.359 [FXGL Background Thread 3 ] DEBUG Engine               - collisionDetectionStrategy: BRUTE_FORCE
21:50:44.359 [FXGL Background Thread 3 ] DEBUG Engine               - configClass: Optional.empty
21:50:44.359 [FXGL Background Thread 3 ] DEBUG Engine               - credits: []
21:50:44.360 [FXGL Background Thread 3 ] DEBUG Engine               - defaultCursor: CursorInfo(imageName=fxgl_default_cursor.png, hotspotX=7.0, hotspotY=6.0)
21:50:44.360 [FXGL Background Thread 3 ] DEBUG Engine               - devBBoxColorProperty: ObjectProperty [value: 0xff0000ff]
21:50:44.360 [FXGL Background Thread 3 ] DEBUG Engine               - devEnableDebugCameraProperty: BooleanProperty [value: false]
21:50:44.360 [FXGL Background Thread 3 ] DEBUG Engine               - devSensorColorProperty: ObjectProperty [value: 0xffff00ff]
21:50:44.360 [FXGL Background Thread 3 ] DEBUG Engine               - devShowBBoxProperty: BooleanProperty [value: false]
21:50:44.360 [FXGL Background Thread 3 ] DEBUG Engine               - devShowPositionProperty: BooleanProperty [value: false]
21:50:44.360 [FXGL Background Thread 3 ] DEBUG Engine               - enabledMenuItems: []
21:50:44.360 [FXGL Background Thread 3 ] DEBUG Engine               - engineServices: [class com.almasb.fxgl.app.services.FXGLAssetLoaderService, class com.almasb.fxgl.app.FXGLApplication$GameApplicationService, class com.almasb.fxgl.app.services.FXGLDialogService, class com.almasb.fxgl.app.services.IOTaskExecutorService, class com.almasb.fxgl.io.FileSystemService, class com.almasb.fxgl.localization.LocalizationService, class com.almasb.fxgl.app.services.SystemBundleService, class com.almasb.fxgl.profile.SaveLoadService, class com.almasb.fxgl.ui.FXGLUIFactoryServiceProvider, class com.almasb.fxgl.ui.FXGLDialogFactoryServiceProvider, class com.almasb.fxgl.audio.AudioPlayer, class com.almasb.fxgl.notification.impl.NotificationServiceProvider, class com.almasb.fxgl.achievement.AchievementService, class com.almasb.fxgl.cutscene.CutsceneService, class com.almasb.fxgl.minigames.MiniGameService, class com.almasb.fxgl.net.NetService, class com.almasb.fxgl.app.services.UpdaterService, class com.almasb.fxgl.dev.DevService]
21:50:44.360 [FXGL Background Thread 3 ] DEBUG Engine               - fontGame: Abel-Regular.ttf
21:50:44.360 [FXGL Background Thread 3 ] DEBUG Engine               - fontMono: TerminalLandMono-Regular.otf
21:50:44.360 [FXGL Background Thread 3 ] DEBUG Engine               - fontSizeScaleUI: 1.0
21:50:44.360 [FXGL Background Thread 3 ] DEBUG Engine               - fontText: Courier-Prime.ttf
21:50:44.360 [FXGL Background Thread 3 ] DEBUG Engine               - fontUI: VarelaRound-Regular.ttf
21:50:44.360 [FXGL Background Thread 3 ] DEBUG Engine               - fullScreen: BooleanProperty [value: false]
21:50:44.360 [FXGL Background Thread 3 ] DEBUG Engine               - gameDifficulty: MEDIUM
21:50:44.360 [FXGL Background Thread 3 ] DEBUG Engine               - gameDifficultyProperty: ObjectProperty [value: MEDIUM]
21:50:44.361 [FXGL Background Thread 3 ] DEBUG Engine               - globalMusicVolume: 0.5
21:50:44.361 [FXGL Background Thread 3 ] DEBUG Engine               - globalMusicVolumeProperty: DoubleProperty [value: 0.4]
21:50:44.361 [FXGL Background Thread 3 ] DEBUG Engine               - globalSoundVolume: 0.5
21:50:44.361 [FXGL Background Thread 3 ] DEBUG Engine               - globalSoundVolumeProperty: DoubleProperty [value: 0.5]
21:50:44.361 [FXGL Background Thread 3 ] DEBUG Engine               - height: 600
21:50:44.361 [FXGL Background Thread 3 ] DEBUG Engine               - is3D: false
21:50:44.361 [FXGL Background Thread 3 ] DEBUG Engine               - isAndroid: false
21:50:44.361 [FXGL Background Thread 3 ] DEBUG Engine               - isBrowser: false
21:50:44.361 [FXGL Background Thread 3 ] DEBUG Engine               - isClickFeedbackEnabled: false
21:50:44.361 [FXGL Background Thread 3 ] DEBUG Engine               - isCloseConfirmation: false
21:50:44.361 [FXGL Background Thread 3 ] DEBUG Engine               - isDesktop: true
21:50:44.361 [FXGL Background Thread 3 ] DEBUG Engine               - isDeveloperMenuEnabled: false
21:50:44.361 [FXGL Background Thread 3 ] DEBUG Engine               - isEmbedded: false
21:50:44.361 [FXGL Background Thread 3 ] DEBUG Engine               - isEntityPreloadEnabled: true
21:50:44.361 [FXGL Background Thread 3 ] DEBUG Engine               - isExperimentalTiledLargeMap: false
21:50:44.361 [FXGL Background Thread 3 ] DEBUG Engine               - isFileSystemWriteAllowed: true
21:50:44.361 [FXGL Background Thread 3 ] DEBUG Engine               - isFullScreenAllowed: false
21:50:44.361 [FXGL Background Thread 3 ] DEBUG Engine               - isFullScreenFromStart: false
21:50:44.361 [FXGL Background Thread 3 ] DEBUG Engine               - isGameMenuEnabled: true
21:50:44.361 [FXGL Background Thread 3 ] DEBUG Engine               - isIOS: false
21:50:44.362 [FXGL Background Thread 3 ] DEBUG Engine               - isIntroEnabled: false
21:50:44.362 [FXGL Background Thread 3 ] DEBUG Engine               - isLinux: false
21:50:44.362 [FXGL Background Thread 3 ] DEBUG Engine               - isMac: false
21:50:44.362 [FXGL Background Thread 3 ] DEBUG Engine               - isMainMenuEnabled: false
21:50:44.362 [FXGL Background Thread 3 ] DEBUG Engine               - isManualResizeEnabled: false
21:50:44.362 [FXGL Background Thread 3 ] DEBUG Engine               - isMobile: false
21:50:44.362 [FXGL Background Thread 3 ] DEBUG Engine               - isNative: false
21:50:44.362 [FXGL Background Thread 3 ] DEBUG Engine               - isPauseMusicWhenMinimized: true
21:50:44.362 [FXGL Background Thread 3 ] DEBUG Engine               - isPreserveResizeRatio: false
21:50:44.362 [FXGL Background Thread 3 ] DEBUG Engine               - isProfilingEnabled: false
21:50:44.362 [FXGL Background Thread 3 ] DEBUG Engine               - isScaleAffectedOnResize: true
21:50:44.362 [FXGL Background Thread 3 ] DEBUG Engine               - isSingleStep: false
21:50:44.362 [FXGL Background Thread 3 ] DEBUG Engine               - isUserProfileEnabled: false
21:50:44.362 [FXGL Background Thread 3 ] DEBUG Engine               - isWindows: true
21:50:44.362 [FXGL Background Thread 3 ] DEBUG Engine               - language: ObjectProperty [value: ENGLISH]
21:50:44.363 [FXGL Background Thread 3 ] DEBUG Engine               - menuKey: ESCAPE
21:50:44.363 [FXGL Background Thread 3 ] DEBUG Engine               - mouseSensitivity: 0.2
21:50:44.363 [FXGL Background Thread 3 ] DEBUG Engine               - notificationViewClass: class com.almasb.fxgl.notification.view.XboxNotificationView
21:50:44.363 [FXGL Background Thread 3 ] DEBUG Engine               - pixelsPerMeter: 50.0
21:50:44.363 [FXGL Background Thread 3 ] DEBUG Engine               - platform: WINDOWS
21:50:44.363 [FXGL Background Thread 3 ] DEBUG Engine               - prefHeightProperty: ReadOnlyDoubleProperty [value: 600.0]
21:50:44.363 [FXGL Background Thread 3 ] DEBUG Engine               - prefWidthProperty: ReadOnlyDoubleProperty [value: 800.0]
21:50:44.363 [FXGL Background Thread 3 ] DEBUG Engine               - profileDir: profiles/
21:50:44.363 [FXGL Background Thread 3 ] DEBUG Engine               - profileName: StringProperty [value: DEFAULT]
21:50:44.363 [FXGL Background Thread 3 ] DEBUG Engine               - randomSeed: -1
21:50:44.363 [FXGL Background Thread 3 ] DEBUG Engine               - runtimeInfo: RuntimeInfo(platform=WINDOWS, version=21.1, build=26.03.2024 17.33)
21:50:44.363 [FXGL Background Thread 3 ] DEBUG Engine               - saveFileExt: sav
21:50:44.363 [FXGL Background Thread 3 ] DEBUG Engine               - scaledHeightProp$fxgl: DoubleProperty [bound, value: 600.0]
21:50:44.363 [FXGL Background Thread 3 ] DEBUG Engine               - scaledWidthProp$fxgl: DoubleProperty [bound, value: 800.0]
21:50:44.363 [FXGL Background Thread 3 ] DEBUG Engine               - sceneFactory: com.almasb.fxgl.app.scene.SceneFactory@6ac45f94
21:50:44.363 [FXGL Background Thread 3 ] DEBUG Engine               - secondsIn24h: 60
21:50:44.363 [FXGL Background Thread 3 ] DEBUG Engine               - soundMenuBack: menu/back.wav
21:50:44.363 [FXGL Background Thread 3 ] DEBUG Engine               - soundMenuPress: menu/press.wav
21:50:44.363 [FXGL Background Thread 3 ] DEBUG Engine               - soundMenuSelect: menu/select.wav
21:50:44.363 [FXGL Background Thread 3 ] DEBUG Engine               - soundNotification: core/notification.wav
21:50:44.363 [FXGL Background Thread 3 ] DEBUG Engine               - stageStyle: DECORATED
21:50:44.363 [FXGL Background Thread 3 ] DEBUG Engine               - supportedLanguages: [ENGLISH, FRENCH, GERMAN, HUNGARIAN, RUSSIAN]
21:50:44.363 [FXGL Background Thread 3 ] DEBUG Engine               - ticksPerSecond: -1
21:50:44.364 [FXGL Background Thread 3 ] DEBUG Engine               - title: Among Us UNEG
21:50:44.364 [FXGL Background Thread 3 ] DEBUG Engine               - urlGithub: https://github.com/AlmasB/FXGL
21:50:44.364 [FXGL Background Thread 3 ] DEBUG Engine               - urlLeaderboard: http://fxgl-top.herokuapp.com/
21:50:44.364 [FXGL Background Thread 3 ] DEBUG Engine               - urlPOM: https://raw.githubusercontent.com/AlmasB/FXGL/release/README.md
21:50:44.364 [FXGL Background Thread 3 ] DEBUG Engine               - userAppClass: class main.java.amongUs.AppPrincipal
21:50:44.364 [FXGL Background Thread 3 ] DEBUG Engine               - version: 0.0
21:50:44.364 [FXGL Background Thread 3 ] DEBUG Engine               - versionCheckDays: 7
21:50:44.364 [FXGL Background Thread 3 ] DEBUG Engine               - width: 800
21:50:44.364 [FXGL Background Thread 3 ] DEBUG Engine               - Logging services
21:50:44.364 [FXGL Background Thread 3 ] DEBUG Engine               - class com.almasb.fxgl.app.services.FXGLAssetLoaderService
21:50:44.364 [FXGL Background Thread 3 ] DEBUG Engine               - class com.almasb.fxgl.app.FXGLApplication$GameApplicationService
21:50:44.364 [FXGL Background Thread 3 ] DEBUG Engine               - class com.almasb.fxgl.app.services.FXGLDialogService
21:50:44.364 [FXGL Background Thread 3 ] DEBUG Engine               - class com.almasb.fxgl.app.services.IOTaskExecutorService
21:50:44.364 [FXGL Background Thread 3 ] DEBUG Engine               - class com.almasb.fxgl.io.FileSystemService
21:50:44.364 [FXGL Background Thread 3 ] DEBUG Engine               - class com.almasb.fxgl.localization.LocalizationService
21:50:44.364 [FXGL Background Thread 3 ] DEBUG Engine               - class com.almasb.fxgl.app.services.SystemBundleService
21:50:44.364 [FXGL Background Thread 3 ] DEBUG Engine               - class com.almasb.fxgl.profile.SaveLoadService
21:50:44.364 [FXGL Background Thread 3 ] DEBUG Engine               - class com.almasb.fxgl.ui.FXGLUIFactoryServiceProvider
21:50:44.364 [FXGL Background Thread 3 ] DEBUG Engine               - class com.almasb.fxgl.ui.FXGLDialogFactoryServiceProvider
21:50:44.364 [FXGL Background Thread 3 ] DEBUG Engine               - class com.almasb.fxgl.audio.AudioPlayer
21:50:44.364 [FXGL Background Thread 3 ] DEBUG Engine               - class com.almasb.fxgl.notification.impl.NotificationServiceProvider
21:50:44.364 [FXGL Background Thread 3 ] DEBUG Engine               - class com.almasb.fxgl.achievement.AchievementService
21:50:44.364 [FXGL Background Thread 3 ] DEBUG Engine               - class com.almasb.fxgl.cutscene.CutsceneService
21:50:44.364 [FXGL Background Thread 3 ] DEBUG Engine               - class com.almasb.fxgl.minigames.MiniGameService
21:50:44.364 [FXGL Background Thread 3 ] DEBUG Engine               - class com.almasb.fxgl.net.NetService
21:50:44.364 [FXGL Background Thread 3 ] DEBUG Engine               - class com.almasb.fxgl.app.services.UpdaterService
21:50:44.364 [FXGL Background Thread 3 ] DEBUG Engine               - class com.almasb.fxgl.dev.DevService
21:50:47.002 [JavaFX Application Thread] DEBUG FXGLAssetLoaderServi - Loading from file system: file:/C:/Users/nicol/Desktop/amongu/out/production/Among%20Us/assets/textures/tripulante_negro.png
21:50:48.198 [JavaFX Application Thread] WARN  TMXLevelLoader       - TiledMap generated from 1.11.2. Supported version: 1.9.0. Some features may not be parsed fully.
21:50:48.224 [JavaFX Application Thread] DEBUG TMXLevelLoader       - Parsed TiledMap: file:/C:/Users/nicol/Desktop/amongu/out/production/Among%20Us/assets/levels/mapa2.tmx
21:50:48.225 [JavaFX Application Thread] DEBUG TMXLevelLoader       - Creating tile layer entities
21:50:48.226 [JavaFX Application Thread] DEBUG TilesetLoader        - Loading view for layer fondo1
21:50:48.227 [JavaFX Application Thread] DEBUG TilesetLoader        - Created buffer with size 992.0x960.0
21:50:48.234 [JavaFX Application Thread] DEBUG TilesetLoader        - Loading view for layer fondo
21:50:48.234 [JavaFX Application Thread] DEBUG TilesetLoader        - Created buffer with size 992.0x960.0
21:50:48.237 [JavaFX Application Thread] DEBUG TilesetLoader        - Loading view for layer piso
21:50:48.238 [JavaFX Application Thread] DEBUG TilesetLoader        - Created buffer with size 992.0x960.0
21:50:48.240 [JavaFX Application Thread] DEBUG TilesetLoader        - Loading view for layer piso1
21:50:48.240 [JavaFX Application Thread] DEBUG TilesetLoader        - Created buffer with size 992.0x960.0
21:50:48.242 [JavaFX Application Thread] WARN  TilesetLoader        - Diagonally flipped tiles are not currently supported
21:50:48.246 [JavaFX Application Thread] WARN  TilesetLoader        - Diagonally flipped tiles are not currently supported
21:50:48.246 [JavaFX Application Thread] DEBUG TilesetLoader        - Loading view for layer izquierda
21:50:48.247 [JavaFX Application Thread] DEBUG TilesetLoader        - Created buffer with size 992.0x960.0
21:50:48.249 [JavaFX Application Thread] DEBUG TilesetLoader        - Loading view for layer detallesatraspared
21:50:48.250 [JavaFX Application Thread] DEBUG TilesetLoader        - Created buffer with size 992.0x960.0
21:50:48.268 [JavaFX Application Thread] DEBUG TilesetLoader        - Loading view for layer pared2
21:50:48.269 [JavaFX Application Thread] DEBUG TilesetLoader        - Created buffer with size 992.0x960.0
21:50:48.274 [JavaFX Application Thread] DEBUG TilesetLoader        - Loading view for layer techo1
21:50:48.275 [JavaFX Application Thread] DEBUG TilesetLoader        - Created buffer with size 992.0x960.0
21:50:48.277 [JavaFX Application Thread] DEBUG TilesetLoader        - Loading view for layer techo2
21:50:48.278 [JavaFX Application Thread] DEBUG TilesetLoader        - Created buffer with size 992.0x960.0
21:50:48.281 [JavaFX Application Thread] DEBUG TilesetLoader        - Loading view for layer puertita
21:50:48.281 [JavaFX Application Thread] DEBUG TilesetLoader        - Created buffer with size 992.0x960.0
21:50:48.282 [JavaFX Application Thread] DEBUG TilesetLoader        - Loading view for layer puerta
21:50:48.282 [JavaFX Application Thread] DEBUG TilesetLoader        - Created buffer with size 992.0x960.0
21:50:48.283 [JavaFX Application Thread] DEBUG TilesetLoader        - Loading view for layer detalles
21:50:48.283 [JavaFX Application Thread] DEBUG TilesetLoader        - Created buffer with size 992.0x960.0
21:50:48.292 [JavaFX Application Thread] DEBUG TilesetLoader        - Loading view for layer detalles 2
21:50:48.292 [JavaFX Application Thread] DEBUG TilesetLoader        - Created buffer with size 992.0x960.0
21:50:48.300 [JavaFX Application Thread] DEBUG TilesetLoader        - Loading view for layer detalles3
21:50:48.300 [JavaFX Application Thread] DEBUG TilesetLoader        - Created buffer with size 992.0x960.0
21:50:48.312 [JavaFX Application Thread] DEBUG TilesetLoader        - Loading view for layer grieta
21:50:48.312 [JavaFX Application Thread] DEBUG TilesetLoader        - Created buffer with size 992.0x960.0
21:50:48.312 [JavaFX Application Thread] DEBUG TilesetLoader        - Loading view for layer camaras
21:50:48.313 [JavaFX Application Thread] DEBUG TilesetLoader        - Created buffer with size 992.0x960.0
21:50:48.314 [JavaFX Application Thread] DEBUG TilesetLoader        - Loading view for layer Techo
21:50:48.314 [JavaFX Application Thread] DEBUG TilesetLoader        - Created buffer with size 992.0x960.0
21:50:48.315 [JavaFX Application Thread] DEBUG TMXLevelLoader       - Creating object layer entities
21:50:48.348 [JavaFX Application Thread] DEBUG GameWorld            - Clearing removable entities
21:50:48.348 [JavaFX Application Thread] DEBUG GameWorld            - Setting level: com.almasb.fxgl.entity.level.Level@162d4b37
21:50:48.365 [JavaFX Application Thread] DEBUG FXGLAssetLoaderServi - Loading from file system: file:/C:/Users/nicol/Desktop/amongu/out/production/Among%20Us/assets/textures/animacion_negro.png
21:51:54.112 [JavaFX Application Thread] DEBUG FXGLApplication      - Exiting FXGL
21:51:54.113 [JavaFX Application Thread] DEBUG LoopRunner           - Stopping loop
21:51:54.113 [JavaFX Application Thread] DEBUG SystemBundleService  - Saving FXGL system data
21:51:54.118 [JavaFX Application Thread] DEBUG FileSystemAccess     - Writing to: C:\Users\nicol\Desktop\amongu\system\fxgl.bundle
21:51:54.122 [JavaFX Application Thread] DEBUG Async                - Shutting down background threads
21:51:54.123 [JavaFX Application Thread] DEBUG PrimaryStageWindow   - Closing main window
21:51:54.146 [JavaFX Application Thread] DEBUG Logger               - Closing Logger
