23:22:53.663 [main                     ] DEBUG Logger               - Configured Logger
23:22:53.724 [main                     ] DEBUG GameApplication      - Logging settings
Title: Among Us - Java Edition
Version: 0.0
Width: 800
Height: 600
Fullscreen: false
Intro: false
Profiling: false
Single step:false
App Mode: DEVELOPER
Menu Key: ESCAPE
Stage Style: DECORATED
Scene Factory: class com.almasb.fxgl.app.scene.SceneFactory

23:22:54.869 [JavaFX Application Thread] DEBUG FXGLApplication      - Initializing FXGL
23:22:54.875 [JavaFX Application Thread] INFO  Engine               - FXGL-21.1 (26.03.2024 17.33) on WINDOWS (J:25.0.2 FX:21.0.1)
23:22:54.875 [JavaFX Application Thread] DEBUG Engine               - JRE Vendor Name: Oracle Corporation
23:22:54.875 [JavaFX Application Thread] DEBUG Engine               - Running on OS: Windows 11 version 10.0
23:22:54.876 [JavaFX Application Thread] DEBUG Engine               - Architecture: amd64
23:22:54.876 [JavaFX Application Thread] INFO  Engine               - Source code and latest versions at: https://github.com/AlmasB/FXGL
23:22:54.876 [JavaFX Application Thread] INFO  Engine               -       Ask questions and discuss at: https://github.com/AlmasB/FXGL/discussions
23:22:54.876 [JavaFX Application Thread] INFO  Engine               -              Join the FXGL chat at: https://gitter.im/AlmasB/FXGL
23:22:55.171 [JavaFX Application Thread] DEBUG PrimaryStageWindow   - Creating a JavaFX scene
23:22:55.308 [JavaFX Application Thread] DEBUG PrimaryStageWindow   - Target settings size: 800.0 x 600.0
23:22:55.310 [JavaFX Application Thread] DEBUG PrimaryStageWindow   - Scaled scene size:    800.0 x 600.0
23:22:55.310 [JavaFX Application Thread] DEBUG PrimaryStageWindow   - Scaled ratio: (1.0, 1.0)
23:22:55.314 [JavaFX Application Thread] DEBUG PrimaryStageWindow   - Set initial scene to FXGLStartupScene
23:22:55.327 [JavaFX Application Thread] DEBUG PrimaryStageWindow   - Opening main window
23:22:55.547 [JavaFX Application Thread] DEBUG PrimaryStageWindow   - Window border size: (16.0, 39.0)
23:22:55.547 [JavaFX Application Thread] DEBUG PrimaryStageWindow   - Scaled size: 800.0 x 600.0
23:22:55.548 [JavaFX Application Thread] DEBUG PrimaryStageWindow   - Scaled ratio: (1.0, 1.0)
23:22:55.548 [JavaFX Application Thread] DEBUG PrimaryStageWindow   - Scene size: 800.0 x 600.0
23:22:55.548 [JavaFX Application Thread] DEBUG PrimaryStageWindow   - Stage size: 816.0 x 639.0
23:22:55.700 [FXGL Background Thread 1 ] DEBUG Engine               - Initializing environment variables
23:22:55.838 [FXGL Background Thread 1 ] DEBUG FXGLAssetLoaderServi - User app class for loading assets: class main.java.amongUs.AppPrincipal
23:22:55.839 [FXGL Background Thread 1 ] DEBUG GameApplicationServi - Applying CSS: fxgl_dark.css
23:22:55.840 [FXGL Background Thread 1 ] DEBUG FXGLAssetLoaderServi - Loading from file system: jar:file:/C:/Users/josue/OneDrive/Desktop/proyecto%20java/Among%20Us/lib/fxgl-21.1-uber.jar!/fxglassets/ui/css/fxgl_dark.css
23:22:55.964 [FXGL Background Thread 1 ] DEBUG GameApplicationServi - Initializing application scenes
23:22:56.172 [FXGL Background Thread 1 ] DEBUG GameWorld            - Game world initialized
23:22:56.262 [FXGL Background Thread 1 ] DEBUG PhysicsWorld         - Physics world initialized: appHeight=600, physics.ppm=50,0
23:22:56.262 [FXGL Background Thread 1 ] DEBUG PhysicsWorld         - Using strategy: BRUTE_FORCE
23:22:56.267 [FXGL Background Thread 1 ] DEBUG GameScene            - Game scene initialized: 800x600
23:22:56.294 [FXGL Background Thread 1 ] DEBUG FXGL.DefaultMenu     - createMenuBodyGameMenu()
23:22:56.331 [FXGL Background Thread 1 ] DEBUG FXGL.DefaultMenu     - createOptionsMenu()
23:22:56.356 [FXGL Background Thread 1 ] DEBUG FXGLAssetLoaderServi - Loading from file system: jar:file:/C:/Users/josue/OneDrive/Desktop/proyecto%20java/Among%20Us/lib/fxgl-21.1-uber.jar!/fxglassets/textures/particles/smoke.png
23:22:56.580 [FXGL Background Thread 1 ] DEBUG FXGLAssetLoaderServi - Loading from file system: jar:file:/C:/Users/josue/OneDrive/Desktop/proyecto%20java/Among%20Us/lib/fxgl-21.1-uber.jar!/fxglassets/textures/particles/trace_horizontal.png
23:22:56.646 [FXGL Background Thread 1 ] DEBUG GameApplicationServi - Application scenes initialized
23:22:56.676 [FXGL Background Thread 1 ] DEBUG SystemBundleService  - Loading FXGL system data
23:22:56.685 [FXGL Background Thread 1 ] DEBUG FileSystemAccess     - Reading from: C:\Users\josue\OneDrive\Desktop\proyecto java\Among Us\system\fxgl.bundle
23:22:56.698 [FXGL Background Thread 1 ] DEBUG SystemBundleService  - Bundle FXGL: {}
23:22:56.698 [FXGL Background Thread 1 ] DEBUG UpdaterService       - Checking for updates
23:22:56.706 [FXGL Background Thread 1 ] DEBUG FXGLApplication      - Loading default localization
23:22:56.706 [FXGL Background Thread 1 ] DEBUG FXGLAssetLoaderServi - Loading from file system: jar:file:/C:/Users/josue/OneDrive/Desktop/proyecto%20java/Among%20Us/lib/fxgl-21.1-uber.jar!/fxglassets/languages/english.lang
23:22:56.732 [FXGL Background Thread 4 ] DEBUG FXGLApplication      - Loading fonts
23:22:56.733 [FXGL Background Thread 4 ] DEBUG FXGLAssetLoaderServi - Loading from file system: jar:file:/C:/Users/josue/OneDrive/Desktop/proyecto%20java/Among%20Us/lib/fxgl-21.1-uber.jar!/fxglassets/ui/fonts/VarelaRound-Regular.ttf
23:22:56.763 [FXGL Background Thread 1 ] INFO  FXGLApplication      - FXGL initialization took: 1,062 sec
23:22:56.772 [JavaFX Application Thread] DEBUG FXGLAssetLoaderServi - Loading from file system: jar:file:/C:/Users/josue/OneDrive/Desktop/proyecto%20java/Among%20Us/lib/fxgl-21.1-uber.jar!/fxglassets/textures/fxgl_icon.png
23:22:56.818 [JavaFX Application Thread] DEBUG FXGLAssetLoaderServi - Loading from file system: jar:file:/C:/Users/josue/OneDrive/Desktop/proyecto%20java/Among%20Us/lib/fxgl-21.1-uber.jar!/fxglassets/textures/fxgl_default_cursor.png
23:22:56.842 [JavaFX Application Thread] DEBUG Input                - Registered new binding: Screenshot - CTRL+8
23:22:56.845 [JavaFX Application Thread] DEBUG Input                - Registered new binding: System info dump - CTRL+9
23:22:56.847 [JavaFX Application Thread] DEBUG Input                - Registered new binding: Restart - CTRL+R
23:22:56.848 [JavaFX Application Thread] DEBUG Input                - Registered new binding: Toggle Debug Camera - CTRL+7
23:22:56.858 [JavaFX Application Thread] DEBUG LoopRunner           - Starting loop
23:22:56.858 [JavaFX Application Thread] DEBUG LoopRunner           - Initializing JavaFX AnimationTimerLoop
23:22:56.860 [JavaFX Application Thread] DEBUG GameApplicationServi - Starting new game
23:22:56.861 [JavaFX Application Thread] DEBUG Input                - Clearing active input actions
23:22:56.912 [JavaFX Application Thread] DEBUG GameApplicationServi - Removing overlay from FXGLStartupScene and adding to FXGLLoadingScene
23:22:56.913 [JavaFX Application Thread] DEBUG PrimaryStageWindow   - FXGLStartupScene -> FXGLLoadingScene
23:22:56.913 [JavaFX Application Thread] DEBUG GameApplicationServi - Clearing previous game
23:22:56.915 [JavaFX Application Thread] DEBUG GameScene            - Clearing game scene
23:22:56.915 [JavaFX Application Thread] DEBUG GameWorld            - Clearing game world
23:22:56.916 [JavaFX Application Thread] DEBUG PhysicsWorld         - Clearing physics world
23:22:56.922 [FXGL Background Thread 1 ] DEBUG FXGLApplication      - Initializing game
23:22:56.949 [FXGL Background Thread 1 ] WARN  FXGLAssetLoaderServi - Asset "/assets/levels/mapa2.tmx" was not found!
23:22:57.797 [FXGL Background Thread 1 ] INFO  FXGLApplication      - Game initialization took: 0,875 sec
23:22:57.965 [FXGL Background Thread 4 ] DEBUG FXGLAssetLoaderServi - Loading from file system: jar:file:/C:/Users/josue/OneDrive/Desktop/proyecto%20java/Among%20Us/lib/fxgl-21.1-uber.jar!/fxglassets/ui/fonts/Abel-Regular.ttf
23:22:57.981 [FXGL Background Thread 4 ] DEBUG FXGLAssetLoaderServi - Loading from file system: jar:file:/C:/Users/josue/OneDrive/Desktop/proyecto%20java/Among%20Us/lib/fxgl-21.1-uber.jar!/fxglassets/ui/fonts/TerminalLandMono-Regular.otf
23:22:57.989 [FXGL Background Thread 4 ] DEBUG FXGLAssetLoaderServi - Loading from file system: jar:file:/C:/Users/josue/OneDrive/Desktop/proyecto%20java/Among%20Us/lib/fxgl-21.1-uber.jar!/fxglassets/ui/fonts/Courier-Prime.ttf
23:22:57.997 [JavaFX Application Thread] DEBUG Input                - Clearing active input actions
23:22:58.020 [JavaFX Application Thread] DEBUG GameApplicationServi - Removing overlay from FXGLLoadingScene and adding to GameScene
23:22:58.021 [JavaFX Application Thread] DEBUG PrimaryStageWindow   - FXGLLoadingScene -> GameScene
23:22:58.033 [JavaFX Application Thread] DEBUG FXGLApplication      - Registering font factories with UI factory
23:22:59.105 [FXGL Background Thread 2 ] INFO  UpdaterService       - Your current version:  21.1
23:22:59.106 [FXGL Background Thread 2 ] INFO  UpdaterService       - Latest stable version: 25
23:22:59.704 [FXGL Background Thread 3 ] DEBUG Engine               - Logging environment variables
23:22:59.704 [FXGL Background Thread 3 ] DEBUG Engine               - achievements: []
23:22:59.705 [FXGL Background Thread 3 ] DEBUG Engine               - actualHeight: 600.0
23:22:59.705 [FXGL Background Thread 3 ] DEBUG Engine               - actualHeightProperty: ReadOnlyDoubleProperty [value: 600.0]
23:22:59.705 [FXGL Background Thread 3 ] DEBUG Engine               - actualWidth: 800.0
23:22:59.705 [FXGL Background Thread 3 ] DEBUG Engine               - actualWidthProperty: ReadOnlyDoubleProperty [value: 800.0]
23:22:59.705 [FXGL Background Thread 3 ] DEBUG Engine               - appIcon: fxgl_icon.png
23:22:59.705 [FXGL Background Thread 3 ] DEBUG Engine               - applicationMode: DEVELOPER
23:22:59.705 [FXGL Background Thread 3 ] DEBUG Engine               - cSSList: [fxgl_dark.css]
23:22:59.705 [FXGL Background Thread 3 ] DEBUG Engine               - collisionDetectionStrategy: BRUTE_FORCE
23:22:59.706 [FXGL Background Thread 3 ] DEBUG Engine               - configClass: Optional.empty
23:22:59.706 [FXGL Background Thread 3 ] DEBUG Engine               - credits: []
23:22:59.707 [FXGL Background Thread 3 ] DEBUG Engine               - defaultCursor: CursorInfo(imageName=fxgl_default_cursor.png, hotspotX=7.0, hotspotY=6.0)
23:22:59.707 [FXGL Background Thread 3 ] DEBUG Engine               - devBBoxColorProperty: ObjectProperty [value: 0xff0000ff]
23:22:59.707 [FXGL Background Thread 3 ] DEBUG Engine               - devEnableDebugCameraProperty: BooleanProperty [value: false]
23:22:59.707 [FXGL Background Thread 3 ] DEBUG Engine               - devSensorColorProperty: ObjectProperty [value: 0xffff00ff]
23:22:59.707 [FXGL Background Thread 3 ] DEBUG Engine               - devShowBBoxProperty: BooleanProperty [value: false]
23:22:59.707 [FXGL Background Thread 3 ] DEBUG Engine               - devShowPositionProperty: BooleanProperty [value: false]
23:22:59.707 [FXGL Background Thread 3 ] DEBUG Engine               - enabledMenuItems: []
23:22:59.708 [FXGL Background Thread 3 ] DEBUG Engine               - engineServices: [class com.almasb.fxgl.app.services.FXGLAssetLoaderService, class com.almasb.fxgl.app.FXGLApplication$GameApplicationService, class com.almasb.fxgl.app.services.FXGLDialogService, class com.almasb.fxgl.app.services.IOTaskExecutorService, class com.almasb.fxgl.io.FileSystemService, class com.almasb.fxgl.localization.LocalizationService, class com.almasb.fxgl.app.services.SystemBundleService, class com.almasb.fxgl.profile.SaveLoadService, class com.almasb.fxgl.ui.FXGLUIFactoryServiceProvider, class com.almasb.fxgl.ui.FXGLDialogFactoryServiceProvider, class com.almasb.fxgl.audio.AudioPlayer, class com.almasb.fxgl.notification.impl.NotificationServiceProvider, class com.almasb.fxgl.achievement.AchievementService, class com.almasb.fxgl.cutscene.CutsceneService, class com.almasb.fxgl.minigames.MiniGameService, class com.almasb.fxgl.net.NetService, class com.almasb.fxgl.app.services.UpdaterService, class com.almasb.fxgl.dev.DevService]
23:22:59.708 [FXGL Background Thread 3 ] DEBUG Engine               - fontGame: Abel-Regular.ttf
23:22:59.708 [FXGL Background Thread 3 ] DEBUG Engine               - fontMono: TerminalLandMono-Regular.otf
23:22:59.708 [FXGL Background Thread 3 ] DEBUG Engine               - fontSizeScaleUI: 1.0
23:22:59.708 [FXGL Background Thread 3 ] DEBUG Engine               - fontText: Courier-Prime.ttf
23:22:59.708 [FXGL Background Thread 3 ] DEBUG Engine               - fontUI: VarelaRound-Regular.ttf
23:22:59.708 [FXGL Background Thread 3 ] DEBUG Engine               - fullScreen: BooleanProperty [value: false]
23:22:59.708 [FXGL Background Thread 3 ] DEBUG Engine               - gameDifficulty: MEDIUM
23:22:59.708 [FXGL Background Thread 3 ] DEBUG Engine               - gameDifficultyProperty: ObjectProperty [value: MEDIUM]
23:22:59.708 [FXGL Background Thread 3 ] DEBUG Engine               - globalMusicVolume: 0.5
23:22:59.708 [FXGL Background Thread 3 ] DEBUG Engine               - globalMusicVolumeProperty: DoubleProperty [value: 0.5]
23:22:59.708 [FXGL Background Thread 3 ] DEBUG Engine               - globalSoundVolume: 0.5
23:22:59.708 [FXGL Background Thread 3 ] DEBUG Engine               - globalSoundVolumeProperty: DoubleProperty [value: 0.5]
23:22:59.708 [FXGL Background Thread 3 ] DEBUG Engine               - height: 600
23:22:59.708 [FXGL Background Thread 3 ] DEBUG Engine               - is3D: false
23:22:59.708 [FXGL Background Thread 3 ] DEBUG Engine               - isAndroid: false
23:22:59.708 [FXGL Background Thread 3 ] DEBUG Engine               - isBrowser: false
23:22:59.708 [FXGL Background Thread 3 ] DEBUG Engine               - isClickFeedbackEnabled: false
23:22:59.708 [FXGL Background Thread 3 ] DEBUG Engine               - isCloseConfirmation: false
23:22:59.708 [FXGL Background Thread 3 ] DEBUG Engine               - isDesktop: true
23:22:59.708 [FXGL Background Thread 3 ] DEBUG Engine               - isDeveloperMenuEnabled: false
23:22:59.708 [FXGL Background Thread 3 ] DEBUG Engine               - isEmbedded: false
23:22:59.708 [FXGL Background Thread 3 ] DEBUG Engine               - isEntityPreloadEnabled: true
23:22:59.708 [FXGL Background Thread 3 ] DEBUG Engine               - isExperimentalTiledLargeMap: false
23:22:59.709 [FXGL Background Thread 3 ] DEBUG Engine               - isFileSystemWriteAllowed: true
23:22:59.709 [FXGL Background Thread 3 ] DEBUG Engine               - isFullScreenAllowed: false
23:22:59.709 [FXGL Background Thread 3 ] DEBUG Engine               - isFullScreenFromStart: false
23:22:59.710 [FXGL Background Thread 3 ] DEBUG Engine               - isGameMenuEnabled: true
23:22:59.710 [FXGL Background Thread 3 ] DEBUG Engine               - isIOS: false
23:22:59.710 [FXGL Background Thread 3 ] DEBUG Engine               - isIntroEnabled: false
23:22:59.710 [FXGL Background Thread 3 ] DEBUG Engine               - isLinux: false
23:22:59.710 [FXGL Background Thread 3 ] DEBUG Engine               - isMac: false
23:22:59.710 [FXGL Background Thread 3 ] DEBUG Engine               - isMainMenuEnabled: false
23:22:59.710 [FXGL Background Thread 3 ] DEBUG Engine               - isManualResizeEnabled: false
23:22:59.710 [FXGL Background Thread 3 ] DEBUG Engine               - isMobile: false
23:22:59.710 [FXGL Background Thread 3 ] DEBUG Engine               - isNative: false
23:22:59.710 [FXGL Background Thread 3 ] DEBUG Engine               - isPauseMusicWhenMinimized: true
23:22:59.710 [FXGL Background Thread 3 ] DEBUG Engine               - isPreserveResizeRatio: false
23:22:59.710 [FXGL Background Thread 3 ] DEBUG Engine               - isProfilingEnabled: false
23:22:59.710 [FXGL Background Thread 3 ] DEBUG Engine               - isScaleAffectedOnResize: true
23:22:59.710 [FXGL Background Thread 3 ] DEBUG Engine               - isSingleStep: false
23:22:59.710 [FXGL Background Thread 3 ] DEBUG Engine               - isUserProfileEnabled: false
23:22:59.710 [FXGL Background Thread 3 ] DEBUG Engine               - isWindows: true
23:22:59.710 [FXGL Background Thread 3 ] DEBUG Engine               - language: ObjectProperty [value: ENGLISH]
23:22:59.711 [FXGL Background Thread 3 ] DEBUG Engine               - menuKey: ESCAPE
23:22:59.711 [FXGL Background Thread 3 ] DEBUG Engine               - mouseSensitivity: 0.2
23:22:59.711 [FXGL Background Thread 3 ] DEBUG Engine               - notificationViewClass: class com.almasb.fxgl.notification.view.XboxNotificationView
23:22:59.711 [FXGL Background Thread 3 ] DEBUG Engine               - pixelsPerMeter: 50.0
23:22:59.711 [FXGL Background Thread 3 ] DEBUG Engine               - platform: WINDOWS
23:22:59.711 [FXGL Background Thread 3 ] DEBUG Engine               - prefHeightProperty: ReadOnlyDoubleProperty [value: 600.0]
23:22:59.711 [FXGL Background Thread 3 ] DEBUG Engine               - prefWidthProperty: ReadOnlyDoubleProperty [value: 800.0]
23:22:59.711 [FXGL Background Thread 3 ] DEBUG Engine               - profileDir: profiles/
23:22:59.711 [FXGL Background Thread 3 ] DEBUG Engine               - profileName: StringProperty [value: DEFAULT]
23:22:59.711 [FXGL Background Thread 3 ] DEBUG Engine               - randomSeed: -1
23:22:59.711 [FXGL Background Thread 3 ] DEBUG Engine               - runtimeInfo: RuntimeInfo(platform=WINDOWS, version=21.1, build=26.03.2024 17.33)
23:22:59.711 [FXGL Background Thread 3 ] DEBUG Engine               - saveFileExt: sav
23:22:59.711 [FXGL Background Thread 3 ] DEBUG Engine               - scaledHeightProp$fxgl: DoubleProperty [bound, value: 600.0]
23:22:59.711 [FXGL Background Thread 3 ] DEBUG Engine               - scaledWidthProp$fxgl: DoubleProperty [bound, value: 800.0]
23:22:59.711 [FXGL Background Thread 3 ] DEBUG Engine               - sceneFactory: com.almasb.fxgl.app.scene.SceneFactory@4a9ea3f0
23:22:59.711 [FXGL Background Thread 3 ] DEBUG Engine               - secondsIn24h: 60
23:22:59.712 [FXGL Background Thread 3 ] DEBUG Engine               - soundMenuBack: menu/back.wav
23:22:59.712 [FXGL Background Thread 3 ] DEBUG Engine               - soundMenuPress: menu/press.wav
23:22:59.712 [FXGL Background Thread 3 ] DEBUG Engine               - soundMenuSelect: menu/select.wav
23:22:59.712 [FXGL Background Thread 3 ] DEBUG Engine               - soundNotification: core/notification.wav
23:22:59.712 [FXGL Background Thread 3 ] DEBUG Engine               - stageStyle: DECORATED
23:22:59.712 [FXGL Background Thread 3 ] DEBUG Engine               - supportedLanguages: [ENGLISH, FRENCH, GERMAN, HUNGARIAN, RUSSIAN]
23:22:59.712 [FXGL Background Thread 3 ] DEBUG Engine               - ticksPerSecond: -1
23:22:59.712 [FXGL Background Thread 3 ] DEBUG Engine               - title: Among Us - Java Edition
23:22:59.712 [FXGL Background Thread 3 ] DEBUG Engine               - urlGithub: https://github.com/AlmasB/FXGL
23:22:59.712 [FXGL Background Thread 3 ] DEBUG Engine               - urlLeaderboard: http://fxgl-top.herokuapp.com/
23:22:59.712 [FXGL Background Thread 3 ] DEBUG Engine               - urlPOM: https://raw.githubusercontent.com/AlmasB/FXGL/release/README.md
23:22:59.712 [FXGL Background Thread 3 ] DEBUG Engine               - userAppClass: class main.java.amongUs.AppPrincipal
23:22:59.712 [FXGL Background Thread 3 ] DEBUG Engine               - version: 0.0
23:22:59.712 [FXGL Background Thread 3 ] DEBUG Engine               - versionCheckDays: 7
23:22:59.712 [FXGL Background Thread 3 ] DEBUG Engine               - width: 800
23:22:59.712 [FXGL Background Thread 3 ] DEBUG Engine               - Logging services
23:22:59.712 [FXGL Background Thread 3 ] DEBUG Engine               - class com.almasb.fxgl.app.services.FXGLAssetLoaderService
23:22:59.712 [FXGL Background Thread 3 ] DEBUG Engine               - class com.almasb.fxgl.app.FXGLApplication$GameApplicationService
23:22:59.712 [FXGL Background Thread 3 ] DEBUG Engine               - class com.almasb.fxgl.app.services.FXGLDialogService
23:22:59.713 [FXGL Background Thread 3 ] DEBUG Engine               - class com.almasb.fxgl.app.services.IOTaskExecutorService
23:22:59.713 [FXGL Background Thread 3 ] DEBUG Engine               - class com.almasb.fxgl.io.FileSystemService
23:22:59.713 [FXGL Background Thread 3 ] DEBUG Engine               - class com.almasb.fxgl.localization.LocalizationService
23:22:59.713 [FXGL Background Thread 3 ] DEBUG Engine               - class com.almasb.fxgl.app.services.SystemBundleService
23:22:59.713 [FXGL Background Thread 3 ] DEBUG Engine               - class com.almasb.fxgl.profile.SaveLoadService
23:22:59.713 [FXGL Background Thread 3 ] DEBUG Engine               - class com.almasb.fxgl.ui.FXGLUIFactoryServiceProvider
23:22:59.713 [FXGL Background Thread 3 ] DEBUG Engine               - class com.almasb.fxgl.ui.FXGLDialogFactoryServiceProvider
23:22:59.713 [FXGL Background Thread 3 ] DEBUG Engine               - class com.almasb.fxgl.audio.AudioPlayer
23:22:59.713 [FXGL Background Thread 3 ] DEBUG Engine               - class com.almasb.fxgl.notification.impl.NotificationServiceProvider
23:22:59.713 [FXGL Background Thread 3 ] DEBUG Engine               - class com.almasb.fxgl.achievement.AchievementService
23:22:59.713 [FXGL Background Thread 3 ] DEBUG Engine               - class com.almasb.fxgl.cutscene.CutsceneService
23:22:59.713 [FXGL Background Thread 3 ] DEBUG Engine               - class com.almasb.fxgl.minigames.MiniGameService
23:22:59.713 [FXGL Background Thread 3 ] DEBUG Engine               - class com.almasb.fxgl.net.NetService
23:22:59.713 [FXGL Background Thread 3 ] DEBUG Engine               - class com.almasb.fxgl.app.services.UpdaterService
23:22:59.713 [FXGL Background Thread 3 ] DEBUG Engine               - class com.almasb.fxgl.dev.DevService
23:23:09.858 [JavaFX Application Thread] DEBUG FXGLAssetLoaderServi - Loading from file system: file:/C:/Users/josue/OneDrive/Desktop/proyecto%20java/Among%20Us/out/production/Among%20Us/assets/sounds/clickBoton.mp3
23:23:20.984 [JavaFX Application Thread] DEBUG FXGLApplication      - Exiting FXGL
23:23:20.985 [JavaFX Application Thread] DEBUG LoopRunner           - Stopping loop
23:23:20.985 [JavaFX Application Thread] DEBUG SystemBundleService  - Saving FXGL system data
23:23:20.990 [JavaFX Application Thread] DEBUG FileSystemAccess     - Writing to: C:\Users\josue\OneDrive\Desktop\proyecto java\Among Us\system\fxgl.bundle
23:23:20.994 [JavaFX Application Thread] DEBUG Async                - Shutting down background threads
23:23:20.994 [JavaFX Application Thread] DEBUG PrimaryStageWindow   - Closing main window
23:23:21.034 [JavaFX Application Thread] DEBUG Logger               - Closing Logger
