16:36:14.137 [main                     ] DEBUG Logger               - Configured Logger
16:36:14.161 [main                     ] DEBUG GameApplication      - Logging settings
Title: Among Us UNEG
Version: 0.0
Width: 800
Height: 600
Fullscreen: false
Intro: false
Profiling: false
Single step:false
App Mode: DEVELOPER
Menu Key: ESCAPE
Stage Style: DECORATED
Scene Factory: class com.almasb.fxgl.app.scene.SceneFactory

16:36:15.200 [JavaFX Application Thread] DEBUG FXGLApplication      - Initializing FXGL
16:36:15.210 [JavaFX Application Thread] INFO  Engine               - FXGL-21.1 (26.03.2024 17.33) on WINDOWS (J:25.0.2 FX:21.0.1)
16:36:15.211 [JavaFX Application Thread] DEBUG Engine               - JRE Vendor Name: Oracle Corporation
16:36:15.211 [JavaFX Application Thread] DEBUG Engine               - Running on OS: Windows 11 version 10.0
16:36:15.211 [JavaFX Application Thread] DEBUG Engine               - Architecture: amd64
16:36:15.211 [JavaFX Application Thread] INFO  Engine               - Source code and latest versions at: https://github.com/AlmasB/FXGL
16:36:15.211 [JavaFX Application Thread] INFO  Engine               -       Ask questions and discuss at: https://github.com/AlmasB/FXGL/discussions
16:36:15.211 [JavaFX Application Thread] INFO  Engine               -              Join the FXGL chat at: https://gitter.im/AlmasB/FXGL
16:36:15.515 [JavaFX Application Thread] DEBUG PrimaryStageWindow   - Creating a JavaFX scene
16:36:15.636 [JavaFX Application Thread] DEBUG PrimaryStageWindow   - Target settings size: 800.0 x 600.0
16:36:15.637 [JavaFX Application Thread] DEBUG PrimaryStageWindow   - Scaled scene size:    800.0 x 600.0
16:36:15.637 [JavaFX Application Thread] DEBUG PrimaryStageWindow   - Scaled ratio: (1.0, 1.0)
16:36:15.638 [JavaFX Application Thread] DEBUG PrimaryStageWindow   - Set initial scene to FXGLStartupScene
16:36:15.650 [JavaFX Application Thread] DEBUG PrimaryStageWindow   - Opening main window
16:36:15.865 [JavaFX Application Thread] DEBUG PrimaryStageWindow   - Window border size: (16.0, 39.0)
16:36:15.865 [JavaFX Application Thread] DEBUG PrimaryStageWindow   - Scaled size: 800.0 x 600.0
16:36:15.865 [JavaFX Application Thread] DEBUG PrimaryStageWindow   - Scaled ratio: (1.0, 1.0)
16:36:15.865 [JavaFX Application Thread] DEBUG PrimaryStageWindow   - Scene size: 800.0 x 600.0
16:36:15.865 [JavaFX Application Thread] DEBUG PrimaryStageWindow   - Stage size: 816.0 x 639.0
16:36:15.917 [FXGL Background Thread 1 ] DEBUG Engine               - Initializing environment variables
16:36:16.151 [FXGL Background Thread 1 ] DEBUG FXGLAssetLoaderServi - User app class for loading assets: class main.java.amongUs.AppPrincipal
16:36:16.151 [FXGL Background Thread 1 ] DEBUG GameApplicationServi - Applying CSS: fxgl_dark.css
16:36:16.153 [FXGL Background Thread 1 ] DEBUG FXGLAssetLoaderServi - Loading from file system: jar:file:/C:/Users/josue/OneDrive/Desktop/proyecto%20java/Among%20Us/lib/fxgl-21.1-uber.jar!/fxglassets/ui/css/fxgl_dark.css
16:36:16.312 [FXGL Background Thread 1 ] DEBUG GameApplicationServi - Initializing application scenes
16:36:16.430 [FXGL Background Thread 1 ] DEBUG GameWorld            - Game world initialized
16:36:16.589 [FXGL Background Thread 1 ] DEBUG PhysicsWorld         - Physics world initialized: appHeight=600, physics.ppm=50,0
16:36:16.596 [FXGL Background Thread 1 ] DEBUG PhysicsWorld         - Using strategy: BRUTE_FORCE
16:36:16.627 [FXGL Background Thread 1 ] DEBUG GameScene            - Game scene initialized: 800x600
16:36:16.684 [FXGL Background Thread 1 ] DEBUG FXGL.DefaultMenu     - createMenuBodyGameMenu()
16:36:16.747 [FXGL Background Thread 1 ] DEBUG FXGL.DefaultMenu     - createOptionsMenu()
16:36:16.772 [FXGL Background Thread 1 ] DEBUG FXGLAssetLoaderServi - Loading from file system: jar:file:/C:/Users/josue/OneDrive/Desktop/proyecto%20java/Among%20Us/lib/fxgl-21.1-uber.jar!/fxglassets/textures/particles/smoke.png
16:36:17.086 [FXGL Background Thread 1 ] DEBUG FXGLAssetLoaderServi - Loading from file system: jar:file:/C:/Users/josue/OneDrive/Desktop/proyecto%20java/Among%20Us/lib/fxgl-21.1-uber.jar!/fxglassets/textures/particles/trace_horizontal.png
16:36:17.145 [FXGL Background Thread 1 ] DEBUG GameApplicationServi - Application scenes initialized
16:36:17.182 [FXGL Background Thread 1 ] DEBUG SystemBundleService  - Loading FXGL system data
16:36:17.188 [FXGL Background Thread 1 ] DEBUG FileSystemAccess     - Reading from: C:\Users\josue\OneDrive\Desktop\proyecto java\Among Us\system\fxgl.bundle
16:36:17.198 [FXGL Background Thread 1 ] DEBUG SystemBundleService  - Bundle FXGL: {}
16:36:17.198 [FXGL Background Thread 1 ] DEBUG UpdaterService       - Checking for updates
16:36:17.211 [FXGL Background Thread 1 ] DEBUG FXGLApplication      - Loading default localization
16:36:17.212 [FXGL Background Thread 1 ] DEBUG FXGLAssetLoaderServi - Loading from file system: jar:file:/C:/Users/josue/OneDrive/Desktop/proyecto%20java/Among%20Us/lib/fxgl-21.1-uber.jar!/fxglassets/languages/english.lang
16:36:17.237 [FXGL Background Thread 1 ] INFO  FXGLApplication      - FXGL initialization took: 1,321 sec
16:36:17.261 [JavaFX Application Thread] DEBUG Input                - Registered new binding: action0 - W
16:36:17.262 [JavaFX Application Thread] DEBUG Input                - Registered new binding: action1 - S
16:36:17.264 [JavaFX Application Thread] DEBUG Input                - Registered new binding: action2 - A
16:36:17.264 [JavaFX Application Thread] DEBUG Input                - Registered new binding: action3 - D
16:36:17.266 [JavaFX Application Thread] DEBUG FXGLAssetLoaderServi - Loading from file system: file:/C:/Users/josue/OneDrive/Desktop/proyecto%20java/Among%20Us/out/production/Among%20Us/assets/textures/icono.png
16:36:17.463 [FXGL Background Thread 4 ] DEBUG FXGLApplication      - Loading fonts
16:36:17.464 [FXGL Background Thread 4 ] DEBUG FXGLAssetLoaderServi - Loading from file system: jar:file:/C:/Users/josue/OneDrive/Desktop/proyecto%20java/Among%20Us/lib/fxgl-21.1-uber.jar!/fxglassets/ui/fonts/VarelaRound-Regular.ttf
16:36:17.556 [JavaFX Application Thread] DEBUG FXGLAssetLoaderServi - Loading from file system: jar:file:/C:/Users/josue/OneDrive/Desktop/proyecto%20java/Among%20Us/lib/fxgl-21.1-uber.jar!/fxglassets/textures/fxgl_default_cursor.png
16:36:17.569 [JavaFX Application Thread] DEBUG Input                - Registered new binding: Screenshot - CTRL+8
16:36:17.570 [JavaFX Application Thread] DEBUG Input                - Registered new binding: System info dump - CTRL+9
16:36:17.578 [JavaFX Application Thread] DEBUG Input                - Registered new binding: Restart - CTRL+R
16:36:17.581 [JavaFX Application Thread] DEBUG Input                - Registered new binding: Toggle Debug Camera - CTRL+7
16:36:17.588 [JavaFX Application Thread] DEBUG LoopRunner           - Starting loop
16:36:17.588 [JavaFX Application Thread] DEBUG LoopRunner           - Initializing JavaFX AnimationTimerLoop
16:36:17.590 [JavaFX Application Thread] DEBUG GameApplicationServi - Starting new game
16:36:17.617 [JavaFX Application Thread] DEBUG Input                - Clearing active input actions
16:36:17.731 [JavaFX Application Thread] DEBUG GameApplicationServi - Removing overlay from FXGLStartupScene and adding to FXGLLoadingScene
16:36:17.732 [JavaFX Application Thread] DEBUG PrimaryStageWindow   - FXGLStartupScene -> FXGLLoadingScene
16:36:17.733 [JavaFX Application Thread] DEBUG GameApplicationServi - Clearing previous game
16:36:17.733 [JavaFX Application Thread] DEBUG GameScene            - Clearing game scene
16:36:17.734 [JavaFX Application Thread] DEBUG GameWorld            - Clearing game world
16:36:17.735 [JavaFX Application Thread] DEBUG PhysicsWorld         - Clearing physics world
16:36:17.744 [FXGL Background Thread 1 ] DEBUG FXGLApplication      - Initializing game
16:36:17.767 [FXGL Background Thread 1 ] DEBUG FXGLAssetLoaderServi - Loading from file system: file:/C:/Users/josue/OneDrive/Desktop/proyecto%20java/Among%20Us/out/production/Among%20Us/assets/music/musicaMenu.mp3
16:36:18.664 [FXGL Background Thread 1 ] DEBUG AudioPlayer          - Playing music com.almasb.fxgl.audio.Music@4a56ffba
16:36:19.436 [FXGL Background Thread 4 ] DEBUG FXGLAssetLoaderServi - Loading from file system: jar:file:/C:/Users/josue/OneDrive/Desktop/proyecto%20java/Among%20Us/lib/fxgl-21.1-uber.jar!/fxglassets/ui/fonts/Abel-Regular.ttf
16:36:19.464 [FXGL Background Thread 4 ] DEBUG FXGLAssetLoaderServi - Loading from file system: jar:file:/C:/Users/josue/OneDrive/Desktop/proyecto%20java/Among%20Us/lib/fxgl-21.1-uber.jar!/fxglassets/ui/fonts/TerminalLandMono-Regular.otf
16:36:19.487 [FXGL Background Thread 4 ] DEBUG FXGLAssetLoaderServi - Loading from file system: jar:file:/C:/Users/josue/OneDrive/Desktop/proyecto%20java/Among%20Us/lib/fxgl-21.1-uber.jar!/fxglassets/ui/fonts/Courier-Prime.ttf
16:36:19.552 [FXGL Background Thread 1 ] INFO  FXGLApplication      - Game initialization took: 1,807 sec
16:36:20.144 [JavaFX Application Thread] DEBUG FXGLApplication      - Registering font factories with UI factory
16:36:20.150 [JavaFX Application Thread] DEBUG Input                - Clearing active input actions
16:36:20.212 [FXGL Background Thread 3 ] DEBUG Engine               - Logging environment variables
16:36:20.212 [FXGL Background Thread 3 ] DEBUG Engine               - achievements: []
16:36:20.212 [FXGL Background Thread 3 ] DEBUG Engine               - actualHeight: 600.0
16:36:20.213 [FXGL Background Thread 3 ] DEBUG Engine               - actualHeightProperty: ReadOnlyDoubleProperty [value: 600.0]
16:36:20.243 [FXGL Background Thread 3 ] DEBUG Engine               - actualWidth: 800.0
16:36:20.250 [FXGL Background Thread 3 ] DEBUG Engine               - actualWidthProperty: ReadOnlyDoubleProperty [value: 800.0]
16:36:20.250 [FXGL Background Thread 3 ] DEBUG Engine               - appIcon: icono.png
16:36:20.250 [FXGL Background Thread 3 ] DEBUG Engine               - applicationMode: DEVELOPER
16:36:20.250 [FXGL Background Thread 3 ] DEBUG Engine               - cSSList: [fxgl_dark.css]
16:36:20.250 [FXGL Background Thread 3 ] DEBUG Engine               - collisionDetectionStrategy: BRUTE_FORCE
16:36:20.251 [FXGL Background Thread 3 ] DEBUG Engine               - configClass: Optional.empty
16:36:20.256 [FXGL Background Thread 3 ] DEBUG Engine               - credits: []
16:36:20.259 [FXGL Background Thread 3 ] DEBUG Engine               - defaultCursor: CursorInfo(imageName=fxgl_default_cursor.png, hotspotX=7.0, hotspotY=6.0)
16:36:20.285 [FXGL Background Thread 3 ] DEBUG Engine               - devBBoxColorProperty: ObjectProperty [value: 0xff0000ff]
16:36:20.285 [FXGL Background Thread 3 ] DEBUG Engine               - devEnableDebugCameraProperty: BooleanProperty [value: false]
16:36:20.285 [FXGL Background Thread 3 ] DEBUG Engine               - devSensorColorProperty: ObjectProperty [value: 0xffff00ff]
16:36:20.285 [FXGL Background Thread 3 ] DEBUG Engine               - devShowBBoxProperty: BooleanProperty [value: false]
16:36:20.288 [FXGL Background Thread 3 ] DEBUG Engine               - devShowPositionProperty: BooleanProperty [value: false]
16:36:20.288 [FXGL Background Thread 3 ] DEBUG Engine               - enabledMenuItems: []
16:36:20.288 [FXGL Background Thread 3 ] DEBUG Engine               - engineServices: [class com.almasb.fxgl.app.services.FXGLAssetLoaderService, class com.almasb.fxgl.app.FXGLApplication$GameApplicationService, class com.almasb.fxgl.app.services.FXGLDialogService, class com.almasb.fxgl.app.services.IOTaskExecutorService, class com.almasb.fxgl.io.FileSystemService, class com.almasb.fxgl.localization.LocalizationService, class com.almasb.fxgl.app.services.SystemBundleService, class com.almasb.fxgl.profile.SaveLoadService, class com.almasb.fxgl.ui.FXGLUIFactoryServiceProvider, class com.almasb.fxgl.ui.FXGLDialogFactoryServiceProvider, class com.almasb.fxgl.audio.AudioPlayer, class com.almasb.fxgl.notification.impl.NotificationServiceProvider, class com.almasb.fxgl.achievement.AchievementService, class com.almasb.fxgl.cutscene.CutsceneService, class com.almasb.fxgl.minigames.MiniGameService, class com.almasb.fxgl.net.NetService, class com.almasb.fxgl.app.services.UpdaterService, class com.almasb.fxgl.dev.DevService]
16:36:20.288 [FXGL Background Thread 3 ] DEBUG Engine               - fontGame: Abel-Regular.ttf
16:36:20.288 [FXGL Background Thread 3 ] DEBUG Engine               - fontMono: TerminalLandMono-Regular.otf
16:36:20.288 [FXGL Background Thread 3 ] DEBUG Engine               - fontSizeScaleUI: 1.0
16:36:20.288 [FXGL Background Thread 3 ] DEBUG Engine               - fontText: Courier-Prime.ttf
16:36:20.289 [FXGL Background Thread 3 ] DEBUG Engine               - fontUI: VarelaRound-Regular.ttf
16:36:20.289 [FXGL Background Thread 3 ] DEBUG Engine               - fullScreen: BooleanProperty [value: false]
16:36:20.290 [FXGL Background Thread 3 ] DEBUG Engine               - gameDifficulty: MEDIUM
16:36:20.290 [FXGL Background Thread 3 ] DEBUG Engine               - gameDifficultyProperty: ObjectProperty [value: MEDIUM]
16:36:20.290 [FXGL Background Thread 3 ] DEBUG Engine               - globalMusicVolume: 0.5
16:36:20.290 [FXGL Background Thread 3 ] DEBUG Engine               - globalMusicVolumeProperty: DoubleProperty [value: 0.4]
16:36:20.290 [FXGL Background Thread 3 ] DEBUG Engine               - globalSoundVolume: 0.5
16:36:20.290 [FXGL Background Thread 3 ] DEBUG Engine               - globalSoundVolumeProperty: DoubleProperty [value: 0.5]
16:36:20.292 [FXGL Background Thread 3 ] DEBUG Engine               - height: 600
16:36:20.292 [FXGL Background Thread 3 ] DEBUG Engine               - is3D: false
16:36:20.293 [FXGL Background Thread 3 ] DEBUG Engine               - isAndroid: false
16:36:20.293 [FXGL Background Thread 3 ] DEBUG Engine               - isBrowser: false
16:36:20.298 [FXGL Background Thread 3 ] DEBUG Engine               - isClickFeedbackEnabled: false
16:36:20.298 [FXGL Background Thread 3 ] DEBUG Engine               - isCloseConfirmation: false
16:36:20.298 [FXGL Background Thread 3 ] DEBUG Engine               - isDesktop: true
16:36:20.298 [FXGL Background Thread 3 ] DEBUG Engine               - isDeveloperMenuEnabled: false
16:36:20.298 [FXGL Background Thread 3 ] DEBUG Engine               - isEmbedded: false
16:36:20.298 [FXGL Background Thread 3 ] DEBUG Engine               - isEntityPreloadEnabled: true
16:36:20.301 [FXGL Background Thread 3 ] DEBUG Engine               - isExperimentalTiledLargeMap: false
16:36:20.322 [JavaFX Application Thread] DEBUG GameApplicationServi - Removing overlay from FXGLLoadingScene and adding to GameScene
16:36:20.301 [FXGL Background Thread 3 ] DEBUG Engine               - isFileSystemWriteAllowed: true
16:36:20.328 [JavaFX Application Thread] DEBUG PrimaryStageWindow   - FXGLLoadingScene -> GameScene
16:36:20.325 [FXGL Background Thread 3 ] DEBUG Engine               - isFullScreenAllowed: false
16:36:20.335 [FXGL Background Thread 3 ] DEBUG Engine               - isFullScreenFromStart: false
16:36:20.335 [FXGL Background Thread 3 ] DEBUG Engine               - isGameMenuEnabled: true
16:36:20.335 [FXGL Background Thread 3 ] DEBUG Engine               - isIOS: false
16:36:20.335 [FXGL Background Thread 3 ] DEBUG Engine               - isIntroEnabled: false
16:36:20.335 [FXGL Background Thread 3 ] DEBUG Engine               - isLinux: false
16:36:20.336 [FXGL Background Thread 3 ] DEBUG Engine               - isMac: false
16:36:20.336 [FXGL Background Thread 3 ] DEBUG Engine               - isMainMenuEnabled: false
16:36:20.336 [FXGL Background Thread 3 ] DEBUG Engine               - isManualResizeEnabled: false
16:36:20.342 [FXGL Background Thread 3 ] DEBUG Engine               - isMobile: false
16:36:20.342 [FXGL Background Thread 3 ] DEBUG Engine               - isNative: false
16:36:20.342 [FXGL Background Thread 3 ] DEBUG Engine               - isPauseMusicWhenMinimized: true
16:36:20.342 [FXGL Background Thread 3 ] DEBUG Engine               - isPreserveResizeRatio: false
16:36:20.342 [FXGL Background Thread 3 ] DEBUG Engine               - isProfilingEnabled: false
16:36:20.343 [FXGL Background Thread 3 ] DEBUG Engine               - isScaleAffectedOnResize: true
16:36:20.343 [FXGL Background Thread 3 ] DEBUG Engine               - isSingleStep: false
16:36:20.343 [FXGL Background Thread 3 ] DEBUG Engine               - isUserProfileEnabled: false
16:36:20.344 [FXGL Background Thread 3 ] DEBUG Engine               - isWindows: true
16:36:20.344 [FXGL Background Thread 3 ] DEBUG Engine               - language: ObjectProperty [value: ENGLISH]
16:36:20.344 [FXGL Background Thread 3 ] DEBUG Engine               - menuKey: ESCAPE
16:36:20.344 [FXGL Background Thread 3 ] DEBUG Engine               - mouseSensitivity: 0.2
16:36:20.344 [FXGL Background Thread 3 ] DEBUG Engine               - notificationViewClass: class com.almasb.fxgl.notification.view.XboxNotificationView
16:36:20.344 [FXGL Background Thread 3 ] DEBUG Engine               - pixelsPerMeter: 50.0
16:36:20.344 [FXGL Background Thread 3 ] DEBUG Engine               - platform: WINDOWS
16:36:20.344 [FXGL Background Thread 3 ] DEBUG Engine               - prefHeightProperty: ReadOnlyDoubleProperty [value: 600.0]
16:36:20.344 [FXGL Background Thread 3 ] DEBUG Engine               - prefWidthProperty: ReadOnlyDoubleProperty [value: 800.0]
16:36:20.344 [FXGL Background Thread 3 ] DEBUG Engine               - profileDir: profiles/
16:36:20.344 [FXGL Background Thread 3 ] DEBUG Engine               - profileName: StringProperty [value: DEFAULT]
16:36:20.345 [FXGL Background Thread 3 ] DEBUG Engine               - randomSeed: -1
16:36:20.345 [FXGL Background Thread 3 ] DEBUG Engine               - runtimeInfo: RuntimeInfo(platform=WINDOWS, version=21.1, build=26.03.2024 17.33)
16:36:20.345 [FXGL Background Thread 3 ] DEBUG Engine               - saveFileExt: sav
16:36:20.345 [FXGL Background Thread 3 ] DEBUG Engine               - scaledHeightProp$fxgl: DoubleProperty [bound, value: 600.0]
16:36:20.345 [FXGL Background Thread 3 ] DEBUG Engine               - scaledWidthProp$fxgl: DoubleProperty [bound, value: 800.0]
16:36:20.345 [FXGL Background Thread 3 ] DEBUG Engine               - sceneFactory: com.almasb.fxgl.app.scene.SceneFactory@544bc536
16:36:20.345 [FXGL Background Thread 3 ] DEBUG Engine               - secondsIn24h: 60
16:36:20.345 [FXGL Background Thread 3 ] DEBUG Engine               - soundMenuBack: menu/back.wav
16:36:20.345 [FXGL Background Thread 3 ] DEBUG Engine               - soundMenuPress: menu/press.wav
16:36:20.345 [FXGL Background Thread 3 ] DEBUG Engine               - soundMenuSelect: menu/select.wav
16:36:20.345 [FXGL Background Thread 3 ] DEBUG Engine               - soundNotification: core/notification.wav
16:36:20.345 [FXGL Background Thread 3 ] DEBUG Engine               - stageStyle: DECORATED
16:36:20.345 [FXGL Background Thread 3 ] DEBUG Engine               - supportedLanguages: [ENGLISH, FRENCH, GERMAN, HUNGARIAN, RUSSIAN]
16:36:20.346 [FXGL Background Thread 3 ] DEBUG Engine               - ticksPerSecond: -1
16:36:20.346 [FXGL Background Thread 3 ] DEBUG Engine               - title: Among Us UNEG
16:36:20.346 [FXGL Background Thread 3 ] DEBUG Engine               - urlGithub: https://github.com/AlmasB/FXGL
16:36:20.346 [FXGL Background Thread 3 ] DEBUG Engine               - urlLeaderboard: http://fxgl-top.herokuapp.com/
16:36:20.346 [FXGL Background Thread 3 ] DEBUG Engine               - urlPOM: https://raw.githubusercontent.com/AlmasB/FXGL/release/README.md
16:36:20.346 [FXGL Background Thread 3 ] DEBUG Engine               - userAppClass: class main.java.amongUs.AppPrincipal
16:36:20.346 [FXGL Background Thread 3 ] DEBUG Engine               - version: 0.0
16:36:20.346 [FXGL Background Thread 3 ] DEBUG Engine               - versionCheckDays: 7
16:36:20.346 [FXGL Background Thread 3 ] DEBUG Engine               - width: 800
16:36:20.346 [FXGL Background Thread 3 ] DEBUG Engine               - Logging services
16:36:20.346 [FXGL Background Thread 3 ] DEBUG Engine               - class com.almasb.fxgl.app.services.FXGLAssetLoaderService
16:36:20.346 [FXGL Background Thread 3 ] DEBUG Engine               - class com.almasb.fxgl.app.FXGLApplication$GameApplicationService
16:36:20.346 [FXGL Background Thread 3 ] DEBUG Engine               - class com.almasb.fxgl.app.services.FXGLDialogService
16:36:20.346 [FXGL Background Thread 3 ] DEBUG Engine               - class com.almasb.fxgl.app.services.IOTaskExecutorService
16:36:20.346 [FXGL Background Thread 3 ] DEBUG Engine               - class com.almasb.fxgl.io.FileSystemService
16:36:20.346 [FXGL Background Thread 3 ] DEBUG Engine               - class com.almasb.fxgl.localization.LocalizationService
16:36:20.346 [FXGL Background Thread 3 ] DEBUG Engine               - class com.almasb.fxgl.app.services.SystemBundleService
16:36:20.346 [FXGL Background Thread 3 ] DEBUG Engine               - class com.almasb.fxgl.profile.SaveLoadService
16:36:20.346 [FXGL Background Thread 3 ] DEBUG Engine               - class com.almasb.fxgl.ui.FXGLUIFactoryServiceProvider
16:36:20.346 [FXGL Background Thread 3 ] DEBUG Engine               - class com.almasb.fxgl.ui.FXGLDialogFactoryServiceProvider
16:36:20.346 [FXGL Background Thread 3 ] DEBUG Engine               - class com.almasb.fxgl.audio.AudioPlayer
16:36:20.346 [FXGL Background Thread 3 ] DEBUG Engine               - class com.almasb.fxgl.notification.impl.NotificationServiceProvider
16:36:20.346 [FXGL Background Thread 3 ] DEBUG Engine               - class com.almasb.fxgl.achievement.AchievementService
16:36:20.347 [FXGL Background Thread 3 ] DEBUG Engine               - class com.almasb.fxgl.cutscene.CutsceneService
16:36:20.347 [FXGL Background Thread 3 ] DEBUG Engine               - class com.almasb.fxgl.minigames.MiniGameService
16:36:20.347 [FXGL Background Thread 3 ] DEBUG Engine               - class com.almasb.fxgl.net.NetService
16:36:20.347 [FXGL Background Thread 3 ] DEBUG Engine               - class com.almasb.fxgl.app.services.UpdaterService
16:36:20.347 [FXGL Background Thread 3 ] DEBUG Engine               - class com.almasb.fxgl.dev.DevService
16:36:20.625 [FXGL Background Thread 2 ] INFO  UpdaterService       - Your current version:  21.1
16:36:20.625 [FXGL Background Thread 2 ] INFO  UpdaterService       - Latest stable version: 25
16:36:22.523 [JavaFX Application Thread] DEBUG FXGLAssetLoaderServi - Loading from file system: file:/C:/Users/josue/OneDrive/Desktop/proyecto%20java/Among%20Us/out/production/Among%20Us/assets/sounds/clickBoton.wav
16:36:26.095 [JavaFX Application Thread] WARN  TMXLevelLoader       - TiledMap generated from 1.11.2. Supported version: 1.9.0. Some features may not be parsed fully.
16:36:26.860 [JavaFX Application Thread] DEBUG TMXLevelLoader       - Parsed TiledMap: file:/C:/Users/josue/OneDrive/Desktop/proyecto%20java/Among%20Us/out/production/Among%20Us/assets/levels/mapa2.tmx
16:36:26.861 [JavaFX Application Thread] DEBUG TMXLevelLoader       - Creating tile layer entities
16:36:26.872 [JavaFX Application Thread] DEBUG TilesetLoader        - Loading view for layer fondo1
16:36:26.873 [JavaFX Application Thread] DEBUG TilesetLoader        - Created buffer with size 992.0x960.0
16:36:26.876 [JavaFX Application Thread] WARN  TMXLevelLoader       - Parse error
java.lang.IllegalArgumentException: Tileset for gid=337 not found
	at com.almasb.fxgl.entity.level.tiled.TilesetLoader.findTileset(TilesetLoader.kt:418)
	at com.almasb.fxgl.entity.level.tiled.TilesetLoader.loadView(TilesetLoader.kt:117)
	at com.almasb.fxgl.entity.level.tiled.TMXLevelLoader$createTileLayerEntities$1.invoke(TMXLevelLoader.kt:99)
	at com.almasb.fxgl.entity.level.tiled.TMXLevelLoader$createTileLayerEntities$1.invoke(TMXLevelLoader.kt:88)
	at com.almasb.fxgl.entity.level.tiled.TMXLevelLoader.createTileLayerEntities$lambda$3(TMXLevelLoader.kt:88)
	at java.base/java.util.stream.ReferencePipeline$3$1.accept(ReferencePipeline.java:214)
	at java.base/java.util.ArrayList$ArrayListSpliterator.forEachRemaining(ArrayList.java:1716)
	at java.base/java.util.stream.AbstractPipeline.copyInto(AbstractPipeline.java:570)
	at java.base/java.util.stream.AbstractPipeline.wrapAndCopyInto(AbstractPipeline.java:560)
	at java.base/java.util.stream.ReduceOps$ReduceOp.evaluateSequential(ReduceOps.java:921)
	at java.base/java.util.stream.AbstractPipeline.evaluate(AbstractPipeline.java:265)
	at java.base/java.util.stream.ReferencePipeline.collect(ReferencePipeline.java:723)
	at com.almasb.fxgl.entity.level.tiled.TMXLevelLoader.createTileLayerEntities(TMXLevelLoader.kt:116)
	at com.almasb.fxgl.entity.level.tiled.TMXLevelLoader.load(TMXLevelLoader.kt:58)
	at com.almasb.fxgl.app.services.FXGLAssetLoaderService.loadLevel(FXGLAssetLoaderService.kt:449)
	at com.almasb.fxgl.dsl.FXGL$Companion.setLevelFromMap(FXGL.kt:643)
	at com.almasb.fxgl.dsl.FXGL.setLevelFromMap(FXGL.kt)
	at main.java.amongUs.AppPrincipal.empezarPartida(AppPrincipal.java:93)
	at main.java.amongUs.Cliente$1.lambda$received$1(Cliente.java:38)
	at com.sun.javafx.application.PlatformImpl.lambda$runLater$10(PlatformImpl.java:456)
	at java.base/java.security.AccessController.doPrivileged(AccessController.java:138)
	at com.sun.javafx.application.PlatformImpl.lambda$runLater$11(PlatformImpl.java:455)
	at com.sun.glass.ui.InvokeLaterDispatcher$Future.run(InvokeLaterDispatcher.java:95)
	at com.sun.glass.ui.win.WinApplication._runLoop(Native Method)
	at com.sun.glass.ui.win.WinApplication.lambda$runLoop$3(WinApplication.java:185)
	at java.base/java.lang.Thread.run(Thread.java:1474)

16:36:54.178 [JavaFX Application Thread] DEBUG FXGLApplication      - Exiting FXGL
16:36:54.179 [JavaFX Application Thread] DEBUG LoopRunner           - Stopping loop
16:36:54.179 [JavaFX Application Thread] DEBUG SystemBundleService  - Saving FXGL system data
16:36:54.182 [JavaFX Application Thread] DEBUG FileSystemAccess     - Writing to: C:\Users\josue\OneDrive\Desktop\proyecto java\Among Us\system\fxgl.bundle
16:36:54.189 [JavaFX Application Thread] DEBUG Async                - Shutting down background threads
16:36:54.191 [JavaFX Application Thread] DEBUG PrimaryStageWindow   - Closing main window
16:36:54.280 [JavaFX Application Thread] DEBUG Logger               - Closing Logger
