17:08:48.192 [main                     ] DEBUG Logger               - Configured Logger
17:08:48.210 [main                     ] DEBUG GameApplication      - Logging settings
Title: Among Us UNEG
Version: 0.0
Width: 800
Height: 600
Fullscreen: false
Intro: false
Profiling: false
Single step:false
App Mode: DEVELOPER
Menu Key: ESCAPE
Stage Style: DECORATED
Scene Factory: class com.almasb.fxgl.app.scene.SceneFactory

17:08:48.994 [JavaFX Application Thread] DEBUG FXGLApplication      - Initializing FXGL
17:08:48.999 [JavaFX Application Thread] INFO  Engine               - FXGL-21.1 (26.03.2024 17.33) on WINDOWS (J:25.0.2 FX:21.0.1)
17:08:48.999 [JavaFX Application Thread] DEBUG Engine               - JRE Vendor Name: Oracle Corporation
17:08:49.000 [JavaFX Application Thread] DEBUG Engine               - Running on OS: Windows 11 version 10.0
17:08:49.000 [JavaFX Application Thread] DEBUG Engine               - Architecture: amd64
17:08:49.000 [JavaFX Application Thread] INFO  Engine               - Source code and latest versions at: https://github.com/AlmasB/FXGL
17:08:49.000 [JavaFX Application Thread] INFO  Engine               -       Ask questions and discuss at: https://github.com/AlmasB/FXGL/discussions
17:08:49.000 [JavaFX Application Thread] INFO  Engine               -              Join the FXGL chat at: https://gitter.im/AlmasB/FXGL
17:08:49.198 [JavaFX Application Thread] DEBUG PrimaryStageWindow   - Creating a JavaFX scene
17:08:49.321 [JavaFX Application Thread] DEBUG PrimaryStageWindow   - Target settings size: 800.0 x 600.0
17:08:49.322 [JavaFX Application Thread] DEBUG PrimaryStageWindow   - Scaled scene size:    800.0 x 600.0
17:08:49.322 [JavaFX Application Thread] DEBUG PrimaryStageWindow   - Scaled ratio: (1.0, 1.0)
17:08:49.323 [JavaFX Application Thread] DEBUG PrimaryStageWindow   - Set initial scene to FXGLStartupScene
17:08:49.330 [JavaFX Application Thread] DEBUG PrimaryStageWindow   - Opening main window
17:08:49.497 [JavaFX Application Thread] DEBUG PrimaryStageWindow   - Window border size: (16.0, 39.0)
17:08:49.498 [JavaFX Application Thread] DEBUG PrimaryStageWindow   - Scaled size: 800.0 x 600.0
17:08:49.498 [JavaFX Application Thread] DEBUG PrimaryStageWindow   - Scaled ratio: (1.0, 1.0)
17:08:49.500 [JavaFX Application Thread] DEBUG PrimaryStageWindow   - Scene size: 800.0 x 600.0
17:08:49.500 [JavaFX Application Thread] DEBUG PrimaryStageWindow   - Stage size: 816.0 x 639.0
17:08:49.522 [FXGL Background Thread 1 ] DEBUG Engine               - Initializing environment variables
17:08:49.688 [FXGL Background Thread 1 ] DEBUG FXGLAssetLoaderServi - User app class for loading assets: class main.java.amongUs.AppPrincipal
17:08:49.688 [FXGL Background Thread 1 ] DEBUG GameApplicationServi - Applying CSS: fxgl_dark.css
17:08:49.690 [FXGL Background Thread 1 ] DEBUG FXGLAssetLoaderServi - Loading from file system: jar:file:/C:/Users/josue/OneDrive/Desktop/proyecto%20java/Among%20Us/lib/fxgl-21.1-uber.jar!/fxglassets/ui/css/fxgl_dark.css
17:08:49.805 [FXGL Background Thread 1 ] DEBUG GameApplicationServi - Initializing application scenes
17:08:50.076 [FXGL Background Thread 1 ] DEBUG GameWorld            - Game world initialized
17:08:50.155 [FXGL Background Thread 1 ] DEBUG PhysicsWorld         - Physics world initialized: appHeight=600, physics.ppm=50,0
17:08:50.156 [FXGL Background Thread 1 ] DEBUG PhysicsWorld         - Using strategy: BRUTE_FORCE
17:08:50.168 [FXGL Background Thread 1 ] DEBUG GameScene            - Game scene initialized: 800x600
17:08:50.193 [FXGL Background Thread 1 ] DEBUG FXGL.DefaultMenu     - createMenuBodyGameMenu()
17:08:50.224 [FXGL Background Thread 1 ] DEBUG FXGL.DefaultMenu     - createOptionsMenu()
17:08:50.270 [FXGL Background Thread 1 ] DEBUG FXGLAssetLoaderServi - Loading from file system: jar:file:/C:/Users/josue/OneDrive/Desktop/proyecto%20java/Among%20Us/lib/fxgl-21.1-uber.jar!/fxglassets/textures/particles/smoke.png
17:08:50.474 [FXGL Background Thread 1 ] DEBUG FXGLAssetLoaderServi - Loading from file system: jar:file:/C:/Users/josue/OneDrive/Desktop/proyecto%20java/Among%20Us/lib/fxgl-21.1-uber.jar!/fxglassets/textures/particles/trace_horizontal.png
17:08:50.521 [FXGL Background Thread 1 ] DEBUG GameApplicationServi - Application scenes initialized
17:08:50.546 [FXGL Background Thread 1 ] DEBUG SystemBundleService  - Loading FXGL system data
17:08:50.551 [FXGL Background Thread 1 ] DEBUG FileSystemAccess     - Reading from: C:\Users\josue\OneDrive\Desktop\proyecto java\Among Us\system\fxgl.bundle
17:08:50.560 [FXGL Background Thread 1 ] DEBUG SystemBundleService  - Bundle FXGL: {}
17:08:50.561 [FXGL Background Thread 1 ] DEBUG UpdaterService       - Checking for updates
17:08:50.570 [FXGL Background Thread 4 ] DEBUG FXGLApplication      - Loading fonts
17:08:50.570 [FXGL Background Thread 4 ] DEBUG FXGLAssetLoaderServi - Loading from file system: jar:file:/C:/Users/josue/OneDrive/Desktop/proyecto%20java/Among%20Us/lib/fxgl-21.1-uber.jar!/fxglassets/ui/fonts/VarelaRound-Regular.ttf
17:08:50.570 [FXGL Background Thread 1 ] DEBUG FXGLApplication      - Loading default localization
17:08:50.572 [FXGL Background Thread 1 ] DEBUG FXGLAssetLoaderServi - Loading from file system: jar:file:/C:/Users/josue/OneDrive/Desktop/proyecto%20java/Among%20Us/lib/fxgl-21.1-uber.jar!/fxglassets/languages/english.lang
17:08:50.627 [FXGL Background Thread 1 ] INFO  FXGLApplication      - FXGL initialization took: 1,105 sec
17:08:50.670 [JavaFX Application Thread] DEBUG Input                - Registered new binding: action0 - W
17:08:50.676 [JavaFX Application Thread] DEBUG Input                - Registered new binding: action1 - S
17:08:50.680 [JavaFX Application Thread] DEBUG Input                - Registered new binding: action2 - A
17:08:50.688 [JavaFX Application Thread] DEBUG Input                - Registered new binding: action3 - D
17:08:50.721 [JavaFX Application Thread] DEBUG FXGLAssetLoaderServi - Loading from file system: file:/C:/Users/josue/OneDrive/Desktop/proyecto%20java/Among%20Us/out/production/Among%20Us/assets/textures/icono.png
17:08:50.820 [JavaFX Application Thread] DEBUG FXGLAssetLoaderServi - Loading from file system: jar:file:/C:/Users/josue/OneDrive/Desktop/proyecto%20java/Among%20Us/lib/fxgl-21.1-uber.jar!/fxglassets/textures/fxgl_default_cursor.png
17:08:50.827 [JavaFX Application Thread] DEBUG Input                - Registered new binding: Screenshot - CTRL+8
17:08:50.828 [JavaFX Application Thread] DEBUG Input                - Registered new binding: System info dump - CTRL+9
17:08:50.829 [JavaFX Application Thread] DEBUG Input                - Registered new binding: Restart - CTRL+R
17:08:50.832 [JavaFX Application Thread] DEBUG Input                - Registered new binding: Toggle Debug Camera - CTRL+7
17:08:50.838 [JavaFX Application Thread] DEBUG LoopRunner           - Starting loop
17:08:50.838 [JavaFX Application Thread] DEBUG LoopRunner           - Initializing JavaFX AnimationTimerLoop
17:08:50.841 [JavaFX Application Thread] DEBUG GameApplicationServi - Starting new game
17:08:50.841 [JavaFX Application Thread] DEBUG Input                - Clearing active input actions
17:08:50.922 [JavaFX Application Thread] DEBUG GameApplicationServi - Removing overlay from FXGLStartupScene and adding to FXGLLoadingScene
17:08:50.926 [JavaFX Application Thread] DEBUG PrimaryStageWindow   - FXGLStartupScene -> FXGLLoadingScene
17:08:50.927 [JavaFX Application Thread] DEBUG GameApplicationServi - Clearing previous game
17:08:50.927 [JavaFX Application Thread] DEBUG GameScene            - Clearing game scene
17:08:50.928 [JavaFX Application Thread] DEBUG GameWorld            - Clearing game world
17:08:50.928 [JavaFX Application Thread] DEBUG PhysicsWorld         - Clearing physics world
17:08:50.937 [FXGL Background Thread 1 ] DEBUG FXGLApplication      - Initializing game
17:08:50.956 [FXGL Background Thread 1 ] DEBUG FXGLAssetLoaderServi - Loading from file system: file:/C:/Users/josue/OneDrive/Desktop/proyecto%20java/Among%20Us/out/production/Among%20Us/assets/music/musicaMenu.mp3
17:08:51.401 [FXGL Background Thread 1 ] DEBUG AudioPlayer          - Playing music com.almasb.fxgl.audio.Music@3033d007
17:08:52.232 [FXGL Background Thread 1 ] INFO  FXGLApplication      - Game initialization took: 1,293 sec
17:08:52.234 [JavaFX Application Thread] DEBUG Input                - Clearing active input actions
17:08:52.259 [JavaFX Application Thread] DEBUG GameApplicationServi - Removing overlay from FXGLLoadingScene and adding to GameScene
17:08:52.261 [JavaFX Application Thread] DEBUG PrimaryStageWindow   - FXGLLoadingScene -> GameScene
17:08:52.487 [FXGL Background Thread 4 ] DEBUG FXGLAssetLoaderServi - Loading from file system: jar:file:/C:/Users/josue/OneDrive/Desktop/proyecto%20java/Among%20Us/lib/fxgl-21.1-uber.jar!/fxglassets/ui/fonts/Abel-Regular.ttf
17:08:52.496 [FXGL Background Thread 4 ] DEBUG FXGLAssetLoaderServi - Loading from file system: jar:file:/C:/Users/josue/OneDrive/Desktop/proyecto%20java/Among%20Us/lib/fxgl-21.1-uber.jar!/fxglassets/ui/fonts/TerminalLandMono-Regular.otf
17:08:52.502 [FXGL Background Thread 4 ] DEBUG FXGLAssetLoaderServi - Loading from file system: jar:file:/C:/Users/josue/OneDrive/Desktop/proyecto%20java/Among%20Us/lib/fxgl-21.1-uber.jar!/fxglassets/ui/fonts/Courier-Prime.ttf
17:08:52.524 [JavaFX Application Thread] DEBUG FXGLApplication      - Registering font factories with UI factory
17:08:53.224 [JavaFX Application Thread] DEBUG FXGLAssetLoaderServi - Loading from file system: file:/C:/Users/josue/OneDrive/Desktop/proyecto%20java/Among%20Us/out/production/Among%20Us/assets/sounds/clickBoton.wav
17:08:53.757 [FXGL Background Thread 3 ] DEBUG Engine               - Logging environment variables
17:08:53.758 [FXGL Background Thread 3 ] DEBUG Engine               - achievements: []
17:08:53.758 [FXGL Background Thread 3 ] DEBUG Engine               - actualHeight: 600.0
17:08:53.758 [FXGL Background Thread 3 ] DEBUG Engine               - actualHeightProperty: ReadOnlyDoubleProperty [value: 600.0]
17:08:53.761 [FXGL Background Thread 3 ] DEBUG Engine               - actualWidth: 800.0
17:08:53.761 [FXGL Background Thread 3 ] DEBUG Engine               - actualWidthProperty: ReadOnlyDoubleProperty [value: 800.0]
17:08:53.761 [FXGL Background Thread 3 ] DEBUG Engine               - appIcon: icono.png
17:08:53.761 [FXGL Background Thread 3 ] DEBUG Engine               - applicationMode: DEVELOPER
17:08:53.771 [FXGL Background Thread 3 ] DEBUG Engine               - cSSList: [fxgl_dark.css]
17:08:53.783 [FXGL Background Thread 3 ] DEBUG Engine               - collisionDetectionStrategy: BRUTE_FORCE
17:08:53.860 [FXGL Background Thread 3 ] DEBUG Engine               - configClass: Optional.empty
17:08:53.861 [FXGL Background Thread 3 ] DEBUG Engine               - credits: []
17:08:53.867 [FXGL Background Thread 3 ] DEBUG Engine               - defaultCursor: CursorInfo(imageName=fxgl_default_cursor.png, hotspotX=7.0, hotspotY=6.0)
17:08:53.867 [FXGL Background Thread 3 ] DEBUG Engine               - devBBoxColorProperty: ObjectProperty [value: 0xff0000ff]
17:08:53.867 [FXGL Background Thread 3 ] DEBUG Engine               - devEnableDebugCameraProperty: BooleanProperty [value: false]
17:08:53.867 [FXGL Background Thread 3 ] DEBUG Engine               - devSensorColorProperty: ObjectProperty [value: 0xffff00ff]
17:08:53.867 [FXGL Background Thread 3 ] DEBUG Engine               - devShowBBoxProperty: BooleanProperty [value: false]
17:08:53.867 [FXGL Background Thread 3 ] DEBUG Engine               - devShowPositionProperty: BooleanProperty [value: false]
17:08:53.868 [FXGL Background Thread 3 ] DEBUG Engine               - enabledMenuItems: []
17:08:53.871 [FXGL Background Thread 3 ] DEBUG Engine               - engineServices: [class com.almasb.fxgl.app.services.FXGLAssetLoaderService, class com.almasb.fxgl.app.FXGLApplication$GameApplicationService, class com.almasb.fxgl.app.services.FXGLDialogService, class com.almasb.fxgl.app.services.IOTaskExecutorService, class com.almasb.fxgl.io.FileSystemService, class com.almasb.fxgl.localization.LocalizationService, class com.almasb.fxgl.app.services.SystemBundleService, class com.almasb.fxgl.profile.SaveLoadService, class com.almasb.fxgl.ui.FXGLUIFactoryServiceProvider, class com.almasb.fxgl.ui.FXGLDialogFactoryServiceProvider, class com.almasb.fxgl.audio.AudioPlayer, class com.almasb.fxgl.notification.impl.NotificationServiceProvider, class com.almasb.fxgl.achievement.AchievementService, class com.almasb.fxgl.cutscene.CutsceneService, class com.almasb.fxgl.minigames.MiniGameService, class com.almasb.fxgl.net.NetService, class com.almasb.fxgl.app.services.UpdaterService, class com.almasb.fxgl.dev.DevService]
17:08:53.871 [FXGL Background Thread 3 ] DEBUG Engine               - fontGame: Abel-Regular.ttf
17:08:53.871 [FXGL Background Thread 3 ] DEBUG Engine               - fontMono: TerminalLandMono-Regular.otf
17:08:53.875 [FXGL Background Thread 3 ] DEBUG Engine               - fontSizeScaleUI: 1.0
17:08:53.875 [FXGL Background Thread 3 ] DEBUG Engine               - fontText: Courier-Prime.ttf
17:08:53.875 [FXGL Background Thread 3 ] DEBUG Engine               - fontUI: VarelaRound-Regular.ttf
17:08:53.875 [FXGL Background Thread 3 ] DEBUG Engine               - fullScreen: BooleanProperty [value: false]
17:08:53.876 [FXGL Background Thread 3 ] DEBUG Engine               - gameDifficulty: MEDIUM
17:08:53.876 [FXGL Background Thread 3 ] DEBUG Engine               - gameDifficultyProperty: ObjectProperty [value: MEDIUM]
17:08:53.876 [FXGL Background Thread 3 ] DEBUG Engine               - globalMusicVolume: 0.5
17:08:53.876 [FXGL Background Thread 3 ] DEBUG Engine               - globalMusicVolumeProperty: DoubleProperty [value: 0.4]
17:08:53.878 [FXGL Background Thread 3 ] DEBUG Engine               - globalSoundVolume: 0.5
17:08:53.878 [FXGL Background Thread 3 ] DEBUG Engine               - globalSoundVolumeProperty: DoubleProperty [value: 0.5]
17:08:53.878 [FXGL Background Thread 3 ] DEBUG Engine               - height: 600
17:08:53.878 [FXGL Background Thread 3 ] DEBUG Engine               - is3D: false
17:08:53.963 [FXGL Background Thread 3 ] DEBUG Engine               - isAndroid: false
17:08:53.963 [FXGL Background Thread 3 ] DEBUG Engine               - isBrowser: false
17:08:53.963 [FXGL Background Thread 3 ] DEBUG Engine               - isClickFeedbackEnabled: false
17:08:53.981 [FXGL Background Thread 3 ] DEBUG Engine               - isCloseConfirmation: false
17:08:53.981 [FXGL Background Thread 3 ] DEBUG Engine               - isDesktop: true
17:08:53.981 [FXGL Background Thread 3 ] DEBUG Engine               - isDeveloperMenuEnabled: false
17:08:53.981 [FXGL Background Thread 3 ] DEBUG Engine               - isEmbedded: false
17:08:53.981 [FXGL Background Thread 3 ] DEBUG Engine               - isEntityPreloadEnabled: true
17:08:53.984 [FXGL Background Thread 3 ] DEBUG Engine               - isExperimentalTiledLargeMap: false
17:08:53.985 [FXGL Background Thread 3 ] DEBUG Engine               - isFileSystemWriteAllowed: true
17:08:53.985 [FXGL Background Thread 3 ] DEBUG Engine               - isFullScreenAllowed: false
17:08:53.985 [FXGL Background Thread 3 ] DEBUG Engine               - isFullScreenFromStart: false
17:08:53.985 [FXGL Background Thread 3 ] DEBUG Engine               - isGameMenuEnabled: true
17:08:53.985 [FXGL Background Thread 3 ] DEBUG Engine               - isIOS: false
17:08:53.985 [FXGL Background Thread 3 ] DEBUG Engine               - isIntroEnabled: false
17:08:53.986 [FXGL Background Thread 3 ] DEBUG Engine               - isLinux: false
17:08:53.989 [FXGL Background Thread 3 ] DEBUG Engine               - isMac: false
17:08:53.989 [FXGL Background Thread 3 ] DEBUG Engine               - isMainMenuEnabled: false
17:08:54.000 [FXGL Background Thread 3 ] DEBUG Engine               - isManualResizeEnabled: false
17:08:54.003 [FXGL Background Thread 3 ] DEBUG Engine               - isMobile: false
17:08:54.004 [FXGL Background Thread 3 ] DEBUG Engine               - isNative: false
17:08:54.004 [FXGL Background Thread 3 ] DEBUG Engine               - isPauseMusicWhenMinimized: true
17:08:54.004 [FXGL Background Thread 3 ] DEBUG Engine               - isPreserveResizeRatio: false
17:08:54.004 [FXGL Background Thread 3 ] DEBUG Engine               - isProfilingEnabled: false
17:08:54.004 [FXGL Background Thread 3 ] DEBUG Engine               - isScaleAffectedOnResize: true
17:08:54.004 [FXGL Background Thread 3 ] DEBUG Engine               - isSingleStep: false
17:08:54.004 [FXGL Background Thread 3 ] DEBUG Engine               - isUserProfileEnabled: false
17:08:54.004 [FXGL Background Thread 3 ] DEBUG Engine               - isWindows: true
17:08:54.004 [FXGL Background Thread 3 ] DEBUG Engine               - language: ObjectProperty [value: ENGLISH]
17:08:54.004 [FXGL Background Thread 3 ] DEBUG Engine               - menuKey: ESCAPE
17:08:54.004 [FXGL Background Thread 3 ] DEBUG Engine               - mouseSensitivity: 0.2
17:08:54.007 [FXGL Background Thread 3 ] DEBUG Engine               - notificationViewClass: class com.almasb.fxgl.notification.view.XboxNotificationView
17:08:54.007 [FXGL Background Thread 3 ] DEBUG Engine               - pixelsPerMeter: 50.0
17:08:54.007 [FXGL Background Thread 3 ] DEBUG Engine               - platform: WINDOWS
17:08:54.007 [FXGL Background Thread 3 ] DEBUG Engine               - prefHeightProperty: ReadOnlyDoubleProperty [value: 600.0]
17:08:54.008 [FXGL Background Thread 3 ] DEBUG Engine               - prefWidthProperty: ReadOnlyDoubleProperty [value: 800.0]
17:08:54.009 [FXGL Background Thread 3 ] DEBUG Engine               - profileDir: profiles/
17:08:54.009 [FXGL Background Thread 3 ] DEBUG Engine               - profileName: StringProperty [value: DEFAULT]
17:08:54.010 [FXGL Background Thread 3 ] DEBUG Engine               - randomSeed: -1
17:08:54.014 [FXGL Background Thread 3 ] DEBUG Engine               - runtimeInfo: RuntimeInfo(platform=WINDOWS, version=21.1, build=26.03.2024 17.33)
17:08:54.014 [FXGL Background Thread 3 ] DEBUG Engine               - saveFileExt: sav
17:08:54.014 [FXGL Background Thread 3 ] DEBUG Engine               - scaledHeightProp$fxgl: DoubleProperty [bound, value: 600.0]
17:08:54.014 [FXGL Background Thread 3 ] DEBUG Engine               - scaledWidthProp$fxgl: DoubleProperty [bound, value: 800.0]
17:08:54.014 [FXGL Background Thread 3 ] DEBUG Engine               - sceneFactory: com.almasb.fxgl.app.scene.SceneFactory@501aadc
17:08:54.014 [FXGL Background Thread 3 ] DEBUG Engine               - secondsIn24h: 60
17:08:54.014 [FXGL Background Thread 3 ] DEBUG Engine               - soundMenuBack: menu/back.wav
17:08:54.014 [FXGL Background Thread 3 ] DEBUG Engine               - soundMenuPress: menu/press.wav
17:08:54.014 [FXGL Background Thread 3 ] DEBUG Engine               - soundMenuSelect: menu/select.wav
17:08:54.014 [FXGL Background Thread 3 ] DEBUG Engine               - soundNotification: core/notification.wav
17:08:54.014 [FXGL Background Thread 3 ] DEBUG Engine               - stageStyle: DECORATED
17:08:54.014 [FXGL Background Thread 3 ] DEBUG Engine               - supportedLanguages: [ENGLISH, FRENCH, GERMAN, HUNGARIAN, RUSSIAN]
17:08:54.014 [FXGL Background Thread 3 ] DEBUG Engine               - ticksPerSecond: -1
17:08:54.014 [FXGL Background Thread 3 ] DEBUG Engine               - title: Among Us UNEG
17:08:54.015 [FXGL Background Thread 3 ] DEBUG Engine               - urlGithub: https://github.com/AlmasB/FXGL
17:08:54.015 [FXGL Background Thread 3 ] DEBUG Engine               - urlLeaderboard: http://fxgl-top.herokuapp.com/
17:08:54.020 [FXGL Background Thread 3 ] DEBUG Engine               - urlPOM: https://raw.githubusercontent.com/AlmasB/FXGL/release/README.md
17:08:54.020 [FXGL Background Thread 3 ] DEBUG Engine               - userAppClass: class main.java.amongUs.AppPrincipal
17:08:54.020 [FXGL Background Thread 3 ] DEBUG Engine               - version: 0.0
17:08:54.020 [FXGL Background Thread 3 ] DEBUG Engine               - versionCheckDays: 7
17:08:54.024 [FXGL Background Thread 3 ] DEBUG Engine               - width: 800
17:08:54.024 [FXGL Background Thread 3 ] DEBUG Engine               - Logging services
17:08:54.024 [FXGL Background Thread 3 ] DEBUG Engine               - class com.almasb.fxgl.app.services.FXGLAssetLoaderService
17:08:54.024 [FXGL Background Thread 3 ] DEBUG Engine               - class com.almasb.fxgl.app.FXGLApplication$GameApplicationService
17:08:54.024 [FXGL Background Thread 3 ] DEBUG Engine               - class com.almasb.fxgl.app.services.FXGLDialogService
17:08:54.024 [FXGL Background Thread 3 ] DEBUG Engine               - class com.almasb.fxgl.app.services.IOTaskExecutorService
17:08:54.025 [FXGL Background Thread 3 ] DEBUG Engine               - class com.almasb.fxgl.io.FileSystemService
17:08:54.025 [FXGL Background Thread 3 ] DEBUG Engine               - class com.almasb.fxgl.localization.LocalizationService
17:08:54.025 [FXGL Background Thread 3 ] DEBUG Engine               - class com.almasb.fxgl.app.services.SystemBundleService
17:08:54.025 [FXGL Background Thread 3 ] DEBUG Engine               - class com.almasb.fxgl.profile.SaveLoadService
17:08:54.025 [FXGL Background Thread 3 ] DEBUG Engine               - class com.almasb.fxgl.ui.FXGLUIFactoryServiceProvider
17:08:54.025 [FXGL Background Thread 3 ] DEBUG Engine               - class com.almasb.fxgl.ui.FXGLDialogFactoryServiceProvider
17:08:54.025 [FXGL Background Thread 3 ] DEBUG Engine               - class com.almasb.fxgl.audio.AudioPlayer
17:08:54.025 [FXGL Background Thread 3 ] DEBUG Engine               - class com.almasb.fxgl.notification.impl.NotificationServiceProvider
17:08:54.025 [FXGL Background Thread 3 ] DEBUG Engine               - class com.almasb.fxgl.achievement.AchievementService
17:08:54.025 [FXGL Background Thread 3 ] DEBUG Engine               - class com.almasb.fxgl.cutscene.CutsceneService
17:08:54.025 [FXGL Background Thread 3 ] DEBUG Engine               - class com.almasb.fxgl.minigames.MiniGameService
17:08:54.025 [FXGL Background Thread 3 ] DEBUG Engine               - class com.almasb.fxgl.net.NetService
17:08:54.025 [FXGL Background Thread 3 ] DEBUG Engine               - class com.almasb.fxgl.app.services.UpdaterService
17:08:54.025 [FXGL Background Thread 3 ] DEBUG Engine               - class com.almasb.fxgl.dev.DevService
17:08:54.332 [FXGL Background Thread 2 ] INFO  UpdaterService       - Your current version:  21.1
17:08:54.333 [FXGL Background Thread 2 ] INFO  UpdaterService       - Latest stable version: 25
17:08:58.821 [JavaFX Application Thread] WARN  TMXLevelLoader       - TiledMap generated from 1.11.2. Supported version: 1.9.0. Some features may not be parsed fully.
17:08:58.919 [JavaFX Application Thread] DEBUG TMXLevelLoader       - Parsed TiledMap: file:/C:/Users/josue/OneDrive/Desktop/proyecto%20java/Among%20Us/out/production/Among%20Us/assets/levels/mapa2.tmx
17:08:58.921 [JavaFX Application Thread] DEBUG TMXLevelLoader       - Creating tile layer entities
17:08:58.925 [JavaFX Application Thread] DEBUG TilesetLoader        - Loading view for layer fondo1
17:08:58.926 [JavaFX Application Thread] DEBUG TilesetLoader        - Created buffer with size 992.0x960.0
17:08:58.929 [JavaFX Application Thread] WARN  TMXLevelLoader       - Parse error
java.lang.IllegalArgumentException: Tileset for gid=337 not found
	at com.almasb.fxgl.entity.level.tiled.TilesetLoader.findTileset(TilesetLoader.kt:418)
	at com.almasb.fxgl.entity.level.tiled.TilesetLoader.loadView(TilesetLoader.kt:117)
	at com.almasb.fxgl.entity.level.tiled.TMXLevelLoader$createTileLayerEntities$1.invoke(TMXLevelLoader.kt:99)
	at com.almasb.fxgl.entity.level.tiled.TMXLevelLoader$createTileLayerEntities$1.invoke(TMXLevelLoader.kt:88)
	at com.almasb.fxgl.entity.level.tiled.TMXLevelLoader.createTileLayerEntities$lambda$3(TMXLevelLoader.kt:88)
	at java.base/java.util.stream.ReferencePipeline$3$1.accept(ReferencePipeline.java:214)
	at java.base/java.util.ArrayList$ArrayListSpliterator.forEachRemaining(ArrayList.java:1716)
	at java.base/java.util.stream.AbstractPipeline.copyInto(AbstractPipeline.java:570)
	at java.base/java.util.stream.AbstractPipeline.wrapAndCopyInto(AbstractPipeline.java:560)
	at java.base/java.util.stream.ReduceOps$ReduceOp.evaluateSequential(ReduceOps.java:921)
	at java.base/java.util.stream.AbstractPipeline.evaluate(AbstractPipeline.java:265)
	at java.base/java.util.stream.ReferencePipeline.collect(ReferencePipeline.java:723)
	at com.almasb.fxgl.entity.level.tiled.TMXLevelLoader.createTileLayerEntities(TMXLevelLoader.kt:116)
	at com.almasb.fxgl.entity.level.tiled.TMXLevelLoader.load(TMXLevelLoader.kt:58)
	at com.almasb.fxgl.app.services.FXGLAssetLoaderService.loadLevel(FXGLAssetLoaderService.kt:449)
	at com.almasb.fxgl.dsl.FXGL$Companion.setLevelFromMap(FXGL.kt:643)
	at com.almasb.fxgl.dsl.FXGL.setLevelFromMap(FXGL.kt)
	at main.java.amongUs.AppPrincipal.empezarPartida(AppPrincipal.java:93)
	at main.java.amongUs.Cliente$1.lambda$received$1(Cliente.java:38)
	at com.sun.javafx.application.PlatformImpl.lambda$runLater$10(PlatformImpl.java:456)
	at java.base/java.security.AccessController.doPrivileged(AccessController.java:138)
	at com.sun.javafx.application.PlatformImpl.lambda$runLater$11(PlatformImpl.java:455)
	at com.sun.glass.ui.InvokeLaterDispatcher$Future.run(InvokeLaterDispatcher.java:95)
	at com.sun.glass.ui.win.WinApplication._runLoop(Native Method)
	at com.sun.glass.ui.win.WinApplication.lambda$runLoop$3(WinApplication.java:185)
	at java.base/java.lang.Thread.run(Thread.java:1474)

17:09:00.992 [JavaFX Application Thread] DEBUG FXGLApplication      - Exiting FXGL
17:09:00.994 [JavaFX Application Thread] DEBUG LoopRunner           - Stopping loop
17:09:00.994 [JavaFX Application Thread] DEBUG SystemBundleService  - Saving FXGL system data
17:09:00.997 [JavaFX Application Thread] DEBUG FileSystemAccess     - Writing to: C:\Users\josue\OneDrive\Desktop\proyecto java\Among Us\system\fxgl.bundle
17:09:01.004 [JavaFX Application Thread] DEBUG Async                - Shutting down background threads
17:09:01.004 [JavaFX Application Thread] DEBUG PrimaryStageWindow   - Closing main window
17:09:01.035 [JavaFX Application Thread] DEBUG Logger               - Closing Logger
