19:49:43.431 [main                     ] DEBUG Logger               - Configured Logger
19:49:43.443 [main                     ] DEBUG GameApplication      - Logging settings
Title: Among Us - Java Edition
Version: 0.0
Width: 800
Height: 600
Fullscreen: false
Intro: false
Profiling: false
Single step:false
App Mode: DEVELOPER
Menu Key: ESCAPE
Stage Style: DECORATED
Scene Factory: class com.almasb.fxgl.app.scene.SceneFactory

19:49:44.049 [JavaFX Application Thread] DEBUG FXGLApplication      - Initializing FXGL
19:49:44.052 [JavaFX Application Thread] INFO  Engine               - FXGL-21.1 (26.03.2024 17.33) on WINDOWS (J:25.0.2 FX:21.0.1)
19:49:44.052 [JavaFX Application Thread] DEBUG Engine               - JRE Vendor Name: Oracle Corporation
19:49:44.052 [JavaFX Application Thread] DEBUG Engine               - Running on OS: Windows 11 version 10.0
19:49:44.052 [JavaFX Application Thread] DEBUG Engine               - Architecture: amd64
19:49:44.052 [JavaFX Application Thread] INFO  Engine               - Source code and latest versions at: https://github.com/AlmasB/FXGL
19:49:44.052 [JavaFX Application Thread] INFO  Engine               -       Ask questions and discuss at: https://github.com/AlmasB/FXGL/discussions
19:49:44.052 [JavaFX Application Thread] INFO  Engine               -              Join the FXGL chat at: https://gitter.im/AlmasB/FXGL
19:49:44.164 [JavaFX Application Thread] DEBUG PrimaryStageWindow   - Creating a JavaFX scene
19:49:44.208 [JavaFX Application Thread] DEBUG PrimaryStageWindow   - Target settings size: 800.0 x 600.0
19:49:44.208 [JavaFX Application Thread] DEBUG PrimaryStageWindow   - Scaled scene size:    800.0 x 600.0
19:49:44.209 [JavaFX Application Thread] DEBUG PrimaryStageWindow   - Scaled ratio: (1.0, 1.0)
19:49:44.209 [JavaFX Application Thread] DEBUG PrimaryStageWindow   - Set initial scene to FXGLStartupScene
19:49:44.214 [JavaFX Application Thread] DEBUG PrimaryStageWindow   - Opening main window
19:49:44.332 [JavaFX Application Thread] DEBUG PrimaryStageWindow   - Window border size: (14.66668701171875, 37.33331298828125)
19:49:44.333 [JavaFX Application Thread] DEBUG PrimaryStageWindow   - Scaled size: 800.0 x 600.0
19:49:44.333 [JavaFX Application Thread] DEBUG PrimaryStageWindow   - Scaled ratio: (1.0, 1.0)
19:49:44.334 [JavaFX Application Thread] DEBUG PrimaryStageWindow   - Scene size: 800.0 x 600.0
19:49:44.334 [JavaFX Application Thread] DEBUG PrimaryStageWindow   - Stage size: 814.6666870117188 x 637.3333129882812
19:49:44.350 [FXGL Background Thread 1 ] DEBUG Engine               - Initializing environment variables
19:49:44.465 [FXGL Background Thread 1 ] DEBUG FXGLAssetLoaderServi - User app class for loading assets: class main.java.amongUs.AppPrincipal
19:49:44.465 [FXGL Background Thread 1 ] DEBUG GameApplicationServi - Applying CSS: fxgl_dark.css
19:49:44.466 [FXGL Background Thread 1 ] DEBUG FXGLAssetLoaderServi - Loading from file system: jar:file:/C:/Users/nicol/Desktop/amongu/lib/fxgl-21.1-uber.jar!/fxglassets/ui/css/fxgl_dark.css
19:49:44.512 [FXGL Background Thread 1 ] DEBUG GameApplicationServi - Initializing application scenes
19:49:44.547 [FXGL Background Thread 1 ] DEBUG GameWorld            - Game world initialized
19:49:44.596 [FXGL Background Thread 1 ] DEBUG PhysicsWorld         - Physics world initialized: appHeight=600, physics.ppm=50,0
19:49:44.596 [FXGL Background Thread 1 ] DEBUG PhysicsWorld         - Using strategy: BRUTE_FORCE
19:49:44.600 [FXGL Background Thread 1 ] DEBUG GameScene            - Game scene initialized: 800x600
19:49:44.619 [FXGL Background Thread 1 ] DEBUG FXGL.DefaultMenu     - createMenuBodyGameMenu()
19:49:44.635 [FXGL Background Thread 1 ] DEBUG FXGL.DefaultMenu     - createOptionsMenu()
19:49:44.649 [FXGL Background Thread 1 ] DEBUG FXGLAssetLoaderServi - Loading from file system: jar:file:/C:/Users/nicol/Desktop/amongu/lib/fxgl-21.1-uber.jar!/fxglassets/textures/particles/smoke.png
19:49:44.742 [FXGL Background Thread 1 ] DEBUG FXGLAssetLoaderServi - Loading from file system: jar:file:/C:/Users/nicol/Desktop/amongu/lib/fxgl-21.1-uber.jar!/fxglassets/textures/particles/trace_horizontal.png
19:49:44.761 [FXGL Background Thread 1 ] DEBUG GameApplicationServi - Application scenes initialized
19:49:44.775 [FXGL Background Thread 1 ] DEBUG SystemBundleService  - Loading FXGL system data
19:49:44.778 [FXGL Background Thread 1 ] DEBUG FileSystemAccess     - Reading from: C:\Users\nicol\Desktop\amongu\system\fxgl.bundle
19:49:44.782 [FXGL Background Thread 1 ] DEBUG SystemBundleService  - Bundle FXGL: {}
19:49:44.782 [FXGL Background Thread 1 ] DEBUG UpdaterService       - Checking for updates
19:49:44.784 [FXGL Background Thread 4 ] DEBUG FXGLApplication      - Loading fonts
19:49:44.786 [FXGL Background Thread 4 ] DEBUG FXGLAssetLoaderServi - Loading from file system: jar:file:/C:/Users/nicol/Desktop/amongu/lib/fxgl-21.1-uber.jar!/fxglassets/ui/fonts/VarelaRound-Regular.ttf
19:49:44.786 [FXGL Background Thread 1 ] DEBUG FXGLApplication      - Loading default localization
19:49:44.786 [FXGL Background Thread 1 ] DEBUG FXGLAssetLoaderServi - Loading from file system: jar:file:/C:/Users/nicol/Desktop/amongu/lib/fxgl-21.1-uber.jar!/fxglassets/languages/english.lang
19:49:44.803 [FXGL Background Thread 1 ] INFO  FXGLApplication      - FXGL initialization took: 0,453 sec
19:49:44.805 [JavaFX Application Thread] DEBUG FXGLAssetLoaderServi - Loading from file system: jar:file:/C:/Users/nicol/Desktop/amongu/lib/fxgl-21.1-uber.jar!/fxglassets/textures/fxgl_icon.png
19:49:44.830 [JavaFX Application Thread] DEBUG FXGLAssetLoaderServi - Loading from file system: jar:file:/C:/Users/nicol/Desktop/amongu/lib/fxgl-21.1-uber.jar!/fxglassets/textures/fxgl_default_cursor.png
19:49:44.831 [FXGL Background Thread 4 ] DEBUG FXGLAssetLoaderServi - Loading from file system: jar:file:/C:/Users/nicol/Desktop/amongu/lib/fxgl-21.1-uber.jar!/fxglassets/ui/fonts/Abel-Regular.ttf
19:49:44.837 [FXGL Background Thread 4 ] DEBUG FXGLAssetLoaderServi - Loading from file system: jar:file:/C:/Users/nicol/Desktop/amongu/lib/fxgl-21.1-uber.jar!/fxglassets/ui/fonts/TerminalLandMono-Regular.otf
19:49:44.842 [JavaFX Application Thread] DEBUG Input                - Registered new binding: Screenshot - CTRL+8
19:49:44.842 [FXGL Background Thread 4 ] DEBUG FXGLAssetLoaderServi - Loading from file system: jar:file:/C:/Users/nicol/Desktop/amongu/lib/fxgl-21.1-uber.jar!/fxglassets/ui/fonts/Courier-Prime.ttf
19:49:44.842 [JavaFX Application Thread] DEBUG Input                - Registered new binding: System info dump - CTRL+9
19:49:44.843 [JavaFX Application Thread] DEBUG Input                - Registered new binding: Restart - CTRL+R
19:49:44.845 [JavaFX Application Thread] DEBUG Input                - Registered new binding: Toggle Debug Camera - CTRL+7
19:49:44.849 [JavaFX Application Thread] DEBUG LoopRunner           - Starting loop
19:49:44.849 [JavaFX Application Thread] DEBUG LoopRunner           - Initializing JavaFX AnimationTimerLoop
19:49:44.851 [JavaFX Application Thread] DEBUG GameApplicationServi - Starting new game
19:49:44.852 [JavaFX Application Thread] DEBUG Input                - Clearing active input actions
19:49:44.865 [JavaFX Application Thread] DEBUG GameApplicationServi - Removing overlay from FXGLStartupScene and adding to FXGLLoadingScene
19:49:44.865 [JavaFX Application Thread] DEBUG PrimaryStageWindow   - FXGLStartupScene -> FXGLLoadingScene
19:49:44.865 [JavaFX Application Thread] DEBUG GameApplicationServi - Clearing previous game
19:49:44.865 [JavaFX Application Thread] DEBUG GameScene            - Clearing game scene
19:49:44.865 [JavaFX Application Thread] DEBUG GameWorld            - Clearing game world
19:49:44.865 [JavaFX Application Thread] DEBUG PhysicsWorld         - Clearing physics world
19:49:44.868 [FXGL Background Thread 4 ] DEBUG FXGLApplication      - Initializing game
19:49:44.868 [JavaFX Application Thread] DEBUG FXGLApplication      - Registering font factories with UI factory
19:49:44.876 [FXGL Background Thread 4 ] WARN  FXGLAssetLoaderServi - Asset "/assets/levels/mapa2.tmx" was not found!
19:49:44.876 [FXGL Background Thread 4 ] WARN  FXGLAssetLoaderServi - Asset "/assets/levels/mapa2.tmx" was not found!
19:49:44.909 [JavaFX Application Thread] DEBUG LoopRunner           - Stopping loop
19:49:44.911 [JavaFX Application Thread] FATAL FXGLApplication      - Uncaught Exception:
java.lang.RuntimeException: Initialization failed
	at com.almasb.fxgl.app.FXGLApplication$InitAppTask.failed(FXGLApplication.kt:347)
	at javafx.concurrent.Task.setState(Task.java:710)
	at javafx.concurrent.Task$TaskCallable.lambda$call$2(Task.java:1429)
	at com.sun.javafx.application.PlatformImpl.lambda$runLater$10(PlatformImpl.java:456)
	at java.base/java.security.AccessController.doPrivileged(AccessController.java:138)
	at com.sun.javafx.application.PlatformImpl.lambda$runLater$11(PlatformImpl.java:455)
	at com.sun.glass.ui.InvokeLaterDispatcher$Future.run(InvokeLaterDispatcher.java:95)
	at com.sun.glass.ui.win.WinApplication._runLoop(Native Method)
	at com.sun.glass.ui.win.WinApplication.lambda$runLoop$3(WinApplication.java:185)
	at java.base/java.lang.Thread.run(Thread.java:1474)
Caused by: java.lang.IllegalArgumentException: Loading level failed. Asset not found: mapa2.tmx
	at com.almasb.fxgl.app.services.FXGLAssetLoaderService.loadLevel(FXGLAssetLoaderService.kt:446)
	at com.almasb.fxgl.dsl.FXGL$Companion.setLevelFromMap(FXGL.kt:643)
	at com.almasb.fxgl.dsl.FXGL.setLevelFromMap(FXGL.kt)
	at main.java.amongUs.AppPrincipal.initGame(AppPrincipal.java:50)
	at com.almasb.fxgl.app.FXGLApplication$InitAppTask.initGame(FXGLApplication.kt:343)
	at com.almasb.fxgl.app.FXGLApplication$InitAppTask.call(FXGLApplication.kt:321)
	at com.almasb.fxgl.app.FXGLApplication$InitAppTask.call(FXGLApplication.kt:313)
	at javafx.concurrent.Task$TaskCallable.call(Task.java:1399)
	at java.base/java.util.concurrent.FutureTask.run(FutureTask.java:328)
	at java.base/java.util.concurrent.Executors$RunnableAdapter.call(Executors.java:545)
	at java.base/java.util.concurrent.FutureTask.run(FutureTask.java:328)
	at java.base/java.util.concurrent.ThreadPoolExecutor.runWorker(ThreadPoolExecutor.java:1090)
	at java.base/java.util.concurrent.ThreadPoolExecutor$Worker.run(ThreadPoolExecutor.java:614)
	... 1 more

19:49:44.911 [JavaFX Application Thread] FATAL FXGLApplication      - Application will now exit
19:49:44.938 [JavaFX Application Thread] DEBUG PrimaryStageWindow   - Push state: ErrorSubScene
19:49:44.938 [JavaFX Application Thread] DEBUG Input                - Clearing active input actions
19:49:44.946 [JavaFX Application Thread] DEBUG GameApplicationServi - Removing overlay from FXGLLoadingScene and adding to ErrorSubScene
19:49:44.946 [JavaFX Application Thread] DEBUG PrimaryStageWindow   - FXGLLoadingScene -> ErrorSubScene
19:49:45.437 [FXGL Background Thread 2 ] INFO  UpdaterService       - Your current version:  21.1
19:49:45.438 [FXGL Background Thread 2 ] INFO  UpdaterService       - Latest stable version: 25
19:49:47.785 [FXGL Background Thread 3 ] DEBUG Engine               - Logging environment variables
19:49:47.785 [FXGL Background Thread 3 ] DEBUG Engine               - achievements: []
19:49:47.785 [FXGL Background Thread 3 ] DEBUG Engine               - actualHeight: 600.0
19:49:47.785 [FXGL Background Thread 3 ] DEBUG Engine               - actualHeightProperty: ReadOnlyDoubleProperty [value: 600.0]
19:49:47.786 [FXGL Background Thread 3 ] DEBUG Engine               - actualWidth: 800.0
19:49:47.786 [FXGL Background Thread 3 ] DEBUG Engine               - actualWidthProperty: ReadOnlyDoubleProperty [value: 800.0]
19:49:47.786 [FXGL Background Thread 3 ] DEBUG Engine               - appIcon: fxgl_icon.png
19:49:47.786 [FXGL Background Thread 3 ] DEBUG Engine               - applicationMode: DEVELOPER
19:49:47.786 [FXGL Background Thread 3 ] DEBUG Engine               - cSSList: [fxgl_dark.css]
19:49:47.786 [FXGL Background Thread 3 ] DEBUG Engine               - collisionDetectionStrategy: BRUTE_FORCE
19:49:47.786 [FXGL Background Thread 3 ] DEBUG Engine               - configClass: Optional.empty
19:49:47.786 [FXGL Background Thread 3 ] DEBUG Engine               - credits: []
19:49:47.787 [FXGL Background Thread 3 ] DEBUG Engine               - defaultCursor: CursorInfo(imageName=fxgl_default_cursor.png, hotspotX=7.0, hotspotY=6.0)
19:49:47.787 [FXGL Background Thread 3 ] DEBUG Engine               - devBBoxColorProperty: ObjectProperty [value: 0xff0000ff]
19:49:47.787 [FXGL Background Thread 3 ] DEBUG Engine               - devEnableDebugCameraProperty: BooleanProperty [value: false]
19:49:47.787 [FXGL Background Thread 3 ] DEBUG Engine               - devSensorColorProperty: ObjectProperty [value: 0xffff00ff]
19:49:47.787 [FXGL Background Thread 3 ] DEBUG Engine               - devShowBBoxProperty: BooleanProperty [value: false]
19:49:47.787 [FXGL Background Thread 3 ] DEBUG Engine               - devShowPositionProperty: BooleanProperty [value: false]
19:49:47.787 [FXGL Background Thread 3 ] DEBUG Engine               - enabledMenuItems: []
19:49:47.787 [FXGL Background Thread 3 ] DEBUG Engine               - engineServices: [class com.almasb.fxgl.app.services.FXGLAssetLoaderService, class com.almasb.fxgl.app.FXGLApplication$GameApplicationService, class com.almasb.fxgl.app.services.FXGLDialogService, class com.almasb.fxgl.app.services.IOTaskExecutorService, class com.almasb.fxgl.io.FileSystemService, class com.almasb.fxgl.localization.LocalizationService, class com.almasb.fxgl.app.services.SystemBundleService, class com.almasb.fxgl.profile.SaveLoadService, class com.almasb.fxgl.ui.FXGLUIFactoryServiceProvider, class com.almasb.fxgl.ui.FXGLDialogFactoryServiceProvider, class com.almasb.fxgl.audio.AudioPlayer, class com.almasb.fxgl.notification.impl.NotificationServiceProvider, class com.almasb.fxgl.achievement.AchievementService, class com.almasb.fxgl.cutscene.CutsceneService, class com.almasb.fxgl.minigames.MiniGameService, class com.almasb.fxgl.net.NetService, class com.almasb.fxgl.app.services.UpdaterService, class com.almasb.fxgl.dev.DevService]
19:49:47.787 [FXGL Background Thread 3 ] DEBUG Engine               - fontGame: Abel-Regular.ttf
19:49:47.787 [FXGL Background Thread 3 ] DEBUG Engine               - fontMono: TerminalLandMono-Regular.otf
19:49:47.787 [FXGL Background Thread 3 ] DEBUG Engine               - fontSizeScaleUI: 1.0
19:49:47.787 [FXGL Background Thread 3 ] DEBUG Engine               - fontText: Courier-Prime.ttf
19:49:47.787 [FXGL Background Thread 3 ] DEBUG Engine               - fontUI: VarelaRound-Regular.ttf
19:49:47.787 [FXGL Background Thread 3 ] DEBUG Engine               - fullScreen: BooleanProperty [value: false]
19:49:47.787 [FXGL Background Thread 3 ] DEBUG Engine               - gameDifficulty: MEDIUM
19:49:47.789 [FXGL Background Thread 3 ] DEBUG Engine               - gameDifficultyProperty: ObjectProperty [value: MEDIUM]
19:49:47.789 [FXGL Background Thread 3 ] DEBUG Engine               - globalMusicVolume: 0.5
19:49:47.789 [FXGL Background Thread 3 ] DEBUG Engine               - globalMusicVolumeProperty: DoubleProperty [value: 0.5]
19:49:47.789 [FXGL Background Thread 3 ] DEBUG Engine               - globalSoundVolume: 0.5
19:49:47.789 [FXGL Background Thread 3 ] DEBUG Engine               - globalSoundVolumeProperty: DoubleProperty [value: 0.5]
19:49:47.789 [FXGL Background Thread 3 ] DEBUG Engine               - height: 600
19:49:47.789 [FXGL Background Thread 3 ] DEBUG Engine               - is3D: false
19:49:47.789 [FXGL Background Thread 3 ] DEBUG Engine               - isAndroid: false
19:49:47.789 [FXGL Background Thread 3 ] DEBUG Engine               - isBrowser: false
19:49:47.789 [FXGL Background Thread 3 ] DEBUG Engine               - isClickFeedbackEnabled: false
19:49:47.789 [FXGL Background Thread 3 ] DEBUG Engine               - isCloseConfirmation: false
19:49:47.789 [FXGL Background Thread 3 ] DEBUG Engine               - isDesktop: true
19:49:47.789 [FXGL Background Thread 3 ] DEBUG Engine               - isDeveloperMenuEnabled: false
19:49:47.790 [FXGL Background Thread 3 ] DEBUG Engine               - isEmbedded: false
19:49:47.790 [FXGL Background Thread 3 ] DEBUG Engine               - isEntityPreloadEnabled: true
19:49:47.790 [FXGL Background Thread 3 ] DEBUG Engine               - isExperimentalTiledLargeMap: false
19:49:47.790 [FXGL Background Thread 3 ] DEBUG Engine               - isFileSystemWriteAllowed: true
19:49:47.790 [FXGL Background Thread 3 ] DEBUG Engine               - isFullScreenAllowed: false
19:49:47.790 [FXGL Background Thread 3 ] DEBUG Engine               - isFullScreenFromStart: false
19:49:47.790 [FXGL Background Thread 3 ] DEBUG Engine               - isGameMenuEnabled: true
19:49:47.790 [FXGL Background Thread 3 ] DEBUG Engine               - isIOS: false
19:49:47.790 [FXGL Background Thread 3 ] DEBUG Engine               - isIntroEnabled: false
19:49:47.790 [FXGL Background Thread 3 ] DEBUG Engine               - isLinux: false
19:49:47.790 [FXGL Background Thread 3 ] DEBUG Engine               - isMac: false
19:49:47.790 [FXGL Background Thread 3 ] DEBUG Engine               - isMainMenuEnabled: false
19:49:47.790 [FXGL Background Thread 3 ] DEBUG Engine               - isManualResizeEnabled: false
19:49:47.791 [FXGL Background Thread 3 ] DEBUG Engine               - isMobile: false
19:49:47.791 [FXGL Background Thread 3 ] DEBUG Engine               - isNative: false
19:49:47.791 [FXGL Background Thread 3 ] DEBUG Engine               - isPauseMusicWhenMinimized: true
19:49:47.791 [FXGL Background Thread 3 ] DEBUG Engine               - isPreserveResizeRatio: false
19:49:47.791 [FXGL Background Thread 3 ] DEBUG Engine               - isProfilingEnabled: false
19:49:47.791 [FXGL Background Thread 3 ] DEBUG Engine               - isScaleAffectedOnResize: true
19:49:47.791 [FXGL Background Thread 3 ] DEBUG Engine               - isSingleStep: false
19:49:47.791 [FXGL Background Thread 3 ] DEBUG Engine               - isUserProfileEnabled: false
19:49:47.791 [FXGL Background Thread 3 ] DEBUG Engine               - isWindows: true
19:49:47.791 [FXGL Background Thread 3 ] DEBUG Engine               - language: ObjectProperty [value: ENGLISH]
19:49:47.791 [FXGL Background Thread 3 ] DEBUG Engine               - menuKey: ESCAPE
19:49:47.791 [FXGL Background Thread 3 ] DEBUG Engine               - mouseSensitivity: 0.2
19:49:47.791 [FXGL Background Thread 3 ] DEBUG Engine               - notificationViewClass: class com.almasb.fxgl.notification.view.XboxNotificationView
19:49:47.791 [FXGL Background Thread 3 ] DEBUG Engine               - pixelsPerMeter: 50.0
19:49:47.791 [FXGL Background Thread 3 ] DEBUG Engine               - platform: WINDOWS
19:49:47.791 [FXGL Background Thread 3 ] DEBUG Engine               - prefHeightProperty: ReadOnlyDoubleProperty [value: 600.0]
19:49:47.791 [FXGL Background Thread 3 ] DEBUG Engine               - prefWidthProperty: ReadOnlyDoubleProperty [value: 800.0]
19:49:47.791 [FXGL Background Thread 3 ] DEBUG Engine               - profileDir: profiles/
19:49:47.791 [FXGL Background Thread 3 ] DEBUG Engine               - profileName: StringProperty [value: DEFAULT]
19:49:47.791 [FXGL Background Thread 3 ] DEBUG Engine               - randomSeed: -1
19:49:47.791 [FXGL Background Thread 3 ] DEBUG Engine               - runtimeInfo: RuntimeInfo(platform=WINDOWS, version=21.1, build=26.03.2024 17.33)
19:49:47.791 [FXGL Background Thread 3 ] DEBUG Engine               - saveFileExt: sav
19:49:47.793 [FXGL Background Thread 3 ] DEBUG Engine               - scaledHeightProp$fxgl: DoubleProperty [bound, value: 600.0]
19:49:47.793 [FXGL Background Thread 3 ] DEBUG Engine               - scaledWidthProp$fxgl: DoubleProperty [bound, value: 800.0]
19:49:47.793 [FXGL Background Thread 3 ] DEBUG Engine               - sceneFactory: com.almasb.fxgl.app.scene.SceneFactory@26d17f21
19:49:47.793 [FXGL Background Thread 3 ] DEBUG Engine               - secondsIn24h: 60
19:49:47.793 [FXGL Background Thread 3 ] DEBUG Engine               - soundMenuBack: menu/back.wav
19:49:47.793 [FXGL Background Thread 3 ] DEBUG Engine               - soundMenuPress: menu/press.wav
19:49:47.793 [FXGL Background Thread 3 ] DEBUG Engine               - soundMenuSelect: menu/select.wav
19:49:47.793 [FXGL Background Thread 3 ] DEBUG Engine               - soundNotification: core/notification.wav
19:49:47.794 [FXGL Background Thread 3 ] DEBUG Engine               - stageStyle: DECORATED
19:49:47.794 [FXGL Background Thread 3 ] DEBUG Engine               - supportedLanguages: [ENGLISH, FRENCH, GERMAN, HUNGARIAN, RUSSIAN]
19:49:47.794 [FXGL Background Thread 3 ] DEBUG Engine               - ticksPerSecond: -1
19:49:47.794 [FXGL Background Thread 3 ] DEBUG Engine               - title: Among Us - Java Edition
19:49:47.794 [FXGL Background Thread 3 ] DEBUG Engine               - urlGithub: https://github.com/AlmasB/FXGL
19:49:47.795 [FXGL Background Thread 3 ] DEBUG Engine               - urlLeaderboard: http://fxgl-top.herokuapp.com/
19:49:47.795 [FXGL Background Thread 3 ] DEBUG Engine               - urlPOM: https://raw.githubusercontent.com/AlmasB/FXGL/release/README.md
19:49:47.795 [FXGL Background Thread 3 ] DEBUG Engine               - userAppClass: class main.java.amongUs.AppPrincipal
19:49:47.795 [FXGL Background Thread 3 ] DEBUG Engine               - version: 0.0
19:49:47.795 [FXGL Background Thread 3 ] DEBUG Engine               - versionCheckDays: 7
19:49:47.795 [FXGL Background Thread 3 ] DEBUG Engine               - width: 800
19:49:47.795 [FXGL Background Thread 3 ] DEBUG Engine               - Logging services
19:49:47.795 [FXGL Background Thread 3 ] DEBUG Engine               - class com.almasb.fxgl.app.services.FXGLAssetLoaderService
19:49:47.795 [FXGL Background Thread 3 ] DEBUG Engine               - class com.almasb.fxgl.app.FXGLApplication$GameApplicationService
19:49:47.795 [FXGL Background Thread 3 ] DEBUG Engine               - class com.almasb.fxgl.app.services.FXGLDialogService
19:49:47.795 [FXGL Background Thread 3 ] DEBUG Engine               - class com.almasb.fxgl.app.services.IOTaskExecutorService
19:49:47.795 [FXGL Background Thread 3 ] DEBUG Engine               - class com.almasb.fxgl.io.FileSystemService
19:49:47.796 [FXGL Background Thread 3 ] DEBUG Engine               - class com.almasb.fxgl.localization.LocalizationService
19:49:47.796 [FXGL Background Thread 3 ] DEBUG Engine               - class com.almasb.fxgl.app.services.SystemBundleService
19:49:47.796 [FXGL Background Thread 3 ] DEBUG Engine               - class com.almasb.fxgl.profile.SaveLoadService
19:49:47.796 [FXGL Background Thread 3 ] DEBUG Engine               - class com.almasb.fxgl.ui.FXGLUIFactoryServiceProvider
19:49:47.796 [FXGL Background Thread 3 ] DEBUG Engine               - class com.almasb.fxgl.ui.FXGLDialogFactoryServiceProvider
19:49:47.797 [FXGL Background Thread 3 ] DEBUG Engine               - class com.almasb.fxgl.audio.AudioPlayer
19:49:47.797 [FXGL Background Thread 3 ] DEBUG Engine               - class com.almasb.fxgl.notification.impl.NotificationServiceProvider
19:49:47.797 [FXGL Background Thread 3 ] DEBUG Engine               - class com.almasb.fxgl.achievement.AchievementService
19:49:47.797 [FXGL Background Thread 3 ] DEBUG Engine               - class com.almasb.fxgl.cutscene.CutsceneService
19:49:47.797 [FXGL Background Thread 3 ] DEBUG Engine               - class com.almasb.fxgl.minigames.MiniGameService
19:49:47.797 [FXGL Background Thread 3 ] DEBUG Engine               - class com.almasb.fxgl.net.NetService
19:49:47.797 [FXGL Background Thread 3 ] DEBUG Engine               - class com.almasb.fxgl.app.services.UpdaterService
19:49:47.797 [FXGL Background Thread 3 ] DEBUG Engine               - class com.almasb.fxgl.dev.DevService
19:49:49.515 [JavaFX Application Thread] DEBUG FXGLApplication      - Exiting FXGL
19:49:49.515 [JavaFX Application Thread] DEBUG Async                - Shutting down background threads
19:49:49.516 [JavaFX Application Thread] DEBUG PrimaryStageWindow   - Closing main window
19:49:49.587 [JavaFX Application Thread] DEBUG Logger               - Closing Logger
